1
      *** PROGRAM TRVMC95 ***


                              * INPUT DATA *


       Z1        M1          E0       ALPHA       EF        ESB      SHEATH     ERC
     18.00     39.95       583.00      0.00      0.10      0.00   1749.00      4.70

       NH        RI           X0        RD        CW        CA       KK0   KK0R   KDEE1  KDEE2  IPOT   IPOTR   IRL
   9999999 716381.00         0.00    100.00      2.00      1.00       2      2      3      3      1      1      3


             DX      RHO    CK  Z(,1) Z(,2) Z(,3) Z(,4) Z(,5)  M(,1)  M(,2)  M(,3)  M(,4)  M(,5) C(,1) C(,2) C(,3) C(,4) C(,5)

 1.LAYER 10000.00   2.25   1.00    6.    0.    0.    0.    0.  12.01   0.00   0.00   0.00   0.00 1.000 0.000 0.000 0.000 0.000


                           ***  SBE(LAYER,ELEMENT)  ***     ***     ED(LAYER,ELEMENT)     ***     ***   BE(LAYER,ELEMENT)  ***

 1.LAYER                   7.41  0.00  0.00  0.00  0.00     30.00   0.00   0.00   0.00   0.00     0.10  0.00  0.00  0.00  0.00


       INTERACTION POTENTIAL : PROJECTILE-TARGET : KR-C POTENTIAL     TARGET-TARGET : KR-C POTENTIAL    


       INELASTIC LOSS MODEL  : PROJECTILE-TARGET : 50% LS 50% OR      TARGET-TARGET : 50% LS 50% OR     
1

                              * OUTPUT DATA *


                 HLM       HLMT        SU       SUT        XC        RT       SFE      INEL         L        LJ
               0.0000 10000.000    3.5029 10003.503   -3.5029  9900.000      7.41         0         1         1


                NPROJ       KIB       KIT      MAXA      NALL       NPA       NSA       KIS      KIST
              2065627         0         0       2991071471545 103651771 580558547   6036140         0


            EPS0(I)       Z2(I)       M2(I)     ARHO(I)       LM(I)     PMAX(I)     ASIG(I)       SB(I)       XX(I)        NJ(I)

 1.LAYER   0.1143E-01  0.6000E+01  0.1201E+02  0.1128E+00  0.2070E+01  0.1168E+01  0.2335E+00  0.7410E+01  0.1000E+05         1


             A1(1)   A1(2)   A1(3)   A1(4)   A1(5)   A1(6)   A1(7)   A1(8)   A1(9)  A1(10)  A1(11)  A1(12)  A1(13)  A1(14)  A1(15)

           0.13193


           KOR1(1) KOR1(2) KOR1(3) KOR1(4) KOR1(5) KOR1(6) KOR1(7) KOR1(8) KOR1(9) KOR1(A) KOR1(B) KOR1(C) KOR1(D) KOR1(E) KOR1(F)

           0.73577


            A(I,1)  A(I,2)  A(I,3)  A(I,4)  A(I,5)  A(I,6)  A(I,7)  A(I,8)  A(I,9) A(I,10) A(I,11) A(I,12) A(I,13) A(I,14) A(I,15)

           0.16242


           KOR(,1) KOR(,2) KOR(,3) KOR(,4) KOR(,5) KOR(,6) KOR(,7) KOR(,8) KOR(,9) KOR(,A) KOR(,B) KOR(,C) KOR(,D) KOR(,E) KOR(,F)

           0.46963
1

         IMPLANTED PARTICLES=9999999     ENERGY=0.5830E+10 EV
     BACKSCATTERED PARTICLES=      0     ENERGY=0.0000E+00 EV
       TRANSMITTED PARTICLES=      0     ENERGY=0.0000E+00 EV
     BACKSPUTTERED PARTICLES=1534268     ENERGY=0.1730E+08 EV
    TRANSM. SPUTT. PARTICLES=      0     ENERGY=0.0000E+00 EV


  PROJECTILES :   MEAN NUMBER OF ELASTIC COLLISIONS =     11.5   MEAN NUMBER OF EL.COLL.(E > EDISPL.) =    4.528
                                                                 MEAN NUMBER OF EL.COLL.(E > SB(1))   =    9.896

                       MEAN        VARIANCE      SKEWNESS      KURTOSIS        SIGMA       ERROR 1.M     ERROR 2.M     ERROR 3.M 
  PENETRATION       1.8388E+01    2.4763E+01    3.4290E-01    2.8956E+00    4.9763E+00    1.5736E-03    1.0782E-02    6.9161E-04
       SPREAD       6.3615E+00    1.1732E+01    6.8904E-01    3.3327E+00    3.4252E+00    1.0831E-03    5.6664E-03    8.0568E-04
   PATHLENGTH       2.1966E+01    2.8081E+01    2.6586E-01    2.8223E+00    5.2991E+00    1.6757E-03    1.1987E-02    6.6982E-04
 ELASTIC LOSS       5.5573E+02    6.2820E+01                                7.9259E+00    7.9259E-07
   INEL. LOSS       2.7271E+01    6.2820E+01                                7.9259E+00    7.9259E-07

                       MEAN        VARIANCE      SKEWNESS      KURTOSIS        SIGMA       ERROR 1.M     ERROR 2.M     ERROR 3.M 
   ELAST.LOSS       4.3475E+01    3.2791E+03    2.7784E+00    1.2138E+01    5.7264E+01    5.3335E-03    1.0193E+00    4.7410E-04
 WEAK EL.LOSS       4.7338E+00    7.0078E+00    5.6839E-01    2.7459E+00    2.6472E+00    2.4656E-04    8.6244E-04    1.5614E-04
 INELAST.LOSS       2.3657E+00    2.1688E+00   -9.3272E-03    1.6566E+00    1.4727E+00    1.3716E-04    1.6368E-04    1.4095E-04
  SUBTHR.LOSS       1.3648E+01    6.1333E+01    1.1944E-01    2.1878E+00    7.8316E+00    9.3612E-04    7.9902E-03    1.5672E-04

                     1.MOMENT      2.MOMENT      3.MOMENT      4.MOMENT      5.MOMENT      6.MOMENT 
  PENETRATION       1.8388E+01    3.6290E+02    7.6261E+03    1.6946E+05    3.9576E+06    9.6638E+07



  RECOILES (PER PROJ.)   :   MEAN NUMBER OF ELASTIC COLLISIONS =    103.8   MEAN NUMBER OF EL.COLL.(E > EDISPL.) =      3.493
                                                                            MEAN NUMBER OF EL.COLL.(E > SB(1))   =     30.548

  RECOILES (PER KNOCKON) :   MEAN NUMBER OF ELASTIC COLLISIONS =    1.517   MEAN NUMBER OF EL.COLL.(E > EDISPL.) =      0.051
                                                                            MEAN NUMBER OF EL.COLL.(E > SB(1))   =      0.446

1


     DEPTH(A)  PARTICLES  NORM.DEPTH PATHLENGTH   INLOSS(EV)  TELOSS(EV)  ELLOSS(EV)  DAMAGE(EV)  PHONON(EV)  CASCAD(EV)     DPA

    -SU-    0.         0  0.0000E+00
     0.-    2.         0  0.0000E+00         0    4.1853E+07  8.0796E+08  7.7445E+08  7.0561E+08  6.8843E+07  6.0395E+08 5635778
     2.-    4.        26  0.2600E-05         0    4.1199E+07  7.6743E+08  7.2925E+08  6.5816E+08  7.1098E+07  5.6493E+08 5776609
     4.-    6.      2998  0.2998E-03         0    3.7619E+07  7.2251E+08  6.7831E+08  6.0199E+08  7.6325E+07  5.1828E+08 5879288
     6.-    8.     53372  0.5337E-02       784    3.3662E+07  6.6899E+08  6.1799E+08  5.3344E+08  8.4555E+07  4.6065E+08 5813718
     8.-   10.    252203  0.2522E-01     18863    2.9411E+07  6.0492E+08  5.4741E+08  4.5272E+08  9.4689E+07  3.9208E+08 5482569
    10.-   12.    627300  0.6273E-01    115326    2.4838E+07  5.2810E+08  4.6658E+08  3.6394E+08  1.0264E+08  3.1601E+08 4846308
    12.-   14.   1061264  0.1061E+00    352300    2.0066E+07  4.3946E+08  3.7832E+08  2.7435E+08  1.0396E+08  2.3878E+08 3979751
    14.-   16.   1399711  0.1400E+00    708905    1.5368E+07  3.4551E+08  2.8957E+08  1.9259E+08  9.6979E+07  1.6796E+08 3011681
    16.-   18.   1547916  0.1548E+00   1085738    1.1080E+07  2.5458E+08  2.0768E+08  1.2488E+08  8.2801E+07  1.0911E+08 2089812
    18.-   20.   1481573  0.1482E+00   1368084    7.4757E+06  1.7499E+08  1.3898E+08  7.4432E+07  6.4545E+07  6.5140E+07 1322165
    20.-   22.   1257830  0.1258E+00   1489314    4.6961E+06  1.1147E+08  8.6192E+07  4.0375E+07  4.5816E+07  3.5388E+07  758621
    22.-   24.    948052  0.9481E-01   1426486    2.7337E+06  6.5625E+07  4.9433E+07  1.9856E+07  2.9577E+07  1.7426E+07  391822
    24.-   26.    634589  0.6346E-01   1213445    1.4661E+06  3.5490E+07  2.6061E+07  8.8132E+06  1.7248E+07  7.7437E+06  181926
    26.-   28.    379223  0.3792E-01    915369    7.2066E+05  1.7553E+07  1.2583E+07  3.5053E+06  9.0772E+06  3.0831E+06   75317
    28.-   30.    201783  0.2018E-01    613716    3.2191E+05  7.8625E+06  5.5027E+06  1.2264E+06  4.2762E+06  1.0798E+06   27417
    30.-   32.     94144  0.9414E-02    365885    1.3028E+05  3.1806E+06  2.1768E+06  3.7928E+05  1.7975E+06  3.3427E+05    8833
    32.-   34.     38662  0.3866E-02    189844    4.6970E+04  1.1453E+06  7.6706E+05  9.9471E+04  6.6759E+05  8.7712E+04    2367
    34.-   36.     13871  0.1387E-02     86284    1.4924E+04  3.6224E+05  2.3747E+05  2.1546E+04  2.1592E+05  1.9022E+04     540
    36.-   38.      4143  0.4143E-03     34176    4.2253E+03  1.0212E+05  6.6147E+04  5.2761E+03  6.0871E+04  4.6608E+03     135
    38.-   40.      1057  0.1057E-03     11311    1.0183E+03  2.4545E+04  1.5731E+04  9.1577E+02  1.4815E+04  8.0800E+02      22
    40.-   42.       235  0.2350E-04      3176    2.0920E+02  4.9355E+03  3.0499E+03  0.0000E+00  3.0499E+03  0.0000E+00       0
    42.-   44.        42  0.4200E-05       802    3.4842E+01  8.0914E+02  4.9822E+02  0.0000E+00  4.9822E+02  0.0000E+00       0
    44.-   46.         5  0.5000E-06       166    3.6516E+00  7.8313E+01  4.7001E+01  0.0000E+00  4.7001E+01  0.0000E+00       0
    46.-   48.         0  0.0000E+00        23    2.5308E-01  5.1250E+00  3.4621E+00  0.0000E+00  3.4621E+00  0.0000E+00       0
    48.-   50.         0  0.0000E+00         2    0.0000E+00  0.0000E+00  0.0000E+00  0.0000E+00  0.0000E+00  0.0000E+00       0
    50.-   52.         0  0.0000E+00         0    0.0000E+00  0.0000E+00  0.0000E+00  0.0000E+00  0.0000E+00  0.0000E+00       0
    52.-   54.         0  0.0000E+00         0    0.0000E+00  0.0000E+00  0.0000E+00  0.0000E+00  0.0000E+00  0.0000E+00       0
    54.-   56.         0  0.0000E+00         0    0.0000E+00  0.0000E+00  0.0000E+00  0.0000E+00  0.0000E+00  0.0000E+00       0
    56.-   58.         0  0.0000E+00         0    0.0000E+00  0.0000E+00  0.0000E+00  0.0000E+00  0.0000E+00  0.0000E+00       0
    58.-   60.         0  0.0000E+00         0    0.0000E+00  0.0000E+00  0.0000E+00  0.0000E+00  0.0000E+00  0.0000E+00       0
    60.-   62.         0  0.0000E+00         0    0.0000E+00  0.0000E+00  0.0000E+00  0.0000E+00  0.0000E+00  0.0000E+00       0
    62.-   64.         0  0.0000E+00         0    0.0000E+00  0.0000E+00  0.0000E+00  0.0000E+00  0.0000E+00  0.0000E+00       0
    64.-   66.         0  0.0000E+00         0    0.0000E+00  0.0000E+00  0.0000E+00  0.0000E+00  0.0000E+00  0.0000E+00       0
    66.-   68.         0  0.0000E+00         0    0.0000E+00  0.0000E+00  0.0000E+00  0.0000E+00  0.0000E+00  0.0000E+00       0
    68.-   70.         0  0.0000E+00         0    0.0000E+00  0.0000E+00  0.0000E+00  0.0000E+00  0.0000E+00  0.0000E+00       0
    70.-   72.         0  0.0000E+00         0    0.0000E+00  0.0000E+00  0.0000E+00  0.0000E+00  0.0000E+00  0.0000E+00       0
    72.-   74.         0  0.0000E+00         0    0.0000E+00  0.0000E+00  0.0000E+00  0.0000E+00  0.0000E+00  0.0000E+00       0
    74.-   76.         0  0.0000E+00         0    0.0000E+00  0.0000E+00  0.0000E+00  0.0000E+00  0.0000E+00  0.0000E+00       0
    76.-   78.         0  0.0000E+00         0    0.0000E+00  0.0000E+00  0.0000E+00  0.0000E+00  0.0000E+00  0.0000E+00       0
    78.-   80.         0  0.0000E+00         0    0.0000E+00  0.0000E+00  0.0000E+00  0.0000E+00  0.0000E+00  0.0000E+00       0
    80.-   82.         0  0.0000E+00         0    0.0000E+00  0.0000E+00  0.0000E+00  0.0000E+00  0.0000E+00  0.0000E+00       0
    82.-   84.         0  0.0000E+00         0    0.0000E+00  0.0000E+00  0.0000E+00  0.0000E+00  0.0000E+00  0.0000E+00       0
    84.-   86.         0  0.0000E+00         0    0.0000E+00  0.0000E+00  0.0000E+00  0.0000E+00  0.0000E+00  0.0000E+00       0
    86.-   88.         0  0.0000E+00         0    0.0000E+00  0.0000E+00  0.0000E+00  0.0000E+00  0.0000E+00  0.0000E+00       0
    88.-   90.         0  0.0000E+00         0    0.0000E+00  0.0000E+00  0.0000E+00  0.0000E+00  0.0000E+00  0.0000E+00       0
    90.-   92.         0  0.0000E+00         0    0.0000E+00  0.0000E+00  0.0000E+00  0.0000E+00  0.0000E+00  0.0000E+00       0
    92.-   94.         0  0.0000E+00         0    0.0000E+00  0.0000E+00  0.0000E+00  0.0000E+00  0.0000E+00  0.0000E+00       0
    94.-   96.         0  0.0000E+00         0    0.0000E+00  0.0000E+00  0.0000E+00  0.0000E+00  0.0000E+00  0.0000E+00       0
    96.-   98.         0  0.0000E+00         0    0.0000E+00  0.0000E+00  0.0000E+00  0.0000E+00  0.0000E+00  0.0000E+00       0
    98.-  100.         0  0.0000E+00         0    0.0000E+00  0.0000E+00  0.0000E+00  0.0000E+00  0.0000E+00  0.0000E+00       0
   100.-  102.         0  0.0000E+00         0    0.0000E+00  0.0000E+00  0.0000E+00  0.0000E+00  0.0000E+00  0.0000E+00       0
   102.-  104.         0  0.0000E+00         0    0.0000E+00  0.0000E+00  0.0000E+00  0.0000E+00  0.0000E+00  0.0000E+00       0
   104.-  106.         0  0.0000E+00         0    0.0000E+00  0.0000E+00  0.0000E+00  0.0000E+00  0.0000E+00  0.0000E+00       0
   106.-  108.         0  0.0000E+00         0    0.0000E+00  0.0000E+00  0.0000E+00  0.0000E+00  0.0000E+00  0.0000E+00       0
   108.-  110.         0  0.0000E+00         0    0.0000E+00  0.0000E+00  0.0000E+00  0.0000E+00  0.0000E+00  0.0000E+00       0
   110.-  112.         0  0.0000E+00         0    0.0000E+00  0.0000E+00  0.0000E+00  0.0000E+00  0.0000E+00  0.0000E+00       0
   112.-  114.         0  0.0000E+00         0    0.0000E+00  0.0000E+00  0.0000E+00  0.0000E+00  0.0000E+00  0.0000E+00       0
   114.-  116.         0  0.0000E+00         0    0.0000E+00  0.0000E+00  0.0000E+00  0.0000E+00  0.0000E+00  0.0000E+00       0
   116.-  118.         0  0.0000E+00         0    0.0000E+00  0.0000E+00  0.0000E+00  0.0000E+00  0.0000E+00  0.0000E+00       0
   118.-  120.         0  0.0000E+00         0    0.0000E+00  0.0000E+00  0.0000E+00  0.0000E+00  0.0000E+00  0.0000E+00       0
   120.-  122.         0  0.0000E+00         0    0.0000E+00  0.0000E+00  0.0000E+00  0.0000E+00  0.0000E+00  0.0000E+00       0
   122.-  124.         0  0.0000E+00         0    0.0000E+00  0.0000E+00  0.0000E+00  0.0000E+00  0.0000E+00  0.0000E+00       0
   124.-  126.         0  0.0000E+00         0    0.0000E+00  0.0000E+00  0.0000E+00  0.0000E+00  0.0000E+00  0.0000E+00       0
   126.-  128.         0  0.0000E+00         0    0.0000E+00  0.0000E+00  0.0000E+00  0.0000E+00  0.0000E+00  0.0000E+00       0
   128.-  130.         0  0.0000E+00         0    0.0000E+00  0.0000E+00  0.0000E+00  0.0000E+00  0.0000E+00  0.0000E+00       0
   130.-  132.         0  0.0000E+00         0    0.0000E+00  0.0000E+00  0.0000E+00  0.0000E+00  0.0000E+00  0.0000E+00       0
   132.-  134.         0  0.0000E+00         0    0.0000E+00  0.0000E+00  0.0000E+00  0.0000E+00  0.0000E+00  0.0000E+00       0
   134.-  136.         0  0.0000E+00         0    0.0000E+00  0.0000E+00  0.0000E+00  0.0000E+00  0.0000E+00  0.0000E+00       0
   136.-  138.         0  0.0000E+00         0    0.0000E+00  0.0000E+00  0.0000E+00  0.0000E+00  0.0000E+00  0.0000E+00       0
   138.-  140.         0  0.0000E+00         0    0.0000E+00  0.0000E+00  0.0000E+00  0.0000E+00  0.0000E+00  0.0000E+00       0
   140.-  142.         0  0.0000E+00         0    0.0000E+00  0.0000E+00  0.0000E+00  0.0000E+00  0.0000E+00  0.0000E+00       0
   142.-  144.         0  0.0000E+00         0    0.0000E+00  0.0000E+00  0.0000E+00  0.0000E+00  0.0000E+00  0.0000E+00       0
   144.-  146.         0  0.0000E+00         0    0.0000E+00  0.0000E+00  0.0000E+00  0.0000E+00  0.0000E+00  0.0000E+00       0
   146.-  148.         0  0.0000E+00         0    0.0000E+00  0.0000E+00  0.0000E+00  0.0000E+00  0.0000E+00  0.0000E+00       0
   148.-  150.         0  0.0000E+00         0    0.0000E+00  0.0000E+00  0.0000E+00  0.0000E+00  0.0000E+00  0.0000E+00       0
   150.-  152.         0  0.0000E+00         0    0.0000E+00  0.0000E+00  0.0000E+00  0.0000E+00  0.0000E+00  0.0000E+00       0
   152.-  154.         0  0.0000E+00         0    0.0000E+00  0.0000E+00  0.0000E+00  0.0000E+00  0.0000E+00  0.0000E+00       0
   154.-  156.         0  0.0000E+00         0    0.0000E+00  0.0000E+00  0.0000E+00  0.0000E+00  0.0000E+00  0.0000E+00       0
   156.-  158.         0  0.0000E+00         0    0.0000E+00  0.0000E+00  0.0000E+00  0.0000E+00  0.0000E+00  0.0000E+00       0
   158.-  160.         0  0.0000E+00         0    0.0000E+00  0.0000E+00  0.0000E+00  0.0000E+00  0.0000E+00  0.0000E+00       0
   160.-  162.         0  0.0000E+00         0    0.0000E+00  0.0000E+00  0.0000E+00  0.0000E+00  0.0000E+00  0.0000E+00       0
   162.-  164.         0  0.0000E+00         0    0.0000E+00  0.0000E+00  0.0000E+00  0.0000E+00  0.0000E+00  0.0000E+00       0
   164.-  166.         0  0.0000E+00         0    0.0000E+00  0.0000E+00  0.0000E+00  0.0000E+00  0.0000E+00  0.0000E+00       0
   166.-  168.         0  0.0000E+00         0    0.0000E+00  0.0000E+00  0.0000E+00  0.0000E+00  0.0000E+00  0.0000E+00       0
   168.-  170.         0  0.0000E+00         0    0.0000E+00  0.0000E+00  0.0000E+00  0.0000E+00  0.0000E+00  0.0000E+00       0
   170.-  172.         0  0.0000E+00         0    0.0000E+00  0.0000E+00  0.0000E+00  0.0000E+00  0.0000E+00  0.0000E+00       0
   172.-  174.         0  0.0000E+00         0    0.0000E+00  0.0000E+00  0.0000E+00  0.0000E+00  0.0000E+00  0.0000E+00       0
   174.-  176.         0  0.0000E+00         0    0.0000E+00  0.0000E+00  0.0000E+00  0.0000E+00  0.0000E+00  0.0000E+00       0
   176.-  178.         0  0.0000E+00         0    0.0000E+00  0.0000E+00  0.0000E+00  0.0000E+00  0.0000E+00  0.0000E+00       0
   178.-  180.         0  0.0000E+00         0    0.0000E+00  0.0000E+00  0.0000E+00  0.0000E+00  0.0000E+00  0.0000E+00       0
   180.-  182.         0  0.0000E+00         0    0.0000E+00  0.0000E+00  0.0000E+00  0.0000E+00  0.0000E+00  0.0000E+00       0
   182.-  184.         0  0.0000E+00         0    0.0000E+00  0.0000E+00  0.0000E+00  0.0000E+00  0.0000E+00  0.0000E+00       0
   184.-  186.         0  0.0000E+00         0    0.0000E+00  0.0000E+00  0.0000E+00  0.0000E+00  0.0000E+00  0.0000E+00       0
   186.-  188.         0  0.0000E+00         0    0.0000E+00  0.0000E+00  0.0000E+00  0.0000E+00  0.0000E+00  0.0000E+00       0
   188.-  190.         0  0.0000E+00         0    0.0000E+00  0.0000E+00  0.0000E+00  0.0000E+00  0.0000E+00  0.0000E+00       0
   190.-  192.         0  0.0000E+00         0    0.0000E+00  0.0000E+00  0.0000E+00  0.0000E+00  0.0000E+00  0.0000E+00       0
   192.-  194.         0  0.0000E+00         0    0.0000E+00  0.0000E+00  0.0000E+00  0.0000E+00  0.0000E+00  0.0000E+00       0
   194.-  196.         0  0.0000E+00         0    0.0000E+00  0.0000E+00  0.0000E+00  0.0000E+00  0.0000E+00  0.0000E+00       0
   196.-  198.         0  0.0000E+00         0    0.0000E+00  0.0000E+00  0.0000E+00  0.0000E+00  0.0000E+00  0.0000E+00       0
   198.-  200.         0  0.0000E+00         0    0.0000E+00  0.0000E+00  0.0000E+00  0.0000E+00  0.0000E+00  0.0000E+00       0
   200.-   SUT         0  0.0000E+00

                 9999999  1.0000E+00   9999999    2.7271E+08  5.5573E+09  5.0116E+09  4.0564E+09  9.5520E+08  3.5021E+0945284679
1
     RECOILS



     DEPTH(A)     INLOSS(EV)   TELOSS(EV)   ELLOSS(EV)   DAMAGE(EV)   PHONON(EV)     DPA  DPA(1)  DPA(2)

     0.-    2.    1.6763E+07   3.3676E+08   2.6070E+08   3.6648E+07   2.2405E+08  724103  724103       0
     2.-    4.    3.4423E+07   6.3699E+08   5.1864E+08   1.4054E+08   3.7810E+08 2412061 2412061       0
     4.-    6.    4.8701E+07   8.8257E+08   7.2227E+08   2.0645E+08   5.1582E+08 3509206 3509206       0
     6.-    8.    5.8250E+07   1.0604E+09   8.6616E+08   2.4232E+08   6.2384E+08 4168538 4168538       0
     8.-   10.    6.3322E+07   1.1674E+09   9.4928E+08   2.5280E+08   6.9648E+08 4442142 4442142       0
    10.-   12.    6.4070E+07   1.2010E+09   9.7089E+08   2.4152E+08   7.2937E+08 4344615 4344615       0
    12.-   14.    6.0857E+07   1.1619E+09   9.3292E+08   2.1433E+08   7.1858E+08 3948515 3948515       0
    14.-   16.    5.4383E+07   1.0580E+09   8.4328E+08   1.7704E+08   6.6624E+08 3338278 3338278       0
    16.-   18.    4.5684E+07   9.0536E+08   7.1629E+08   1.3680E+08   5.7949E+08 2635507 2635507       0
    18.-   20.    3.6092E+07   7.2805E+08   5.7182E+08   9.8948E+07   4.7287E+08 1944348 1944348       0
    20.-   22.    2.6818E+07   5.4991E+08   4.2894E+08   6.7339E+07   3.6160E+08 1345553 1345553       0
    22.-   24.    1.8749E+07   3.9020E+08   3.0241E+08   4.3252E+07   2.5916E+08  877192  877192       0
    24.-   26.    1.2355E+07   2.6050E+08   2.0072E+08   2.6321E+07   1.7440E+08  539954  539954       0
    26.-   28.    7.6941E+06   1.6407E+08   1.2580E+08   1.5322E+07   1.1048E+08  317498  317498       0
    28.-   30.    4.5497E+06   9.7818E+07   7.4689E+07   8.5168E+06   6.6172E+07  178136  178136       0
    30.-   32.    2.5688E+06   5.5610E+07   4.2340E+07   4.6504E+06   3.7689E+07   97731   97731       0
    32.-   34.    1.3978E+06   3.0394E+07   2.3096E+07   2.4539E+06   2.0642E+07   51775   51775       0
    34.-   36.    7.3957E+05   1.6109E+07   1.2224E+07   1.2768E+06   1.0947E+07   27131   27131       0
    36.-   38.    3.8331E+05   8.3634E+06   6.3430E+06   6.5005E+05   5.6929E+06   13927   13927       0
    38.-   40.    1.9623E+05   4.2849E+06   3.2487E+06   3.2940E+05   2.9193E+06    7144    7144       0
    40.-   42.    9.9735E+04   2.1858E+06   1.6556E+06   1.6328E+05   1.4924E+06    3591    3591       0
    42.-   44.    5.0073E+04   1.0979E+06   8.2911E+05   7.6968E+04   7.5214E+05    1668    1668       0
    44.-   46.    2.4838E+04   5.5105E+05   4.1652E+05   3.8233E+04   3.7829E+05     856     856       0
    46.-   48.    1.1970E+04   2.6739E+05   2.0113E+05   1.5620E+04   1.8551E+05     355     355       0
    48.-   50.    5.6880E+03   1.2715E+05   9.4978E+04   6.4275E+03   8.8550E+04     151     151       0
    50.-   52.    2.5887E+03   5.9001E+04   4.4085E+04   3.4244E+03   4.0660E+04      76      76       0
    52.-   54.    1.1812E+03   2.7325E+04   2.0545E+04   1.6308E+03   1.8914E+04      39      39       0
    54.-   56.    5.3153E+02   1.2367E+04   9.2120E+03   5.8035E+02   8.6316E+03      15      15       0
    56.-   58.    2.2604E+02   5.1756E+03   3.7827E+03   9.5862E+01   3.6868E+03       1       1       0
    58.-   60.    8.6734E+01   2.0812E+03   1.5014E+03   6.9092E+01   1.4323E+03       2       2       0
    60.-   62.    3.2901E+01   7.6211E+02   5.4835E+02   3.4507E+01   5.1384E+02       1       1       0
    62.-   64.    1.6039E+01   3.7675E+02   2.8538E+02   0.0000E+00   2.8538E+02       0       0       0
    64.-   66.    3.4310E+00   7.1690E+01   4.7536E+01   0.0000E+00   4.7536E+01       0       0       0
    66.-   68.    1.2000E+00   2.3671E+01   1.3279E+01   0.0000E+00   1.3279E+01       0       0       0
    68.-   70.    0.0000E+00   0.0000E+00   0.0000E+00   0.0000E+00   0.0000E+00       0       0       0
    70.-   72.    0.0000E+00   0.0000E+00   0.0000E+00   0.0000E+00   0.0000E+00       0       0       0
    72.-   74.    0.0000E+00   0.0000E+00   0.0000E+00   0.0000E+00   0.0000E+00       0       0       0
    74.-   76.    0.0000E+00   0.0000E+00   0.0000E+00   0.0000E+00   0.0000E+00       0       0       0
    76.-   78.    0.0000E+00   0.0000E+00   0.0000E+00   0.0000E+00   0.0000E+00       0       0       0
    78.-   80.    0.0000E+00   0.0000E+00   0.0000E+00   0.0000E+00   0.0000E+00       0       0       0
    80.-   82.    0.0000E+00   0.0000E+00   0.0000E+00   0.0000E+00   0.0000E+00       0       0       0
    82.-   84.    0.0000E+00   0.0000E+00   0.0000E+00   0.0000E+00   0.0000E+00       0       0       0
    84.-   86.    0.0000E+00   0.0000E+00   0.0000E+00   0.0000E+00   0.0000E+00       0       0       0
    86.-   88.    0.0000E+00   0.0000E+00   0.0000E+00   0.0000E+00   0.0000E+00       0       0       0
    88.-   90.    0.0000E+00   0.0000E+00   0.0000E+00   0.0000E+00   0.0000E+00       0       0       0
    90.-   92.    0.0000E+00   0.0000E+00   0.0000E+00   0.0000E+00   0.0000E+00       0       0       0
    92.-   94.    0.0000E+00   0.0000E+00   0.0000E+00   0.0000E+00   0.0000E+00       0       0       0
    94.-   96.    0.0000E+00   0.0000E+00   0.0000E+00   0.0000E+00   0.0000E+00       0       0       0
    96.-   98.    0.0000E+00   0.0000E+00   0.0000E+00   0.0000E+00   0.0000E+00       0       0       0
    98.-  100.    0.0000E+00   0.0000E+00   0.0000E+00   0.0000E+00   0.0000E+00       0       0       0
   100.-  102.    0.0000E+00   0.0000E+00   0.0000E+00   0.0000E+00   0.0000E+00       0       0       0
   102.-  104.    0.0000E+00   0.0000E+00   0.0000E+00   0.0000E+00   0.0000E+00       0       0       0
   104.-  106.    0.0000E+00   0.0000E+00   0.0000E+00   0.0000E+00   0.0000E+00       0       0       0
   106.-  108.    0.0000E+00   0.0000E+00   0.0000E+00   0.0000E+00   0.0000E+00       0       0       0
   108.-  110.    0.0000E+00   0.0000E+00   0.0000E+00   0.0000E+00   0.0000E+00       0       0       0
   110.-  112.    0.0000E+00   0.0000E+00   0.0000E+00   0.0000E+00   0.0000E+00       0       0       0
   112.-  114.    0.0000E+00   0.0000E+00   0.0000E+00   0.0000E+00   0.0000E+00       0       0       0
   114.-  116.    0.0000E+00   0.0000E+00   0.0000E+00   0.0000E+00   0.0000E+00       0       0       0
   116.-  118.    0.0000E+00   0.0000E+00   0.0000E+00   0.0000E+00   0.0000E+00       0       0       0
   118.-  120.    0.0000E+00   0.0000E+00   0.0000E+00   0.0000E+00   0.0000E+00       0       0       0
   120.-  122.    0.0000E+00   0.0000E+00   0.0000E+00   0.0000E+00   0.0000E+00       0       0       0
   122.-  124.    0.0000E+00   0.0000E+00   0.0000E+00   0.0000E+00   0.0000E+00       0       0       0
   124.-  126.    0.0000E+00   0.0000E+00   0.0000E+00   0.0000E+00   0.0000E+00       0       0       0
   126.-  128.    0.0000E+00   0.0000E+00   0.0000E+00   0.0000E+00   0.0000E+00       0       0       0
   128.-  130.    0.0000E+00   0.0000E+00   0.0000E+00   0.0000E+00   0.0000E+00       0       0       0
   130.-  132.    0.0000E+00   0.0000E+00   0.0000E+00   0.0000E+00   0.0000E+00       0       0       0
   132.-  134.    0.0000E+00   0.0000E+00   0.0000E+00   0.0000E+00   0.0000E+00       0       0       0
   134.-  136.    0.0000E+00   0.0000E+00   0.0000E+00   0.0000E+00   0.0000E+00       0       0       0
   136.-  138.    0.0000E+00   0.0000E+00   0.0000E+00   0.0000E+00   0.0000E+00       0       0       0
   138.-  140.    0.0000E+00   0.0000E+00   0.0000E+00   0.0000E+00   0.0000E+00       0       0       0
   140.-  142.    0.0000E+00   0.0000E+00   0.0000E+00   0.0000E+00   0.0000E+00       0       0       0
   142.-  144.    0.0000E+00   0.0000E+00   0.0000E+00   0.0000E+00   0.0000E+00       0       0       0
   144.-  146.    0.0000E+00   0.0000E+00   0.0000E+00   0.0000E+00   0.0000E+00       0       0       0
   146.-  148.    0.0000E+00   0.0000E+00   0.0000E+00   0.0000E+00   0.0000E+00       0       0       0
   148.-  150.    0.0000E+00   0.0000E+00   0.0000E+00   0.0000E+00   0.0000E+00       0       0       0
   150.-  152.    0.0000E+00   0.0000E+00   0.0000E+00   0.0000E+00   0.0000E+00       0       0       0
   152.-  154.    0.0000E+00   0.0000E+00   0.0000E+00   0.0000E+00   0.0000E+00       0       0       0
   154.-  156.    0.0000E+00   0.0000E+00   0.0000E+00   0.0000E+00   0.0000E+00       0       0       0
   156.-  158.    0.0000E+00   0.0000E+00   0.0000E+00   0.0000E+00   0.0000E+00       0       0       0
   158.-  160.    0.0000E+00   0.0000E+00   0.0000E+00   0.0000E+00   0.0000E+00       0       0       0
   160.-  162.    0.0000E+00   0.0000E+00   0.0000E+00   0.0000E+00   0.0000E+00       0       0       0
   162.-  164.    0.0000E+00   0.0000E+00   0.0000E+00   0.0000E+00   0.0000E+00       0       0       0
   164.-  166.    0.0000E+00   0.0000E+00   0.0000E+00   0.0000E+00   0.0000E+00       0       0       0
   166.-  168.    0.0000E+00   0.0000E+00   0.0000E+00   0.0000E+00   0.0000E+00       0       0       0
   168.-  170.    0.0000E+00   0.0000E+00   0.0000E+00   0.0000E+00   0.0000E+00       0       0       0
   170.-  172.    0.0000E+00   0.0000E+00   0.0000E+00   0.0000E+00   0.0000E+00       0       0       0
   172.-  174.    0.0000E+00   0.0000E+00   0.0000E+00   0.0000E+00   0.0000E+00       0       0       0
   174.-  176.    0.0000E+00   0.0000E+00   0.0000E+00   0.0000E+00   0.0000E+00       0       0       0
   176.-  178.    0.0000E+00   0.0000E+00   0.0000E+00   0.0000E+00   0.0000E+00       0       0       0
   178.-  180.    0.0000E+00   0.0000E+00   0.0000E+00   0.0000E+00   0.0000E+00       0       0       0
   180.-  182.    0.0000E+00   0.0000E+00   0.0000E+00   0.0000E+00   0.0000E+00       0       0       0
   182.-  184.    0.0000E+00   0.0000E+00   0.0000E+00   0.0000E+00   0.0000E+00       0       0       0
   184.-  186.    0.0000E+00   0.0000E+00   0.0000E+00   0.0000E+00   0.0000E+00       0       0       0
   186.-  188.    0.0000E+00   0.0000E+00   0.0000E+00   0.0000E+00   0.0000E+00       0       0       0
   188.-  190.    0.0000E+00   0.0000E+00   0.0000E+00   0.0000E+00   0.0000E+00       0       0       0
   190.-  192.    0.0000E+00   0.0000E+00   0.0000E+00   0.0000E+00   0.0000E+00       0       0       0
   192.-  194.    0.0000E+00   0.0000E+00   0.0000E+00   0.0000E+00   0.0000E+00       0       0       0
   194.-  196.    0.0000E+00   0.0000E+00   0.0000E+00   0.0000E+00   0.0000E+00       0       0       0
   196.-  198.    0.0000E+00   0.0000E+00   0.0000E+00   0.0000E+00   0.0000E+00       0       0       0
   198.-  200.    0.0000E+00   0.0000E+00   0.0000E+00   0.0000E+00   0.0000E+00       0       0       0

                  5.5819E+08   1.0720E+10   8.5753E+09   1.9178E+09   6.6575E+093493010934930109       0
1     BACKWARD SPUTTERING



        ALL SPUTTERED PARTICLES = 1534268   TOTAL SPUTTERED ENERGY = 0.1730E+08 EV


        SPUTTERED PARTICLES (1.LAYER) = 1534268   SPUTTERED ENERGY = 0.1730E+08 EV


 1.LAYER
         SPUTTERED PARTICLES(1) = 1534268     SPUTTERED ENERGY(1) = 0.1730E+08 EV

         ION IN , PRIMARY KO(1) =  352369   0.2297   0.2297    ENERGY = 0.5384E+07 EV   0.3113   0.3113    MEAN ENERGY = 0.1528E+02
         ION IN , SECOND. KO(1) = 1181895   0.7703   0.7703    ENERGY = 0.1191E+08 EV   0.6887   0.6887    MEAN ENERGY = 0.1008E+02
        ION OUT , PRIMARY KO(1) =       0   0.0000   0.0000    ENERGY = 0.0000E+00 EV   0.0000   0.0000    MEAN ENERGY = 0.0000E+00
        ION OUT , SECOND. KO(1) =       4   0.0000   0.0000    ENERGY = 0.9505E+01 EV   0.0000   0.0000    MEAN ENERGY = 0.2376E+01


     SPUTTERING YIELD(1) =  1.534E-01  SPUTTERED ENERGY(1) =  2.967E-03  REL.MEAN ENERGY(1) =  1.934E-02  MEAN ENERGY(1) =  1.127E+01

                       MEAN        VARIANCE      SKEWNESS      KURTOSIS        SIGMA       ERROR 1.M     ERROR 2.M     ERROR 3.M 
    ENERGY(1)       1.1273E+01    1.0900E+02    2.0732E+00    9.3310E+00    1.0440E+01    8.4288E-03    2.5400E-01    6.3384E-03
 LOGENERGY(1)       8.7448E-01    1.7909E-01   -4.9185E-01    3.3122E+00    4.2319E-01    3.4172E-04    2.1990E-04    2.1131E-03

                     1.MOMENT      2.MOMENT      3.MOMENT      4.MOMENT      5.MOMENT      6.MOMENT 
    ENERGY(1)       1.1273E+01    2.3609E+02    7.4786E+03    3.1653E+05    1.6582E+07    1.0237E+09
 LOGENERGY(1)       8.7448E-01    9.4380E-01    1.1013E+00    1.3824E+00    1.8200E+00    2.5012E+00



     POLAR ANGULAR DISTRIBUTION OF ALL BACKWARD SPUTTERED PARTICLES


       0.00  0.00  0.00  0.00  0.00  0.00  0.00  0.00  0.00  0.00  0.00  0.00  0.00  0.00  0.00  0.00  0.00  0.00  0.00  0.00

       4207 12694 21064 29756 38743 48210 56876 66365 75907 84295 92007 99762105593111404114733116032115609115093113428112490
      0.055 0.165 0.275 0.388 0.505 0.628 0.741 0.865 0.989 1.099 1.199 1.300 1.376 1.452 1.496 1.513 1.507 1.500 1.479 1.466
1 LOG ENERGY - COS OF EMISSION ANGLE (0.05 STEPS)   (BACKWARD SPUTTERED PARTICLES) ; 1. LAYER ; SPECIES 1


   0.0000E+00    1    2    3    4    5    6    7    8    9   10   11   12   13   14   15   16   17   18   19   20     0  0.0000E+00
   0.1000E+00    0    3    8    7   16   18   23   28   35   34   27   36   34   51   32   50   55   56   54   54   621  0.6210E-03
   0.1212E+00    0    0    0    0    0    0    0    0    0    0    0    0    0    0    0    0    0    0    0    0     0  0.0000E+00
   0.1468E+00    0    0    0    0    0    0    0    0    0    0    0    0    0    0    0    0    0    0    0    0     0  0.0000E+00
   0.1778E+00    0    0    0    0    0    0    0    0    0    0    0    0    0    0    0    0    0    0    0    0     0  0.0000E+00
   0.2154E+00    0    0    0    0    0    0    0    0    0    0    0    0    0    0    0    0    0    0    0    0     0  0.0000E+00
   0.2610E+00    0    0    0    0    0    0    0    0    0    0    0    0    0    0    0    0    0    0    0    0     0  0.0000E+00
   0.3162E+00    0    0    0    0    0    0    0    0    0    0    0    0    0    0    0    0    0    0    0    0     0  0.0000E+00
   0.3831E+00    0    0    0    0    0    0    0    0    0    0    0    0    0    0    0    0    0    0    0    0     0  0.0000E+00
   0.4642E+00    0    0    0    0    0    0    0    0    0    0    0    0    0    0    0    0    0    0    0    0     0  0.0000E+00
   0.5623E+00    0    0    0    0    0    0    0    0    0    0    0    0    0    0    0    0    0    0    0    0     0  0.0000E+00
   0.6813E+00    0    0    0    0    0    0    0    0    0    0    0    0    0    0    0    0    0    0    0    0     0  0.0000E+00
   0.8254E+00    0    0    0    0    0    0    0    0    0    0    0    0    0    0    0    0    0    0    0    0     0  0.0000E+00
   0.1000E+01    0    0    0    0    0    0    0    0    0    0    0    0    0    0    0    0    0    0    0    0     0  0.0000E+00
   0.1212E+01    0    0    0    0    0    0    0    0    0    0    0    0    0    0    0    0    0    0    0    0     0  0.0000E+00
   0.1468E+01    0    0    0    0    0    0    0    0    0    0    0    0    0    0    0    0    0    0    0    0     0  0.0000E+00
   0.1778E+01    0    0    0    0    0    0    0    0    0    0    0    0    0    0    0    0    0    0    0    0     0  0.0000E+00
   0.2154E+01    0    0    0    0    0    0    0    0    0    0    0    0    0    0    0    0    0    0    0    0     0  0.0000E+00
   0.2610E+01    0    0    0    0    0    0    0    0    0    0    0    0    0    0    0    0    0    0    0    0     0  0.0000E+00
   0.3162E+01    0    0    0    0    0    0    0    0    0    0    0    0    0    0    0    0    0    0    0    0     0  0.0000E+00
   0.3831E+01    0    0    0    0    0    0    0    0    0    0    0    0    0    0    0    0    0    0    0    0     0  0.0000E+00
   0.4642E+01    0    0    0    0    0    0    0    0    0    0    0    0    0    0    0    0    0    0    0    0     0  0.0000E+00
   0.5623E+01    0    0    0    0    0    0    0    0    0    0    0    0    0    0    0    0    0    0    0    0     0  0.0000E+00
   0.6813E+01    0    0    0    0    0    0    0    0    0    0    0    0    0    0    0    0    0    0    0    0     0  0.0000E+00
   0.8254E+01    0    0    0    0    0    0    0    0    0    0    0    0    0    0    0    0    0    0    0    0     0  0.0000E+00
   0.1000E+02    0    0    0    0    0    0    0    0    0    0    0    0    0    0    0    0    0    0    0    0     0  0.0000E+00
   0.1212E+02    0    0    0    0    0    0    0    0    0    0    0    0    0    0    0    0    0    0    0    0     0  0.0000E+00
   0.1468E+02    0    0    0    0    0    0    0    0    0    0    0    0    0    0    0    0    0    0    0    0     0  0.0000E+00
   0.1778E+02    0    0    0    0    0    0    0    0    0    0    0    0    0    0    0    0    0    0    0    0     0  0.0000E+00
   0.2154E+02    0    0    0    0    0    0    0    0    0    0    0    0    0    0    0    0    0    0    0    0     0  0.0000E+00
   0.2610E+02    0    0    0    0    0    0    0    0    0    0    0    0    0    0    0    0    0    0    0    0     0  0.0000E+00
   0.3162E+02    0    0    0    0    0    0    0    0    0    0    0    0    0    0    0    0    0    0    0    0     0  0.0000E+00
   0.3831E+02    0    0    0    0    0    0    0    0    0    0    0    0    0    0    0    0    0    0    0    0     0  0.0000E+00
   0.4642E+02    0    0    0    0    0    0    0    0    0    0    0    0    0    0    0    0    0    0    0    0     0  0.0000E+00
   0.5623E+02    0    0    0    0    0    0    0    0    0    0    0    0    0    0    0    0    0    0    0    0     0  0.0000E+00
   0.6813E+02    0    0    0    0    0    0    0    0    0    0    0    0    0    0    0    0    0    0    0    0     0  0.0000E+00
   0.8254E+02    0    0    0    0    0    0    0    0    0    0    0    0    0    0    0    0    0    0    0    0     0  0.0000E+00
   0.1000E+03    0    0    0    0    0    0    0    0    0    0    0    0    0    0    0    0    0    0    0    0     0  0.0000E+00
   0.1212E+03    0    0    0    0    0    0    0    0    0    0    0    0    0    0    0    0    0    0    0    0     0  0.0000E+00
   0.1468E+03    0    0    0    0    0    0    0    0    0    0    0    0    0    0    0    0    0    0    0    0     0  0.0000E+00
   0.1778E+03    0    0    0    0    0    0    0    0    0    0    0    0    0    0    0    0    0    0    0    0     0  0.0000E+00
   0.2154E+03    0    0    0    0    0    0    0    0    0    0    0    0    0    0    0    0    0    0    0    0     0  0.0000E+00
   0.2610E+03    0    0    0    0    0    0    0    0    0    0    0    0    0    0    0    0    0    0    0    0     0  0.0000E+00
   0.3162E+03    0    0    0    0    0    0    0    0    0    0    0    0    0    0    0    0    0    0    0    0     0  0.0000E+00
   0.3831E+03    0    0    0    0    0    0    0    0    0    0    0    0    0    0    0    0    0    0    0    0     0  0.0000E+00
   0.4642E+03    0    0    0    0    0    0    0    0    0    0    0    0    0    0    0    0    0    0    0    0     0  0.0000E+00
   0.5623E+03    0    0    0    0    0    0    0    0    0    0    0    0    0    0    0    0    0    0    0    0     0  0.0000E+00
   0.6813E+03    0    0    0    0    0    0    0    0    0    0    0    0    0    0    0    0    0    0    0    0     0  0.0000E+00
   0.8254E+03    0    0    0    0    0    0    0    0    0    0    0    0    0    0    0    0    0    0    0    0     0  0.0000E+00
   0.1000E+04    0    0    0    0    0    0    0    0    0    0    0    0    0    0    0    0    0    0    0    0     0  0.0000E+00
   0.1212E+04    0    0    0    0    0    0    0    0    0    0    0    0    0    0    0    0    0    0    0    0     0  0.0000E+00
   0.1468E+04    0    0    0    0    0    0    0    0    0    0    0    0    0    0    0    0    0    0    0    0     0  0.0000E+00
   0.1778E+04    0    0    0    0    0    0    0    0    0    0    0    0    0    0    0    0    0    0    0    0     0  0.0000E+00
   0.2154E+04    0    0    0    0    0    0    0    0    0    0    0    0    0    0    0    0    0    0    0    0     0  0.0000E+00
   0.2610E+04    0    0    0    0    0    0    0    0    0    0    0    0    0    0    0    0    0    0    0    0     0  0.0000E+00
   0.3162E+04    0    0    0    0    0    0    0    0    0    0    0    0    0    0    0    0    0    0    0    0     0  0.0000E+00
   0.3831E+04    0    0    0    0    0    0    0    0    0    0    0    0    0    0    0    0    0    0    0    0     0  0.0000E+00
   0.4642E+04    0    0    0    0    0    0    0    0    0    0    0    0    0    0    0    0    0    0    0    0     0  0.0000E+00
   0.5623E+04    0    0    0    0    0    0    0    0    0    0    0    0    0    0    0    0    0    0    0    0     0  0.0000E+00
   0.6813E+04    0    0    0    0    0    0    0    0    0    0    0    0    0    0    0    0    0    0    0    0     0  0.0000E+00
   0.8254E+04    0    0    0    0    0    0    0    0    0    0    0    0    0    0    0    0    0    0    0    0     0  0.0000E+00
   0.1000E+05    0    0    0    0    0    0    0    0    0    0    0    0    0    0    0    0    0    0    0    0     0  0.0000E+00
   0.1212E+05    0    0    0    0    0    0    0    0    0    0    0    0    0    0    0    0    0    0    0    0     0  0.0000E+00
   0.1468E+05    0    0    0    0    0    0    0    0    0    0    0    0    0    0    0    0    0    0    0    0     0  0.0000E+00
   0.1778E+05    0    0    0    0    0    0    0    0    0    0    0    0    0    0    0    0    0    0    0    0     0  0.0000E+00
   0.2154E+05    0    0    0    0    0    0    0    0    0    0    0    0    0    0    0    0    0    0    0    0     0  0.0000E+00
   0.2610E+05    0    0    0    0    0    0    0    0    0    0    0    0    0    0    0    0    0    0    0    0     0  0.0000E+00
   0.3162E+05    0    0    0    0    0    0    0    0    0    0    0    0    0    0    0    0    0    0    0    0     0  0.0000E+00
   0.3831E+05    0    0    0    0    0    0    0    0    0    0    0    0    0    0    0    0    0    0    0    0     0  0.0000E+00
   0.4642E+05    0    0    0    0    0    0    0    0    0    0    0    0    0    0    0    0    0    0    0    0     0  0.0000E+00
   0.5623E+05    0    0    0    0    0    0    0    0    0    0    0    0    0    0    0    0    0    0    0    0     0  0.0000E+00
   0.6813E+05    0    0    0    0    0    0    0    0    0    0    0    0    0    0    0    0    0    0    0    0     0  0.0000E+00
   0.8254E+05    0    0    0    0    0    0    0    0    0    0    0    0    0    0    0    0    0    0    0    0     0  0.0000E+00
   0.1000E+06    0    0    0    0    0    0    0    0    0    0    0    0    0    0    0    0    0    0    0    0     0  0.0000E+00
   0.0000E+00 84142538542120595057747096402****************************************************************************  0.0000E+00
1ENERGY(E/E0 IN %) - POLAR ANGLE IN COS-INTERVALS (0.05)  (BACKWARD SPUTTERED PARTICLES) , 1.LAYER , SPECIES 1

     0    1    2    3    4    5    6    7    8    9   10   11   12   13   14   15   16   17   18   19   20      0
     1 1572 4614 75361049213572167161952722373255092831630769340343612239030414234358845529476744928251550 569228
     2 1255 3804 6151 875611433137021626218690209982317525446270292882230451319083258332537325103258532703 430800
     3  668 1986 3437 4714 6183 7781 903910713121471334914570156031670517225174671736916645161601535114470 231582
     4  353 1112 1881 2649 3382 4479 5127 6074 7065 7972 8394 9164 949810070 9736 9547 9039 8332 7555 6875 128304
     5  180  593  992 1468 1911 2524 2853 3498 4028 4604 5114 5448 5774 5789 5759 5392 5043 4509 3986 3383  72848
     6   89  288  505  795 1017 1363 1696 2081 2527 2698 3060 3333 3418 3453 3419 3102 2918 2530 2119 1687  42098
     7   51  154  258  431  614  743 1000 1241 1479 1700 1887 2086 2057 2122 1980 1803 1690 1459 1146  843  24744
     8   26   81  151  214  309  417  586  729  896  978 1095 1268 1254 1267 1192 1042  950  815  602  480  14352
     9    8   30   74  123  151  228  358  421  499  593  683  744  736  804  730  633  524  476  356  231   8402
    10    3   16   43   58   81  137  175  251  328  380  423  430  503  480  464  380  315  266  196  118   5047
    11    1   12   18   35   49   60  113  129  177  223  234  240  288  304  268  237  179  159  124   72   2922
    12    1    1   10   10   22   26   58   85  116  144  138  167  151  160  151  156   95   93   46   30   1660
    13    0    3    2    6   12   20   33   44   63   69   76   93  113  114  109   91   65   53   33   28   1027
    14    0    0    2    3    3   10   21   20   37   39   59   53   66   69   56   46   36   20   25    8    573
    15    0    0    3    1    3    1   10    6   20   25   30   25   42   29   33   29   18   15   11    7    308
    16    0    0    0    1    1    2    8    3   10   15   17   19   16   17   18   14   12   10    3    1    167
    17    0    0    1    0    0    0    6    3    4    5    5   11   16   14    8    9    5    4    6    2     99
    18    0    0    0    0    0    1    1    2    2    5    2    6    8    5    8    3    4    5    2    1     55
    19    0    0    0    0    0    0    2    2    0    3    0    2    3    1    3    1    2    2    0    0     21
    20    0    0    0    0    0    0    1    0    0    1    4    3    1    0    0    5    1    0    0    1     17
    21    0    0    0    0    0    0    0    0    1    0    1    2    0    0    0    1    1    0    0    0      6
    22    0    0    0    0    0    0    0    0    0    0    0    1    0    0    0    1    1    1    0    0      4
    23    0    0    0    0    0    0    0    0    0    1    0    0    0    0    1    0    0    0    0    0      2
    24    0    0    0    0    0    0    0    0    0    0    0    1    0    0    0    0    0    0    0    0      1
    25    0    0    0    0    0    0    0    0    1    0    0    0    0    0    0    0    0    0    0    0      1
    26    0    0    0    0    0    0    0    0    0    0    0    0    0    0    0    0    0    0    0    0      0
    27    0    0    0    0    0    0    0    0    0    0    0    0    0    0    0    0    0    0    0    0      0
    28    0    0    0    0    0    0    0    0    0    0    0    0    0    0    0    0    0    0    0    0      0
    29    0    0    0    0    0    0    0    0    0    0    0    0    0    0    0    0    0    0    0    0      0
    30    0    0    0    0    0    0    0    0    0    0    0    0    0    0    0    0    0    0    0    0      0
    31    0    0    0    0    0    0    0    0    0    0    0    0    0    0    0    0    0    0    0    0      0
    32    0    0    0    0    0    0    0    0    0    0    0    0    0    0    0    0    0    0    0    0      0
    33    0    0    0    0    0    0    0    0    0    0    0    0    0    0    0    0    0    0    0    0      0
    34    0    0    0    0    0    0    0    0    0    0    0    0    0    0    0    0    0    0    0    0      0
    35    0    0    0    0    0    0    0    0    0    0    0    0    0    0    0    0    0    0    0    0      0
    36    0    0    0    0    0    0    0    0    0    0    0    0    0    0    0    0    0    0    0    0      0
    37    0    0    0    0    0    0    0    0    0    0    0    0    0    0    0    0    0    0    0    0      0
    38    0    0    0    0    0    0    0    0    0    0    0    0    0    0    0    0    0    0    0    0      0
    39    0    0    0    0    0    0    0    0    0    0    0    0    0    0    0    0    0    0    0    0      0
    40    0    0    0    0    0    0    0    0    0    0    0    0    0    0    0    0    0    0    0    0      0
    41    0    0    0    0    0    0    0    0    0    0    0    0    0    0    0    0    0    0    0    0      0
    42    0    0    0    0    0    0    0    0    0    0    0    0    0    0    0    0    0    0    0    0      0
    43    0    0    0    0    0    0    0    0    0    0    0    0    0    0    0    0    0    0    0    0      0
    44    0    0    0    0    0    0    0    0    0    0    0    0    0    0    0    0    0    0    0    0      0
    45    0    0    0    0    0    0    0    0    0    0    0    0    0    0    0    0    0    0    0    0      0
    46    0    0    0    0    0    0    0    0    0    0    0    0    0    0    0    0    0    0    0    0      0
    47    0    0    0    0    0    0    0    0    0    0    0    0    0    0    0    0    0    0    0    0      0
    48    0    0    0    0    0    0    0    0    0    0    0    0    0    0    0    0    0    0    0    0      0
    49    0    0    0    0    0    0    0    0    0    0    0    0    0    0    0    0    0    0    0    0      0
    50    0    0    0    0    0    0    0    0    0    0    0    0    0    0    0    0    0    0    0    0      0
    51    0    0    0    0    0    0    0    0    0    0    0    0    0    0    0    0    0    0    0    0      0
    52    0    0    0    0    0    0    0    0    0    0    0    0    0    0    0    0    0    0    0    0      0
    53    0    0    0    0    0    0    0    0    0    0    0    0    0    0    0    0    0    0    0    0      0
    54    0    0    0    0    0    0    0    0    0    0    0    0    0    0    0    0    0    0    0    0      0
    55    0    0    0    0    0    0    0    0    0    0    0    0    0    0    0    0    0    0    0    0      0
    56    0    0    0    0    0    0    0    0    0    0    0    0    0    0    0    0    0    0    0    0      0
    57    0    0    0    0    0    0    0    0    0    0    0    0    0    0    0    0    0    0    0    0      0
    58    0    0    0    0    0    0    0    0    0    0    0    0    0    0    0    0    0    0    0    0      0
    59    0    0    0    0    0    0    0    0    0    0    0    0    0    0    0    0    0    0    0    0      0
    60    0    0    0    0    0    0    0    0    0    0    0    0    0    0    0    0    0    0    0    0      0
    61    0    0    0    0    0    0    0    0    0    0    0    0    0    0    0    0    0    0    0    0      0
    62    0    0    0    0    0    0    0    0    0    0    0    0    0    0    0    0    0    0    0    0      0
    63    0    0    0    0    0    0    0    0    0    0    0    0    0    0    0    0    0    0    0    0      0
    64    0    0    0    0    0    0    0    0    0    0    0    0    0    0    0    0    0    0    0    0      0
    65    0    0    0    0    0    0    0    0    0    0    0    0    0    0    0    0    0    0    0    0      0
    66    0    0    0    0    0    0    0    0    0    0    0    0    0    0    0    0    0    0    0    0      0
    67    0    0    0    0    0    0    0    0    0    0    0    0    0    0    0    0    0    0    0    0      0
    68    0    0    0    0    0    0    0    0    0    0    0    0    0    0    0    0    0    0    0    0      0
    69    0    0    0    0    0    0    0    0    0    0    0    0    0    0    0    0    0    0    0    0      0
    70    0    0    0    0    0    0    0    0    0    0    0    0    0    0    0    0    0    0    0    0      0
    71    0    0    0    0    0    0    0    0    0    0    0    0    0    0    0    0    0    0    0    0      0
    72    0    0    0    0    0    0    0    0    0    0    0    0    0    0    0    0    0    0    0    0      0
    73    0    0    0    0    0    0    0    0    0    0    0    0    0    0    0    0    0    0    0    0      0
    74    0    0    0    0    0    0    0    0    0    0    0    0    0    0    0    0    0    0    0    0      0
    75    0    0    0    0    0    0    0    0    0    0    0    0    0    0    0    0    0    0    0    0      0
    76    0    0    0    0    0    0    0    0    0    0    0    0    0    0    0    0    0    0    0    0      0
    77    0    0    0    0    0    0    0    0    0    0    0    0    0    0    0    0    0    0    0    0      0
    78    0    0    0    0    0    0    0    0    0    0    0    0    0    0    0    0    0    0    0    0      0
    79    0    0    0    0    0    0    0    0    0    0    0    0    0    0    0    0    0    0    0    0      0
    80    0    0    0    0    0    0    0    0    0    0    0    0    0    0    0    0    0    0    0    0      0
    81    0    0    0    0    0    0    0    0    0    0    0    0    0    0    0    0    0    0    0    0      0
    82    0    0    0    0    0    0    0    0    0    0    0    0    0    0    0    0    0    0    0    0      0
    83    0    0    0    0    0    0    0    0    0    0    0    0    0    0    0    0    0    0    0    0      0
    84    0    0    0    0    0    0    0    0    0    0    0    0    0    0    0    0    0    0    0    0      0
    85    0    0    0    0    0    0    0    0    0    0    0    0    0    0    0    0    0    0    0    0      0
    86    0    0    0    0    0    0    0    0    0    0    0    0    0    0    0    0    0    0    0    0      0
    87    0    0    0    0    0    0    0    0    0    0    0    0    0    0    0    0    0    0    0    0      0
    88    0    0    0    0    0    0    0    0    0    0    0    0    0    0    0    0    0    0    0    0      0
    89    0    0    0    0    0    0    0    0    0    0    0    0    0    0    0    0    0    0    0    0      0
    90    0    0    0    0    0    0    0    0    0    0    0    0    0    0    0    0    0    0    0    0      0
    91    0    0    0    0    0    0    0    0    0    0    0    0    0    0    0    0    0    0    0    0      0
    92    0    0    0    0    0    0    0    0    0    0    0    0    0    0    0    0    0    0    0    0      0
    93    0    0    0    0    0    0    0    0    0    0    0    0    0    0    0    0    0    0    0    0      0
    94    0    0    0    0    0    0    0    0    0    0    0    0    0    0    0    0    0    0    0    0      0
    95    0    0    0    0    0    0    0    0    0    0    0    0    0    0    0    0    0    0    0    0      0
    96    0    0    0    0    0    0    0    0    0    0    0    0    0    0    0    0    0    0    0    0      0
    97    0    0    0    0    0    0    0    0    0    0    0    0    0    0    0    0    0    0    0    0      0
    98    0    0    0    0    0    0    0    0    0    0    0    0    0    0    0    0    0    0    0    0      0
    99    0    0    0    0    0    0    0    0    0    0    0    0    0    0    0    0    0    0    0    0      0
   100    0    0    0    0    0    0    0    0    0    0    0    0    0    0    0    0    0    0    0    0      0
     0 42071269421064297563874348210568766636575907842959200799762****************************************1534268
1AZIMUTHAL ANGLE - POLAR ANGLE IN COS-INTERVALS (0.05) (BACKWARD SPUTTERED PARTICLES) , 1.LAYER , SPECIES 1

     0    1    2    3    4    5    6    7    8    9   10   11   12   13   14   15   16   17   18   19   20      0
     3   78  207  374  490  585  835  943 1089 1265 1376 1523 1693 1706 1803 1871 1897 1860 1864 1869 1864  25192
     6   87  219  344  567  602  835  955 1148 1294 1387 1548 1636 1730 1929 1884 1883 1860 1934 1854 1842  25538
     9   73  198  374  516  651  761  894 1080 1282 1343 1598 1628 1754 1842 1934 1913 1994 1925 1817 1877  25454
    12   77  203  341  480  589  779  952 1099 1259 1425 1585 1617 1744 1821 1910 1999 1914 1880 1950 1938  25562
    15   79  227  328  503  653  798  916 1101 1300 1403 1532 1680 1810 1940 1911 1961 1925 1926 1902 1858  25753
    18   67  221  331  506  669  790  947 1102 1310 1346 1435 1624 1790 1847 1920 1978 1939 2002 1869 1861  25554
    21   61  209  370  487  691  756  956 1117 1206 1526 1551 1632 1684 1842 1897 1942 1877 2032 1948 1896  25680
    24   78  205  341  519  640  837  964 1004 1279 1374 1592 1656 1740 1809 1942 1884 1903 1919 1872 1861  25419
    27   60  214  353  504  610  795  976 1105 1184 1417 1531 1725 1696 1919 1921 2032 1870 1944 1848 1828  25532
    30   59  203  360  509  622  837  969 1096 1264 1434 1545 1654 1729 1907 1933 1964 2011 1859 1843 1953  25751
    33   55  207  349  487  637  760  955 1072 1246 1356 1481 1649 1811 1767 1973 1953 1893 1880 1885 1895  25311
    36   69  201  336  457  720  797  945 1129 1284 1388 1520 1659 1807 1888 1889 2010 1930 1913 1981 1862  25785
    39   67  175  342  518  673  780 1001 1063 1232 1420 1505 1686 1713 1840 1911 1974 1916 1922 1824 1815  25377
    42   80  212  386  500  668  814  965 1129 1257 1409 1496 1675 1797 1847 1816 1932 1886 1901 1960 1862  25592
    45   75  220  351  511  651  837  916 1086 1282 1491 1586 1670 1774 1871 1917 1882 1991 1916 1935 1889  25851
    48   75  206  360  509  616  809  907 1175 1275 1498 1502 1605 1792 1844 1918 1910 1874 1916 1888 1829  25508
    51   68  232  382  484  626  847 1006 1112 1204 1364 1567 1640 1726 1849 1866 1926 1850 1916 1816 1796  25277
    54   67  194  380  492  634  789  947 1061 1236 1447 1595 1624 1683 1813 1900 1929 1984 1899 1873 1908  25455
    57   73  235  345  492  630  779  911 1128 1271 1440 1594 1681 1779 1948 1847 1887 1900 1932 1907 1914  25693
    60   70  225  377  450  644  794  967 1074 1256 1413 1565 1651 1780 1916 1940 1949 1912 1888 1980 1829  25680
    63   61  218  389  479  645  777  950 1109 1234 1336 1468 1651 1845 1875 1866 1922 1905 1918 1919 1788  25355
    66   63  203  357  483  636  858  929 1089 1312 1412 1498 1754 1773 1785 1914 2015 1893 1858 1915 1884  25631
    69   59  187  338  522  649  819  893 1053 1295 1441 1489 1671 1677 1859 1896 1847 1994 1889 1891 1914  25383
    72   63  208  380  500  677  788  898 1114 1292 1346 1532 1641 1782 1881 1924 1959 1988 2027 1862 1831  25693
    75   84  213  359  469  659  795  962 1163 1261 1381 1562 1674 1747 1786 1980 1926 1808 1908 1899 1874  25510
    78   78  229  357  492  691  837  945 1078 1338 1331 1515 1609 1735 1869 1945 1920 1929 1880 1918 1860  25556
    81   70  194  358  463  627  776  975 1058 1233 1375 1542 1687 1807 1790 1945 1960 1899 1896 1879 1868  25402
    84   72  228  326  507  684  805  950 1119 1283 1447 1518 1641 1759 1813 1911 1858 1937 1956 1948 1881  25643
    87   68  205  380  515  656  806  933 1129 1276 1360 1614 1625 1749 1899 1966 1975 1916 1888 1846 1866  25672
    90   71  189  341  494  639  818 1002 1114 1204 1344 1500 1657 1762 1913 1856 1914 1973 1941 1926 1869  25527
    93   75  208  363  520  627  823  962 1081 1267 1329 1472 1667 1738 1824 1910 1929 1966 1948 1961 1887  25557
    96   59  207  304  469  632  815  951 1100 1311 1399 1599 1633 1726 1776 1902 1932 1923 1953 1826 1852  25369
    99   71  217  363  493  674  834  959 1123 1198 1411 1570 1693 1758 1850 1953 2005 1914 1845 1857 1890  25678
   102   85  205  355  531  662  775  970 1170 1308 1410 1549 1605 1855 1915 1906 1931 1988 1860 1916 1812  25808
   105   66  196  377  499  621  805  985 1121 1256 1437 1488 1637 1776 1853 1904 1856 1919 1865 1932 1850  25443
   108   60  241  358  499  630  844  929 1086 1332 1442 1548 1782 1725 1799 1881 1886 1967 1921 1880 1848  25658
   111   66  206  342  470  620  840  916 1141 1287 1394 1577 1689 1775 1861 1964 1908 1983 1939 1930 1821  25729
   114   69  221  343  475  625  813  980 1136 1235 1354 1482 1686 1746 1883 1989 1924 1979 1805 1942 1901  25588
   117   66  188  330  493  658  817  921 1048 1285 1369 1518 1606 1724 1866 1929 1976 1941 1909 1897 1931  25472
   120   65  201  351  484  651  809  881 1166 1320 1394 1495 1629 1787 1886 1913 1984 1954 1863 1843 1791  25467
   123   64  230  362  500  653  803  946 1057 1229 1421 1534 1670 1787 1897 1905 2022 1918 1909 1933 1959  25799
   126   70  218  359  490  614  757  915 1122 1242 1410 1580 1676 1764 1801 2008 1867 1965 1982 1868 1837  25545
   129   78  229  348  485  653  815  932 1182 1274 1432 1573 1646 1750 1918 1980 1884 1956 1928 1874 1861  25798
   132   79  192  301  485  612  833  956 1137 1281 1368 1518 1671 1780 1842 1898 1976 1960 1862 1831 1930  25512
   135   64  207  348  506  608  766  988 1105 1173 1402 1550 1701 1705 1897 1971 1893 1929 1972 1914 1933  25632
   138   64  224  310  495  660  837  926 1073 1248 1411 1506 1767 1740 1809 1881 1844 1881 1911 1857 1868  25312
   141   77  238  358  490  677  823  930 1079 1305 1447 1495 1661 1708 1805 1859 1932 1851 2007 1930 1883  25555
   144   66  209  370  490  618  777  990 1122 1237 1372 1545 1684 1776 1845 1916 1984 1908 1955 1861 1927  25652
   147   68  215  351  498  644  799  962 1124 1225 1439 1492 1721 1715 1845 1847 1970 1995 1843 1905 1991  25649
   150   77  239  348  489  679  784 1002 1133 1283 1407 1574 1714 1876 1931 1903 1901 1923 1869 1909 1840  25881
   153   69  207  363  502  615  791 1006 1104 1231 1473 1471 1659 1753 1863 1921 1921 1871 2071 1833 1917  25641
   156   56  210  330  485  678  775  945 1080 1306 1394 1546 1606 1823 1849 1850 1877 1977 1971 1893 1844  25495
   159   70  233  311  507  626  808  869 1123 1282 1374 1602 1690 1746 1848 1878 1955 1942 1931 1969 1957  25721
   162   64  201  346  464  667  854  888 1098 1311 1468 1505 1673 1815 1843 1980 1973 1951 1929 1831 1833  25694
   165   77  211  332  481  706  813  969 1144 1261 1426 1509 1638 1754 1870 1961 1930 1917 1943 1859 1941  25742
   168   82  216  369  498  660  751  922 1105 1246 1467 1469 1599 1739 1821 1869 1938 1933 1907 1860 1848  25299
   171   55  210  334  526  668  796  936 1114 1255 1434 1535 1669 1767 1893 1836 1915 1914 1944 1823 1905  25529
   174   82  215  351  547  642  799  898 1038 1270 1406 1585 1740 1767 1877 1870 1972 1946 1939 1874 1909  25727
   177   85  198  359  493  656  777 1008 1160 1224 1413 1517 1581 1762 1850 1906 1950 1900 1831 1882 1853  25405
   180   71  215  319  487  633  769 1005 1097 1311 1362 1514 1674 1775 1875 1940 1896 1907 1952 1914 1859  25575
     0 42071269421064297563874348210568766636575907842959200799762****************************************1534268
