1
      *** PROGRAM TRVMC95 ***


                              * INPUT DATA *


       Z1        M1          E0       ALPHA       EF        ESB      SHEATH     ERC
     18.00     39.95      1733.00      0.00      0.10      0.00   5199.00      4.70

       NH        RI           X0        RD        CW        CA       KK0   KK0R   KDEE1  KDEE2  IPOT   IPOTR   IRL
     99999 716381.00         0.00    100.00      2.00      1.00       2      2      3      3      1      1      3


             DX      RHO    CK  Z(,1) Z(,2) Z(,3) Z(,4) Z(,5)  M(,1)  M(,2)  M(,3)  M(,4)  M(,5) C(,1) C(,2) C(,3) C(,4) C(,5)

 1.LAYER 10000.00   2.25   1.00    6.    0.    0.    0.    0.  12.01   0.00   0.00   0.00   0.00 1.000 0.000 0.000 0.000 0.000


                           ***  SBE(LAYER,ELEMENT)  ***     ***     ED(LAYER,ELEMENT)     ***     ***   BE(LAYER,ELEMENT)  ***

 1.LAYER                   7.41  0.00  0.00  0.00  0.00     30.00   0.00   0.00   0.00   0.00     0.10  0.00  0.00  0.00  0.00


       INTERACTION POTENTIAL : PROJECTILE-TARGET : KR-C POTENTIAL     TARGET-TARGET : KR-C POTENTIAL    


       INELASTIC LOSS MODEL  : PROJECTILE-TARGET : 50% LS 50% OR      TARGET-TARGET : 50% LS 50% OR     
1

                              * OUTPUT DATA *


                 HLM       HLMT        SU       SUT        XC        RT       SFE      INEL         L        LJ
               0.0000 10000.000    3.5029 10003.503   -3.5029  9900.000      7.41         0         1         1


                NPROJ       KIB       KIT      MAXA      NALL       NPA       NSA       KIS      KIST
                36012         0         0       284  32679735   2001712  18196299     90153         0


            EPS0(I)       Z2(I)       M2(I)     ARHO(I)       LM(I)     PMAX(I)     ASIG(I)       SB(I)       XX(I)        NJ(I)

 1.LAYER   0.3398E-01  0.6000E+01  0.1201E+02  0.1128E+00  0.2070E+01  0.1168E+01  0.2335E+00  0.7410E+01  0.1000E+05         1


             A1(1)   A1(2)   A1(3)   A1(4)   A1(5)   A1(6)   A1(7)   A1(8)   A1(9)  A1(10)  A1(11)  A1(12)  A1(13)  A1(14)  A1(15)

           0.13193


           KOR1(1) KOR1(2) KOR1(3) KOR1(4) KOR1(5) KOR1(6) KOR1(7) KOR1(8) KOR1(9) KOR1(A) KOR1(B) KOR1(C) KOR1(D) KOR1(E) KOR1(F)

           0.73577


            A(I,1)  A(I,2)  A(I,3)  A(I,4)  A(I,5)  A(I,6)  A(I,7)  A(I,8)  A(I,9) A(I,10) A(I,11) A(I,12) A(I,13) A(I,14) A(I,15)

           0.16242


           KOR(,1) KOR(,2) KOR(,3) KOR(,4) KOR(,5) KOR(,6) KOR(,7) KOR(,8) KOR(,9) KOR(,A) KOR(,B) KOR(,C) KOR(,D) KOR(,E) KOR(,F)

           0.46963
1

         IMPLANTED PARTICLES=  99998     ENERGY=0.1733E+09 EV
     BACKSCATTERED PARTICLES=      1     ENERGY=0.3298E+01 EV
       TRANSMITTED PARTICLES=      0     ENERGY=0.0000E+00 EV
     BACKSPUTTERED PARTICLES=  41450     ENERGY=0.8560E+06 EV
    TRANSM. SPUTT. PARTICLES=      0     ENERGY=0.0000E+00 EV


  PROJECTILES :   MEAN NUMBER OF ELASTIC COLLISIONS =     21.3   MEAN NUMBER OF EL.COLL.(E > EDISPL.) =    9.529
                                                                 MEAN NUMBER OF EL.COLL.(E > SB(1))   =   18.507

                       MEAN        VARIANCE      SKEWNESS      KURTOSIS        SIGMA       ERROR 1.M     ERROR 2.M     ERROR 3.M 
  PENETRATION       3.6111E+01    1.1732E+02    4.2001E-01    3.0136E+00    1.0832E+01    3.4253E-02    5.2647E-01    7.2838E-03
       SPREAD       1.2145E+01    4.4191E+01    7.6769E-01    3.6348E+00    6.6477E+00    2.1022E-02    2.2684E-01    9.6534E-03
   PATHLENGTH       4.2254E+01    1.3229E+02    3.6041E-01    2.9359E+00    1.1502E+01    3.6372E-02    5.8208E-01    7.0654E-03
 ELASTIC LOSS       1.6326E+03    1.1101E+03                                3.3318E+01    3.3318E-04
   INEL. LOSS       1.0037E+02    1.1101E+03                                3.3318E+01    3.3318E-04

                       MEAN        VARIANCE      SKEWNESS      KURTOSIS        SIGMA       ERROR 1.M     ERROR 2.M     ERROR 3.M 
   ELAST.LOSS       7.3074E+01    1.7166E+04    3.8446E+00    2.1362E+01    1.3102E+02    8.9686E-02    5.3024E+01    5.9388E-03
 WEAK EL.LOSS       3.4240E+00    6.5371E+00    1.0590E+00    3.5960E+00    2.5568E+00    1.7502E-03    7.2097E-03    1.3624E-03
 INELAST.LOSS       4.7030E+00    8.1529E+00    1.1613E-02    1.8620E+00    2.8553E+00    1.9545E-03    5.1815E-03    1.0350E-03
  SUBTHR.LOSS       1.3444E+01    5.5933E+01    3.2823E-01    2.2654E+00    7.4789E+00    6.8812E-03    5.7892E-02    1.3221E-03

                     1.MOMENT      2.MOMENT      3.MOMENT      4.MOMENT      5.MOMENT      6.MOMENT 
  PENETRATION       3.6111E+01    1.4214E+03    6.0335E+04    2.7371E+06    1.3168E+08    6.6746E+09



  RECOILES (PER PROJ.)   :   MEAN NUMBER OF ELASTIC COLLISIONS =    321.2   MEAN NUMBER OF EL.COLL.(E > EDISPL.) =     14.822
                                                                            MEAN NUMBER OF EL.COLL.(E > SB(1))   =     99.062

  RECOILES (PER KNOCKON) :   MEAN NUMBER OF ELASTIC COLLISIONS =    1.590   MEAN NUMBER OF EL.COLL.(E > EDISPL.) =      0.073
                                                                            MEAN NUMBER OF EL.COLL.(E > SB(1))   =      0.490

1


     DEPTH(A)  PARTICLES  NORM.DEPTH PATHLENGTH   INLOSS(EV)  TELOSS(EV)  ELLOSS(EV)  DAMAGE(EV)  PHONON(EV)  CASCAD(EV)     DPA

    -SU-    0.         0  0.0000E+00
     0.-    2.         0  0.0000E+00         0    8.1560E+05  1.1582E+07  1.1440E+07  1.0832E+07  6.0712E+05  9.0558E+06   46647
     2.-    4.         0  0.0000E+00         0    8.1156E+05  1.1432E+07  1.1276E+07  1.0653E+07  6.2314E+05  8.9212E+06   47619
     4.-    6.         1  0.1000E-04         0    7.8184E+05  1.1161E+07  1.0988E+07  1.0354E+07  6.3346E+05  8.6893E+06   49264
     6.-    8.         7  0.7000E-04         0    7.4928E+05  1.0978E+07  1.0784E+07  1.0136E+07  6.4847E+05  8.5234E+06   50840
     8.-   10.        33  0.3300E-03         0    7.1350E+05  1.0695E+07  1.0477E+07  9.8125E+06  6.6482E+05  8.2666E+06   52210
    10.-   12.       152  0.1520E-02         5    6.7849E+05  1.0323E+07  1.0075E+07  9.3830E+06  6.9240E+05  7.9235E+06   53738
    12.-   14.       363  0.3630E-02        30    6.4135E+05  1.0079E+07  9.7974E+06  9.0805E+06  7.1694E+05  7.6812E+06   55111
    14.-   16.       813  0.8130E-02       111    6.0087E+05  9.7156E+06  9.4001E+06  8.6532E+06  7.4688E+05  7.3337E+06   55770
    16.-   18.      1486  0.1486E-01       313    5.6087E+05  9.2337E+06  8.8804E+06  8.0936E+06  7.8676E+05  6.8746E+06   55680
    18.-   20.      2433  0.2433E-01       654    5.1653E+05  8.7201E+06  8.3365E+06  7.5271E+06  8.0937E+05  6.4050E+06   55059
    20.-   22.      3375  0.3375E-01      1148    4.7130E+05  8.1779E+06  7.7692E+06  6.9389E+06  8.3036E+05  5.9130E+06   53257
    22.-   24.      4331  0.4331E-01      1864    4.2566E+05  7.5020E+06  7.0751E+06  6.2365E+06  8.3857E+05  5.3248E+06   50824
    24.-   26.      5184  0.5184E-01      2764    3.8052E+05  6.8516E+06  6.4160E+06  5.5833E+06  8.3271E+05  4.7750E+06   47946
    26.-   28.      6102  0.6102E-01      3585    3.3451E+05  6.1492E+06  5.7175E+06  4.9077E+06  8.0975E+05  4.2035E+06   44273
    28.-   30.      6723  0.6723E-01      4379    2.9054E+05  5.4402E+06  5.0199E+06  4.2438E+06  7.7604E+05  3.6398E+06   39927
    30.-   32.      7195  0.7195E-01      5350    2.4894E+05  4.7132E+06  4.3142E+06  3.5875E+06  7.2667E+05  3.0815E+06   35423
    32.-   34.      7247  0.7247E-01      5995    2.1036E+05  4.0649E+06  3.6958E+06  3.0275E+06  6.6836E+05  2.6030E+06   30781
    34.-   36.      7261  0.7261E-01      6661    1.7515E+05  3.4392E+06  3.1041E+06  2.5034E+06  6.0071E+05  2.1553E+06   26435
    36.-   38.      6934  0.6934E-01      6809    1.4341E+05  2.8464E+06  2.5494E+06  2.0188E+06  5.3058E+05  1.7405E+06   22229
    38.-   40.      6275  0.6275E-01      6904    1.1583E+05  2.3351E+06  2.0763E+06  1.6153E+06  4.6096E+05  1.3939E+06   18380
    40.-   42.      5881  0.5881E-01      6781    9.2656E+04  1.8940E+06  1.6715E+06  1.2755E+06  3.9607E+05  1.1017E+06   14984
    42.-   44.      5351  0.5351E-01      6360    7.2719E+04  1.5107E+06  1.3228E+06  9.9035E+05  3.3248E+05  8.5610E+05   11908
    44.-   46.      4657  0.4657E-01      5809    5.6033E+04  1.1707E+06  1.0169E+06  7.4515E+05  2.7172E+05  6.4499E+05    9349
    46.-   48.      4061  0.4061E-01      5386    4.2231E+04  9.0062E+05  7.7673E+05  5.5824E+05  2.1849E+05  4.8330E+05    7051
    48.-   50.      3229  0.3229E-01      4965    3.1688E+04  6.7765E+05  5.8052E+05  4.0921E+05  1.7131E+05  3.5480E+05    5398
    50.-   52.      2666  0.2666E-01      4454    2.3266E+04  5.0383E+05  4.2831E+05  2.9406E+05  1.3425E+05  2.5512E+05    3966
    52.-   54.      2099  0.2099E-01      3858    1.6764E+04  3.6877E+05  3.1086E+05  2.0978E+05  1.0108E+05  1.8212E+05    2906
    54.-   56.      1698  0.1698E-01      3252    1.1704E+04  2.5537E+05  2.1293E+05  1.3806E+05  7.4875E+04  1.2001E+05    1999
    56.-   58.      1278  0.1278E-01      2934    8.1605E+03  1.8297E+05  1.5182E+05  9.6508E+04  5.5315E+04  8.3913E+04    1394
    58.-   60.       940  0.9400E-02      2329    5.5210E+03  1.2280E+05  1.0083E+05  6.1569E+04  3.9258E+04  5.3574E+04     908
    60.-   62.       677  0.6770E-02      1844    3.7422E+03  8.4445E+04  6.8889E+04  4.0866E+04  2.8022E+04  3.5608E+04     635
    62.-   64.       516  0.5160E-02      1451    2.4099E+03  5.6645E+04  4.6378E+04  2.7859E+04  1.8520E+04  2.4231E+04     406
    64.-   66.       363  0.3630E-02      1047    1.5914E+03  3.5201E+04  2.7918E+04  1.4329E+04  1.3589E+04  1.2501E+04     229
    66.-   68.       229  0.2290E-02       814    1.0107E+03  2.2880E+04  1.8135E+04  9.7724E+03  8.3631E+03  8.5376E+03     160
    68.-   70.       166  0.1660E-02       683    6.0507E+02  1.4076E+04  1.0986E+04  5.7981E+03  5.1876E+03  5.0712E+03     102
    70.-   72.       114  0.1140E-02       485    3.5322E+02  7.9688E+03  6.1682E+03  2.7252E+03  3.4430E+03  2.3732E+03      41
    72.-   74.        62  0.6200E-03       341    2.2541E+02  5.7422E+03  4.5733E+03  2.3420E+03  2.2313E+03  2.0260E+03      32
    74.-   76.        48  0.4800E-03       227    1.2692E+02  3.2001E+03  2.5052E+03  1.2980E+03  1.2072E+03  1.1293E+03      20
    76.-   78.        18  0.1800E-03       170    6.3152E+01  1.6011E+03  1.2830E+03  7.8710E+02  4.9592E+02  6.8888E+02      14
    78.-   80.        14  0.1400E-03        87    3.5807E+01  9.5299E+02  7.3764E+02  3.5949E+02  3.7815E+02  3.1539E+02       7
    80.-   82.         8  0.8000E-04        64    1.6862E+01  3.4962E+02  2.3714E+02  0.0000E+00  2.3714E+02  0.0000E+00       0
    82.-   84.         3  0.3000E-04        37    7.7504E+00  1.8983E+02  1.3460E+02  0.0000E+00  1.3460E+02  0.0000E+00       0
    84.-   86.         2  0.2000E-04        21    3.9434E+00  8.6523E+01  5.8681E+01  0.0000E+00  5.8681E+01  0.0000E+00       0
    86.-   88.         1  0.1000E-04        12    2.0966E+00  5.2233E+01  3.1889E+01  0.0000E+00  3.1889E+01  0.0000E+00       0
    88.-   90.         1  0.1000E-04         7    1.1260E+00  2.2885E+01  1.3457E+01  0.0000E+00  1.3457E+01  0.0000E+00       0
    90.-   92.         1  0.1000E-04         3    3.5466E-01  9.5053E+00  6.1468E+00  0.0000E+00  6.1468E+00  0.0000E+00       0
    92.-   94.         0  0.0000E+00         2    0.0000E+00  0.0000E+00  0.0000E+00  0.0000E+00  0.0000E+00  0.0000E+00       0
    94.-   96.         0  0.0000E+00         2    0.0000E+00  0.0000E+00  0.0000E+00  0.0000E+00  0.0000E+00  0.0000E+00       0
    96.-   98.         0  0.0000E+00         1    0.0000E+00  0.0000E+00  0.0000E+00  0.0000E+00  0.0000E+00  0.0000E+00       0
    98.-  100.         0  0.0000E+00         0    0.0000E+00  0.0000E+00  0.0000E+00  0.0000E+00  0.0000E+00  0.0000E+00       0
   100.-  102.         0  0.0000E+00         0    0.0000E+00  0.0000E+00  0.0000E+00  0.0000E+00  0.0000E+00  0.0000E+00       0
   102.-  104.         0  0.0000E+00         0    0.0000E+00  0.0000E+00  0.0000E+00  0.0000E+00  0.0000E+00  0.0000E+00       0
   104.-  106.         0  0.0000E+00         0    0.0000E+00  0.0000E+00  0.0000E+00  0.0000E+00  0.0000E+00  0.0000E+00       0
   106.-  108.         0  0.0000E+00         0    0.0000E+00  0.0000E+00  0.0000E+00  0.0000E+00  0.0000E+00  0.0000E+00       0
   108.-  110.         0  0.0000E+00         0    0.0000E+00  0.0000E+00  0.0000E+00  0.0000E+00  0.0000E+00  0.0000E+00       0
   110.-  112.         0  0.0000E+00         0    0.0000E+00  0.0000E+00  0.0000E+00  0.0000E+00  0.0000E+00  0.0000E+00       0
   112.-  114.         0  0.0000E+00         0    0.0000E+00  0.0000E+00  0.0000E+00  0.0000E+00  0.0000E+00  0.0000E+00       0
   114.-  116.         0  0.0000E+00         0    0.0000E+00  0.0000E+00  0.0000E+00  0.0000E+00  0.0000E+00  0.0000E+00       0
   116.-  118.         0  0.0000E+00         0    0.0000E+00  0.0000E+00  0.0000E+00  0.0000E+00  0.0000E+00  0.0000E+00       0
   118.-  120.         0  0.0000E+00         0    0.0000E+00  0.0000E+00  0.0000E+00  0.0000E+00  0.0000E+00  0.0000E+00       0
   120.-  122.         0  0.0000E+00         0    0.0000E+00  0.0000E+00  0.0000E+00  0.0000E+00  0.0000E+00  0.0000E+00       0
   122.-  124.         0  0.0000E+00         0    0.0000E+00  0.0000E+00  0.0000E+00  0.0000E+00  0.0000E+00  0.0000E+00       0
   124.-  126.         0  0.0000E+00         0    0.0000E+00  0.0000E+00  0.0000E+00  0.0000E+00  0.0000E+00  0.0000E+00       0
   126.-  128.         0  0.0000E+00         0    0.0000E+00  0.0000E+00  0.0000E+00  0.0000E+00  0.0000E+00  0.0000E+00       0
   128.-  130.         0  0.0000E+00         0    0.0000E+00  0.0000E+00  0.0000E+00  0.0000E+00  0.0000E+00  0.0000E+00       0
   130.-  132.         0  0.0000E+00         0    0.0000E+00  0.0000E+00  0.0000E+00  0.0000E+00  0.0000E+00  0.0000E+00       0
   132.-  134.         0  0.0000E+00         0    0.0000E+00  0.0000E+00  0.0000E+00  0.0000E+00  0.0000E+00  0.0000E+00       0
   134.-  136.         0  0.0000E+00         0    0.0000E+00  0.0000E+00  0.0000E+00  0.0000E+00  0.0000E+00  0.0000E+00       0
   136.-  138.         0  0.0000E+00         0    0.0000E+00  0.0000E+00  0.0000E+00  0.0000E+00  0.0000E+00  0.0000E+00       0
   138.-  140.         0  0.0000E+00         0    0.0000E+00  0.0000E+00  0.0000E+00  0.0000E+00  0.0000E+00  0.0000E+00       0
   140.-  142.         0  0.0000E+00         0    0.0000E+00  0.0000E+00  0.0000E+00  0.0000E+00  0.0000E+00  0.0000E+00       0
   142.-  144.         0  0.0000E+00         0    0.0000E+00  0.0000E+00  0.0000E+00  0.0000E+00  0.0000E+00  0.0000E+00       0
   144.-  146.         0  0.0000E+00         0    0.0000E+00  0.0000E+00  0.0000E+00  0.0000E+00  0.0000E+00  0.0000E+00       0
   146.-  148.         0  0.0000E+00         0    0.0000E+00  0.0000E+00  0.0000E+00  0.0000E+00  0.0000E+00  0.0000E+00       0
   148.-  150.         0  0.0000E+00         0    0.0000E+00  0.0000E+00  0.0000E+00  0.0000E+00  0.0000E+00  0.0000E+00       0
   150.-  152.         0  0.0000E+00         0    0.0000E+00  0.0000E+00  0.0000E+00  0.0000E+00  0.0000E+00  0.0000E+00       0
   152.-  154.         0  0.0000E+00         0    0.0000E+00  0.0000E+00  0.0000E+00  0.0000E+00  0.0000E+00  0.0000E+00       0
   154.-  156.         0  0.0000E+00         0    0.0000E+00  0.0000E+00  0.0000E+00  0.0000E+00  0.0000E+00  0.0000E+00       0
   156.-  158.         0  0.0000E+00         0    0.0000E+00  0.0000E+00  0.0000E+00  0.0000E+00  0.0000E+00  0.0000E+00       0
   158.-  160.         0  0.0000E+00         0    0.0000E+00  0.0000E+00  0.0000E+00  0.0000E+00  0.0000E+00  0.0000E+00       0
   160.-  162.         0  0.0000E+00         0    0.0000E+00  0.0000E+00  0.0000E+00  0.0000E+00  0.0000E+00  0.0000E+00       0
   162.-  164.         0  0.0000E+00         0    0.0000E+00  0.0000E+00  0.0000E+00  0.0000E+00  0.0000E+00  0.0000E+00       0
   164.-  166.         0  0.0000E+00         0    0.0000E+00  0.0000E+00  0.0000E+00  0.0000E+00  0.0000E+00  0.0000E+00       0
   166.-  168.         0  0.0000E+00         0    0.0000E+00  0.0000E+00  0.0000E+00  0.0000E+00  0.0000E+00  0.0000E+00       0
   168.-  170.         0  0.0000E+00         0    0.0000E+00  0.0000E+00  0.0000E+00  0.0000E+00  0.0000E+00  0.0000E+00       0
   170.-  172.         0  0.0000E+00         0    0.0000E+00  0.0000E+00  0.0000E+00  0.0000E+00  0.0000E+00  0.0000E+00       0
   172.-  174.         0  0.0000E+00         0    0.0000E+00  0.0000E+00  0.0000E+00  0.0000E+00  0.0000E+00  0.0000E+00       0
   174.-  176.         0  0.0000E+00         0    0.0000E+00  0.0000E+00  0.0000E+00  0.0000E+00  0.0000E+00  0.0000E+00       0
   176.-  178.         0  0.0000E+00         0    0.0000E+00  0.0000E+00  0.0000E+00  0.0000E+00  0.0000E+00  0.0000E+00       0
   178.-  180.         0  0.0000E+00         0    0.0000E+00  0.0000E+00  0.0000E+00  0.0000E+00  0.0000E+00  0.0000E+00       0
   180.-  182.         0  0.0000E+00         0    0.0000E+00  0.0000E+00  0.0000E+00  0.0000E+00  0.0000E+00  0.0000E+00       0
   182.-  184.         0  0.0000E+00         0    0.0000E+00  0.0000E+00  0.0000E+00  0.0000E+00  0.0000E+00  0.0000E+00       0
   184.-  186.         0  0.0000E+00         0    0.0000E+00  0.0000E+00  0.0000E+00  0.0000E+00  0.0000E+00  0.0000E+00       0
   186.-  188.         0  0.0000E+00         0    0.0000E+00  0.0000E+00  0.0000E+00  0.0000E+00  0.0000E+00  0.0000E+00       0
   188.-  190.         0  0.0000E+00         0    0.0000E+00  0.0000E+00  0.0000E+00  0.0000E+00  0.0000E+00  0.0000E+00       0
   190.-  192.         0  0.0000E+00         0    0.0000E+00  0.0000E+00  0.0000E+00  0.0000E+00  0.0000E+00  0.0000E+00       0
   192.-  194.         0  0.0000E+00         0    0.0000E+00  0.0000E+00  0.0000E+00  0.0000E+00  0.0000E+00  0.0000E+00       0
   194.-  196.         0  0.0000E+00         0    0.0000E+00  0.0000E+00  0.0000E+00  0.0000E+00  0.0000E+00  0.0000E+00       0
   196.-  198.         0  0.0000E+00         0    0.0000E+00  0.0000E+00  0.0000E+00  0.0000E+00  0.0000E+00  0.0000E+00       0
   198.-  200.         0  0.0000E+00         0    0.0000E+00  0.0000E+00  0.0000E+00  0.0000E+00  0.0000E+00  0.0000E+00       0
   200.-   SUT         0  0.0000E+00

                   99998  1.0000E+00     99998    1.0037E+07  1.6326E+08  1.5595E+08  1.4007E+08  1.5881E+07  1.1873E+08  952922
1
     RECOILS



     DEPTH(A)     INLOSS(EV)   TELOSS(EV)   ELLOSS(EV)   DAMAGE(EV)   PHONON(EV)     DPA  DPA(1)  DPA(2)

     0.-    2.    2.7205E+05   5.0558E+06   3.9939E+06   8.3872E+05   3.1551E+06   14623   14623       0
     2.-    4.    4.9046E+05   8.2746E+06   6.8401E+06   2.2603E+06   4.5798E+06   33281   33281       0
     4.-    6.    6.8902E+05   1.1149E+07   9.2923E+06   3.2953E+06   5.9970E+06   46795   46795       0
     6.-    8.    8.4952E+05   1.3564E+07   1.1331E+07   4.0961E+06   7.2352E+06   57290   57290       0
     8.-   10.    9.8114E+05   1.5579E+07   1.3021E+07   4.7089E+06   8.3121E+06   65787   65787       0
    10.-   12.    1.0889E+06   1.7366E+07   1.4524E+07   5.2976E+06   9.2260E+06   73935   73935       0
    12.-   14.    1.1701E+06   1.8755E+07   1.5679E+07   5.7017E+06   9.9775E+06   79458   79458       0
    14.-   16.    1.2286E+06   1.9737E+07   1.6469E+07   5.8779E+06   1.0591E+07   82850   82850       0
    16.-   18.    1.2615E+06   2.0390E+07   1.6988E+07   5.9863E+06   1.1001E+07   85516   85516       0
    18.-   20.    1.2819E+06   2.0933E+07   1.7424E+07   6.0976E+06   1.1326E+07   87142   87142       0
    20.-   22.    1.2758E+06   2.0950E+07   1.7403E+07   5.9644E+06   1.1438E+07   86559   86559       0
    22.-   24.    1.2516E+06   2.0695E+07   1.7154E+07   5.7608E+06   1.1394E+07   84448   84448       0
    24.-   26.    1.2107E+06   2.0215E+07   1.6734E+07   5.5732E+06   1.1161E+07   82377   82377       0
    26.-   28.    1.1489E+06   1.9323E+07   1.5960E+07   5.1839E+06   1.0776E+07   77242   77242       0
    28.-   30.    1.0744E+06   1.8253E+07   1.5047E+07   4.8112E+06   1.0235E+07   72382   72382       0
    30.-   32.    9.8855E+05   1.6918E+07   1.3915E+07   4.3502E+06   9.5651E+06   66139   66139       0
    32.-   34.    8.9745E+05   1.5427E+07   1.2658E+07   3.8674E+06   8.7903E+06   59202   59202       0
    34.-   36.    8.0358E+05   1.3916E+07   1.1402E+07   3.4297E+06   7.9723E+06   52865   52865       0
    36.-   38.    7.1104E+05   1.2396E+07   1.0147E+07   3.0323E+06   7.1148E+06   46762   46762       0
    38.-   40.    6.1884E+05   1.0815E+07   8.8314E+06   2.5744E+06   6.2570E+06   40333   40333       0
    40.-   42.    5.3263E+05   9.4070E+06   7.6784E+06   2.2457E+06   5.4327E+06   35132   35132       0
    42.-   44.    4.5240E+05   8.0118E+06   6.5264E+06   1.8640E+06   4.6624E+06   29469   29469       0
    44.-   46.    3.8014E+05   6.7488E+06   5.4880E+06   1.5431E+06   3.9449E+06   24349   24349       0
    46.-   48.    3.1507E+05   5.6329E+06   4.5758E+06   1.2759E+06   3.2999E+06   20211   20211       0
    48.-   50.    2.5873E+05   4.6394E+06   3.7690E+06   1.0574E+06   2.7116E+06   16798   16798       0
    50.-   52.    2.0997E+05   3.7716E+06   3.0609E+06   8.4366E+05   2.2173E+06   13328   13328       0
    52.-   54.    1.6822E+05   3.0243E+06   2.4520E+06   6.7009E+05   1.7819E+06   10801   10801       0
    54.-   56.    1.3319E+05   2.3874E+06   1.9320E+06   5.1657E+05   1.4154E+06    8306    8306       0
    56.-   58.    1.0401E+05   1.8719E+06   1.5139E+06   4.0333E+05   1.1106E+06    6564    6564       0
    58.-   60.    8.1505E+04   1.4653E+06   1.1864E+06   3.1911E+05   8.6726E+05    5116    5116       0
    60.-   62.    6.3000E+04   1.1346E+06   9.1893E+05   2.4339E+05   6.7554E+05    3937    3937       0
    62.-   64.    4.8466E+04   8.6830E+05   7.0183E+05   1.8939E+05   5.1243E+05    3021    3021       0
    64.-   66.    3.7261E+04   6.6874E+05   5.4239E+05   1.5148E+05   3.9091E+05    2393    2393       0
    66.-   68.    2.8661E+04   5.1186E+05   4.1534E+05   1.1458E+05   3.0077E+05    1851    1851       0
    68.-   70.    2.1828E+04   3.8528E+05   3.1194E+05   8.3362E+04   2.2858E+05    1376    1376       0
    70.-   72.    1.6502E+04   2.9414E+05   2.3840E+05   6.5910E+04   1.7249E+05    1075    1075       0
    72.-   74.    1.2503E+04   2.2390E+05   1.8216E+05   5.1967E+04   1.3019E+05     859     859       0
    74.-   76.    9.7014E+03   1.7055E+05   1.3854E+05   3.8870E+04   9.9670E+04     644     644       0
    76.-   78.    7.5040E+03   1.3217E+05   1.0792E+05   3.1385E+04   7.6535E+04     508     508       0
    78.-   80.    5.5270E+03   9.8211E+04   7.9919E+04   2.2785E+04   5.7134E+04     365     365       0
    80.-   82.    4.2058E+03   7.2778E+04   5.8816E+04   1.5018E+04   4.3797E+04     259     259       0
    82.-   84.    3.2256E+03   5.6463E+04   4.5956E+04   1.3396E+04   3.2560E+04     228     228       0
    84.-   86.    2.4483E+03   4.2735E+04   3.4526E+04   9.1987E+03   2.5327E+04     157     157       0
    86.-   88.    1.8525E+03   3.4452E+04   2.8329E+04   9.2729E+03   1.9056E+04     142     142       0
    88.-   90.    1.3603E+03   2.4415E+04   1.9879E+04   5.2279E+03   1.4651E+04      87      87       0
    90.-   92.    1.0806E+03   1.9072E+04   1.5346E+04   3.8348E+03   1.1511E+04      68      68       0
    92.-   94.    7.2879E+02   1.3442E+04   1.0817E+04   2.6580E+03   8.1590E+03      45      45       0
    94.-   96.    5.6460E+02   1.0300E+04   8.3788E+03   2.3878E+03   5.9910E+03      43      43       0
    96.-   98.    4.0669E+02   7.2983E+03   5.9434E+03   1.4330E+03   4.5103E+03      23      23       0
    98.-  100.    2.6552E+02   4.8165E+03   3.8382E+03   7.8768E+02   3.0505E+03      15      15       0
   100.-  102.    1.4754E+02   2.6613E+03   2.1987E+03   7.0355E+02   1.4952E+03       8       8       0
   102.-  104.    2.9220E+00   5.0510E+01   3.7334E+01   0.0000E+00   3.7334E+01       0       0       0
   104.-  106.    0.0000E+00   0.0000E+00   0.0000E+00   0.0000E+00   0.0000E+00       0       0       0
   106.-  108.    0.0000E+00   0.0000E+00   0.0000E+00   0.0000E+00   0.0000E+00       0       0       0
   108.-  110.    0.0000E+00   0.0000E+00   0.0000E+00   0.0000E+00   0.0000E+00       0       0       0
   110.-  112.    0.0000E+00   0.0000E+00   0.0000E+00   0.0000E+00   0.0000E+00       0       0       0
   112.-  114.    0.0000E+00   0.0000E+00   0.0000E+00   0.0000E+00   0.0000E+00       0       0       0
   114.-  116.    0.0000E+00   0.0000E+00   0.0000E+00   0.0000E+00   0.0000E+00       0       0       0
   116.-  118.    0.0000E+00   0.0000E+00   0.0000E+00   0.0000E+00   0.0000E+00       0       0       0
   118.-  120.    0.0000E+00   0.0000E+00   0.0000E+00   0.0000E+00   0.0000E+00       0       0       0
   120.-  122.    0.0000E+00   0.0000E+00   0.0000E+00   0.0000E+00   0.0000E+00       0       0       0
   122.-  124.    0.0000E+00   0.0000E+00   0.0000E+00   0.0000E+00   0.0000E+00       0       0       0
   124.-  126.    0.0000E+00   0.0000E+00   0.0000E+00   0.0000E+00   0.0000E+00       0       0       0
   126.-  128.    0.0000E+00   0.0000E+00   0.0000E+00   0.0000E+00   0.0000E+00       0       0       0
   128.-  130.    0.0000E+00   0.0000E+00   0.0000E+00   0.0000E+00   0.0000E+00       0       0       0
   130.-  132.    0.0000E+00   0.0000E+00   0.0000E+00   0.0000E+00   0.0000E+00       0       0       0
   132.-  134.    0.0000E+00   0.0000E+00   0.0000E+00   0.0000E+00   0.0000E+00       0       0       0
   134.-  136.    0.0000E+00   0.0000E+00   0.0000E+00   0.0000E+00   0.0000E+00       0       0       0
   136.-  138.    0.0000E+00   0.0000E+00   0.0000E+00   0.0000E+00   0.0000E+00       0       0       0
   138.-  140.    0.0000E+00   0.0000E+00   0.0000E+00   0.0000E+00   0.0000E+00       0       0       0
   140.-  142.    0.0000E+00   0.0000E+00   0.0000E+00   0.0000E+00   0.0000E+00       0       0       0
   142.-  144.    0.0000E+00   0.0000E+00   0.0000E+00   0.0000E+00   0.0000E+00       0       0       0
   144.-  146.    0.0000E+00   0.0000E+00   0.0000E+00   0.0000E+00   0.0000E+00       0       0       0
   146.-  148.    0.0000E+00   0.0000E+00   0.0000E+00   0.0000E+00   0.0000E+00       0       0       0
   148.-  150.    0.0000E+00   0.0000E+00   0.0000E+00   0.0000E+00   0.0000E+00       0       0       0
   150.-  152.    0.0000E+00   0.0000E+00   0.0000E+00   0.0000E+00   0.0000E+00       0       0       0
   152.-  154.    0.0000E+00   0.0000E+00   0.0000E+00   0.0000E+00   0.0000E+00       0       0       0
   154.-  156.    0.0000E+00   0.0000E+00   0.0000E+00   0.0000E+00   0.0000E+00       0       0       0
   156.-  158.    0.0000E+00   0.0000E+00   0.0000E+00   0.0000E+00   0.0000E+00       0       0       0
   158.-  160.    0.0000E+00   0.0000E+00   0.0000E+00   0.0000E+00   0.0000E+00       0       0       0
   160.-  162.    0.0000E+00   0.0000E+00   0.0000E+00   0.0000E+00   0.0000E+00       0       0       0
   162.-  164.    0.0000E+00   0.0000E+00   0.0000E+00   0.0000E+00   0.0000E+00       0       0       0
   164.-  166.    0.0000E+00   0.0000E+00   0.0000E+00   0.0000E+00   0.0000E+00       0       0       0
   166.-  168.    0.0000E+00   0.0000E+00   0.0000E+00   0.0000E+00   0.0000E+00       0       0       0
   168.-  170.    0.0000E+00   0.0000E+00   0.0000E+00   0.0000E+00   0.0000E+00       0       0       0
   170.-  172.    0.0000E+00   0.0000E+00   0.0000E+00   0.0000E+00   0.0000E+00       0       0       0
   172.-  174.    0.0000E+00   0.0000E+00   0.0000E+00   0.0000E+00   0.0000E+00       0       0       0
   174.-  176.    0.0000E+00   0.0000E+00   0.0000E+00   0.0000E+00   0.0000E+00       0       0       0
   176.-  178.    0.0000E+00   0.0000E+00   0.0000E+00   0.0000E+00   0.0000E+00       0       0       0
   178.-  180.    0.0000E+00   0.0000E+00   0.0000E+00   0.0000E+00   0.0000E+00       0       0       0
   180.-  182.    0.0000E+00   0.0000E+00   0.0000E+00   0.0000E+00   0.0000E+00       0       0       0
   182.-  184.    0.0000E+00   0.0000E+00   0.0000E+00   0.0000E+00   0.0000E+00       0       0       0
   184.-  186.    0.0000E+00   0.0000E+00   0.0000E+00   0.0000E+00   0.0000E+00       0       0       0
   186.-  188.    0.0000E+00   0.0000E+00   0.0000E+00   0.0000E+00   0.0000E+00       0       0       0
   188.-  190.    0.0000E+00   0.0000E+00   0.0000E+00   0.0000E+00   0.0000E+00       0       0       0
   190.-  192.    0.0000E+00   0.0000E+00   0.0000E+00   0.0000E+00   0.0000E+00       0       0       0
   192.-  194.    0.0000E+00   0.0000E+00   0.0000E+00   0.0000E+00   0.0000E+00       0       0       0
   194.-  196.    0.0000E+00   0.0000E+00   0.0000E+00   0.0000E+00   0.0000E+00       0       0       0
   196.-  198.    0.0000E+00   0.0000E+00   0.0000E+00   0.0000E+00   0.0000E+00       0       0       0
   198.-  200.    0.0000E+00   0.0000E+00   0.0000E+00   0.0000E+00   0.0000E+00       0       0       0

                  2.2197E+07   3.7145E+08   3.0687E+08   1.0050E+08   2.0636E+08 1482164 1482164       0
1

     BACKSCATTERING OF PROJECTILES


     PART.REFL.COEF.= 1.0000E-05  ENERGY REFL.COEF.= 1.9033E-08  REL.MEAN ENERGY = 1.9033E-03  MEAN ENERGY = 3.2984E+00

                       MEAN        VARIANCE      SKEWNESS      KURTOSIS        SIGMA       ERROR 1.M     ERROR 2.M     ERROR 3.M 
       ENERGY       0.0000E+00    0.0000E+00    0.0000E+00    0.0000E+00    0.0000E+00    0.0000E+00    0.0000E+00    0.0000E+00
   PATHLENGTH       0.0000E+00    0.0000E+00    0.0000E+00    0.0000E+00    0.0000E+00    0.0000E+00    0.0000E+00    0.0000E+00
 ELASTIC LOSS       0.0000E+00    0.0000E+00                                0.0000E+00    0.0000E+00
   INEL. LOSS       0.0000E+00    0.0000E+00                                0.0000E+00    0.0000E+00

                     1.MOMENT      2.MOMENT      3.MOMENT      4.MOMENT      5.MOMENT      6.MOMENT 
       ENERGY       3.2984E+00    1.0880E+01    3.5886E+01    1.1837E+02    3.9043E+02    1.2878E+03
    LOGENERGY       5.1831E-01    2.6864E-01    1.3924E-01    7.2170E-02    3.7406E-02    1.9388E-02
   PATHLENGTH       4.6329E+01    2.1464E+03    9.9441E+04    4.6070E+06    2.1344E+08    9.8885E+09


     POLAR ANGULAR DISTRIBUTION OF BACKSCATTERED PROJECTILES


       0.05  0.10  0.15  0.20  0.25  0.30  0.35  0.40  0.45  0.50  0.55  0.60  0.65  0.70  0.75  0.80  0.85  0.90  0.95  1.00

          0     0     0     0     0     0     0     0     0     0     0     0     0     0     0     0     0     0     0     1
      0.000 0.000 0.000 0.000 0.000 0.000 0.000 0.000 0.000 0.000 0.000 0.000 0.000 0.000 0.000 0.000 0.000 0.000 0.00020.000
1     BACKWARD SPUTTERING



        ALL SPUTTERED PARTICLES =   41450   TOTAL SPUTTERED ENERGY = 0.8560E+06 EV


        SPUTTERED PARTICLES (1.LAYER) =   41450   SPUTTERED ENERGY = 0.8560E+06 EV


 1.LAYER
         SPUTTERED PARTICLES(1) =   41450     SPUTTERED ENERGY(1) = 0.8560E+06 EV

         ION IN , PRIMARY KO(1) =    9044   0.2182   0.2182    ENERGY = 0.2958E+06 EV   0.3456   0.3456    MEAN ENERGY = 0.3271E+02
         ION IN , SECOND. KO(1) =   32404   0.7818   0.7818    ENERGY = 0.5601E+06 EV   0.6544   0.6544    MEAN ENERGY = 0.1729E+02
        ION OUT , PRIMARY KO(1) =       0   0.0000   0.0000    ENERGY = 0.0000E+00 EV   0.0000   0.0000    MEAN ENERGY = 0.0000E+00
        ION OUT , SECOND. KO(1) =       2   0.0000   0.0000    ENERGY = 0.5279E+01 EV   0.0000   0.0000    MEAN ENERGY = 0.2639E+01


     SPUTTERING YIELD(1) =  4.145E-01  SPUTTERED ENERGY(1) =  4.939E-03  REL.MEAN ENERGY(1) =  1.192E-02  MEAN ENERGY(1) =  2.065E+01

                       MEAN        VARIANCE      SKEWNESS      KURTOSIS        SIGMA       ERROR 1.M     ERROR 2.M     ERROR 3.M 
    ENERGY(1)       2.0651E+01    6.4823E+02    3.1324E+00    1.7574E+01    2.5460E+01    1.2506E-01    1.2962E+01    6.3543E-02
 LOGENERGY(1)       1.0604E+00    2.4473E-01   -2.5743E-01    3.0375E+00    4.9470E-01    2.4302E-03    1.7161E-03    1.1803E-02

                     1.MOMENT      2.MOMENT      3.MOMENT      4.MOMENT      5.MOMENT      6.MOMENT 
    ENERGY(1)       2.0651E+01    1.0747E+03    1.0066E+05    1.3495E+07    2.2731E+09    4.4743E+11
 LOGENERGY(1)       1.0604E+00    1.3692E+00    1.9397E+00    2.9651E+00    4.7934E+00    8.1182E+00



     POLAR ANGULAR DISTRIBUTION OF ALL BACKWARD SPUTTERED PARTICLES


       0.05  0.10  0.15  0.20  0.25  0.30  0.35  0.40  0.45  0.50  0.55  0.60  0.65  0.70  0.75  0.80  0.85  0.90  0.95  1.00

         94   245   440   661   855  1142  1363  1616  1889  2124  2418  2566  2781  2888  3141  3168  3348  3453  3608  3650
      0.045 0.118 0.212 0.319 0.413 0.551 0.658 0.780 0.911 1.025 1.167 1.238 1.342 1.393 1.516 1.529 1.615 1.666 1.741 1.761
1 LOG ENERGY - COS OF EMISSION ANGLE (0.05 STEPS)   (BACKWARD SPUTTERED PARTICLES) ; 1. LAYER ; SPECIES 1


   0.0000E+00    1    2    3    4    5    6    7    8    9   10   11   12   13   14   15   16   17   18   19   20     0  0.0000E+00
   0.1000E+00    0    0    0    0    1    0    1    1    0    0    0    1    0    0    2    2    0    2    2    0    12  0.1200E-02
   0.1212E+00    0    0    0    0    0    0    0    0    0    0    0    0    0    0    0    0    0    0    0    0     0  0.0000E+00
   0.1468E+00    0    0    0    0    0    0    0    0    0    0    0    0    0    0    0    0    0    0    0    0     0  0.0000E+00
   0.1778E+00    0    0    0    0    0    0    0    0    0    0    0    0    0    0    0    0    0    0    0    0     0  0.0000E+00
   0.2154E+00    0    0    0    0    0    0    0    0    0    0    0    0    0    0    0    0    0    0    0    0     0  0.0000E+00
   0.2610E+00    0    0    0    0    0    0    0    0    0    0    0    0    0    0    0    0    0    0    0    0     0  0.0000E+00
   0.3162E+00    0    0    0    0    0    0    0    0    0    0    0    0    0    0    0    0    0    0    0    0     0  0.0000E+00
   0.3831E+00    0    0    0    0    0    0    0    0    0    0    0    0    0    0    0    0    0    0    0    0     0  0.0000E+00
   0.4642E+00    0    0    0    0    0    0    0    0    0    0    0    0    0    0    0    0    0    0    0    0     0  0.0000E+00
   0.5623E+00    0    0    0    0    0    0    0    0    0    0    0    0    0    0    0    0    0    0    0    0     0  0.0000E+00
   0.6813E+00    0    0    0    0    0    0    0    0    0    0    0    0    0    0    0    0    0    0    0    0     0  0.0000E+00
   0.8254E+00    0    0    0    0    0    0    0    0    0    0    0    0    0    0    0    0    0    0    0    0     0  0.0000E+00
   0.1000E+01    0    0    0    0    0    0    0    0    0    0    0    0    0    0    0    0    0    0    0    0     0  0.0000E+00
   0.1212E+01    0    0    0    0    0    0    0    0    0    0    0    0    0    0    0    0    0    0    0    0     0  0.0000E+00
   0.1468E+01    0    0    0    0    0    0    0    0    0    0    0    0    0    0    0    0    0    0    0    0     0  0.0000E+00
   0.1778E+01    0    0    0    0    0    0    0    0    0    0    0    0    0    0    0    0    0    0    0    0     0  0.0000E+00
   0.2154E+01    0    0    0    0    0    0    0    0    0    0    0    0    0    0    0    0    0    0    0    0     0  0.0000E+00
   0.2610E+01    0    0    0    0    0    0    0    0    0    0    0    0    0    0    0    0    0    0    0    0     0  0.0000E+00
   0.3162E+01    0    0    0    0    0    0    0    0    0    0    0    0    0    0    0    0    0    0    0    0     0  0.0000E+00
   0.3831E+01    0    0    0    0    0    0    0    0    0    0    0    0    0    0    0    0    0    0    0    0     0  0.0000E+00
   0.4642E+01    0    0    0    0    0    0    0    0    0    0    0    0    0    0    0    0    0    0    0    0     0  0.0000E+00
   0.5623E+01    0    0    0    0    0    0    0    0    0    0    0    0    0    0    0    0    0    0    0    0     0  0.0000E+00
   0.6813E+01    0    0    0    0    0    0    0    0    0    0    0    0    0    0    0    0    0    0    0    0     0  0.0000E+00
   0.8254E+01    0    0    0    0    0    0    0    0    0    0    0    0    0    0    0    0    0    0    0    0     0  0.0000E+00
   0.1000E+02    0    0    0    0    0    0    0    0    0    0    0    0    0    0    0    0    0    0    0    0     0  0.0000E+00
   0.1212E+02    0    0    0    0    0    0    0    0    0    0    0    0    0    0    0    0    0    0    0    0     0  0.0000E+00
   0.1468E+02    0    0    0    0    0    0    0    0    0    0    0    0    0    0    0    0    0    0    0    0     0  0.0000E+00
   0.1778E+02    0    0    0    0    0    0    0    0    0    0    0    0    0    0    0    0    0    0    0    0     0  0.0000E+00
   0.2154E+02    0    0    0    0    0    0    0    0    0    0    0    0    0    0    0    0    0    0    0    0     0  0.0000E+00
   0.2610E+02    0    0    0    0    0    0    0    0    0    0    0    0    0    0    0    0    0    0    0    0     0  0.0000E+00
   0.3162E+02    0    0    0    0    0    0    0    0    0    0    0    0    0    0    0    0    0    0    0    0     0  0.0000E+00
   0.3831E+02    0    0    0    0    0    0    0    0    0    0    0    0    0    0    0    0    0    0    0    0     0  0.0000E+00
   0.4642E+02    0    0    0    0    0    0    0    0    0    0    0    0    0    0    0    0    0    0    0    0     0  0.0000E+00
   0.5623E+02    0    0    0    0    0    0    0    0    0    0    0    0    0    0    0    0    0    0    0    0     0  0.0000E+00
   0.6813E+02    0    0    0    0    0    0    0    0    0    0    0    0    0    0    0    0    0    0    0    0     0  0.0000E+00
   0.8254E+02    0    0    0    0    0    0    0    0    0    0    0    0    0    0    0    0    0    0    0    0     0  0.0000E+00
   0.1000E+03    0    0    0    0    0    0    0    0    0    0    0    0    0    0    0    0    0    0    0    0     0  0.0000E+00
   0.1212E+03    0    0    0    0    0    0    0    0    0    0    0    0    0    0    0    0    0    0    0    0     0  0.0000E+00
   0.1468E+03    0    0    0    0    0    0    0    0    0    0    0    0    0    0    0    0    0    0    0    0     0  0.0000E+00
   0.1778E+03    0    0    0    0    0    0    0    0    0    0    0    0    0    0    0    0    0    0    0    0     0  0.0000E+00
   0.2154E+03    0    0    0    0    0    0    0    0    0    0    0    0    0    0    0    0    0    0    0    0     0  0.0000E+00
   0.2610E+03    0    0    0    0    0    0    0    0    0    0    0    0    0    0    0    0    0    0    0    0     0  0.0000E+00
   0.3162E+03    0    0    0    0    0    0    0    0    0    0    0    0    0    0    0    0    0    0    0    0     0  0.0000E+00
   0.3831E+03    0    0    0    0    0    0    0    0    0    0    0    0    0    0    0    0    0    0    0    0     0  0.0000E+00
   0.4642E+03    0    0    0    0    0    0    0    0    0    0    0    0    0    0    0    0    0    0    0    0     0  0.0000E+00
   0.5623E+03    0    0    0    0    0    0    0    0    0    0    0    0    0    0    0    0    0    0    0    0     0  0.0000E+00
   0.6813E+03    0    0    0    0    0    0    0    0    0    0    0    0    0    0    0    0    0    0    0    0     0  0.0000E+00
   0.8254E+03    0    0    0    0    0    0    0    0    0    0    0    0    0    0    0    0    0    0    0    0     0  0.0000E+00
   0.1000E+04    0    0    0    0    0    0    0    0    0    0    0    0    0    0    0    0    0    0    0    0     0  0.0000E+00
   0.1212E+04    0    0    0    0    0    0    0    0    0    0    0    0    0    0    0    0    0    0    0    0     0  0.0000E+00
   0.1468E+04    0    0    0    0    0    0    0    0    0    0    0    0    0    0    0    0    0    0    0    0     0  0.0000E+00
   0.1778E+04    0    0    0    0    0    0    0    0    0    0    0    0    0    0    0    0    0    0    0    0     0  0.0000E+00
   0.2154E+04    0    0    0    0    0    0    0    0    0    0    0    0    0    0    0    0    0    0    0    0     0  0.0000E+00
   0.2610E+04    0    0    0    0    0    0    0    0    0    0    0    0    0    0    0    0    0    0    0    0     0  0.0000E+00
   0.3162E+04    0    0    0    0    0    0    0    0    0    0    0    0    0    0    0    0    0    0    0    0     0  0.0000E+00
   0.3831E+04    0    0    0    0    0    0    0    0    0    0    0    0    0    0    0    0    0    0    0    0     0  0.0000E+00
   0.4642E+04    0    0    0    0    0    0    0    0    0    0    0    0    0    0    0    0    0    0    0    0     0  0.0000E+00
   0.5623E+04    0    0    0    0    0    0    0    0    0    0    0    0    0    0    0    0    0    0    0    0     0  0.0000E+00
   0.6813E+04    0    0    0    0    0    0    0    0    0    0    0    0    0    0    0    0    0    0    0    0     0  0.0000E+00
   0.8254E+04    0    0    0    0    0    0    0    0    0    0    0    0    0    0    0    0    0    0    0    0     0  0.0000E+00
   0.1000E+05    0    0    0    0    0    0    0    0    0    0    0    0    0    0    0    0    0    0    0    0     0  0.0000E+00
   0.1212E+05    0    0    0    0    0    0    0    0    0    0    0    0    0    0    0    0    0    0    0    0     0  0.0000E+00
   0.1468E+05    0    0    0    0    0    0    0    0    0    0    0    0    0    0    0    0    0    0    0    0     0  0.0000E+00
   0.1778E+05    0    0    0    0    0    0    0    0    0    0    0    0    0    0    0    0    0    0    0    0     0  0.0000E+00
   0.2154E+05    0    0    0    0    0    0    0    0    0    0    0    0    0    0    0    0    0    0    0    0     0  0.0000E+00
   0.2610E+05    0    0    0    0    0    0    0    0    0    0    0    0    0    0    0    0    0    0    0    0     0  0.0000E+00
   0.3162E+05    0    0    0    0    0    0    0    0    0    0    0    0    0    0    0    0    0    0    0    0     0  0.0000E+00
   0.3831E+05    0    0    0    0    0    0    0    0    0    0    0    0    0    0    0    0    0    0    0    0     0  0.0000E+00
   0.4642E+05    0    0    0    0    0    0    0    0    0    0    0    0    0    0    0    0    0    0    0    0     0  0.0000E+00
   0.5623E+05    0    0    0    0    0    0    0    0    0    0    0    0    0    0    0    0    0    0    0    0     0  0.0000E+00
   0.6813E+05    0    0    0    0    0    0    0    0    0    0    0    0    0    0    0    0    0    0    0    0     0  0.0000E+00
   0.8254E+05    0    0    0    0    0    0    0    0    0    0    0    0    0    0    0    0    0    0    0    0     0  0.0000E+00
   0.1000E+06    0    0    0    0    0    0    0    0    0    0    0    0    0    0    0    0    0    0    0    0     0  0.0000E+00
   0.0000E+00  188  490  880 1322 1709 2284 2725 3231 3778 4248 4836 5131 5562 5776 6280 6334 6696 6904 7214 7300 82888  0.0000E+00
1ENERGY(E/E0 IN %) - POLAR ANGLE IN COS-INTERVALS (0.05)  (BACKWARD SPUTTERED PARTICLES) , 1.LAYER , SPECIES 1

     0    1    2    3    4    5    6    7    8    9   10   11   12   13   14   15   16   17   18   19   20      0
     1   58  168  305  416  557  730  814  967 1145 1273 1367 1453 1656 1707 1927 1987 2156 2310 2471 2605  26072
     2   25   53   90  139  157  237  301  331  360  410  516  552  537  618  626  643  698  687  725  670   8375
     3    7    9   27   45   81   82  113  138  170  191  237  240  253  269  273  253  239  231  212  208   3278
     4    3    8    8   28   36   33   60   83   98   85  113  123  121  119  127  124  126  110  106   94   1605
     5    0    3    4   18   11   25   28   41   48   61   60   80   91   69   86   69   49   55   41   34    873
     6    0    2    3    9    8   15   16   16   23   41   54   45   54   38   35   35   32   22   27   14    489
     7    0    2    0    4    1    8   11    7   14   22   28   32   21   27   28   18   18   14   11   10    276
     8    1    0    0    1    1    4    4    8    7   20   13   11   12   15   14   11   13   14    2    9    160
     9    0    0    1    1    0    1    9   11    7    7   10   10   15    7    9   12    9    4    8    2    123
    10    0    0    1    0    2    4    4    6    4    7    6    7    6   14    6    8    3    2    5    1     86
    11    0    0    0    0    0    1    1    3    8    2    5    5    9    0    3    3    1    2    0    1     44
    12    0    0    1    0    0    1    0    1    2    1    4    4    4    3    1    3    2    1    0    2     30
    13    0    0    0    0    0    0    0    0    1    0    2    0    0    0    2    1    1    1    0    0      8
    14    0    0    0    0    1    0    1    3    1    1    2    1    1    0    1    1    1    0    0    0     14
    15    0    0    0    0    0    1    0    1    0    2    0    1    0    1    2    0    0    0    0    0      8
    16    0    0    0    0    0    0    1    0    1    1    1    1    0    0    1    0    0    0    0    0      6
    17    0    0    0    0    0    0    0    0    0    0    0    0    0    1    0    0    0    0    0    0      1
    18    0    0    0    0    0    0    0    0    0    0    0    0    1    0    0    0    0    0    0    0      1
    19    0    0    0    0    0    0    0    0    0    0    0    0    0    0    0    0    0    0    0    0      0
    20    0    0    0    0    0    0    0    0    0    0    0    1    0    0    0    0    0    0    0    0      1
    21    0    0    0    0    0    0    0    0    0    0    0    0    0    0    0    0    0    0    0    0      0
    22    0    0    0    0    0    0    0    0    0    0    0    0    0    0    0    0    0    0    0    0      0
    23    0    0    0    0    0    0    0    0    0    0    0    0    0    0    0    0    0    0    0    0      0
    24    0    0    0    0    0    0    0    0    0    0    0    0    0    0    0    0    0    0    0    0      0
    25    0    0    0    0    0    0    0    0    0    0    0    0    0    0    0    0    0    0    0    0      0
    26    0    0    0    0    0    0    0    0    0    0    0    0    0    0    0    0    0    0    0    0      0
    27    0    0    0    0    0    0    0    0    0    0    0    0    0    0    0    0    0    0    0    0      0
    28    0    0    0    0    0    0    0    0    0    0    0    0    0    0    0    0    0    0    0    0      0
    29    0    0    0    0    0    0    0    0    0    0    0    0    0    0    0    0    0    0    0    0      0
    30    0    0    0    0    0    0    0    0    0    0    0    0    0    0    0    0    0    0    0    0      0
    31    0    0    0    0    0    0    0    0    0    0    0    0    0    0    0    0    0    0    0    0      0
    32    0    0    0    0    0    0    0    0    0    0    0    0    0    0    0    0    0    0    0    0      0
    33    0    0    0    0    0    0    0    0    0    0    0    0    0    0    0    0    0    0    0    0      0
    34    0    0    0    0    0    0    0    0    0    0    0    0    0    0    0    0    0    0    0    0      0
    35    0    0    0    0    0    0    0    0    0    0    0    0    0    0    0    0    0    0    0    0      0
    36    0    0    0    0    0    0    0    0    0    0    0    0    0    0    0    0    0    0    0    0      0
    37    0    0    0    0    0    0    0    0    0    0    0    0    0    0    0    0    0    0    0    0      0
    38    0    0    0    0    0    0    0    0    0    0    0    0    0    0    0    0    0    0    0    0      0
    39    0    0    0    0    0    0    0    0    0    0    0    0    0    0    0    0    0    0    0    0      0
    40    0    0    0    0    0    0    0    0    0    0    0    0    0    0    0    0    0    0    0    0      0
    41    0    0    0    0    0    0    0    0    0    0    0    0    0    0    0    0    0    0    0    0      0
    42    0    0    0    0    0    0    0    0    0    0    0    0    0    0    0    0    0    0    0    0      0
    43    0    0    0    0    0    0    0    0    0    0    0    0    0    0    0    0    0    0    0    0      0
    44    0    0    0    0    0    0    0    0    0    0    0    0    0    0    0    0    0    0    0    0      0
    45    0    0    0    0    0    0    0    0    0    0    0    0    0    0    0    0    0    0    0    0      0
    46    0    0    0    0    0    0    0    0    0    0    0    0    0    0    0    0    0    0    0    0      0
    47    0    0    0    0    0    0    0    0    0    0    0    0    0    0    0    0    0    0    0    0      0
    48    0    0    0    0    0    0    0    0    0    0    0    0    0    0    0    0    0    0    0    0      0
    49    0    0    0    0    0    0    0    0    0    0    0    0    0    0    0    0    0    0    0    0      0
    50    0    0    0    0    0    0    0    0    0    0    0    0    0    0    0    0    0    0    0    0      0
    51    0    0    0    0    0    0    0    0    0    0    0    0    0    0    0    0    0    0    0    0      0
    52    0    0    0    0    0    0    0    0    0    0    0    0    0    0    0    0    0    0    0    0      0
    53    0    0    0    0    0    0    0    0    0    0    0    0    0    0    0    0    0    0    0    0      0
    54    0    0    0    0    0    0    0    0    0    0    0    0    0    0    0    0    0    0    0    0      0
    55    0    0    0    0    0    0    0    0    0    0    0    0    0    0    0    0    0    0    0    0      0
    56    0    0    0    0    0    0    0    0    0    0    0    0    0    0    0    0    0    0    0    0      0
    57    0    0    0    0    0    0    0    0    0    0    0    0    0    0    0    0    0    0    0    0      0
    58    0    0    0    0    0    0    0    0    0    0    0    0    0    0    0    0    0    0    0    0      0
    59    0    0    0    0    0    0    0    0    0    0    0    0    0    0    0    0    0    0    0    0      0
    60    0    0    0    0    0    0    0    0    0    0    0    0    0    0    0    0    0    0    0    0      0
    61    0    0    0    0    0    0    0    0    0    0    0    0    0    0    0    0    0    0    0    0      0
    62    0    0    0    0    0    0    0    0    0    0    0    0    0    0    0    0    0    0    0    0      0
    63    0    0    0    0    0    0    0    0    0    0    0    0    0    0    0    0    0    0    0    0      0
    64    0    0    0    0    0    0    0    0    0    0    0    0    0    0    0    0    0    0    0    0      0
    65    0    0    0    0    0    0    0    0    0    0    0    0    0    0    0    0    0    0    0    0      0
    66    0    0    0    0    0    0    0    0    0    0    0    0    0    0    0    0    0    0    0    0      0
    67    0    0    0    0    0    0    0    0    0    0    0    0    0    0    0    0    0    0    0    0      0
    68    0    0    0    0    0    0    0    0    0    0    0    0    0    0    0    0    0    0    0    0      0
    69    0    0    0    0    0    0    0    0    0    0    0    0    0    0    0    0    0    0    0    0      0
    70    0    0    0    0    0    0    0    0    0    0    0    0    0    0    0    0    0    0    0    0      0
    71    0    0    0    0    0    0    0    0    0    0    0    0    0    0    0    0    0    0    0    0      0
    72    0    0    0    0    0    0    0    0    0    0    0    0    0    0    0    0    0    0    0    0      0
    73    0    0    0    0    0    0    0    0    0    0    0    0    0    0    0    0    0    0    0    0      0
    74    0    0    0    0    0    0    0    0    0    0    0    0    0    0    0    0    0    0    0    0      0
    75    0    0    0    0    0    0    0    0    0    0    0    0    0    0    0    0    0    0    0    0      0
    76    0    0    0    0    0    0    0    0    0    0    0    0    0    0    0    0    0    0    0    0      0
    77    0    0    0    0    0    0    0    0    0    0    0    0    0    0    0    0    0    0    0    0      0
    78    0    0    0    0    0    0    0    0    0    0    0    0    0    0    0    0    0    0    0    0      0
    79    0    0    0    0    0    0    0    0    0    0    0    0    0    0    0    0    0    0    0    0      0
    80    0    0    0    0    0    0    0    0    0    0    0    0    0    0    0    0    0    0    0    0      0
    81    0    0    0    0    0    0    0    0    0    0    0    0    0    0    0    0    0    0    0    0      0
    82    0    0    0    0    0    0    0    0    0    0    0    0    0    0    0    0    0    0    0    0      0
    83    0    0    0    0    0    0    0    0    0    0    0    0    0    0    0    0    0    0    0    0      0
    84    0    0    0    0    0    0    0    0    0    0    0    0    0    0    0    0    0    0    0    0      0
    85    0    0    0    0    0    0    0    0    0    0    0    0    0    0    0    0    0    0    0    0      0
    86    0    0    0    0    0    0    0    0    0    0    0    0    0    0    0    0    0    0    0    0      0
    87    0    0    0    0    0    0    0    0    0    0    0    0    0    0    0    0    0    0    0    0      0
    88    0    0    0    0    0    0    0    0    0    0    0    0    0    0    0    0    0    0    0    0      0
    89    0    0    0    0    0    0    0    0    0    0    0    0    0    0    0    0    0    0    0    0      0
    90    0    0    0    0    0    0    0    0    0    0    0    0    0    0    0    0    0    0    0    0      0
    91    0    0    0    0    0    0    0    0    0    0    0    0    0    0    0    0    0    0    0    0      0
    92    0    0    0    0    0    0    0    0    0    0    0    0    0    0    0    0    0    0    0    0      0
    93    0    0    0    0    0    0    0    0    0    0    0    0    0    0    0    0    0    0    0    0      0
    94    0    0    0    0    0    0    0    0    0    0    0    0    0    0    0    0    0    0    0    0      0
    95    0    0    0    0    0    0    0    0    0    0    0    0    0    0    0    0    0    0    0    0      0
    96    0    0    0    0    0    0    0    0    0    0    0    0    0    0    0    0    0    0    0    0      0
    97    0    0    0    0    0    0    0    0    0    0    0    0    0    0    0    0    0    0    0    0      0
    98    0    0    0    0    0    0    0    0    0    0    0    0    0    0    0    0    0    0    0    0      0
    99    0    0    0    0    0    0    0    0    0    0    0    0    0    0    0    0    0    0    0    0      0
   100    0    0    0    0    0    0    0    0    0    0    0    0    0    0    0    0    0    0    0    0      0
     0   94  245  440  661  855 1142 1363 1616 1889 2124 2418 2566 2781 2888 3141 3168 3348 3453 3608 3650  41450
1AZIMUTHAL ANGLE - POLAR ANGLE IN COS-INTERVALS (0.05) (BACKWARD SPUTTERED PARTICLES) , 1.LAYER , SPECIES 1

     0    1    2    3    4    5    6    7    8    9   10   11   12   13   14   15   16   17   18   19   20      0
     3    1    4    5    4   13   15   18   33   26   33   39   45   60   52   48   61   66   56   48   55    682
     6    1    5    7    6   15   18   27   20   39   37   46   39   49   49   47   53   55   65   52   73    703
     9    3    4    7   15    9   16   22   23   31   36   46   44   39   46   64   52   46   63   50   53    669
    12    2    2    9   13    9   20   21   32   27   35   35   35   48   50   51   50   48   61   56   62    666
    15    1    3    9   13   15   17   20   35   27   34   52   36   63   47   54   57   41   47   71   58    700
    18    2    2   10   11   11   21   24   36   37   39   45   46   51   38   44   49   54   62   64   55    701
    21    2    2    8   10   17   22   17   23   27   32   33   43   48   40   47   53   51   53   46   61    635
    24    1    6   10    3   11   19   31   39   26   51   36   44   44   51   48   46   55   68   61   64    714
    27    0    1    4   12   16   20   23   26   29   44   38   52   50   49   65   45   56   67   57   67    721
    30    3    4    8   20   14   25   30   21   32   30   36   34   45   41   39   62   58   50   62   73    687
    33    1    7    7   17   18   15   24   22   35   34   43   41   34   43   49   62   53   69   63   68    705
    36    1    6    5   15   17   18   19   19   31   36   32   49   43   54   59   48   57   72   72   69    722
    39    3    2    8    5   13   18   27   27   37   42   34   49   58   45   59   60   51   54   62   65    719
    42    1    6    6    9   24   19   33   22   38   40   42   41   44   39   53   46   50   67   65   63    708
    45    3    3   12   10   13   23   16   27   47   37   41   33   57   49   44   65   55   55   58   53    701
    48    1    1    7   16   12   19   20   25   31   29   35   39   47   51   68   47   71   64   58   58    699
    51    3    5    4   10   17   17   23   25   33   34   39   52   58   56   47   48   47   64   72   56    710
    54    0    4    7    9   12   18   22   27   30   23   32   36   47   52   60   45   59   54   52   51    640
    57    2    3    3   12   15   15   30   28   36   36   48   43   44   54   53   68   47   52   51   55    695
    60    0    2    9    9   12   11   21   30   31   38   48   53   38   50   42   61   56   47   57   63    678
    63    0    5    8    8   10   24   29   20   27   31   30   44   43   40   49   47   55   62   45   72    649
    66    1    4    7   11   14   22   16   20   36   32   40   37   47   43   56   47   64   64   63   59    683
    69    2    6    8    7    8   17   18   25   31   31   36   46   52   62   49   53   54   53   63   57    678
    72    0    7    8   10   17   21   18   23   23   39   43   30   53   50   49   47   47   65   53   64    667
    75    2    3    5   10   14   20   23   28   34   35   40   49   50   50   41   46   49   67   58   60    684
    78    1    5    2   16   12   31   39   36   34   34   50   54   47   52   64   56   63   66   66   56    784
    81    3    3    5    7   23   21   17   23   29   29   45   41   52   57   44   59   51   50   64   69    692
    84    2    7    6   21    9   17   20   26   34   43   36   51   47   45   57   46   52   64   56   48    687
    87    4    3   10    5   13   14   29   27   33   44   44   57   46   64   44   55   56   55   55   60    718
    90    0    5    6    9    7   20   20   28   23   35   44   51   37   58   40   47   61   63   63   66    683
    93    4    9    3   12   15   14   27   28   29   35   37   53   43   52   68   50   53   66   51   49    698
    96    2    6   11   20   16   26   21   28   37   40   39   42   41   49   58   52   50   59   58   66    721
    99    0    5    9   11   17   21   23   28   33   35   51   40   45   43   53   34   51   60   66   44    669
   102    1    7    7   13   12   20   15   34   22   34   38   45   32   49   55   46   69   64   71   56    690
   105    2    2    7   11   20   26   17   30   29   39   48   34   41   45   37   44   55   60   42   64    653
   108    2    3    8   15    6   20   23   24   34   39   34   52   52   43   50   65   47   45   65   58    685
   111    2    2    4    9   17   21   22   31   38   30   43   35   46   41   59   54   47   62   67   54    684
   114    3    6    9   16   16   27   26   21   36   34   35   43   50   50   64   68   53   70   62   68    757
   117    0    3    5   10   17   24   19   34   34   34   32   42   47   48   58   66   61   54   76   56    720
   120    0    5    5    7   11   26   30   26   35   34   44   46   49   44   51   50   58   55   51   57    684
   123    1    6    6   13   15   16   22   26   27   31   40   40   34   43   59   45   68   63   60   64    679
   126    2    4   12   10    6   19   31   32   28   26   39   33   45   48   45   54   58   54   70   63    679
   129    1    6    8   12   16   19   28   17   26   31   39   33   34   43   54   56   59   48   51   69    650
   132    2    7    4    9   17   17   16   25   25   32   31   47   43   39   55   61   71   60   60   56    677
   135    3    3    8    5   17   18   21   27   32   35   40   37   43   49   66   52   60   47   67   65    695
   138    1    4   13   16   14    9   18   27   28   35   43   40   48   43   51   44   44   43   61   72    654
   141    3    2    9   11   11   11   24   26   35   41   62   40   46   57   63   66   48   50   61   67    733
   144    2    6    6    8   15   15   20   31   41   36   39   47   58   40   55   49   58   53   66   60    705
   147    0    0   10    9   12   15   21   26   24   36   38   34   45   48   53   57   71   54   65   57    675
   150    3    5    6   12   15   20   20   29   31   38   30   34   49   46   49   41   65   55   72   75    695
   153    1    3    7    8   13   15   22   38   29   26   36   49   48   53   45   54   57   52   68   52    676
   156    0    6    5   11    6   25   15   22   34   51   41   46   37   59   41   54   50   41   66   56    666
   159    1    5    8   10   22   19   24   22   31   36   55   44   45   41   53   51   57   54   59   70    707
   162    2    4    6   12   17   13   28   28   30   38   35   48   52   58   47   49   67   60   53   61    708
   165    1    3    7   10   16   24   23   30   35   30   50   48   50   41   45   60   54   46   50   55    678
   168    0    0   10   14   22   21   15   25   33   35   54   33   39   48   53   58   57   56   56   61    690
   171    4    2   15   11   19   20   25   28   30   38   28   51   53   43   51   48   54   60   50   64    694
   174    2    1    6   13   16   18   30   26   32   27   39   45   46   54   55   59   51   56   79   50    705
   177    2    6   11    9   15   14   23   26   29   36   24   39   38   54   62   39   58   55   62   54    656
   180    1    4    5   11   14   16   17   25   28   39   46   32   41   40   52   61   69   52   60   74    687
     0   94  245  440  661  855 1142 1363 1616 1889 2124 2418 2566 2781 2888 3141 3168 3348 3453 3608 3650  41450
