1
      *** PROGRAM TRVMC95 ***


                              * INPUT DATA *


       Z1        M1          E0       ALPHA       EF        ESB      SHEATH     ERC
     18.00     39.95        55.00      0.00      0.10      0.00    165.00      4.70

       NH        RI           X0        RD        CW        CA       KK0   KK0R   KDEE1  KDEE2  IPOT   IPOTR   IRL
   9999999 716381.00         0.00    100.00      2.00      1.00       2      2      3      3      1      1      3


             DX      RHO    CK  Z(,1) Z(,2) Z(,3) Z(,4) Z(,5)  M(,1)  M(,2)  M(,3)  M(,4)  M(,5) C(,1) C(,2) C(,3) C(,4) C(,5)

 1.LAYER 10000.00   2.25   1.00    6.    0.    0.    0.    0.  12.01   0.00   0.00   0.00   0.00 1.000 0.000 0.000 0.000 0.000


                           ***  SBE(LAYER,ELEMENT)  ***     ***     ED(LAYER,ELEMENT)     ***     ***   BE(LAYER,ELEMENT)  ***

 1.LAYER                   7.41  0.00  0.00  0.00  0.00     30.00   0.00   0.00   0.00   0.00     0.10  0.00  0.00  0.00  0.00


       INTERACTION POTENTIAL : PROJECTILE-TARGET : KR-C POTENTIAL     TARGET-TARGET : KR-C POTENTIAL    


       INELASTIC LOSS MODEL  : PROJECTILE-TARGET : 50% LS 50% OR      TARGET-TARGET : 50% LS 50% OR     
1

                              * OUTPUT DATA *


                 HLM       HLMT        SU       SUT        XC        RT       SFE      INEL         L        LJ
               0.0000 10000.000    3.5029 10003.503   -3.5029  9900.000      7.41         0         1         1


                NPROJ       KIB       KIT      MAXA      NALL       NPA       NSA       KIS      KIST
               829046         0         0       146  69495987  24529676  32554935     58673         0


            EPS0(I)       Z2(I)       M2(I)     ARHO(I)       LM(I)     PMAX(I)     ASIG(I)       SB(I)       XX(I)        NJ(I)

 1.LAYER   0.1079E-02  0.6000E+01  0.1201E+02  0.1128E+00  0.2070E+01  0.1168E+01  0.2335E+00  0.7410E+01  0.1000E+05         1


             A1(1)   A1(2)   A1(3)   A1(4)   A1(5)   A1(6)   A1(7)   A1(8)   A1(9)  A1(10)  A1(11)  A1(12)  A1(13)  A1(14)  A1(15)

           0.13193


           KOR1(1) KOR1(2) KOR1(3) KOR1(4) KOR1(5) KOR1(6) KOR1(7) KOR1(8) KOR1(9) KOR1(A) KOR1(B) KOR1(C) KOR1(D) KOR1(E) KOR1(F)

           0.73577


            A(I,1)  A(I,2)  A(I,3)  A(I,4)  A(I,5)  A(I,6)  A(I,7)  A(I,8)  A(I,9) A(I,10) A(I,11) A(I,12) A(I,13) A(I,14) A(I,15)

           0.16242


           KOR(,1) KOR(,2) KOR(,3) KOR(,4) KOR(,5) KOR(,6) KOR(,7) KOR(,8) KOR(,9) KOR(,A) KOR(,B) KOR(,C) KOR(,D) KOR(,E) KOR(,F)

           0.46963
1

         IMPLANTED PARTICLES=9999998     ENERGY=0.5500E+09 EV
     BACKSCATTERED PARTICLES=      1     ENERGY=0.3337E+00 EV
       TRANSMITTED PARTICLES=      0     ENERGY=0.0000E+00 EV
     BACKSPUTTERED PARTICLES=     38     ENERGY=0.6746E+02 EV
    TRANSM. SPUTT. PARTICLES=      0     ENERGY=0.0000E+00 EV


  PROJECTILES :   MEAN NUMBER OF ELASTIC COLLISIONS =      3.6   MEAN NUMBER OF EL.COLL.(E > EDISPL.) =    0.156
                                                                 MEAN NUMBER OF EL.COLL.(E > SB(1))   =    1.984

                       MEAN        VARIANCE      SKEWNESS      KURTOSIS        SIGMA       ERROR 1.M     ERROR 2.M     ERROR 3.M 
  PENETRATION       4.1798E+00    1.5695E+00    4.4925E-02    2.8068E+00    1.2528E+00    3.9617E-04    6.6712E-04    6.8811E-04
       SPREAD       1.4614E+00    6.7316E-01    7.4054E-01    3.3627E+00    8.2046E-01    2.5945E-04    3.2721E-04    7.9269E-04
   PATHLENGTH       5.6667E+00    1.5275E+00   -4.0539E-02    2.7061E+00    1.2359E+00    3.9083E-04    6.3092E-04    6.6400E-04
 ELASTIC LOSS       5.3136E+01    1.5003E-01                                3.8734E-01    3.8734E-08
   INEL. LOSS       1.8621E+00    1.4988E-01                                3.8714E-01    3.8714E-08

                       MEAN        VARIANCE      SKEWNESS      KURTOSIS        SIGMA       ERROR 1.M     ERROR 2.M     ERROR 3.M 
   ELAST.LOSS       1.0270E+01    7.5440E+01    1.1462E+00    3.9300E+00    8.6856E+00    1.4450E-03    2.1483E-02    3.1906E-04
 WEAK EL.LOSS       4.4356E+00    6.5886E+00    1.1673E-01    2.4265E+00    2.5668E+00    4.2702E-04    1.3091E-03    2.4292E-04
 INELAST.LOSS       5.1537E-01    7.8208E-02   -4.1628E-01    1.6634E+00    2.7966E-01    4.6524E-05    1.0597E-05    2.7879E-04
  SUBTHR.LOSS       9.1759E+00    5.0794E+01    7.9089E-01    2.9141E+00    7.1270E+00    1.2121E-03    1.1952E-02    2.8184E-04

                     1.MOMENT      2.MOMENT      3.MOMENT      4.MOMENT      5.MOMENT      6.MOMENT 
  PENETRATION       4.1798E+00    1.9041E+01    9.2795E+01    4.7815E+02    2.5832E+03    1.4541E+04



  RECOILES (PER PROJ.)   :   MEAN NUMBER OF ELASTIC COLLISIONS =      6.9   MEAN NUMBER OF EL.COLL.(E > EDISPL.) =      0.008
                                                                            MEAN NUMBER OF EL.COLL.(E > SB(1))   =      1.309

  RECOILES (PER KNOCKON) :   MEAN NUMBER OF ELASTIC COLLISIONS =    1.212   MEAN NUMBER OF EL.COLL.(E > EDISPL.) =      0.001
                                                                            MEAN NUMBER OF EL.COLL.(E > SB(1))   =      0.229

1


     DEPTH(A)  PARTICLES  NORM.DEPTH PATHLENGTH   INLOSS(EV)  TELOSS(EV)  ELLOSS(EV)  DAMAGE(EV)  PHONON(EV)  CASCAD(EV)     DPA

    -SU-    0.         0  0.0000E+00
     0.-    2.    313629  0.3136E-01         0    8.0818E+06  2.6589E+08  1.9790E+08  5.2079E+07  1.4582E+08  4.6138E+07 1509328
     2.-    4.   4146387  0.4146E+00    322662    6.8902E+06  1.7770E+08  1.1983E+08  1.7993E+06  1.1803E+08  1.5941E+06   52165
     4.-    6.   4864888  0.4865E+00   3907120    3.0731E+06  7.5038E+07  4.5846E+07  0.0000E+00  4.5846E+07  0.0000E+00       0
     6.-    8.    671790  0.6718E-01   5086159    5.5556E+05  1.2343E+07  7.2803E+06  0.0000E+00  7.2803E+06  0.0000E+00       0
     8.-   10.      3304  0.3304E-03    683572    2.0664E+04  3.8401E+05  2.3539E+05  0.0000E+00  2.3539E+05  0.0000E+00       0
    10.-   12.         0  0.0000E+00       485    7.9943E+01  1.3669E+03  8.2315E+02  0.0000E+00  8.2315E+02  0.0000E+00       0
    12.-   14.         0  0.0000E+00         0    4.2336E-02  4.2065E-01  2.9057E-01  0.0000E+00  2.9057E-01  0.0000E+00       0
    14.-   16.         0  0.0000E+00         0    0.0000E+00  0.0000E+00  0.0000E+00  0.0000E+00  0.0000E+00  0.0000E+00       0
    16.-   18.         0  0.0000E+00         0    0.0000E+00  0.0000E+00  0.0000E+00  0.0000E+00  0.0000E+00  0.0000E+00       0
    18.-   20.         0  0.0000E+00         0    0.0000E+00  0.0000E+00  0.0000E+00  0.0000E+00  0.0000E+00  0.0000E+00       0
    20.-   22.         0  0.0000E+00         0    0.0000E+00  0.0000E+00  0.0000E+00  0.0000E+00  0.0000E+00  0.0000E+00       0
    22.-   24.         0  0.0000E+00         0    0.0000E+00  0.0000E+00  0.0000E+00  0.0000E+00  0.0000E+00  0.0000E+00       0
    24.-   26.         0  0.0000E+00         0    0.0000E+00  0.0000E+00  0.0000E+00  0.0000E+00  0.0000E+00  0.0000E+00       0
    26.-   28.         0  0.0000E+00         0    0.0000E+00  0.0000E+00  0.0000E+00  0.0000E+00  0.0000E+00  0.0000E+00       0
    28.-   30.         0  0.0000E+00         0    0.0000E+00  0.0000E+00  0.0000E+00  0.0000E+00  0.0000E+00  0.0000E+00       0
    30.-   32.         0  0.0000E+00         0    0.0000E+00  0.0000E+00  0.0000E+00  0.0000E+00  0.0000E+00  0.0000E+00       0
    32.-   34.         0  0.0000E+00         0    0.0000E+00  0.0000E+00  0.0000E+00  0.0000E+00  0.0000E+00  0.0000E+00       0
    34.-   36.         0  0.0000E+00         0    0.0000E+00  0.0000E+00  0.0000E+00  0.0000E+00  0.0000E+00  0.0000E+00       0
    36.-   38.         0  0.0000E+00         0    0.0000E+00  0.0000E+00  0.0000E+00  0.0000E+00  0.0000E+00  0.0000E+00       0
    38.-   40.         0  0.0000E+00         0    0.0000E+00  0.0000E+00  0.0000E+00  0.0000E+00  0.0000E+00  0.0000E+00       0
    40.-   42.         0  0.0000E+00         0    0.0000E+00  0.0000E+00  0.0000E+00  0.0000E+00  0.0000E+00  0.0000E+00       0
    42.-   44.         0  0.0000E+00         0    0.0000E+00  0.0000E+00  0.0000E+00  0.0000E+00  0.0000E+00  0.0000E+00       0
    44.-   46.         0  0.0000E+00         0    0.0000E+00  0.0000E+00  0.0000E+00  0.0000E+00  0.0000E+00  0.0000E+00       0
    46.-   48.         0  0.0000E+00         0    0.0000E+00  0.0000E+00  0.0000E+00  0.0000E+00  0.0000E+00  0.0000E+00       0
    48.-   50.         0  0.0000E+00         0    0.0000E+00  0.0000E+00  0.0000E+00  0.0000E+00  0.0000E+00  0.0000E+00       0
    50.-   52.         0  0.0000E+00         0    0.0000E+00  0.0000E+00  0.0000E+00  0.0000E+00  0.0000E+00  0.0000E+00       0
    52.-   54.         0  0.0000E+00         0    0.0000E+00  0.0000E+00  0.0000E+00  0.0000E+00  0.0000E+00  0.0000E+00       0
    54.-   56.         0  0.0000E+00         0    0.0000E+00  0.0000E+00  0.0000E+00  0.0000E+00  0.0000E+00  0.0000E+00       0
    56.-   58.         0  0.0000E+00         0    0.0000E+00  0.0000E+00  0.0000E+00  0.0000E+00  0.0000E+00  0.0000E+00       0
    58.-   60.         0  0.0000E+00         0    0.0000E+00  0.0000E+00  0.0000E+00  0.0000E+00  0.0000E+00  0.0000E+00       0
    60.-   62.         0  0.0000E+00         0    0.0000E+00  0.0000E+00  0.0000E+00  0.0000E+00  0.0000E+00  0.0000E+00       0
    62.-   64.         0  0.0000E+00         0    0.0000E+00  0.0000E+00  0.0000E+00  0.0000E+00  0.0000E+00  0.0000E+00       0
    64.-   66.         0  0.0000E+00         0    0.0000E+00  0.0000E+00  0.0000E+00  0.0000E+00  0.0000E+00  0.0000E+00       0
    66.-   68.         0  0.0000E+00         0    0.0000E+00  0.0000E+00  0.0000E+00  0.0000E+00  0.0000E+00  0.0000E+00       0
    68.-   70.         0  0.0000E+00         0    0.0000E+00  0.0000E+00  0.0000E+00  0.0000E+00  0.0000E+00  0.0000E+00       0
    70.-   72.         0  0.0000E+00         0    0.0000E+00  0.0000E+00  0.0000E+00  0.0000E+00  0.0000E+00  0.0000E+00       0
    72.-   74.         0  0.0000E+00         0    0.0000E+00  0.0000E+00  0.0000E+00  0.0000E+00  0.0000E+00  0.0000E+00       0
    74.-   76.         0  0.0000E+00         0    0.0000E+00  0.0000E+00  0.0000E+00  0.0000E+00  0.0000E+00  0.0000E+00       0
    76.-   78.         0  0.0000E+00         0    0.0000E+00  0.0000E+00  0.0000E+00  0.0000E+00  0.0000E+00  0.0000E+00       0
    78.-   80.         0  0.0000E+00         0    0.0000E+00  0.0000E+00  0.0000E+00  0.0000E+00  0.0000E+00  0.0000E+00       0
    80.-   82.         0  0.0000E+00         0    0.0000E+00  0.0000E+00  0.0000E+00  0.0000E+00  0.0000E+00  0.0000E+00       0
    82.-   84.         0  0.0000E+00         0    0.0000E+00  0.0000E+00  0.0000E+00  0.0000E+00  0.0000E+00  0.0000E+00       0
    84.-   86.         0  0.0000E+00         0    0.0000E+00  0.0000E+00  0.0000E+00  0.0000E+00  0.0000E+00  0.0000E+00       0
    86.-   88.         0  0.0000E+00         0    0.0000E+00  0.0000E+00  0.0000E+00  0.0000E+00  0.0000E+00  0.0000E+00       0
    88.-   90.         0  0.0000E+00         0    0.0000E+00  0.0000E+00  0.0000E+00  0.0000E+00  0.0000E+00  0.0000E+00       0
    90.-   92.         0  0.0000E+00         0    0.0000E+00  0.0000E+00  0.0000E+00  0.0000E+00  0.0000E+00  0.0000E+00       0
    92.-   94.         0  0.0000E+00         0    0.0000E+00  0.0000E+00  0.0000E+00  0.0000E+00  0.0000E+00  0.0000E+00       0
    94.-   96.         0  0.0000E+00         0    0.0000E+00  0.0000E+00  0.0000E+00  0.0000E+00  0.0000E+00  0.0000E+00       0
    96.-   98.         0  0.0000E+00         0    0.0000E+00  0.0000E+00  0.0000E+00  0.0000E+00  0.0000E+00  0.0000E+00       0
    98.-  100.         0  0.0000E+00         0    0.0000E+00  0.0000E+00  0.0000E+00  0.0000E+00  0.0000E+00  0.0000E+00       0
   100.-  102.         0  0.0000E+00         0    0.0000E+00  0.0000E+00  0.0000E+00  0.0000E+00  0.0000E+00  0.0000E+00       0
   102.-  104.         0  0.0000E+00         0    0.0000E+00  0.0000E+00  0.0000E+00  0.0000E+00  0.0000E+00  0.0000E+00       0
   104.-  106.         0  0.0000E+00         0    0.0000E+00  0.0000E+00  0.0000E+00  0.0000E+00  0.0000E+00  0.0000E+00       0
   106.-  108.         0  0.0000E+00         0    0.0000E+00  0.0000E+00  0.0000E+00  0.0000E+00  0.0000E+00  0.0000E+00       0
   108.-  110.         0  0.0000E+00         0    0.0000E+00  0.0000E+00  0.0000E+00  0.0000E+00  0.0000E+00  0.0000E+00       0
   110.-  112.         0  0.0000E+00         0    0.0000E+00  0.0000E+00  0.0000E+00  0.0000E+00  0.0000E+00  0.0000E+00       0
   112.-  114.         0  0.0000E+00         0    0.0000E+00  0.0000E+00  0.0000E+00  0.0000E+00  0.0000E+00  0.0000E+00       0
   114.-  116.         0  0.0000E+00         0    0.0000E+00  0.0000E+00  0.0000E+00  0.0000E+00  0.0000E+00  0.0000E+00       0
   116.-  118.         0  0.0000E+00         0    0.0000E+00  0.0000E+00  0.0000E+00  0.0000E+00  0.0000E+00  0.0000E+00       0
   118.-  120.         0  0.0000E+00         0    0.0000E+00  0.0000E+00  0.0000E+00  0.0000E+00  0.0000E+00  0.0000E+00       0
   120.-  122.         0  0.0000E+00         0    0.0000E+00  0.0000E+00  0.0000E+00  0.0000E+00  0.0000E+00  0.0000E+00       0
   122.-  124.         0  0.0000E+00         0    0.0000E+00  0.0000E+00  0.0000E+00  0.0000E+00  0.0000E+00  0.0000E+00       0
   124.-  126.         0  0.0000E+00         0    0.0000E+00  0.0000E+00  0.0000E+00  0.0000E+00  0.0000E+00  0.0000E+00       0
   126.-  128.         0  0.0000E+00         0    0.0000E+00  0.0000E+00  0.0000E+00  0.0000E+00  0.0000E+00  0.0000E+00       0
   128.-  130.         0  0.0000E+00         0    0.0000E+00  0.0000E+00  0.0000E+00  0.0000E+00  0.0000E+00  0.0000E+00       0
   130.-  132.         0  0.0000E+00         0    0.0000E+00  0.0000E+00  0.0000E+00  0.0000E+00  0.0000E+00  0.0000E+00       0
   132.-  134.         0  0.0000E+00         0    0.0000E+00  0.0000E+00  0.0000E+00  0.0000E+00  0.0000E+00  0.0000E+00       0
   134.-  136.         0  0.0000E+00         0    0.0000E+00  0.0000E+00  0.0000E+00  0.0000E+00  0.0000E+00  0.0000E+00       0
   136.-  138.         0  0.0000E+00         0    0.0000E+00  0.0000E+00  0.0000E+00  0.0000E+00  0.0000E+00  0.0000E+00       0
   138.-  140.         0  0.0000E+00         0    0.0000E+00  0.0000E+00  0.0000E+00  0.0000E+00  0.0000E+00  0.0000E+00       0
   140.-  142.         0  0.0000E+00         0    0.0000E+00  0.0000E+00  0.0000E+00  0.0000E+00  0.0000E+00  0.0000E+00       0
   142.-  144.         0  0.0000E+00         0    0.0000E+00  0.0000E+00  0.0000E+00  0.0000E+00  0.0000E+00  0.0000E+00       0
   144.-  146.         0  0.0000E+00         0    0.0000E+00  0.0000E+00  0.0000E+00  0.0000E+00  0.0000E+00  0.0000E+00       0
   146.-  148.         0  0.0000E+00         0    0.0000E+00  0.0000E+00  0.0000E+00  0.0000E+00  0.0000E+00  0.0000E+00       0
   148.-  150.         0  0.0000E+00         0    0.0000E+00  0.0000E+00  0.0000E+00  0.0000E+00  0.0000E+00  0.0000E+00       0
   150.-  152.         0  0.0000E+00         0    0.0000E+00  0.0000E+00  0.0000E+00  0.0000E+00  0.0000E+00  0.0000E+00       0
   152.-  154.         0  0.0000E+00         0    0.0000E+00  0.0000E+00  0.0000E+00  0.0000E+00  0.0000E+00  0.0000E+00       0
   154.-  156.         0  0.0000E+00         0    0.0000E+00  0.0000E+00  0.0000E+00  0.0000E+00  0.0000E+00  0.0000E+00       0
   156.-  158.         0  0.0000E+00         0    0.0000E+00  0.0000E+00  0.0000E+00  0.0000E+00  0.0000E+00  0.0000E+00       0
   158.-  160.         0  0.0000E+00         0    0.0000E+00  0.0000E+00  0.0000E+00  0.0000E+00  0.0000E+00  0.0000E+00       0
   160.-  162.         0  0.0000E+00         0    0.0000E+00  0.0000E+00  0.0000E+00  0.0000E+00  0.0000E+00  0.0000E+00       0
   162.-  164.         0  0.0000E+00         0    0.0000E+00  0.0000E+00  0.0000E+00  0.0000E+00  0.0000E+00  0.0000E+00       0
   164.-  166.         0  0.0000E+00         0    0.0000E+00  0.0000E+00  0.0000E+00  0.0000E+00  0.0000E+00  0.0000E+00       0
   166.-  168.         0  0.0000E+00         0    0.0000E+00  0.0000E+00  0.0000E+00  0.0000E+00  0.0000E+00  0.0000E+00       0
   168.-  170.         0  0.0000E+00         0    0.0000E+00  0.0000E+00  0.0000E+00  0.0000E+00  0.0000E+00  0.0000E+00       0
   170.-  172.         0  0.0000E+00         0    0.0000E+00  0.0000E+00  0.0000E+00  0.0000E+00  0.0000E+00  0.0000E+00       0
   172.-  174.         0  0.0000E+00         0    0.0000E+00  0.0000E+00  0.0000E+00  0.0000E+00  0.0000E+00  0.0000E+00       0
   174.-  176.         0  0.0000E+00         0    0.0000E+00  0.0000E+00  0.0000E+00  0.0000E+00  0.0000E+00  0.0000E+00       0
   176.-  178.         0  0.0000E+00         0    0.0000E+00  0.0000E+00  0.0000E+00  0.0000E+00  0.0000E+00  0.0000E+00       0
   178.-  180.         0  0.0000E+00         0    0.0000E+00  0.0000E+00  0.0000E+00  0.0000E+00  0.0000E+00  0.0000E+00       0
   180.-  182.         0  0.0000E+00         0    0.0000E+00  0.0000E+00  0.0000E+00  0.0000E+00  0.0000E+00  0.0000E+00       0
   182.-  184.         0  0.0000E+00         0    0.0000E+00  0.0000E+00  0.0000E+00  0.0000E+00  0.0000E+00  0.0000E+00       0
   184.-  186.         0  0.0000E+00         0    0.0000E+00  0.0000E+00  0.0000E+00  0.0000E+00  0.0000E+00  0.0000E+00       0
   186.-  188.         0  0.0000E+00         0    0.0000E+00  0.0000E+00  0.0000E+00  0.0000E+00  0.0000E+00  0.0000E+00       0
   188.-  190.         0  0.0000E+00         0    0.0000E+00  0.0000E+00  0.0000E+00  0.0000E+00  0.0000E+00  0.0000E+00       0
   190.-  192.         0  0.0000E+00         0    0.0000E+00  0.0000E+00  0.0000E+00  0.0000E+00  0.0000E+00  0.0000E+00       0
   192.-  194.         0  0.0000E+00         0    0.0000E+00  0.0000E+00  0.0000E+00  0.0000E+00  0.0000E+00  0.0000E+00       0
   194.-  196.         0  0.0000E+00         0    0.0000E+00  0.0000E+00  0.0000E+00  0.0000E+00  0.0000E+00  0.0000E+00       0
   196.-  198.         0  0.0000E+00         0    0.0000E+00  0.0000E+00  0.0000E+00  0.0000E+00  0.0000E+00  0.0000E+00       0
   198.-  200.         0  0.0000E+00         0    0.0000E+00  0.0000E+00  0.0000E+00  0.0000E+00  0.0000E+00  0.0000E+00       0
   200.-   SUT         0  0.0000E+00

                 9999998  1.0000E+00   9999998    1.8621E+07  5.3136E+08  3.7109E+08  5.3878E+07  3.1722E+08  4.7732E+07 1561493
1
     RECOILS



     DEPTH(A)     INLOSS(EV)   TELOSS(EV)   ELLOSS(EV)   DAMAGE(EV)   PHONON(EV)     DPA  DPA(1)  DPA(2)

     0.-    2.    1.8647E+06   4.4986E+07   3.2968E+07   4.4260E+04   3.2923E+07    1401    1401       0
     2.-    4.    7.5219E+06   1.7887E+08   1.3447E+08   2.3834E+06   1.3209E+08   72392   72392       0
     4.-    6.    7.3173E+06   1.8019E+08   1.3125E+08   1.5958E+05   1.3109E+08    4870    4870       0
     6.-    8.    3.5691E+06   9.3150E+07   6.6033E+07   4.6104E+03   6.6029E+07     144     144       0
     8.-   10.    9.4780E+05   2.6084E+07   1.8229E+07   9.1075E+01   1.8229E+07       3       3       0
    10.-   12.    1.8552E+05   5.3102E+06   3.6836E+06   0.0000E+00   3.6836E+06       0       0       0
    12.-   14.    3.0135E+04   8.8445E+05   6.1192E+05   0.0000E+00   6.1192E+05       0       0       0
    14.-   16.    4.2956E+03   1.2775E+05   8.8113E+04   0.0000E+00   8.8113E+04       0       0       0
    16.-   18.    5.2883E+02   1.5820E+04   1.0863E+04   0.0000E+00   1.0863E+04       0       0       0
    18.-   20.    5.7305E+01   1.7338E+03   1.1835E+03   0.0000E+00   1.1835E+03       0       0       0
    20.-   22.    5.8293E+00   1.7050E+02   1.1293E+02   0.0000E+00   1.1293E+02       0       0       0
    22.-   24.    5.0693E-01   1.4482E+01   8.6634E+00   0.0000E+00   8.6634E+00       0       0       0
    24.-   26.    0.0000E+00   0.0000E+00   0.0000E+00   0.0000E+00   0.0000E+00       0       0       0
    26.-   28.    0.0000E+00   0.0000E+00   0.0000E+00   0.0000E+00   0.0000E+00       0       0       0
    28.-   30.    0.0000E+00   0.0000E+00   0.0000E+00   0.0000E+00   0.0000E+00       0       0       0
    30.-   32.    0.0000E+00   0.0000E+00   0.0000E+00   0.0000E+00   0.0000E+00       0       0       0
    32.-   34.    0.0000E+00   0.0000E+00   0.0000E+00   0.0000E+00   0.0000E+00       0       0       0
    34.-   36.    0.0000E+00   0.0000E+00   0.0000E+00   0.0000E+00   0.0000E+00       0       0       0
    36.-   38.    0.0000E+00   0.0000E+00   0.0000E+00   0.0000E+00   0.0000E+00       0       0       0
    38.-   40.    0.0000E+00   0.0000E+00   0.0000E+00   0.0000E+00   0.0000E+00       0       0       0
    40.-   42.    0.0000E+00   0.0000E+00   0.0000E+00   0.0000E+00   0.0000E+00       0       0       0
    42.-   44.    0.0000E+00   0.0000E+00   0.0000E+00   0.0000E+00   0.0000E+00       0       0       0
    44.-   46.    0.0000E+00   0.0000E+00   0.0000E+00   0.0000E+00   0.0000E+00       0       0       0
    46.-   48.    0.0000E+00   0.0000E+00   0.0000E+00   0.0000E+00   0.0000E+00       0       0       0
    48.-   50.    0.0000E+00   0.0000E+00   0.0000E+00   0.0000E+00   0.0000E+00       0       0       0
    50.-   52.    0.0000E+00   0.0000E+00   0.0000E+00   0.0000E+00   0.0000E+00       0       0       0
    52.-   54.    0.0000E+00   0.0000E+00   0.0000E+00   0.0000E+00   0.0000E+00       0       0       0
    54.-   56.    0.0000E+00   0.0000E+00   0.0000E+00   0.0000E+00   0.0000E+00       0       0       0
    56.-   58.    0.0000E+00   0.0000E+00   0.0000E+00   0.0000E+00   0.0000E+00       0       0       0
    58.-   60.    0.0000E+00   0.0000E+00   0.0000E+00   0.0000E+00   0.0000E+00       0       0       0
    60.-   62.    0.0000E+00   0.0000E+00   0.0000E+00   0.0000E+00   0.0000E+00       0       0       0
    62.-   64.    0.0000E+00   0.0000E+00   0.0000E+00   0.0000E+00   0.0000E+00       0       0       0
    64.-   66.    0.0000E+00   0.0000E+00   0.0000E+00   0.0000E+00   0.0000E+00       0       0       0
    66.-   68.    0.0000E+00   0.0000E+00   0.0000E+00   0.0000E+00   0.0000E+00       0       0       0
    68.-   70.    0.0000E+00   0.0000E+00   0.0000E+00   0.0000E+00   0.0000E+00       0       0       0
    70.-   72.    0.0000E+00   0.0000E+00   0.0000E+00   0.0000E+00   0.0000E+00       0       0       0
    72.-   74.    0.0000E+00   0.0000E+00   0.0000E+00   0.0000E+00   0.0000E+00       0       0       0
    74.-   76.    0.0000E+00   0.0000E+00   0.0000E+00   0.0000E+00   0.0000E+00       0       0       0
    76.-   78.    0.0000E+00   0.0000E+00   0.0000E+00   0.0000E+00   0.0000E+00       0       0       0
    78.-   80.    0.0000E+00   0.0000E+00   0.0000E+00   0.0000E+00   0.0000E+00       0       0       0
    80.-   82.    0.0000E+00   0.0000E+00   0.0000E+00   0.0000E+00   0.0000E+00       0       0       0
    82.-   84.    0.0000E+00   0.0000E+00   0.0000E+00   0.0000E+00   0.0000E+00       0       0       0
    84.-   86.    0.0000E+00   0.0000E+00   0.0000E+00   0.0000E+00   0.0000E+00       0       0       0
    86.-   88.    0.0000E+00   0.0000E+00   0.0000E+00   0.0000E+00   0.0000E+00       0       0       0
    88.-   90.    0.0000E+00   0.0000E+00   0.0000E+00   0.0000E+00   0.0000E+00       0       0       0
    90.-   92.    0.0000E+00   0.0000E+00   0.0000E+00   0.0000E+00   0.0000E+00       0       0       0
    92.-   94.    0.0000E+00   0.0000E+00   0.0000E+00   0.0000E+00   0.0000E+00       0       0       0
    94.-   96.    0.0000E+00   0.0000E+00   0.0000E+00   0.0000E+00   0.0000E+00       0       0       0
    96.-   98.    0.0000E+00   0.0000E+00   0.0000E+00   0.0000E+00   0.0000E+00       0       0       0
    98.-  100.    0.0000E+00   0.0000E+00   0.0000E+00   0.0000E+00   0.0000E+00       0       0       0
   100.-  102.    0.0000E+00   0.0000E+00   0.0000E+00   0.0000E+00   0.0000E+00       0       0       0
   102.-  104.    0.0000E+00   0.0000E+00   0.0000E+00   0.0000E+00   0.0000E+00       0       0       0
   104.-  106.    0.0000E+00   0.0000E+00   0.0000E+00   0.0000E+00   0.0000E+00       0       0       0
   106.-  108.    0.0000E+00   0.0000E+00   0.0000E+00   0.0000E+00   0.0000E+00       0       0       0
   108.-  110.    0.0000E+00   0.0000E+00   0.0000E+00   0.0000E+00   0.0000E+00       0       0       0
   110.-  112.    0.0000E+00   0.0000E+00   0.0000E+00   0.0000E+00   0.0000E+00       0       0       0
   112.-  114.    0.0000E+00   0.0000E+00   0.0000E+00   0.0000E+00   0.0000E+00       0       0       0
   114.-  116.    0.0000E+00   0.0000E+00   0.0000E+00   0.0000E+00   0.0000E+00       0       0       0
   116.-  118.    0.0000E+00   0.0000E+00   0.0000E+00   0.0000E+00   0.0000E+00       0       0       0
   118.-  120.    0.0000E+00   0.0000E+00   0.0000E+00   0.0000E+00   0.0000E+00       0       0       0
   120.-  122.    0.0000E+00   0.0000E+00   0.0000E+00   0.0000E+00   0.0000E+00       0       0       0
   122.-  124.    0.0000E+00   0.0000E+00   0.0000E+00   0.0000E+00   0.0000E+00       0       0       0
   124.-  126.    0.0000E+00   0.0000E+00   0.0000E+00   0.0000E+00   0.0000E+00       0       0       0
   126.-  128.    0.0000E+00   0.0000E+00   0.0000E+00   0.0000E+00   0.0000E+00       0       0       0
   128.-  130.    0.0000E+00   0.0000E+00   0.0000E+00   0.0000E+00   0.0000E+00       0       0       0
   130.-  132.    0.0000E+00   0.0000E+00   0.0000E+00   0.0000E+00   0.0000E+00       0       0       0
   132.-  134.    0.0000E+00   0.0000E+00   0.0000E+00   0.0000E+00   0.0000E+00       0       0       0
   134.-  136.    0.0000E+00   0.0000E+00   0.0000E+00   0.0000E+00   0.0000E+00       0       0       0
   136.-  138.    0.0000E+00   0.0000E+00   0.0000E+00   0.0000E+00   0.0000E+00       0       0       0
   138.-  140.    0.0000E+00   0.0000E+00   0.0000E+00   0.0000E+00   0.0000E+00       0       0       0
   140.-  142.    0.0000E+00   0.0000E+00   0.0000E+00   0.0000E+00   0.0000E+00       0       0       0
   142.-  144.    0.0000E+00   0.0000E+00   0.0000E+00   0.0000E+00   0.0000E+00       0       0       0
   144.-  146.    0.0000E+00   0.0000E+00   0.0000E+00   0.0000E+00   0.0000E+00       0       0       0
   146.-  148.    0.0000E+00   0.0000E+00   0.0000E+00   0.0000E+00   0.0000E+00       0       0       0
   148.-  150.    0.0000E+00   0.0000E+00   0.0000E+00   0.0000E+00   0.0000E+00       0       0       0
   150.-  152.    0.0000E+00   0.0000E+00   0.0000E+00   0.0000E+00   0.0000E+00       0       0       0
   152.-  154.    0.0000E+00   0.0000E+00   0.0000E+00   0.0000E+00   0.0000E+00       0       0       0
   154.-  156.    0.0000E+00   0.0000E+00   0.0000E+00   0.0000E+00   0.0000E+00       0       0       0
   156.-  158.    0.0000E+00   0.0000E+00   0.0000E+00   0.0000E+00   0.0000E+00       0       0       0
   158.-  160.    0.0000E+00   0.0000E+00   0.0000E+00   0.0000E+00   0.0000E+00       0       0       0
   160.-  162.    0.0000E+00   0.0000E+00   0.0000E+00   0.0000E+00   0.0000E+00       0       0       0
   162.-  164.    0.0000E+00   0.0000E+00   0.0000E+00   0.0000E+00   0.0000E+00       0       0       0
   164.-  166.    0.0000E+00   0.0000E+00   0.0000E+00   0.0000E+00   0.0000E+00       0       0       0
   166.-  168.    0.0000E+00   0.0000E+00   0.0000E+00   0.0000E+00   0.0000E+00       0       0       0
   168.-  170.    0.0000E+00   0.0000E+00   0.0000E+00   0.0000E+00   0.0000E+00       0       0       0
   170.-  172.    0.0000E+00   0.0000E+00   0.0000E+00   0.0000E+00   0.0000E+00       0       0       0
   172.-  174.    0.0000E+00   0.0000E+00   0.0000E+00   0.0000E+00   0.0000E+00       0       0       0
   174.-  176.    0.0000E+00   0.0000E+00   0.0000E+00   0.0000E+00   0.0000E+00       0       0       0
   176.-  178.    0.0000E+00   0.0000E+00   0.0000E+00   0.0000E+00   0.0000E+00       0       0       0
   178.-  180.    0.0000E+00   0.0000E+00   0.0000E+00   0.0000E+00   0.0000E+00       0       0       0
   180.-  182.    0.0000E+00   0.0000E+00   0.0000E+00   0.0000E+00   0.0000E+00       0       0       0
   182.-  184.    0.0000E+00   0.0000E+00   0.0000E+00   0.0000E+00   0.0000E+00       0       0       0
   184.-  186.    0.0000E+00   0.0000E+00   0.0000E+00   0.0000E+00   0.0000E+00       0       0       0
   186.-  188.    0.0000E+00   0.0000E+00   0.0000E+00   0.0000E+00   0.0000E+00       0       0       0
   188.-  190.    0.0000E+00   0.0000E+00   0.0000E+00   0.0000E+00   0.0000E+00       0       0       0
   190.-  192.    0.0000E+00   0.0000E+00   0.0000E+00   0.0000E+00   0.0000E+00       0       0       0
   192.-  194.    0.0000E+00   0.0000E+00   0.0000E+00   0.0000E+00   0.0000E+00       0       0       0
   194.-  196.    0.0000E+00   0.0000E+00   0.0000E+00   0.0000E+00   0.0000E+00       0       0       0
   196.-  198.    0.0000E+00   0.0000E+00   0.0000E+00   0.0000E+00   0.0000E+00       0       0       0
   198.-  200.    0.0000E+00   0.0000E+00   0.0000E+00   0.0000E+00   0.0000E+00       0       0       0

                  2.1441E+07   5.2962E+08   3.8735E+08   2.5920E+06   3.8475E+08   78810   78810       0
1

     BACKSCATTERING OF PROJECTILES


     PART.REFL.COEF.= 1.0000E-07  ENERGY REFL.COEF.= 6.0666E-10  REL.MEAN ENERGY = 6.0666E-03  MEAN ENERGY = 3.3366E-01

                       MEAN        VARIANCE      SKEWNESS      KURTOSIS        SIGMA       ERROR 1.M     ERROR 2.M     ERROR 3.M 
       ENERGY       0.0000E+00    0.0000E+00    0.0000E+00    0.0000E+00    0.0000E+00    0.0000E+00    0.0000E+00    0.0000E+00
   PATHLENGTH       0.0000E+00    0.0000E+00    0.0000E+00    0.0000E+00    0.0000E+00    0.0000E+00    0.0000E+00    0.0000E+00
 ELASTIC LOSS       0.0000E+00    0.0000E+00                                0.0000E+00    0.0000E+00
   INEL. LOSS       0.0000E+00    0.0000E+00                                0.0000E+00    0.0000E+00

                     1.MOMENT      2.MOMENT      3.MOMENT      4.MOMENT      5.MOMENT      6.MOMENT 
       ENERGY       3.3366E-01    1.1133E-01    3.7147E-02    1.2394E-02    4.1355E-03    1.3799E-03
    LOGENERGY      -4.7669E-01    2.2724E-01   -1.0832E-01    5.1637E-02   -2.4615E-02    1.1734E-02
   PATHLENGTH       8.1430E+00    6.6308E+01    5.3995E+02    4.3968E+03    3.5803E+04    2.9155E+05


     POLAR ANGULAR DISTRIBUTION OF BACKSCATTERED PROJECTILES


       0.05  0.10  0.15  0.20  0.25  0.30  0.35  0.40  0.45  0.50  0.55  0.60  0.65  0.70  0.75  0.80  0.85  0.90  0.95  1.00

          0     0     0     0     0     0     0     0     0     0     0     1     0     0     0     0     0     0     0     0
      0.000 0.000 0.000 0.000 0.000 0.000 0.000 0.000 0.000 0.000 0.00020.000 0.000 0.000 0.000 0.000 0.000 0.000 0.000 0.000
1     BACKWARD SPUTTERING



        ALL SPUTTERED PARTICLES =      38   TOTAL SPUTTERED ENERGY = 0.6746E+02 EV


        SPUTTERED PARTICLES (1.LAYER) =      38   SPUTTERED ENERGY = 0.6746E+02 EV


 1.LAYER
         SPUTTERED PARTICLES(1) =      38     SPUTTERED ENERGY(1) = 0.6746E+02 EV

         ION IN , PRIMARY KO(1) =       0   0.0000   0.0000    ENERGY = 0.0000E+00 EV   0.0000   0.0000    MEAN ENERGY = 0.0000E+00
         ION IN , SECOND. KO(1) =      38   1.0000   1.0000    ENERGY = 0.6746E+02 EV   1.0000   1.0000    MEAN ENERGY = 0.1775E+01
        ION OUT , PRIMARY KO(1) =       0   0.0000   0.0000    ENERGY = 0.0000E+00 EV   0.0000   0.0000    MEAN ENERGY = 0.0000E+00
        ION OUT , SECOND. KO(1) =       0   0.0000   0.0000    ENERGY = 0.0000E+00 EV   0.0000   0.0000    MEAN ENERGY = 0.0000E+00


     SPUTTERING YIELD(1) =  3.800E-06  SPUTTERED ENERGY(1) =  1.227E-07  REL.MEAN ENERGY(1) =  3.228E-02  MEAN ENERGY(1) =  1.775E+00

                       MEAN        VARIANCE      SKEWNESS      KURTOSIS        SIGMA       ERROR 1.M     ERROR 2.M     ERROR 3.M 
    ENERGY(1)       1.7754E+00    1.6478E+00    1.2678E+00    4.1344E+00    1.2837E+00    2.0824E-01    4.7324E-01    3.1128E-01
 LOGENERGY(1)       1.6164E-01    8.7464E-02    1.3013E-02    2.4042E+00    2.9574E-01    4.8620E-02    1.7039E-02    2.6155E-01

                     1.MOMENT      2.MOMENT      3.MOMENT      4.MOMENT      5.MOMENT      6.MOMENT 
    ENERGY(1)       1.7754E+00    4.7997E+00    1.7054E+01    7.1367E+01    3.2895E+02    1.6078E+03
 LOGENERGY(1)       1.6164E-01    1.1359E-01    4.6972E-02    3.3003E-02    1.8130E-02    1.2857E-02



     POLAR ANGULAR DISTRIBUTION OF ALL BACKWARD SPUTTERED PARTICLES


       0.05  0.10  0.15  0.20  0.25  0.30  0.35  0.40  0.45  0.50  0.55  0.60  0.65  0.70  0.75  0.80  0.85  0.90  0.95  1.00

          0     1     1     1     0     1     2     2     1     3     3     2     1     2     2     3     2     2     2     7
      0.000 0.526 0.526 0.526 0.000 0.526 1.053 1.053 0.526 1.579 1.579 1.053 0.526 1.053 1.053 1.579 1.053 1.053 1.053 3.684
