1
      *** PROGRAM TRVMC95 ***


                              * INPUT DATA *


       Z1        M1          E0       ALPHA       EF        ESB      SHEATH     ERC
     18.00     39.95      9020.00      0.00      0.10      0.00  27060.00      4.70

       NH        RI           X0        RD        CW        CA       KK0   KK0R   KDEE1  KDEE2  IPOT   IPOTR   IRL
     99999 716381.00         0.00    100.00      2.00      1.00       2      2      3      3      1      1      3


             DX      RHO    CK  Z(,1) Z(,2) Z(,3) Z(,4) Z(,5)  M(,1)  M(,2)  M(,3)  M(,4)  M(,5) C(,1) C(,2) C(,3) C(,4) C(,5)

 1.LAYER 10000.00   2.25   1.00    6.    0.    0.    0.    0.  12.01   0.00   0.00   0.00   0.00 1.000 0.000 0.000 0.000 0.000


                           ***  SBE(LAYER,ELEMENT)  ***     ***     ED(LAYER,ELEMENT)     ***     ***   BE(LAYER,ELEMENT)  ***

 1.LAYER                   7.41  0.00  0.00  0.00  0.00     30.00   0.00   0.00   0.00   0.00     0.10  0.00  0.00  0.00  0.00


       INTERACTION POTENTIAL : PROJECTILE-TARGET : KR-C POTENTIAL     TARGET-TARGET : KR-C POTENTIAL    


       INELASTIC LOSS MODEL  : PROJECTILE-TARGET : 50% LS 50% OR      TARGET-TARGET : 50% LS 50% OR     
1

                              * OUTPUT DATA *


                 HLM       HLMT        SU       SUT        XC        RT       SFE      INEL         L        LJ
               0.0000 10000.000    3.5029 10003.503   -3.5029  9900.000      7.41         0         1         1


                NPROJ       KIB       KIT      MAXA      NALL       NPA       NSA       KIS      KIST
               103218         0         0       302 108072034   3654695  60109764    106482         0


            EPS0(I)       Z2(I)       M2(I)     ARHO(I)       LM(I)     PMAX(I)     ASIG(I)       SB(I)       XX(I)        NJ(I)

 1.LAYER   0.1769E+00  0.6000E+01  0.1201E+02  0.1128E+00  0.2070E+01  0.1168E+01  0.2335E+00  0.7410E+01  0.1000E+05         1


             A1(1)   A1(2)   A1(3)   A1(4)   A1(5)   A1(6)   A1(7)   A1(8)   A1(9)  A1(10)  A1(11)  A1(12)  A1(13)  A1(14)  A1(15)

           0.13193


           KOR1(1) KOR1(2) KOR1(3) KOR1(4) KOR1(5) KOR1(6) KOR1(7) KOR1(8) KOR1(9) KOR1(A) KOR1(B) KOR1(C) KOR1(D) KOR1(E) KOR1(F)

           0.73577


            A(I,1)  A(I,2)  A(I,3)  A(I,4)  A(I,5)  A(I,6)  A(I,7)  A(I,8)  A(I,9) A(I,10) A(I,11) A(I,12) A(I,13) A(I,14) A(I,15)

           0.16242


           KOR(,1) KOR(,2) KOR(,3) KOR(,4) KOR(,5) KOR(,6) KOR(,7) KOR(,8) KOR(,9) KOR(,A) KOR(,B) KOR(,C) KOR(,D) KOR(,E) KOR(,F)

           0.46963
1

         IMPLANTED PARTICLES=  99999     ENERGY=0.9020E+09 EV
     BACKSCATTERED PARTICLES=      0     ENERGY=0.0000E+00 EV
       TRANSMITTED PARTICLES=      0     ENERGY=0.0000E+00 EV
     BACKSPUTTERED PARTICLES=  77626     ENERGY=0.3833E+07 EV
    TRANSM. SPUTT. PARTICLES=      0     ENERGY=0.0000E+00 EV


  PROJECTILES :   MEAN NUMBER OF ELASTIC COLLISIONS =     64.3   MEAN NUMBER OF EL.COLL.(E > EDISPL.) =   24.820
                                                                 MEAN NUMBER OF EL.COLL.(E > SB(1))   =   44.213

                       MEAN        VARIANCE      SKEWNESS      KURTOSIS        SIGMA       ERROR 1.M     ERROR 2.M     ERROR 3.M 
  PENETRATION       1.1516E+02    1.3666E+03    3.9725E-01    2.9906E+00    3.6967E+01    1.1690E-01    6.0971E+00    7.4137E-03
       SPREAD       3.5471E+01    3.9953E+02    8.5034E-01    3.7927E+00    1.9988E+01    6.3208E-02    2.1113E+00    9.4580E-03
   PATHLENGTH       1.3120E+02    1.5256E+03    3.4265E-01    2.9249E+00    3.9059E+01    1.2351E-01    6.6932E+00    7.1466E-03
 ELASTIC LOSS       8.1962E+03    8.4654E+04                                2.9095E+02    2.9096E-03
   INEL. LOSS       8.2378E+02    8.4654E+04                                2.9095E+02    2.9096E-03

                       MEAN        VARIANCE      SKEWNESS      KURTOSIS        SIGMA       ERROR 1.M     ERROR 2.M     ERROR 3.M 
   ELAST.LOSS       1.2591E+02    1.5061E+05    6.8306E+00    6.4206E+01    3.8808E+02    1.5301E-01    4.7208E+02    1.0416E-02
 WEAK EL.LOSS       1.4993E+00    4.1549E+00    2.3558E+00    8.7271E+00    2.0384E+00    8.0366E-04    4.5537E-03    1.5506E-03
 INELAST.LOSS       1.2805E+01    5.0014E+01    1.0381E-01    2.5003E+00    7.0720E+00    2.7883E-03    2.4153E-02    7.1458E-04
  SUBTHR.LOSS       9.6024E+00    5.8948E+01    8.9334E-01    2.7688E+00    7.6777E+00    3.8626E-03    3.9442E-02    8.7780E-04

                     1.MOMENT      2.MOMENT      3.MOMENT      4.MOMENT      5.MOMENT      6.MOMENT 
  PENETRATION       1.1516E+02    1.4629E+04    2.0195E+06    2.9947E+08    4.7262E+10    7.8815E+12



  RECOILES (PER PROJ.)   :   MEAN NUMBER OF ELASTIC COLLISIONS =   1073.3   MEAN NUMBER OF EL.COLL.(E > EDISPL.) =     61.131
                                                                            MEAN NUMBER OF EL.COLL.(E > SB(1))   =    339.504

  RECOILES (PER KNOCKON) :   MEAN NUMBER OF ELASTIC COLLISIONS =    1.683   MEAN NUMBER OF EL.COLL.(E > EDISPL.) =      0.096
                                                                            MEAN NUMBER OF EL.COLL.(E > SB(1))   =      0.532

1


     DEPTH(A)  PARTICLES  NORM.DEPTH PATHLENGTH   INLOSS(EV)  TELOSS(EV)  ELLOSS(EV)  DAMAGE(EV)  PHONON(EV)  CASCAD(EV)     DPA

    -SU-    0.         0  0.0000E+00
     0.-    2.         0  0.0000E+00         0    2.0507E+06  1.5545E+07  1.5514E+07  1.5070E+07  4.4457E+05  1.2061E+07   29343
     2.-    4.         0  0.0000E+00         0    2.0500E+06  1.5736E+07  1.5705E+07  1.5255E+07  4.4940E+05  1.2211E+07   29577
     4.-    6.         0  0.0000E+00         0    2.0336E+06  1.5718E+07  1.5686E+07  1.5235E+07  4.5092E+05  1.2202E+07   30299
     6.-    8.         0  0.0000E+00         0    2.0139E+06  1.5763E+07  1.5730E+07  1.5276E+07  4.5404E+05  1.2242E+07   30363
     8.-   10.         0  0.0000E+00         0    1.9975E+06  1.6006E+07  1.5972E+07  1.5512E+07  4.6049E+05  1.2434E+07   30882
    10.-   12.         0  0.0000E+00         0    1.9718E+06  1.5754E+07  1.5719E+07  1.5254E+07  4.6506E+05  1.2242E+07   30884
    12.-   14.         0  0.0000E+00         0    1.9552E+06  1.5711E+07  1.5674E+07  1.5203E+07  4.7071E+05  1.2212E+07   31479
    14.-   16.         2  0.2000E-04         0    1.9330E+06  1.5898E+07  1.5860E+07  1.5386E+07  4.7388E+05  1.2362E+07   31819
    16.-   18.         0  0.0000E+00         0    1.9131E+06  1.5876E+07  1.5836E+07  1.5357E+07  4.7871E+05  1.2346E+07   32092
    18.-   20.         3  0.3000E-04         0    1.8905E+06  1.5481E+07  1.5439E+07  1.4958E+07  4.8153E+05  1.2048E+07   32773
    20.-   22.         7  0.7000E-04         0    1.8657E+06  1.5522E+07  1.5477E+07  1.4991E+07  4.8639E+05  1.2084E+07   32911
    22.-   24.         8  0.8000E-04         1    1.8456E+06  1.5597E+07  1.5551E+07  1.5055E+07  4.9541E+05  1.2140E+07   33328
    24.-   26.        19  0.1900E-03         1    1.8229E+06  1.5301E+07  1.5252E+07  1.4753E+07  4.9880E+05  1.1912E+07   33945
    26.-   28.        21  0.2100E-03         0    1.8026E+06  1.5644E+07  1.5592E+07  1.5087E+07  5.0474E+05  1.2187E+07   34522
    28.-   30.        24  0.2400E-03         5    1.7771E+06  1.5531E+07  1.5476E+07  1.4969E+07  5.0684E+05  1.2096E+07   34810
    30.-   32.        50  0.5000E-03        10    1.7535E+06  1.5536E+07  1.5477E+07  1.4961E+07  5.1608E+05  1.2100E+07   35314
    32.-   34.        74  0.7400E-03        11    1.7259E+06  1.5242E+07  1.5180E+07  1.4657E+07  5.2295E+05  1.1870E+07   35788
    34.-   36.        99  0.9900E-03        12    1.7071E+06  1.5766E+07  1.5700E+07  1.5171E+07  5.2876E+05  1.2286E+07   36767
    36.-   38.       132  0.1320E-02        35    1.6752E+06  1.5088E+07  1.5017E+07  1.4478E+07  5.3955E+05  1.1747E+07   36706
    38.-   40.       159  0.1590E-02        45    1.6532E+06  1.5198E+07  1.5122E+07  1.4578E+07  5.4428E+05  1.1840E+07   37503
    40.-   42.       226  0.2260E-02        48    1.6257E+06  1.5360E+07  1.5280E+07  1.4732E+07  5.4817E+05  1.1963E+07   38051
    42.-   44.       269  0.2690E-02        72    1.5969E+06  1.5175E+07  1.5090E+07  1.4534E+07  5.5566E+05  1.1816E+07   38534
    44.-   46.       294  0.2940E-02        99    1.5716E+06  1.5024E+07  1.4934E+07  1.4369E+07  5.6528E+05  1.1700E+07   39262
    46.-   48.       356  0.3560E-02       124    1.5407E+06  1.4731E+07  1.4635E+07  1.4066E+07  5.6975E+05  1.1462E+07   39387
    48.-   50.       431  0.4310E-02       159    1.5121E+06  1.4739E+07  1.4638E+07  1.4060E+07  5.7840E+05  1.1461E+07   39788
    50.-   52.       503  0.5030E-02       176    1.4850E+06  1.4543E+07  1.4435E+07  1.3851E+07  5.8424E+05  1.1308E+07   40384
    52.-   54.       584  0.5840E-02       207    1.4498E+06  1.4471E+07  1.4359E+07  1.3766E+07  5.9214E+05  1.1241E+07   40486
    54.-   56.       614  0.6140E-02       240    1.4209E+06  1.4465E+07  1.4347E+07  1.3753E+07  5.9416E+05  1.1240E+07   41111
    56.-   58.       702  0.7020E-02       334    1.3869E+06  1.4127E+07  1.4004E+07  1.3406E+07  5.9775E+05  1.0963E+07   41034
    58.-   60.       780  0.7800E-02       349    1.3563E+06  1.4050E+07  1.3921E+07  1.3316E+07  6.0478E+05  1.0897E+07   41477
    60.-   62.       834  0.8340E-02       414    1.3227E+06  1.3712E+07  1.3577E+07  1.2969E+07  6.0796E+05  1.0625E+07   41493
    62.-   64.       918  0.9180E-02       450    1.2928E+06  1.3672E+07  1.3531E+07  1.2923E+07  6.0823E+05  1.0598E+07   41887
    64.-   66.      1015  0.1015E-01       469    1.2552E+06  1.3493E+07  1.3348E+07  1.2736E+07  6.1198E+05  1.0450E+07   41900
    66.-   68.      1144  0.1144E-01       512    1.2232E+06  1.3164E+07  1.3014E+07  1.2399E+07  6.1447E+05  1.0183E+07   42101
    68.-   70.      1212  0.1212E-01       638    1.1881E+06  1.2846E+07  1.2690E+07  1.2074E+07  6.1646E+05  9.9262E+06   41776
    70.-   72.      1298  0.1298E-01       711    1.1506E+06  1.2466E+07  1.2306E+07  1.1691E+07  6.1510E+05  9.6200E+06   41265
    72.-   74.      1386  0.1386E-01       806    1.1194E+06  1.2359E+07  1.2195E+07  1.1578E+07  6.1665E+05  9.5320E+06   41509
    74.-   76.      1463  0.1463E-01       827    1.0853E+06  1.2023E+07  1.1855E+07  1.1241E+07  6.1435E+05  9.2654E+06   41069
    76.-   78.      1583  0.1583E-01       943    1.0468E+06  1.1666E+07  1.1496E+07  1.0888E+07  6.0777E+05  8.9808E+06   40731
    78.-   80.      1578  0.1578E-01      1005    1.0130E+06  1.1392E+07  1.1219E+07  1.0618E+07  6.0142E+05  8.7644E+06   40365
    80.-   82.      1667  0.1667E-01      1122    9.7609E+05  1.0903E+07  1.0727E+07  1.0127E+07  6.0007E+05  8.3706E+06   39827
    82.-   84.      1743  0.1743E-01      1251    9.4402E+05  1.0875E+07  1.0697E+07  1.0097E+07  5.9942E+05  8.3432E+06   39280
    84.-   86.      1791  0.1791E-01      1240    9.1085E+05  1.0717E+07  1.0538E+07  9.9502E+06  5.8751E+05  8.2212E+06   38939
    86.-   88.      1888  0.1888E-01      1350    8.7373E+05  1.0436E+07  1.0255E+07  9.6751E+06  5.8021E+05  7.9998E+06   38255
    88.-   90.      1923  0.1923E-01      1386    8.3874E+05  9.9339E+06  9.7521E+06  9.1802E+06  5.7189E+05  7.5975E+06   37472
    90.-   92.      2006  0.2006E-01      1478    8.0835E+05  9.7544E+06  9.5712E+06  9.0046E+06  5.6660E+05  7.4578E+06   37144
    92.-   94.      1930  0.1930E-01      1487    7.7354E+05  9.3752E+06  9.1934E+06  8.6409E+06  5.5255E+05  7.1605E+06   36246
    94.-   96.      2015  0.2015E-01      1604    7.3666E+05  8.8899E+06  8.7100E+06  8.1700E+06  5.3992E+05  6.7783E+06   35280
    96.-   98.      2018  0.2018E-01      1650    7.0825E+05  8.7369E+06  8.5566E+06  8.0226E+06  5.3399E+05  6.6531E+06   34487
    98.-  100.      2037  0.2037E-01      1694    6.7058E+05  8.2456E+06  8.0692E+06  7.5524E+06  5.1684E+05  6.2728E+06   33322
   100.-  102.      2077  0.2077E-01      1777    6.4395E+05  8.0307E+06  7.8530E+06  7.3411E+06  5.1192E+05  6.0977E+06   32650
   102.-  104.      2170  0.2170E-01      1681    6.1069E+05  7.6828E+06  7.5072E+06  7.0081E+06  4.9917E+05  5.8243E+06   31634
   104.-  106.      2118  0.2118E-01      1734    5.8240E+05  7.3738E+06  7.1994E+06  6.7164E+06  4.8298E+05  5.5867E+06   30845
   106.-  108.      2120  0.2120E-01      1761    5.5434E+05  7.1024E+06  6.9321E+06  6.4631E+06  4.6896E+05  5.3771E+06   29809
   108.-  110.      2068  0.2068E-01      1823    5.2346E+05  6.6558E+06  6.4882E+06  6.0345E+06  4.5371E+05  5.0286E+06   28725
   110.-  112.      2064  0.2064E-01      1768    4.9692E+05  6.4352E+06  6.2716E+06  5.8290E+06  4.4266E+05  4.8540E+06   27706
   112.-  114.      2128  0.2128E-01      1824    4.7028E+05  6.0597E+06  5.8974E+06  5.4692E+06  4.2823E+05  4.5634E+06   26870
   114.-  116.      2091  0.2091E-01      1896    4.4480E+05  5.9105E+06  5.7532E+06  5.3433E+06  4.0991E+05  4.4542E+06   25883
   116.-  118.      1997  0.1997E-01      1981    4.1857E+05  5.6178E+06  5.4654E+06  5.0670E+06  3.9836E+05  4.2241E+06   24616
   118.-  120.      2003  0.2003E-01      1923    3.9431E+05  5.2599E+06  5.1110E+06  4.7277E+06  3.8327E+05  3.9485E+06   23765
   120.-  122.      2017  0.2017E-01      1937    3.7022E+05  4.9400E+06  4.7950E+06  4.4228E+06  3.7216E+05  3.6940E+06   22429
   122.-  124.      1923  0.1923E-01      1952    3.4971E+05  4.7926E+06  4.6521E+06  4.3000E+06  3.5210E+05  3.5923E+06   21759
   124.-  126.      1959  0.1959E-01      1795    3.2675E+05  4.4542E+06  4.3172E+06  3.9798E+06  3.3744E+05  3.3302E+06   20838
   126.-  128.      1846  0.1846E-01      1861    3.0679E+05  4.2459E+06  4.1138E+06  3.7893E+06  3.2453E+05  3.1693E+06   19814
   128.-  130.      1771  0.1771E-01      2055    2.8610E+05  3.9279E+06  3.8015E+06  3.4900E+06  3.1146E+05  2.9212E+06   18650
   130.-  132.      1766  0.1766E-01      1936    2.6691E+05  3.7307E+06  3.6085E+06  3.3139E+06  2.9458E+05  2.7745E+06   17836
   132.-  134.      1679  0.1679E-01      2029    2.4896E+05  3.4409E+06  3.3224E+06  3.0397E+06  2.8275E+05  2.5494E+06   16974
   134.-  136.      1669  0.1669E-01      2010    2.3084E+05  3.1667E+06  3.0546E+06  2.7876E+06  2.6695E+05  2.3400E+06   15770
   136.-  138.      1719  0.1719E-01      1982    2.1614E+05  3.1235E+06  3.0160E+06  2.7641E+06  2.5184E+05  2.3152E+06   15113
   138.-  140.      1582  0.1582E-01      1955    1.9958E+05  2.8223E+06  2.7197E+06  2.4806E+06  2.3912E+05  2.0827E+06   14209
   140.-  142.      1505  0.1505E-01      1831    1.8565E+05  2.6612E+06  2.5638E+06  2.3353E+06  2.2855E+05  1.9611E+06   13332
   142.-  144.      1431  0.1431E-01      1795    1.7022E+05  2.4626E+06  2.3702E+06  2.1552E+06  2.1499E+05  1.8087E+06   12351
   144.-  146.      1321  0.1321E-01      1819    1.5827E+05  2.2578E+06  2.1712E+06  1.9680E+06  2.0324E+05  1.6536E+06   11545
   146.-  148.      1294  0.1294E-01      1815    1.4566E+05  2.1023E+06  2.0194E+06  1.8298E+06  1.8966E+05  1.5385E+06   10911
   148.-  150.      1271  0.1271E-01      1814    1.3416E+05  1.9757E+06  1.8964E+06  1.7179E+06  1.7854E+05  1.4452E+06   10301
   150.-  152.      1178  0.1178E-01      1622    1.2441E+05  1.8159E+06  1.7399E+06  1.5684E+06  1.7142E+05  1.3193E+06    9596
   152.-  154.      1193  0.1193E-01      1580    1.1374E+05  1.6712E+06  1.6000E+06  1.4441E+06  1.5592E+05  1.2162E+06    9091
   154.-  156.      1080  0.1080E-01      1586    1.0384E+05  1.5493E+06  1.4825E+06  1.3333E+06  1.4920E+05  1.1221E+06    8207
   156.-  158.      1082  0.1082E-01      1456    9.5416E+04  1.3916E+06  1.3294E+06  1.1913E+06  1.3814E+05  1.0038E+06    7607
   158.-  160.      1029  0.1029E-01      1450    8.7512E+04  1.3049E+06  1.2466E+06  1.1193E+06  1.2729E+05  9.4370E+05    7109
   160.-  162.       917  0.9170E-02      1370    7.9534E+04  1.2133E+06  1.1590E+06  1.0416E+06  1.1746E+05  8.7868E+05    6633
   162.-  164.       815  0.8150E-02      1297    7.2335E+04  1.1084E+06  1.0579E+06  9.4745E+05  1.1047E+05  7.9893E+05    6019
   164.-  166.       862  0.8620E-02      1248    6.5326E+04  9.9182E+05  9.4498E+05  8.4333E+05  1.0165E+05  7.1160E+05    5491
   166.-  168.       740  0.7400E-02      1123    6.0020E+04  8.8573E+05  8.4227E+05  7.4734E+05  9.4932E+04  6.3106E+05    5015
   168.-  170.       744  0.7440E-02      1119    5.3780E+04  8.4730E+05  8.0682E+05  7.2051E+05  8.6316E+04  6.0754E+05    4617
   170.-  172.       685  0.6850E-02      1089    4.9077E+04  7.5931E+05  7.2133E+05  6.4199E+05  7.9346E+04  5.4187E+05    4276
   172.-  174.       653  0.6530E-02      1041    4.4071E+04  6.7605E+05  6.4179E+05  5.7025E+05  7.1539E+04  4.8187E+05    3884
   174.-  176.       566  0.5660E-02       969    4.0095E+04  6.1018E+05  5.7890E+05  5.1263E+05  6.6276E+04  4.3392E+05    3564
   176.-  178.       580  0.5800E-02       956    3.5949E+04  5.6386E+05  5.3473E+05  4.7385E+05  6.0886E+04  4.0070E+05    3265
   178.-  180.       504  0.5040E-02       918    3.2107E+04  5.2385E+05  4.9746E+05  4.4313E+05  5.4338E+04  3.7348E+05    2912
   180.-  182.       436  0.4360E-02       861    2.8872E+04  4.2950E+05  4.0564E+05  3.5571E+05  4.9933E+04  3.0155E+05    2583
   182.-  184.       434  0.4340E-02       841    2.6025E+04  4.1010E+05  3.8840E+05  3.4315E+05  4.5247E+04  2.9038E+05    2395
   184.-  186.       406  0.4060E-02       644    2.3479E+04  3.7199E+05  3.5176E+05  3.0982E+05  4.1945E+04  2.6232E+05    2168
   186.-  188.       348  0.3480E-02       708    2.1286E+04  3.4225E+05  3.2381E+05  2.8550E+05  3.8308E+04  2.4124E+05    1965
   188.-  190.       324  0.3240E-02       702    1.8891E+04  2.9742E+05  2.8079E+05  2.4731E+05  3.3475E+04  2.0975E+05    1791
   190.-  192.       302  0.3020E-02       670    1.7041E+04  2.6788E+05  2.5258E+05  2.2100E+05  3.1582E+04  1.8735E+05    1630
   192.-  194.       272  0.2720E-02       599    1.4817E+04  2.2567E+05  2.1216E+05  1.8479E+05  2.7375E+04  1.5702E+05    1422
   194.-  196.       242  0.2420E-02       571    1.3496E+04  2.2254E+05  2.0990E+05  1.8405E+05  2.5844E+04  1.5583E+05    1308
   196.-  198.       210  0.2100E-02       551    1.2141E+04  2.0223E+05  1.9072E+05  1.6736E+05  2.3365E+04  1.4169E+05    1188
   198.-  200.       212  0.2120E-02      5309    8.6060E+04  1.4380E+06  1.3453E+06  1.1626E+06  1.8277E+05  9.8775E+05    8976
   200.-   SUT      1790  0.1790E-01

                   99999  1.0000E+00     99999    8.2377E+07  8.1961E+08  8.0997E+08  7.7203E+08  3.7939E+07  6.3101E+08 2482014
1
     RECOILS



     DEPTH(A)     INLOSS(EV)   TELOSS(EV)   ELLOSS(EV)   DAMAGE(EV)   PHONON(EV)     DPA  DPA(1)  DPA(2)

     0.-    2.    4.1477E+05   6.6388E+06   5.4255E+06   1.7205E+06   3.7050E+06   24567   24567       0
     2.-    4.    6.5141E+05   9.4609E+06   7.9858E+06   3.1701E+06   4.8157E+06   40169   40169       0
     4.-    6.    8.6399E+05   1.1894E+07   1.0094E+07   4.1779E+06   5.9164E+06   50943   50943       0
     6.-    8.    1.0440E+06   1.3912E+07   1.1832E+07   4.9754E+06   6.8566E+06   59775   59775       0
     8.-   10.    1.2025E+06   1.5788E+07   1.3458E+07   5.7759E+06   7.6817E+06   67598   67598       0
    10.-   12.    1.3386E+06   1.7307E+07   1.4760E+07   6.3625E+06   8.3973E+06   73391   73391       0
    12.-   14.    1.4734E+06   1.8719E+07   1.5977E+07   6.9310E+06   9.0456E+06   80438   80438       0
    14.-   16.    1.5861E+06   2.0087E+07   1.7166E+07   7.5513E+06   9.6152E+06   85735   85735       0
    16.-   18.    1.6933E+06   2.1269E+07   1.8189E+07   8.0254E+06   1.0163E+07   90748   90748       0
    18.-   20.    1.7948E+06   2.2443E+07   1.9218E+07   8.5597E+06   1.0658E+07   94912   94912       0
    20.-   22.    1.8887E+06   2.3417E+07   2.0046E+07   8.9012E+06   1.1145E+07  100044  100044       0
    22.-   24.    1.9757E+06   2.4339E+07   2.0841E+07   9.2742E+06   1.1567E+07  103560  103560       0
    24.-   26.    2.0561E+06   2.5373E+07   2.1753E+07   9.7863E+06   1.1967E+07  107639  107639       0
    26.-   28.    2.1277E+06   2.6201E+07   2.2458E+07   1.0085E+07   1.2373E+07  111049  111049       0
    28.-   30.    2.2036E+06   2.7029E+07   2.3174E+07   1.0413E+07   1.2761E+07  114150  114150       0
    30.-   32.    2.2807E+06   2.7980E+07   2.4012E+07   1.0865E+07   1.3147E+07  118981  118981       0
    32.-   34.    2.3336E+06   2.8592E+07   2.4521E+07   1.1053E+07   1.3468E+07  121409  121409       0
    34.-   36.    2.3989E+06   2.9386E+07   2.5216E+07   1.1414E+07   1.3802E+07  125459  125459       0
    36.-   38.    2.4570E+06   3.0098E+07   2.5828E+07   1.1695E+07   1.4133E+07  127895  127895       0
    38.-   40.    2.5114E+06   3.0797E+07   2.6430E+07   1.1978E+07   1.4452E+07  131080  131080       0
    40.-   42.    2.5644E+06   3.1458E+07   2.6992E+07   1.2196E+07   1.4796E+07  134362  134362       0
    42.-   44.    2.6100E+06   3.1883E+07   2.7339E+07   1.2289E+07   1.5051E+07  136005  136005       0
    44.-   46.    2.6470E+06   3.2449E+07   2.7831E+07   1.2528E+07   1.5304E+07  138524  138524       0
    46.-   48.    2.6791E+06   3.2937E+07   2.8253E+07   1.2754E+07   1.5499E+07  140561  140561       0
    48.-   50.    2.7006E+06   3.3263E+07   2.8514E+07   1.2799E+07   1.5714E+07  141056  141056       0
    50.-   52.    2.7350E+06   3.3749E+07   2.8935E+07   1.3017E+07   1.5918E+07  143637  143637       0
    52.-   54.    2.7584E+06   3.4171E+07   2.9314E+07   1.3237E+07   1.6077E+07  145067  145067       0
    54.-   56.    2.7829E+06   3.4391E+07   2.9470E+07   1.3193E+07   1.6277E+07  146296  146296       0
    56.-   58.    2.8006E+06   3.4696E+07   2.9729E+07   1.3307E+07   1.6422E+07  147921  147921       0
    58.-   60.    2.8148E+06   3.4980E+07   2.9978E+07   1.3424E+07   1.6555E+07  148215  148215       0
    60.-   62.    2.8229E+06   3.5180E+07   3.0149E+07   1.3502E+07   1.6647E+07  149350  149350       0
    62.-   64.    2.8325E+06   3.5245E+07   3.0187E+07   1.3467E+07   1.6720E+07  149740  149740       0
    64.-   66.    2.8332E+06   3.5370E+07   3.0289E+07   1.3500E+07   1.6789E+07  150507  150507       0
    66.-   68.    2.8335E+06   3.5375E+07   3.0284E+07   1.3447E+07   1.6837E+07  150479  150479       0
    68.-   70.    2.8186E+06   3.5418E+07   3.0322E+07   1.3483E+07   1.6839E+07  151351  151351       0
    70.-   72.    2.8091E+06   3.5348E+07   3.0253E+07   1.3422E+07   1.6831E+07  150009  150009       0
    72.-   74.    2.7973E+06   3.5150E+07   3.0063E+07   1.3258E+07   1.6805E+07  149768  149768       0
    74.-   76.    2.7711E+06   3.5081E+07   3.0012E+07   1.3270E+07   1.6742E+07  149042  149042       0
    76.-   78.    2.7514E+06   3.4804E+07   2.9768E+07   1.3149E+07   1.6619E+07  147796  147796       0
    78.-   80.    2.7154E+06   3.4318E+07   2.9328E+07   1.2853E+07   1.6475E+07  145550  145550       0
    80.-   82.    2.6744E+06   3.3986E+07   2.9046E+07   1.2739E+07   1.6307E+07  144034  144034       0
    82.-   84.    2.6389E+06   3.3588E+07   2.8709E+07   1.2621E+07   1.6088E+07  142459  142459       0
    84.-   86.    2.6018E+06   3.3080E+07   2.8258E+07   1.2369E+07   1.5890E+07  140366  140366       0
    86.-   88.    2.5577E+06   3.2604E+07   2.7870E+07   1.2233E+07   1.5637E+07  138571  138571       0
    88.-   90.    2.5079E+06   3.2003E+07   2.7360E+07   1.2030E+07   1.5330E+07  136761  136761       0
    90.-   92.    2.4475E+06   3.1219E+07   2.6705E+07   1.1766E+07   1.4939E+07  133350  133350       0
    92.-   94.    2.3790E+06   3.0163E+07   2.5829E+07   1.1470E+07   1.4359E+07  129974  129974       0
    94.-   96.    2.2827E+06   2.8751E+07   2.4683E+07   1.1124E+07   1.3558E+07  124979  124979       0
    96.-   98.    2.1372E+06   2.6423E+07   2.2787E+07   1.0534E+07   1.2253E+07  117520  117520       0
    98.-  100.    1.8861E+06   2.2346E+07   1.9482E+07   9.6214E+06   9.8602E+06  103083  103083       0
   100.-  102.    1.1137E+06   1.1981E+07   1.0584E+07   5.6931E+06   4.8904E+06   56239   56239       0
   102.-  104.    3.1090E+04   2.6363E+05   2.1366E+05   6.0853E+04   1.5280E+05     934     934       0
   104.-  106.    0.0000E+00   0.0000E+00   0.0000E+00   0.0000E+00   0.0000E+00       0       0       0
   106.-  108.    0.0000E+00   0.0000E+00   0.0000E+00   0.0000E+00   0.0000E+00       0       0       0
   108.-  110.    0.0000E+00   0.0000E+00   0.0000E+00   0.0000E+00   0.0000E+00       0       0       0
   110.-  112.    0.0000E+00   0.0000E+00   0.0000E+00   0.0000E+00   0.0000E+00       0       0       0
   112.-  114.    0.0000E+00   0.0000E+00   0.0000E+00   0.0000E+00   0.0000E+00       0       0       0
   114.-  116.    0.0000E+00   0.0000E+00   0.0000E+00   0.0000E+00   0.0000E+00       0       0       0
   116.-  118.    0.0000E+00   0.0000E+00   0.0000E+00   0.0000E+00   0.0000E+00       0       0       0
   118.-  120.    0.0000E+00   0.0000E+00   0.0000E+00   0.0000E+00   0.0000E+00       0       0       0
   120.-  122.    0.0000E+00   0.0000E+00   0.0000E+00   0.0000E+00   0.0000E+00       0       0       0
   122.-  124.    0.0000E+00   0.0000E+00   0.0000E+00   0.0000E+00   0.0000E+00       0       0       0
   124.-  126.    0.0000E+00   0.0000E+00   0.0000E+00   0.0000E+00   0.0000E+00       0       0       0
   126.-  128.    0.0000E+00   0.0000E+00   0.0000E+00   0.0000E+00   0.0000E+00       0       0       0
   128.-  130.    0.0000E+00   0.0000E+00   0.0000E+00   0.0000E+00   0.0000E+00       0       0       0
   130.-  132.    0.0000E+00   0.0000E+00   0.0000E+00   0.0000E+00   0.0000E+00       0       0       0
   132.-  134.    0.0000E+00   0.0000E+00   0.0000E+00   0.0000E+00   0.0000E+00       0       0       0
   134.-  136.    0.0000E+00   0.0000E+00   0.0000E+00   0.0000E+00   0.0000E+00       0       0       0
   136.-  138.    0.0000E+00   0.0000E+00   0.0000E+00   0.0000E+00   0.0000E+00       0       0       0
   138.-  140.    0.0000E+00   0.0000E+00   0.0000E+00   0.0000E+00   0.0000E+00       0       0       0
   140.-  142.    0.0000E+00   0.0000E+00   0.0000E+00   0.0000E+00   0.0000E+00       0       0       0
   142.-  144.    0.0000E+00   0.0000E+00   0.0000E+00   0.0000E+00   0.0000E+00       0       0       0
   144.-  146.    0.0000E+00   0.0000E+00   0.0000E+00   0.0000E+00   0.0000E+00       0       0       0
   146.-  148.    0.0000E+00   0.0000E+00   0.0000E+00   0.0000E+00   0.0000E+00       0       0       0
   148.-  150.    0.0000E+00   0.0000E+00   0.0000E+00   0.0000E+00   0.0000E+00       0       0       0
   150.-  152.    0.0000E+00   0.0000E+00   0.0000E+00   0.0000E+00   0.0000E+00       0       0       0
   152.-  154.    0.0000E+00   0.0000E+00   0.0000E+00   0.0000E+00   0.0000E+00       0       0       0
   154.-  156.    0.0000E+00   0.0000E+00   0.0000E+00   0.0000E+00   0.0000E+00       0       0       0
   156.-  158.    0.0000E+00   0.0000E+00   0.0000E+00   0.0000E+00   0.0000E+00       0       0       0
   158.-  160.    0.0000E+00   0.0000E+00   0.0000E+00   0.0000E+00   0.0000E+00       0       0       0
   160.-  162.    0.0000E+00   0.0000E+00   0.0000E+00   0.0000E+00   0.0000E+00       0       0       0
   162.-  164.    0.0000E+00   0.0000E+00   0.0000E+00   0.0000E+00   0.0000E+00       0       0       0
   164.-  166.    0.0000E+00   0.0000E+00   0.0000E+00   0.0000E+00   0.0000E+00       0       0       0
   166.-  168.    0.0000E+00   0.0000E+00   0.0000E+00   0.0000E+00   0.0000E+00       0       0       0
   168.-  170.    0.0000E+00   0.0000E+00   0.0000E+00   0.0000E+00   0.0000E+00       0       0       0
   170.-  172.    0.0000E+00   0.0000E+00   0.0000E+00   0.0000E+00   0.0000E+00       0       0       0
   172.-  174.    0.0000E+00   0.0000E+00   0.0000E+00   0.0000E+00   0.0000E+00       0       0       0
   174.-  176.    0.0000E+00   0.0000E+00   0.0000E+00   0.0000E+00   0.0000E+00       0       0       0
   176.-  178.    0.0000E+00   0.0000E+00   0.0000E+00   0.0000E+00   0.0000E+00       0       0       0
   178.-  180.    0.0000E+00   0.0000E+00   0.0000E+00   0.0000E+00   0.0000E+00       0       0       0
   180.-  182.    0.0000E+00   0.0000E+00   0.0000E+00   0.0000E+00   0.0000E+00       0       0       0
   182.-  184.    0.0000E+00   0.0000E+00   0.0000E+00   0.0000E+00   0.0000E+00       0       0       0
   184.-  186.    0.0000E+00   0.0000E+00   0.0000E+00   0.0000E+00   0.0000E+00       0       0       0
   186.-  188.    0.0000E+00   0.0000E+00   0.0000E+00   0.0000E+00   0.0000E+00       0       0       0
   188.-  190.    0.0000E+00   0.0000E+00   0.0000E+00   0.0000E+00   0.0000E+00       0       0       0
   190.-  192.    0.0000E+00   0.0000E+00   0.0000E+00   0.0000E+00   0.0000E+00       0       0       0
   192.-  194.    0.0000E+00   0.0000E+00   0.0000E+00   0.0000E+00   0.0000E+00       0       0       0
   194.-  196.    0.0000E+00   0.0000E+00   0.0000E+00   0.0000E+00   0.0000E+00       0       0       0
   196.-  198.    0.0000E+00   0.0000E+00   0.0000E+00   0.0000E+00   0.0000E+00       0       0       0
   198.-  200.    0.0000E+00   0.0000E+00   0.0000E+00   0.0000E+00   0.0000E+00       0       0       0

                  1.1463E+08   1.4324E+09   1.2269E+09   5.4707E+08   6.7985E+08 6113048 6113048       0
1     BACKWARD SPUTTERING



        ALL SPUTTERED PARTICLES =   77626   TOTAL SPUTTERED ENERGY = 0.3833E+07 EV


        SPUTTERED PARTICLES (1.LAYER) =   77626   SPUTTERED ENERGY = 0.3833E+07 EV


 1.LAYER
         SPUTTERED PARTICLES(1) =   77626     SPUTTERED ENERGY(1) = 0.3833E+07 EV

         ION IN , PRIMARY KO(1) =   15410   0.1985   0.1985    ENERGY = 0.1543E+07 EV   0.4026   0.4026    MEAN ENERGY = 0.1002E+03
         ION IN , SECOND. KO(1) =   62216   0.8015   0.8015    ENERGY = 0.2290E+07 EV   0.5974   0.5974    MEAN ENERGY = 0.3680E+02
        ION OUT , PRIMARY KO(1) =       0   0.0000   0.0000    ENERGY = 0.0000E+00 EV   0.0000   0.0000    MEAN ENERGY = 0.0000E+00
        ION OUT , SECOND. KO(1) =       0   0.0000   0.0000    ENERGY = 0.0000E+00 EV   0.0000   0.0000    MEAN ENERGY = 0.0000E+00


     SPUTTERING YIELD(1) =  7.763E-01  SPUTTERED ENERGY(1) =  4.250E-03  REL.MEAN ENERGY(1) =  5.475E-03  MEAN ENERGY(1) =  4.938E+01

                       MEAN        VARIANCE      SKEWNESS      KURTOSIS        SIGMA       ERROR 1.M     ERROR 2.M     ERROR 3.M 
    ENERGY(1)       4.9380E+01    8.2846E+03    4.8299E+00    3.8740E+01    9.1020E+01    3.2669E-01    1.8267E+02    1.3575E-01
 LOGENERGY(1)       1.2796E+00    3.6894E-01    4.1927E-02    2.8424E+00    6.0741E-01    2.1803E-03    1.7976E-03    7.8256E-03

                     1.MOMENT      2.MOMENT      3.MOMENT      4.MOMENT      5.MOMENT      6.MOMENT 
    ENERGY(1)       4.9380E+01    1.0723E+04    4.9898E+06    3.5054E+09    3.2751E+12    3.8443E+15
 LOGENERGY(1)       1.2796E+00    2.0064E+00    3.5211E+00    6.7412E+00    1.3778E+01    2.9666E+01



     POLAR ANGULAR DISTRIBUTION OF ALL BACKWARD SPUTTERED PARTICLES


       0.00  0.00  0.00  0.00  0.00  0.00  0.00  0.00  0.00  0.00  0.00  0.00  0.00  0.00  0.00  0.00  0.00  0.00  0.00  0.00

        140   362   678  1016  1366  1717  2253  2731  3273  3776  4112  4642  5033  5532  6028  6197  6469  6927  7470  7904
      0.036 0.093 0.175 0.262 0.352 0.442 0.580 0.704 0.843 0.973 1.059 1.196 1.297 1.425 1.553 1.597 1.667 1.785 1.925 2.036
1 LOG ENERGY - COS OF EMISSION ANGLE (0.05 STEPS)   (BACKWARD SPUTTERED PARTICLES) ; 1. LAYER ; SPECIES 1


   0.0000E+00    1    2    3    4    5    6    7    8    9   10   11   12   13   14   15   16   17   18   19   20     0  0.0000E+00
   0.1000E+00    0    0    0    0    0    1    0    1    0    0    1    0    0    2    1    1    2    4    3    2    18  0.1800E-02
   0.1212E+00    0    0    0    0    0    0    0    0    0    0    0    0    0    0    0    0    0    0    0    0     0  0.0000E+00
   0.1468E+00    0    0    0    0    0    0    0    0    0    0    0    0    0    0    0    0    0    0    0    0     0  0.0000E+00
   0.1778E+00    0    0    0    0    0    0    0    0    0    0    0    0    0    0    0    0    0    0    0    0     0  0.0000E+00
   0.2154E+00    0    0    0    0    0    0    0    0    0    0    0    0    0    0    0    0    0    0    0    0     0  0.0000E+00
   0.2610E+00    0    0    0    0    0    0    0    0    0    0    0    0    0    0    0    0    0    0    0    0     0  0.0000E+00
   0.3162E+00    0    0    0    0    0    0    0    0    0    0    0    0    0    0    0    0    0    0    0    0     0  0.0000E+00
   0.3831E+00    0    0    0    0    0    0    0    0    0    0    0    0    0    0    0    0    0    0    0    0     0  0.0000E+00
   0.4642E+00    0    0    0    0    0    0    0    0    0    0    0    0    0    0    0    0    0    0    0    0     0  0.0000E+00
   0.5623E+00    0    0    0    0    0    0    0    0    0    0    0    0    0    0    0    0    0    0    0    0     0  0.0000E+00
   0.6813E+00    0    0    0    0    0    0    0    0    0    0    0    0    0    0    0    0    0    0    0    0     0  0.0000E+00
   0.8254E+00    0    0    0    0    0    0    0    0    0    0    0    0    0    0    0    0    0    0    0    0     0  0.0000E+00
   0.1000E+01    0    0    0    0    0    0    0    0    0    0    0    0    0    0    0    0    0    0    0    0     0  0.0000E+00
   0.1212E+01    0    0    0    0    0    0    0    0    0    0    0    0    0    0    0    0    0    0    0    0     0  0.0000E+00
   0.1468E+01    0    0    0    0    0    0    0    0    0    0    0    0    0    0    0    0    0    0    0    0     0  0.0000E+00
   0.1778E+01    0    0    0    0    0    0    0    0    0    0    0    0    0    0    0    0    0    0    0    0     0  0.0000E+00
   0.2154E+01    0    0    0    0    0    0    0    0    0    0    0    0    0    0    0    0    0    0    0    0     0  0.0000E+00
   0.2610E+01    0    0    0    0    0    0    0    0    0    0    0    0    0    0    0    0    0    0    0    0     0  0.0000E+00
   0.3162E+01    0    0    0    0    0    0    0    0    0    0    0    0    0    0    0    0    0    0    0    0     0  0.0000E+00
   0.3831E+01    0    0    0    0    0    0    0    0    0    0    0    0    0    0    0    0    0    0    0    0     0  0.0000E+00
   0.4642E+01    0    0    0    0    0    0    0    0    0    0    0    0    0    0    0    0    0    0    0    0     0  0.0000E+00
   0.5623E+01    0    0    0    0    0    0    0    0    0    0    0    0    0    0    0    0    0    0    0    0     0  0.0000E+00
   0.6813E+01    0    0    0    0    0    0    0    0    0    0    0    0    0    0    0    0    0    0    0    0     0  0.0000E+00
   0.8254E+01    0    0    0    0    0    0    0    0    0    0    0    0    0    0    0    0    0    0    0    0     0  0.0000E+00
   0.1000E+02    0    0    0    0    0    0    0    0    0    0    0    0    0    0    0    0    0    0    0    0     0  0.0000E+00
   0.1212E+02    0    0    0    0    0    0    0    0    0    0    0    0    0    0    0    0    0    0    0    0     0  0.0000E+00
   0.1468E+02    0    0    0    0    0    0    0    0    0    0    0    0    0    0    0    0    0    0    0    0     0  0.0000E+00
   0.1778E+02    0    0    0    0    0    0    0    0    0    0    0    0    0    0    0    0    0    0    0    0     0  0.0000E+00
   0.2154E+02    0    0    0    0    0    0    0    0    0    0    0    0    0    0    0    0    0    0    0    0     0  0.0000E+00
   0.2610E+02    0    0    0    0    0    0    0    0    0    0    0    0    0    0    0    0    0    0    0    0     0  0.0000E+00
   0.3162E+02    0    0    0    0    0    0    0    0    0    0    0    0    0    0    0    0    0    0    0    0     0  0.0000E+00
   0.3831E+02    0    0    0    0    0    0    0    0    0    0    0    0    0    0    0    0    0    0    0    0     0  0.0000E+00
   0.4642E+02    0    0    0    0    0    0    0    0    0    0    0    0    0    0    0    0    0    0    0    0     0  0.0000E+00
   0.5623E+02    0    0    0    0    0    0    0    0    0    0    0    0    0    0    0    0    0    0    0    0     0  0.0000E+00
   0.6813E+02    0    0    0    0    0    0    0    0    0    0    0    0    0    0    0    0    0    0    0    0     0  0.0000E+00
   0.8254E+02    0    0    0    0    0    0    0    0    0    0    0    0    0    0    0    0    0    0    0    0     0  0.0000E+00
   0.1000E+03    0    0    0    0    0    0    0    0    0    0    0    0    0    0    0    0    0    0    0    0     0  0.0000E+00
   0.1212E+03    0    0    0    0    0    0    0    0    0    0    0    0    0    0    0    0    0    0    0    0     0  0.0000E+00
   0.1468E+03    0    0    0    0    0    0    0    0    0    0    0    0    0    0    0    0    0    0    0    0     0  0.0000E+00
   0.1778E+03    0    0    0    0    0    0    0    0    0    0    0    0    0    0    0    0    0    0    0    0     0  0.0000E+00
   0.2154E+03    0    0    0    0    0    0    0    0    0    0    0    0    0    0    0    0    0    0    0    0     0  0.0000E+00
   0.2610E+03    0    0    0    0    0    0    0    0    0    0    0    0    0    0    0    0    0    0    0    0     0  0.0000E+00
   0.3162E+03    0    0    0    0    0    0    0    0    0    0    0    0    0    0    0    0    0    0    0    0     0  0.0000E+00
   0.3831E+03    0    0    0    0    0    0    0    0    0    0    0    0    0    0    0    0    0    0    0    0     0  0.0000E+00
   0.4642E+03    0    0    0    0    0    0    0    0    0    0    0    0    0    0    0    0    0    0    0    0     0  0.0000E+00
   0.5623E+03    0    0    0    0    0    0    0    0    0    0    0    0    0    0    0    0    0    0    0    0     0  0.0000E+00
   0.6813E+03    0    0    0    0    0    0    0    0    0    0    0    0    0    0    0    0    0    0    0    0     0  0.0000E+00
   0.8254E+03    0    0    0    0    0    0    0    0    0    0    0    0    0    0    0    0    0    0    0    0     0  0.0000E+00
   0.1000E+04    0    0    0    0    0    0    0    0    0    0    0    0    0    0    0    0    0    0    0    0     0  0.0000E+00
   0.1212E+04    0    0    0    0    0    0    0    0    0    0    0    0    0    0    0    0    0    0    0    0     0  0.0000E+00
   0.1468E+04    0    0    0    0    0    0    0    0    0    0    0    0    0    0    0    0    0    0    0    0     0  0.0000E+00
   0.1778E+04    0    0    0    0    0    0    0    0    0    0    0    0    0    0    0    0    0    0    0    0     0  0.0000E+00
   0.2154E+04    0    0    0    0    0    0    0    0    0    0    0    0    0    0    0    0    0    0    0    0     0  0.0000E+00
   0.2610E+04    0    0    0    0    0    0    0    0    0    0    0    0    0    0    0    0    0    0    0    0     0  0.0000E+00
   0.3162E+04    0    0    0    0    0    0    0    0    0    0    0    0    0    0    0    0    0    0    0    0     0  0.0000E+00
   0.3831E+04    0    0    0    0    0    0    0    0    0    0    0    0    0    0    0    0    0    0    0    0     0  0.0000E+00
   0.4642E+04    0    0    0    0    0    0    0    0    0    0    0    0    0    0    0    0    0    0    0    0     0  0.0000E+00
   0.5623E+04    0    0    0    0    0    0    0    0    0    0    0    0    0    0    0    0    0    0    0    0     0  0.0000E+00
   0.6813E+04    0    0    0    0    0    0    0    0    0    0    0    0    0    0    0    0    0    0    0    0     0  0.0000E+00
   0.8254E+04    0    0    0    0    0    0    0    0    0    0    0    0    0    0    0    0    0    0    0    0     0  0.0000E+00
   0.1000E+05    0    0    0    0    0    0    0    0    0    0    0    0    0    0    0    0    0    0    0    0     0  0.0000E+00
   0.1212E+05    0    0    0    0    0    0    0    0    0    0    0    0    0    0    0    0    0    0    0    0     0  0.0000E+00
   0.1468E+05    0    0    0    0    0    0    0    0    0    0    0    0    0    0    0    0    0    0    0    0     0  0.0000E+00
   0.1778E+05    0    0    0    0    0    0    0    0    0    0    0    0    0    0    0    0    0    0    0    0     0  0.0000E+00
   0.2154E+05    0    0    0    0    0    0    0    0    0    0    0    0    0    0    0    0    0    0    0    0     0  0.0000E+00
   0.2610E+05    0    0    0    0    0    0    0    0    0    0    0    0    0    0    0    0    0    0    0    0     0  0.0000E+00
   0.3162E+05    0    0    0    0    0    0    0    0    0    0    0    0    0    0    0    0    0    0    0    0     0  0.0000E+00
   0.3831E+05    0    0    0    0    0    0    0    0    0    0    0    0    0    0    0    0    0    0    0    0     0  0.0000E+00
   0.4642E+05    0    0    0    0    0    0    0    0    0    0    0    0    0    0    0    0    0    0    0    0     0  0.0000E+00
   0.5623E+05    0    0    0    0    0    0    0    0    0    0    0    0    0    0    0    0    0    0    0    0     0  0.0000E+00
   0.6813E+05    0    0    0    0    0    0    0    0    0    0    0    0    0    0    0    0    0    0    0    0     0  0.0000E+00
   0.8254E+05    0    0    0    0    0    0    0    0    0    0    0    0    0    0    0    0    0    0    0    0     0  0.0000E+00
   0.1000E+06    0    0    0    0    0    0    0    0    0    0    0    0    0    0    0    0    0    0    0    0     0  0.0000E+00
   0.0000E+00  280  724 1356 2032 2732 3433 4506 5461 6546 7552 8223 92841006611062120551239312936138501493715806155234  0.0000E+00
1ENERGY(E/E0 IN %) - POLAR ANGLE IN COS-INTERVALS (0.05)  (BACKWARD SPUTTERED PARTICLES) , 1.LAYER , SPECIES 1

     0    1    2    3    4    5    6    7    8    9   10   11   12   13   14   15   16   17   18   19   20      0
     1  132  330  628  896 1191 1455 1849 2226 2616 3076 3350 3855 4202 4634 5151 5362 5633 6107 6680 7187  66560
     2    6   26   36   65   75  111  195  262  325  356  407  440  480  505  489  532  531  518  540  481   6380
     3    1    4    7   28   30   58   72  102  129  150  144  158  160  190  202  166  154  171  141  152   2219
     4    1    2    1    8   26   38   50   63   83   80   90   73   91   81   84   58   69   63   61   44   1066
     5    0    0    3    5   11   24   39   26   44   43   46   40   39   44   50   38   40   35   26   20    573
     6    0    0    1    4   11   13   15    8   27   21   31   30   23   39   16   17   15   14    8    7    300
     7    0    0    2    1    3    9   11   17   14   14   17   19   14   15   22    8   15    6    4   10    201
     8    0    0    0    2    6    4   10    8   17   15   10   13    5   12    8    5    7   10    5    2    139
     9    0    0    0    0    4    5    4    9    8   11    7    7   12    5    2    6    5    1    0    1     87
    10    0    0    0    4    4    0    4    3    5    3    8    2    1    3    2    3    0    2    2    0     46
    11    0    0    0    1    2    0    0    1    2    0    0    1    1    2    1    2    0    0    3    0     16
    12    0    0    0    2    1    0    1    2    1    0    1    0    0    0    1    0    0    0    0    0      9
    13    0    0    0    0    1    0    0    2    2    2    0    1    3    1    0    0    0    0    0    0     12
    14    0    0    0    0    0    0    1    2    0    1    0    2    1    1    0    0    0    0    0    0      8
    15    0    0    0    0    1    0    0    0    0    2    1    0    1    0    0    0    0    0    0    0      5
    16    0    0    0    0    0    0    0    0    0    0    0    1    0    0    0    0    0    0    0    0      1
    17    0    0    0    0    0    0    1    0    0    2    0    0    0    0    0    0    0    0    0    0      3
    18    0    0    0    0    0    0    0    0    0    0    0    0    0    0    0    0    0    0    0    0      0
    19    0    0    0    0    0    0    0    0    0    0    0    0    0    0    0    0    0    0    0    0      0
    20    0    0    0    0    0    0    0    0    0    0    0    0    0    0    0    0    0    0    0    0      0
    21    0    0    0    0    0    0    0    0    0    0    0    0    0    0    0    0    0    0    0    0      0
    22    0    0    0    0    0    0    0    0    0    0    0    0    0    0    0    0    0    0    0    0      0
    23    0    0    0    0    0    0    0    0    0    0    0    0    0    0    0    0    0    0    0    0      0
    24    0    0    0    0    0    0    1    0    0    0    0    0    0    0    0    0    0    0    0    0      1
    25    0    0    0    0    0    0    0    0    0    0    0    0    0    0    0    0    0    0    0    0      0
    26    0    0    0    0    0    0    0    0    0    0    0    0    0    0    0    0    0    0    0    0      0
    27    0    0    0    0    0    0    0    0    0    0    0    0    0    0    0    0    0    0    0    0      0
    28    0    0    0    0    0    0    0    0    0    0    0    0    0    0    0    0    0    0    0    0      0
    29    0    0    0    0    0    0    0    0    0    0    0    0    0    0    0    0    0    0    0    0      0
    30    0    0    0    0    0    0    0    0    0    0    0    0    0    0    0    0    0    0    0    0      0
    31    0    0    0    0    0    0    0    0    0    0    0    0    0    0    0    0    0    0    0    0      0
    32    0    0    0    0    0    0    0    0    0    0    0    0    0    0    0    0    0    0    0    0      0
    33    0    0    0    0    0    0    0    0    0    0    0    0    0    0    0    0    0    0    0    0      0
    34    0    0    0    0    0    0    0    0    0    0    0    0    0    0    0    0    0    0    0    0      0
    35    0    0    0    0    0    0    0    0    0    0    0    0    0    0    0    0    0    0    0    0      0
    36    0    0    0    0    0    0    0    0    0    0    0    0    0    0    0    0    0    0    0    0      0
    37    0    0    0    0    0    0    0    0    0    0    0    0    0    0    0    0    0    0    0    0      0
    38    0    0    0    0    0    0    0    0    0    0    0    0    0    0    0    0    0    0    0    0      0
    39    0    0    0    0    0    0    0    0    0    0    0    0    0    0    0    0    0    0    0    0      0
    40    0    0    0    0    0    0    0    0    0    0    0    0    0    0    0    0    0    0    0    0      0
    41    0    0    0    0    0    0    0    0    0    0    0    0    0    0    0    0    0    0    0    0      0
    42    0    0    0    0    0    0    0    0    0    0    0    0    0    0    0    0    0    0    0    0      0
    43    0    0    0    0    0    0    0    0    0    0    0    0    0    0    0    0    0    0    0    0      0
    44    0    0    0    0    0    0    0    0    0    0    0    0    0    0    0    0    0    0    0    0      0
    45    0    0    0    0    0    0    0    0    0    0    0    0    0    0    0    0    0    0    0    0      0
    46    0    0    0    0    0    0    0    0    0    0    0    0    0    0    0    0    0    0    0    0      0
    47    0    0    0    0    0    0    0    0    0    0    0    0    0    0    0    0    0    0    0    0      0
    48    0    0    0    0    0    0    0    0    0    0    0    0    0    0    0    0    0    0    0    0      0
    49    0    0    0    0    0    0    0    0    0    0    0    0    0    0    0    0    0    0    0    0      0
    50    0    0    0    0    0    0    0    0    0    0    0    0    0    0    0    0    0    0    0    0      0
    51    0    0    0    0    0    0    0    0    0    0    0    0    0    0    0    0    0    0    0    0      0
    52    0    0    0    0    0    0    0    0    0    0    0    0    0    0    0    0    0    0    0    0      0
    53    0    0    0    0    0    0    0    0    0    0    0    0    0    0    0    0    0    0    0    0      0
    54    0    0    0    0    0    0    0    0    0    0    0    0    0    0    0    0    0    0    0    0      0
    55    0    0    0    0    0    0    0    0    0    0    0    0    0    0    0    0    0    0    0    0      0
    56    0    0    0    0    0    0    0    0    0    0    0    0    0    0    0    0    0    0    0    0      0
    57    0    0    0    0    0    0    0    0    0    0    0    0    0    0    0    0    0    0    0    0      0
    58    0    0    0    0    0    0    0    0    0    0    0    0    0    0    0    0    0    0    0    0      0
    59    0    0    0    0    0    0    0    0    0    0    0    0    0    0    0    0    0    0    0    0      0
    60    0    0    0    0    0    0    0    0    0    0    0    0    0    0    0    0    0    0    0    0      0
    61    0    0    0    0    0    0    0    0    0    0    0    0    0    0    0    0    0    0    0    0      0
    62    0    0    0    0    0    0    0    0    0    0    0    0    0    0    0    0    0    0    0    0      0
    63    0    0    0    0    0    0    0    0    0    0    0    0    0    0    0    0    0    0    0    0      0
    64    0    0    0    0    0    0    0    0    0    0    0    0    0    0    0    0    0    0    0    0      0
    65    0    0    0    0    0    0    0    0    0    0    0    0    0    0    0    0    0    0    0    0      0
    66    0    0    0    0    0    0    0    0    0    0    0    0    0    0    0    0    0    0    0    0      0
    67    0    0    0    0    0    0    0    0    0    0    0    0    0    0    0    0    0    0    0    0      0
    68    0    0    0    0    0    0    0    0    0    0    0    0    0    0    0    0    0    0    0    0      0
    69    0    0    0    0    0    0    0    0    0    0    0    0    0    0    0    0    0    0    0    0      0
    70    0    0    0    0    0    0    0    0    0    0    0    0    0    0    0    0    0    0    0    0      0
    71    0    0    0    0    0    0    0    0    0    0    0    0    0    0    0    0    0    0    0    0      0
    72    0    0    0    0    0    0    0    0    0    0    0    0    0    0    0    0    0    0    0    0      0
    73    0    0    0    0    0    0    0    0    0    0    0    0    0    0    0    0    0    0    0    0      0
    74    0    0    0    0    0    0    0    0    0    0    0    0    0    0    0    0    0    0    0    0      0
    75    0    0    0    0    0    0    0    0    0    0    0    0    0    0    0    0    0    0    0    0      0
    76    0    0    0    0    0    0    0    0    0    0    0    0    0    0    0    0    0    0    0    0      0
    77    0    0    0    0    0    0    0    0    0    0    0    0    0    0    0    0    0    0    0    0      0
    78    0    0    0    0    0    0    0    0    0    0    0    0    0    0    0    0    0    0    0    0      0
    79    0    0    0    0    0    0    0    0    0    0    0    0    0    0    0    0    0    0    0    0      0
    80    0    0    0    0    0    0    0    0    0    0    0    0    0    0    0    0    0    0    0    0      0
    81    0    0    0    0    0    0    0    0    0    0    0    0    0    0    0    0    0    0    0    0      0
    82    0    0    0    0    0    0    0    0    0    0    0    0    0    0    0    0    0    0    0    0      0
    83    0    0    0    0    0    0    0    0    0    0    0    0    0    0    0    0    0    0    0    0      0
    84    0    0    0    0    0    0    0    0    0    0    0    0    0    0    0    0    0    0    0    0      0
    85    0    0    0    0    0    0    0    0    0    0    0    0    0    0    0    0    0    0    0    0      0
    86    0    0    0    0    0    0    0    0    0    0    0    0    0    0    0    0    0    0    0    0      0
    87    0    0    0    0    0    0    0    0    0    0    0    0    0    0    0    0    0    0    0    0      0
    88    0    0    0    0    0    0    0    0    0    0    0    0    0    0    0    0    0    0    0    0      0
    89    0    0    0    0    0    0    0    0    0    0    0    0    0    0    0    0    0    0    0    0      0
    90    0    0    0    0    0    0    0    0    0    0    0    0    0    0    0    0    0    0    0    0      0
    91    0    0    0    0    0    0    0    0    0    0    0    0    0    0    0    0    0    0    0    0      0
    92    0    0    0    0    0    0    0    0    0    0    0    0    0    0    0    0    0    0    0    0      0
    93    0    0    0    0    0    0    0    0    0    0    0    0    0    0    0    0    0    0    0    0      0
    94    0    0    0    0    0    0    0    0    0    0    0    0    0    0    0    0    0    0    0    0      0
    95    0    0    0    0    0    0    0    0    0    0    0    0    0    0    0    0    0    0    0    0      0
    96    0    0    0    0    0    0    0    0    0    0    0    0    0    0    0    0    0    0    0    0      0
    97    0    0    0    0    0    0    0    0    0    0    0    0    0    0    0    0    0    0    0    0      0
    98    0    0    0    0    0    0    0    0    0    0    0    0    0    0    0    0    0    0    0    0      0
    99    0    0    0    0    0    0    0    0    0    0    0    0    0    0    0    0    0    0    0    0      0
   100    0    0    0    0    0    0    0    0    0    0    0    0    0    0    0    0    0    0    0    0      0
     0  140  362  678 1016 1366 1717 2253 2731 3273 3776 4112 4642 5033 5532 6028 6197 6469 6927 7470 7904  77626
1AZIMUTHAL ANGLE - POLAR ANGLE IN COS-INTERVALS (0.05) (BACKWARD SPUTTERED PARTICLES) , 1.LAYER , SPECIES 1

     0    1    2    3    4    5    6    7    8    9   10   11   12   13   14   15   16   17   18   19   20      0
     3    0    2    4   22   28   28   35   52   57   69   67   71   73   84   88  114  107  111  106   98   1216
     6    1   10   16   15   22   33   38   42   62   50   72   68   75  101  108   83  113  124  140  137   1310
     9    4    6   15   18   28   23   45   51   45   57   59   93   95   88   96  107  117  127  136  140   1350
    12    2    4   11   16   32   33   49   49   49   68   73   80   78   80   99  101  105  110  130  120   1289
    15    1    6   18   20   27   30   34   46   46   69   64   85   85   93  108  112  119  118  122  138   1341
    18    5    6   10   11   12   30   22   27   46   57   64   76   72  100   77  101  104   87  121  136   1164
    21    3    4   16   14   21   33   31   58   68   61   60   85   63   98   98  123  113  118  121  120   1308
    24    5    9   12   17   24   26   42   45   50   66   70   75   94   84   99  110  105  105  140  148   1326
    27    1    7    4   15   19   28   40   47   43   67   75   67  100   75  110   94  110  115  130  133   1280
    30    0    7   16   18   24   38   33   42   48   70   76  101   82  115  106   82  101  136  127  137   1359
    33    3    7    7   16   20   27   46   50   66   67   59   73   73   96   96  102  103  107  122  131   1271
    36    3    8    9   16   24   30   33   36   60   69   58   88   80   92   92  117   85  114  116  134   1264
    39    1    4    8    9   23   25   43   45   44   82   72   82  111   81  106   90  119  114  134  129   1322
    42    2    3   10   12   30   28   35   50   53   54   70   76   92   78   83  100   98  126  123  136   1259
    45    3    4    7   15   28   23   44   48   46   54   72   70   72   72   86  109  109  120  122  119   1223
    48    3    6   12   15   32   22   45   44   61   62   69   84   80   83   97  111  113  116  146  128   1329
    51    0    7   11   12   23   31   40   38   58   63   74   73   79   94   98   99   91  106  145  139   1281
    54    6    4    9   27   25   33   30   58   45   66   54   76   83   77   87  100  106  109  143  139   1277
    57    4    7   16   17   24   30   38   41   51   68   55   70   80   92   93  104   98  116  109  136   1249
    60    3    8   13   18   20   21   43   59   51   54   81   73   79   87  112  112  129  103  106  131   1303
    63    4    3    7   22   29   28   38   38   59   58   64   75   90  103   88  104  118  150   95  134   1307
    66    2   11   17   16   26   21   33   43   50   56   72   75   71  104  126  106  114  109  114  149   1315
    69    2    3   13   18   19   27   33   51   48   71   68   72   78   78  102  105  101  102  118  144   1253
    72    4    5   14   18   26   29   38   49   57   57   76   78   94  100   94  104  115  119  128  143   1348
    75    0    7   10   21   20   30   33   45   42   66   61   70   76   96   95   92  102  115  131  136   1248
    78    1    6    6   13   29   30   46   49   55   69   77   71   87  105  107  103  108  100  112  130   1304
    81    2    6   14   17   18   31   47   46   51   62   65   70   79  105   89  112  112  103  113  150   1292
    84    1    8   10   13   14   35   45   37   43   49   74   87   76   79   95  105  104  142  131  135   1283
    87    3    5    7   19   13   24   49   40   47   73   69   70   86   80   98   93  111  114  119  129   1249
    90    2    8   14   20   23   41   30   33   59   56   64   69   87  113  107   95   83  121  143  130   1298
    93    5    6   18   20   27   22   35   43   71   76   66   93   79  102  104   85  111  109  123  131   1326
    96    1    4   19   23   18   27   29   42   65   64   56   69   84   92   96  102   91   99  127  134   1242
    99    4    6   12   16   23   34   38   44   54   48   71   79   84   90   99   95  119  128  131  134   1309
   102    1    3   10   19   29   31   27   50   57   59   80   76   86  108  116  112   91  100  132  122   1309
   105    3    9   12   12   28   20   28   49   47   43   76   81   89   99   93   96  109  116  134  135   1279
   108    1    6   10   11   23   23   28   46   54   67   72   78   87   79  114  115  107  110  107  126   1264
   111    5    8   12   24   28   33   36   47   50   59   80   81   94  104  101   95  106  130  117  135   1345
   114    5    5   10   17   22   31   29   47   53   56   69   72   85   98   99  109  121  112  132  120   1292
   117    0    6   12   22   20   33   36   39   51   61   68   81  106   81  103  110  110  110  132  125   1306
   120    2    3    6   22   20   21   34   44   51   75   77   74   94   86   92  107   98  106  116  139   1267
   123    3    9    9   14   23   27   46   51   59   56   68   84   84  115  100   89  112  108  139  117   1313
   126    3    6   13   12   13   26   42   44   53   66   73   76   76   83  108   96  104  101  125  131   1251
   129    2    9   13   17   16   25   44   41   57   64   68   85   95   99  116  105  120  113  119  123   1331
   132    3    6    7   22   19   33   35   49   55   69   72   91   87  102  118  102  106  125  120  127   1348
   135    3    5   13   12   14   29   33   47   50   71   79   78   80   87  110  103  106  107  114  124   1265
   138    6    9   11   19   25   27   34   47   62   69   69   71   79   93  100  104   99  120  123  135   1302
   141    2    8   11   21   20   35   50   48   64   67   43   80   72   91  113   88   94  116  123  132   1278
   144    2    7   12   17   22   32   38   46   63   70   73   77   76   93  108  112  109  115  110  127   1309
   147    1    8   15   21   24   24   37   36   56   51   59   66   80   99  101   98  117  129  140  140   1302
   150    0    5    9   16   24   33   35   50   48   51   80   65   77  111  112  126  115  134  145  123   1359
   153    3    2    8   21   23   29   35   48   55   71   64   72   83   86   87  108  119   91  109  118   1232
   156    0   10   11   19   21   33   37   47   68   62   69   74   83  102  107  128   87  130  131  131   1350
   159    1    4   13   13   27   29   42   47   67   72   70   91   84   92  121  112  108  104  124  121   1342
   162    2    4   15   15   22   23   38   41   62   49   75   69   83   82  101   87  116  128  120  152   1284
   165    1    5    8   15   22   34   34   48   50   81   63   79   96   81   86   93  122  117  130  131   1296
   168    1    4   10   21   31   34   41   37   54   58   59   85   75   94   97  114  103  133  131  111   1293
   171    2    9   15   18   20   23   35   55   57   55   55   95   92   93  102  106   95  118  112  130   1287
   174    3    6   13   13   22   26   41   46   57   62   79   79   91   76   94  103  120  123  116  132   1302
   177    3    4    8   11   17   30   48   41   62   72   60   77   77   81   95  117  131  117  123  139   1313
   180    1    5    7   13   20   22   30   52   61   62   85   61  105  100   95   90  110  121  122  150   1312
     0  140  362  678 1016 1366 1717 2253 2731 3273 3776 4112 4642 5033 5532 6028 6197 6469 6927 7470 7904  77626
