1
      *** PROGRAM TRVMC95 ***


                              * INPUT DATA *


       Z1        M1          E0       ALPHA       EF        ESB      SHEATH     ERC
     18.00     39.95       445.00      0.00      0.10      0.00   1335.00      4.70

       NH        RI           X0        RD        CW        CA       KK0   KK0R   KDEE1  KDEE2  IPOT   IPOTR   IRL
   9999999 716381.00         0.00    100.00      2.00      1.00       2      2      3      3      1      1      3


             DX      RHO    CK  Z(,1) Z(,2) Z(,3) Z(,4) Z(,5)  M(,1)  M(,2)  M(,3)  M(,4)  M(,5) C(,1) C(,2) C(,3) C(,4) C(,5)

 1.LAYER 10000.00   2.25   1.00    6.    0.    0.    0.    0.  12.01   0.00   0.00   0.00   0.00 1.000 0.000 0.000 0.000 0.000


                           ***  SBE(LAYER,ELEMENT)  ***     ***     ED(LAYER,ELEMENT)     ***     ***   BE(LAYER,ELEMENT)  ***

 1.LAYER                   7.41  0.00  0.00  0.00  0.00     30.00   0.00   0.00   0.00   0.00     0.10  0.00  0.00  0.00  0.00


       INTERACTION POTENTIAL : PROJECTILE-TARGET : KR-C POTENTIAL     TARGET-TARGET : KR-C POTENTIAL    


       INELASTIC LOSS MODEL  : PROJECTILE-TARGET : 50% LS 50% OR      TARGET-TARGET : 50% LS 50% OR     
1

                              * OUTPUT DATA *


                 HLM       HLMT        SU       SUT        XC        RT       SFE      INEL         L        LJ
               0.0000 10000.000    3.5029 10003.503   -3.5029  9900.000      7.41         0         1         1


                NPROJ       KIB       KIT      MAXA      NALL       NPA       NSA       KIS      KIST
              1826214         0         0       270 804069287  88325434 431163803   5081917         0


            EPS0(I)       Z2(I)       M2(I)     ARHO(I)       LM(I)     PMAX(I)     ASIG(I)       SB(I)       XX(I)        NJ(I)

 1.LAYER   0.8726E-02  0.6000E+01  0.1201E+02  0.1128E+00  0.2070E+01  0.1168E+01  0.2335E+00  0.7410E+01  0.1000E+05         1


             A1(1)   A1(2)   A1(3)   A1(4)   A1(5)   A1(6)   A1(7)   A1(8)   A1(9)  A1(10)  A1(11)  A1(12)  A1(13)  A1(14)  A1(15)

           0.13193


           KOR1(1) KOR1(2) KOR1(3) KOR1(4) KOR1(5) KOR1(6) KOR1(7) KOR1(8) KOR1(9) KOR1(A) KOR1(B) KOR1(C) KOR1(D) KOR1(E) KOR1(F)

           0.73577


            A(I,1)  A(I,2)  A(I,3)  A(I,4)  A(I,5)  A(I,6)  A(I,7)  A(I,8)  A(I,9) A(I,10) A(I,11) A(I,12) A(I,13) A(I,14) A(I,15)

           0.16242


           KOR(,1) KOR(,2) KOR(,3) KOR(,4) KOR(,5) KOR(,6) KOR(,7) KOR(,8) KOR(,9) KOR(,A) KOR(,B) KOR(,C) KOR(,D) KOR(,E) KOR(,F)

           0.46963
1

         IMPLANTED PARTICLES=9999999     ENERGY=0.4450E+10 EV
     BACKSCATTERED PARTICLES=      0     ENERGY=0.0000E+00 EV
       TRANSMITTED PARTICLES=      0     ENERGY=0.0000E+00 EV
     BACKSPUTTERED PARTICLES=1058077     ENERGY=0.1008E+08 EV
    TRANSM. SPUTT. PARTICLES=      0     ENERGY=0.0000E+00 EV


  PROJECTILES :   MEAN NUMBER OF ELASTIC COLLISIONS =     10.0   MEAN NUMBER OF EL.COLL.(E > EDISPL.) =    3.649
                                                                 MEAN NUMBER OF EL.COLL.(E > SB(1))   =    8.364

                       MEAN        VARIANCE      SKEWNESS      KURTOSIS        SIGMA       ERROR 1.M     ERROR 2.M     ERROR 3.M 
  PENETRATION       1.5638E+01    1.7015E+01    3.1420E-01    2.8521E+00    4.1250E+00    1.3044E-03    7.3227E-03    6.7549E-04
       SPREAD       5.4297E+00    8.5049E+00    6.7454E-01    3.2872E+00    2.9163E+00    9.2222E-04    4.0674E-03    7.8915E-04
   PATHLENGTH       1.8802E+01    1.9301E+01    2.2974E-01    2.7794E+00    4.3933E+00    1.3893E-03    8.1416E-03    6.5354E-04
 ELASTIC LOSS       4.2509E+02    3.0758E+01                                5.5459E+00    5.5459E-07
   INEL. LOSS       1.9912E+01    3.0757E+01                                5.5459E+00    5.5459E-07

                       MEAN        VARIANCE      SKEWNESS      KURTOSIS        SIGMA       ERROR 1.M     ERROR 2.M     ERROR 3.M 
   ELAST.LOSS       3.7563E+01    2.1367E+03    2.5617E+00    1.0665E+01    4.6225E+01    4.6236E-03    6.6444E-01    4.5317E-04
 WEAK EL.LOSS       4.9671E+00    7.1473E+00    4.8887E-01    2.6874E+00    2.6734E+00    2.6741E-04    9.2867E-04    1.6423E-04
 INELAST.LOSS       1.9922E+00    1.5335E+00   -2.2005E-02    1.6276E+00    1.2383E+00    1.2386E-04    1.2152E-04    1.5207E-04
  SUBTHR.LOSS       1.3385E+01    6.2978E+01    1.3513E-01    2.1446E+00    7.9359E+00    9.9621E-04    8.4583E-03    1.6549E-04

                     1.MOMENT      2.MOMENT      3.MOMENT      4.MOMENT      5.MOMENT      6.MOMENT 
  PENETRATION       1.5638E+01    2.6156E+02    4.6444E+03    8.6970E+04    1.7076E+06    3.4978E+07



  RECOILES (PER PROJ.)   :   MEAN NUMBER OF ELASTIC COLLISIONS =     77.6   MEAN NUMBER OF EL.COLL.(E > EDISPL.) =      2.312
                                                                            MEAN NUMBER OF EL.COLL.(E > SB(1))   =     22.402

  RECOILES (PER KNOCKON) :   MEAN NUMBER OF ELASTIC COLLISIONS =    1.495   MEAN NUMBER OF EL.COLL.(E > EDISPL.) =      0.045
                                                                            MEAN NUMBER OF EL.COLL.(E > SB(1))   =      0.431

1


     DEPTH(A)  PARTICLES  NORM.DEPTH PATHLENGTH   INLOSS(EV)  TELOSS(EV)  ELLOSS(EV)  DAMAGE(EV)  PHONON(EV)  CASCAD(EV)     DPA

    -SU-    0.         0  0.0000E+00
     0.-    2.         0  0.0000E+00         0    3.5151E+07  7.2672E+08  6.8692E+08  6.1562E+08  7.1297E+07  5.2962E+08 5751260
     2.-    4.       102  0.1020E-04         0    3.4467E+07  6.8119E+08  6.3568E+08  5.6074E+08  7.4941E+07  4.8390E+08 5841317
     4.-    6.     13248  0.1325E-02         6    3.0796E+07  6.2888E+08  5.7626E+08  4.9295E+08  8.3306E+07  4.2681E+08 5799796
     6.-    8.    163984  0.1640E-01      4930    2.6721E+07  5.6585E+08  5.0593E+08  4.1022E+08  9.5708E+07  3.5630E+08 5438563
     8.-   10.    604259  0.6043E-01     73892    2.2306E+07  4.8916E+08  4.2430E+08  3.1691E+08  1.0740E+08  2.7604E+08 4681879
    10.-   12.   1217863  0.1218E+00    334216    1.7582E+07  3.9819E+08  3.3397E+08  2.2368E+08  1.1029E+08  1.9534E+08 3634204
    12.-   14.   1700147  0.1700E+00    811848    1.2888E+07  2.9962E+08  2.4266E+08  1.4177E+08  1.0090E+08  1.2407E+08 2503200
    14.-   16.   1857064  0.1857E+00   1339624    8.6668E+06  2.0568E+08  1.6085E+08  7.9590E+07  8.1256E+07  6.9789E+07 1512382
    16.-   18.   1668459  0.1668E+00   1701535    5.2910E+06  1.2746E+08  9.6280E+07  3.8980E+07  5.7300E+07  3.4237E+07  789628
    18.-   20.   1260277  0.1260E+00   1773603    2.9039E+06  7.0676E+07  5.1618E+07  1.6431E+07  3.5187E+07  1.4453E+07  353142
    20.-   22.    801231  0.8012E-01   1549776    1.4186E+06  3.4735E+07  2.4564E+07  5.8772E+06  1.8687E+07  5.1762E+06  132761
    22.-   24.    429769  0.4298E-01   1139433    6.0797E+05  1.4910E+07  1.0230E+07  1.7483E+06  8.4814E+06  1.5416E+06   41471
    24.-   26.    189670  0.1897E-01    702836    2.2507E+05  5.5006E+06  3.6662E+06  4.1646E+05  3.2497E+06  3.6759E+05   10298
    26.-   28.     68714  0.6871E-02    357189    7.1231E+04  1.7293E+06  1.1236E+06  7.9140E+04  1.0445E+06  6.9903E+04    2018
    28.-   30.     19845  0.1985E-02    147716    1.8704E+04  4.4936E+05  2.8527E+05  9.9587E+03  2.7531E+05  8.8067E+03     267
    30.-   32.      4486  0.4486E-03     48497    3.9751E+03  9.4520E+04  5.8979E+04  1.2579E+03  5.7721E+04  1.1115E+03      33
    32.-   34.       782  0.7820E-04     12274    6.8520E+02  1.5912E+04  9.7117E+03  0.0000E+00  9.7117E+03  0.0000E+00       0
    34.-   36.        91  0.9100E-05      2300    8.6830E+01  2.0033E+03  1.2110E+03  0.0000E+00  1.2110E+03  0.0000E+00       0
    36.-   38.         8  0.8000E-06       290    6.8981E+00  1.6607E+02  1.0413E+02  0.0000E+00  1.0413E+02  0.0000E+00       0
    38.-   40.         0  0.0000E+00        33    2.2338E-01  3.9542E+00  2.4108E+00  0.0000E+00  2.4108E+00  0.0000E+00       0
    40.-   42.         0  0.0000E+00         1    0.0000E+00  0.0000E+00  0.0000E+00  0.0000E+00  0.0000E+00  0.0000E+00       0
    42.-   44.         0  0.0000E+00         0    0.0000E+00  0.0000E+00  0.0000E+00  0.0000E+00  0.0000E+00  0.0000E+00       0
    44.-   46.         0  0.0000E+00         0    0.0000E+00  0.0000E+00  0.0000E+00  0.0000E+00  0.0000E+00  0.0000E+00       0
    46.-   48.         0  0.0000E+00         0    0.0000E+00  0.0000E+00  0.0000E+00  0.0000E+00  0.0000E+00  0.0000E+00       0
    48.-   50.         0  0.0000E+00         0    0.0000E+00  0.0000E+00  0.0000E+00  0.0000E+00  0.0000E+00  0.0000E+00       0
    50.-   52.         0  0.0000E+00         0    0.0000E+00  0.0000E+00  0.0000E+00  0.0000E+00  0.0000E+00  0.0000E+00       0
    52.-   54.         0  0.0000E+00         0    0.0000E+00  0.0000E+00  0.0000E+00  0.0000E+00  0.0000E+00  0.0000E+00       0
    54.-   56.         0  0.0000E+00         0    0.0000E+00  0.0000E+00  0.0000E+00  0.0000E+00  0.0000E+00  0.0000E+00       0
    56.-   58.         0  0.0000E+00         0    0.0000E+00  0.0000E+00  0.0000E+00  0.0000E+00  0.0000E+00  0.0000E+00       0
    58.-   60.         0  0.0000E+00         0    0.0000E+00  0.0000E+00  0.0000E+00  0.0000E+00  0.0000E+00  0.0000E+00       0
    60.-   62.         0  0.0000E+00         0    0.0000E+00  0.0000E+00  0.0000E+00  0.0000E+00  0.0000E+00  0.0000E+00       0
    62.-   64.         0  0.0000E+00         0    0.0000E+00  0.0000E+00  0.0000E+00  0.0000E+00  0.0000E+00  0.0000E+00       0
    64.-   66.         0  0.0000E+00         0    0.0000E+00  0.0000E+00  0.0000E+00  0.0000E+00  0.0000E+00  0.0000E+00       0
    66.-   68.         0  0.0000E+00         0    0.0000E+00  0.0000E+00  0.0000E+00  0.0000E+00  0.0000E+00  0.0000E+00       0
    68.-   70.         0  0.0000E+00         0    0.0000E+00  0.0000E+00  0.0000E+00  0.0000E+00  0.0000E+00  0.0000E+00       0
    70.-   72.         0  0.0000E+00         0    0.0000E+00  0.0000E+00  0.0000E+00  0.0000E+00  0.0000E+00  0.0000E+00       0
    72.-   74.         0  0.0000E+00         0    0.0000E+00  0.0000E+00  0.0000E+00  0.0000E+00  0.0000E+00  0.0000E+00       0
    74.-   76.         0  0.0000E+00         0    0.0000E+00  0.0000E+00  0.0000E+00  0.0000E+00  0.0000E+00  0.0000E+00       0
    76.-   78.         0  0.0000E+00         0    0.0000E+00  0.0000E+00  0.0000E+00  0.0000E+00  0.0000E+00  0.0000E+00       0
    78.-   80.         0  0.0000E+00         0    0.0000E+00  0.0000E+00  0.0000E+00  0.0000E+00  0.0000E+00  0.0000E+00       0
    80.-   82.         0  0.0000E+00         0    0.0000E+00  0.0000E+00  0.0000E+00  0.0000E+00  0.0000E+00  0.0000E+00       0
    82.-   84.         0  0.0000E+00         0    0.0000E+00  0.0000E+00  0.0000E+00  0.0000E+00  0.0000E+00  0.0000E+00       0
    84.-   86.         0  0.0000E+00         0    0.0000E+00  0.0000E+00  0.0000E+00  0.0000E+00  0.0000E+00  0.0000E+00       0
    86.-   88.         0  0.0000E+00         0    0.0000E+00  0.0000E+00  0.0000E+00  0.0000E+00  0.0000E+00  0.0000E+00       0
    88.-   90.         0  0.0000E+00         0    0.0000E+00  0.0000E+00  0.0000E+00  0.0000E+00  0.0000E+00  0.0000E+00       0
    90.-   92.         0  0.0000E+00         0    0.0000E+00  0.0000E+00  0.0000E+00  0.0000E+00  0.0000E+00  0.0000E+00       0
    92.-   94.         0  0.0000E+00         0    0.0000E+00  0.0000E+00  0.0000E+00  0.0000E+00  0.0000E+00  0.0000E+00       0
    94.-   96.         0  0.0000E+00         0    0.0000E+00  0.0000E+00  0.0000E+00  0.0000E+00  0.0000E+00  0.0000E+00       0
    96.-   98.         0  0.0000E+00         0    0.0000E+00  0.0000E+00  0.0000E+00  0.0000E+00  0.0000E+00  0.0000E+00       0
    98.-  100.         0  0.0000E+00         0    0.0000E+00  0.0000E+00  0.0000E+00  0.0000E+00  0.0000E+00  0.0000E+00       0
   100.-  102.         0  0.0000E+00         0    0.0000E+00  0.0000E+00  0.0000E+00  0.0000E+00  0.0000E+00  0.0000E+00       0
   102.-  104.         0  0.0000E+00         0    0.0000E+00  0.0000E+00  0.0000E+00  0.0000E+00  0.0000E+00  0.0000E+00       0
   104.-  106.         0  0.0000E+00         0    0.0000E+00  0.0000E+00  0.0000E+00  0.0000E+00  0.0000E+00  0.0000E+00       0
   106.-  108.         0  0.0000E+00         0    0.0000E+00  0.0000E+00  0.0000E+00  0.0000E+00  0.0000E+00  0.0000E+00       0
   108.-  110.         0  0.0000E+00         0    0.0000E+00  0.0000E+00  0.0000E+00  0.0000E+00  0.0000E+00  0.0000E+00       0
   110.-  112.         0  0.0000E+00         0    0.0000E+00  0.0000E+00  0.0000E+00  0.0000E+00  0.0000E+00  0.0000E+00       0
   112.-  114.         0  0.0000E+00         0    0.0000E+00  0.0000E+00  0.0000E+00  0.0000E+00  0.0000E+00  0.0000E+00       0
   114.-  116.         0  0.0000E+00         0    0.0000E+00  0.0000E+00  0.0000E+00  0.0000E+00  0.0000E+00  0.0000E+00       0
   116.-  118.         0  0.0000E+00         0    0.0000E+00  0.0000E+00  0.0000E+00  0.0000E+00  0.0000E+00  0.0000E+00       0
   118.-  120.         0  0.0000E+00         0    0.0000E+00  0.0000E+00  0.0000E+00  0.0000E+00  0.0000E+00  0.0000E+00       0
   120.-  122.         0  0.0000E+00         0    0.0000E+00  0.0000E+00  0.0000E+00  0.0000E+00  0.0000E+00  0.0000E+00       0
   122.-  124.         0  0.0000E+00         0    0.0000E+00  0.0000E+00  0.0000E+00  0.0000E+00  0.0000E+00  0.0000E+00       0
   124.-  126.         0  0.0000E+00         0    0.0000E+00  0.0000E+00  0.0000E+00  0.0000E+00  0.0000E+00  0.0000E+00       0
   126.-  128.         0  0.0000E+00         0    0.0000E+00  0.0000E+00  0.0000E+00  0.0000E+00  0.0000E+00  0.0000E+00       0
   128.-  130.         0  0.0000E+00         0    0.0000E+00  0.0000E+00  0.0000E+00  0.0000E+00  0.0000E+00  0.0000E+00       0
   130.-  132.         0  0.0000E+00         0    0.0000E+00  0.0000E+00  0.0000E+00  0.0000E+00  0.0000E+00  0.0000E+00       0
   132.-  134.         0  0.0000E+00         0    0.0000E+00  0.0000E+00  0.0000E+00  0.0000E+00  0.0000E+00  0.0000E+00       0
   134.-  136.         0  0.0000E+00         0    0.0000E+00  0.0000E+00  0.0000E+00  0.0000E+00  0.0000E+00  0.0000E+00       0
   136.-  138.         0  0.0000E+00         0    0.0000E+00  0.0000E+00  0.0000E+00  0.0000E+00  0.0000E+00  0.0000E+00       0
   138.-  140.         0  0.0000E+00         0    0.0000E+00  0.0000E+00  0.0000E+00  0.0000E+00  0.0000E+00  0.0000E+00       0
   140.-  142.         0  0.0000E+00         0    0.0000E+00  0.0000E+00  0.0000E+00  0.0000E+00  0.0000E+00  0.0000E+00       0
   142.-  144.         0  0.0000E+00         0    0.0000E+00  0.0000E+00  0.0000E+00  0.0000E+00  0.0000E+00  0.0000E+00       0
   144.-  146.         0  0.0000E+00         0    0.0000E+00  0.0000E+00  0.0000E+00  0.0000E+00  0.0000E+00  0.0000E+00       0
   146.-  148.         0  0.0000E+00         0    0.0000E+00  0.0000E+00  0.0000E+00  0.0000E+00  0.0000E+00  0.0000E+00       0
   148.-  150.         0  0.0000E+00         0    0.0000E+00  0.0000E+00  0.0000E+00  0.0000E+00  0.0000E+00  0.0000E+00       0
   150.-  152.         0  0.0000E+00         0    0.0000E+00  0.0000E+00  0.0000E+00  0.0000E+00  0.0000E+00  0.0000E+00       0
   152.-  154.         0  0.0000E+00         0    0.0000E+00  0.0000E+00  0.0000E+00  0.0000E+00  0.0000E+00  0.0000E+00       0
   154.-  156.         0  0.0000E+00         0    0.0000E+00  0.0000E+00  0.0000E+00  0.0000E+00  0.0000E+00  0.0000E+00       0
   156.-  158.         0  0.0000E+00         0    0.0000E+00  0.0000E+00  0.0000E+00  0.0000E+00  0.0000E+00  0.0000E+00       0
   158.-  160.         0  0.0000E+00         0    0.0000E+00  0.0000E+00  0.0000E+00  0.0000E+00  0.0000E+00  0.0000E+00       0
   160.-  162.         0  0.0000E+00         0    0.0000E+00  0.0000E+00  0.0000E+00  0.0000E+00  0.0000E+00  0.0000E+00       0
   162.-  164.         0  0.0000E+00         0    0.0000E+00  0.0000E+00  0.0000E+00  0.0000E+00  0.0000E+00  0.0000E+00       0
   164.-  166.         0  0.0000E+00         0    0.0000E+00  0.0000E+00  0.0000E+00  0.0000E+00  0.0000E+00  0.0000E+00       0
   166.-  168.         0  0.0000E+00         0    0.0000E+00  0.0000E+00  0.0000E+00  0.0000E+00  0.0000E+00  0.0000E+00       0
   168.-  170.         0  0.0000E+00         0    0.0000E+00  0.0000E+00  0.0000E+00  0.0000E+00  0.0000E+00  0.0000E+00       0
   170.-  172.         0  0.0000E+00         0    0.0000E+00  0.0000E+00  0.0000E+00  0.0000E+00  0.0000E+00  0.0000E+00       0
   172.-  174.         0  0.0000E+00         0    0.0000E+00  0.0000E+00  0.0000E+00  0.0000E+00  0.0000E+00  0.0000E+00       0
   174.-  176.         0  0.0000E+00         0    0.0000E+00  0.0000E+00  0.0000E+00  0.0000E+00  0.0000E+00  0.0000E+00       0
   176.-  178.         0  0.0000E+00         0    0.0000E+00  0.0000E+00  0.0000E+00  0.0000E+00  0.0000E+00  0.0000E+00       0
   178.-  180.         0  0.0000E+00         0    0.0000E+00  0.0000E+00  0.0000E+00  0.0000E+00  0.0000E+00  0.0000E+00       0
   180.-  182.         0  0.0000E+00         0    0.0000E+00  0.0000E+00  0.0000E+00  0.0000E+00  0.0000E+00  0.0000E+00       0
   182.-  184.         0  0.0000E+00         0    0.0000E+00  0.0000E+00  0.0000E+00  0.0000E+00  0.0000E+00  0.0000E+00       0
   184.-  186.         0  0.0000E+00         0    0.0000E+00  0.0000E+00  0.0000E+00  0.0000E+00  0.0000E+00  0.0000E+00       0
   186.-  188.         0  0.0000E+00         0    0.0000E+00  0.0000E+00  0.0000E+00  0.0000E+00  0.0000E+00  0.0000E+00       0
   188.-  190.         0  0.0000E+00         0    0.0000E+00  0.0000E+00  0.0000E+00  0.0000E+00  0.0000E+00  0.0000E+00       0
   190.-  192.         0  0.0000E+00         0    0.0000E+00  0.0000E+00  0.0000E+00  0.0000E+00  0.0000E+00  0.0000E+00       0
   192.-  194.         0  0.0000E+00         0    0.0000E+00  0.0000E+00  0.0000E+00  0.0000E+00  0.0000E+00  0.0000E+00       0
   194.-  196.         0  0.0000E+00         0    0.0000E+00  0.0000E+00  0.0000E+00  0.0000E+00  0.0000E+00  0.0000E+00       0
   196.-  198.         0  0.0000E+00         0    0.0000E+00  0.0000E+00  0.0000E+00  0.0000E+00  0.0000E+00  0.0000E+00       0
   198.-  200.         0  0.0000E+00         0    0.0000E+00  0.0000E+00  0.0000E+00  0.0000E+00  0.0000E+00  0.0000E+00       0
   200.-   SUT         0  0.0000E+00

                 9999999  1.0000E+00   9999999    1.9912E+08  4.2509E+09  3.7544E+09  2.9050E+09  8.4938E+08  2.5177E+0936492219
1
     RECOILS



     DEPTH(A)     INLOSS(EV)   TELOSS(EV)   ELLOSS(EV)   DAMAGE(EV)   PHONON(EV)     DPA  DPA(1)  DPA(2)

     0.-    2.    1.4262E+07   2.9137E+08   2.2453E+08   2.7955E+07   1.9658E+08  573217  573217       0
     2.-    4.    3.0591E+07   5.7934E+08   4.6966E+08   1.1875E+08   3.5091E+08 2138142 2138142       0
     4.-    6.    4.3093E+07   8.0399E+08   6.5369E+08   1.7089E+08   4.8280E+08 3079095 3079095       0
     6.-    8.    5.0450E+07   9.5075E+08   7.6963E+08   1.9111E+08   5.7852E+08 3518707 3518707       0
     8.-   10.    5.2888E+07   1.0148E+09   8.1567E+08   1.8566E+08   6.3001E+08 3513507 3513507       0
    10.-   12.    5.0707E+07   9.9429E+08   7.9221E+08   1.6125E+08   6.3095E+08 3141855 3141855       0
    12.-   14.    4.4683E+07   8.9653E+08   7.0751E+08   1.2639E+08   5.8112E+08 2532956 2532956       0
    14.-   16.    3.6199E+07   7.4305E+08   5.8069E+08   9.0056E+07   4.9063E+08 1851733 1851733       0
    16.-   18.    2.6887E+07   5.6405E+08   4.3658E+08   5.8248E+07   3.7833E+08 1226241 1226241       0
    18.-   20.    1.8320E+07   3.9210E+08   3.0073E+08   3.4424E+07   2.6631E+08  739334  739334       0
    20.-   22.    1.1451E+07   2.4958E+08   1.8985E+08   1.8771E+07   1.7108E+08  409549  409549       0
    22.-   24.    6.5821E+06   1.4578E+08   1.1011E+08   9.5564E+06   1.0055E+08  211008  211008       0
    24.-   26.    3.4966E+06   7.8461E+07   5.8915E+07   4.5784E+06   5.4336E+07  102280  102280       0
    26.-   28.    1.7336E+06   3.9273E+07   2.9356E+07   2.0919E+06   2.7264E+07   47143   47143       0
    28.-   30.    8.1374E+05   1.8550E+07   1.3825E+07   9.3096E+05   1.2894E+07   21155   21155       0
    30.-   32.    3.6654E+05   8.3913E+06   6.2438E+06   3.9908E+05   5.8447E+06    9165    9165       0
    32.-   34.    1.6163E+05   3.7143E+06   2.7598E+06   1.6817E+05   2.5917E+06    3897    3897       0
    34.-   36.    6.9652E+04   1.6103E+06   1.1952E+06   6.7897E+04   1.1273E+06    1583    1583       0
    36.-   38.    2.9726E+04   6.9156E+05   5.1143E+05   2.6400E+04   4.8503E+05     624     624       0
    38.-   40.    1.2094E+04   2.8329E+05   2.0860E+05   8.2892E+03   2.0031E+05     204     204       0
    40.-   42.    4.7478E+03   1.1209E+05   8.1957E+04   2.9797E+03   7.8977E+04      72      72       0
    42.-   44.    1.8606E+03   4.4501E+04   3.2731E+04   9.2424E+02   3.1807E+04      24      24       0
    44.-   46.    7.1703E+02   1.7398E+04   1.2633E+04   3.3852E+02   1.2294E+04       8       8       0
    46.-   48.    2.4626E+02   5.8587E+03   4.2338E+03   1.9207E+02   4.0417E+03       5       5       0
    48.-   50.    7.4737E+01   1.8009E+03   1.2883E+03   0.0000E+00   1.2883E+03       0       0       0
    50.-   52.    2.7122E+01   6.9553E+02   5.0265E+02   0.0000E+00   5.0265E+02       0       0       0
    52.-   54.    6.2619E+00   1.7025E+02   1.2642E+02   0.0000E+00   1.2642E+02       0       0       0
    54.-   56.    1.4414E+00   3.6677E+01   2.3072E+01   0.0000E+00   2.3072E+01       0       0       0
    56.-   58.    0.0000E+00   0.0000E+00   0.0000E+00   0.0000E+00   0.0000E+00       0       0       0
    58.-   60.    0.0000E+00   0.0000E+00   0.0000E+00   0.0000E+00   0.0000E+00       0       0       0
    60.-   62.    0.0000E+00   0.0000E+00   0.0000E+00   0.0000E+00   0.0000E+00       0       0       0
    62.-   64.    0.0000E+00   0.0000E+00   0.0000E+00   0.0000E+00   0.0000E+00       0       0       0
    64.-   66.    0.0000E+00   0.0000E+00   0.0000E+00   0.0000E+00   0.0000E+00       0       0       0
    66.-   68.    0.0000E+00   0.0000E+00   0.0000E+00   0.0000E+00   0.0000E+00       0       0       0
    68.-   70.    0.0000E+00   0.0000E+00   0.0000E+00   0.0000E+00   0.0000E+00       0       0       0
    70.-   72.    0.0000E+00   0.0000E+00   0.0000E+00   0.0000E+00   0.0000E+00       0       0       0
    72.-   74.    0.0000E+00   0.0000E+00   0.0000E+00   0.0000E+00   0.0000E+00       0       0       0
    74.-   76.    0.0000E+00   0.0000E+00   0.0000E+00   0.0000E+00   0.0000E+00       0       0       0
    76.-   78.    0.0000E+00   0.0000E+00   0.0000E+00   0.0000E+00   0.0000E+00       0       0       0
    78.-   80.    0.0000E+00   0.0000E+00   0.0000E+00   0.0000E+00   0.0000E+00       0       0       0
    80.-   82.    0.0000E+00   0.0000E+00   0.0000E+00   0.0000E+00   0.0000E+00       0       0       0
    82.-   84.    0.0000E+00   0.0000E+00   0.0000E+00   0.0000E+00   0.0000E+00       0       0       0
    84.-   86.    0.0000E+00   0.0000E+00   0.0000E+00   0.0000E+00   0.0000E+00       0       0       0
    86.-   88.    0.0000E+00   0.0000E+00   0.0000E+00   0.0000E+00   0.0000E+00       0       0       0
    88.-   90.    0.0000E+00   0.0000E+00   0.0000E+00   0.0000E+00   0.0000E+00       0       0       0
    90.-   92.    0.0000E+00   0.0000E+00   0.0000E+00   0.0000E+00   0.0000E+00       0       0       0
    92.-   94.    0.0000E+00   0.0000E+00   0.0000E+00   0.0000E+00   0.0000E+00       0       0       0
    94.-   96.    0.0000E+00   0.0000E+00   0.0000E+00   0.0000E+00   0.0000E+00       0       0       0
    96.-   98.    0.0000E+00   0.0000E+00   0.0000E+00   0.0000E+00   0.0000E+00       0       0       0
    98.-  100.    0.0000E+00   0.0000E+00   0.0000E+00   0.0000E+00   0.0000E+00       0       0       0
   100.-  102.    0.0000E+00   0.0000E+00   0.0000E+00   0.0000E+00   0.0000E+00       0       0       0
   102.-  104.    0.0000E+00   0.0000E+00   0.0000E+00   0.0000E+00   0.0000E+00       0       0       0
   104.-  106.    0.0000E+00   0.0000E+00   0.0000E+00   0.0000E+00   0.0000E+00       0       0       0
   106.-  108.    0.0000E+00   0.0000E+00   0.0000E+00   0.0000E+00   0.0000E+00       0       0       0
   108.-  110.    0.0000E+00   0.0000E+00   0.0000E+00   0.0000E+00   0.0000E+00       0       0       0
   110.-  112.    0.0000E+00   0.0000E+00   0.0000E+00   0.0000E+00   0.0000E+00       0       0       0
   112.-  114.    0.0000E+00   0.0000E+00   0.0000E+00   0.0000E+00   0.0000E+00       0       0       0
   114.-  116.    0.0000E+00   0.0000E+00   0.0000E+00   0.0000E+00   0.0000E+00       0       0       0
   116.-  118.    0.0000E+00   0.0000E+00   0.0000E+00   0.0000E+00   0.0000E+00       0       0       0
   118.-  120.    0.0000E+00   0.0000E+00   0.0000E+00   0.0000E+00   0.0000E+00       0       0       0
   120.-  122.    0.0000E+00   0.0000E+00   0.0000E+00   0.0000E+00   0.0000E+00       0       0       0
   122.-  124.    0.0000E+00   0.0000E+00   0.0000E+00   0.0000E+00   0.0000E+00       0       0       0
   124.-  126.    0.0000E+00   0.0000E+00   0.0000E+00   0.0000E+00   0.0000E+00       0       0       0
   126.-  128.    0.0000E+00   0.0000E+00   0.0000E+00   0.0000E+00   0.0000E+00       0       0       0
   128.-  130.    0.0000E+00   0.0000E+00   0.0000E+00   0.0000E+00   0.0000E+00       0       0       0
   130.-  132.    0.0000E+00   0.0000E+00   0.0000E+00   0.0000E+00   0.0000E+00       0       0       0
   132.-  134.    0.0000E+00   0.0000E+00   0.0000E+00   0.0000E+00   0.0000E+00       0       0       0
   134.-  136.    0.0000E+00   0.0000E+00   0.0000E+00   0.0000E+00   0.0000E+00       0       0       0
   136.-  138.    0.0000E+00   0.0000E+00   0.0000E+00   0.0000E+00   0.0000E+00       0       0       0
   138.-  140.    0.0000E+00   0.0000E+00   0.0000E+00   0.0000E+00   0.0000E+00       0       0       0
   140.-  142.    0.0000E+00   0.0000E+00   0.0000E+00   0.0000E+00   0.0000E+00       0       0       0
   142.-  144.    0.0000E+00   0.0000E+00   0.0000E+00   0.0000E+00   0.0000E+00       0       0       0
   144.-  146.    0.0000E+00   0.0000E+00   0.0000E+00   0.0000E+00   0.0000E+00       0       0       0
   146.-  148.    0.0000E+00   0.0000E+00   0.0000E+00   0.0000E+00   0.0000E+00       0       0       0
   148.-  150.    0.0000E+00   0.0000E+00   0.0000E+00   0.0000E+00   0.0000E+00       0       0       0
   150.-  152.    0.0000E+00   0.0000E+00   0.0000E+00   0.0000E+00   0.0000E+00       0       0       0
   152.-  154.    0.0000E+00   0.0000E+00   0.0000E+00   0.0000E+00   0.0000E+00       0       0       0
   154.-  156.    0.0000E+00   0.0000E+00   0.0000E+00   0.0000E+00   0.0000E+00       0       0       0
   156.-  158.    0.0000E+00   0.0000E+00   0.0000E+00   0.0000E+00   0.0000E+00       0       0       0
   158.-  160.    0.0000E+00   0.0000E+00   0.0000E+00   0.0000E+00   0.0000E+00       0       0       0
   160.-  162.    0.0000E+00   0.0000E+00   0.0000E+00   0.0000E+00   0.0000E+00       0       0       0
   162.-  164.    0.0000E+00   0.0000E+00   0.0000E+00   0.0000E+00   0.0000E+00       0       0       0
   164.-  166.    0.0000E+00   0.0000E+00   0.0000E+00   0.0000E+00   0.0000E+00       0       0       0
   166.-  168.    0.0000E+00   0.0000E+00   0.0000E+00   0.0000E+00   0.0000E+00       0       0       0
   168.-  170.    0.0000E+00   0.0000E+00   0.0000E+00   0.0000E+00   0.0000E+00       0       0       0
   170.-  172.    0.0000E+00   0.0000E+00   0.0000E+00   0.0000E+00   0.0000E+00       0       0       0
   172.-  174.    0.0000E+00   0.0000E+00   0.0000E+00   0.0000E+00   0.0000E+00       0       0       0
   174.-  176.    0.0000E+00   0.0000E+00   0.0000E+00   0.0000E+00   0.0000E+00       0       0       0
   176.-  178.    0.0000E+00   0.0000E+00   0.0000E+00   0.0000E+00   0.0000E+00       0       0       0
   178.-  180.    0.0000E+00   0.0000E+00   0.0000E+00   0.0000E+00   0.0000E+00       0       0       0
   180.-  182.    0.0000E+00   0.0000E+00   0.0000E+00   0.0000E+00   0.0000E+00       0       0       0
   182.-  184.    0.0000E+00   0.0000E+00   0.0000E+00   0.0000E+00   0.0000E+00       0       0       0
   184.-  186.    0.0000E+00   0.0000E+00   0.0000E+00   0.0000E+00   0.0000E+00       0       0       0
   186.-  188.    0.0000E+00   0.0000E+00   0.0000E+00   0.0000E+00   0.0000E+00       0       0       0
   188.-  190.    0.0000E+00   0.0000E+00   0.0000E+00   0.0000E+00   0.0000E+00       0       0       0
   190.-  192.    0.0000E+00   0.0000E+00   0.0000E+00   0.0000E+00   0.0000E+00       0       0       0
   192.-  194.    0.0000E+00   0.0000E+00   0.0000E+00   0.0000E+00   0.0000E+00       0       0       0
   194.-  196.    0.0000E+00   0.0000E+00   0.0000E+00   0.0000E+00   0.0000E+00       0       0       0
   196.-  198.    0.0000E+00   0.0000E+00   0.0000E+00   0.0000E+00   0.0000E+00       0       0       0
   198.-  200.    0.0000E+00   0.0000E+00   0.0000E+00   0.0000E+00   0.0000E+00       0       0       0

                  3.9280E+08   7.7768E+09   6.1640E+09   1.2013E+09   4.9626E+092312150423121504       0
1     BACKWARD SPUTTERING



        ALL SPUTTERED PARTICLES = 1058077   TOTAL SPUTTERED ENERGY = 0.1008E+08 EV


        SPUTTERED PARTICLES (1.LAYER) = 1058077   SPUTTERED ENERGY = 0.1008E+08 EV


 1.LAYER
         SPUTTERED PARTICLES(1) = 1058077     SPUTTERED ENERGY(1) = 0.1008E+08 EV

         ION IN , PRIMARY KO(1) =  240501   0.2273   0.2273    ENERGY = 0.3016E+07 EV   0.2991   0.2991    MEAN ENERGY = 0.1254E+02
         ION IN , SECOND. KO(1) =  817573   0.7727   0.7727    ENERGY = 0.7066E+07 EV   0.7009   0.7009    MEAN ENERGY = 0.8643E+01
        ION OUT , PRIMARY KO(1) =       0   0.0000   0.0000    ENERGY = 0.0000E+00 EV   0.0000   0.0000    MEAN ENERGY = 0.0000E+00
        ION OUT , SECOND. KO(1) =       3   0.0000   0.0000    ENERGY = 0.6854E+01 EV   0.0000   0.0000    MEAN ENERGY = 0.2285E+01


     SPUTTERING YIELD(1) =  1.058E-01  SPUTTERED ENERGY(1) =  2.266E-03  REL.MEAN ENERGY(1) =  2.141E-02  MEAN ENERGY(1) =  9.528E+00

                       MEAN        VARIANCE      SKEWNESS      KURTOSIS        SIGMA       ERROR 1.M     ERROR 2.M     ERROR 3.M 
    ENERGY(1)       9.5285E+00    6.9021E+01    1.8861E+00    8.1581E+00    8.3079E+00    8.0767E-03    1.7952E-01    6.6123E-03
 LOGENERGY(1)       8.1608E-01    1.6551E-01   -5.4227E-01    3.3958E+00    4.0683E-01    3.9560E-04    2.4911E-04    2.5913E-03

                     1.MOMENT      2.MOMENT      3.MOMENT      4.MOMENT      5.MOMENT      6.MOMENT 
    ENERGY(1)       9.5285E+00    1.5981E+02    3.9196E+03    1.2593E+05    4.9489E+06    2.2756E+08
 LOGENERGY(1)       8.1608E-01    8.3149E-01    9.1218E-01    1.0787E+00    1.3356E+00    1.7271E+00



     POLAR ANGULAR DISTRIBUTION OF ALL BACKWARD SPUTTERED PARTICLES


       0.00  0.00  0.00  0.00  0.00  0.00  0.00  0.00  0.00  0.00  0.00  0.00  0.00  0.00  0.00  0.00  0.00  0.00  0.00  0.00

       3095  9034 15233 21521 27485 34170 41008 47349 53721 59211 65268 70446 73648 76846 78036 79059 78185 76925 74575 73262
      0.059 0.171 0.288 0.407 0.520 0.646 0.775 0.895 1.015 1.119 1.234 1.332 1.392 1.453 1.475 1.494 1.478 1.454 1.410 1.385
1 LOG ENERGY - COS OF EMISSION ANGLE (0.05 STEPS)   (BACKWARD SPUTTERED PARTICLES) ; 1. LAYER ; SPECIES 1


   0.0000E+00    1    2    3    4    5    6    7    8    9   10   11   12   13   14   15   16   17   18   19   20     0  0.0000E+00
   0.1000E+00    3    2   10    7   13   15   21   21   19   14   21   35   32   40   33   32   40   54   39   48   499  0.4990E-03
   0.1212E+00    0    0    0    0    0    0    0    0    0    0    0    0    0    0    0    0    0    0    0    0     0  0.0000E+00
   0.1468E+00    0    0    0    0    0    0    0    0    0    0    0    0    0    0    0    0    0    0    0    0     0  0.0000E+00
   0.1778E+00    0    0    0    0    0    0    0    0    0    0    0    0    0    0    0    0    0    0    0    0     0  0.0000E+00
   0.2154E+00    0    0    0    0    0    0    0    0    0    0    0    0    0    0    0    0    0    0    0    0     0  0.0000E+00
   0.2610E+00    0    0    0    0    0    0    0    0    0    0    0    0    0    0    0    0    0    0    0    0     0  0.0000E+00
   0.3162E+00    0    0    0    0    0    0    0    0    0    0    0    0    0    0    0    0    0    0    0    0     0  0.0000E+00
   0.3831E+00    0    0    0    0    0    0    0    0    0    0    0    0    0    0    0    0    0    0    0    0     0  0.0000E+00
   0.4642E+00    0    0    0    0    0    0    0    0    0    0    0    0    0    0    0    0    0    0    0    0     0  0.0000E+00
   0.5623E+00    0    0    0    0    0    0    0    0    0    0    0    0    0    0    0    0    0    0    0    0     0  0.0000E+00
   0.6813E+00    0    0    0    0    0    0    0    0    0    0    0    0    0    0    0    0    0    0    0    0     0  0.0000E+00
   0.8254E+00    0    0    0    0    0    0    0    0    0    0    0    0    0    0    0    0    0    0    0    0     0  0.0000E+00
   0.1000E+01    0    0    0    0    0    0    0    0    0    0    0    0    0    0    0    0    0    0    0    0     0  0.0000E+00
   0.1212E+01    0    0    0    0    0    0    0    0    0    0    0    0    0    0    0    0    0    0    0    0     0  0.0000E+00
   0.1468E+01    0    0    0    0    0    0    0    0    0    0    0    0    0    0    0    0    0    0    0    0     0  0.0000E+00
   0.1778E+01    0    0    0    0    0    0    0    0    0    0    0    0    0    0    0    0    0    0    0    0     0  0.0000E+00
   0.2154E+01    0    0    0    0    0    0    0    0    0    0    0    0    0    0    0    0    0    0    0    0     0  0.0000E+00
   0.2610E+01    0    0    0    0    0    0    0    0    0    0    0    0    0    0    0    0    0    0    0    0     0  0.0000E+00
   0.3162E+01    0    0    0    0    0    0    0    0    0    0    0    0    0    0    0    0    0    0    0    0     0  0.0000E+00
   0.3831E+01    0    0    0    0    0    0    0    0    0    0    0    0    0    0    0    0    0    0    0    0     0  0.0000E+00
   0.4642E+01    0    0    0    0    0    0    0    0    0    0    0    0    0    0    0    0    0    0    0    0     0  0.0000E+00
   0.5623E+01    0    0    0    0    0    0    0    0    0    0    0    0    0    0    0    0    0    0    0    0     0  0.0000E+00
   0.6813E+01    0    0    0    0    0    0    0    0    0    0    0    0    0    0    0    0    0    0    0    0     0  0.0000E+00
   0.8254E+01    0    0    0    0    0    0    0    0    0    0    0    0    0    0    0    0    0    0    0    0     0  0.0000E+00
   0.1000E+02    0    0    0    0    0    0    0    0    0    0    0    0    0    0    0    0    0    0    0    0     0  0.0000E+00
   0.1212E+02    0    0    0    0    0    0    0    0    0    0    0    0    0    0    0    0    0    0    0    0     0  0.0000E+00
   0.1468E+02    0    0    0    0    0    0    0    0    0    0    0    0    0    0    0    0    0    0    0    0     0  0.0000E+00
   0.1778E+02    0    0    0    0    0    0    0    0    0    0    0    0    0    0    0    0    0    0    0    0     0  0.0000E+00
   0.2154E+02    0    0    0    0    0    0    0    0    0    0    0    0    0    0    0    0    0    0    0    0     0  0.0000E+00
   0.2610E+02    0    0    0    0    0    0    0    0    0    0    0    0    0    0    0    0    0    0    0    0     0  0.0000E+00
   0.3162E+02    0    0    0    0    0    0    0    0    0    0    0    0    0    0    0    0    0    0    0    0     0  0.0000E+00
   0.3831E+02    0    0    0    0    0    0    0    0    0    0    0    0    0    0    0    0    0    0    0    0     0  0.0000E+00
   0.4642E+02    0    0    0    0    0    0    0    0    0    0    0    0    0    0    0    0    0    0    0    0     0  0.0000E+00
   0.5623E+02    0    0    0    0    0    0    0    0    0    0    0    0    0    0    0    0    0    0    0    0     0  0.0000E+00
   0.6813E+02    0    0    0    0    0    0    0    0    0    0    0    0    0    0    0    0    0    0    0    0     0  0.0000E+00
   0.8254E+02    0    0    0    0    0    0    0    0    0    0    0    0    0    0    0    0    0    0    0    0     0  0.0000E+00
   0.1000E+03    0    0    0    0    0    0    0    0    0    0    0    0    0    0    0    0    0    0    0    0     0  0.0000E+00
   0.1212E+03    0    0    0    0    0    0    0    0    0    0    0    0    0    0    0    0    0    0    0    0     0  0.0000E+00
   0.1468E+03    0    0    0    0    0    0    0    0    0    0    0    0    0    0    0    0    0    0    0    0     0  0.0000E+00
   0.1778E+03    0    0    0    0    0    0    0    0    0    0    0    0    0    0    0    0    0    0    0    0     0  0.0000E+00
   0.2154E+03    0    0    0    0    0    0    0    0    0    0    0    0    0    0    0    0    0    0    0    0     0  0.0000E+00
   0.2610E+03    0    0    0    0    0    0    0    0    0    0    0    0    0    0    0    0    0    0    0    0     0  0.0000E+00
   0.3162E+03    0    0    0    0    0    0    0    0    0    0    0    0    0    0    0    0    0    0    0    0     0  0.0000E+00
   0.3831E+03    0    0    0    0    0    0    0    0    0    0    0    0    0    0    0    0    0    0    0    0     0  0.0000E+00
   0.4642E+03    0    0    0    0    0    0    0    0    0    0    0    0    0    0    0    0    0    0    0    0     0  0.0000E+00
   0.5623E+03    0    0    0    0    0    0    0    0    0    0    0    0    0    0    0    0    0    0    0    0     0  0.0000E+00
   0.6813E+03    0    0    0    0    0    0    0    0    0    0    0    0    0    0    0    0    0    0    0    0     0  0.0000E+00
   0.8254E+03    0    0    0    0    0    0    0    0    0    0    0    0    0    0    0    0    0    0    0    0     0  0.0000E+00
   0.1000E+04    0    0    0    0    0    0    0    0    0    0    0    0    0    0    0    0    0    0    0    0     0  0.0000E+00
   0.1212E+04    0    0    0    0    0    0    0    0    0    0    0    0    0    0    0    0    0    0    0    0     0  0.0000E+00
   0.1468E+04    0    0    0    0    0    0    0    0    0    0    0    0    0    0    0    0    0    0    0    0     0  0.0000E+00
   0.1778E+04    0    0    0    0    0    0    0    0    0    0    0    0    0    0    0    0    0    0    0    0     0  0.0000E+00
   0.2154E+04    0    0    0    0    0    0    0    0    0    0    0    0    0    0    0    0    0    0    0    0     0  0.0000E+00
   0.2610E+04    0    0    0    0    0    0    0    0    0    0    0    0    0    0    0    0    0    0    0    0     0  0.0000E+00
   0.3162E+04    0    0    0    0    0    0    0    0    0    0    0    0    0    0    0    0    0    0    0    0     0  0.0000E+00
   0.3831E+04    0    0    0    0    0    0    0    0    0    0    0    0    0    0    0    0    0    0    0    0     0  0.0000E+00
   0.4642E+04    0    0    0    0    0    0    0    0    0    0    0    0    0    0    0    0    0    0    0    0     0  0.0000E+00
   0.5623E+04    0    0    0    0    0    0    0    0    0    0    0    0    0    0    0    0    0    0    0    0     0  0.0000E+00
   0.6813E+04    0    0    0    0    0    0    0    0    0    0    0    0    0    0    0    0    0    0    0    0     0  0.0000E+00
   0.8254E+04    0    0    0    0    0    0    0    0    0    0    0    0    0    0    0    0    0    0    0    0     0  0.0000E+00
   0.1000E+05    0    0    0    0    0    0    0    0    0    0    0    0    0    0    0    0    0    0    0    0     0  0.0000E+00
   0.1212E+05    0    0    0    0    0    0    0    0    0    0    0    0    0    0    0    0    0    0    0    0     0  0.0000E+00
   0.1468E+05    0    0    0    0    0    0    0    0    0    0    0    0    0    0    0    0    0    0    0    0     0  0.0000E+00
   0.1778E+05    0    0    0    0    0    0    0    0    0    0    0    0    0    0    0    0    0    0    0    0     0  0.0000E+00
   0.2154E+05    0    0    0    0    0    0    0    0    0    0    0    0    0    0    0    0    0    0    0    0     0  0.0000E+00
   0.2610E+05    0    0    0    0    0    0    0    0    0    0    0    0    0    0    0    0    0    0    0    0     0  0.0000E+00
   0.3162E+05    0    0    0    0    0    0    0    0    0    0    0    0    0    0    0    0    0    0    0    0     0  0.0000E+00
   0.3831E+05    0    0    0    0    0    0    0    0    0    0    0    0    0    0    0    0    0    0    0    0     0  0.0000E+00
   0.4642E+05    0    0    0    0    0    0    0    0    0    0    0    0    0    0    0    0    0    0    0    0     0  0.0000E+00
   0.5623E+05    0    0    0    0    0    0    0    0    0    0    0    0    0    0    0    0    0    0    0    0     0  0.0000E+00
   0.6813E+05    0    0    0    0    0    0    0    0    0    0    0    0    0    0    0    0    0    0    0    0     0  0.0000E+00
   0.8254E+05    0    0    0    0    0    0    0    0    0    0    0    0    0    0    0    0    0    0    0    0     0  0.0000E+00
   0.1000E+06    0    0    0    0    0    0    0    0    0    0    0    0    0    0    0    0    0    0    0    0     0  0.0000E+00
   0.0000E+00 618718066304564303554957683258199594677******************************************************************  0.0000E+00
1ENERGY(E/E0 IN %) - POLAR ANGLE IN COS-INTERVALS (0.05)  (BACKWARD SPUTTERED PARTICLES) , 1.LAYER , SPECIES 1

     0    1    2    3    4    5    6    7    8    9   10   11   12   13   14   15   16   17   18   19   20      0
     1  890 2636 4499 6345 7947 99431194813548151991653818420199602118522491238592514526309271112791129508 331392
     2  966 2727 4475 6289 7997 98641143213203149991624017837196742032321401219152266122622226482237622252 301901
     3  588 1623 2773 3903 4941 6056 7260 8244 93231044811358118721258513377131481292012563121331145410827 177396
     4  265  938 1564 2261 2842 3506 4351 5039 5711 6378 6865 7409 7815 7822 7728 7564 7053 6557 5889 5164 102721
     5  181  494  887 1230 1682 2097 2498 2989 3402 3764 4302 4526 4662 4696 4529 4408 4067 3718 3123 2676  59931
     6   99  296  472  678  951 1198 1527 1790 2079 2362 2595 2793 2819 2786 2828 2535 2246 2020 1734 1362  35170
     7   55  160  263  391  538  645  923 1038 1240 1432 1568 1686 1765 1726 1662 1548 1390 1151  977  689  20847
     8   27   73  140  203  287  399  458  650  737  827  901  984  933 1040  977  882  794  689  511  358  11870
     9   13   54   81   95  152  237  296  365  447  522  574  655  653  672  590  573  462  395  264  198   7298
    10    6   25   43   65   84  117  136  234  242  284  362  371  367  336  336  314  314  221  149  101   4107
    11    5    3   22   36   35   45   80  110  133  191  188  215  206  198  193  218  152  125   98   61   2314
    12    0    3    6   14   14   31   52   71   97  100  135  117  159  138  114  140   99   76   51   36   1453
    13    0    2    5    7   10   21   25   34   48   59   85   81   72   70   53   58   58   42   15   15    760
    14    0    0    1    2    2    8   11   21   39   28   28   50   53   52   44   35   22   15   10    7    428
    15    0    0    2    1    1    1    5    7   14   17   30   23   25   19   18   25   13   10    8    4    223
    16    0    0    0    1    0    0    2    3    6   10    7   16   16    7   21   15   10    8    1    1    124
    17    0    0    0    0    1    0    3    0    4    4    6    8    5    6   13    8    7    4    1    3     73
    18    0    0    0    0    1    2    0    1    0    1    4    2    2    4    4    2    2    2    1    0     28
    19    0    0    0    0    0    0    0    1    1    3    0    2    3    4    3    7    0    0    0    0     24
    20    0    0    0    0    0    0    1    1    0    1    2    2    0    1    0    1    1    0    1    0     11
    21    0    0    0    0    0    0    0    0    0    1    0    0    0    0    0    0    1    0    0    0      2
    22    0    0    0    0    0    0    0    0    0    0    0    0    0    0    1    0    0    0    1    0      2
    23    0    0    0    0    0    0    0    0    0    0    0    0    0    0    0    0    0    0    0    0      0
    24    0    0    0    0    0    0    0    0    0    0    1    0    0    0    0    0    0    0    0    0      1
    25    0    0    0    0    0    0    0    0    0    1    0    0    0    0    0    0    0    0    0    0      1
    26    0    0    0    0    0    0    0    0    0    0    0    0    0    0    0    0    0    0    0    0      0
    27    0    0    0    0    0    0    0    0    0    0    0    0    0    0    0    0    0    0    0    0      0
    28    0    0    0    0    0    0    0    0    0    0    0    0    0    0    0    0    0    0    0    0      0
    29    0    0    0    0    0    0    0    0    0    0    0    0    0    0    0    0    0    0    0    0      0
    30    0    0    0    0    0    0    0    0    0    0    0    0    0    0    0    0    0    0    0    0      0
    31    0    0    0    0    0    0    0    0    0    0    0    0    0    0    0    0    0    0    0    0      0
    32    0    0    0    0    0    0    0    0    0    0    0    0    0    0    0    0    0    0    0    0      0
    33    0    0    0    0    0    0    0    0    0    0    0    0    0    0    0    0    0    0    0    0      0
    34    0    0    0    0    0    0    0    0    0    0    0    0    0    0    0    0    0    0    0    0      0
    35    0    0    0    0    0    0    0    0    0    0    0    0    0    0    0    0    0    0    0    0      0
    36    0    0    0    0    0    0    0    0    0    0    0    0    0    0    0    0    0    0    0    0      0
    37    0    0    0    0    0    0    0    0    0    0    0    0    0    0    0    0    0    0    0    0      0
    38    0    0    0    0    0    0    0    0    0    0    0    0    0    0    0    0    0    0    0    0      0
    39    0    0    0    0    0    0    0    0    0    0    0    0    0    0    0    0    0    0    0    0      0
    40    0    0    0    0    0    0    0    0    0    0    0    0    0    0    0    0    0    0    0    0      0
    41    0    0    0    0    0    0    0    0    0    0    0    0    0    0    0    0    0    0    0    0      0
    42    0    0    0    0    0    0    0    0    0    0    0    0    0    0    0    0    0    0    0    0      0
    43    0    0    0    0    0    0    0    0    0    0    0    0    0    0    0    0    0    0    0    0      0
    44    0    0    0    0    0    0    0    0    0    0    0    0    0    0    0    0    0    0    0    0      0
    45    0    0    0    0    0    0    0    0    0    0    0    0    0    0    0    0    0    0    0    0      0
    46    0    0    0    0    0    0    0    0    0    0    0    0    0    0    0    0    0    0    0    0      0
    47    0    0    0    0    0    0    0    0    0    0    0    0    0    0    0    0    0    0    0    0      0
    48    0    0    0    0    0    0    0    0    0    0    0    0    0    0    0    0    0    0    0    0      0
    49    0    0    0    0    0    0    0    0    0    0    0    0    0    0    0    0    0    0    0    0      0
    50    0    0    0    0    0    0    0    0    0    0    0    0    0    0    0    0    0    0    0    0      0
    51    0    0    0    0    0    0    0    0    0    0    0    0    0    0    0    0    0    0    0    0      0
    52    0    0    0    0    0    0    0    0    0    0    0    0    0    0    0    0    0    0    0    0      0
    53    0    0    0    0    0    0    0    0    0    0    0    0    0    0    0    0    0    0    0    0      0
    54    0    0    0    0    0    0    0    0    0    0    0    0    0    0    0    0    0    0    0    0      0
    55    0    0    0    0    0    0    0    0    0    0    0    0    0    0    0    0    0    0    0    0      0
    56    0    0    0    0    0    0    0    0    0    0    0    0    0    0    0    0    0    0    0    0      0
    57    0    0    0    0    0    0    0    0    0    0    0    0    0    0    0    0    0    0    0    0      0
    58    0    0    0    0    0    0    0    0    0    0    0    0    0    0    0    0    0    0    0    0      0
    59    0    0    0    0    0    0    0    0    0    0    0    0    0    0    0    0    0    0    0    0      0
    60    0    0    0    0    0    0    0    0    0    0    0    0    0    0    0    0    0    0    0    0      0
    61    0    0    0    0    0    0    0    0    0    0    0    0    0    0    0    0    0    0    0    0      0
    62    0    0    0    0    0    0    0    0    0    0    0    0    0    0    0    0    0    0    0    0      0
    63    0    0    0    0    0    0    0    0    0    0    0    0    0    0    0    0    0    0    0    0      0
    64    0    0    0    0    0    0    0    0    0    0    0    0    0    0    0    0    0    0    0    0      0
    65    0    0    0    0    0    0    0    0    0    0    0    0    0    0    0    0    0    0    0    0      0
    66    0    0    0    0    0    0    0    0    0    0    0    0    0    0    0    0    0    0    0    0      0
    67    0    0    0    0    0    0    0    0    0    0    0    0    0    0    0    0    0    0    0    0      0
    68    0    0    0    0    0    0    0    0    0    0    0    0    0    0    0    0    0    0    0    0      0
    69    0    0    0    0    0    0    0    0    0    0    0    0    0    0    0    0    0    0    0    0      0
    70    0    0    0    0    0    0    0    0    0    0    0    0    0    0    0    0    0    0    0    0      0
    71    0    0    0    0    0    0    0    0    0    0    0    0    0    0    0    0    0    0    0    0      0
    72    0    0    0    0    0    0    0    0    0    0    0    0    0    0    0    0    0    0    0    0      0
    73    0    0    0    0    0    0    0    0    0    0    0    0    0    0    0    0    0    0    0    0      0
    74    0    0    0    0    0    0    0    0    0    0    0    0    0    0    0    0    0    0    0    0      0
    75    0    0    0    0    0    0    0    0    0    0    0    0    0    0    0    0    0    0    0    0      0
    76    0    0    0    0    0    0    0    0    0    0    0    0    0    0    0    0    0    0    0    0      0
    77    0    0    0    0    0    0    0    0    0    0    0    0    0    0    0    0    0    0    0    0      0
    78    0    0    0    0    0    0    0    0    0    0    0    0    0    0    0    0    0    0    0    0      0
    79    0    0    0    0    0    0    0    0    0    0    0    0    0    0    0    0    0    0    0    0      0
    80    0    0    0    0    0    0    0    0    0    0    0    0    0    0    0    0    0    0    0    0      0
    81    0    0    0    0    0    0    0    0    0    0    0    0    0    0    0    0    0    0    0    0      0
    82    0    0    0    0    0    0    0    0    0    0    0    0    0    0    0    0    0    0    0    0      0
    83    0    0    0    0    0    0    0    0    0    0    0    0    0    0    0    0    0    0    0    0      0
    84    0    0    0    0    0    0    0    0    0    0    0    0    0    0    0    0    0    0    0    0      0
    85    0    0    0    0    0    0    0    0    0    0    0    0    0    0    0    0    0    0    0    0      0
    86    0    0    0    0    0    0    0    0    0    0    0    0    0    0    0    0    0    0    0    0      0
    87    0    0    0    0    0    0    0    0    0    0    0    0    0    0    0    0    0    0    0    0      0
    88    0    0    0    0    0    0    0    0    0    0    0    0    0    0    0    0    0    0    0    0      0
    89    0    0    0    0    0    0    0    0    0    0    0    0    0    0    0    0    0    0    0    0      0
    90    0    0    0    0    0    0    0    0    0    0    0    0    0    0    0    0    0    0    0    0      0
    91    0    0    0    0    0    0    0    0    0    0    0    0    0    0    0    0    0    0    0    0      0
    92    0    0    0    0    0    0    0    0    0    0    0    0    0    0    0    0    0    0    0    0      0
    93    0    0    0    0    0    0    0    0    0    0    0    0    0    0    0    0    0    0    0    0      0
    94    0    0    0    0    0    0    0    0    0    0    0    0    0    0    0    0    0    0    0    0      0
    95    0    0    0    0    0    0    0    0    0    0    0    0    0    0    0    0    0    0    0    0      0
    96    0    0    0    0    0    0    0    0    0    0    0    0    0    0    0    0    0    0    0    0      0
    97    0    0    0    0    0    0    0    0    0    0    0    0    0    0    0    0    0    0    0    0      0
    98    0    0    0    0    0    0    0    0    0    0    0    0    0    0    0    0    0    0    0    0      0
    99    0    0    0    0    0    0    0    0    0    0    0    0    0    0    0    0    0    0    0    0      0
   100    0    0    0    0    0    0    0    0    0    0    0    0    0    0    0    0    0    0    0    0      0
     0 3095 90341523321521274853417041008473495372159211652687044673648768467803679059781857692574575732621058077
1AZIMUTHAL ANGLE - POLAR ANGLE IN COS-INTERVALS (0.05) (BACKWARD SPUTTERED PARTICLES) , 1.LAYER , SPECIES 1

     0    1    2    3    4    5    6    7    8    9   10   11   12   13   14   15   16   17   18   19   20      0
     3   40  145  221  342  503  563  660  791  953 1007 1099 1189 1232 1246 1280 1303 1290 1297 1248 1270  17679
     6   49  140  265  329  451  629  698  764  912 1015 1110 1171 1170 1326 1308 1293 1305 1249 1240 1259  17683
     9   50  138  265  379  459  528  692  795  909  965 1152 1150 1222 1288 1368 1362 1312 1298 1232 1234  17798
    12   52  151  258  357  450  580  676  772  847  958 1107 1157 1267 1270 1263 1333 1234 1296 1281 1172  17481
    15   50  167  268  358  454  598  672  771  881 1012 1077 1181 1216 1291 1312 1277 1265 1316 1198 1228  17592
    18   61  135  257  370  416  587  687  762  861  975 1079 1113 1264 1296 1310 1336 1312 1272 1220 1227  17540
    21   57  150  288  349  444  523  663  792  900  985 1148 1200 1204 1288 1341 1379 1285 1288 1212 1195  17691
    24   39  151  260  328  458  586  651  788  887  977 1075 1266 1240 1297 1314 1291 1295 1335 1259 1219  17716
    27   49  128  248  366  478  567  731  780  921  968 1123 1194 1209 1244 1336 1332 1267 1254 1248 1215  17658
    30   59  134  273  321  462  573  704  775  857  964 1071 1128 1240 1247 1255 1267 1283 1300 1187 1248  17348
    33   61  172  221  396  489  578  688  795  938  931 1024 1167 1224 1316 1299 1277 1321 1254 1273 1179  17603
    36   67  149  237  367  470  575  650  782  893  989 1090 1118 1207 1329 1323 1324 1254 1245 1179 1225  17473
    39   49  165  253  354  431  545  670  784  907 1050 1048 1219 1183 1307 1303 1324 1296 1344 1205 1160  17597
    42   67  149  235  360  472  552  672  750  900  960 1113 1218 1203 1277 1275 1302 1272 1278 1239 1208  17502
    45   51  155  268  365  446  537  705  798  899  911 1116 1152 1286 1175 1286 1282 1283 1265 1280 1194  17454
    48   56  157  268  333  486  538  620  821  873 1037 1082 1128 1231 1354 1281 1331 1365 1256 1261 1231  17709
    51   54  168  259  361  444  605  700  837  884  993 1096 1188 1232 1238 1249 1337 1350 1261 1277 1263  17796
    54   39  159  260  339  437  572  690  818  887  961 1051 1191 1208 1334 1266 1326 1250 1273 1275 1229  17565
    57   49  150  254  336  423  554  681  789  870  954 1088 1129 1212 1246 1304 1342 1266 1309 1240 1245  17441
    60   47  158  238  358  469  532  756  793  913  996 1019 1216 1204 1285 1348 1328 1276 1291 1279 1177  17683
    63   53  166  255  396  441  565  725  800  903 1058 1064 1144 1246 1275 1294 1328 1330 1235 1211 1211  17700
    66   42  169  229  373  490  516  681  797  897  966 1083 1181 1174 1269 1324 1357 1270 1250 1250 1253  17571
    69   54  171  242  362  403  556  664  763  862  933 1073 1196 1223 1317 1304 1307 1298 1245 1227 1233  17433
    72   47  157  249  375  450  600  671  792  870  955 1106 1139 1213 1315 1347 1305 1355 1295 1254 1215  17710
    75   50  169  240  376  450  551  676  821  926  994 1117 1138 1221 1310 1296 1354 1298 1254 1311 1229  17781
    78   52  142  275  361  462  583  645  826  922  987 1101 1214 1262 1292 1324 1334 1338 1250 1291 1169  17830
    81   55  149  256  328  468  583  663  758  914  963 1122 1148 1231 1262 1291 1371 1245 1287 1259 1221  17574
    84   49  138  252  341  468  547  662  771  890 1006 1050 1164 1267 1255 1347 1319 1352 1290 1260 1271  17699
    87   58  160  254  349  449  560  667  706  928 1039 1094 1152 1198 1244 1319 1281 1280 1285 1230 1238  17491
    90   56  120  251  368  484  586  659  742  911 1003 1052 1221 1284 1272 1286 1329 1280 1309 1250 1227  17690
    93   49  126  242  367  446  597  640  794  897  979 1087 1188 1271 1286 1309 1323 1332 1320 1300 1259  17812
    96   41  139  247  403  440  588  705  785  851  976 1023 1200 1217 1278 1287 1287 1321 1255 1191 1227  17461
    99   60  166  261  350  472  571  723  768  892  996 1138 1218 1202 1271 1287 1350 1361 1245 1186 1186  17703
   102   50  154  269  347  465  583  709  798  942  989 1073 1178 1249 1264 1263 1273 1312 1389 1291 1263  17861
   105   45  169  244  380  424  564  706  803  919 1021 1088 1177 1238 1237 1277 1338 1352 1291 1263 1242  17778
   108   43  179  249  379  446  549  674  795  916  959 1057 1165 1203 1257 1320 1301 1278 1318 1168 1229  17485
   111   51  153  240  390  488  552  747  824  823 1012 1125 1233 1218 1298 1280 1313 1350 1342 1191 1233  17863
   114   63  152  234  360  452  556  658  802  877  962 1089 1127 1200 1205 1319 1291 1337 1371 1304 1179  17538
   117   57  137  259  369  472  595  690  813  890 1019 1105 1240 1255 1252 1351 1327 1308 1250 1197 1166  17752
   120   50  155  254  340  495  577  674  779  931 1026 1106 1133 1205 1338 1287 1339 1333 1295 1240 1234  17791
   123   44  163  271  356  458  610  691  847  884  991 1130 1126 1238 1273 1269 1312 1350 1302 1289 1270  17874
   126   52  135  288  343  480  582  680  748  906  952 1039 1165 1190 1265 1314 1327 1307 1283 1273 1219  17548
   129   54  137  227  377  449  546  662  757  907 1023 1083 1167 1255 1339 1293 1343 1259 1236 1265 1180  17559
   132   37  142  236  342  476  566  714  745  891  995 1104 1163 1171 1265 1272 1289 1342 1270 1196 1182  17398
   135   50  148  245  362  461  564  686  825  861 1047 1068 1173 1217 1277 1241 1270 1300 1260 1188 1187  17430
   138   53  147  263  343  460  574  696  796  904 1028 1038 1180 1272 1225 1298 1309 1342 1314 1272 1232  17746
   141   55  168  243  332  450  569  671  833  849 1037 1036 1150 1216 1379 1318 1292 1301 1296 1216 1219  17630
   144   44  141  268  357  459  580  708  775  819  971 1044 1238 1229 1391 1308 1309 1279 1251 1208 1197  17576
   147   53  146  293  358  482  576  718  768  909 1071 1116 1148 1233 1252 1311 1333 1290 1284 1213 1274  17828
   150   50  158  243  338  486  616  663  770  934 1021 1079 1147 1210 1256 1313 1329 1230 1270 1243 1243  17599
   153   53  142  275  357  475  578  655  782  900  993 1143 1174 1239 1322 1284 1306 1319 1286 1228 1177  17688
   156   63  142  245  373  447  556  729  805  891  968 1060 1170 1284 1310 1206 1326 1334 1260 1296 1188  17653
   159   40  137  252  345  461  551  669  754  952  934 1149 1168 1242 1241 1319 1303 1230 1307 1248 1233  17535
   162   35  173  255  353  424  561  681  816  869  996 1115 1255 1192 1325 1347 1349 1299 1269 1249 1252  17815
   165   66  126  264  358  487  530  669  793  888  949 1167 1154 1251 1256 1328 1317 1319 1210 1272 1229  17633
   168   42  138  246  383  467  605  723  774  907  927 1065 1166 1244 1269 1224 1284 1360 1251 1181 1169  17425
   171   67  156  242  354  455  573  679  821  954  957 1140 1211 1153 1281 1290 1307 1313 1336 1258 1208  17755
   174   46  148  270  422  424  545  646  823  843  899 1031 1145 1273 1265 1326 1326 1339 1206 1219 1251  17447
   177   55  154  270  316  427  599  672  804  890 1033 1042 1161 1223 1229 1340 1326 1281 1272 1255 1247  17596
   180   65  141  239  370  450  588  691  819  910  968 1098 1154 1285 1275 1302 1329 1280 1305 1299 1242  17810
     0 3095 90341523321521274853417041008473495372159211652687044673648768467803679059781857692574575732621058077
