1
      *** PROGRAM TRVMC95 ***


                              * INPUT DATA *


       Z1        M1          E0       ALPHA       EF        ESB      SHEATH     ERC
     18.00     39.95      2902.00      0.00      0.10      0.00   8706.00      4.70

       NH        RI           X0        RD        CW        CA       KK0   KK0R   KDEE1  KDEE2  IPOT   IPOTR   IRL
     99999 716381.00         0.00    100.00      2.00      1.00       2      2      3      3      1      1      3


             DX      RHO    CK  Z(,1) Z(,2) Z(,3) Z(,4) Z(,5)  M(,1)  M(,2)  M(,3)  M(,4)  M(,5) C(,1) C(,2) C(,3) C(,4) C(,5)

 1.LAYER 10000.00   2.25   1.00    6.    0.    0.    0.    0.  12.01   0.00   0.00   0.00   0.00 1.000 0.000 0.000 0.000 0.000


                           ***  SBE(LAYER,ELEMENT)  ***     ***     ED(LAYER,ELEMENT)     ***     ***   BE(LAYER,ELEMENT)  ***

 1.LAYER                   7.41  0.00  0.00  0.00  0.00     30.00   0.00   0.00   0.00   0.00     0.10  0.00  0.00  0.00  0.00


       INTERACTION POTENTIAL : PROJECTILE-TARGET : KR-C POTENTIAL     TARGET-TARGET : KR-C POTENTIAL    


       INELASTIC LOSS MODEL  : PROJECTILE-TARGET : 50% LS 50% OR      TARGET-TARGET : 50% LS 50% OR     
1

                              * OUTPUT DATA *


                 HLM       HLMT        SU       SUT        XC        RT       SFE      INEL         L        LJ
               0.0000 10000.000    3.5029 10003.503   -3.5029  9900.000      7.41         0         1         1


                NPROJ       KIB       KIT      MAXA      NALL       NPA       NSA       KIS      KIST
                48512         0         0       292  54160128   2674291  30335482     99463         0


            EPS0(I)       Z2(I)       M2(I)     ARHO(I)       LM(I)     PMAX(I)     ASIG(I)       SB(I)       XX(I)        NJ(I)

 1.LAYER   0.5691E-01  0.6000E+01  0.1201E+02  0.1128E+00  0.2070E+01  0.1168E+01  0.2335E+00  0.7410E+01  0.1000E+05         1


             A1(1)   A1(2)   A1(3)   A1(4)   A1(5)   A1(6)   A1(7)   A1(8)   A1(9)  A1(10)  A1(11)  A1(12)  A1(13)  A1(14)  A1(15)

           0.13193


           KOR1(1) KOR1(2) KOR1(3) KOR1(4) KOR1(5) KOR1(6) KOR1(7) KOR1(8) KOR1(9) KOR1(A) KOR1(B) KOR1(C) KOR1(D) KOR1(E) KOR1(F)

           0.73577


            A(I,1)  A(I,2)  A(I,3)  A(I,4)  A(I,5)  A(I,6)  A(I,7)  A(I,8)  A(I,9) A(I,10) A(I,11) A(I,12) A(I,13) A(I,14) A(I,15)

           0.16242


           KOR(,1) KOR(,2) KOR(,3) KOR(,4) KOR(,5) KOR(,6) KOR(,7) KOR(,8) KOR(,9) KOR(,A) KOR(,B) KOR(,C) KOR(,D) KOR(,E) KOR(,F)

           0.46963
1

         IMPLANTED PARTICLES=  99999     ENERGY=0.2902E+09 EV
     BACKSCATTERED PARTICLES=      0     ENERGY=0.0000E+00 EV
       TRANSMITTED PARTICLES=      0     ENERGY=0.0000E+00 EV
     BACKSPUTTERED PARTICLES=  54406     ENERGY=0.1465E+07 EV
    TRANSM. SPUTT. PARTICLES=      0     ENERGY=0.0000E+00 EV


  PROJECTILES :   MEAN NUMBER OF ELASTIC COLLISIONS =     29.3   MEAN NUMBER OF EL.COLL.(E > EDISPL.) =   13.009
                                                                 MEAN NUMBER OF EL.COLL.(E > SB(1))   =   24.327

                       MEAN        VARIANCE      SKEWNESS      KURTOSIS        SIGMA       ERROR 1.M     ERROR 2.M     ERROR 3.M 
  PENETRATION       5.0705E+01    2.4828E+02    4.2613E-01    3.0333E+00    1.5757E+01    4.9828E-02    1.1196E+00    7.4331E-03
       SPREAD       1.6595E+01    8.4229E+01    8.0639E-01    3.7113E+00    9.1776E+00    2.9022E-02    4.3859E-01    9.8709E-03
   PATHLENGTH       5.8788E+01    2.7853E+02    3.7198E-01    2.9752E+00    1.6689E+01    5.2776E-02    1.2379E+00    7.2482E-03
 ELASTIC LOSS       2.7124E+03    4.2586E+03                                6.5258E+01    6.5258E-04
   INEL. LOSS       1.8963E+02    4.2586E+03                                6.5258E+01    6.5258E-04

                       MEAN        VARIANCE      SKEWNESS      KURTOSIS        SIGMA       ERROR 1.M     ERROR 2.M     ERROR 3.M 
   ELAST.LOSS       8.9706E+01    3.5664E+04    4.5330E+00    2.8994E+01    1.8885E+02    1.1026E-01    1.1017E+02    6.8334E-03
 WEAK EL.LOSS       2.7555E+00    6.0431E+00    1.3765E+00    4.4557E+00    2.4583E+00    1.4353E-03    6.5590E-03    1.3677E-03
 INELAST.LOSS       6.4642E+00    1.4705E+01    3.1370E-02    2.0230E+00    3.8347E+00    2.2389E-03    8.6838E-03    9.0447E-04
  SUBTHR.LOSS       1.2570E+01    5.6613E+01    4.9145E-01    2.2907E+00    7.5242E+00    5.8886E-03    5.0337E-02    1.1690E-03

                     1.MOMENT      2.MOMENT      3.MOMENT      4.MOMENT      5.MOMENT      6.MOMENT 
  PENETRATION       5.0705E+01    2.8192E+03    1.6979E+05    1.0965E+07    7.5292E+08    5.4596E+10



  RECOILES (PER PROJ.)   :   MEAN NUMBER OF ELASTIC COLLISIONS =    535.2   MEAN NUMBER OF EL.COLL.(E > EDISPL.) =     26.888
                                                                            MEAN NUMBER OF EL.COLL.(E > SB(1))   =    166.912

  RECOILES (PER KNOCKON) :   MEAN NUMBER OF ELASTIC COLLISIONS =    1.621   MEAN NUMBER OF EL.COLL.(E > EDISPL.) =      0.081
                                                                            MEAN NUMBER OF EL.COLL.(E > SB(1))   =      0.506

1


     DEPTH(A)  PARTICLES  NORM.DEPTH PATHLENGTH   INLOSS(EV)  TELOSS(EV)  ELLOSS(EV)  DAMAGE(EV)  PHONON(EV)  CASCAD(EV)     DPA

    -SU-    0.         0  0.0000E+00
     0.-    2.         0  0.0000E+00         0    1.1012E+06  1.3423E+07  1.3333E+07  1.2769E+07  5.6428E+05  1.0538E+07   41069
     2.-    4.         1  0.1000E-04         0    1.0948E+06  1.2954E+07  1.2858E+07  1.2290E+07  5.6774E+05  1.0164E+07   41847
     4.-    6.         0  0.0000E+00         0    1.0682E+06  1.2942E+07  1.2839E+07  1.2261E+07  5.7808E+05  1.0152E+07   42956
     6.-    8.         2  0.2000E-04         0    1.0421E+06  1.3015E+07  1.2902E+07  1.2313E+07  5.8955E+05  1.0205E+07   44283
     8.-   10.         3  0.3000E-04         0    1.0123E+06  1.2760E+07  1.2637E+07  1.2039E+07  5.9805E+05  9.9977E+06   45391
    10.-   12.        15  0.1500E-03         0    9.7963E+05  1.2678E+07  1.2544E+07  1.1934E+07  6.0933E+05  9.9211E+06   46391
    12.-   14.        51  0.5100E-03         3    9.4666E+05  1.2328E+07  1.2178E+07  1.1553E+07  6.2472E+05  9.6258E+06   47587
    14.-   16.       121  0.1210E-02         8    9.1444E+05  1.2231E+07  1.2064E+07  1.1420E+07  6.4449E+05  9.5266E+06   48660
    16.-   18.       248  0.2480E-02        33    8.8094E+05  1.1987E+07  1.1801E+07  1.1148E+07  6.5358E+05  9.3166E+06   50317
    18.-   20.       448  0.4480E-02        71    8.4372E+05  1.1773E+07  1.1566E+07  1.0889E+07  6.7677E+05  9.1114E+06   50935
    20.-   22.       690  0.6900E-02       162    8.0634E+05  1.1364E+07  1.1134E+07  1.0437E+07  6.9740E+05  8.7503E+06   51734
    22.-   24.      1071  0.1071E-01       264    7.6779E+05  1.0956E+07  1.0704E+07  9.9818E+06  7.2213E+05  8.3822E+06   51895
    24.-   26.      1516  0.1516E-01       475    7.2885E+05  1.0752E+07  1.0479E+07  9.7466E+06  7.3278E+05  8.1955E+06   52522
    26.-   28.      1836  0.1836E-01       698    6.8671E+05  1.0307E+07  1.0016E+07  9.2673E+06  7.4842E+05  7.8027E+06   52170
    28.-   30.      2338  0.2338E-01      1040    6.4208E+05  9.7256E+06  9.4162E+06  8.6571E+06  7.5904E+05  7.3020E+06   51284
    30.-   32.      2835  0.2835E-01      1363    6.0125E+05  9.3295E+06  9.0049E+06  8.2376E+06  7.6728E+05  6.9567E+06   50464
    32.-   34.      3322  0.3322E-01      1798    5.5767E+05  8.7525E+06  8.4160E+06  7.6509E+06  7.6507E+05  6.4706E+06   49144
    34.-   36.      3730  0.3730E-01      2206    5.1337E+05  8.1906E+06  7.8499E+06  7.0964E+06  7.5342E+05  6.0084E+06   47374
    36.-   38.      4080  0.4080E-01      2560    4.6933E+05  7.5800E+06  7.2347E+06  6.4993E+06  7.3536E+05  5.5117E+06   45185
    38.-   40.      4414  0.4414E-01      2982    4.2815E+05  6.9894E+06  6.6456E+06  5.9238E+06  7.2182E+05  5.0295E+06   42723
    40.-   42.      4751  0.4751E-01      3298    3.8826E+05  6.4928E+06  6.1564E+06  5.4674E+06  6.8900E+05  4.6460E+06   40349
    42.-   44.      4923  0.4923E-01      3522    3.4742E+05  5.8518E+06  5.5236E+06  4.8612E+06  6.6248E+05  4.1363E+06   37405
    44.-   46.      4983  0.4983E-01      3721    3.1098E+05  5.2991E+06  4.9857E+06  4.3671E+06  6.1856E+05  3.7198E+06   34570
    46.-   48.      4976  0.4976E-01      4062    2.7444E+05  4.7696E+06  4.4725E+06  3.8917E+06  5.8080E+05  3.3177E+06   31541
    48.-   50.      5019  0.5019E-01      4172    2.4197E+05  4.2354E+06  3.9544E+06  3.4096E+06  5.4482E+05  2.9089E+06   28391
    50.-   52.      4674  0.4674E-01      4419    2.1184E+05  3.7947E+06  3.5329E+06  3.0319E+06  5.0105E+05  2.5883E+06   25648
    52.-   54.      4644  0.4644E-01      4559    1.8383E+05  3.3337E+06  3.0919E+06  2.6322E+06  4.5968E+05  2.2492E+06   22871
    54.-   56.      4523  0.4523E-01      4584    1.5742E+05  2.8636E+06  2.6432E+06  2.2255E+06  4.1771E+05  1.9041E+06   19954
    56.-   58.      4226  0.4226E-01      4538    1.3552E+05  2.4927E+06  2.2913E+06  1.9180E+06  3.7335E+05  1.6422E+06   17673
    58.-   60.      3924  0.3924E-01      4540    1.1422E+05  2.1128E+06  1.9340E+06  1.6015E+06  3.3252E+05  1.3722E+06   15117
    60.-   62.      3648  0.3648E-01      4465    9.6296E+04  1.7926E+06  1.6354E+06  1.3428E+06  2.9265E+05  1.1518E+06   12945
    62.-   64.      3256  0.3256E-01      4133    8.0869E+04  1.5280E+06  1.3883E+06  1.1307E+06  2.5759E+05  9.7025E+05   11136
    64.-   66.      2884  0.2884E-01      3725    6.7344E+04  1.2999E+06  1.1777E+06  9.5830E+05  2.1944E+05  8.2261E+05    9517
    66.-   68.      2612  0.2612E-01      3482    5.4855E+04  1.0687E+06  9.6461E+05  7.7581E+05  1.8880E+05  6.6635E+05    7856
    68.-   70.      2357  0.2357E-01      3822    4.4817E+04  8.7131E+05  7.8245E+05  6.2102E+05  1.6143E+05  5.3395E+05    6459
    70.-   72.      2076  0.2076E-01      3417    3.6767E+04  7.3133E+05  6.5533E+05  5.1858E+05  1.3675E+05  4.4579E+05    5408
    72.-   74.      1738  0.1738E-01      3161    2.9196E+04  5.7998E+05  5.1660E+05  4.0110E+05  1.1550E+05  3.4529E+05    4336
    74.-   76.      1456  0.1456E-01      2803    2.3244E+04  4.6568E+05  4.1332E+05  3.1839E+05  9.4933E+04  2.7439E+05    3527
    76.-   78.      1269  0.1269E-01      2507    1.8337E+04  3.7305E+05  3.3042E+05  2.5408E+05  7.6341E+04  2.1876E+05    2780
    78.-   80.      1076  0.1076E-01      2189    1.4484E+04  3.0005E+05  2.6487E+05  2.0119E+05  6.3681E+04  1.7336E+05    2244
    80.-   82.       859  0.8590E-02      1932    1.1304E+04  2.3182E+05  2.0307E+05  1.5165E+05  5.1414E+04  1.3087E+05    1753
    82.-   84.       731  0.7310E-02      1622    8.5947E+03  1.7662E+05  1.5387E+05  1.1377E+05  4.0093E+04  9.8446E+04    1406
    84.-   86.       606  0.6060E-02      1393    6.4508E+03  1.3512E+05  1.1756E+05  8.6278E+04  3.1286E+04  7.4509E+04    1034
    86.-   88.       460  0.4600E-02      1213    5.0602E+03  1.0410E+05  8.9660E+04  6.3743E+04  2.5917E+04  5.5160E+04     801
    88.-   90.       385  0.3850E-02      1024    3.7331E+03  7.8619E+04  6.7916E+04  4.8610E+04  1.9307E+04  4.2007E+04     589
    90.-   92.       302  0.3020E-02       870    2.6817E+03  5.4721E+04  4.6640E+04  3.1765E+04  1.4876E+04  2.7528E+04     420
    92.-   94.       227  0.2270E-02       698    2.0872E+03  4.3893E+04  3.7649E+04  2.6576E+04  1.1073E+04  2.3027E+04     341
    94.-   96.       172  0.1720E-02       591    1.5260E+03  3.3868E+04  2.8995E+04  2.0496E+04  8.4984E+03  1.7682E+04     244
    96.-   98.       134  0.1340E-02       460    1.0996E+03  2.2865E+04  1.9255E+04  1.2755E+04  6.5001E+03  1.1071E+04     178
    98.-  100.       116  0.1160E-02       315    8.2840E+02  1.8682E+04  1.6032E+04  1.1539E+04  4.4931E+03  9.9957E+03     149
   100.-  102.        68  0.6800E-03       281    5.5496E+02  1.1271E+04  9.3750E+03  5.9777E+03  3.3973E+03  5.2027E+03      92
   102.-  104.        62  0.6200E-03       197    4.0158E+02  8.6501E+03  7.2001E+03  4.4617E+03  2.7384E+03  3.8639E+03      57
   104.-  106.        40  0.4000E-03       159    2.5436E+02  5.3021E+03  4.3926E+03  2.4892E+03  1.9034E+03  2.1594E+03      33
   106.-  108.        25  0.2500E-03        88    2.1000E+02  4.8785E+03  4.1256E+03  2.7530E+03  1.3726E+03  2.3818E+03      36
   108.-  110.        22  0.2200E-03        80    1.3833E+02  3.1007E+03  2.5501E+03  1.5677E+03  9.8236E+02  1.3703E+03      25
   110.-  112.        18  0.1800E-03        84    8.6136E+01  2.0299E+03  1.6686E+03  9.5466E+02  7.1393E+02  8.2170E+02      11
   112.-  114.        16  0.1600E-03        51    6.2590E+01  1.4056E+03  1.1439E+03  7.4884E+02  3.9505E+02  6.5293E+02      12
   114.-  116.         2  0.2000E-04        45    2.7963E+01  5.9369E+02  4.3743E+02  1.8663E+02  2.5080E+02  1.6412E+02       4
   116.-  118.         5  0.5000E-04        34    2.7314E+01  5.5003E+02  4.2660E+02  1.1316E+02  3.1344E+02  9.9273E+01       2
   118.-  120.         7  0.7000E-04        21    1.3556E+01  3.1286E+02  2.1805E+02  6.9291E+01  1.4876E+02  6.0529E+01       1
   120.-  122.         2  0.2000E-04        19    7.3782E+00  1.9565E+02  1.4649E+02  9.2346E+01  5.4141E+01  8.1339E+01       2
   122.-  124.         0  0.0000E+00        10    3.9538E+00  1.0387E+02  7.1970E+01  0.0000E+00  7.1970E+01  0.0000E+00       0
   124.-  126.         3  0.3000E-04         8    2.8098E+00  6.0127E+01  3.8135E+01  0.0000E+00  3.8135E+01  0.0000E+00       0
   126.-  128.         0  0.0000E+00         6    8.5949E-01  1.9066E+01  1.1117E+01  0.0000E+00  1.1117E+01  0.0000E+00       0
   128.-  130.         1  0.1000E-04         9    1.8532E-01  4.6502E+00  2.9949E+00  0.0000E+00  2.9949E+00  0.0000E+00       0
   130.-  132.         0  0.0000E+00         3    0.0000E+00  0.0000E+00  0.0000E+00  0.0000E+00  0.0000E+00  0.0000E+00       0
   132.-  134.         0  0.0000E+00         3    0.0000E+00  0.0000E+00  0.0000E+00  0.0000E+00  0.0000E+00  0.0000E+00       0
   134.-  136.         0  0.0000E+00         1    0.0000E+00  0.0000E+00  0.0000E+00  0.0000E+00  0.0000E+00  0.0000E+00       0
   136.-  138.         0  0.0000E+00         0    0.0000E+00  0.0000E+00  0.0000E+00  0.0000E+00  0.0000E+00  0.0000E+00       0
   138.-  140.         0  0.0000E+00         0    0.0000E+00  0.0000E+00  0.0000E+00  0.0000E+00  0.0000E+00  0.0000E+00       0
   140.-  142.         0  0.0000E+00         0    0.0000E+00  0.0000E+00  0.0000E+00  0.0000E+00  0.0000E+00  0.0000E+00       0
   142.-  144.         0  0.0000E+00         0    0.0000E+00  0.0000E+00  0.0000E+00  0.0000E+00  0.0000E+00  0.0000E+00       0
   144.-  146.         0  0.0000E+00         0    0.0000E+00  0.0000E+00  0.0000E+00  0.0000E+00  0.0000E+00  0.0000E+00       0
   146.-  148.         0  0.0000E+00         0    0.0000E+00  0.0000E+00  0.0000E+00  0.0000E+00  0.0000E+00  0.0000E+00       0
   148.-  150.         0  0.0000E+00         0    0.0000E+00  0.0000E+00  0.0000E+00  0.0000E+00  0.0000E+00  0.0000E+00       0
   150.-  152.         0  0.0000E+00         0    0.0000E+00  0.0000E+00  0.0000E+00  0.0000E+00  0.0000E+00  0.0000E+00       0
   152.-  154.         0  0.0000E+00         0    0.0000E+00  0.0000E+00  0.0000E+00  0.0000E+00  0.0000E+00  0.0000E+00       0
   154.-  156.         0  0.0000E+00         0    0.0000E+00  0.0000E+00  0.0000E+00  0.0000E+00  0.0000E+00  0.0000E+00       0
   156.-  158.         0  0.0000E+00         0    0.0000E+00  0.0000E+00  0.0000E+00  0.0000E+00  0.0000E+00  0.0000E+00       0
   158.-  160.         0  0.0000E+00         0    0.0000E+00  0.0000E+00  0.0000E+00  0.0000E+00  0.0000E+00  0.0000E+00       0
   160.-  162.         0  0.0000E+00         0    0.0000E+00  0.0000E+00  0.0000E+00  0.0000E+00  0.0000E+00  0.0000E+00       0
   162.-  164.         0  0.0000E+00         0    0.0000E+00  0.0000E+00  0.0000E+00  0.0000E+00  0.0000E+00  0.0000E+00       0
   164.-  166.         0  0.0000E+00         0    0.0000E+00  0.0000E+00  0.0000E+00  0.0000E+00  0.0000E+00  0.0000E+00       0
   166.-  168.         0  0.0000E+00         0    0.0000E+00  0.0000E+00  0.0000E+00  0.0000E+00  0.0000E+00  0.0000E+00       0
   168.-  170.         0  0.0000E+00         0    0.0000E+00  0.0000E+00  0.0000E+00  0.0000E+00  0.0000E+00  0.0000E+00       0
   170.-  172.         0  0.0000E+00         0    0.0000E+00  0.0000E+00  0.0000E+00  0.0000E+00  0.0000E+00  0.0000E+00       0
   172.-  174.         0  0.0000E+00         0    0.0000E+00  0.0000E+00  0.0000E+00  0.0000E+00  0.0000E+00  0.0000E+00       0
   174.-  176.         0  0.0000E+00         0    0.0000E+00  0.0000E+00  0.0000E+00  0.0000E+00  0.0000E+00  0.0000E+00       0
   176.-  178.         0  0.0000E+00         0    0.0000E+00  0.0000E+00  0.0000E+00  0.0000E+00  0.0000E+00  0.0000E+00       0
   178.-  180.         0  0.0000E+00         0    0.0000E+00  0.0000E+00  0.0000E+00  0.0000E+00  0.0000E+00  0.0000E+00       0
   180.-  182.         0  0.0000E+00         0    0.0000E+00  0.0000E+00  0.0000E+00  0.0000E+00  0.0000E+00  0.0000E+00       0
   182.-  184.         0  0.0000E+00         0    0.0000E+00  0.0000E+00  0.0000E+00  0.0000E+00  0.0000E+00  0.0000E+00       0
   184.-  186.         0  0.0000E+00         0    0.0000E+00  0.0000E+00  0.0000E+00  0.0000E+00  0.0000E+00  0.0000E+00       0
   186.-  188.         0  0.0000E+00         0    0.0000E+00  0.0000E+00  0.0000E+00  0.0000E+00  0.0000E+00  0.0000E+00       0
   188.-  190.         0  0.0000E+00         0    0.0000E+00  0.0000E+00  0.0000E+00  0.0000E+00  0.0000E+00  0.0000E+00       0
   190.-  192.         0  0.0000E+00         0    0.0000E+00  0.0000E+00  0.0000E+00  0.0000E+00  0.0000E+00  0.0000E+00       0
   192.-  194.         0  0.0000E+00         0    0.0000E+00  0.0000E+00  0.0000E+00  0.0000E+00  0.0000E+00  0.0000E+00       0
   194.-  196.         0  0.0000E+00         0    0.0000E+00  0.0000E+00  0.0000E+00  0.0000E+00  0.0000E+00  0.0000E+00       0
   196.-  198.         0  0.0000E+00         0    0.0000E+00  0.0000E+00  0.0000E+00  0.0000E+00  0.0000E+00  0.0000E+00       0
   198.-  200.         0  0.0000E+00         0    0.0000E+00  0.0000E+00  0.0000E+00  0.0000E+00  0.0000E+00  0.0000E+00       0
   200.-   SUT         0  0.0000E+00

                   99999  1.0000E+00     99999    1.8963E+07  2.7123E+08  2.6315E+08  2.4263E+08  2.0522E+07  2.0356E+08 1300848
1
     RECOILS



     DEPTH(A)     INLOSS(EV)   TELOSS(EV)   ELLOSS(EV)   DAMAGE(EV)   PHONON(EV)     DPA  DPA(1)  DPA(2)

     0.-    2.    3.2079E+05   5.6977E+06   4.5487E+06   1.1055E+06   3.4432E+06   18204   18204       0
     2.-    4.    5.5349E+05   8.8641E+06   7.3752E+06   2.5820E+06   4.7932E+06   36200   36200       0
     4.-    6.    7.6593E+05   1.1760E+07   9.8684E+06   3.7126E+06   6.1558E+06   49701   49701       0
     6.-    8.    9.4560E+05   1.4264E+07   1.2009E+07   4.6495E+06   7.3598E+06   60706   60706       0
     8.-   10.    1.0948E+06   1.6287E+07   1.3719E+07   5.3399E+06   8.3796E+06   69601   69601       0
    10.-   12.    1.2216E+06   1.8117E+07   1.5269E+07   5.9683E+06   9.3002E+06   76967   76967       0
    12.-   14.    1.3330E+06   1.9743E+07   1.6654E+07   6.5826E+06   1.0071E+07   84476   84476       0
    14.-   16.    1.4309E+06   2.1214E+07   1.7902E+07   7.1153E+06   1.0787E+07   90890   90890       0
    16.-   18.    1.5111E+06   2.2335E+07   1.8834E+07   7.3927E+06   1.1441E+07   95278   95278       0
    18.-   20.    1.5792E+06   2.3433E+07   1.9756E+07   7.7429E+06   1.2013E+07   99964   99964       0
    20.-   22.    1.6312E+06   2.4349E+07   2.0527E+07   8.0487E+06   1.2478E+07  103713  103713       0
    22.-   24.    1.6625E+06   2.4960E+07   2.1024E+07   8.1977E+06   1.2826E+07  106226  106226       0
    24.-   26.    1.6889E+06   2.5434E+07   2.1404E+07   8.2695E+06   1.3134E+07  107934  107934       0
    26.-   28.    1.6995E+06   2.5692E+07   2.1605E+07   8.2876E+06   1.3317E+07  108588  108588       0
    28.-   30.    1.6924E+06   2.5772E+07   2.1652E+07   8.2613E+06   1.3390E+07  108673  108673       0
    30.-   32.    1.6763E+06   2.5627E+07   2.1502E+07   8.1105E+06   1.3392E+07  107946  107946       0
    32.-   34.    1.6473E+06   2.5322E+07   2.1227E+07   7.9309E+06   1.3296E+07  105740  105740       0
    34.-   36.    1.6060E+06   2.4798E+07   2.0763E+07   7.6828E+06   1.3080E+07  103683  103683       0
    36.-   38.    1.5504E+06   2.4083E+07   2.0143E+07   7.3922E+06   1.2750E+07  100236  100236       0
    38.-   40.    1.4857E+06   2.3271E+07   1.9450E+07   7.1101E+06   1.2340E+07   96522   96522       0
    40.-   42.    1.4176E+06   2.2226E+07   1.8547E+07   6.6560E+06   1.1891E+07   91417   91417       0
    42.-   44.    1.3406E+06   2.1158E+07   1.7642E+07   6.3066E+06   1.1335E+07   86647   86647       0
    44.-   46.    1.2574E+06   1.9938E+07   1.6610E+07   5.8911E+06   1.0719E+07   81357   81357       0
    46.-   48.    1.1738E+06   1.8683E+07   1.5547E+07   5.4581E+06   1.0088E+07   75900   75900       0
    48.-   50.    1.0885E+06   1.7377E+07   1.4449E+07   5.0176E+06   9.4314E+06   70162   70162       0
    50.-   52.    1.0014E+06   1.6090E+07   1.3375E+07   4.6666E+06   8.7082E+06   65216   65216       0
    52.-   54.    9.1503E+05   1.4754E+07   1.2256E+07   4.2489E+06   8.0069E+06   59607   59607       0
    54.-   56.    8.3161E+05   1.3446E+07   1.1160E+07   3.8405E+06   7.3195E+06   54071   54071       0
    56.-   58.    7.4872E+05   1.2118E+07   1.0046E+07   3.4159E+06   6.6303E+06   48311   48311       0
    58.-   60.    6.7184E+05   1.0934E+07   9.0646E+06   3.0873E+06   5.9773E+06   43430   43430       0
    60.-   62.    5.9985E+05   9.7460E+06   8.0705E+06   2.7125E+06   5.3580E+06   38473   38473       0
    62.-   64.    5.3331E+05   8.7011E+06   7.2063E+06   2.4286E+06   4.7777E+06   34475   34475       0
    64.-   66.    4.7087E+05   7.6617E+06   6.3379E+06   2.1067E+06   4.2312E+06   30085   30085       0
    66.-   68.    4.1232E+05   6.7576E+06   5.5929E+06   1.8834E+06   3.7095E+06   26833   26833       0
    68.-   70.    3.6039E+05   5.8699E+06   4.8505E+06   1.6065E+06   3.2439E+06   23089   23089       0
    70.-   72.    3.1427E+05   5.1609E+06   4.2715E+06   1.4367E+06   2.8349E+06   20143   20143       0
    72.-   74.    2.7281E+05   4.4470E+06   3.6786E+06   1.2270E+06   2.4517E+06   17392   17392       0
    74.-   76.    2.3551E+05   3.8448E+06   3.1808E+06   1.0681E+06   2.1127E+06   15187   15187       0
    76.-   78.    2.0235E+05   3.3188E+06   2.7478E+06   9.2946E+05   1.8184E+06   13128   13128       0
    78.-   80.    1.7336E+05   2.8382E+06   2.3510E+06   7.9601E+05   1.5550E+06   11184   11184       0
    80.-   82.    1.4640E+05   2.3912E+06   1.9781E+06   6.6619E+05   1.3119E+06    9442    9442       0
    82.-   84.    1.2434E+05   2.0422E+06   1.6924E+06   5.8100E+05   1.1114E+06    8050    8050       0
    84.-   86.    1.0626E+05   1.7216E+06   1.4251E+06   4.8107E+05   9.4399E+05    6866    6866       0
    86.-   88.    8.9568E+04   1.4625E+06   1.2127E+06   4.1578E+05   7.9694E+05    5726    5726       0
    88.-   90.    7.6226E+04   1.2378E+06   1.0277E+06   3.5899E+05   6.6869E+05    5011    5011       0
    90.-   92.    6.3830E+04   1.0388E+06   8.6289E+05   3.0043E+05   5.6247E+05    4235    4235       0
    92.-   94.    5.3912E+04   8.7115E+05   7.2263E+05   2.4817E+05   4.7446E+05    3505    3505       0
    94.-   96.    4.4874E+04   7.3121E+05   6.0813E+05   2.1727E+05   3.9086E+05    3013    3013       0
    96.-   98.    3.6446E+04   5.8264E+05   4.8509E+05   1.7304E+05   3.1205E+05    2427    2427       0
    98.-  100.    2.8319E+04   4.4464E+05   3.7285E+05   1.3918E+05   2.3367E+05    1979    1979       0
   100.-  102.    1.6139E+04   2.3643E+05   2.0186E+05   8.4904E+04   1.1696E+05    1133    1133       0
   102.-  104.    6.1078E+02   7.2664E+03   5.9301E+03   1.7048E+03   4.2253E+03      28      28       0
   104.-  106.    0.0000E+00   0.0000E+00   0.0000E+00   0.0000E+00   0.0000E+00       0       0       0
   106.-  108.    0.0000E+00   0.0000E+00   0.0000E+00   0.0000E+00   0.0000E+00       0       0       0
   108.-  110.    0.0000E+00   0.0000E+00   0.0000E+00   0.0000E+00   0.0000E+00       0       0       0
   110.-  112.    0.0000E+00   0.0000E+00   0.0000E+00   0.0000E+00   0.0000E+00       0       0       0
   112.-  114.    0.0000E+00   0.0000E+00   0.0000E+00   0.0000E+00   0.0000E+00       0       0       0
   114.-  116.    0.0000E+00   0.0000E+00   0.0000E+00   0.0000E+00   0.0000E+00       0       0       0
   116.-  118.    0.0000E+00   0.0000E+00   0.0000E+00   0.0000E+00   0.0000E+00       0       0       0
   118.-  120.    0.0000E+00   0.0000E+00   0.0000E+00   0.0000E+00   0.0000E+00       0       0       0
   120.-  122.    0.0000E+00   0.0000E+00   0.0000E+00   0.0000E+00   0.0000E+00       0       0       0
   122.-  124.    0.0000E+00   0.0000E+00   0.0000E+00   0.0000E+00   0.0000E+00       0       0       0
   124.-  126.    0.0000E+00   0.0000E+00   0.0000E+00   0.0000E+00   0.0000E+00       0       0       0
   126.-  128.    0.0000E+00   0.0000E+00   0.0000E+00   0.0000E+00   0.0000E+00       0       0       0
   128.-  130.    0.0000E+00   0.0000E+00   0.0000E+00   0.0000E+00   0.0000E+00       0       0       0
   130.-  132.    0.0000E+00   0.0000E+00   0.0000E+00   0.0000E+00   0.0000E+00       0       0       0
   132.-  134.    0.0000E+00   0.0000E+00   0.0000E+00   0.0000E+00   0.0000E+00       0       0       0
   134.-  136.    0.0000E+00   0.0000E+00   0.0000E+00   0.0000E+00   0.0000E+00       0       0       0
   136.-  138.    0.0000E+00   0.0000E+00   0.0000E+00   0.0000E+00   0.0000E+00       0       0       0
   138.-  140.    0.0000E+00   0.0000E+00   0.0000E+00   0.0000E+00   0.0000E+00       0       0       0
   140.-  142.    0.0000E+00   0.0000E+00   0.0000E+00   0.0000E+00   0.0000E+00       0       0       0
   142.-  144.    0.0000E+00   0.0000E+00   0.0000E+00   0.0000E+00   0.0000E+00       0       0       0
   144.-  146.    0.0000E+00   0.0000E+00   0.0000E+00   0.0000E+00   0.0000E+00       0       0       0
   146.-  148.    0.0000E+00   0.0000E+00   0.0000E+00   0.0000E+00   0.0000E+00       0       0       0
   148.-  150.    0.0000E+00   0.0000E+00   0.0000E+00   0.0000E+00   0.0000E+00       0       0       0
   150.-  152.    0.0000E+00   0.0000E+00   0.0000E+00   0.0000E+00   0.0000E+00       0       0       0
   152.-  154.    0.0000E+00   0.0000E+00   0.0000E+00   0.0000E+00   0.0000E+00       0       0       0
   154.-  156.    0.0000E+00   0.0000E+00   0.0000E+00   0.0000E+00   0.0000E+00       0       0       0
   156.-  158.    0.0000E+00   0.0000E+00   0.0000E+00   0.0000E+00   0.0000E+00       0       0       0
   158.-  160.    0.0000E+00   0.0000E+00   0.0000E+00   0.0000E+00   0.0000E+00       0       0       0
   160.-  162.    0.0000E+00   0.0000E+00   0.0000E+00   0.0000E+00   0.0000E+00       0       0       0
   162.-  164.    0.0000E+00   0.0000E+00   0.0000E+00   0.0000E+00   0.0000E+00       0       0       0
   164.-  166.    0.0000E+00   0.0000E+00   0.0000E+00   0.0000E+00   0.0000E+00       0       0       0
   166.-  168.    0.0000E+00   0.0000E+00   0.0000E+00   0.0000E+00   0.0000E+00       0       0       0
   168.-  170.    0.0000E+00   0.0000E+00   0.0000E+00   0.0000E+00   0.0000E+00       0       0       0
   170.-  172.    0.0000E+00   0.0000E+00   0.0000E+00   0.0000E+00   0.0000E+00       0       0       0
   172.-  174.    0.0000E+00   0.0000E+00   0.0000E+00   0.0000E+00   0.0000E+00       0       0       0
   174.-  176.    0.0000E+00   0.0000E+00   0.0000E+00   0.0000E+00   0.0000E+00       0       0       0
   176.-  178.    0.0000E+00   0.0000E+00   0.0000E+00   0.0000E+00   0.0000E+00       0       0       0
   178.-  180.    0.0000E+00   0.0000E+00   0.0000E+00   0.0000E+00   0.0000E+00       0       0       0
   180.-  182.    0.0000E+00   0.0000E+00   0.0000E+00   0.0000E+00   0.0000E+00       0       0       0
   182.-  184.    0.0000E+00   0.0000E+00   0.0000E+00   0.0000E+00   0.0000E+00       0       0       0
   184.-  186.    0.0000E+00   0.0000E+00   0.0000E+00   0.0000E+00   0.0000E+00       0       0       0
   186.-  188.    0.0000E+00   0.0000E+00   0.0000E+00   0.0000E+00   0.0000E+00       0       0       0
   188.-  190.    0.0000E+00   0.0000E+00   0.0000E+00   0.0000E+00   0.0000E+00       0       0       0
   190.-  192.    0.0000E+00   0.0000E+00   0.0000E+00   0.0000E+00   0.0000E+00       0       0       0
   192.-  194.    0.0000E+00   0.0000E+00   0.0000E+00   0.0000E+00   0.0000E+00       0       0       0
   194.-  196.    0.0000E+00   0.0000E+00   0.0000E+00   0.0000E+00   0.0000E+00       0       0       0
   196.-  198.    0.0000E+00   0.0000E+00   0.0000E+00   0.0000E+00   0.0000E+00       0       0       0
   198.-  200.    0.0000E+00   0.0000E+00   0.0000E+00   0.0000E+00   0.0000E+00       0       0       0

                  4.1905E+07   6.4886E+08   5.4281E+08   1.9993E+08   3.4288E+08 2688770 2688770       0
1     BACKWARD SPUTTERING



        ALL SPUTTERED PARTICLES =   54406   TOTAL SPUTTERED ENERGY = 0.1465E+07 EV


        SPUTTERED PARTICLES (1.LAYER) =   54406   SPUTTERED ENERGY = 0.1465E+07 EV


 1.LAYER
         SPUTTERED PARTICLES(1) =   54406     SPUTTERED ENERGY(1) = 0.1465E+07 EV

         ION IN , PRIMARY KO(1) =   11373   0.2090   0.2090    ENERGY = 0.5289E+06 EV   0.3610   0.3610    MEAN ENERGY = 0.4651E+02
         ION IN , SECOND. KO(1) =   43033   0.7910   0.7910    ENERGY = 0.9364E+06 EV   0.6390   0.6390    MEAN ENERGY = 0.2176E+02
        ION OUT , PRIMARY KO(1) =       0   0.0000   0.0000    ENERGY = 0.0000E+00 EV   0.0000   0.0000    MEAN ENERGY = 0.0000E+00
        ION OUT , SECOND. KO(1) =       0   0.0000   0.0000    ENERGY = 0.0000E+00 EV   0.0000   0.0000    MEAN ENERGY = 0.0000E+00


     SPUTTERING YIELD(1) =  5.441E-01  SPUTTERED ENERGY(1) =  5.049E-03  REL.MEAN ENERGY(1) =  9.281E-03  MEAN ENERGY(1) =  2.693E+01

                       MEAN        VARIANCE      SKEWNESS      KURTOSIS        SIGMA       ERROR 1.M     ERROR 2.M     ERROR 3.M 
    ENERGY(1)       2.6932E+01    1.4209E+03    3.5790E+00    2.2184E+01    3.7695E+01    1.6161E-01    2.8038E+01    7.8031E-02
 LOGENERGY(1)       1.1312E+00    2.8102E-01   -1.5679E-01    2.9529E+00    5.3012E-01    2.2730E-03    1.6839E-03    9.9385E-03

                     1.MOMENT      2.MOMENT      3.MOMENT      4.MOMENT      5.MOMENT      6.MOMENT 
    ENERGY(1)       2.6932E+01    2.1463E+03    3.2604E+05    7.2153E+07    2.0452E+10    6.9383E+12
 LOGENERGY(1)       1.1312E+00    1.5606E+00    2.3778E+00    3.9224E+00    6.8640E+00    1.2605E+01



     POLAR ANGULAR DISTRIBUTION OF ALL BACKWARD SPUTTERED PARTICLES


       0.00  0.00  0.00  0.00  0.00  0.00  0.00  0.00  0.00  0.00  0.00  0.00  0.00  0.00  0.00  0.00  0.00  0.00  0.00  0.00

        115   335   548   797  1070  1325  1690  2056  2385  2623  3020  3445  3674  3797  4018  4296  4472  4676  4956  5108
      0.042 0.123 0.201 0.293 0.393 0.487 0.621 0.756 0.877 0.964 1.110 1.266 1.351 1.396 1.477 1.579 1.644 1.719 1.822 1.878
1 LOG ENERGY - COS OF EMISSION ANGLE (0.05 STEPS)   (BACKWARD SPUTTERED PARTICLES) ; 1. LAYER ; SPECIES 1


   0.0000E+00    1    2    3    4    5    6    7    8    9   10   11   12   13   14   15   16   17   18   19   20     0  0.0000E+00
   0.1000E+00    0    0    0    1    0    0    0    0    1    0    0    0    3    1    0    0    1    2    1    4    14  0.1400E-02
   0.1212E+00    0    0    0    0    0    0    0    0    0    0    0    0    0    0    0    0    0    0    0    0     0  0.0000E+00
   0.1468E+00    0    0    0    0    0    0    0    0    0    0    0    0    0    0    0    0    0    0    0    0     0  0.0000E+00
   0.1778E+00    0    0    0    0    0    0    0    0    0    0    0    0    0    0    0    0    0    0    0    0     0  0.0000E+00
   0.2154E+00    0    0    0    0    0    0    0    0    0    0    0    0    0    0    0    0    0    0    0    0     0  0.0000E+00
   0.2610E+00    0    0    0    0    0    0    0    0    0    0    0    0    0    0    0    0    0    0    0    0     0  0.0000E+00
   0.3162E+00    0    0    0    0    0    0    0    0    0    0    0    0    0    0    0    0    0    0    0    0     0  0.0000E+00
   0.3831E+00    0    0    0    0    0    0    0    0    0    0    0    0    0    0    0    0    0    0    0    0     0  0.0000E+00
   0.4642E+00    0    0    0    0    0    0    0    0    0    0    0    0    0    0    0    0    0    0    0    0     0  0.0000E+00
   0.5623E+00    0    0    0    0    0    0    0    0    0    0    0    0    0    0    0    0    0    0    0    0     0  0.0000E+00
   0.6813E+00    0    0    0    0    0    0    0    0    0    0    0    0    0    0    0    0    0    0    0    0     0  0.0000E+00
   0.8254E+00    0    0    0    0    0    0    0    0    0    0    0    0    0    0    0    0    0    0    0    0     0  0.0000E+00
   0.1000E+01    0    0    0    0    0    0    0    0    0    0    0    0    0    0    0    0    0    0    0    0     0  0.0000E+00
   0.1212E+01    0    0    0    0    0    0    0    0    0    0    0    0    0    0    0    0    0    0    0    0     0  0.0000E+00
   0.1468E+01    0    0    0    0    0    0    0    0    0    0    0    0    0    0    0    0    0    0    0    0     0  0.0000E+00
   0.1778E+01    0    0    0    0    0    0    0    0    0    0    0    0    0    0    0    0    0    0    0    0     0  0.0000E+00
   0.2154E+01    0    0    0    0    0    0    0    0    0    0    0    0    0    0    0    0    0    0    0    0     0  0.0000E+00
   0.2610E+01    0    0    0    0    0    0    0    0    0    0    0    0    0    0    0    0    0    0    0    0     0  0.0000E+00
   0.3162E+01    0    0    0    0    0    0    0    0    0    0    0    0    0    0    0    0    0    0    0    0     0  0.0000E+00
   0.3831E+01    0    0    0    0    0    0    0    0    0    0    0    0    0    0    0    0    0    0    0    0     0  0.0000E+00
   0.4642E+01    0    0    0    0    0    0    0    0    0    0    0    0    0    0    0    0    0    0    0    0     0  0.0000E+00
   0.5623E+01    0    0    0    0    0    0    0    0    0    0    0    0    0    0    0    0    0    0    0    0     0  0.0000E+00
   0.6813E+01    0    0    0    0    0    0    0    0    0    0    0    0    0    0    0    0    0    0    0    0     0  0.0000E+00
   0.8254E+01    0    0    0    0    0    0    0    0    0    0    0    0    0    0    0    0    0    0    0    0     0  0.0000E+00
   0.1000E+02    0    0    0    0    0    0    0    0    0    0    0    0    0    0    0    0    0    0    0    0     0  0.0000E+00
   0.1212E+02    0    0    0    0    0    0    0    0    0    0    0    0    0    0    0    0    0    0    0    0     0  0.0000E+00
   0.1468E+02    0    0    0    0    0    0    0    0    0    0    0    0    0    0    0    0    0    0    0    0     0  0.0000E+00
   0.1778E+02    0    0    0    0    0    0    0    0    0    0    0    0    0    0    0    0    0    0    0    0     0  0.0000E+00
   0.2154E+02    0    0    0    0    0    0    0    0    0    0    0    0    0    0    0    0    0    0    0    0     0  0.0000E+00
   0.2610E+02    0    0    0    0    0    0    0    0    0    0    0    0    0    0    0    0    0    0    0    0     0  0.0000E+00
   0.3162E+02    0    0    0    0    0    0    0    0    0    0    0    0    0    0    0    0    0    0    0    0     0  0.0000E+00
   0.3831E+02    0    0    0    0    0    0    0    0    0    0    0    0    0    0    0    0    0    0    0    0     0  0.0000E+00
   0.4642E+02    0    0    0    0    0    0    0    0    0    0    0    0    0    0    0    0    0    0    0    0     0  0.0000E+00
   0.5623E+02    0    0    0    0    0    0    0    0    0    0    0    0    0    0    0    0    0    0    0    0     0  0.0000E+00
   0.6813E+02    0    0    0    0    0    0    0    0    0    0    0    0    0    0    0    0    0    0    0    0     0  0.0000E+00
   0.8254E+02    0    0    0    0    0    0    0    0    0    0    0    0    0    0    0    0    0    0    0    0     0  0.0000E+00
   0.1000E+03    0    0    0    0    0    0    0    0    0    0    0    0    0    0    0    0    0    0    0    0     0  0.0000E+00
   0.1212E+03    0    0    0    0    0    0    0    0    0    0    0    0    0    0    0    0    0    0    0    0     0  0.0000E+00
   0.1468E+03    0    0    0    0    0    0    0    0    0    0    0    0    0    0    0    0    0    0    0    0     0  0.0000E+00
   0.1778E+03    0    0    0    0    0    0    0    0    0    0    0    0    0    0    0    0    0    0    0    0     0  0.0000E+00
   0.2154E+03    0    0    0    0    0    0    0    0    0    0    0    0    0    0    0    0    0    0    0    0     0  0.0000E+00
   0.2610E+03    0    0    0    0    0    0    0    0    0    0    0    0    0    0    0    0    0    0    0    0     0  0.0000E+00
   0.3162E+03    0    0    0    0    0    0    0    0    0    0    0    0    0    0    0    0    0    0    0    0     0  0.0000E+00
   0.3831E+03    0    0    0    0    0    0    0    0    0    0    0    0    0    0    0    0    0    0    0    0     0  0.0000E+00
   0.4642E+03    0    0    0    0    0    0    0    0    0    0    0    0    0    0    0    0    0    0    0    0     0  0.0000E+00
   0.5623E+03    0    0    0    0    0    0    0    0    0    0    0    0    0    0    0    0    0    0    0    0     0  0.0000E+00
   0.6813E+03    0    0    0    0    0    0    0    0    0    0    0    0    0    0    0    0    0    0    0    0     0  0.0000E+00
   0.8254E+03    0    0    0    0    0    0    0    0    0    0    0    0    0    0    0    0    0    0    0    0     0  0.0000E+00
   0.1000E+04    0    0    0    0    0    0    0    0    0    0    0    0    0    0    0    0    0    0    0    0     0  0.0000E+00
   0.1212E+04    0    0    0    0    0    0    0    0    0    0    0    0    0    0    0    0    0    0    0    0     0  0.0000E+00
   0.1468E+04    0    0    0    0    0    0    0    0    0    0    0    0    0    0    0    0    0    0    0    0     0  0.0000E+00
   0.1778E+04    0    0    0    0    0    0    0    0    0    0    0    0    0    0    0    0    0    0    0    0     0  0.0000E+00
   0.2154E+04    0    0    0    0    0    0    0    0    0    0    0    0    0    0    0    0    0    0    0    0     0  0.0000E+00
   0.2610E+04    0    0    0    0    0    0    0    0    0    0    0    0    0    0    0    0    0    0    0    0     0  0.0000E+00
   0.3162E+04    0    0    0    0    0    0    0    0    0    0    0    0    0    0    0    0    0    0    0    0     0  0.0000E+00
   0.3831E+04    0    0    0    0    0    0    0    0    0    0    0    0    0    0    0    0    0    0    0    0     0  0.0000E+00
   0.4642E+04    0    0    0    0    0    0    0    0    0    0    0    0    0    0    0    0    0    0    0    0     0  0.0000E+00
   0.5623E+04    0    0    0    0    0    0    0    0    0    0    0    0    0    0    0    0    0    0    0    0     0  0.0000E+00
   0.6813E+04    0    0    0    0    0    0    0    0    0    0    0    0    0    0    0    0    0    0    0    0     0  0.0000E+00
   0.8254E+04    0    0    0    0    0    0    0    0    0    0    0    0    0    0    0    0    0    0    0    0     0  0.0000E+00
   0.1000E+05    0    0    0    0    0    0    0    0    0    0    0    0    0    0    0    0    0    0    0    0     0  0.0000E+00
   0.1212E+05    0    0    0    0    0    0    0    0    0    0    0    0    0    0    0    0    0    0    0    0     0  0.0000E+00
   0.1468E+05    0    0    0    0    0    0    0    0    0    0    0    0    0    0    0    0    0    0    0    0     0  0.0000E+00
   0.1778E+05    0    0    0    0    0    0    0    0    0    0    0    0    0    0    0    0    0    0    0    0     0  0.0000E+00
   0.2154E+05    0    0    0    0    0    0    0    0    0    0    0    0    0    0    0    0    0    0    0    0     0  0.0000E+00
   0.2610E+05    0    0    0    0    0    0    0    0    0    0    0    0    0    0    0    0    0    0    0    0     0  0.0000E+00
   0.3162E+05    0    0    0    0    0    0    0    0    0    0    0    0    0    0    0    0    0    0    0    0     0  0.0000E+00
   0.3831E+05    0    0    0    0    0    0    0    0    0    0    0    0    0    0    0    0    0    0    0    0     0  0.0000E+00
   0.4642E+05    0    0    0    0    0    0    0    0    0    0    0    0    0    0    0    0    0    0    0    0     0  0.0000E+00
   0.5623E+05    0    0    0    0    0    0    0    0    0    0    0    0    0    0    0    0    0    0    0    0     0  0.0000E+00
   0.6813E+05    0    0    0    0    0    0    0    0    0    0    0    0    0    0    0    0    0    0    0    0     0  0.0000E+00
   0.8254E+05    0    0    0    0    0    0    0    0    0    0    0    0    0    0    0    0    0    0    0    0     0  0.0000E+00
   0.1000E+06    0    0    0    0    0    0    0    0    0    0    0    0    0    0    0    0    0    0    0    0     0  0.0000E+00
   0.0000E+00  230  670 1096 1593 2140 2650 3380 4112 4769 5246 6040 6890 7345 7593 8036 8592 8943 9350 991110212108798  0.0000E+00
1ENERGY(E/E0 IN %) - POLAR ANGLE IN COS-INTERVALS (0.05)  (BACKWARD SPUTTERED PARTICLES) , 1.LAYER , SPECIES 1

     0    1    2    3    4    5    6    7    8    9   10   11   12   13   14   15   16   17   18   19   20      0
     1   96  271  440  618  786  987 1226 1460 1610 1785 2086 2330 2482 2685 2917 3141 3365 3500 3827 4073  39685
     2   13   48   66  112  170  179  238  285  377  412  483  577  648  610  611  677  643  685  705  660   8199
     3    4    8   24   34   57   83  106  122  158  168  204  219  240  263  242  245  210  262  227  212   3088
     4    2    7    7   15   26   34   46   73   99   93   92  136  118   95  121  108  123  108  115   84   1502
     5    0    1    6    8    9   15   25   45   57   56   53   74   72   59   42   53   58   65   26   48    772
     6    0    0    3    5   13   10   18   25   28   30   26   37   43   38   36   29   31   19   23   13    427
     7    0    0    1    4    3    4    7   12   18   29   30   31   29   12   16   17   15   17    9    8    262
     8    0    0    0    1    2    6    7   13   18   26   26   17   19   14   16    8   16    8   13    8    218
     9    0    0    0    0    4    2    5    9    5    8    5   12    5   10    8   11    5    4    4    1     98
    10    0    0    0    0    0    2    4    3    8    5    5    8    6    6    5    2    4    3    5    1     67
    11    0    0    1    0    0    0    7    3    0    4    3    2    4    3    0    2    0    1    2    0     32
    12    0    0    0    0    0    0    0    4    3    2    2    1    3    0    3    1    1    1    0    0     21
    13    0    0    0    0    0    1    1    2    2    2    2    1    3    0    0    0    0    2    0    0     16
    14    0    0    0    0    0    1    0    0    0    0    2    0    0    2    1    1    0    1    0    0      8
    15    0    0    0    0    0    1    0    0    1    0    1    0    0    0    0    0    0    0    0    0      3
    16    0    0    0    0    0    0    0    0    0    1    0    0    1    0    0    0    0    0    0    0      2
    17    0    0    0    0    0    0    0    0    0    1    0    0    0    0    0    0    1    0    0    0      2
    18    0    0    0    0    0    0    0    0    0    0    0    0    0    0    0    0    0    0    0    0      0
    19    0    0    0    0    0    0    0    0    1    0    0    0    0    0    0    1    0    0    0    0      2
    20    0    0    0    0    0    0    0    0    0    1    0    0    1    0    0    0    0    0    0    0      2
    21    0    0    0    0    0    0    0    0    0    0    0    0    0    0    0    0    0    0    0    0      0
    22    0    0    0    0    0    0    0    0    0    0    0    0    0    0    0    0    0    0    0    0      0
    23    0    0    0    0    0    0    0    0    0    0    0    0    0    0    0    0    0    0    0    0      0
    24    0    0    0    0    0    0    0    0    0    0    0    0    0    0    0    0    0    0    0    0      0
    25    0    0    0    0    0    0    0    0    0    0    0    0    0    0    0    0    0    0    0    0      0
    26    0    0    0    0    0    0    0    0    0    0    0    0    0    0    0    0    0    0    0    0      0
    27    0    0    0    0    0    0    0    0    0    0    0    0    0    0    0    0    0    0    0    0      0
    28    0    0    0    0    0    0    0    0    0    0    0    0    0    0    0    0    0    0    0    0      0
    29    0    0    0    0    0    0    0    0    0    0    0    0    0    0    0    0    0    0    0    0      0
    30    0    0    0    0    0    0    0    0    0    0    0    0    0    0    0    0    0    0    0    0      0
    31    0    0    0    0    0    0    0    0    0    0    0    0    0    0    0    0    0    0    0    0      0
    32    0    0    0    0    0    0    0    0    0    0    0    0    0    0    0    0    0    0    0    0      0
    33    0    0    0    0    0    0    0    0    0    0    0    0    0    0    0    0    0    0    0    0      0
    34    0    0    0    0    0    0    0    0    0    0    0    0    0    0    0    0    0    0    0    0      0
    35    0    0    0    0    0    0    0    0    0    0    0    0    0    0    0    0    0    0    0    0      0
    36    0    0    0    0    0    0    0    0    0    0    0    0    0    0    0    0    0    0    0    0      0
    37    0    0    0    0    0    0    0    0    0    0    0    0    0    0    0    0    0    0    0    0      0
    38    0    0    0    0    0    0    0    0    0    0    0    0    0    0    0    0    0    0    0    0      0
    39    0    0    0    0    0    0    0    0    0    0    0    0    0    0    0    0    0    0    0    0      0
    40    0    0    0    0    0    0    0    0    0    0    0    0    0    0    0    0    0    0    0    0      0
    41    0    0    0    0    0    0    0    0    0    0    0    0    0    0    0    0    0    0    0    0      0
    42    0    0    0    0    0    0    0    0    0    0    0    0    0    0    0    0    0    0    0    0      0
    43    0    0    0    0    0    0    0    0    0    0    0    0    0    0    0    0    0    0    0    0      0
    44    0    0    0    0    0    0    0    0    0    0    0    0    0    0    0    0    0    0    0    0      0
    45    0    0    0    0    0    0    0    0    0    0    0    0    0    0    0    0    0    0    0    0      0
    46    0    0    0    0    0    0    0    0    0    0    0    0    0    0    0    0    0    0    0    0      0
    47    0    0    0    0    0    0    0    0    0    0    0    0    0    0    0    0    0    0    0    0      0
    48    0    0    0    0    0    0    0    0    0    0    0    0    0    0    0    0    0    0    0    0      0
    49    0    0    0    0    0    0    0    0    0    0    0    0    0    0    0    0    0    0    0    0      0
    50    0    0    0    0    0    0    0    0    0    0    0    0    0    0    0    0    0    0    0    0      0
    51    0    0    0    0    0    0    0    0    0    0    0    0    0    0    0    0    0    0    0    0      0
    52    0    0    0    0    0    0    0    0    0    0    0    0    0    0    0    0    0    0    0    0      0
    53    0    0    0    0    0    0    0    0    0    0    0    0    0    0    0    0    0    0    0    0      0
    54    0    0    0    0    0    0    0    0    0    0    0    0    0    0    0    0    0    0    0    0      0
    55    0    0    0    0    0    0    0    0    0    0    0    0    0    0    0    0    0    0    0    0      0
    56    0    0    0    0    0    0    0    0    0    0    0    0    0    0    0    0    0    0    0    0      0
    57    0    0    0    0    0    0    0    0    0    0    0    0    0    0    0    0    0    0    0    0      0
    58    0    0    0    0    0    0    0    0    0    0    0    0    0    0    0    0    0    0    0    0      0
    59    0    0    0    0    0    0    0    0    0    0    0    0    0    0    0    0    0    0    0    0      0
    60    0    0    0    0    0    0    0    0    0    0    0    0    0    0    0    0    0    0    0    0      0
    61    0    0    0    0    0    0    0    0    0    0    0    0    0    0    0    0    0    0    0    0      0
    62    0    0    0    0    0    0    0    0    0    0    0    0    0    0    0    0    0    0    0    0      0
    63    0    0    0    0    0    0    0    0    0    0    0    0    0    0    0    0    0    0    0    0      0
    64    0    0    0    0    0    0    0    0    0    0    0    0    0    0    0    0    0    0    0    0      0
    65    0    0    0    0    0    0    0    0    0    0    0    0    0    0    0    0    0    0    0    0      0
    66    0    0    0    0    0    0    0    0    0    0    0    0    0    0    0    0    0    0    0    0      0
    67    0    0    0    0    0    0    0    0    0    0    0    0    0    0    0    0    0    0    0    0      0
    68    0    0    0    0    0    0    0    0    0    0    0    0    0    0    0    0    0    0    0    0      0
    69    0    0    0    0    0    0    0    0    0    0    0    0    0    0    0    0    0    0    0    0      0
    70    0    0    0    0    0    0    0    0    0    0    0    0    0    0    0    0    0    0    0    0      0
    71    0    0    0    0    0    0    0    0    0    0    0    0    0    0    0    0    0    0    0    0      0
    72    0    0    0    0    0    0    0    0    0    0    0    0    0    0    0    0    0    0    0    0      0
    73    0    0    0    0    0    0    0    0    0    0    0    0    0    0    0    0    0    0    0    0      0
    74    0    0    0    0    0    0    0    0    0    0    0    0    0    0    0    0    0    0    0    0      0
    75    0    0    0    0    0    0    0    0    0    0    0    0    0    0    0    0    0    0    0    0      0
    76    0    0    0    0    0    0    0    0    0    0    0    0    0    0    0    0    0    0    0    0      0
    77    0    0    0    0    0    0    0    0    0    0    0    0    0    0    0    0    0    0    0    0      0
    78    0    0    0    0    0    0    0    0    0    0    0    0    0    0    0    0    0    0    0    0      0
    79    0    0    0    0    0    0    0    0    0    0    0    0    0    0    0    0    0    0    0    0      0
    80    0    0    0    0    0    0    0    0    0    0    0    0    0    0    0    0    0    0    0    0      0
    81    0    0    0    0    0    0    0    0    0    0    0    0    0    0    0    0    0    0    0    0      0
    82    0    0    0    0    0    0    0    0    0    0    0    0    0    0    0    0    0    0    0    0      0
    83    0    0    0    0    0    0    0    0    0    0    0    0    0    0    0    0    0    0    0    0      0
    84    0    0    0    0    0    0    0    0    0    0    0    0    0    0    0    0    0    0    0    0      0
    85    0    0    0    0    0    0    0    0    0    0    0    0    0    0    0    0    0    0    0    0      0
    86    0    0    0    0    0    0    0    0    0    0    0    0    0    0    0    0    0    0    0    0      0
    87    0    0    0    0    0    0    0    0    0    0    0    0    0    0    0    0    0    0    0    0      0
    88    0    0    0    0    0    0    0    0    0    0    0    0    0    0    0    0    0    0    0    0      0
    89    0    0    0    0    0    0    0    0    0    0    0    0    0    0    0    0    0    0    0    0      0
    90    0    0    0    0    0    0    0    0    0    0    0    0    0    0    0    0    0    0    0    0      0
    91    0    0    0    0    0    0    0    0    0    0    0    0    0    0    0    0    0    0    0    0      0
    92    0    0    0    0    0    0    0    0    0    0    0    0    0    0    0    0    0    0    0    0      0
    93    0    0    0    0    0    0    0    0    0    0    0    0    0    0    0    0    0    0    0    0      0
    94    0    0    0    0    0    0    0    0    0    0    0    0    0    0    0    0    0    0    0    0      0
    95    0    0    0    0    0    0    0    0    0    0    0    0    0    0    0    0    0    0    0    0      0
    96    0    0    0    0    0    0    0    0    0    0    0    0    0    0    0    0    0    0    0    0      0
    97    0    0    0    0    0    0    0    0    0    0    0    0    0    0    0    0    0    0    0    0      0
    98    0    0    0    0    0    0    0    0    0    0    0    0    0    0    0    0    0    0    0    0      0
    99    0    0    0    0    0    0    0    0    0    0    0    0    0    0    0    0    0    0    0    0      0
   100    0    0    0    0    0    0    0    0    0    0    0    0    0    0    0    0    0    0    0    0      0
     0  115  335  548  797 1070 1325 1690 2056 2385 2623 3020 3445 3674 3797 4018 4296 4472 4676 4956 5108  54406
1AZIMUTHAL ANGLE - POLAR ANGLE IN COS-INTERVALS (0.05) (BACKWARD SPUTTERED PARTICLES) , 1.LAYER , SPECIES 1

     0    1    2    3    4    5    6    7    8    9   10   11   12   13   14   15   16   17   18   19   20      0
     3    2    9    8   14   19   22   25   27   52   38   40   43   73   63   69   60   74   56   89   92    875
     6    2    7    8   13   17   30   32   38   30   41   46   51   64   65   65   72   70   71   88   87    897
     9    2    8   13   17   13   17   34   36   32   30   61   59   61   89   85   65   75   80   84  100    961
    12    5    7   13   13   18   41   21   29   37   40   49   49   60   76   71   67   81   74   83   87    921
    15    2    5    9   20   27   22   25   40   28   40   51   45   71   71   65   53   72   72   77   83    878
    18    3   12    5    9   15   22   35   25   40   39   52   45   55   65   56   66   74   84   87   88    877
    21    5    3    5   22   14   18   20   29   27   42   56   59   63   59   88   73   86   65   89   83    906
    24    2    6   13   11   22   26   22   39   42   50   52   79   55   46   66   73   69   77   82   82    914
    27    0    4    7    3   26   13   30   37   40   41   47   56   68   76   73   69   72   84   75  105    926
    30    1    3    6   15   17   18   22   28   33   28   51   60   58   62   52   79   74  100   81   74    862
    33    3    7    9   12   16   20   22   40   35   46   48   47   61   74   64   74   73   65   75   69    860
    36    2    3   14   10   23   30   27   37   33   50   42   58   47   65   63   70   65   86   76   74    875
    39    2    3   12   18   14   13   34   36   38   42   50   54   64   63   74   76   71   63   72   94    893
    42    3    5   10    9   17   25   34   30   34   53   51   60   45   62   59   82   68   85   92   94    918
    45    1    1   12    5   13   20   41   37   49   57   49   51   63   68   71   75   77   77   78   94    939
    48    2    6    9   12   14   20   30   34   38   43   41   52   65   64   74   76   73   69   84   89    895
    51    2    4    7   14   15   28   29   22   35   42   53   56   60   68   57   87   76   83   89   84    911
    54    0    8    9   17   11   17   32   34   31   47   59   64   47   78   59   86   64   76   83   74    896
    57    2    6    9   17   39   27   41   32   38   40   43   72   76   60   72   67   61   66   75   77    920
    60    3    4    8   13   14   17   22   33   36   41   53   63   60   51   64   69   67   86   79   88    871
    63    0    6   13   12   20   19   29   45   37   41   56   66   61   73   67   81   72   70   95   71    934
    66    2    6    8   13   13   23   31   28   32   37   36   59   66   56   54   77   71   70   79   88    849
    69    3    7    6   18   21   25   31   29   38   43   44   75   58   64   63   74   76   78   75  106    934
    72    0    2    2   13   22   20   24   31   58   40   49   61   51   69   56   62   69   87   84   98    898
    75    3    7    7   17   19   22   36   33   43   54   48   64   50   63   68   82   71   80   73   73    913
    78    3    5    8   16   19   14   21   37   31   40   55   63   55   55   58   66   75   83   86   80    870
    81    0    4   13   10   13   21   27   28   32   42   41   47   64   57   74   76   63   74   88   78    852
    84    3    4    6   15   12   21   30   42   50   45   55   64   71   72   73   81   82   68   74   95    963
    87    3    3    8   11   21   20   29   40   33   43   55   48   49   54   58   71   83   95   78   80    882
    90    0    8    7   10   17   16   27   41   50   35   45   60   67   60   71   69   77   81   92   94    927
    93    1    4    3    8   18   27   29   39   46   40   57   72   69   55   75   67   83   63   92   79    927
    96    2    4    9   12   18   18   22   35   38   57   63   49   63   53   74   75   74   89   65   89    909
    99    1    7   10   12   18   20   31   37   49   37   53   63   50   66   81   69   74   75   93   79    925
   102    1    9    8   16   15   18   39   41   39   43   66   56   63   67   68   69   84   80   85   90    957
   105    2    3    6   17   18   22   35   34   42   36   55   55   54   68   70   74   76   76   80   91    914
   108    2    5   11   13   15   23   38   27   40   47   55   60   45   46   52   81   88   67   90  104    909
   111    0    6    9   15   23   24   20   36   41   48   40   43   71   63   67   61   77   87   74   77    882
   114    2    3   16   10   17   26   24   38   45   50   58   54   64   58   59   70   83   92   75   89    933
   117    0    4   13   17   14   25   24   36   42   46   54   56   63   57   64   83   65   66   81   72    882
   120    1    6    9   10   13   27   23   31   44   40   52   55   55   58   77   71   70   77   71   83    873
   123    4    5   10   18   16   29   28   33   33   57   53   55   68   49   73   93   64  104   81   81    954
   126    2    3   10   11   18   25   27   34   35   45   38   54   63   69   70   56   71   79   76   80    866
   129    0    7   12   13   23   25   29   37   45   46   50   48   71   77   62   60   79   83   80   86    933
   132    3    6    8   13   13   22   32   47   39   56   50   66   71   73   63   69   65   69   85   87    937
   135    2    5   12    8   19   21   34   37   45   50   50   43   64   64   68   65   72   94   86   96    935
   138    2    5    9   17   23   22   23   34   37   46   42   53   66   66   53   56   71   82   75   86    868
   141    4    9    9   13   23   24   33   33   46   44   55   61   77   66   73   85   82   81   96   74    988
   144    1    8    6   15   15   23   22   31   44   42   40   67   75   58   67   67   78   68   97   79    903
   147    1    5   10   16   17   19   23   28   40   49   45   63   62   65   68   76   73   72   84   96    912
   150    2    8   12   15   17   13   27   29   36   35   39   66   52   55   71   66   81   91  105   80    900
   153    1    8    3    8   16   20   29   32   56   38   58   53   64   57   72   67   77   80   90   86    915
   156    4    4   11   15   15   29   14   31   42   40   48   63   65   58   78   66  100   78   79   84    924
   159    0    3    5   18   18   21   33   22   48   36   48   62   56   57   84   77   75   98   71   81    913
   162    3    4    9   10   18   31   32   44   29   51   62   69   58   62   65   67   71   67   92   97    941
   165    3    5   11   14   18   13   22   38   48   54   45   57   57   63   60   65   95   72   86   71    897
   168    1    3    6   18   20   26   18   29   37   49   55   50   63   61   65   88   65   86   82   80    902
   171    0   10   16   14   19   21   33   31   42   47   58   41   58   59   61   65   89   67   87   81    899
   174    6    7    5    7   21   18   29   39   39   43   48   50   69   79   60   72   60   78   82   75    887
   177    1    9   13   12   18   19   28   39   41   36   54   64   55   65   60   65   76   96   84   87    922
   180    2    7   13   13   13   27   26   37   45   45   51   67   55   55   69   73   73   54   70   87    882
     0  115  335  548  797 1070 1325 1690 2056 2385 2623 3020 3445 3674 3797 4018 4296 4472 4676 4956 5108  54406
