1
      *** PROGRAM TRVMC95 ***


                              * INPUT DATA *


       Z1        M1          E0       ALPHA       EF        ESB      SHEATH     ERC
     18.00     39.95      2618.00      0.00      0.10      0.00   7854.00      4.70

       NH        RI           X0        RD        CW        CA       KK0   KK0R   KDEE1  KDEE2  IPOT   IPOTR   IRL
     99999 716381.00         0.00    100.00      2.00      1.00       2      2      3      3      1      1      3


             DX      RHO    CK  Z(,1) Z(,2) Z(,3) Z(,4) Z(,5)  M(,1)  M(,2)  M(,3)  M(,4)  M(,5) C(,1) C(,2) C(,3) C(,4) C(,5)

 1.LAYER 10000.00   2.25   1.00    6.    0.    0.    0.    0.  12.01   0.00   0.00   0.00   0.00 1.000 0.000 0.000 0.000 0.000


                           ***  SBE(LAYER,ELEMENT)  ***     ***     ED(LAYER,ELEMENT)     ***     ***   BE(LAYER,ELEMENT)  ***

 1.LAYER                   7.41  0.00  0.00  0.00  0.00     30.00   0.00   0.00   0.00   0.00     0.10  0.00  0.00  0.00  0.00


       INTERACTION POTENTIAL : PROJECTILE-TARGET : KR-C POTENTIAL     TARGET-TARGET : KR-C POTENTIAL    


       INELASTIC LOSS MODEL  : PROJECTILE-TARGET : 50% LS 50% OR      TARGET-TARGET : 50% LS 50% OR     
1

                              * OUTPUT DATA *


                 HLM       HLMT        SU       SUT        XC        RT       SFE      INEL         L        LJ
               0.0000 10000.000    3.5029 10003.503   -3.5029  9900.000      7.41         0         1         1


                NPROJ       KIB       KIT      MAXA      NALL       NPA       NSA       KIS      KIST
                45625         0         0       297  49051712   2527415  27453723     98160         0


            EPS0(I)       Z2(I)       M2(I)     ARHO(I)       LM(I)     PMAX(I)     ASIG(I)       SB(I)       XX(I)        NJ(I)

 1.LAYER   0.5134E-01  0.6000E+01  0.1201E+02  0.1128E+00  0.2070E+01  0.1168E+01  0.2335E+00  0.7410E+01  0.1000E+05         1


             A1(1)   A1(2)   A1(3)   A1(4)   A1(5)   A1(6)   A1(7)   A1(8)   A1(9)  A1(10)  A1(11)  A1(12)  A1(13)  A1(14)  A1(15)

           0.13193


           KOR1(1) KOR1(2) KOR1(3) KOR1(4) KOR1(5) KOR1(6) KOR1(7) KOR1(8) KOR1(9) KOR1(A) KOR1(B) KOR1(C) KOR1(D) KOR1(E) KOR1(F)

           0.73577


            A(I,1)  A(I,2)  A(I,3)  A(I,4)  A(I,5)  A(I,6)  A(I,7)  A(I,8)  A(I,9) A(I,10) A(I,11) A(I,12) A(I,13) A(I,14) A(I,15)

           0.16242


           KOR(,1) KOR(,2) KOR(,3) KOR(,4) KOR(,5) KOR(,6) KOR(,7) KOR(,8) KOR(,9) KOR(,A) KOR(,B) KOR(,C) KOR(,D) KOR(,E) KOR(,F)

           0.46963
1

         IMPLANTED PARTICLES=  99999     ENERGY=0.2618E+09 EV
     BACKSCATTERED PARTICLES=      0     ENERGY=0.0000E+00 EV
       TRANSMITTED PARTICLES=      0     ENERGY=0.0000E+00 EV
     BACKSPUTTERED PARTICLES=  52133     ENERGY=0.1338E+07 EV
    TRANSM. SPUTT. PARTICLES=      0     ENERGY=0.0000E+00 EV


  PROJECTILES :   MEAN NUMBER OF ELASTIC COLLISIONS =     27.5   MEAN NUMBER OF EL.COLL.(E > EDISPL.) =   12.235
                                                                 MEAN NUMBER OF EL.COLL.(E > SB(1))   =   23.042

                       MEAN        VARIANCE      SKEWNESS      KURTOSIS        SIGMA       ERROR 1.M     ERROR 2.M     ERROR 3.M 
  PENETRATION       4.7313E+01    2.1085E+02    4.2897E-01    3.0439E+00    1.4521E+01    4.5918E-02    9.5322E-01    7.4236E-03
       SPREAD       1.5582E+01    7.4228E+01    7.8906E-01    3.6778E+00    8.6155E+00    2.7245E-02    3.8411E-01    9.6333E-03
   PATHLENGTH       5.4979E+01    2.3703E+02    3.6751E-01    2.9556E+00    1.5396E+01    4.8686E-02    1.0482E+00    7.1879E-03
 ELASTIC LOSS       2.4511E+03    3.2132E+03                                5.6685E+01    5.6686E-04
   INEL. LOSS       1.6686E+02    3.2132E+03                                5.6685E+01    5.6686E-04

                       MEAN        VARIANCE      SKEWNESS      KURTOSIS        SIGMA       ERROR 1.M     ERROR 2.M     ERROR 3.M 
   ELAST.LOSS       8.6265E+01    3.0890E+04    4.3758E+00    2.7125E+01    1.7576E+02    1.0600E-01    9.5220E+01    6.6139E-03
 WEAK EL.LOSS       2.8874E+00    6.1762E+00    1.3110E+00    4.2572E+00    2.4852E+00    1.4988E-03    6.7225E-03    1.3619E-03
 INELAST.LOSS       6.0689E+00    1.3093E+01    2.5783E-02    1.9873E+00    3.6185E+00    2.1823E-03    7.8463E-03    9.2834E-04
  SUBTHR.LOSS       1.2773E+01    5.6314E+01    4.6028E-01    2.2800E+00    7.5042E+00    6.0751E-03    5.1578E-02    1.1998E-03

                     1.MOMENT      2.MOMENT      3.MOMENT      4.MOMENT      5.MOMENT      6.MOMENT 
  PENETRATION       4.7313E+01    2.4494E+03    1.3715E+05    8.2267E+06    5.2438E+08    3.5281E+10



  RECOILES (PER PROJ.)   :   MEAN NUMBER OF ELASTIC COLLISIONS =    484.3   MEAN NUMBER OF EL.COLL.(E > EDISPL.) =     23.999
                                                                            MEAN NUMBER OF EL.COLL.(E > SB(1))   =    150.802

  RECOILES (PER KNOCKON) :   MEAN NUMBER OF ELASTIC COLLISIONS =    1.615   MEAN NUMBER OF EL.COLL.(E > EDISPL.) =      0.080
                                                                            MEAN NUMBER OF EL.COLL.(E > SB(1))   =      0.503

1


     DEPTH(A)  PARTICLES  NORM.DEPTH PATHLENGTH   INLOSS(EV)  TELOSS(EV)  ELLOSS(EV)  DAMAGE(EV)  PHONON(EV)  CASCAD(EV)     DPA

    -SU-    0.         0  0.0000E+00
     0.-    2.         0  0.0000E+00         0    1.0387E+06  1.3013E+07  1.2914E+07  1.2344E+07  5.7013E+05  1.0215E+07   42274
     2.-    4.         0  0.0000E+00         0    1.0315E+06  1.2660E+07  1.2554E+07  1.1978E+07  5.7652E+05  9.9310E+06   43035
     4.-    6.         0  0.0000E+00         0    1.0056E+06  1.2573E+07  1.2458E+07  1.1871E+07  5.8752E+05  9.8581E+06   44207
     6.-    8.         0  0.0000E+00         0    9.7695E+05  1.2557E+07  1.2432E+07  1.1833E+07  5.9853E+05  9.8382E+06   45362
     8.-   10.         4  0.4000E-04         0    9.4613E+05  1.2231E+07  1.2094E+07  1.1484E+07  6.0949E+05  9.5685E+06   46744
    10.-   12.        26  0.2600E-03         0    9.1445E+05  1.2146E+07  1.1993E+07  1.1371E+07  6.2267E+05  9.4843E+06   47838
    12.-   14.        73  0.7300E-03         4    8.8093E+05  1.1982E+07  1.1812E+07  1.1167E+07  6.4505E+05  9.3286E+06   48906
    14.-   16.       181  0.1810E-02        14    8.4726E+05  1.1684E+07  1.1494E+07  1.0833E+07  6.6107E+05  9.0687E+06   50409
    16.-   18.       351  0.3510E-02        40    8.1064E+05  1.1424E+07  1.1211E+07  1.0527E+07  6.8401E+05  8.8244E+06   51322
    18.-   20.       592  0.5920E-02       108    7.7516E+05  1.1159E+07  1.0922E+07  1.0220E+07  7.0236E+05  8.5823E+06   52434
    20.-   22.      1013  0.1013E-01       218    7.3496E+05  1.0930E+07  1.0669E+07  9.9542E+06  7.1528E+05  8.3711E+06   53263
    22.-   24.      1398  0.1398E-01       425    6.9568E+05  1.0434E+07  1.0148E+07  9.3961E+06  7.5166E+05  7.9166E+06   53167
    24.-   26.      1901  0.1901E-01       654    6.5198E+05  9.9530E+06  9.6442E+06  8.8848E+06  7.5932E+05  7.4983E+06   52955
    26.-   28.      2491  0.2491E-01       979    6.1012E+05  9.5022E+06  9.1730E+06  8.3952E+06  7.7780E+05  7.0952E+06   52146
    28.-   30.      3012  0.3012E-01      1446    5.6603E+05  9.0739E+06  8.7301E+06  7.9502E+06  7.7993E+05  6.7268E+06   51134
    30.-   32.      3549  0.3549E-01      1831    5.2180E+05  8.4440E+06  8.0872E+06  7.3062E+06  7.8099E+05  6.1914E+06   49355
    32.-   34.      4098  0.4098E-01      2356    4.7668E+05  7.8617E+06  7.5001E+06  6.7355E+06  7.6464E+05  5.7156E+06   47371
    34.-   36.      4550  0.4550E-01      2761    4.3486E+05  7.3325E+06  6.9679E+06  6.2135E+06  7.5442E+05  5.2781E+06   45017
    36.-   38.      4994  0.4994E-01      3373    3.8990E+05  6.6507E+06  6.2928E+06  5.5650E+06  7.2774E+05  4.7326E+06   41764
    38.-   40.      5143  0.5143E-01      3823    3.4895E+05  6.0140E+06  5.6652E+06  4.9694E+06  6.9581E+05  4.2330E+06   39018
    40.-   42.      5356  0.5356E-01      4160    3.1087E+05  5.4523E+06  5.1151E+06  4.4510E+06  6.6415E+05  3.7954E+06   35865
    42.-   44.      5386  0.5386E-01      4420    2.7345E+05  4.8104E+06  4.4883E+06  3.8660E+06  6.2228E+05  3.3011E+06   32663
    44.-   46.      5310  0.5310E-01      4402    2.3813E+05  4.2869E+06  3.9865E+06  3.4121E+06  5.7442E+05  2.9153E+06   29377
    46.-   48.      5321  0.5321E-01      4594    2.0614E+05  3.7719E+06  3.4905E+06  2.9655E+06  5.2504E+05  2.5364E+06   26373
    48.-   50.      5157  0.5157E-01      4748    1.7825E+05  3.2759E+06  3.0187E+06  2.5368E+06  4.8188E+05  2.1721E+06   23237
    50.-   52.      4816  0.4816E-01      4825    1.5074E+05  2.8115E+06  2.5773E+06  2.1416E+06  4.3567E+05  1.8351E+06   20080
    52.-   54.      4618  0.4618E-01      4855    1.2776E+05  2.4025E+06  2.1938E+06  1.8106E+06  3.8316E+05  1.5533E+06   17500
    54.-   56.      4267  0.4267E-01      4854    1.0677E+05  2.0419E+06  1.8567E+06  1.5214E+06  3.3525E+05  1.3058E+06   15096
    56.-   58.      3891  0.3891E-01      4765    8.8734E+04  1.6998E+06  1.5375E+06  1.2436E+06  2.9389E+05  1.0685E+06   12660
    58.-   60.      3518  0.3518E-01      4514    7.3257E+04  1.4202E+06  1.2788E+06  1.0238E+06  2.5507E+05  8.8063E+05   10771
    60.-   62.      3059  0.3059E-01      4432    5.9507E+04  1.1689E+06  1.0470E+06  8.2851E+05  2.1851E+05  7.1300E+05    8870
    62.-   64.      2697  0.2697E-01      4054    4.7745E+04  9.4880E+05  8.4687E+05  6.6298E+05  1.8389E+05  5.7067E+05    7179
    64.-   66.      2362  0.2362E-01      3473    3.8304E+04  7.6425E+05  6.7863E+05  5.2548E+05  1.5315E+05  4.5288E+05    5844
    66.-   68.      2132  0.2132E-01      3077    3.0405E+04  6.2046E+05  5.4905E+05  4.2284E+05  1.2621E+05  3.6467E+05    4748
    68.-   70.      1661  0.1661E-01      3197    2.3431E+04  4.7810E+05  4.2062E+05  3.1955E+05  1.0108E+05  2.7583E+05    3718
    70.-   72.      1442  0.1442E-01      2936    1.8451E+04  3.7450E+05  3.2717E+05  2.4355E+05  8.3624E+04  2.1049E+05    2931
    72.-   74.      1203  0.1203E-01      2591    1.4113E+04  2.9190E+05  2.5431E+05  1.8762E+05  6.6687E+04  1.6210E+05    2244
    74.-   76.      1003  0.1003E-01      2142    1.0723E+04  2.2492E+05  1.9554E+05  1.4310E+05  5.2440E+04  1.2367E+05    1731
    76.-   78.       785  0.7850E-02      1981    8.1532E+03  1.6768E+05  1.4457E+05  1.0240E+05  4.2168E+04  8.8521E+04    1277
    78.-   80.       621  0.6210E-02      1538    6.0663E+03  1.2678E+05  1.0900E+05  7.7320E+04  3.1681E+04  6.6905E+04     979
    80.-   82.       491  0.4910E-02      1342    4.5306E+03  9.3568E+04  7.9875E+04  5.5009E+04  2.4866E+04  4.7654E+04     708
    82.-   84.       374  0.3740E-02      1121    3.3459E+03  6.9872E+04  5.9637E+04  4.0972E+04  1.8666E+04  3.5489E+04     533
    84.-   86.       280  0.2800E-02       908    2.5326E+03  5.4101E+04  4.6149E+04  3.2189E+04  1.3959E+04  2.7869E+04     423
    86.-   88.       233  0.2330E-02       743    1.8649E+03  4.0230E+04  3.4108E+04  2.3420E+04  1.0688E+04  2.0320E+04     322
    88.-   90.       154  0.1540E-02       542    1.2607E+03  2.7384E+04  2.3140E+04  1.5733E+04  7.4071E+03  1.3619E+04     210
    90.-   92.       147  0.1470E-02       420    9.1966E+02  2.1480E+04  1.8234E+04  1.2307E+04  5.9271E+03  1.0663E+04     158
    92.-   94.        91  0.9100E-03       361    6.4471E+02  1.5562E+04  1.3082E+04  9.2193E+03  3.8632E+03  8.0040E+03     126
    94.-   96.        79  0.7900E-03       243    4.3129E+02  9.7244E+03  7.9597E+03  4.7670E+03  3.1928E+03  4.1530E+03      72
    96.-   98.        61  0.6100E-03       195    2.9898E+02  6.5162E+03  5.2076E+03  2.7188E+03  2.4888E+03  2.3732E+03      45
    98.-  100.        39  0.3900E-03       162    1.5975E+02  3.6333E+03  2.8765E+03  1.5520E+03  1.3244E+03  1.3574E+03      28
   100.-  102.        21  0.2100E-03       100    1.0774E+02  2.7115E+03  2.1792E+03  1.1747E+03  1.0045E+03  1.0265E+03      19
   102.-  104.        17  0.1700E-03        89    5.8788E+01  1.3856E+03  1.0960E+03  6.5612E+02  4.3991E+02  5.7468E+02      12
   104.-  106.        16  0.1600E-03        55    3.6908E+01  6.6471E+02  4.4873E+02  8.5392E+01  3.6334E+02  7.5329E+01       2
   106.-  108.         7  0.7000E-04        46    2.4829E+01  4.7792E+02  3.6597E+02  1.5987E+02  2.0610E+02  1.4009E+02       3
   108.-  110.         3  0.3000E-04        31    8.6892E+00  1.2873E+02  8.5180E+01  0.0000E+00  8.5180E+01  0.0000E+00       0
   110.-  112.         2  0.2000E-04        21    1.3138E+01  2.0473E+02  1.7207E+02  1.2495E+02  4.7119E+01  1.1024E+02       3
   112.-  114.         0  0.0000E+00         8    6.8576E+00  1.4974E+02  1.2554E+02  1.1276E+02  1.2778E+01  9.8929E+01       2
   114.-  116.         0  0.0000E+00         3    6.1394E+00  1.8273E+02  1.5723E+02  1.4740E+02  9.8360E+00  1.2850E+02       2
   116.-  118.         1  0.1000E-04         7    3.9548E+00  1.3103E+02  1.0449E+02  7.9940E+01  2.4551E+01  6.9616E+01       1
   118.-  120.         0  0.0000E+00         4    2.1627E+00  4.7387E+01  3.5027E+01  0.0000E+00  3.5027E+01  0.0000E+00       0
   120.-  122.         1  0.1000E-04         2    1.4791E+00  5.0605E+01  3.5302E+01  0.0000E+00  3.5302E+01  0.0000E+00       0
   122.-  124.         1  0.1000E-04         2    3.1281E-01  9.0449E+00  5.2601E+00  0.0000E+00  5.2601E+00  0.0000E+00       0
   124.-  126.         0  0.0000E+00         1    0.0000E+00  0.0000E+00  0.0000E+00  0.0000E+00  0.0000E+00  0.0000E+00       0
   126.-  128.         0  0.0000E+00         1    0.0000E+00  0.0000E+00  0.0000E+00  0.0000E+00  0.0000E+00  0.0000E+00       0
   128.-  130.         0  0.0000E+00         1    0.0000E+00  0.0000E+00  0.0000E+00  0.0000E+00  0.0000E+00  0.0000E+00       0
   130.-  132.         0  0.0000E+00         0    0.0000E+00  0.0000E+00  0.0000E+00  0.0000E+00  0.0000E+00  0.0000E+00       0
   132.-  134.         0  0.0000E+00         0    0.0000E+00  0.0000E+00  0.0000E+00  0.0000E+00  0.0000E+00  0.0000E+00       0
   134.-  136.         0  0.0000E+00         1    0.0000E+00  0.0000E+00  0.0000E+00  0.0000E+00  0.0000E+00  0.0000E+00       0
   136.-  138.         0  0.0000E+00         0    0.0000E+00  0.0000E+00  0.0000E+00  0.0000E+00  0.0000E+00  0.0000E+00       0
   138.-  140.         0  0.0000E+00         0    0.0000E+00  0.0000E+00  0.0000E+00  0.0000E+00  0.0000E+00  0.0000E+00       0
   140.-  142.         0  0.0000E+00         0    0.0000E+00  0.0000E+00  0.0000E+00  0.0000E+00  0.0000E+00  0.0000E+00       0
   142.-  144.         0  0.0000E+00         0    0.0000E+00  0.0000E+00  0.0000E+00  0.0000E+00  0.0000E+00  0.0000E+00       0
   144.-  146.         0  0.0000E+00         0    0.0000E+00  0.0000E+00  0.0000E+00  0.0000E+00  0.0000E+00  0.0000E+00       0
   146.-  148.         0  0.0000E+00         0    0.0000E+00  0.0000E+00  0.0000E+00  0.0000E+00  0.0000E+00  0.0000E+00       0
   148.-  150.         0  0.0000E+00         0    0.0000E+00  0.0000E+00  0.0000E+00  0.0000E+00  0.0000E+00  0.0000E+00       0
   150.-  152.         0  0.0000E+00         0    0.0000E+00  0.0000E+00  0.0000E+00  0.0000E+00  0.0000E+00  0.0000E+00       0
   152.-  154.         0  0.0000E+00         0    0.0000E+00  0.0000E+00  0.0000E+00  0.0000E+00  0.0000E+00  0.0000E+00       0
   154.-  156.         0  0.0000E+00         0    0.0000E+00  0.0000E+00  0.0000E+00  0.0000E+00  0.0000E+00  0.0000E+00       0
   156.-  158.         0  0.0000E+00         0    0.0000E+00  0.0000E+00  0.0000E+00  0.0000E+00  0.0000E+00  0.0000E+00       0
   158.-  160.         0  0.0000E+00         0    0.0000E+00  0.0000E+00  0.0000E+00  0.0000E+00  0.0000E+00  0.0000E+00       0
   160.-  162.         0  0.0000E+00         0    0.0000E+00  0.0000E+00  0.0000E+00  0.0000E+00  0.0000E+00  0.0000E+00       0
   162.-  164.         0  0.0000E+00         0    0.0000E+00  0.0000E+00  0.0000E+00  0.0000E+00  0.0000E+00  0.0000E+00       0
   164.-  166.         0  0.0000E+00         0    0.0000E+00  0.0000E+00  0.0000E+00  0.0000E+00  0.0000E+00  0.0000E+00       0
   166.-  168.         0  0.0000E+00         0    0.0000E+00  0.0000E+00  0.0000E+00  0.0000E+00  0.0000E+00  0.0000E+00       0
   168.-  170.         0  0.0000E+00         0    0.0000E+00  0.0000E+00  0.0000E+00  0.0000E+00  0.0000E+00  0.0000E+00       0
   170.-  172.         0  0.0000E+00         0    0.0000E+00  0.0000E+00  0.0000E+00  0.0000E+00  0.0000E+00  0.0000E+00       0
   172.-  174.         0  0.0000E+00         0    0.0000E+00  0.0000E+00  0.0000E+00  0.0000E+00  0.0000E+00  0.0000E+00       0
   174.-  176.         0  0.0000E+00         0    0.0000E+00  0.0000E+00  0.0000E+00  0.0000E+00  0.0000E+00  0.0000E+00       0
   176.-  178.         0  0.0000E+00         0    0.0000E+00  0.0000E+00  0.0000E+00  0.0000E+00  0.0000E+00  0.0000E+00       0
   178.-  180.         0  0.0000E+00         0    0.0000E+00  0.0000E+00  0.0000E+00  0.0000E+00  0.0000E+00  0.0000E+00       0
   180.-  182.         0  0.0000E+00         0    0.0000E+00  0.0000E+00  0.0000E+00  0.0000E+00  0.0000E+00  0.0000E+00       0
   182.-  184.         0  0.0000E+00         0    0.0000E+00  0.0000E+00  0.0000E+00  0.0000E+00  0.0000E+00  0.0000E+00       0
   184.-  186.         0  0.0000E+00         0    0.0000E+00  0.0000E+00  0.0000E+00  0.0000E+00  0.0000E+00  0.0000E+00       0
   186.-  188.         0  0.0000E+00         0    0.0000E+00  0.0000E+00  0.0000E+00  0.0000E+00  0.0000E+00  0.0000E+00       0
   188.-  190.         0  0.0000E+00         0    0.0000E+00  0.0000E+00  0.0000E+00  0.0000E+00  0.0000E+00  0.0000E+00       0
   190.-  192.         0  0.0000E+00         0    0.0000E+00  0.0000E+00  0.0000E+00  0.0000E+00  0.0000E+00  0.0000E+00       0
   192.-  194.         0  0.0000E+00         0    0.0000E+00  0.0000E+00  0.0000E+00  0.0000E+00  0.0000E+00  0.0000E+00       0
   194.-  196.         0  0.0000E+00         0    0.0000E+00  0.0000E+00  0.0000E+00  0.0000E+00  0.0000E+00  0.0000E+00       0
   196.-  198.         0  0.0000E+00         0    0.0000E+00  0.0000E+00  0.0000E+00  0.0000E+00  0.0000E+00  0.0000E+00       0
   198.-  200.         0  0.0000E+00         0    0.0000E+00  0.0000E+00  0.0000E+00  0.0000E+00  0.0000E+00  0.0000E+00       0
   200.-   SUT         0  0.0000E+00

                   99999  1.0000E+00     99999    1.6686E+07  2.4511E+08  2.3717E+08  2.1768E+08  1.9490E+07  1.8302E+08 1223533
1
     RECOILS



     DEPTH(A)     INLOSS(EV)   TELOSS(EV)   ELLOSS(EV)   DAMAGE(EV)   PHONON(EV)     DPA  DPA(1)  DPA(2)

     0.-    2.    3.1185E+05   5.5877E+06   4.4489E+06   1.0445E+06   3.4044E+06   17537   17537       0
     2.-    4.    5.4073E+05   8.7505E+06   7.2660E+06   2.4971E+06   4.7689E+06   35559   35559       0
     4.-    6.    7.5064E+05   1.1632E+07   9.7446E+06   3.6074E+06   6.1372E+06   49065   49065       0
     6.-    8.    9.2591E+05   1.4106E+07   1.1856E+07   4.5305E+06   7.3255E+06   60018   60018       0
     8.-   10.    1.0744E+06   1.6225E+07   1.3654E+07   5.2782E+06   8.3762E+06   69113   69113       0
    10.-   12.    1.1967E+06   1.8001E+07   1.5154E+07   5.8786E+06   9.2750E+06   77285   77285       0
    12.-   14.    1.3038E+06   1.9575E+07   1.6486E+07   6.4223E+06   1.0063E+07   84076   84076       0
    14.-   16.    1.3942E+06   2.0979E+07   1.7670E+07   6.8701E+06   1.0800E+07   89655   89655       0
    16.-   18.    1.4666E+06   2.2132E+07   1.8631E+07   7.2108E+06   1.1420E+07   94252   94252       0
    18.-   20.    1.5232E+06   2.3120E+07   1.9453E+07   7.5216E+06   1.1931E+07   98274   98274       0
    20.-   22.    1.5691E+06   2.3838E+07   2.0038E+07   7.6657E+06   1.2372E+07  101436  101436       0
    22.-   24.    1.5953E+06   2.4401E+07   2.0498E+07   7.7877E+06   1.2711E+07  103467  103467       0
    24.-   26.    1.6079E+06   2.4682E+07   2.0709E+07   7.7890E+06   1.2920E+07  104505  104505       0
    26.-   28.    1.6022E+06   2.4760E+07   2.0744E+07   7.7129E+06   1.3031E+07  103744  103744       0
    28.-   30.    1.5870E+06   2.4711E+07   2.0695E+07   7.6813E+06   1.3013E+07  103757  103757       0
    30.-   32.    1.5598E+06   2.4404E+07   2.0419E+07   7.5108E+06   1.2908E+07  102105  102105       0
    32.-   34.    1.5128E+06   2.3812E+07   1.9892E+07   7.2225E+06   1.2669E+07   99349   99349       0
    34.-   36.    1.4579E+06   2.3071E+07   1.9247E+07   6.8940E+06   1.2353E+07   95395   95395       0
    36.-   38.    1.3885E+06   2.2104E+07   1.8416E+07   6.5248E+06   1.1891E+07   90356   90356       0
    38.-   40.    1.3140E+06   2.1025E+07   1.7503E+07   6.1673E+06   1.1336E+07   86100   86100       0
    40.-   42.    1.2356E+06   1.9863E+07   1.6517E+07   5.7535E+06   1.0763E+07   80544   80544       0
    42.-   44.    1.1490E+06   1.8602E+07   1.5457E+07   5.3581E+06   1.0099E+07   75323   75323       0
    44.-   46.    1.0588E+06   1.7186E+07   1.4253E+07   4.8508E+06   9.4022E+06   69086   69086       0
    46.-   48.    9.6894E+05   1.5815E+07   1.3107E+07   4.4342E+06   8.6727E+06   63043   63043       0
    48.-   50.    8.8221E+05   1.4508E+07   1.2024E+07   4.0942E+06   7.9296E+06   58058   58058       0
    50.-   52.    7.9814E+05   1.3138E+07   1.0881E+07   3.6687E+06   7.2122E+06   52512   52512       0
    52.-   54.    7.1581E+05   1.1797E+07   9.7549E+06   3.2429E+06   6.5119E+06   46959   46959       0
    54.-   56.    6.3534E+05   1.0557E+07   8.7292E+06   2.9087E+06   5.8204E+06   41752   41752       0
    56.-   58.    5.6107E+05   9.3112E+06   7.6869E+06   2.5146E+06   5.1723E+06   36522   36522       0
    58.-   60.    4.9157E+05   8.1888E+06   6.7536E+06   2.1901E+06   4.5635E+06   31799   31799       0
    60.-   62.    4.2940E+05   7.1436E+06   5.8897E+06   1.9004E+06   3.9894E+06   27691   27691       0
    62.-   64.    3.7107E+05   6.1914E+06   5.1030E+06   1.6466E+06   3.4564E+06   24026   24026       0
    64.-   66.    3.2078E+05   5.3507E+06   4.4105E+06   1.4287E+06   2.9817E+06   20776   20776       0
    66.-   68.    2.7271E+05   4.5461E+06   3.7434E+06   1.2012E+06   2.5422E+06   17561   17561       0
    68.-   70.    2.3314E+05   3.8858E+06   3.2009E+06   1.0258E+06   2.1751E+06   15029   15029       0
    70.-   72.    1.9784E+05   3.2942E+06   2.7154E+06   8.7944E+05   1.8359E+06   12630   12630       0
    72.-   74.    1.6766E+05   2.7868E+06   2.2985E+06   7.4999E+05   1.5485E+06   10880   10880       0
    74.-   76.    1.4026E+05   2.3309E+06   1.9214E+06   6.2235E+05   1.2991E+06    9088    9088       0
    76.-   78.    1.1862E+05   1.9734E+06   1.6279E+06   5.3214E+05   1.0957E+06    7779    7779       0
    78.-   80.    9.9227E+04   1.6431E+06   1.3545E+06   4.3544E+05   9.1906E+05    6288    6288       0
    80.-   82.    8.2242E+04   1.3660E+06   1.1274E+06   3.7331E+05   7.5411E+05    5281    5281       0
    82.-   84.    6.8439E+04   1.1314E+06   9.3398E+05   3.1181E+05   6.2217E+05    4492    4492       0
    84.-   86.    5.6843E+04   9.3782E+05   7.7644E+05   2.6349E+05   5.1295E+05    3795    3795       0
    86.-   88.    4.7584E+04   7.8511E+05   6.5080E+05   2.2360E+05   4.2721E+05    3240    3240       0
    88.-   90.    3.9427E+04   6.4613E+05   5.3458E+05   1.7915E+05   3.5543E+05    2578    2578       0
    90.-   92.    3.2402E+04   5.3179E+05   4.3944E+05   1.4794E+05   2.9149E+05    2181    2181       0
    92.-   94.    2.6569E+04   4.3273E+05   3.5792E+05   1.1884E+05   2.3907E+05    1729    1729       0
    94.-   96.    2.1734E+04   3.5364E+05   2.9323E+05   9.8555E+04   1.9467E+05    1415    1415       0
    96.-   98.    1.7888E+04   2.8824E+05   2.3941E+05   8.2225E+04   1.5719E+05    1190    1190       0
    98.-  100.    1.3816E+04   2.1839E+05   1.8287E+05   6.7765E+04   1.1510E+05     942     942       0
   100.-  102.    7.7116E+03   1.1640E+05   9.9490E+04   4.2666E+04   5.6824E+04     579     579       0
   102.-  104.    2.8431E+02   3.3338E+03   2.7399E+03   9.6441E+02   1.7755E+03      13      13       0
   104.-  106.    0.0000E+00   0.0000E+00   0.0000E+00   0.0000E+00   0.0000E+00       0       0       0
   106.-  108.    0.0000E+00   0.0000E+00   0.0000E+00   0.0000E+00   0.0000E+00       0       0       0
   108.-  110.    0.0000E+00   0.0000E+00   0.0000E+00   0.0000E+00   0.0000E+00       0       0       0
   110.-  112.    0.0000E+00   0.0000E+00   0.0000E+00   0.0000E+00   0.0000E+00       0       0       0
   112.-  114.    0.0000E+00   0.0000E+00   0.0000E+00   0.0000E+00   0.0000E+00       0       0       0
   114.-  116.    0.0000E+00   0.0000E+00   0.0000E+00   0.0000E+00   0.0000E+00       0       0       0
   116.-  118.    0.0000E+00   0.0000E+00   0.0000E+00   0.0000E+00   0.0000E+00       0       0       0
   118.-  120.    0.0000E+00   0.0000E+00   0.0000E+00   0.0000E+00   0.0000E+00       0       0       0
   120.-  122.    0.0000E+00   0.0000E+00   0.0000E+00   0.0000E+00   0.0000E+00       0       0       0
   122.-  124.    0.0000E+00   0.0000E+00   0.0000E+00   0.0000E+00   0.0000E+00       0       0       0
   124.-  126.    0.0000E+00   0.0000E+00   0.0000E+00   0.0000E+00   0.0000E+00       0       0       0
   126.-  128.    0.0000E+00   0.0000E+00   0.0000E+00   0.0000E+00   0.0000E+00       0       0       0
   128.-  130.    0.0000E+00   0.0000E+00   0.0000E+00   0.0000E+00   0.0000E+00       0       0       0
   130.-  132.    0.0000E+00   0.0000E+00   0.0000E+00   0.0000E+00   0.0000E+00       0       0       0
   132.-  134.    0.0000E+00   0.0000E+00   0.0000E+00   0.0000E+00   0.0000E+00       0       0       0
   134.-  136.    0.0000E+00   0.0000E+00   0.0000E+00   0.0000E+00   0.0000E+00       0       0       0
   136.-  138.    0.0000E+00   0.0000E+00   0.0000E+00   0.0000E+00   0.0000E+00       0       0       0
   138.-  140.    0.0000E+00   0.0000E+00   0.0000E+00   0.0000E+00   0.0000E+00       0       0       0
   140.-  142.    0.0000E+00   0.0000E+00   0.0000E+00   0.0000E+00   0.0000E+00       0       0       0
   142.-  144.    0.0000E+00   0.0000E+00   0.0000E+00   0.0000E+00   0.0000E+00       0       0       0
   144.-  146.    0.0000E+00   0.0000E+00   0.0000E+00   0.0000E+00   0.0000E+00       0       0       0
   146.-  148.    0.0000E+00   0.0000E+00   0.0000E+00   0.0000E+00   0.0000E+00       0       0       0
   148.-  150.    0.0000E+00   0.0000E+00   0.0000E+00   0.0000E+00   0.0000E+00       0       0       0
   150.-  152.    0.0000E+00   0.0000E+00   0.0000E+00   0.0000E+00   0.0000E+00       0       0       0
   152.-  154.    0.0000E+00   0.0000E+00   0.0000E+00   0.0000E+00   0.0000E+00       0       0       0
   154.-  156.    0.0000E+00   0.0000E+00   0.0000E+00   0.0000E+00   0.0000E+00       0       0       0
   156.-  158.    0.0000E+00   0.0000E+00   0.0000E+00   0.0000E+00   0.0000E+00       0       0       0
   158.-  160.    0.0000E+00   0.0000E+00   0.0000E+00   0.0000E+00   0.0000E+00       0       0       0
   160.-  162.    0.0000E+00   0.0000E+00   0.0000E+00   0.0000E+00   0.0000E+00       0       0       0
   162.-  164.    0.0000E+00   0.0000E+00   0.0000E+00   0.0000E+00   0.0000E+00       0       0       0
   164.-  166.    0.0000E+00   0.0000E+00   0.0000E+00   0.0000E+00   0.0000E+00       0       0       0
   166.-  168.    0.0000E+00   0.0000E+00   0.0000E+00   0.0000E+00   0.0000E+00       0       0       0
   168.-  170.    0.0000E+00   0.0000E+00   0.0000E+00   0.0000E+00   0.0000E+00       0       0       0
   170.-  172.    0.0000E+00   0.0000E+00   0.0000E+00   0.0000E+00   0.0000E+00       0       0       0
   172.-  174.    0.0000E+00   0.0000E+00   0.0000E+00   0.0000E+00   0.0000E+00       0       0       0
   174.-  176.    0.0000E+00   0.0000E+00   0.0000E+00   0.0000E+00   0.0000E+00       0       0       0
   176.-  178.    0.0000E+00   0.0000E+00   0.0000E+00   0.0000E+00   0.0000E+00       0       0       0
   178.-  180.    0.0000E+00   0.0000E+00   0.0000E+00   0.0000E+00   0.0000E+00       0       0       0
   180.-  182.    0.0000E+00   0.0000E+00   0.0000E+00   0.0000E+00   0.0000E+00       0       0       0
   182.-  184.    0.0000E+00   0.0000E+00   0.0000E+00   0.0000E+00   0.0000E+00       0       0       0
   184.-  186.    0.0000E+00   0.0000E+00   0.0000E+00   0.0000E+00   0.0000E+00       0       0       0
   186.-  188.    0.0000E+00   0.0000E+00   0.0000E+00   0.0000E+00   0.0000E+00       0       0       0
   188.-  190.    0.0000E+00   0.0000E+00   0.0000E+00   0.0000E+00   0.0000E+00       0       0       0
   190.-  192.    0.0000E+00   0.0000E+00   0.0000E+00   0.0000E+00   0.0000E+00       0       0       0
   192.-  194.    0.0000E+00   0.0000E+00   0.0000E+00   0.0000E+00   0.0000E+00       0       0       0
   194.-  196.    0.0000E+00   0.0000E+00   0.0000E+00   0.0000E+00   0.0000E+00       0       0       0
   196.-  198.    0.0000E+00   0.0000E+00   0.0000E+00   0.0000E+00   0.0000E+00       0       0       0
   198.-  200.    0.0000E+00   0.0000E+00   0.0000E+00   0.0000E+00   0.0000E+00       0       0       0

                  3.6945E+07   5.8184E+08   4.8559E+08   1.7517E+08   3.1042E+08 2399829 2399829       0
1     BACKWARD SPUTTERING



        ALL SPUTTERED PARTICLES =   52133   TOTAL SPUTTERED ENERGY = 0.1338E+07 EV


        SPUTTERED PARTICLES (1.LAYER) =   52133   SPUTTERED ENERGY = 0.1338E+07 EV


 1.LAYER
         SPUTTERED PARTICLES(1) =   52133     SPUTTERED ENERGY(1) = 0.1338E+07 EV

         ION IN , PRIMARY KO(1) =   10972   0.2105   0.2105    ENERGY = 0.4773E+06 EV   0.3568   0.3568    MEAN ENERGY = 0.4350E+02
         ION IN , SECOND. KO(1) =   41161   0.7895   0.7895    ENERGY = 0.8603E+06 EV   0.6432   0.6432    MEAN ENERGY = 0.2090E+02
        ION OUT , PRIMARY KO(1) =       0   0.0000   0.0000    ENERGY = 0.0000E+00 EV   0.0000   0.0000    MEAN ENERGY = 0.0000E+00
        ION OUT , SECOND. KO(1) =       0   0.0000   0.0000    ENERGY = 0.0000E+00 EV   0.0000   0.0000    MEAN ENERGY = 0.0000E+00


     SPUTTERING YIELD(1) =  5.213E-01  SPUTTERED ENERGY(1) =  5.109E-03  REL.MEAN ENERGY(1) =  9.800E-03  MEAN ENERGY(1) =  2.566E+01

                       MEAN        VARIANCE      SKEWNESS      KURTOSIS        SIGMA       ERROR 1.M     ERROR 2.M     ERROR 3.M 
    ENERGY(1)       2.5658E+01    1.2373E+03    3.6533E+00    2.3712E+01    3.5176E+01    1.5406E-01    2.5826E+01    8.8786E-02
 LOGENERGY(1)       1.1204E+00    2.7290E-01   -1.8507E-01    2.9875E+00    5.2240E-01    2.2882E-03    1.6852E-03    1.0402E-02

                     1.MOMENT      2.MOMENT      3.MOMENT      4.MOMENT      5.MOMENT      6.MOMENT 
    ENERGY(1)       2.5658E+01    1.8956E+03    2.7114E+05    5.7943E+07    1.6083E+10    5.3618E+12
 LOGENERGY(1)       1.1204E+00    1.5281E+00    2.2972E+00    3.7351E+00    6.4379E+00    1.1643E+01



     POLAR ANGULAR DISTRIBUTION OF ALL BACKWARD SPUTTERED PARTICLES


       0.00  0.00  0.00  0.00  0.00  0.00  0.00  0.00  0.00  0.00  0.00  0.00  0.00  0.00  0.00  0.00  0.00  0.00  0.00  0.00

        106   331   553   751  1040  1252  1576  1967  2268  2669  2912  3237  3478  3759  3894  4090  4385  4378  4556  4931
      0.041 0.127 0.212 0.288 0.399 0.480 0.605 0.755 0.870 1.024 1.117 1.242 1.334 1.442 1.494 1.569 1.682 1.680 1.748 1.892
1 LOG ENERGY - COS OF EMISSION ANGLE (0.05 STEPS)   (BACKWARD SPUTTERED PARTICLES) ; 1. LAYER ; SPECIES 1


   0.0000E+00    1    2    3    4    5    6    7    8    9   10   11   12   13   14   15   16   17   18   19   20     0  0.0000E+00
   0.1000E+00    0    0    0    1    0    0    0    0    1    2    0    1    0    2    1    0    1    0    0    1    10  0.1000E-02
   0.1212E+00    0    0    0    0    0    0    0    0    0    0    0    0    0    0    0    0    0    0    0    0     0  0.0000E+00
   0.1468E+00    0    0    0    0    0    0    0    0    0    0    0    0    0    0    0    0    0    0    0    0     0  0.0000E+00
   0.1778E+00    0    0    0    0    0    0    0    0    0    0    0    0    0    0    0    0    0    0    0    0     0  0.0000E+00
   0.2154E+00    0    0    0    0    0    0    0    0    0    0    0    0    0    0    0    0    0    0    0    0     0  0.0000E+00
   0.2610E+00    0    0    0    0    0    0    0    0    0    0    0    0    0    0    0    0    0    0    0    0     0  0.0000E+00
   0.3162E+00    0    0    0    0    0    0    0    0    0    0    0    0    0    0    0    0    0    0    0    0     0  0.0000E+00
   0.3831E+00    0    0    0    0    0    0    0    0    0    0    0    0    0    0    0    0    0    0    0    0     0  0.0000E+00
   0.4642E+00    0    0    0    0    0    0    0    0    0    0    0    0    0    0    0    0    0    0    0    0     0  0.0000E+00
   0.5623E+00    0    0    0    0    0    0    0    0    0    0    0    0    0    0    0    0    0    0    0    0     0  0.0000E+00
   0.6813E+00    0    0    0    0    0    0    0    0    0    0    0    0    0    0    0    0    0    0    0    0     0  0.0000E+00
   0.8254E+00    0    0    0    0    0    0    0    0    0    0    0    0    0    0    0    0    0    0    0    0     0  0.0000E+00
   0.1000E+01    0    0    0    0    0    0    0    0    0    0    0    0    0    0    0    0    0    0    0    0     0  0.0000E+00
   0.1212E+01    0    0    0    0    0    0    0    0    0    0    0    0    0    0    0    0    0    0    0    0     0  0.0000E+00
   0.1468E+01    0    0    0    0    0    0    0    0    0    0    0    0    0    0    0    0    0    0    0    0     0  0.0000E+00
   0.1778E+01    0    0    0    0    0    0    0    0    0    0    0    0    0    0    0    0    0    0    0    0     0  0.0000E+00
   0.2154E+01    0    0    0    0    0    0    0    0    0    0    0    0    0    0    0    0    0    0    0    0     0  0.0000E+00
   0.2610E+01    0    0    0    0    0    0    0    0    0    0    0    0    0    0    0    0    0    0    0    0     0  0.0000E+00
   0.3162E+01    0    0    0    0    0    0    0    0    0    0    0    0    0    0    0    0    0    0    0    0     0  0.0000E+00
   0.3831E+01    0    0    0    0    0    0    0    0    0    0    0    0    0    0    0    0    0    0    0    0     0  0.0000E+00
   0.4642E+01    0    0    0    0    0    0    0    0    0    0    0    0    0    0    0    0    0    0    0    0     0  0.0000E+00
   0.5623E+01    0    0    0    0    0    0    0    0    0    0    0    0    0    0    0    0    0    0    0    0     0  0.0000E+00
   0.6813E+01    0    0    0    0    0    0    0    0    0    0    0    0    0    0    0    0    0    0    0    0     0  0.0000E+00
   0.8254E+01    0    0    0    0    0    0    0    0    0    0    0    0    0    0    0    0    0    0    0    0     0  0.0000E+00
   0.1000E+02    0    0    0    0    0    0    0    0    0    0    0    0    0    0    0    0    0    0    0    0     0  0.0000E+00
   0.1212E+02    0    0    0    0    0    0    0    0    0    0    0    0    0    0    0    0    0    0    0    0     0  0.0000E+00
   0.1468E+02    0    0    0    0    0    0    0    0    0    0    0    0    0    0    0    0    0    0    0    0     0  0.0000E+00
   0.1778E+02    0    0    0    0    0    0    0    0    0    0    0    0    0    0    0    0    0    0    0    0     0  0.0000E+00
   0.2154E+02    0    0    0    0    0    0    0    0    0    0    0    0    0    0    0    0    0    0    0    0     0  0.0000E+00
   0.2610E+02    0    0    0    0    0    0    0    0    0    0    0    0    0    0    0    0    0    0    0    0     0  0.0000E+00
   0.3162E+02    0    0    0    0    0    0    0    0    0    0    0    0    0    0    0    0    0    0    0    0     0  0.0000E+00
   0.3831E+02    0    0    0    0    0    0    0    0    0    0    0    0    0    0    0    0    0    0    0    0     0  0.0000E+00
   0.4642E+02    0    0    0    0    0    0    0    0    0    0    0    0    0    0    0    0    0    0    0    0     0  0.0000E+00
   0.5623E+02    0    0    0    0    0    0    0    0    0    0    0    0    0    0    0    0    0    0    0    0     0  0.0000E+00
   0.6813E+02    0    0    0    0    0    0    0    0    0    0    0    0    0    0    0    0    0    0    0    0     0  0.0000E+00
   0.8254E+02    0    0    0    0    0    0    0    0    0    0    0    0    0    0    0    0    0    0    0    0     0  0.0000E+00
   0.1000E+03    0    0    0    0    0    0    0    0    0    0    0    0    0    0    0    0    0    0    0    0     0  0.0000E+00
   0.1212E+03    0    0    0    0    0    0    0    0    0    0    0    0    0    0    0    0    0    0    0    0     0  0.0000E+00
   0.1468E+03    0    0    0    0    0    0    0    0    0    0    0    0    0    0    0    0    0    0    0    0     0  0.0000E+00
   0.1778E+03    0    0    0    0    0    0    0    0    0    0    0    0    0    0    0    0    0    0    0    0     0  0.0000E+00
   0.2154E+03    0    0    0    0    0    0    0    0    0    0    0    0    0    0    0    0    0    0    0    0     0  0.0000E+00
   0.2610E+03    0    0    0    0    0    0    0    0    0    0    0    0    0    0    0    0    0    0    0    0     0  0.0000E+00
   0.3162E+03    0    0    0    0    0    0    0    0    0    0    0    0    0    0    0    0    0    0    0    0     0  0.0000E+00
   0.3831E+03    0    0    0    0    0    0    0    0    0    0    0    0    0    0    0    0    0    0    0    0     0  0.0000E+00
   0.4642E+03    0    0    0    0    0    0    0    0    0    0    0    0    0    0    0    0    0    0    0    0     0  0.0000E+00
   0.5623E+03    0    0    0    0    0    0    0    0    0    0    0    0    0    0    0    0    0    0    0    0     0  0.0000E+00
   0.6813E+03    0    0    0    0    0    0    0    0    0    0    0    0    0    0    0    0    0    0    0    0     0  0.0000E+00
   0.8254E+03    0    0    0    0    0    0    0    0    0    0    0    0    0    0    0    0    0    0    0    0     0  0.0000E+00
   0.1000E+04    0    0    0    0    0    0    0    0    0    0    0    0    0    0    0    0    0    0    0    0     0  0.0000E+00
   0.1212E+04    0    0    0    0    0    0    0    0    0    0    0    0    0    0    0    0    0    0    0    0     0  0.0000E+00
   0.1468E+04    0    0    0    0    0    0    0    0    0    0    0    0    0    0    0    0    0    0    0    0     0  0.0000E+00
   0.1778E+04    0    0    0    0    0    0    0    0    0    0    0    0    0    0    0    0    0    0    0    0     0  0.0000E+00
   0.2154E+04    0    0    0    0    0    0    0    0    0    0    0    0    0    0    0    0    0    0    0    0     0  0.0000E+00
   0.2610E+04    0    0    0    0    0    0    0    0    0    0    0    0    0    0    0    0    0    0    0    0     0  0.0000E+00
   0.3162E+04    0    0    0    0    0    0    0    0    0    0    0    0    0    0    0    0    0    0    0    0     0  0.0000E+00
   0.3831E+04    0    0    0    0    0    0    0    0    0    0    0    0    0    0    0    0    0    0    0    0     0  0.0000E+00
   0.4642E+04    0    0    0    0    0    0    0    0    0    0    0    0    0    0    0    0    0    0    0    0     0  0.0000E+00
   0.5623E+04    0    0    0    0    0    0    0    0    0    0    0    0    0    0    0    0    0    0    0    0     0  0.0000E+00
   0.6813E+04    0    0    0    0    0    0    0    0    0    0    0    0    0    0    0    0    0    0    0    0     0  0.0000E+00
   0.8254E+04    0    0    0    0    0    0    0    0    0    0    0    0    0    0    0    0    0    0    0    0     0  0.0000E+00
   0.1000E+05    0    0    0    0    0    0    0    0    0    0    0    0    0    0    0    0    0    0    0    0     0  0.0000E+00
   0.1212E+05    0    0    0    0    0    0    0    0    0    0    0    0    0    0    0    0    0    0    0    0     0  0.0000E+00
   0.1468E+05    0    0    0    0    0    0    0    0    0    0    0    0    0    0    0    0    0    0    0    0     0  0.0000E+00
   0.1778E+05    0    0    0    0    0    0    0    0    0    0    0    0    0    0    0    0    0    0    0    0     0  0.0000E+00
   0.2154E+05    0    0    0    0    0    0    0    0    0    0    0    0    0    0    0    0    0    0    0    0     0  0.0000E+00
   0.2610E+05    0    0    0    0    0    0    0    0    0    0    0    0    0    0    0    0    0    0    0    0     0  0.0000E+00
   0.3162E+05    0    0    0    0    0    0    0    0    0    0    0    0    0    0    0    0    0    0    0    0     0  0.0000E+00
   0.3831E+05    0    0    0    0    0    0    0    0    0    0    0    0    0    0    0    0    0    0    0    0     0  0.0000E+00
   0.4642E+05    0    0    0    0    0    0    0    0    0    0    0    0    0    0    0    0    0    0    0    0     0  0.0000E+00
   0.5623E+05    0    0    0    0    0    0    0    0    0    0    0    0    0    0    0    0    0    0    0    0     0  0.0000E+00
   0.6813E+05    0    0    0    0    0    0    0    0    0    0    0    0    0    0    0    0    0    0    0    0     0  0.0000E+00
   0.8254E+05    0    0    0    0    0    0    0    0    0    0    0    0    0    0    0    0    0    0    0    0     0  0.0000E+00
   0.1000E+06    0    0    0    0    0    0    0    0    0    0    0    0    0    0    0    0    0    0    0    0     0  0.0000E+00
   0.0000E+00  212  662 1106 1501 2080 2504 3152 3934 4535 5336 5824 6473 6956 7516 7787 8180 8769 8756 9112 9861104256  0.0000E+00
1ENERGY(E/E0 IN %) - POLAR ANGLE IN COS-INTERVALS (0.05)  (BACKWARD SPUTTERED PARTICLES) , 1.LAYER , SPECIES 1

     0    1    2    3    4    5    6    7    8    9   10   11   12   13   14   15   16   17   18   19   20      0
     1   77  266  430  555  757  890 1119 1330 1511 1761 1942 2140 2338 2503 2639 2922 3157 3266 3498 3806  36907
     2   18   39   80  122  146  193  252  312  398  475  486  608  611  710  657  641  722  649  632  745   8496
     3    2   20   27   40   71   87   79  134  158  176  228  223  240  249  288  254  256  255  230  221   3238
     4    7    4   11   15   31   37   45   72   87  116  105  102  123  120  136  123  116   87  104   81   1522
     5    0    1    1    7   14   20   31   45   44   53   51   63   61   59   62   79   50   48   48   34    771
     6    2    0    2    6    7   10   24   29   25   22   43   41   31   41   46   28   42   29   19   19    466
     7    0    0    1    5    6    3   12   13   15   21   30   20   27   33   31   20   18   18    8    8    289
     8    0    0    0    0    4    4    4    6   11   14    9   14   22   13   17    7    7   12    9    7    160
     9    0    1    1    1    4    3    6   10    6   11    6   10    8   16    5    3    6    4    3    6    110
    10    0    0    0    0    0    2    1    5    6    9    3    5    6    5    2    4    2    5    1    1     57
    11    0    0    0    0    0    1    0    3    2    0    4    4    1    3    1    2    3    4    0    0     28
    12    0    0    0    0    0    1    1    3    3    2    2    4    3    3    7    2    2    0    1    2     36
    13    0    0    0    0    0    1    1    0    1    4    1    2    4    2    0    4    3    1    0    0     24
    14    0    0    0    0    0    0    1    2    0    1    1    0    2    0    2    0    0    0    1    0     10
    15    0    0    0    0    0    0    0    0    0    2    0    0    1    1    1    1    0    0    1    0      7
    16    0    0    0    0    0    0    0    2    0    0    1    1    0    1    0    0    0    0    1    0      6
    17    0    0    0    0    0    0    0    0    1    0    0    0    0    0    0    0    0    0    0    0      1
    18    0    0    0    0    0    0    0    0    0    1    0    0    0    0    0    0    1    0    0    1      3
    19    0    0    0    0    0    0    0    0    0    0    0    0    0    0    0    0    0    0    0    0      0
    20    0    0    0    0    0    0    0    0    0    0    0    0    0    0    0    0    0    0    0    0      0
    21    0    0    0    0    0    0    0    0    0    1    0    0    0    0    0    0    0    0    0    0      1
    22    0    0    0    0    0    0    0    0    0    0    0    0    0    0    0    0    0    0    0    0      0
    23    0    0    0    0    0    0    0    1    0    0    0    0    0    0    0    0    0    0    0    0      1
    24    0    0    0    0    0    0    0    0    0    0    0    0    0    0    0    0    0    0    0    0      0
    25    0    0    0    0    0    0    0    0    0    0    0    0    0    0    0    0    0    0    0    0      0
    26    0    0    0    0    0    0    0    0    0    0    0    0    0    0    0    0    0    0    0    0      0
    27    0    0    0    0    0    0    0    0    0    0    0    0    0    0    0    0    0    0    0    0      0
    28    0    0    0    0    0    0    0    0    0    0    0    0    0    0    0    0    0    0    0    0      0
    29    0    0    0    0    0    0    0    0    0    0    0    0    0    0    0    0    0    0    0    0      0
    30    0    0    0    0    0    0    0    0    0    0    0    0    0    0    0    0    0    0    0    0      0
    31    0    0    0    0    0    0    0    0    0    0    0    0    0    0    0    0    0    0    0    0      0
    32    0    0    0    0    0    0    0    0    0    0    0    0    0    0    0    0    0    0    0    0      0
    33    0    0    0    0    0    0    0    0    0    0    0    0    0    0    0    0    0    0    0    0      0
    34    0    0    0    0    0    0    0    0    0    0    0    0    0    0    0    0    0    0    0    0      0
    35    0    0    0    0    0    0    0    0    0    0    0    0    0    0    0    0    0    0    0    0      0
    36    0    0    0    0    0    0    0    0    0    0    0    0    0    0    0    0    0    0    0    0      0
    37    0    0    0    0    0    0    0    0    0    0    0    0    0    0    0    0    0    0    0    0      0
    38    0    0    0    0    0    0    0    0    0    0    0    0    0    0    0    0    0    0    0    0      0
    39    0    0    0    0    0    0    0    0    0    0    0    0    0    0    0    0    0    0    0    0      0
    40    0    0    0    0    0    0    0    0    0    0    0    0    0    0    0    0    0    0    0    0      0
    41    0    0    0    0    0    0    0    0    0    0    0    0    0    0    0    0    0    0    0    0      0
    42    0    0    0    0    0    0    0    0    0    0    0    0    0    0    0    0    0    0    0    0      0
    43    0    0    0    0    0    0    0    0    0    0    0    0    0    0    0    0    0    0    0    0      0
    44    0    0    0    0    0    0    0    0    0    0    0    0    0    0    0    0    0    0    0    0      0
    45    0    0    0    0    0    0    0    0    0    0    0    0    0    0    0    0    0    0    0    0      0
    46    0    0    0    0    0    0    0    0    0    0    0    0    0    0    0    0    0    0    0    0      0
    47    0    0    0    0    0    0    0    0    0    0    0    0    0    0    0    0    0    0    0    0      0
    48    0    0    0    0    0    0    0    0    0    0    0    0    0    0    0    0    0    0    0    0      0
    49    0    0    0    0    0    0    0    0    0    0    0    0    0    0    0    0    0    0    0    0      0
    50    0    0    0    0    0    0    0    0    0    0    0    0    0    0    0    0    0    0    0    0      0
    51    0    0    0    0    0    0    0    0    0    0    0    0    0    0    0    0    0    0    0    0      0
    52    0    0    0    0    0    0    0    0    0    0    0    0    0    0    0    0    0    0    0    0      0
    53    0    0    0    0    0    0    0    0    0    0    0    0    0    0    0    0    0    0    0    0      0
    54    0    0    0    0    0    0    0    0    0    0    0    0    0    0    0    0    0    0    0    0      0
    55    0    0    0    0    0    0    0    0    0    0    0    0    0    0    0    0    0    0    0    0      0
    56    0    0    0    0    0    0    0    0    0    0    0    0    0    0    0    0    0    0    0    0      0
    57    0    0    0    0    0    0    0    0    0    0    0    0    0    0    0    0    0    0    0    0      0
    58    0    0    0    0    0    0    0    0    0    0    0    0    0    0    0    0    0    0    0    0      0
    59    0    0    0    0    0    0    0    0    0    0    0    0    0    0    0    0    0    0    0    0      0
    60    0    0    0    0    0    0    0    0    0    0    0    0    0    0    0    0    0    0    0    0      0
    61    0    0    0    0    0    0    0    0    0    0    0    0    0    0    0    0    0    0    0    0      0
    62    0    0    0    0    0    0    0    0    0    0    0    0    0    0    0    0    0    0    0    0      0
    63    0    0    0    0    0    0    0    0    0    0    0    0    0    0    0    0    0    0    0    0      0
    64    0    0    0    0    0    0    0    0    0    0    0    0    0    0    0    0    0    0    0    0      0
    65    0    0    0    0    0    0    0    0    0    0    0    0    0    0    0    0    0    0    0    0      0
    66    0    0    0    0    0    0    0    0    0    0    0    0    0    0    0    0    0    0    0    0      0
    67    0    0    0    0    0    0    0    0    0    0    0    0    0    0    0    0    0    0    0    0      0
    68    0    0    0    0    0    0    0    0    0    0    0    0    0    0    0    0    0    0    0    0      0
    69    0    0    0    0    0    0    0    0    0    0    0    0    0    0    0    0    0    0    0    0      0
    70    0    0    0    0    0    0    0    0    0    0    0    0    0    0    0    0    0    0    0    0      0
    71    0    0    0    0    0    0    0    0    0    0    0    0    0    0    0    0    0    0    0    0      0
    72    0    0    0    0    0    0    0    0    0    0    0    0    0    0    0    0    0    0    0    0      0
    73    0    0    0    0    0    0    0    0    0    0    0    0    0    0    0    0    0    0    0    0      0
    74    0    0    0    0    0    0    0    0    0    0    0    0    0    0    0    0    0    0    0    0      0
    75    0    0    0    0    0    0    0    0    0    0    0    0    0    0    0    0    0    0    0    0      0
    76    0    0    0    0    0    0    0    0    0    0    0    0    0    0    0    0    0    0    0    0      0
    77    0    0    0    0    0    0    0    0    0    0    0    0    0    0    0    0    0    0    0    0      0
    78    0    0    0    0    0    0    0    0    0    0    0    0    0    0    0    0    0    0    0    0      0
    79    0    0    0    0    0    0    0    0    0    0    0    0    0    0    0    0    0    0    0    0      0
    80    0    0    0    0    0    0    0    0    0    0    0    0    0    0    0    0    0    0    0    0      0
    81    0    0    0    0    0    0    0    0    0    0    0    0    0    0    0    0    0    0    0    0      0
    82    0    0    0    0    0    0    0    0    0    0    0    0    0    0    0    0    0    0    0    0      0
    83    0    0    0    0    0    0    0    0    0    0    0    0    0    0    0    0    0    0    0    0      0
    84    0    0    0    0    0    0    0    0    0    0    0    0    0    0    0    0    0    0    0    0      0
    85    0    0    0    0    0    0    0    0    0    0    0    0    0    0    0    0    0    0    0    0      0
    86    0    0    0    0    0    0    0    0    0    0    0    0    0    0    0    0    0    0    0    0      0
    87    0    0    0    0    0    0    0    0    0    0    0    0    0    0    0    0    0    0    0    0      0
    88    0    0    0    0    0    0    0    0    0    0    0    0    0    0    0    0    0    0    0    0      0
    89    0    0    0    0    0    0    0    0    0    0    0    0    0    0    0    0    0    0    0    0      0
    90    0    0    0    0    0    0    0    0    0    0    0    0    0    0    0    0    0    0    0    0      0
    91    0    0    0    0    0    0    0    0    0    0    0    0    0    0    0    0    0    0    0    0      0
    92    0    0    0    0    0    0    0    0    0    0    0    0    0    0    0    0    0    0    0    0      0
    93    0    0    0    0    0    0    0    0    0    0    0    0    0    0    0    0    0    0    0    0      0
    94    0    0    0    0    0    0    0    0    0    0    0    0    0    0    0    0    0    0    0    0      0
    95    0    0    0    0    0    0    0    0    0    0    0    0    0    0    0    0    0    0    0    0      0
    96    0    0    0    0    0    0    0    0    0    0    0    0    0    0    0    0    0    0    0    0      0
    97    0    0    0    0    0    0    0    0    0    0    0    0    0    0    0    0    0    0    0    0      0
    98    0    0    0    0    0    0    0    0    0    0    0    0    0    0    0    0    0    0    0    0      0
    99    0    0    0    0    0    0    0    0    0    0    0    0    0    0    0    0    0    0    0    0      0
   100    0    0    0    0    0    0    0    0    0    0    0    0    0    0    0    0    0    0    0    0      0
     0  106  331  553  751 1040 1252 1576 1967 2268 2669 2912 3237 3478 3759 3894 4090 4385 4378 4556 4931  52133
1AZIMUTHAL ANGLE - POLAR ANGLE IN COS-INTERVALS (0.05) (BACKWARD SPUTTERED PARTICLES) , 1.LAYER , SPECIES 1

     0    1    2    3    4    5    6    7    8    9   10   11   12   13   14   15   16   17   18   19   20      0
     3    2   11   15   11   11   21   30   32   34   34   45   43   55   60   65   78   68   84   80   79    858
     6    2    3    2   13   18   23   23   38   50   51   54   60   68   79   67   71   66   78   84   79    929
     9    0    8    8   18   18   32   22   37   39   39   44   69   57   69   76   61   75   68   78   70    888
    12    0   10   13    7   16   24   28   37   39   41   51   47   69   62   62   65   87   81   74   74    887
    15    2    6   17   16   25   25   26   38   32   49   40   55   58   54   65   76   75   75   59   80    873
    18    1    4    8   13   18   20   31   28   28   42   37   55   41   61   81   56   75   85   82   81    847
    21    3    7   11    8   24   28   27   40   31   51   52   54   54   63   58   64   66   62   71   86    860
    24    1   11   10    7   19   20   28   31   30   34   48   66   57   61   69   68   70   72   77   92    871
    27    2    6    7    8   26   28   28   32   34   39   48   64   51   60   73   75   71   69   61   77    859
    30    2    3    8   18   21   22   30   37   30   46   42   56   52   58   60   84   68   73   53   84    847
    33    3    4    8   16   17   14   18   30   42   37   63   54   59   53   56   79   77   70   89   88    877
    36    2    4   13   24   24   16   20   37   35   53   51   48   54   59   77   52   68   73   74   92    876
    39    2    7    6   14   12   14   30   37   37   53   59   60   75   68   47   82   74   70   73   80    900
    42    2    3    6   14   16   21   24   33   31   42   47   58   56   70   63   65   64   64   72   86    837
    45    1    5   11   11   21   16   23   30   39   39   49   49   74   60   75   53   82   85   84   93    900
    48    0    5   13   21   18   20   27   42   40   50   49   46   51   64   90   70   79   80   89   87    941
    51    2    5    9    7   15   13   23   20   40   55   54   62   48   63   51   70   70   83   72   71    833
    54    4    9    7    9   10   28   33   29   31   41   49   50   65   53   60   60   63   83   84   80    848
    57    3    3   12   18   21   20   23   38   37   54   58   47   45   71   63   59   60   69   65   90    856
    60    1    3    8   16   12   21   20   32   37   59   58   52   53   67   69   73   61   72   78   69    861
    63    2    3   10   11   14   13   17   36   28   55   41   49   73   53   58   65   81   70   86   70    835
    66    3    4    9   17   15   24   27   38   43   41   52   58   53   56   51   70   75   92   68   64    860
    69    2    9    5   20   21   19   33   27   28   43   37   44   60   62   70   56   85   78   68   61    828
    72    3    7    6    7   16   25   36   31   33   46   45   43   70   57   62   72   65   76   86   80    866
    75    2    2   15    4   15   21   32   24   33   41   43   56   50   48   51   76   80   80   81   84    838
    78    3    5    7   11   16   23   27   41   36   40   42   48   55   55   69   64   79   79   80   82    862
    81    0    7   10   10   27   18   31   38   27   36   53   53   64   69   84   72   64   61   63   85    872
    84    1    8   10    5   11   29   27   26   42   47   39   60   62   82   56   68   80   82   60   84    879
    87    2    3   13   11   15   21   27   25   35   39   60   40   56   59   84   71   86   67   78   85    877
    90    2    7    7   12   14   27   18   32   34   39   48   65   62   60   68   67   65   80   88   87    882
    93    1    7    6   16   15   16   27   27   47   36   32   57   50   71   69   73   68   59   65   71    813
    96    4    6    9   10   17   25   27   32   41   47   51   68   64   53   55   64   71   62   81   88    875
    99    1    4    9   13   13   19   27   29   52   37   52   71   57   54   72   62   88   71   72   78    881
   102    0    4   13   11   12   19   25   37   41   46   51   49   65   83   56   72   82   84   69   71    890
   105    0    3   10   11   22   14   28   37   32   50   45   52   64   71   55   53   81   69   86   90    873
   108    1    9    4   11   23   23   33   23   49   40   49   63   54   63   44   69   68   65   56   93    840
   111    3    5   13   13   11   22   20   41   51   51   31   53   69   70   49   63   73   76   99   75    888
   114    3    4    9   15   20   23   26   34   46   53   68   46   69   79   67   59   72   72   82   77    924
   117    3    3   10    7   19   14   25   27   34   46   48   43   44   63   70   64   73   77   73   97    840
   120    0    3    7   16   13   26   39   28   29   45   51   54   54   62   65   64   70   76   59   74    835
   123    1    2   12   15   19   15   19   32   44   46   58   62   55   66   51   70   78   82   72   92    891
   126    1    7    5   17   11   18   23   27   33   45   57   63   66   58   71   74   68   72   98   98    912
   129    2    7    8   13   15   25   21   27   39   33   62   60   56   61   54   58   86   79   64   91    861
   132    3    4    7   11   15   21   24   41   42   52   51   39   65   63   69   82   76   73   83   94    915
   135    2    9   14    9   18   28   23   34   40   40   45   54   60   54   56   62   67   65   73   84    837
   138    2    3    9   16   19   22   21   35   37   43   43   55   44   77   67   65   74   78   80   76    866
   141    1    9   10   13   20   19   34   34   50   52   51   64   63   51   69   61   60   74   78   94    907
   144    1    5    7   12   16   22   30   36   44   45   46   65   72   58   48   80   71   74   93  102    927
   147    2    6    8   13   16   14   27   26   37   45   44   50   49   67   65   71   70   70   72   85    837
   150    3    7   16   17   17   23   18   33   25   43   53   50   53   57   69   62   61   72   69   70    818
   153    3    6    4   12   14   22   27   40   40   55   46   51   53   53   65   73   73   62   87   73    859
   156    2    4    7    6   14   11   26   36   33   42   57   51   58   73   76   76   80   70   77   89    888
   159    1    6    6   19   25   19   30   34   41   43   40   48   50   66   59   77   68   79   73   77    861
   162    1    1   11    8   12   22   18   21   45   40   36   50   58   65   69   75   70   67   83   79    831
   165    2    9   10   15   17   14   30   34   36   40   57   39   47   47   70   69   73   73   68   82    832
   168    1    5   11   15   23   21   22   36   51   37   48   53   64   58   74   68   90   58   69   80    884
   171    3    6    6   11   17   19   27   28   32   38   41   52   58   67   71   54   75   65   81   77    828
   174    1    4    9   12   17   28   23   38   42   46   47   47   60   58   67   73   73   66   75   70    856
   177    0    8    8   14   23   16   39   37   42   39   45   55   47   63   77   73   68   59   86  105    904
   180    3    3   11    3   21   26   28   27   38   58   49   62   63   72   65   82   79   68   76   79    913
     0  106  331  553  751 1040 1252 1576 1967 2268 2669 2912 3237 3478 3759 3894 4090 4385 4378 4556 4931  52133
