1
      *** PROGRAM TRVMC95 ***


                              * INPUT DATA *


       Z1        M1          E0       ALPHA       EF        ESB      SHEATH     ERC
     18.00     39.95      6621.00      0.00      0.10      0.00  19863.00      4.70

       NH        RI           X0        RD        CW        CA       KK0   KK0R   KDEE1  KDEE2  IPOT   IPOTR   IRL
     99999 716381.00         0.00    100.00      2.00      1.00       2      2      3      3      1      1      3


             DX      RHO    CK  Z(,1) Z(,2) Z(,3) Z(,4) Z(,5)  M(,1)  M(,2)  M(,3)  M(,4)  M(,5) C(,1) C(,2) C(,3) C(,4) C(,5)

 1.LAYER 10000.00   2.25   1.00    6.    0.    0.    0.    0.  12.01   0.00   0.00   0.00   0.00 1.000 0.000 0.000 0.000 0.000


                           ***  SBE(LAYER,ELEMENT)  ***     ***     ED(LAYER,ELEMENT)     ***     ***   BE(LAYER,ELEMENT)  ***

 1.LAYER                   7.41  0.00  0.00  0.00  0.00     30.00   0.00   0.00   0.00   0.00     0.10  0.00  0.00  0.00  0.00


       INTERACTION POTENTIAL : PROJECTILE-TARGET : KR-C POTENTIAL     TARGET-TARGET : KR-C POTENTIAL    


       INELASTIC LOSS MODEL  : PROJECTILE-TARGET : 50% LS 50% OR      TARGET-TARGET : 50% LS 50% OR     
1

                              * OUTPUT DATA *


                 HLM       HLMT        SU       SUT        XC        RT       SFE      INEL         L        LJ
               0.0000 10000.000    3.5029 10003.503   -3.5029  9900.000      7.41         0         1         1


                NPROJ       KIB       KIT      MAXA      NALL       NPA       NSA       KIS      KIST
                82725         0         0       306 100042179   3716095  55867522    106322         0


            EPS0(I)       Z2(I)       M2(I)     ARHO(I)       LM(I)     PMAX(I)     ASIG(I)       SB(I)       XX(I)        NJ(I)

 1.LAYER   0.1298E+00  0.6000E+01  0.1201E+02  0.1128E+00  0.2070E+01  0.1168E+01  0.2335E+00  0.7410E+01  0.1000E+05         1


             A1(1)   A1(2)   A1(3)   A1(4)   A1(5)   A1(6)   A1(7)   A1(8)   A1(9)  A1(10)  A1(11)  A1(12)  A1(13)  A1(14)  A1(15)

           0.13193


           KOR1(1) KOR1(2) KOR1(3) KOR1(4) KOR1(5) KOR1(6) KOR1(7) KOR1(8) KOR1(9) KOR1(A) KOR1(B) KOR1(C) KOR1(D) KOR1(E) KOR1(F)

           0.73577


            A(I,1)  A(I,2)  A(I,3)  A(I,4)  A(I,5)  A(I,6)  A(I,7)  A(I,8)  A(I,9) A(I,10) A(I,11) A(I,12) A(I,13) A(I,14) A(I,15)

           0.16242


           KOR(,1) KOR(,2) KOR(,3) KOR(,4) KOR(,5) KOR(,6) KOR(,7) KOR(,8) KOR(,9) KOR(,A) KOR(,B) KOR(,C) KOR(,D) KOR(,E) KOR(,F)

           0.46963
1

         IMPLANTED PARTICLES=  99999     ENERGY=0.6621E+09 EV
     BACKSCATTERED PARTICLES=      0     ENERGY=0.0000E+00 EV
       TRANSMITTED PARTICLES=      0     ENERGY=0.0000E+00 EV
     BACKSPUTTERED PARTICLES=  72398     ENERGY=0.3048E+07 EV
    TRANSM. SPUTT. PARTICLES=      0     ENERGY=0.0000E+00 EV


  PROJECTILES :   MEAN NUMBER OF ELASTIC COLLISIONS =     51.2   MEAN NUMBER OF EL.COLL.(E > EDISPL.) =   20.832
                                                                 MEAN NUMBER OF EL.COLL.(E > SB(1))   =   37.459

                       MEAN        VARIANCE      SKEWNESS      KURTOSIS        SIGMA       ERROR 1.M     ERROR 2.M     ERROR 3.M 
  PENETRATION       9.0898E+01    8.4360E+02    4.1007E-01    3.0125E+00    2.9045E+01    9.1848E-02    3.7845E+00    7.3518E-03
       SPREAD       2.8498E+01    2.5827E+02    8.4679E-01    3.8110E+00    1.6071E+01    5.0821E-02    1.3693E+00    1.0130E-02
   PATHLENGTH       1.0407E+02    9.4616E+02    3.6143E-01    2.9689E+00    3.0760E+01    9.7271E-02    4.1983E+00    7.3415E-03
 ELASTIC LOSS       6.0751E+03    3.7194E+04                                1.9286E+02    1.9286E-03
   INEL. LOSS       5.4587E+02    3.7194E+04                                1.9286E+02    1.9286E-03

                       MEAN        VARIANCE      SKEWNESS      KURTOSIS        SIGMA       ERROR 1.M     ERROR 2.M     ERROR 3.M 
   ELAST.LOSS       1.1681E+02    1.0463E+05    6.0621E+00    5.0716E+01    3.2346E+02    1.4293E-01    3.2597E+02    9.0788E-03
 WEAK EL.LOSS       1.8007E+00    4.7417E+00    2.0407E+00    7.0852E+00    2.1776E+00    9.6218E-04    5.1685E-03    1.4730E-03
 INELAST.LOSS       1.0658E+01    3.6204E+01    7.8437E-02    2.3539E+00    6.0170E+00    2.6587E-03    1.8614E-02    7.5757E-04
  SUBTHR.LOSS       1.0479E+01    5.8997E+01    7.7235E-01    2.5638E+00    7.6809E+00    4.4063E-03    4.2323E-02    9.4865E-04

                     1.MOMENT      2.MOMENT      3.MOMENT      4.MOMENT      5.MOMENT      6.MOMENT 
  PENETRATION       9.0898E+01    9.1060E+03    9.9113E+05    1.1589E+08    1.4424E+10    1.8973E+12



  RECOILES (PER PROJ.)   :   MEAN NUMBER OF ELASTIC COLLISIONS =    993.2   MEAN NUMBER OF EL.COLL.(E > EDISPL.) =     55.080
                                                                            MEAN NUMBER OF EL.COLL.(E > SB(1))   =    313.588

  RECOILES (PER KNOCKON) :   MEAN NUMBER OF ELASTIC COLLISIONS =    1.667   MEAN NUMBER OF EL.COLL.(E > EDISPL.) =      0.092
                                                                            MEAN NUMBER OF EL.COLL.(E > SB(1))   =      0.526

1


     DEPTH(A)  PARTICLES  NORM.DEPTH PATHLENGTH   INLOSS(EV)  TELOSS(EV)  ELLOSS(EV)  DAMAGE(EV)  PHONON(EV)  CASCAD(EV)     DPA

    -SU-    0.         0  0.0000E+00
     0.-    2.         0  0.0000E+00         0    1.7362E+06  1.5041E+07  1.5000E+07  1.4521E+07  4.7951E+05  1.1726E+07   32346
     2.-    4.         0  0.0000E+00         0    1.7359E+06  1.5495E+07  1.5452E+07  1.4968E+07  4.8469E+05  1.2083E+07   32667
     4.-    6.         0  0.0000E+00         0    1.7151E+06  1.5179E+07  1.5135E+07  1.4648E+07  4.8668E+05  1.1845E+07   33181
     6.-    8.         0  0.0000E+00         0    1.6938E+06  1.5147E+07  1.5101E+07  1.4609E+07  4.9234E+05  1.1824E+07   33771
     8.-   10.         0  0.0000E+00         0    1.6729E+06  1.5339E+07  1.5291E+07  1.4794E+07  4.9715E+05  1.1979E+07   34566
    10.-   12.         0  0.0000E+00         0    1.6483E+06  1.5195E+07  1.5144E+07  1.4639E+07  5.0541E+05  1.1863E+07   34543
    12.-   14.         0  0.0000E+00         0    1.6242E+06  1.4828E+07  1.4775E+07  1.4263E+07  5.1174E+05  1.1582E+07   35073
    14.-   16.         3  0.3000E-04         0    1.6004E+06  1.5123E+07  1.5067E+07  1.4553E+07  5.1374E+05  1.1817E+07   35794
    16.-   18.         9  0.9000E-04         0    1.5781E+06  1.5108E+07  1.5049E+07  1.4528E+07  5.2068E+05  1.1809E+07   36361
    18.-   20.        12  0.1200E-03         0    1.5528E+06  1.5105E+07  1.5041E+07  1.4516E+07  5.2511E+05  1.1809E+07   37279
    20.-   22.        26  0.2600E-03         3    1.5272E+06  1.5078E+07  1.5009E+07  1.4476E+07  5.3335E+05  1.1789E+07   37907
    22.-   24.        48  0.4800E-03         4    1.5008E+06  1.4761E+07  1.4688E+07  1.4141E+07  5.4660E+05  1.1535E+07   38348
    24.-   26.        65  0.6500E-03        10    1.4731E+06  1.4823E+07  1.4744E+07  1.4189E+07  5.5559E+05  1.1575E+07   38749
    26.-   28.        90  0.9000E-03        17    1.4445E+06  1.4513E+07  1.4428E+07  1.3869E+07  5.5885E+05  1.1337E+07   39739
    28.-   30.       138  0.1380E-02        26    1.4189E+06  1.4500E+07  1.4408E+07  1.3836E+07  5.7221E+05  1.1317E+07   40305
    30.-   32.       213  0.2130E-02        42    1.3928E+06  1.4655E+07  1.4556E+07  1.3977E+07  5.7917E+05  1.1439E+07   41245
    32.-   34.       291  0.2910E-02        73    1.3588E+06  1.4304E+07  1.4199E+07  1.3609E+07  5.8940E+05  1.1155E+07   41623
    34.-   36.       372  0.3720E-02       106    1.3298E+06  1.4193E+07  1.4079E+07  1.3481E+07  5.9771E+05  1.1065E+07   42503
    36.-   38.       428  0.4280E-02       181    1.3012E+06  1.4307E+07  1.4185E+07  1.3577E+07  6.0720E+05  1.1146E+07   43106
    38.-   40.       537  0.5370E-02       157    1.2662E+06  1.3900E+07  1.3768E+07  1.3154E+07  6.1394E+05  1.0818E+07   43531
    40.-   42.       615  0.6150E-02       227    1.2330E+06  1.3893E+07  1.3753E+07  1.3129E+07  6.2335E+05  1.0802E+07   43974
    42.-   44.       763  0.7630E-02       349    1.1992E+06  1.3528E+07  1.3379E+07  1.2747E+07  6.3213E+05  1.0503E+07   44290
    44.-   46.       891  0.8910E-02       325    1.1623E+06  1.3077E+07  1.2920E+07  1.2283E+07  6.3639E+05  1.0132E+07   44451
    46.-   48.      1010  0.1010E-01       437    1.1300E+06  1.3094E+07  1.2929E+07  1.2287E+07  6.4170E+05  1.0140E+07   44944
    48.-   50.      1156  0.1156E-01       485    1.0932E+06  1.2834E+07  1.2662E+07  1.2018E+07  6.4379E+05  9.9259E+06   44845
    50.-   52.      1368  0.1368E-01       594    1.0589E+06  1.2559E+07  1.2379E+07  1.1729E+07  6.5034E+05  9.6988E+06   44928
    52.-   54.      1363  0.1363E-01       670    1.0212E+06  1.2174E+07  1.1986E+07  1.1331E+07  6.5444E+05  9.3836E+06   44721
    54.-   56.      1558  0.1558E-01       790    9.8186E+05  1.1877E+07  1.1684E+07  1.1030E+07  6.5406E+05  9.1408E+06   44573
    56.-   58.      1745  0.1745E-01       936    9.4696E+05  1.1641E+07  1.1441E+07  1.0788E+07  6.5357E+05  8.9464E+06   44423
    58.-   60.      1800  0.1800E-01      1054    9.0813E+05  1.1316E+07  1.1111E+07  1.0463E+07  6.4732E+05  8.6832E+06   43964
    60.-   62.      1891  0.1891E-01      1162    8.7107E+05  1.0961E+07  1.0752E+07  1.0105E+07  6.4693E+05  8.3941E+06   43391
    62.-   64.      2180  0.2180E-01      1292    8.3240E+05  1.0673E+07  1.0458E+07  9.8161E+06  6.4192E+05  8.1586E+06   42693
    64.-   66.      2093  0.2093E-01      1252    7.9263E+05  1.0204E+07  9.9896E+06  9.3584E+06  6.3123E+05  7.7839E+06   41629
    66.-   68.      2189  0.2189E-01      1292    7.5583E+05  9.7080E+06  9.4891E+06  8.8559E+06  6.3324E+05  7.3770E+06   40914
    68.-   70.      2425  0.2425E-01      1597    7.2078E+05  9.4795E+06  9.2593E+06  8.6416E+06  6.1765E+05  7.2001E+06   40439
    70.-   72.      2436  0.2436E-01      1691    6.8243E+05  8.9535E+06  8.7329E+06  8.1271E+06  6.0580E+05  6.7819E+06   39205
    72.-   74.      2589  0.2589E-01      1818    6.4751E+05  8.6449E+06  8.4248E+06  7.8283E+06  5.9657E+05  6.5328E+06   38140
    74.-   76.      2554  0.2554E-01      1983    6.1109E+05  8.1062E+06  7.8884E+06  7.3060E+06  5.8241E+05  6.1055E+06   36748
    76.-   78.      2680  0.2680E-01      2104    5.7680E+05  7.7488E+06  7.5323E+06  6.9664E+06  5.6586E+05  5.8263E+06   35647
    78.-   80.      2664  0.2664E-01      2215    5.4217E+05  7.4618E+06  7.2472E+06  6.7010E+06  5.4624E+05  5.6053E+06   34592
    80.-   82.      2653  0.2653E-01      2240    5.1208E+05  7.1019E+06  6.8894E+06  6.3502E+06  5.3924E+05  5.3172E+06   33330
    82.-   84.      2703  0.2703E-01      2349    4.7945E+05  6.6815E+06  6.4747E+06  5.9612E+06  5.1349E+05  4.9948E+06   32052
    84.-   86.      2753  0.2753E-01      2400    4.4750E+05  6.2993E+06  6.0971E+06  5.6037E+06  4.9343E+05  4.6983E+06   30507
    86.-   88.      2678  0.2678E-01      2468    4.1864E+05  5.9174E+06  5.7206E+06  5.2464E+06  4.7420E+05  4.4013E+06   29235
    88.-   90.      2667  0.2667E-01      2600    3.8941E+05  5.5287E+06  5.3380E+06  4.8840E+06  4.5399E+05  4.1015E+06   27806
    90.-   92.      2622  0.2622E-01      2485    3.6140E+05  5.1765E+06  4.9924E+06  4.5589E+06  4.3347E+05  3.8297E+06   26276
    92.-   94.      2538  0.2538E-01      2609    3.3681E+05  4.9836E+06  4.8051E+06  4.3873E+06  4.1778E+05  3.6829E+06   24834
    94.-   96.      2556  0.2556E-01      2567    3.1144E+05  4.6281E+06  4.4566E+06  4.0596E+06  3.9704E+05  3.4108E+06   23445
    96.-   98.      2509  0.2509E-01      2657    2.8811E+05  4.3071E+06  4.1414E+06  3.7643E+06  3.7703E+05  3.1666E+06   22222
    98.-  100.      2365  0.2365E-01      2605    2.6430E+05  3.9283E+06  3.7687E+06  3.4083E+06  3.6038E+05  2.8704E+06   20812
   100.-  102.      2380  0.2380E-01      2541    2.4249E+05  3.6035E+06  3.4526E+06  3.1123E+06  3.4031E+05  2.6220E+06   19165
   102.-  104.      2327  0.2327E-01      2378    2.2218E+05  3.3260E+06  3.1828E+06  2.8656E+06  3.1722E+05  2.4159E+06   18100
   104.-  106.      2265  0.2265E-01      2341    2.0310E+05  3.0623E+06  2.9273E+06  2.6272E+06  3.0010E+05  2.2153E+06   16615
   106.-  108.      2039  0.2039E-01      2347    1.8657E+05  2.8935E+06  2.7661E+06  2.4913E+06  2.7481E+05  2.1012E+06   15789
   108.-  110.      2019  0.2019E-01      2277    1.6922E+05  2.6059E+06  2.4866E+06  2.2305E+06  2.5605E+05  1.8842E+06   14616
   110.-  112.      1905  0.1905E-01      2292    1.5382E+05  2.3737E+06  2.2623E+06  2.0209E+06  2.4137E+05  1.7071E+06   13276
   112.-  114.      1846  0.1846E-01      2278    1.3915E+05  2.1632E+06  2.0584E+06  1.8357E+06  2.2264E+05  1.5514E+06   12320
   114.-  116.      1658  0.1658E-01      2254    1.2617E+05  2.0019E+06  1.9048E+06  1.7008E+06  2.0399E+05  1.4368E+06   11369
   116.-  118.      1637  0.1637E-01      2118    1.1451E+05  1.8141E+06  1.7217E+06  1.5309E+06  1.9077E+05  1.2954E+06   10560
   118.-  120.      1560  0.1560E-01      2025    1.0192E+05  1.6195E+06  1.5352E+06  1.3600E+06  1.7519E+05  1.1509E+06    9434
   120.-  122.      1430  0.1430E-01      2051    9.2549E+04  1.5171E+06  1.4388E+06  1.2783E+06  1.6049E+05  1.0817E+06    8881
   122.-  124.      1353  0.1353E-01      1983    8.2175E+04  1.3087E+06  1.2364E+06  1.0865E+06  1.4980E+05  9.2096E+05    7805
   124.-  126.      1296  0.1296E-01      1640    7.3434E+04  1.1812E+06  1.1146E+06  9.8114E+05  1.3344E+05  8.3219E+05    7214
   126.-  128.      1161  0.1161E-01      1619    6.5777E+04  1.0523E+06  9.9214E+05  8.6906E+05  1.2308E+05  7.3732E+05    6413
   128.-  130.      1094  0.1094E-01      1773    5.8550E+04  9.4365E+05  8.8867E+05  7.7620E+05  1.1246E+05  6.5845E+05    5739
   130.-  132.       976  0.9760E-02      1663    5.1587E+04  8.2795E+05  7.7841E+05  6.7816E+05  1.0025E+05  5.7571E+05    5123
   132.-  134.       898  0.8980E-02      1594    4.6209E+04  7.7169E+05  7.2610E+05  6.3450E+05  9.1595E+04  5.3865E+05    4687
   134.-  136.       830  0.8300E-02      1463    4.0321E+04  6.5994E+05  6.1953E+05  5.3771E+05  8.1813E+04  4.5657E+05    4047
   136.-  138.       709  0.7090E-02      1419    3.6412E+04  6.1776E+05  5.8096E+05  5.0821E+05  7.2755E+04  4.3135E+05    3800
   138.-  140.       667  0.6670E-02      1272    3.1844E+04  5.4932E+05  5.1591E+05  4.4955E+05  6.6360E+04  3.8202E+05    3389
   140.-  142.       599  0.5990E-02      1174    2.8257E+04  4.8065E+05  4.5012E+05  3.8965E+05  6.0472E+04  3.3139E+05    3067
   142.-  144.       560  0.5600E-02      1109    2.4464E+04  4.1886E+05  3.9157E+05  3.3727E+05  5.4305E+04  2.8666E+05    2600
   144.-  146.       562  0.5620E-02       995    2.1453E+04  3.7504E+05  3.5017E+05  3.0230E+05  4.7873E+04  2.5709E+05    2387
   146.-  148.       489  0.4890E-02       960    1.8775E+04  3.2862E+05  3.0678E+05  2.6434E+05  4.2446E+04  2.2494E+05    2084
   148.-  150.       417  0.4170E-02       857    1.5724E+04  2.7484E+05  2.5560E+05  2.1766E+05  3.7949E+04  1.8524E+05    1751
   150.-  152.       370  0.3700E-02       791    1.4156E+04  2.4798E+05  2.3023E+05  1.9600E+05  3.4226E+04  1.6707E+05    1626
   152.-  154.       340  0.3400E-02       737    1.2059E+04  2.1313E+05  1.9762E+05  1.6761E+05  3.0014E+04  1.4298E+05    1402
   154.-  156.       298  0.2980E-02       678    1.0412E+04  1.7559E+05  1.6193E+05  1.3559E+05  2.6337E+04  1.1589E+05    1203
   156.-  158.       282  0.2820E-02       619    8.9145E+03  1.5913E+05  1.4762E+05  1.2622E+05  2.1401E+04  1.0770E+05    1068
   158.-  160.       228  0.2280E-02       576    7.5281E+03  1.2886E+05  1.1849E+05  9.8922E+04  1.9567E+04  8.4617E+04     913
   160.-  162.       192  0.1920E-02       473    6.4553E+03  1.2177E+05  1.1269E+05  9.5817E+04  1.6871E+04  8.1614E+04     816
   162.-  164.       200  0.2000E-02       424    5.4743E+03  9.8096E+04  8.9916E+04  7.4330E+04  1.5586E+04  6.3532E+04     655
   164.-  166.       168  0.1680E-02       377    4.6489E+03  8.7910E+04  8.1059E+04  6.8291E+04  1.2769E+04  5.8178E+04     593
   166.-  168.       125  0.1250E-02       344    3.8475E+03  7.0598E+04  6.4687E+04  5.3255E+04  1.1431E+04  4.5529E+04     482
   168.-  170.       140  0.1400E-02       298    3.3530E+03  6.5552E+04  6.0184E+04  5.0207E+04  9.9767E+03  4.2841E+04     444
   170.-  172.       104  0.1040E-02       294    2.7351E+03  4.9386E+04  4.4757E+04  3.6260E+04  8.4973E+03  3.1124E+04     373
   172.-  174.       120  0.1200E-02       260    2.2420E+03  4.3452E+04  3.9540E+04  3.2493E+04  7.0471E+03  2.7781E+04     293
   174.-  176.        71  0.7100E-03       216    1.8112E+03  3.4832E+04  3.1839E+04  2.6120E+04  5.7182E+03  2.2233E+04     231
   176.-  178.        52  0.5200E-03       245    1.5517E+03  2.9410E+04  2.6701E+04  2.1994E+04  4.7073E+03  1.8941E+04     235
   178.-  180.        70  0.7000E-03       182    1.2765E+03  2.5987E+04  2.3465E+04  1.9189E+04  4.2751E+03  1.6447E+04     187
   180.-  182.        65  0.6500E-03       153    9.5901E+02  1.6929E+04  1.4982E+04  1.1127E+04  3.8554E+03  9.5531E+03     120
   182.-  184.        47  0.4700E-03       140    8.5985E+02  1.5895E+04  1.4242E+04  1.1271E+04  2.9709E+03  9.6781E+03     122
   184.-  186.        48  0.4800E-03       119    6.5358E+02  1.1965E+04  1.0635E+04  8.2216E+03  2.4138E+03  7.0880E+03      88
   186.-  188.        23  0.2300E-03        99    5.2008E+02  8.6230E+03  7.5837E+03  5.4697E+03  2.1139E+03  4.7200E+03      62
   188.-  190.        25  0.2500E-03       100    4.1889E+02  6.4793E+03  5.6492E+03  4.2483E+03  1.4009E+03  3.6921E+03      59
   190.-  192.        17  0.1700E-03        78    3.7514E+02  8.6014E+03  7.9737E+03  6.9090E+03  1.0647E+03  5.8746E+03      59
   192.-  194.        19  0.1900E-03        93    2.8734E+02  5.3551E+03  4.7713E+03  3.8026E+03  9.6877E+02  3.2752E+03      42
   194.-  196.        17  0.1700E-03        68    2.4949E+02  4.6512E+03  4.1828E+03  3.1019E+03  1.0809E+03  2.6334E+03      24
   196.-  198.         8  0.8000E-04        58    1.7966E+02  2.5776E+03  2.2845E+03  1.6333E+03  6.5116E+02  1.4069E+03      19
   198.-  200.         8  0.8000E-04       282    1.1103E+03  1.8191E+04  1.6350E+04  1.2946E+04  3.4041E+03  1.1134E+04     142
   200.-   SUT        39  0.3900E-03

                   99999  1.0000E+00     99999    5.4586E+07  6.0751E+08  5.9828E+08  5.6644E+08  3.1842E+07  4.6647E+08 2083156
1
     RECOILS



     DEPTH(A)     INLOSS(EV)   TELOSS(EV)   ELLOSS(EV)   DAMAGE(EV)   PHONON(EV)     DPA  DPA(1)  DPA(2)

     0.-    2.    3.9182E+05   6.4705E+06   5.2594E+06   1.5806E+06   3.6788E+06   23516   23516       0
     2.-    4.    6.2288E+05   9.3343E+06   7.8470E+06   3.0165E+06   4.8304E+06   39311   39311       0
     4.-    6.    8.4403E+05   1.1890E+07   1.0057E+07   4.0418E+06   6.0148E+06   50739   50739       0
     6.-    8.    1.0285E+06   1.4141E+07   1.1999E+07   4.9601E+06   7.0390E+06   60638   60638       0
     8.-   10.    1.1865E+06   1.6087E+07   1.3676E+07   5.7438E+06   7.9325E+06   68687   68687       0
    10.-   12.    1.3282E+06   1.7772E+07   1.5123E+07   6.4155E+06   8.7075E+06   75708   75708       0
    12.-   14.    1.4578E+06   1.9257E+07   1.6399E+07   6.9857E+06   9.4131E+06   82261   82261       0
    14.-   16.    1.5693E+06   2.0646E+07   1.7599E+07   7.5777E+06   1.0021E+07   88593   88593       0
    16.-   18.    1.6759E+06   2.1922E+07   1.8694E+07   8.0593E+06   1.0635E+07   93140   93140       0
    18.-   20.    1.7794E+06   2.3270E+07   1.9878E+07   8.6836E+06   1.1194E+07   99364   99364       0
    20.-   22.    1.8631E+06   2.4142E+07   2.0596E+07   8.9155E+06   1.1680E+07  103278  103278       0
    22.-   24.    1.9500E+06   2.5212E+07   2.1523E+07   9.3692E+06   1.2154E+07  107500  107500       0
    24.-   26.    2.0242E+06   2.6242E+07   2.2419E+07   9.8141E+06   1.2604E+07  112053  112053       0
    26.-   28.    2.0971E+06   2.7160E+07   2.3208E+07   1.0171E+07   1.3036E+07  115829  115829       0
    28.-   30.    2.1589E+06   2.7930E+07   2.3856E+07   1.0414E+07   1.3442E+07  119549  119549       0
    30.-   32.    2.2232E+06   2.8717E+07   2.4520E+07   1.0677E+07   1.3844E+07  122639  122639       0
    32.-   34.    2.2780E+06   2.9539E+07   2.5229E+07   1.1011E+07   1.4218E+07  125763  125763       0
    34.-   36.    2.3301E+06   3.0212E+07   2.5806E+07   1.1277E+07   1.4529E+07  128853  128853       0
    36.-   38.    2.3712E+06   3.0858E+07   2.6363E+07   1.1528E+07   1.4835E+07  131773  131773       0
    38.-   40.    2.4078E+06   3.1422E+07   2.6840E+07   1.1731E+07   1.5109E+07  133944  133944       0
    40.-   42.    2.4395E+06   3.1809E+07   2.7148E+07   1.1767E+07   1.5381E+07  136223  136223       0
    42.-   44.    2.4702E+06   3.2263E+07   2.7531E+07   1.1922E+07   1.5609E+07  137244  137244       0
    44.-   46.    2.4811E+06   3.2626E+07   2.7847E+07   1.2109E+07   1.5738E+07  138939  138939       0
    46.-   48.    2.4912E+06   3.2837E+07   2.8014E+07   1.2111E+07   1.5903E+07  139290  139290       0
    48.-   50.    2.5048E+06   3.3068E+07   2.8212E+07   1.2215E+07   1.5997E+07  141038  141038       0
    50.-   52.    2.5072E+06   3.3224E+07   2.8343E+07   1.2278E+07   1.6065E+07  141471  141471       0
    52.-   54.    2.5009E+06   3.3146E+07   2.8246E+07   1.2107E+07   1.6140E+07  140799  140799       0
    54.-   56.    2.4884E+06   3.3086E+07   2.8187E+07   1.2059E+07   1.6128E+07  141122  141122       0
    56.-   58.    2.4695E+06   3.2913E+07   2.8020E+07   1.1931E+07   1.6089E+07  140499  140499       0
    58.-   60.    2.4418E+06   3.2693E+07   2.7829E+07   1.1844E+07   1.5985E+07  139061  139061       0
    60.-   62.    2.4180E+06   3.2387E+07   2.7556E+07   1.1674E+07   1.5882E+07  137353  137353       0
    62.-   64.    2.3847E+06   3.2058E+07   2.7270E+07   1.1541E+07   1.5729E+07  135950  135950       0
    64.-   66.    2.3491E+06   3.1659E+07   2.6934E+07   1.1398E+07   1.5536E+07  134627  134627       0
    66.-   68.    2.2984E+06   3.1146E+07   2.6479E+07   1.1156E+07   1.5323E+07  131855  131855       0
    68.-   70.    2.2598E+06   3.0578E+07   2.5978E+07   1.0892E+07   1.5087E+07  130090  130090       0
    70.-   72.    2.2083E+06   2.9937E+07   2.5418E+07   1.0599E+07   1.4819E+07  127522  127522       0
    72.-   74.    2.1570E+06   2.9330E+07   2.4911E+07   1.0409E+07   1.4502E+07  124229  124229       0
    74.-   76.    2.0887E+06   2.8486E+07   2.4169E+07   1.0026E+07   1.4143E+07  120141  120141       0
    76.-   78.    2.0328E+06   2.7790E+07   2.3581E+07   9.7898E+06   1.3792E+07  117393  117393       0
    78.-   80.    1.9710E+06   2.6982E+07   2.2890E+07   9.4923E+06   1.3398E+07  113885  113885       0
    80.-   82.    1.9101E+06   2.6223E+07   2.2249E+07   9.2217E+06   1.3027E+07  110507  110507       0
    82.-   84.    1.8490E+06   2.5461E+07   2.1609E+07   8.9906E+06   1.2618E+07  107406  107406       0
    84.-   86.    1.7815E+06   2.4492E+07   2.0774E+07   8.6026E+06   1.2171E+07  103949  103949       0
    86.-   88.    1.7073E+06   2.3629E+07   2.0049E+07   8.3416E+06   1.1708E+07  100151  100151       0
    88.-   90.    1.6340E+06   2.2512E+07   1.9084E+07   7.8621E+06   1.1222E+07   95231   95231       0
    90.-   92.    1.5572E+06   2.1536E+07   1.8272E+07   7.5692E+06   1.0702E+07   91126   91126       0
    92.-   94.    1.4745E+06   2.0268E+07   1.7198E+07   7.1268E+06   1.0071E+07   86529   86529       0
    94.-   96.    1.3861E+06   1.8975E+07   1.6139E+07   6.7728E+06   9.3658E+06   81113   81113       0
    96.-   98.    1.2766E+06   1.7203E+07   1.4685E+07   6.3062E+06   8.3788E+06   75617   75617       0
    98.-  100.    1.1049E+06   1.4375E+07   1.2396E+07   5.6820E+06   6.7136E+06   66292   66292       0
   100.-  102.    6.5632E+05   7.7888E+06   6.8154E+06   3.4364E+06   3.3790E+06   37409   37409       0
   102.-  104.    2.0492E+04   1.9374E+05   1.5846E+05   5.1162E+04   1.0730E+05     697     697       0
   104.-  106.    0.0000E+00   0.0000E+00   0.0000E+00   0.0000E+00   0.0000E+00       0       0       0
   106.-  108.    0.0000E+00   0.0000E+00   0.0000E+00   0.0000E+00   0.0000E+00       0       0       0
   108.-  110.    0.0000E+00   0.0000E+00   0.0000E+00   0.0000E+00   0.0000E+00       0       0       0
   110.-  112.    0.0000E+00   0.0000E+00   0.0000E+00   0.0000E+00   0.0000E+00       0       0       0
   112.-  114.    0.0000E+00   0.0000E+00   0.0000E+00   0.0000E+00   0.0000E+00       0       0       0
   114.-  116.    0.0000E+00   0.0000E+00   0.0000E+00   0.0000E+00   0.0000E+00       0       0       0
   116.-  118.    0.0000E+00   0.0000E+00   0.0000E+00   0.0000E+00   0.0000E+00       0       0       0
   118.-  120.    0.0000E+00   0.0000E+00   0.0000E+00   0.0000E+00   0.0000E+00       0       0       0
   120.-  122.    0.0000E+00   0.0000E+00   0.0000E+00   0.0000E+00   0.0000E+00       0       0       0
   122.-  124.    0.0000E+00   0.0000E+00   0.0000E+00   0.0000E+00   0.0000E+00       0       0       0
   124.-  126.    0.0000E+00   0.0000E+00   0.0000E+00   0.0000E+00   0.0000E+00       0       0       0
   126.-  128.    0.0000E+00   0.0000E+00   0.0000E+00   0.0000E+00   0.0000E+00       0       0       0
   128.-  130.    0.0000E+00   0.0000E+00   0.0000E+00   0.0000E+00   0.0000E+00       0       0       0
   130.-  132.    0.0000E+00   0.0000E+00   0.0000E+00   0.0000E+00   0.0000E+00       0       0       0
   132.-  134.    0.0000E+00   0.0000E+00   0.0000E+00   0.0000E+00   0.0000E+00       0       0       0
   134.-  136.    0.0000E+00   0.0000E+00   0.0000E+00   0.0000E+00   0.0000E+00       0       0       0
   136.-  138.    0.0000E+00   0.0000E+00   0.0000E+00   0.0000E+00   0.0000E+00       0       0       0
   138.-  140.    0.0000E+00   0.0000E+00   0.0000E+00   0.0000E+00   0.0000E+00       0       0       0
   140.-  142.    0.0000E+00   0.0000E+00   0.0000E+00   0.0000E+00   0.0000E+00       0       0       0
   142.-  144.    0.0000E+00   0.0000E+00   0.0000E+00   0.0000E+00   0.0000E+00       0       0       0
   144.-  146.    0.0000E+00   0.0000E+00   0.0000E+00   0.0000E+00   0.0000E+00       0       0       0
   146.-  148.    0.0000E+00   0.0000E+00   0.0000E+00   0.0000E+00   0.0000E+00       0       0       0
   148.-  150.    0.0000E+00   0.0000E+00   0.0000E+00   0.0000E+00   0.0000E+00       0       0       0
   150.-  152.    0.0000E+00   0.0000E+00   0.0000E+00   0.0000E+00   0.0000E+00       0       0       0
   152.-  154.    0.0000E+00   0.0000E+00   0.0000E+00   0.0000E+00   0.0000E+00       0       0       0
   154.-  156.    0.0000E+00   0.0000E+00   0.0000E+00   0.0000E+00   0.0000E+00       0       0       0
   156.-  158.    0.0000E+00   0.0000E+00   0.0000E+00   0.0000E+00   0.0000E+00       0       0       0
   158.-  160.    0.0000E+00   0.0000E+00   0.0000E+00   0.0000E+00   0.0000E+00       0       0       0
   160.-  162.    0.0000E+00   0.0000E+00   0.0000E+00   0.0000E+00   0.0000E+00       0       0       0
   162.-  164.    0.0000E+00   0.0000E+00   0.0000E+00   0.0000E+00   0.0000E+00       0       0       0
   164.-  166.    0.0000E+00   0.0000E+00   0.0000E+00   0.0000E+00   0.0000E+00       0       0       0
   166.-  168.    0.0000E+00   0.0000E+00   0.0000E+00   0.0000E+00   0.0000E+00       0       0       0
   168.-  170.    0.0000E+00   0.0000E+00   0.0000E+00   0.0000E+00   0.0000E+00       0       0       0
   170.-  172.    0.0000E+00   0.0000E+00   0.0000E+00   0.0000E+00   0.0000E+00       0       0       0
   172.-  174.    0.0000E+00   0.0000E+00   0.0000E+00   0.0000E+00   0.0000E+00       0       0       0
   174.-  176.    0.0000E+00   0.0000E+00   0.0000E+00   0.0000E+00   0.0000E+00       0       0       0
   176.-  178.    0.0000E+00   0.0000E+00   0.0000E+00   0.0000E+00   0.0000E+00       0       0       0
   178.-  180.    0.0000E+00   0.0000E+00   0.0000E+00   0.0000E+00   0.0000E+00       0       0       0
   180.-  182.    0.0000E+00   0.0000E+00   0.0000E+00   0.0000E+00   0.0000E+00       0       0       0
   182.-  184.    0.0000E+00   0.0000E+00   0.0000E+00   0.0000E+00   0.0000E+00       0       0       0
   184.-  186.    0.0000E+00   0.0000E+00   0.0000E+00   0.0000E+00   0.0000E+00       0       0       0
   186.-  188.    0.0000E+00   0.0000E+00   0.0000E+00   0.0000E+00   0.0000E+00       0       0       0
   188.-  190.    0.0000E+00   0.0000E+00   0.0000E+00   0.0000E+00   0.0000E+00       0       0       0
   190.-  192.    0.0000E+00   0.0000E+00   0.0000E+00   0.0000E+00   0.0000E+00       0       0       0
   192.-  194.    0.0000E+00   0.0000E+00   0.0000E+00   0.0000E+00   0.0000E+00       0       0       0
   194.-  196.    0.0000E+00   0.0000E+00   0.0000E+00   0.0000E+00   0.0000E+00       0       0       0
   196.-  198.    0.0000E+00   0.0000E+00   0.0000E+00   0.0000E+00   0.0000E+00       0       0       0
   198.-  200.    0.0000E+00   0.0000E+00   0.0000E+00   0.0000E+00   0.0000E+00       0       0       0

                  9.6908E+07   1.2929E+09   1.1009E+09   4.6925E+08   6.3163E+08 5507896 5507896       0
1     BACKWARD SPUTTERING



        ALL SPUTTERED PARTICLES =   72398   TOTAL SPUTTERED ENERGY = 0.3048E+07 EV


        SPUTTERED PARTICLES (1.LAYER) =   72398   SPUTTERED ENERGY = 0.3048E+07 EV


 1.LAYER
         SPUTTERED PARTICLES(1) =   72398     SPUTTERED ENERGY(1) = 0.3048E+07 EV

         ION IN , PRIMARY KO(1) =   14641   0.2022   0.2022    ENERGY = 0.1196E+07 EV   0.3923   0.3923    MEAN ENERGY = 0.8168E+02
         ION IN , SECOND. KO(1) =   57756   0.7978   0.7978    ENERGY = 0.1852E+07 EV   0.6077   0.6077    MEAN ENERGY = 0.3207E+02
        ION OUT , PRIMARY KO(1) =       0   0.0000   0.0000    ENERGY = 0.0000E+00 EV   0.0000   0.0000    MEAN ENERGY = 0.0000E+00
        ION OUT , SECOND. KO(1) =       1   0.0000   0.0000    ENERGY = 0.1991E+01 EV   0.0000   0.0000    MEAN ENERGY = 0.1991E+01


     SPUTTERING YIELD(1) =  7.240E-01  SPUTTERED ENERGY(1) =  4.604E-03  REL.MEAN ENERGY(1) =  6.360E-03  MEAN ENERGY(1) =  4.211E+01

                       MEAN        VARIANCE      SKEWNESS      KURTOSIS        SIGMA       ERROR 1.M     ERROR 2.M     ERROR 3.M 
    ENERGY(1)       4.2107E+01    5.2449E+03    4.5900E+00    3.5016E+01    7.2422E+01    2.6916E-01    1.1369E+02    1.0726E-01
 LOGENERGY(1)       1.2441E+00    3.4499E-01   -2.1943E-02    2.8650E+00    5.8736E-01    2.1832E-03    1.7512E-03    8.1759E-03

                     1.MOMENT      2.MOMENT      3.MOMENT      4.MOMENT      5.MOMENT      6.MOMENT 
    ENERGY(1)       4.2107E+01    7.0178E+03    2.4807E+06    1.3158E+09    9.0074E+11    7.4023E+14
 LOGENERGY(1)       1.2441E+00    1.8929E+00    3.2090E+00    5.9188E+00    1.1633E+01    2.4063E+01



     POLAR ANGULAR DISTRIBUTION OF ALL BACKWARD SPUTTERED PARTICLES


       0.00  0.00  0.00  0.00  0.00  0.00  0.00  0.00  0.00  0.00  0.00  0.00  0.00  0.00  0.00  0.00  0.00  0.00  0.00  0.00

        144   403   672   993  1347  1767  2219  2543  3068  3524  3878  4302  4735  5075  5579  5768  6008  6318  6737  7318
      0.040 0.111 0.186 0.274 0.372 0.488 0.613 0.703 0.848 0.974 1.071 1.188 1.308 1.402 1.541 1.593 1.660 1.745 1.861 2.022
1 LOG ENERGY - COS OF EMISSION ANGLE (0.05 STEPS)   (BACKWARD SPUTTERED PARTICLES) ; 1. LAYER ; SPECIES 1


   0.0000E+00    1    2    3    4    5    6    7    8    9   10   11   12   13   14   15   16   17   18   19   20     0  0.0000E+00
   0.1000E+00    0    0    1    0    0    1    0    0    3    0    0    2    1    1    3    0    0    1    0    2    15  0.1500E-02
   0.1212E+00    0    0    0    0    0    0    0    0    0    0    0    0    0    0    0    0    0    0    0    0     0  0.0000E+00
   0.1468E+00    0    0    0    0    0    0    0    0    0    0    0    0    0    0    0    0    0    0    0    0     0  0.0000E+00
   0.1778E+00    0    0    0    0    0    0    0    0    0    0    0    0    0    0    0    0    0    0    0    0     0  0.0000E+00
   0.2154E+00    0    0    0    0    0    0    0    0    0    0    0    0    0    0    0    0    0    0    0    0     0  0.0000E+00
   0.2610E+00    0    0    0    0    0    0    0    0    0    0    0    0    0    0    0    0    0    0    0    0     0  0.0000E+00
   0.3162E+00    0    0    0    0    0    0    0    0    0    0    0    0    0    0    0    0    0    0    0    0     0  0.0000E+00
   0.3831E+00    0    0    0    0    0    0    0    0    0    0    0    0    0    0    0    0    0    0    0    0     0  0.0000E+00
   0.4642E+00    0    0    0    0    0    0    0    0    0    0    0    0    0    0    0    0    0    0    0    0     0  0.0000E+00
   0.5623E+00    0    0    0    0    0    0    0    0    0    0    0    0    0    0    0    0    0    0    0    0     0  0.0000E+00
   0.6813E+00    0    0    0    0    0    0    0    0    0    0    0    0    0    0    0    0    0    0    0    0     0  0.0000E+00
   0.8254E+00    0    0    0    0    0    0    0    0    0    0    0    0    0    0    0    0    0    0    0    0     0  0.0000E+00
   0.1000E+01    0    0    0    0    0    0    0    0    0    0    0    0    0    0    0    0    0    0    0    0     0  0.0000E+00
   0.1212E+01    0    0    0    0    0    0    0    0    0    0    0    0    0    0    0    0    0    0    0    0     0  0.0000E+00
   0.1468E+01    0    0    0    0    0    0    0    0    0    0    0    0    0    0    0    0    0    0    0    0     0  0.0000E+00
   0.1778E+01    0    0    0    0    0    0    0    0    0    0    0    0    0    0    0    0    0    0    0    0     0  0.0000E+00
   0.2154E+01    0    0    0    0    0    0    0    0    0    0    0    0    0    0    0    0    0    0    0    0     0  0.0000E+00
   0.2610E+01    0    0    0    0    0    0    0    0    0    0    0    0    0    0    0    0    0    0    0    0     0  0.0000E+00
   0.3162E+01    0    0    0    0    0    0    0    0    0    0    0    0    0    0    0    0    0    0    0    0     0  0.0000E+00
   0.3831E+01    0    0    0    0    0    0    0    0    0    0    0    0    0    0    0    0    0    0    0    0     0  0.0000E+00
   0.4642E+01    0    0    0    0    0    0    0    0    0    0    0    0    0    0    0    0    0    0    0    0     0  0.0000E+00
   0.5623E+01    0    0    0    0    0    0    0    0    0    0    0    0    0    0    0    0    0    0    0    0     0  0.0000E+00
   0.6813E+01    0    0    0    0    0    0    0    0    0    0    0    0    0    0    0    0    0    0    0    0     0  0.0000E+00
   0.8254E+01    0    0    0    0    0    0    0    0    0    0    0    0    0    0    0    0    0    0    0    0     0  0.0000E+00
   0.1000E+02    0    0    0    0    0    0    0    0    0    0    0    0    0    0    0    0    0    0    0    0     0  0.0000E+00
   0.1212E+02    0    0    0    0    0    0    0    0    0    0    0    0    0    0    0    0    0    0    0    0     0  0.0000E+00
   0.1468E+02    0    0    0    0    0    0    0    0    0    0    0    0    0    0    0    0    0    0    0    0     0  0.0000E+00
   0.1778E+02    0    0    0    0    0    0    0    0    0    0    0    0    0    0    0    0    0    0    0    0     0  0.0000E+00
   0.2154E+02    0    0    0    0    0    0    0    0    0    0    0    0    0    0    0    0    0    0    0    0     0  0.0000E+00
   0.2610E+02    0    0    0    0    0    0    0    0    0    0    0    0    0    0    0    0    0    0    0    0     0  0.0000E+00
   0.3162E+02    0    0    0    0    0    0    0    0    0    0    0    0    0    0    0    0    0    0    0    0     0  0.0000E+00
   0.3831E+02    0    0    0    0    0    0    0    0    0    0    0    0    0    0    0    0    0    0    0    0     0  0.0000E+00
   0.4642E+02    0    0    0    0    0    0    0    0    0    0    0    0    0    0    0    0    0    0    0    0     0  0.0000E+00
   0.5623E+02    0    0    0    0    0    0    0    0    0    0    0    0    0    0    0    0    0    0    0    0     0  0.0000E+00
   0.6813E+02    0    0    0    0    0    0    0    0    0    0    0    0    0    0    0    0    0    0    0    0     0  0.0000E+00
   0.8254E+02    0    0    0    0    0    0    0    0    0    0    0    0    0    0    0    0    0    0    0    0     0  0.0000E+00
   0.1000E+03    0    0    0    0    0    0    0    0    0    0    0    0    0    0    0    0    0    0    0    0     0  0.0000E+00
   0.1212E+03    0    0    0    0    0    0    0    0    0    0    0    0    0    0    0    0    0    0    0    0     0  0.0000E+00
   0.1468E+03    0    0    0    0    0    0    0    0    0    0    0    0    0    0    0    0    0    0    0    0     0  0.0000E+00
   0.1778E+03    0    0    0    0    0    0    0    0    0    0    0    0    0    0    0    0    0    0    0    0     0  0.0000E+00
   0.2154E+03    0    0    0    0    0    0    0    0    0    0    0    0    0    0    0    0    0    0    0    0     0  0.0000E+00
   0.2610E+03    0    0    0    0    0    0    0    0    0    0    0    0    0    0    0    0    0    0    0    0     0  0.0000E+00
   0.3162E+03    0    0    0    0    0    0    0    0    0    0    0    0    0    0    0    0    0    0    0    0     0  0.0000E+00
   0.3831E+03    0    0    0    0    0    0    0    0    0    0    0    0    0    0    0    0    0    0    0    0     0  0.0000E+00
   0.4642E+03    0    0    0    0    0    0    0    0    0    0    0    0    0    0    0    0    0    0    0    0     0  0.0000E+00
   0.5623E+03    0    0    0    0    0    0    0    0    0    0    0    0    0    0    0    0    0    0    0    0     0  0.0000E+00
   0.6813E+03    0    0    0    0    0    0    0    0    0    0    0    0    0    0    0    0    0    0    0    0     0  0.0000E+00
   0.8254E+03    0    0    0    0    0    0    0    0    0    0    0    0    0    0    0    0    0    0    0    0     0  0.0000E+00
   0.1000E+04    0    0    0    0    0    0    0    0    0    0    0    0    0    0    0    0    0    0    0    0     0  0.0000E+00
   0.1212E+04    0    0    0    0    0    0    0    0    0    0    0    0    0    0    0    0    0    0    0    0     0  0.0000E+00
   0.1468E+04    0    0    0    0    0    0    0    0    0    0    0    0    0    0    0    0    0    0    0    0     0  0.0000E+00
   0.1778E+04    0    0    0    0    0    0    0    0    0    0    0    0    0    0    0    0    0    0    0    0     0  0.0000E+00
   0.2154E+04    0    0    0    0    0    0    0    0    0    0    0    0    0    0    0    0    0    0    0    0     0  0.0000E+00
   0.2610E+04    0    0    0    0    0    0    0    0    0    0    0    0    0    0    0    0    0    0    0    0     0  0.0000E+00
   0.3162E+04    0    0    0    0    0    0    0    0    0    0    0    0    0    0    0    0    0    0    0    0     0  0.0000E+00
   0.3831E+04    0    0    0    0    0    0    0    0    0    0    0    0    0    0    0    0    0    0    0    0     0  0.0000E+00
   0.4642E+04    0    0    0    0    0    0    0    0    0    0    0    0    0    0    0    0    0    0    0    0     0  0.0000E+00
   0.5623E+04    0    0    0    0    0    0    0    0    0    0    0    0    0    0    0    0    0    0    0    0     0  0.0000E+00
   0.6813E+04    0    0    0    0    0    0    0    0    0    0    0    0    0    0    0    0    0    0    0    0     0  0.0000E+00
   0.8254E+04    0    0    0    0    0    0    0    0    0    0    0    0    0    0    0    0    0    0    0    0     0  0.0000E+00
   0.1000E+05    0    0    0    0    0    0    0    0    0    0    0    0    0    0    0    0    0    0    0    0     0  0.0000E+00
   0.1212E+05    0    0    0    0    0    0    0    0    0    0    0    0    0    0    0    0    0    0    0    0     0  0.0000E+00
   0.1468E+05    0    0    0    0    0    0    0    0    0    0    0    0    0    0    0    0    0    0    0    0     0  0.0000E+00
   0.1778E+05    0    0    0    0    0    0    0    0    0    0    0    0    0    0    0    0    0    0    0    0     0  0.0000E+00
   0.2154E+05    0    0    0    0    0    0    0    0    0    0    0    0    0    0    0    0    0    0    0    0     0  0.0000E+00
   0.2610E+05    0    0    0    0    0    0    0    0    0    0    0    0    0    0    0    0    0    0    0    0     0  0.0000E+00
   0.3162E+05    0    0    0    0    0    0    0    0    0    0    0    0    0    0    0    0    0    0    0    0     0  0.0000E+00
   0.3831E+05    0    0    0    0    0    0    0    0    0    0    0    0    0    0    0    0    0    0    0    0     0  0.0000E+00
   0.4642E+05    0    0    0    0    0    0    0    0    0    0    0    0    0    0    0    0    0    0    0    0     0  0.0000E+00
   0.5623E+05    0    0    0    0    0    0    0    0    0    0    0    0    0    0    0    0    0    0    0    0     0  0.0000E+00
   0.6813E+05    0    0    0    0    0    0    0    0    0    0    0    0    0    0    0    0    0    0    0    0     0  0.0000E+00
   0.8254E+05    0    0    0    0    0    0    0    0    0    0    0    0    0    0    0    0    0    0    0    0     0  0.0000E+00
   0.1000E+06    0    0    0    0    0    0    0    0    0    0    0    0    0    0    0    0    0    0    0    0     0  0.0000E+00
   0.0000E+00  288  806 1343 1986 2694 3533 4438 5086 6133 7048 7756 8602 946910149111551153612016126351347414634144781  0.0000E+00
1ENERGY(E/E0 IN %) - POLAR ANGLE IN COS-INTERVALS (0.05)  (BACKWARD SPUTTERED PARTICLES) , 1.LAYER , SPECIES 1

     0    1    2    3    4    5    6    7    8    9   10   11   12   13   14   15   16   17   18   19   20      0
     1  130  379  598  843 1113 1454 1793 2012 2404 2799 3063 3360 3834 4137 4574 4762 5067 5400 5848 6495  60065
     2   10   16   53   82  124  157  221  265  341  372  416  484  494  538  593  612  605  589  569  549   7090
     3    4    4   16   32   50   72   91  111  131  147  175  187  212  186  204  192  170  163  194  173   2514
     4    0    3    3   15   26   37   34   54   72   93   91  113   81   88   82   98   75   84   61   56   1166
     5    0    1    1    8   14   22   25   38   39   38   51   48   45   46   61   45   42   35   37   20    616
     6    0    0    0    4    8    6   19   25   31   27   23   47   23   40   29   21   23   27   12   13    378
     7    0    0    1    2    3    9   13   18   11   20   26   27   13   21   13   12   14   10    5    4    222
     8    0    0    0    2    4    1    3    5    7    6   12   15   10    6    8    7    6    4    8    1    105
     9    0    0    0    2    3    4    5    4   15    9    4    7    7    3    4   12    2    3    0    3     87
    10    0    0    0    1    1    1    7    6   10    5    3    6    6    3    2    3    0    1    2    3     60
    11    0    0    0    0    0    1    4    0    2    3    7    2    6    2    6    1    2    1    0    0     37
    12    0    0    0    2    1    0    1    2    1    4    4    1    1    1    1    3    1    0    1    1     25
    13    0    0    0    0    0    2    2    2    1    1    2    3    1    0    1    0    0    1    0    0     16
    14    0    0    0    0    0    0    0    0    3    0    1    1    1    1    0    0    0    0    0    0      7
    15    0    0    0    0    0    0    0    0    0    0    0    0    1    1    0    0    0    0    0    0      2
    16    0    0    0    0    0    1    0    0    0    0    0    0    0    0    1    0    0    0    0    0      2
    17    0    0    0    0    0    0    1    0    0    0    0    0    0    1    0    0    0    0    0    0      2
    18    0    0    0    0    0    0    0    0    0    0    0    0    0    1    0    0    1    0    0    0      2
    19    0    0    0    0    0    0    0    1    0    0    0    0    0    0    0    0    0    0    0    0      1
    20    0    0    0    0    0    0    0    0    0    0    0    0    0    0    0    0    0    0    0    0      0
    21    0    0    0    0    0    0    0    0    0    0    0    0    0    0    0    0    0    0    0    0      0
    22    0    0    0    0    0    0    0    0    0    0    0    0    0    0    0    0    0    0    0    0      0
    23    0    0    0    0    0    0    0    0    0    0    0    1    0    0    0    0    0    0    0    0      1
    24    0    0    0    0    0    0    0    0    0    0    0    0    0    0    0    0    0    0    0    0      0
    25    0    0    0    0    0    0    0    0    0    0    0    0    0    0    0    0    0    0    0    0      0
    26    0    0    0    0    0    0    0    0    0    0    0    0    0    0    0    0    0    0    0    0      0
    27    0    0    0    0    0    0    0    0    0    0    0    0    0    0    0    0    0    0    0    0      0
    28    0    0    0    0    0    0    0    0    0    0    0    0    0    0    0    0    0    0    0    0      0
    29    0    0    0    0    0    0    0    0    0    0    0    0    0    0    0    0    0    0    0    0      0
    30    0    0    0    0    0    0    0    0    0    0    0    0    0    0    0    0    0    0    0    0      0
    31    0    0    0    0    0    0    0    0    0    0    0    0    0    0    0    0    0    0    0    0      0
    32    0    0    0    0    0    0    0    0    0    0    0    0    0    0    0    0    0    0    0    0      0
    33    0    0    0    0    0    0    0    0    0    0    0    0    0    0    0    0    0    0    0    0      0
    34    0    0    0    0    0    0    0    0    0    0    0    0    0    0    0    0    0    0    0    0      0
    35    0    0    0    0    0    0    0    0    0    0    0    0    0    0    0    0    0    0    0    0      0
    36    0    0    0    0    0    0    0    0    0    0    0    0    0    0    0    0    0    0    0    0      0
    37    0    0    0    0    0    0    0    0    0    0    0    0    0    0    0    0    0    0    0    0      0
    38    0    0    0    0    0    0    0    0    0    0    0    0    0    0    0    0    0    0    0    0      0
    39    0    0    0    0    0    0    0    0    0    0    0    0    0    0    0    0    0    0    0    0      0
    40    0    0    0    0    0    0    0    0    0    0    0    0    0    0    0    0    0    0    0    0      0
    41    0    0    0    0    0    0    0    0    0    0    0    0    0    0    0    0    0    0    0    0      0
    42    0    0    0    0    0    0    0    0    0    0    0    0    0    0    0    0    0    0    0    0      0
    43    0    0    0    0    0    0    0    0    0    0    0    0    0    0    0    0    0    0    0    0      0
    44    0    0    0    0    0    0    0    0    0    0    0    0    0    0    0    0    0    0    0    0      0
    45    0    0    0    0    0    0    0    0    0    0    0    0    0    0    0    0    0    0    0    0      0
    46    0    0    0    0    0    0    0    0    0    0    0    0    0    0    0    0    0    0    0    0      0
    47    0    0    0    0    0    0    0    0    0    0    0    0    0    0    0    0    0    0    0    0      0
    48    0    0    0    0    0    0    0    0    0    0    0    0    0    0    0    0    0    0    0    0      0
    49    0    0    0    0    0    0    0    0    0    0    0    0    0    0    0    0    0    0    0    0      0
    50    0    0    0    0    0    0    0    0    0    0    0    0    0    0    0    0    0    0    0    0      0
    51    0    0    0    0    0    0    0    0    0    0    0    0    0    0    0    0    0    0    0    0      0
    52    0    0    0    0    0    0    0    0    0    0    0    0    0    0    0    0    0    0    0    0      0
    53    0    0    0    0    0    0    0    0    0    0    0    0    0    0    0    0    0    0    0    0      0
    54    0    0    0    0    0    0    0    0    0    0    0    0    0    0    0    0    0    0    0    0      0
    55    0    0    0    0    0    0    0    0    0    0    0    0    0    0    0    0    0    0    0    0      0
    56    0    0    0    0    0    0    0    0    0    0    0    0    0    0    0    0    0    0    0    0      0
    57    0    0    0    0    0    0    0    0    0    0    0    0    0    0    0    0    0    0    0    0      0
    58    0    0    0    0    0    0    0    0    0    0    0    0    0    0    0    0    0    0    0    0      0
    59    0    0    0    0    0    0    0    0    0    0    0    0    0    0    0    0    0    0    0    0      0
    60    0    0    0    0    0    0    0    0    0    0    0    0    0    0    0    0    0    0    0    0      0
    61    0    0    0    0    0    0    0    0    0    0    0    0    0    0    0    0    0    0    0    0      0
    62    0    0    0    0    0    0    0    0    0    0    0    0    0    0    0    0    0    0    0    0      0
    63    0    0    0    0    0    0    0    0    0    0    0    0    0    0    0    0    0    0    0    0      0
    64    0    0    0    0    0    0    0    0    0    0    0    0    0    0    0    0    0    0    0    0      0
    65    0    0    0    0    0    0    0    0    0    0    0    0    0    0    0    0    0    0    0    0      0
    66    0    0    0    0    0    0    0    0    0    0    0    0    0    0    0    0    0    0    0    0      0
    67    0    0    0    0    0    0    0    0    0    0    0    0    0    0    0    0    0    0    0    0      0
    68    0    0    0    0    0    0    0    0    0    0    0    0    0    0    0    0    0    0    0    0      0
    69    0    0    0    0    0    0    0    0    0    0    0    0    0    0    0    0    0    0    0    0      0
    70    0    0    0    0    0    0    0    0    0    0    0    0    0    0    0    0    0    0    0    0      0
    71    0    0    0    0    0    0    0    0    0    0    0    0    0    0    0    0    0    0    0    0      0
    72    0    0    0    0    0    0    0    0    0    0    0    0    0    0    0    0    0    0    0    0      0
    73    0    0    0    0    0    0    0    0    0    0    0    0    0    0    0    0    0    0    0    0      0
    74    0    0    0    0    0    0    0    0    0    0    0    0    0    0    0    0    0    0    0    0      0
    75    0    0    0    0    0    0    0    0    0    0    0    0    0    0    0    0    0    0    0    0      0
    76    0    0    0    0    0    0    0    0    0    0    0    0    0    0    0    0    0    0    0    0      0
    77    0    0    0    0    0    0    0    0    0    0    0    0    0    0    0    0    0    0    0    0      0
    78    0    0    0    0    0    0    0    0    0    0    0    0    0    0    0    0    0    0    0    0      0
    79    0    0    0    0    0    0    0    0    0    0    0    0    0    0    0    0    0    0    0    0      0
    80    0    0    0    0    0    0    0    0    0    0    0    0    0    0    0    0    0    0    0    0      0
    81    0    0    0    0    0    0    0    0    0    0    0    0    0    0    0    0    0    0    0    0      0
    82    0    0    0    0    0    0    0    0    0    0    0    0    0    0    0    0    0    0    0    0      0
    83    0    0    0    0    0    0    0    0    0    0    0    0    0    0    0    0    0    0    0    0      0
    84    0    0    0    0    0    0    0    0    0    0    0    0    0    0    0    0    0    0    0    0      0
    85    0    0    0    0    0    0    0    0    0    0    0    0    0    0    0    0    0    0    0    0      0
    86    0    0    0    0    0    0    0    0    0    0    0    0    0    0    0    0    0    0    0    0      0
    87    0    0    0    0    0    0    0    0    0    0    0    0    0    0    0    0    0    0    0    0      0
    88    0    0    0    0    0    0    0    0    0    0    0    0    0    0    0    0    0    0    0    0      0
    89    0    0    0    0    0    0    0    0    0    0    0    0    0    0    0    0    0    0    0    0      0
    90    0    0    0    0    0    0    0    0    0    0    0    0    0    0    0    0    0    0    0    0      0
    91    0    0    0    0    0    0    0    0    0    0    0    0    0    0    0    0    0    0    0    0      0
    92    0    0    0    0    0    0    0    0    0    0    0    0    0    0    0    0    0    0    0    0      0
    93    0    0    0    0    0    0    0    0    0    0    0    0    0    0    0    0    0    0    0    0      0
    94    0    0    0    0    0    0    0    0    0    0    0    0    0    0    0    0    0    0    0    0      0
    95    0    0    0    0    0    0    0    0    0    0    0    0    0    0    0    0    0    0    0    0      0
    96    0    0    0    0    0    0    0    0    0    0    0    0    0    0    0    0    0    0    0    0      0
    97    0    0    0    0    0    0    0    0    0    0    0    0    0    0    0    0    0    0    0    0      0
    98    0    0    0    0    0    0    0    0    0    0    0    0    0    0    0    0    0    0    0    0      0
    99    0    0    0    0    0    0    0    0    0    0    0    0    0    0    0    0    0    0    0    0      0
   100    0    0    0    0    0    0    0    0    0    0    0    0    0    0    0    0    0    0    0    0      0
     0  144  403  672  993 1347 1767 2219 2543 3068 3524 3878 4302 4735 5075 5579 5768 6008 6318 6737 7318  72398
1AZIMUTHAL ANGLE - POLAR ANGLE IN COS-INTERVALS (0.05) (BACKWARD SPUTTERED PARTICLES) , 1.LAYER , SPECIES 1

     0    1    2    3    4    5    6    7    8    9   10   11   12   13   14   15   16   17   18   19   20      0
     3    1    9   15   13   24   28   29   50   63   50   71   73   89   84   85  100   93  105  108  118   1208
     6    0    5    7   22   22   31   32   55   54   57   70   57   67   77   93   95  108  106  123  122   1203
     9    2    7    9   18   21   27   29   33   59   77   55   69   77   77   95  134   87   98   92  113   1179
    12    3    6    5   11   22   37   45   57   48   58   54   68   81   69   95   93   99  103  113  125   1192
    15    4    6   14   12   18   28   42   40   61   58   68   69   80   69   86   95   95  104  130  119   1198
    18    2    8   10   21   22   36   41   39   65   61   65   75   76   93   86  106   95  116  119  115   1251
    21    0    6    6   22   27   23   32   39   59   58   63   69   82   83   85  109  106   95  103  109   1176
    24    1    8   11   13   26   28   29   44   46   57   62   86   76   83   88   88  102   93  130  125   1196
    27    3    8   15   22   23   35   33   36   69   49   51   67   74   71  112   81  106   89  109  121   1174
    30    1    3    5   15   25   27   37   44   52   59   65   75   71   78   87   83  109  110  114  135   1195
    33    2    3   14   14   26   31   30   45   46   58   58   84   77   98  102   79   97  118  105  128   1215
    36    3    8   15   13   28   26   30   41   49   47   63   88   73   84   96   95   95  122  135  125   1236
    39    2    6    9   20   23   38   44   37   43   57   70   74   84   78   71   87   99  107  100  133   1182
    42    1   11    8   25   19   35   41   46   55   87   76   69   76   82   95  100   92  108  103  138   1267
    45    2    8   11   12   21   25   29   49   49   62   82   76   70   89   93   98   99  114   91  136   1216
    48    3    8    6   20   21   34   36   44   66   54   61   63   94   83   84   83  117  112  122  109   1220
    51    1    7   12   20   32   35   38   42   39   51   72   58   68   83   99  103  113   95  125  132   1225
    54    0    6   13   13   23   27   40   40   41   65   59   76   78   85  100   89   97  117  129  129   1227
    57    1    2   12   24   18   26   43   47   54   58   56   78   80   77   95  102   97  117  108  131   1226
    60    4    5    8   14   21   30   36   45   54   57   67   79   84   85   97  100  103  107  120  123   1239
    63    4    3   10   19   19   32   37   34   58   53   57   82   79   82   99  106  109  101  112  111   1207
    66    3    6   16   14   23   28   50   40   47   58   61   65   69   81  100   76  108  104  101  109   1159
    69    1    7   13   18   32   33   35   40   45   53   71   68   77   73   92  109   94  108  102  128   1199
    72    4    6   15   15   19   34   36   46   47   59   70   57   72   93   78   98   95  102  103  116   1165
    75    4    8   13   20   23   24   33   53   53   51   62   72   82   95   92   88   96  114  123  113   1219
    78    2    6   14   15   24   33   37   44   54   75   59   59   80   91  100   90  114  109  110  121   1237
    81    5    8    7   19   14   33   35   42   40   51   70   68   79   83   95   85   97   90  117  128   1166
    84    1    6   15   16   25   20   48   35   42   67   62   72   64  107   99   97   98  119  136  109   1238
    87    1    4   11   16   19   24   39   54   53   50   70   56   83   78   81   81  101   90  117  113   1141
    90    5    7    9   15   14   26   33   42   55   59   65   80   72   92   96  100  103   94  105  144   1216
    93    4    4   13   25   12   24   28   47   56   66   76   60   87   86   88   86  102  102  123  113   1202
    96    5    6   12   15   36   41   32   43   53   52   54   67   69   81  105   94  108  113  122  126   1234
    99    3    4   12   14   22   18   43   48   44   48   55   77   85   90  124  104   91  115   96  126   1219
   102    4    7    6   12   15   27   38   43   50   64   64   78   92   82   85  105   91  101  120  122   1206
   105    4    7   10   14   16   25   48   45   49   54   62   82   86   84   95  108  112  104  106  120   1231
   108    4    8    4   11   20   33   41   45   56   67   69   76   90   79   78   90   98   88   89  124   1170
   111    2    8   12   16   28   24   34   29   44   65   68   70   70   93   91   90   97  106   95  115   1157
   114    5   10   16   17   23   32   37   35   46   64   64   80   66   69   82  117   97  120  102  122   1204
   117    2    5    6   16   33   27   29   37   58   56   82   62   70   77   91   91   97  116  118  114   1187
   120    5    9   15   18   20   33   40   36   40   58   66   73   78   84   91  102  116   85   95  120   1184
   123    0    5   15   19   18   35   41   51   57   69   69   75   87   83   99   96   86  107  117  129   1258
   126    1    2   13   11   23   34   38   35   51   60   61   72   82   76   83   88   96  102   95  135   1158
   129    1   16    8   14   29   23   32   51   61   55   55   75   79   92   92  103   87   95   98  128   1194
   132    4    6    7    8   20   34   27   37   50   58   73   67   73   95   96  105  107  115  111  138   1231
   135    1   11    9   19   24   31   35   40   57   50   55   70   81   84   82   96   92   94  115  112   1158
   138    1    6   14   23   25   24   32   52   59   67   66   74   84   97   86  101  116   90  111  124   1252
   141    4    8   13   16   23   29   47   38   39   55   58   82   74   83  106  102   96  115  106  119   1213
   144    1    7    7   17   26   26   48   45   52   60   66   59   69   80   75  105   97  117  134  101   1192
   147    4    7   14   13   17   43   39   35   45   66   75   80   75   80   85  104  112  104  103  123   1224
   150    3    9   17   15   18   19   33   44   41   78   61   76   82   90   82  104  121  113  126  104   1236
   153    1    8   18   16   20   25   42   34   55   55   64   71   81   75  113   77   80   91  114  114   1154
   156    2    2    9   17   23   26   43   41   48   53   67   69   81   84  104  100   97  100  119  122   1207
   159    3    7   13   23   30   27   45   32   51   57   59   77   75  109  101   90  123  113   96  142   1273
   162    3   13    9   11   21   33   33   42   49   66   78   71   79   80   93  101   91  110  128  123   1234
   165    2    6    9   20   25   32   37   35   50   49   75   74   92   85  113   85   97  115  102  130   1233
   168    3    8   15   23   18   25   31   40   46   63   58   60   91   86  108   97   80  111  118  122   1203
   171    1    6   11   13   19   40   43   39   50   53   62   72   83   81   97  105  108  119  123  121   1246
   174    3    5   14   13   21   28   32   53   42   48   52   58   86   81   90   95  105  101  112  141   1180
   177    0    6   15   16   24   32   31   43   57   56   58   74   79  113   76   85   75   98  112  103   1153
   180    2    6    8   17   24   23   41   45   46   56   71   89   95   93   92   92  109   91  126  107   1233
     0  144  403  672  993 1347 1767 2219 2543 3068 3524 3878 4302 4735 5075 5579 5768 6008 6318 6737 7318  72398
