1
      *** PROGRAM TRVMC95 ***


                              * INPUT DATA *


       Z1        M1          E0       ALPHA       EF        ESB      SHEATH     ERC
     18.00     39.95      1148.00      0.00      0.10      0.00   3444.00      4.70

       NH        RI           X0        RD        CW        CA       KK0   KK0R   KDEE1  KDEE2  IPOT   IPOTR   IRL
     99999 716381.00         0.00    100.00      2.00      1.00       2      2      3      3      1      1      3


             DX      RHO    CK  Z(,1) Z(,2) Z(,3) Z(,4) Z(,5)  M(,1)  M(,2)  M(,3)  M(,4)  M(,5) C(,1) C(,2) C(,3) C(,4) C(,5)

 1.LAYER 10000.00   2.25   1.00    6.    0.    0.    0.    0.  12.01   0.00   0.00   0.00   0.00 1.000 0.000 0.000 0.000 0.000


                           ***  SBE(LAYER,ELEMENT)  ***     ***     ED(LAYER,ELEMENT)     ***     ***   BE(LAYER,ELEMENT)  ***

 1.LAYER                   7.41  0.00  0.00  0.00  0.00     30.00   0.00   0.00   0.00   0.00     0.10  0.00  0.00  0.00  0.00


       INTERACTION POTENTIAL : PROJECTILE-TARGET : KR-C POTENTIAL     TARGET-TARGET : KR-C POTENTIAL    


       INELASTIC LOSS MODEL  : PROJECTILE-TARGET : 50% LS 50% OR      TARGET-TARGET : 50% LS 50% OR     
1

                              * OUTPUT DATA *


                 HLM       HLMT        SU       SUT        XC        RT       SFE      INEL         L        LJ
               0.0000 10000.000    3.5029 10003.503   -3.5029  9900.000      7.41         0         1         1


                NPROJ       KIB       KIT      MAXA      NALL       NPA       NSA       KIS      KIST
                28849         0         0       271  21590809   1560001  11932211     81269         0


            EPS0(I)       Z2(I)       M2(I)     ARHO(I)       LM(I)     PMAX(I)     ASIG(I)       SB(I)       XX(I)        NJ(I)

 1.LAYER   0.2251E-01  0.6000E+01  0.1201E+02  0.1128E+00  0.2070E+01  0.1168E+01  0.2335E+00  0.7410E+01  0.1000E+05         1


             A1(1)   A1(2)   A1(3)   A1(4)   A1(5)   A1(6)   A1(7)   A1(8)   A1(9)  A1(10)  A1(11)  A1(12)  A1(13)  A1(14)  A1(15)

           0.13193


           KOR1(1) KOR1(2) KOR1(3) KOR1(4) KOR1(5) KOR1(6) KOR1(7) KOR1(8) KOR1(9) KOR1(A) KOR1(B) KOR1(C) KOR1(D) KOR1(E) KOR1(F)

           0.73577


            A(I,1)  A(I,2)  A(I,3)  A(I,4)  A(I,5)  A(I,6)  A(I,7)  A(I,8)  A(I,9) A(I,10) A(I,11) A(I,12) A(I,13) A(I,14) A(I,15)

           0.16242


           KOR(,1) KOR(,2) KOR(,3) KOR(,4) KOR(,5) KOR(,6) KOR(,7) KOR(,8) KOR(,9) KOR(,A) KOR(,B) KOR(,C) KOR(,D) KOR(,E) KOR(,F)

           0.46963
1

         IMPLANTED PARTICLES=  99999     ENERGY=0.1148E+09 EV
     BACKSCATTERED PARTICLES=      0     ENERGY=0.0000E+00 EV
       TRANSMITTED PARTICLES=      0     ENERGY=0.0000E+00 EV
     BACKSPUTTERED PARTICLES=  30812     ENERGY=0.5117E+06 EV
    TRANSM. SPUTT. PARTICLES=      0     ENERGY=0.0000E+00 EV


  PROJECTILES :   MEAN NUMBER OF ELASTIC COLLISIONS =     16.8   MEAN NUMBER OF EL.COLL.(E > EDISPL.) =    7.333
                                                                 MEAN NUMBER OF EL.COLL.(E > SB(1))   =   14.771

                       MEAN        VARIANCE      SKEWNESS      KURTOSIS        SIGMA       ERROR 1.M     ERROR 2.M     ERROR 3.M 
  PENETRATION       2.7814E+01    6.4622E+01    3.9522E-01    2.9670E+00    8.0388E+00    2.5421E-02    2.8660E-01    7.0615E-03
       SPREAD       9.4841E+00    2.6372E+01    7.4060E-01    3.5274E+00    5.1354E+00    1.6240E-02    1.3258E-01    8.7935E-03
   PATHLENGTH       3.2786E+01    7.3032E+01    3.3111E-01    2.8982E+00    8.5459E+00    2.7025E-02    3.1819E-01    6.9658E-03
 ELASTIC LOSS       1.0871E+03    3.7468E+02                                1.9357E+01    1.9357E-04
   INEL. LOSS       6.0861E+01    3.7468E+02                                1.9357E+01    1.9357E-04

                       MEAN        VARIANCE      SKEWNESS      KURTOSIS        SIGMA       ERROR 1.M     ERROR 2.M     ERROR 3.M 
   ELAST.LOSS       6.0889E+01    9.3385E+03    3.3956E+00    1.7075E+01    9.6636E+01    7.4637E-02    2.8918E+01    5.3856E-03
 WEAK EL.LOSS       3.9621E+00    6.7513E+00    8.4199E-01    3.1497E+00    2.5983E+00    2.0068E-03    7.6454E-03    1.4023E-03
 INELAST.LOSS       3.6305E+00    5.0090E+00    7.9920E-03    1.7665E+00    2.2381E+00    1.7286E-03    3.3872E-03    1.1613E-03
  SUBTHR.LOSS       1.3781E+01    5.6981E+01    2.0803E-01    2.2697E+00    7.5486E+00    7.7731E-03    6.6116E-02    1.4181E-03

                     1.MOMENT      2.MOMENT      3.MOMENT      4.MOMENT      5.MOMENT      6.MOMENT 
  PENETRATION       2.7814E+01    8.3823E+02    2.7114E+04    9.3365E+05    3.3981E+07    1.2993E+09



  RECOILES (PER PROJ.)   :   MEAN NUMBER OF ELASTIC COLLISIONS =    211.1   MEAN NUMBER OF EL.COLL.(E > EDISPL.) =      8.869
                                                                            MEAN NUMBER OF EL.COLL.(E > SB(1))   =     64.254

  RECOILES (PER KNOCKON) :   MEAN NUMBER OF ELASTIC COLLISIONS =    1.565   MEAN NUMBER OF EL.COLL.(E > EDISPL.) =      0.066
                                                                            MEAN NUMBER OF EL.COLL.(E > SB(1))   =      0.476

1


     DEPTH(A)  PARTICLES  NORM.DEPTH PATHLENGTH   INLOSS(EV)  TELOSS(EV)  ELLOSS(EV)  DAMAGE(EV)  PHONON(EV)  CASCAD(EV)     DPA

    -SU-    0.         0  0.0000E+00
     0.-    2.         0  0.0000E+00         0    6.3836E+05  1.0216E+07  1.0015E+07  9.3750E+06  6.3966E+05  7.9133E+06   51049
     2.-    4.         0  0.0000E+00         0    6.3344E+05  1.0037E+07  9.8121E+06  9.1651E+06  6.4705E+05  7.7509E+06   52580
     4.-    6.         1  0.1000E-04         0    6.0061E+05  9.6842E+06  9.4289E+06  8.7590E+06  6.6989E+05  7.4261E+06   54275
     6.-    8.        25  0.2500E-03         0    5.6450E+05  9.4434E+06  9.1531E+06  8.4576E+06  6.9544E+05  7.1858E+06   55827
     8.-   10.       189  0.1890E-02         1    5.2661E+05  8.9939E+06  8.6590E+06  7.9229E+06  7.3618E+05  6.7490E+06   57171
    10.-   12.       632  0.6320E-02        42    4.8564E+05  8.5122E+06  8.1306E+06  7.3547E+06  7.7594E+05  6.2801E+06   57655
    12.-   14.      1672  0.1672E-01       216    4.4449E+05  8.0436E+06  7.6103E+06  6.7814E+06  8.2894E+05  5.8038E+06   57369
    14.-   16.      3167  0.3167E-01       684    3.9907E+05  7.3412E+06  6.8685E+06  5.9961E+06  8.7246E+05  5.1446E+06   55321
    16.-   18.      4931  0.4931E-01      1527    3.5260E+05  6.7018E+06  6.2036E+06  5.3059E+06  8.9767E+05  4.5609E+06   51893
    18.-   20.      6566  0.6566E-01      2843    3.0597E+05  5.9558E+06  5.4460E+06  4.5375E+06  9.0853E+05  3.9072E+06   47315
    20.-   22.      8034  0.8034E-01      4359    2.5964E+05  5.2017E+06  4.7026E+06  3.8303E+06  8.7232E+05  3.3035E+06   42054
    22.-   24.      9057  0.9057E-01      6042    2.1483E+05  4.3812E+06  3.9092E+06  3.0859E+06  8.2334E+05  2.6665E+06   36071
    24.-   26.      9621  0.9621E-01      7241    1.7334E+05  3.5737E+06  3.1443E+06  2.3899E+06  7.5434E+05  2.0686E+06   29500
    26.-   28.      9838  0.9838E-01      8211    1.3639E+05  2.8772E+06  2.5018E+06  1.8471E+06  6.5477E+05  1.6010E+06   23868
    28.-   30.      9094  0.9094E-01      9180    1.0423E+05  2.2355E+06  1.9194E+06  1.3687E+06  5.5067E+05  1.1877E+06   18411
    30.-   32.      8281  0.8281E-01      9520    7.8163E+04  1.7170E+06  1.4588E+06  1.0078E+06  4.5098E+05  8.7541E+05   13988
    32.-   34.      7173  0.7173E-01      9085    5.5992E+04  1.2469E+06  1.0448E+06  6.9087E+05  3.5388E+05  6.0080E+05   10010
    34.-   36.      5873  0.5873E-01      8524    3.9628E+04  8.8676E+05  7.3223E+05  4.5772E+05  2.7452E+05  3.9854E+05    6872
    36.-   38.      4727  0.4727E-01      7572    2.6777E+04  6.0384E+05  4.9187E+05  2.9384E+05  1.9802E+05  2.5618E+05    4631
    38.-   40.      3526  0.3526E-01      6355    1.7824E+04  4.1011E+05  3.3111E+05  1.9251E+05  1.3860E+05  1.6785E+05    3049
    40.-   42.      2561  0.2561E-01      5122    1.1464E+04  2.6303E+05  2.0905E+05  1.1264E+05  9.6407E+04  9.8372E+04    1870
    42.-   44.      1877  0.1877E-01      3871    6.9724E+03  1.6083E+05  1.2635E+05  6.3537E+04  6.2817E+04  5.5542E+04    1095
    44.-   46.      1245  0.1245E-01      3023    4.2942E+03  9.9985E+04  7.7503E+04  3.7404E+04  4.0099E+04  3.2730E+04     668
    46.-   48.       797  0.7970E-02      2194    2.4466E+03  5.8581E+04  4.5223E+04  2.1128E+04  2.4095E+04  1.8457E+04     362
    48.-   50.       452  0.4520E-02      1541    1.3553E+03  3.2968E+04  2.5105E+04  1.1326E+04  1.3779E+04  9.9204E+03     208
    50.-   52.       317  0.3170E-02      1074    7.2452E+02  1.7909E+04  1.3318E+04  5.3705E+03  7.9470E+03  4.7073E+03     102
    52.-   54.       175  0.1750E-02       709    3.6376E+02  8.8330E+03  6.4456E+03  2.1658E+03  4.2798E+03  1.9015E+03      44
    54.-   56.        91  0.9100E-03       437    1.7795E+02  4.3637E+03  3.1354E+03  8.6081E+02  2.2746E+03  7.5461E+02      16
    56.-   58.        48  0.4800E-03       282    6.8991E+01  1.6729E+03  1.1850E+03  2.8764E+02  8.9735E+02  2.5367E+02       7
    58.-   60.        13  0.1300E-03       170    2.4410E+01  5.7463E+02  3.9889E+02  6.3475E+01  3.3542E+02  5.6326E+01       2
    60.-   62.         7  0.7000E-04        92    1.2763E+01  3.3437E+02  2.2208E+02  3.4103E+01  1.8798E+02  3.0221E+01       1
    62.-   64.         7  0.7000E-04        47    3.4277E+00  8.2316E+01  5.1801E+01  0.0000E+00  5.1801E+01  0.0000E+00       0
    64.-   66.         2  0.2000E-04        12    7.7160E-01  1.7979E+01  1.1735E+01  0.0000E+00  1.1735E+01  0.0000E+00       0
    66.-   68.         0  0.0000E+00        11    0.0000E+00  0.0000E+00  0.0000E+00  0.0000E+00  0.0000E+00  0.0000E+00       0
    68.-   70.         0  0.0000E+00         6    0.0000E+00  0.0000E+00  0.0000E+00  0.0000E+00  0.0000E+00  0.0000E+00       0
    70.-   72.         0  0.0000E+00         5    0.0000E+00  0.0000E+00  0.0000E+00  0.0000E+00  0.0000E+00  0.0000E+00       0
    72.-   74.         0  0.0000E+00         1    0.0000E+00  0.0000E+00  0.0000E+00  0.0000E+00  0.0000E+00  0.0000E+00       0
    74.-   76.         0  0.0000E+00         0    0.0000E+00  0.0000E+00  0.0000E+00  0.0000E+00  0.0000E+00  0.0000E+00       0
    76.-   78.         0  0.0000E+00         0    0.0000E+00  0.0000E+00  0.0000E+00  0.0000E+00  0.0000E+00  0.0000E+00       0
    78.-   80.         0  0.0000E+00         0    0.0000E+00  0.0000E+00  0.0000E+00  0.0000E+00  0.0000E+00  0.0000E+00       0
    80.-   82.         0  0.0000E+00         0    0.0000E+00  0.0000E+00  0.0000E+00  0.0000E+00  0.0000E+00  0.0000E+00       0
    82.-   84.         0  0.0000E+00         0    0.0000E+00  0.0000E+00  0.0000E+00  0.0000E+00  0.0000E+00  0.0000E+00       0
    84.-   86.         0  0.0000E+00         0    0.0000E+00  0.0000E+00  0.0000E+00  0.0000E+00  0.0000E+00  0.0000E+00       0
    86.-   88.         0  0.0000E+00         0    0.0000E+00  0.0000E+00  0.0000E+00  0.0000E+00  0.0000E+00  0.0000E+00       0
    88.-   90.         0  0.0000E+00         0    0.0000E+00  0.0000E+00  0.0000E+00  0.0000E+00  0.0000E+00  0.0000E+00       0
    90.-   92.         0  0.0000E+00         0    0.0000E+00  0.0000E+00  0.0000E+00  0.0000E+00  0.0000E+00  0.0000E+00       0
    92.-   94.         0  0.0000E+00         0    0.0000E+00  0.0000E+00  0.0000E+00  0.0000E+00  0.0000E+00  0.0000E+00       0
    94.-   96.         0  0.0000E+00         0    0.0000E+00  0.0000E+00  0.0000E+00  0.0000E+00  0.0000E+00  0.0000E+00       0
    96.-   98.         0  0.0000E+00         0    0.0000E+00  0.0000E+00  0.0000E+00  0.0000E+00  0.0000E+00  0.0000E+00       0
    98.-  100.         0  0.0000E+00         0    0.0000E+00  0.0000E+00  0.0000E+00  0.0000E+00  0.0000E+00  0.0000E+00       0
   100.-  102.         0  0.0000E+00         0    0.0000E+00  0.0000E+00  0.0000E+00  0.0000E+00  0.0000E+00  0.0000E+00       0
   102.-  104.         0  0.0000E+00         0    0.0000E+00  0.0000E+00  0.0000E+00  0.0000E+00  0.0000E+00  0.0000E+00       0
   104.-  106.         0  0.0000E+00         0    0.0000E+00  0.0000E+00  0.0000E+00  0.0000E+00  0.0000E+00  0.0000E+00       0
   106.-  108.         0  0.0000E+00         0    0.0000E+00  0.0000E+00  0.0000E+00  0.0000E+00  0.0000E+00  0.0000E+00       0
   108.-  110.         0  0.0000E+00         0    0.0000E+00  0.0000E+00  0.0000E+00  0.0000E+00  0.0000E+00  0.0000E+00       0
   110.-  112.         0  0.0000E+00         0    0.0000E+00  0.0000E+00  0.0000E+00  0.0000E+00  0.0000E+00  0.0000E+00       0
   112.-  114.         0  0.0000E+00         0    0.0000E+00  0.0000E+00  0.0000E+00  0.0000E+00  0.0000E+00  0.0000E+00       0
   114.-  116.         0  0.0000E+00         0    0.0000E+00  0.0000E+00  0.0000E+00  0.0000E+00  0.0000E+00  0.0000E+00       0
   116.-  118.         0  0.0000E+00         0    0.0000E+00  0.0000E+00  0.0000E+00  0.0000E+00  0.0000E+00  0.0000E+00       0
   118.-  120.         0  0.0000E+00         0    0.0000E+00  0.0000E+00  0.0000E+00  0.0000E+00  0.0000E+00  0.0000E+00       0
   120.-  122.         0  0.0000E+00         0    0.0000E+00  0.0000E+00  0.0000E+00  0.0000E+00  0.0000E+00  0.0000E+00       0
   122.-  124.         0  0.0000E+00         0    0.0000E+00  0.0000E+00  0.0000E+00  0.0000E+00  0.0000E+00  0.0000E+00       0
   124.-  126.         0  0.0000E+00         0    0.0000E+00  0.0000E+00  0.0000E+00  0.0000E+00  0.0000E+00  0.0000E+00       0
   126.-  128.         0  0.0000E+00         0    0.0000E+00  0.0000E+00  0.0000E+00  0.0000E+00  0.0000E+00  0.0000E+00       0
   128.-  130.         0  0.0000E+00         0    0.0000E+00  0.0000E+00  0.0000E+00  0.0000E+00  0.0000E+00  0.0000E+00       0
   130.-  132.         0  0.0000E+00         0    0.0000E+00  0.0000E+00  0.0000E+00  0.0000E+00  0.0000E+00  0.0000E+00       0
   132.-  134.         0  0.0000E+00         0    0.0000E+00  0.0000E+00  0.0000E+00  0.0000E+00  0.0000E+00  0.0000E+00       0
   134.-  136.         0  0.0000E+00         0    0.0000E+00  0.0000E+00  0.0000E+00  0.0000E+00  0.0000E+00  0.0000E+00       0
   136.-  138.         0  0.0000E+00         0    0.0000E+00  0.0000E+00  0.0000E+00  0.0000E+00  0.0000E+00  0.0000E+00       0
   138.-  140.         0  0.0000E+00         0    0.0000E+00  0.0000E+00  0.0000E+00  0.0000E+00  0.0000E+00  0.0000E+00       0
   140.-  142.         0  0.0000E+00         0    0.0000E+00  0.0000E+00  0.0000E+00  0.0000E+00  0.0000E+00  0.0000E+00       0
   142.-  144.         0  0.0000E+00         0    0.0000E+00  0.0000E+00  0.0000E+00  0.0000E+00  0.0000E+00  0.0000E+00       0
   144.-  146.         0  0.0000E+00         0    0.0000E+00  0.0000E+00  0.0000E+00  0.0000E+00  0.0000E+00  0.0000E+00       0
   146.-  148.         0  0.0000E+00         0    0.0000E+00  0.0000E+00  0.0000E+00  0.0000E+00  0.0000E+00  0.0000E+00       0
   148.-  150.         0  0.0000E+00         0    0.0000E+00  0.0000E+00  0.0000E+00  0.0000E+00  0.0000E+00  0.0000E+00       0
   150.-  152.         0  0.0000E+00         0    0.0000E+00  0.0000E+00  0.0000E+00  0.0000E+00  0.0000E+00  0.0000E+00       0
   152.-  154.         0  0.0000E+00         0    0.0000E+00  0.0000E+00  0.0000E+00  0.0000E+00  0.0000E+00  0.0000E+00       0
   154.-  156.         0  0.0000E+00         0    0.0000E+00  0.0000E+00  0.0000E+00  0.0000E+00  0.0000E+00  0.0000E+00       0
   156.-  158.         0  0.0000E+00         0    0.0000E+00  0.0000E+00  0.0000E+00  0.0000E+00  0.0000E+00  0.0000E+00       0
   158.-  160.         0  0.0000E+00         0    0.0000E+00  0.0000E+00  0.0000E+00  0.0000E+00  0.0000E+00  0.0000E+00       0
   160.-  162.         0  0.0000E+00         0    0.0000E+00  0.0000E+00  0.0000E+00  0.0000E+00  0.0000E+00  0.0000E+00       0
   162.-  164.         0  0.0000E+00         0    0.0000E+00  0.0000E+00  0.0000E+00  0.0000E+00  0.0000E+00  0.0000E+00       0
   164.-  166.         0  0.0000E+00         0    0.0000E+00  0.0000E+00  0.0000E+00  0.0000E+00  0.0000E+00  0.0000E+00       0
   166.-  168.         0  0.0000E+00         0    0.0000E+00  0.0000E+00  0.0000E+00  0.0000E+00  0.0000E+00  0.0000E+00       0
   168.-  170.         0  0.0000E+00         0    0.0000E+00  0.0000E+00  0.0000E+00  0.0000E+00  0.0000E+00  0.0000E+00       0
   170.-  172.         0  0.0000E+00         0    0.0000E+00  0.0000E+00  0.0000E+00  0.0000E+00  0.0000E+00  0.0000E+00       0
   172.-  174.         0  0.0000E+00         0    0.0000E+00  0.0000E+00  0.0000E+00  0.0000E+00  0.0000E+00  0.0000E+00       0
   174.-  176.         0  0.0000E+00         0    0.0000E+00  0.0000E+00  0.0000E+00  0.0000E+00  0.0000E+00  0.0000E+00       0
   176.-  178.         0  0.0000E+00         0    0.0000E+00  0.0000E+00  0.0000E+00  0.0000E+00  0.0000E+00  0.0000E+00       0
   178.-  180.         0  0.0000E+00         0    0.0000E+00  0.0000E+00  0.0000E+00  0.0000E+00  0.0000E+00  0.0000E+00       0
   180.-  182.         0  0.0000E+00         0    0.0000E+00  0.0000E+00  0.0000E+00  0.0000E+00  0.0000E+00  0.0000E+00       0
   182.-  184.         0  0.0000E+00         0    0.0000E+00  0.0000E+00  0.0000E+00  0.0000E+00  0.0000E+00  0.0000E+00       0
   184.-  186.         0  0.0000E+00         0    0.0000E+00  0.0000E+00  0.0000E+00  0.0000E+00  0.0000E+00  0.0000E+00       0
   186.-  188.         0  0.0000E+00         0    0.0000E+00  0.0000E+00  0.0000E+00  0.0000E+00  0.0000E+00  0.0000E+00       0
   188.-  190.         0  0.0000E+00         0    0.0000E+00  0.0000E+00  0.0000E+00  0.0000E+00  0.0000E+00  0.0000E+00       0
   190.-  192.         0  0.0000E+00         0    0.0000E+00  0.0000E+00  0.0000E+00  0.0000E+00  0.0000E+00  0.0000E+00       0
   192.-  194.         0  0.0000E+00         0    0.0000E+00  0.0000E+00  0.0000E+00  0.0000E+00  0.0000E+00  0.0000E+00       0
   194.-  196.         0  0.0000E+00         0    0.0000E+00  0.0000E+00  0.0000E+00  0.0000E+00  0.0000E+00  0.0000E+00       0
   196.-  198.         0  0.0000E+00         0    0.0000E+00  0.0000E+00  0.0000E+00  0.0000E+00  0.0000E+00  0.0000E+00       0
   198.-  200.         0  0.0000E+00         0    0.0000E+00  0.0000E+00  0.0000E+00  0.0000E+00  0.0000E+00  0.0000E+00       0
   200.-   SUT         0  0.0000E+00

                   99999  1.0000E+00     99999    6.0860E+06  1.0871E+08  1.0207E+08  8.9074E+07  1.2996E+07  7.6070E+07  733284
1
     RECOILS



     DEPTH(A)     INLOSS(EV)   TELOSS(EV)   ELLOSS(EV)   DAMAGE(EV)   PHONON(EV)     DPA  DPA(1)  DPA(2)

     0.-    2.    2.3384E+05   4.4977E+06   3.5265E+06   6.4873E+05   2.8778E+06   11824   11824       0
     2.-    4.    4.3857E+05   7.6672E+06   6.3004E+06   1.9378E+06   4.3625E+06   30089   30089       0
     4.-    6.    6.1967E+05   1.0465E+07   8.6690E+06   2.8752E+06   5.7938E+06   43379   43379       0
     6.-    8.    7.6141E+05   1.2779E+07   1.0606E+07   3.5816E+06   7.0248E+06   53245   53245       0
     8.-   10.    8.6938E+05   1.4604E+07   1.2115E+07   4.0753E+06   8.0393E+06   61126   61126       0
    10.-   12.    9.4384E+05   1.5937E+07   1.3206E+07   4.3903E+06   8.8155E+06   66334   66334       0
    12.-   14.    9.8952E+05   1.6842E+07   1.3919E+07   4.4947E+06   9.4244E+06   68800   68800       0
    14.-   16.    1.0083E+06   1.7367E+07   1.4322E+07   4.5364E+06   9.7854E+06   70394   70394       0
    16.-   18.    9.9517E+05   1.7311E+07   1.4226E+07   4.3568E+06   9.8690E+06   68665   68665       0
    18.-   20.    9.5586E+05   1.6819E+07   1.3776E+07   4.0841E+06   9.6922E+06   65342   65342       0
    20.-   22.    8.9265E+05   1.5877E+07   1.2956E+07   3.6911E+06   9.2651E+06   59892   59892       0
    22.-   24.    8.1236E+05   1.4608E+07   1.1883E+07   3.2826E+06   8.6002E+06   53843   53843       0
    24.-   26.    7.2347E+05   1.3146E+07   1.0658E+07   2.8469E+06   7.8116E+06   47297   47297       0
    26.-   28.    6.2696E+05   1.1510E+07   9.3073E+06   2.4208E+06   6.8865E+06   40692   40692       0
    28.-   30.    5.2990E+05   9.8016E+06   7.8965E+06   1.9652E+06   5.9313E+06   33371   33371       0
    30.-   32.    4.3636E+05   8.1610E+06   6.5585E+06   1.6053E+06   4.9532E+06   27437   27437       0
    32.-   34.    3.5288E+05   6.6427E+06   5.3261E+06   1.2695E+06   4.0566E+06   21807   21807       0
    34.-   36.    2.7729E+05   5.2540E+06   4.2023E+06   9.6820E+05   3.2341E+06   16809   16809       0
    36.-   38.    2.1348E+05   4.0653E+06   3.2449E+06   7.3399E+05   2.5109E+06   12753   12753       0
    38.-   40.    1.6218E+05   3.1016E+06   2.4710E+06   5.4867E+05   1.9224E+06    9722    9722       0
    40.-   42.    1.1961E+05   2.3030E+06   1.8333E+06   4.0599E+05   1.4273E+06    7124    7124       0
    42.-   44.    8.7265E+04   1.6835E+06   1.3384E+06   2.9216E+05   1.0462E+06    5096    5096       0
    44.-   46.    6.2754E+04   1.2142E+06   9.6470E+05   2.1061E+05   7.5409E+05    3670    3670       0
    46.-   48.    4.3831E+04   8.4308E+05   6.6824E+05   1.3853E+05   5.2971E+05    2434    2434       0
    48.-   50.    3.0680E+04   5.9029E+05   4.6890E+05   1.0053E+05   3.6837E+05    1762    1762       0
    50.-   52.    2.1476E+04   4.1154E+05   3.2681E+05   7.0227E+04   2.5659E+05    1219    1219       0
    52.-   54.    1.4575E+04   2.8087E+05   2.2305E+05   4.8573E+04   1.7448E+05     844     844       0
    54.-   56.    1.0042E+04   1.9358E+05   1.5422E+05   3.5429E+04   1.1879E+05     616     616       0
    56.-   58.    6.9425E+03   1.3268E+05   1.0570E+05   2.3496E+04   8.2204E+04     425     425       0
    58.-   60.    4.7370E+03   8.9315E+04   7.0972E+04   1.5288E+04   5.5684E+04     271     271       0
    60.-   62.    3.2001E+03   6.1114E+04   4.8800E+04   1.1207E+04   3.7593E+04     197     197       0
    62.-   64.    2.1481E+03   4.0372E+04   3.1903E+04   6.1575E+03   2.5745E+04     113     113       0
    64.-   66.    1.5088E+03   2.8507E+04   2.2585E+04   4.7251E+03   1.7860E+04      92      92       0
    66.-   68.    1.0655E+03   2.0555E+04   1.6338E+04   3.7315E+03   1.2606E+04      63      63       0
    68.-   70.    7.6152E+02   1.4849E+04   1.1947E+04   2.8968E+03   9.0506E+03      52      52       0
    70.-   72.    4.8840E+02   9.4948E+03   7.4491E+03   1.2099E+03   6.2392E+03      23      23       0
    72.-   74.    3.2963E+02   6.2039E+03   4.8274E+03   7.2689E+02   4.1005E+03      16      16       0
    74.-   76.    2.0194E+02   3.6618E+03   2.8321E+03   1.5068E+02   2.6814E+03       3       3       0
    76.-   78.    1.4126E+02   2.7202E+03   2.1172E+03   2.5141E+02   1.8658E+03       5       5       0
    78.-   80.    8.6541E+01   1.6809E+03   1.3228E+03   2.6550E+02   1.0573E+03       4       4       0
    80.-   82.    5.8892E+01   1.2262E+03   9.8046E+02   1.7505E+02   8.0541E+02       4       4       0
    82.-   84.    3.9665E+01   7.4452E+02   5.8231E+02   1.4170E+02   4.4061E+02       3       3       0
    84.-   86.    2.4591E+01   4.7951E+02   3.6484E+02   3.9079E+01   3.2576E+02       1       1       0
    86.-   88.    9.8965E+00   2.3886E+02   1.8654E+02   0.0000E+00   1.8654E+02       0       0       0
    88.-   90.    7.7372E+00   1.6374E+02   1.1767E+02   0.0000E+00   1.1767E+02       0       0       0
    90.-   92.    6.2187E+00   9.2197E+01   7.6664E+01   0.0000E+00   7.6664E+01       0       0       0
    92.-   94.    2.7339E+00   5.4171E+01   3.6587E+01   0.0000E+00   3.6587E+01       0       0       0
    94.-   96.    1.6988E+00   4.9257E+01   3.7058E+01   0.0000E+00   3.7058E+01       0       0       0
    96.-   98.    0.0000E+00   0.0000E+00   0.0000E+00   0.0000E+00   0.0000E+00       0       0       0
    98.-  100.    0.0000E+00   0.0000E+00   0.0000E+00   0.0000E+00   0.0000E+00       0       0       0
   100.-  102.    0.0000E+00   0.0000E+00   0.0000E+00   0.0000E+00   0.0000E+00       0       0       0
   102.-  104.    0.0000E+00   0.0000E+00   0.0000E+00   0.0000E+00   0.0000E+00       0       0       0
   104.-  106.    0.0000E+00   0.0000E+00   0.0000E+00   0.0000E+00   0.0000E+00       0       0       0
   106.-  108.    0.0000E+00   0.0000E+00   0.0000E+00   0.0000E+00   0.0000E+00       0       0       0
   108.-  110.    0.0000E+00   0.0000E+00   0.0000E+00   0.0000E+00   0.0000E+00       0       0       0
   110.-  112.    0.0000E+00   0.0000E+00   0.0000E+00   0.0000E+00   0.0000E+00       0       0       0
   112.-  114.    0.0000E+00   0.0000E+00   0.0000E+00   0.0000E+00   0.0000E+00       0       0       0
   114.-  116.    0.0000E+00   0.0000E+00   0.0000E+00   0.0000E+00   0.0000E+00       0       0       0
   116.-  118.    0.0000E+00   0.0000E+00   0.0000E+00   0.0000E+00   0.0000E+00       0       0       0
   118.-  120.    0.0000E+00   0.0000E+00   0.0000E+00   0.0000E+00   0.0000E+00       0       0       0
   120.-  122.    0.0000E+00   0.0000E+00   0.0000E+00   0.0000E+00   0.0000E+00       0       0       0
   122.-  124.    0.0000E+00   0.0000E+00   0.0000E+00   0.0000E+00   0.0000E+00       0       0       0
   124.-  126.    0.0000E+00   0.0000E+00   0.0000E+00   0.0000E+00   0.0000E+00       0       0       0
   126.-  128.    0.0000E+00   0.0000E+00   0.0000E+00   0.0000E+00   0.0000E+00       0       0       0
   128.-  130.    0.0000E+00   0.0000E+00   0.0000E+00   0.0000E+00   0.0000E+00       0       0       0
   130.-  132.    0.0000E+00   0.0000E+00   0.0000E+00   0.0000E+00   0.0000E+00       0       0       0
   132.-  134.    0.0000E+00   0.0000E+00   0.0000E+00   0.0000E+00   0.0000E+00       0       0       0
   134.-  136.    0.0000E+00   0.0000E+00   0.0000E+00   0.0000E+00   0.0000E+00       0       0       0
   136.-  138.    0.0000E+00   0.0000E+00   0.0000E+00   0.0000E+00   0.0000E+00       0       0       0
   138.-  140.    0.0000E+00   0.0000E+00   0.0000E+00   0.0000E+00   0.0000E+00       0       0       0
   140.-  142.    0.0000E+00   0.0000E+00   0.0000E+00   0.0000E+00   0.0000E+00       0       0       0
   142.-  144.    0.0000E+00   0.0000E+00   0.0000E+00   0.0000E+00   0.0000E+00       0       0       0
   144.-  146.    0.0000E+00   0.0000E+00   0.0000E+00   0.0000E+00   0.0000E+00       0       0       0
   146.-  148.    0.0000E+00   0.0000E+00   0.0000E+00   0.0000E+00   0.0000E+00       0       0       0
   148.-  150.    0.0000E+00   0.0000E+00   0.0000E+00   0.0000E+00   0.0000E+00       0       0       0
   150.-  152.    0.0000E+00   0.0000E+00   0.0000E+00   0.0000E+00   0.0000E+00       0       0       0
   152.-  154.    0.0000E+00   0.0000E+00   0.0000E+00   0.0000E+00   0.0000E+00       0       0       0
   154.-  156.    0.0000E+00   0.0000E+00   0.0000E+00   0.0000E+00   0.0000E+00       0       0       0
   156.-  158.    0.0000E+00   0.0000E+00   0.0000E+00   0.0000E+00   0.0000E+00       0       0       0
   158.-  160.    0.0000E+00   0.0000E+00   0.0000E+00   0.0000E+00   0.0000E+00       0       0       0
   160.-  162.    0.0000E+00   0.0000E+00   0.0000E+00   0.0000E+00   0.0000E+00       0       0       0
   162.-  164.    0.0000E+00   0.0000E+00   0.0000E+00   0.0000E+00   0.0000E+00       0       0       0
   164.-  166.    0.0000E+00   0.0000E+00   0.0000E+00   0.0000E+00   0.0000E+00       0       0       0
   166.-  168.    0.0000E+00   0.0000E+00   0.0000E+00   0.0000E+00   0.0000E+00       0       0       0
   168.-  170.    0.0000E+00   0.0000E+00   0.0000E+00   0.0000E+00   0.0000E+00       0       0       0
   170.-  172.    0.0000E+00   0.0000E+00   0.0000E+00   0.0000E+00   0.0000E+00       0       0       0
   172.-  174.    0.0000E+00   0.0000E+00   0.0000E+00   0.0000E+00   0.0000E+00       0       0       0
   174.-  176.    0.0000E+00   0.0000E+00   0.0000E+00   0.0000E+00   0.0000E+00       0       0       0
   176.-  178.    0.0000E+00   0.0000E+00   0.0000E+00   0.0000E+00   0.0000E+00       0       0       0
   178.-  180.    0.0000E+00   0.0000E+00   0.0000E+00   0.0000E+00   0.0000E+00       0       0       0
   180.-  182.    0.0000E+00   0.0000E+00   0.0000E+00   0.0000E+00   0.0000E+00       0       0       0
   182.-  184.    0.0000E+00   0.0000E+00   0.0000E+00   0.0000E+00   0.0000E+00       0       0       0
   184.-  186.    0.0000E+00   0.0000E+00   0.0000E+00   0.0000E+00   0.0000E+00       0       0       0
   186.-  188.    0.0000E+00   0.0000E+00   0.0000E+00   0.0000E+00   0.0000E+00       0       0       0
   188.-  190.    0.0000E+00   0.0000E+00   0.0000E+00   0.0000E+00   0.0000E+00       0       0       0
   190.-  192.    0.0000E+00   0.0000E+00   0.0000E+00   0.0000E+00   0.0000E+00       0       0       0
   192.-  194.    0.0000E+00   0.0000E+00   0.0000E+00   0.0000E+00   0.0000E+00       0       0       0
   194.-  196.    0.0000E+00   0.0000E+00   0.0000E+00   0.0000E+00   0.0000E+00       0       0       0
   196.-  198.    0.0000E+00   0.0000E+00   0.0000E+00   0.0000E+00   0.0000E+00       0       0       0
   198.-  200.    0.0000E+00   0.0000E+00   0.0000E+00   0.0000E+00   0.0000E+00       0       0       0

                  1.3255E+07   2.3439E+08   1.9148E+08   5.5686E+07   1.3579E+08  886858  886858       0
1     BACKWARD SPUTTERING



        ALL SPUTTERED PARTICLES =   30812   TOTAL SPUTTERED ENERGY = 0.5117E+06 EV


        SPUTTERED PARTICLES (1.LAYER) =   30812   SPUTTERED ENERGY = 0.5117E+06 EV


 1.LAYER
         SPUTTERED PARTICLES(1) =   30812     SPUTTERED ENERGY(1) = 0.5117E+06 EV

         ION IN , PRIMARY KO(1) =    6883   0.2234   0.2234    ENERGY = 0.1704E+06 EV   0.3329   0.3329    MEAN ENERGY = 0.2475E+02
         ION IN , SECOND. KO(1) =   23929   0.7766   0.7766    ENERGY = 0.3414E+06 EV   0.6671   0.6671    MEAN ENERGY = 0.1427E+02
        ION OUT , PRIMARY KO(1) =       0   0.0000   0.0000    ENERGY = 0.0000E+00 EV   0.0000   0.0000    MEAN ENERGY = 0.0000E+00
        ION OUT , SECOND. KO(1) =       0   0.0000   0.0000    ENERGY = 0.0000E+00 EV   0.0000   0.0000    MEAN ENERGY = 0.0000E+00


     SPUTTERING YIELD(1) =  3.081E-01  SPUTTERED ENERGY(1) =  4.458E-03  REL.MEAN ENERGY(1) =  1.447E-02  MEAN ENERGY(1) =  1.661E+01

                       MEAN        VARIANCE      SKEWNESS      KURTOSIS        SIGMA       ERROR 1.M     ERROR 2.M     ERROR 3.M 
    ENERGY(1)       1.6608E+01    3.3746E+02    2.8315E+00    1.5983E+01    1.8370E+01    1.0465E-01    7.4414E+00    9.1679E-02
 LOGENERGY(1)       9.9854E-01    2.1754E-01   -3.5320E-01    3.1619E+00    4.6642E-01    2.6575E-03    1.8225E-03    1.4483E-02

                     1.MOMENT      2.MOMENT      3.MOMENT      4.MOMENT      5.MOMENT      6.MOMENT 
    ENERGY(1)       1.6608E+01    6.1328E+02    3.8947E+04    3.6206E+06    4.4638E+08    6.7898E+10
 LOGENERGY(1)       9.9854E-01    1.2146E+00    1.6115E+00    2.3021E+00    3.4670E+00    5.4612E+00



     POLAR ANGULAR DISTRIBUTION OF ALL BACKWARD SPUTTERED PARTICLES


       0.00  0.00  0.00  0.00  0.00  0.00  0.00  0.00  0.00  0.00  0.00  0.00  0.00  0.00  0.00  0.00  0.00  0.00  0.00  0.00

         69   220   372   558   735   885  1039  1258  1392  1556  1827  1957  2056  2199  2397  2372  2413  2459  2446  2602
      0.045 0.143 0.241 0.362 0.477 0.574 0.674 0.817 0.904 1.010 1.186 1.270 1.335 1.427 1.556 1.540 1.566 1.596 1.588 1.689
1 LOG ENERGY - COS OF EMISSION ANGLE (0.05 STEPS)   (BACKWARD SPUTTERED PARTICLES) ; 1. LAYER ; SPECIES 1


   0.0000E+00    1    2    3    4    5    6    7    8    9   10   11   12   13   14   15   16   17   18   19   20     0  0.0000E+00
   0.1000E+00    0    0    0    0    0    1    0    0    1    0    0    0    0    1    0    2    2    0    1    0     8  0.8000E-03
   0.1212E+00    0    0    0    0    0    0    0    0    0    0    0    0    0    0    0    0    0    0    0    0     0  0.0000E+00
   0.1468E+00    0    0    0    0    0    0    0    0    0    0    0    0    0    0    0    0    0    0    0    0     0  0.0000E+00
   0.1778E+00    0    0    0    0    0    0    0    0    0    0    0    0    0    0    0    0    0    0    0    0     0  0.0000E+00
   0.2154E+00    0    0    0    0    0    0    0    0    0    0    0    0    0    0    0    0    0    0    0    0     0  0.0000E+00
   0.2610E+00    0    0    0    0    0    0    0    0    0    0    0    0    0    0    0    0    0    0    0    0     0  0.0000E+00
   0.3162E+00    0    0    0    0    0    0    0    0    0    0    0    0    0    0    0    0    0    0    0    0     0  0.0000E+00
   0.3831E+00    0    0    0    0    0    0    0    0    0    0    0    0    0    0    0    0    0    0    0    0     0  0.0000E+00
   0.4642E+00    0    0    0    0    0    0    0    0    0    0    0    0    0    0    0    0    0    0    0    0     0  0.0000E+00
   0.5623E+00    0    0    0    0    0    0    0    0    0    0    0    0    0    0    0    0    0    0    0    0     0  0.0000E+00
   0.6813E+00    0    0    0    0    0    0    0    0    0    0    0    0    0    0    0    0    0    0    0    0     0  0.0000E+00
   0.8254E+00    0    0    0    0    0    0    0    0    0    0    0    0    0    0    0    0    0    0    0    0     0  0.0000E+00
   0.1000E+01    0    0    0    0    0    0    0    0    0    0    0    0    0    0    0    0    0    0    0    0     0  0.0000E+00
   0.1212E+01    0    0    0    0    0    0    0    0    0    0    0    0    0    0    0    0    0    0    0    0     0  0.0000E+00
   0.1468E+01    0    0    0    0    0    0    0    0    0    0    0    0    0    0    0    0    0    0    0    0     0  0.0000E+00
   0.1778E+01    0    0    0    0    0    0    0    0    0    0    0    0    0    0    0    0    0    0    0    0     0  0.0000E+00
   0.2154E+01    0    0    0    0    0    0    0    0    0    0    0    0    0    0    0    0    0    0    0    0     0  0.0000E+00
   0.2610E+01    0    0    0    0    0    0    0    0    0    0    0    0    0    0    0    0    0    0    0    0     0  0.0000E+00
   0.3162E+01    0    0    0    0    0    0    0    0    0    0    0    0    0    0    0    0    0    0    0    0     0  0.0000E+00
   0.3831E+01    0    0    0    0    0    0    0    0    0    0    0    0    0    0    0    0    0    0    0    0     0  0.0000E+00
   0.4642E+01    0    0    0    0    0    0    0    0    0    0    0    0    0    0    0    0    0    0    0    0     0  0.0000E+00
   0.5623E+01    0    0    0    0    0    0    0    0    0    0    0    0    0    0    0    0    0    0    0    0     0  0.0000E+00
   0.6813E+01    0    0    0    0    0    0    0    0    0    0    0    0    0    0    0    0    0    0    0    0     0  0.0000E+00
   0.8254E+01    0    0    0    0    0    0    0    0    0    0    0    0    0    0    0    0    0    0    0    0     0  0.0000E+00
   0.1000E+02    0    0    0    0    0    0    0    0    0    0    0    0    0    0    0    0    0    0    0    0     0  0.0000E+00
   0.1212E+02    0    0    0    0    0    0    0    0    0    0    0    0    0    0    0    0    0    0    0    0     0  0.0000E+00
   0.1468E+02    0    0    0    0    0    0    0    0    0    0    0    0    0    0    0    0    0    0    0    0     0  0.0000E+00
   0.1778E+02    0    0    0    0    0    0    0    0    0    0    0    0    0    0    0    0    0    0    0    0     0  0.0000E+00
   0.2154E+02    0    0    0    0    0    0    0    0    0    0    0    0    0    0    0    0    0    0    0    0     0  0.0000E+00
   0.2610E+02    0    0    0    0    0    0    0    0    0    0    0    0    0    0    0    0    0    0    0    0     0  0.0000E+00
   0.3162E+02    0    0    0    0    0    0    0    0    0    0    0    0    0    0    0    0    0    0    0    0     0  0.0000E+00
   0.3831E+02    0    0    0    0    0    0    0    0    0    0    0    0    0    0    0    0    0    0    0    0     0  0.0000E+00
   0.4642E+02    0    0    0    0    0    0    0    0    0    0    0    0    0    0    0    0    0    0    0    0     0  0.0000E+00
   0.5623E+02    0    0    0    0    0    0    0    0    0    0    0    0    0    0    0    0    0    0    0    0     0  0.0000E+00
   0.6813E+02    0    0    0    0    0    0    0    0    0    0    0    0    0    0    0    0    0    0    0    0     0  0.0000E+00
   0.8254E+02    0    0    0    0    0    0    0    0    0    0    0    0    0    0    0    0    0    0    0    0     0  0.0000E+00
   0.1000E+03    0    0    0    0    0    0    0    0    0    0    0    0    0    0    0    0    0    0    0    0     0  0.0000E+00
   0.1212E+03    0    0    0    0    0    0    0    0    0    0    0    0    0    0    0    0    0    0    0    0     0  0.0000E+00
   0.1468E+03    0    0    0    0    0    0    0    0    0    0    0    0    0    0    0    0    0    0    0    0     0  0.0000E+00
   0.1778E+03    0    0    0    0    0    0    0    0    0    0    0    0    0    0    0    0    0    0    0    0     0  0.0000E+00
   0.2154E+03    0    0    0    0    0    0    0    0    0    0    0    0    0    0    0    0    0    0    0    0     0  0.0000E+00
   0.2610E+03    0    0    0    0    0    0    0    0    0    0    0    0    0    0    0    0    0    0    0    0     0  0.0000E+00
   0.3162E+03    0    0    0    0    0    0    0    0    0    0    0    0    0    0    0    0    0    0    0    0     0  0.0000E+00
   0.3831E+03    0    0    0    0    0    0    0    0    0    0    0    0    0    0    0    0    0    0    0    0     0  0.0000E+00
   0.4642E+03    0    0    0    0    0    0    0    0    0    0    0    0    0    0    0    0    0    0    0    0     0  0.0000E+00
   0.5623E+03    0    0    0    0    0    0    0    0    0    0    0    0    0    0    0    0    0    0    0    0     0  0.0000E+00
   0.6813E+03    0    0    0    0    0    0    0    0    0    0    0    0    0    0    0    0    0    0    0    0     0  0.0000E+00
   0.8254E+03    0    0    0    0    0    0    0    0    0    0    0    0    0    0    0    0    0    0    0    0     0  0.0000E+00
   0.1000E+04    0    0    0    0    0    0    0    0    0    0    0    0    0    0    0    0    0    0    0    0     0  0.0000E+00
   0.1212E+04    0    0    0    0    0    0    0    0    0    0    0    0    0    0    0    0    0    0    0    0     0  0.0000E+00
   0.1468E+04    0    0    0    0    0    0    0    0    0    0    0    0    0    0    0    0    0    0    0    0     0  0.0000E+00
   0.1778E+04    0    0    0    0    0    0    0    0    0    0    0    0    0    0    0    0    0    0    0    0     0  0.0000E+00
   0.2154E+04    0    0    0    0    0    0    0    0    0    0    0    0    0    0    0    0    0    0    0    0     0  0.0000E+00
   0.2610E+04    0    0    0    0    0    0    0    0    0    0    0    0    0    0    0    0    0    0    0    0     0  0.0000E+00
   0.3162E+04    0    0    0    0    0    0    0    0    0    0    0    0    0    0    0    0    0    0    0    0     0  0.0000E+00
   0.3831E+04    0    0    0    0    0    0    0    0    0    0    0    0    0    0    0    0    0    0    0    0     0  0.0000E+00
   0.4642E+04    0    0    0    0    0    0    0    0    0    0    0    0    0    0    0    0    0    0    0    0     0  0.0000E+00
   0.5623E+04    0    0    0    0    0    0    0    0    0    0    0    0    0    0    0    0    0    0    0    0     0  0.0000E+00
   0.6813E+04    0    0    0    0    0    0    0    0    0    0    0    0    0    0    0    0    0    0    0    0     0  0.0000E+00
   0.8254E+04    0    0    0    0    0    0    0    0    0    0    0    0    0    0    0    0    0    0    0    0     0  0.0000E+00
   0.1000E+05    0    0    0    0    0    0    0    0    0    0    0    0    0    0    0    0    0    0    0    0     0  0.0000E+00
   0.1212E+05    0    0    0    0    0    0    0    0    0    0    0    0    0    0    0    0    0    0    0    0     0  0.0000E+00
   0.1468E+05    0    0    0    0    0    0    0    0    0    0    0    0    0    0    0    0    0    0    0    0     0  0.0000E+00
   0.1778E+05    0    0    0    0    0    0    0    0    0    0    0    0    0    0    0    0    0    0    0    0     0  0.0000E+00
   0.2154E+05    0    0    0    0    0    0    0    0    0    0    0    0    0    0    0    0    0    0    0    0     0  0.0000E+00
   0.2610E+05    0    0    0    0    0    0    0    0    0    0    0    0    0    0    0    0    0    0    0    0     0  0.0000E+00
   0.3162E+05    0    0    0    0    0    0    0    0    0    0    0    0    0    0    0    0    0    0    0    0     0  0.0000E+00
   0.3831E+05    0    0    0    0    0    0    0    0    0    0    0    0    0    0    0    0    0    0    0    0     0  0.0000E+00
   0.4642E+05    0    0    0    0    0    0    0    0    0    0    0    0    0    0    0    0    0    0    0    0     0  0.0000E+00
   0.5623E+05    0    0    0    0    0    0    0    0    0    0    0    0    0    0    0    0    0    0    0    0     0  0.0000E+00
   0.6813E+05    0    0    0    0    0    0    0    0    0    0    0    0    0    0    0    0    0    0    0    0     0  0.0000E+00
   0.8254E+05    0    0    0    0    0    0    0    0    0    0    0    0    0    0    0    0    0    0    0    0     0  0.0000E+00
   0.1000E+06    0    0    0    0    0    0    0    0    0    0    0    0    0    0    0    0    0    0    0    0     0  0.0000E+00
   0.0000E+00  138  440  744 1116 1470 1769 2078 2516 2783 3112 3654 3914 4112 4397 4794 4742 4824 4918 4891 5204 61616  0.0000E+00
1ENERGY(E/E0 IN %) - POLAR ANGLE IN COS-INTERVALS (0.05)  (BACKWARD SPUTTERED PARTICLES) , 1.LAYER , SPECIES 1

     0    1    2    3    4    5    6    7    8    9   10   11   12   13   14   15   16   17   18   19   20      0
     1   44  119  178  305  397  451  503  617  670  749  950  964 1006 1095 1216 1280 1366 1367 1476 1645  16398
     2   17   56  111  135  185  221  265  324  322  379  414  449  501  527  607  559  550  598  578  600   7398
     3    4   24   51   61   75   98  130  137  155  193  215  235  240  263  267  273  249  246  216  210   3342
     4    2   13   17   30   34   52   69   84   91  102   96  125  117  134  132  113   95  113   94   68   1581
     5    1    1    9   13   26   25   28   43   59   48   58   75   79   57   70   56   57   63   43   40    851
     6    1    4    2   11    7   21   17   22   42   34   28   44   40   47   36   37   35   24   18   18    488
     7    0    2    2    2    4    5   10   14   25   19   27   22   27   29   30   20   24   16    8   13    299
     8    0    0    2    1    2    5    8    6   13   10   18   16   20   16   19   13   20   16    3    3    191
     9    0    1    0    0    2    2    4    4    4    8    9   12    7   10    6    7    6    6    4    4     96
    10    0    0    0    0    1    2    2    4    3    3    6    5    7    7    6    5    1    5    2    1     60
    11    0    0    0    0    1    1    0    2    3    4    1    3    5    2    1    5    7    3    4    0     42
    12    0    0    0    0    1    1    1    1    3    0    3    1    3    4    2    2    1    1    0    0     24
    13    0    0    0    0    0    0    0    0    1    2    1    3    2    5    1    1    0    1    0    0     17
    14    0    0    0    0    0    0    1    0    1    1    0    1    2    1    2    0    2    0    0    0     11
    15    0    0    0    0    0    0    1    0    0    0    0    1    0    1    0    1    0    0    0    0      4
    16    0    0    0    0    0    0    0    0    0    1    1    0    0    0    0    0    0    0    0    0      2
    17    0    0    0    0    0    1    0    0    0    0    0    0    0    0    0    0    0    0    0    0      1
    18    0    0    0    0    0    0    0    0    0    1    0    0    0    0    0    0    0    0    0    0      1
    19    0    0    0    0    0    0    0    0    0    0    0    0    0    0    1    0    0    0    0    0      1
    20    0    0    0    0    0    0    0    0    0    2    0    0    0    0    0    0    0    0    0    0      2
    21    0    0    0    0    0    0    0    0    0    0    0    1    0    0    1    0    0    0    0    0      2
    22    0    0    0    0    0    0    0    0    0    0    0    0    0    1    0    0    0    0    0    0      1
    23    0    0    0    0    0    0    0    0    0    0    0    0    0    0    0    0    0    0    0    0      0
    24    0    0    0    0    0    0    0    0    0    0    0    0    0    0    0    0    0    0    0    0      0
    25    0    0    0    0    0    0    0    0    0    0    0    0    0    0    0    0    0    0    0    0      0
    26    0    0    0    0    0    0    0    0    0    0    0    0    0    0    0    0    0    0    0    0      0
    27    0    0    0    0    0    0    0    0    0    0    0    0    0    0    0    0    0    0    0    0      0
    28    0    0    0    0    0    0    0    0    0    0    0    0    0    0    0    0    0    0    0    0      0
    29    0    0    0    0    0    0    0    0    0    0    0    0    0    0    0    0    0    0    0    0      0
    30    0    0    0    0    0    0    0    0    0    0    0    0    0    0    0    0    0    0    0    0      0
    31    0    0    0    0    0    0    0    0    0    0    0    0    0    0    0    0    0    0    0    0      0
    32    0    0    0    0    0    0    0    0    0    0    0    0    0    0    0    0    0    0    0    0      0
    33    0    0    0    0    0    0    0    0    0    0    0    0    0    0    0    0    0    0    0    0      0
    34    0    0    0    0    0    0    0    0    0    0    0    0    0    0    0    0    0    0    0    0      0
    35    0    0    0    0    0    0    0    0    0    0    0    0    0    0    0    0    0    0    0    0      0
    36    0    0    0    0    0    0    0    0    0    0    0    0    0    0    0    0    0    0    0    0      0
    37    0    0    0    0    0    0    0    0    0    0    0    0    0    0    0    0    0    0    0    0      0
    38    0    0    0    0    0    0    0    0    0    0    0    0    0    0    0    0    0    0    0    0      0
    39    0    0    0    0    0    0    0    0    0    0    0    0    0    0    0    0    0    0    0    0      0
    40    0    0    0    0    0    0    0    0    0    0    0    0    0    0    0    0    0    0    0    0      0
    41    0    0    0    0    0    0    0    0    0    0    0    0    0    0    0    0    0    0    0    0      0
    42    0    0    0    0    0    0    0    0    0    0    0    0    0    0    0    0    0    0    0    0      0
    43    0    0    0    0    0    0    0    0    0    0    0    0    0    0    0    0    0    0    0    0      0
    44    0    0    0    0    0    0    0    0    0    0    0    0    0    0    0    0    0    0    0    0      0
    45    0    0    0    0    0    0    0    0    0    0    0    0    0    0    0    0    0    0    0    0      0
    46    0    0    0    0    0    0    0    0    0    0    0    0    0    0    0    0    0    0    0    0      0
    47    0    0    0    0    0    0    0    0    0    0    0    0    0    0    0    0    0    0    0    0      0
    48    0    0    0    0    0    0    0    0    0    0    0    0    0    0    0    0    0    0    0    0      0
    49    0    0    0    0    0    0    0    0    0    0    0    0    0    0    0    0    0    0    0    0      0
    50    0    0    0    0    0    0    0    0    0    0    0    0    0    0    0    0    0    0    0    0      0
    51    0    0    0    0    0    0    0    0    0    0    0    0    0    0    0    0    0    0    0    0      0
    52    0    0    0    0    0    0    0    0    0    0    0    0    0    0    0    0    0    0    0    0      0
    53    0    0    0    0    0    0    0    0    0    0    0    0    0    0    0    0    0    0    0    0      0
    54    0    0    0    0    0    0    0    0    0    0    0    0    0    0    0    0    0    0    0    0      0
    55    0    0    0    0    0    0    0    0    0    0    0    0    0    0    0    0    0    0    0    0      0
    56    0    0    0    0    0    0    0    0    0    0    0    0    0    0    0    0    0    0    0    0      0
    57    0    0    0    0    0    0    0    0    0    0    0    0    0    0    0    0    0    0    0    0      0
    58    0    0    0    0    0    0    0    0    0    0    0    0    0    0    0    0    0    0    0    0      0
    59    0    0    0    0    0    0    0    0    0    0    0    0    0    0    0    0    0    0    0    0      0
    60    0    0    0    0    0    0    0    0    0    0    0    0    0    0    0    0    0    0    0    0      0
    61    0    0    0    0    0    0    0    0    0    0    0    0    0    0    0    0    0    0    0    0      0
    62    0    0    0    0    0    0    0    0    0    0    0    0    0    0    0    0    0    0    0    0      0
    63    0    0    0    0    0    0    0    0    0    0    0    0    0    0    0    0    0    0    0    0      0
    64    0    0    0    0    0    0    0    0    0    0    0    0    0    0    0    0    0    0    0    0      0
    65    0    0    0    0    0    0    0    0    0    0    0    0    0    0    0    0    0    0    0    0      0
    66    0    0    0    0    0    0    0    0    0    0    0    0    0    0    0    0    0    0    0    0      0
    67    0    0    0    0    0    0    0    0    0    0    0    0    0    0    0    0    0    0    0    0      0
    68    0    0    0    0    0    0    0    0    0    0    0    0    0    0    0    0    0    0    0    0      0
    69    0    0    0    0    0    0    0    0    0    0    0    0    0    0    0    0    0    0    0    0      0
    70    0    0    0    0    0    0    0    0    0    0    0    0    0    0    0    0    0    0    0    0      0
    71    0    0    0    0    0    0    0    0    0    0    0    0    0    0    0    0    0    0    0    0      0
    72    0    0    0    0    0    0    0    0    0    0    0    0    0    0    0    0    0    0    0    0      0
    73    0    0    0    0    0    0    0    0    0    0    0    0    0    0    0    0    0    0    0    0      0
    74    0    0    0    0    0    0    0    0    0    0    0    0    0    0    0    0    0    0    0    0      0
    75    0    0    0    0    0    0    0    0    0    0    0    0    0    0    0    0    0    0    0    0      0
    76    0    0    0    0    0    0    0    0    0    0    0    0    0    0    0    0    0    0    0    0      0
    77    0    0    0    0    0    0    0    0    0    0    0    0    0    0    0    0    0    0    0    0      0
    78    0    0    0    0    0    0    0    0    0    0    0    0    0    0    0    0    0    0    0    0      0
    79    0    0    0    0    0    0    0    0    0    0    0    0    0    0    0    0    0    0    0    0      0
    80    0    0    0    0    0    0    0    0    0    0    0    0    0    0    0    0    0    0    0    0      0
    81    0    0    0    0    0    0    0    0    0    0    0    0    0    0    0    0    0    0    0    0      0
    82    0    0    0    0    0    0    0    0    0    0    0    0    0    0    0    0    0    0    0    0      0
    83    0    0    0    0    0    0    0    0    0    0    0    0    0    0    0    0    0    0    0    0      0
    84    0    0    0    0    0    0    0    0    0    0    0    0    0    0    0    0    0    0    0    0      0
    85    0    0    0    0    0    0    0    0    0    0    0    0    0    0    0    0    0    0    0    0      0
    86    0    0    0    0    0    0    0    0    0    0    0    0    0    0    0    0    0    0    0    0      0
    87    0    0    0    0    0    0    0    0    0    0    0    0    0    0    0    0    0    0    0    0      0
    88    0    0    0    0    0    0    0    0    0    0    0    0    0    0    0    0    0    0    0    0      0
    89    0    0    0    0    0    0    0    0    0    0    0    0    0    0    0    0    0    0    0    0      0
    90    0    0    0    0    0    0    0    0    0    0    0    0    0    0    0    0    0    0    0    0      0
    91    0    0    0    0    0    0    0    0    0    0    0    0    0    0    0    0    0    0    0    0      0
    92    0    0    0    0    0    0    0    0    0    0    0    0    0    0    0    0    0    0    0    0      0
    93    0    0    0    0    0    0    0    0    0    0    0    0    0    0    0    0    0    0    0    0      0
    94    0    0    0    0    0    0    0    0    0    0    0    0    0    0    0    0    0    0    0    0      0
    95    0    0    0    0    0    0    0    0    0    0    0    0    0    0    0    0    0    0    0    0      0
    96    0    0    0    0    0    0    0    0    0    0    0    0    0    0    0    0    0    0    0    0      0
    97    0    0    0    0    0    0    0    0    0    0    0    0    0    0    0    0    0    0    0    0      0
    98    0    0    0    0    0    0    0    0    0    0    0    0    0    0    0    0    0    0    0    0      0
    99    0    0    0    0    0    0    0    0    0    0    0    0    0    0    0    0    0    0    0    0      0
   100    0    0    0    0    0    0    0    0    0    0    0    0    0    0    0    0    0    0    0    0      0
     0   69  220  372  558  735  885 1039 1258 1392 1556 1827 1957 2056 2199 2397 2372 2413 2459 2446 2602  30812
1AZIMUTHAL ANGLE - POLAR ANGLE IN COS-INTERVALS (0.05) (BACKWARD SPUTTERED PARTICLES) , 1.LAYER , SPECIES 1

     0    1    2    3    4    5    6    7    8    9   10   11   12   13   14   15   16   17   18   19   20      0
     3    2    2    5    8   14   13   17   18   23   23   31   37   39   35   37   38   39   48   48   56    533
     6    0    2    4    4   18    9   13   24   22   26   42   28   22   34   28   48   40   40   33   34    471
     9    2    2    4    8    7   17   14   24   22   25   39   31   36   39   34   39   35   36   35   38    487
    12    2    5    7   10   11    7   23   21   28   25   27   27   29   40   43   44   43   36   43   44    515
    15    2    9    6   10    7   10   15   26   22   35   23   24   29   28   36   39   47   45   49   39    501
    18    1    2    3    8    9   12   17   19   16   27   38   26   33   34   37   38   43   44   43   50    500
    21    1    4    5    8   10   13   17   19   34   26   27   36   32   33   42   38   32   46   34   35    492
    24    0    1    8   12   17   18   19   21   14   37   31   31   38   31   42   41   39   32   42   44    518
    27    1    1    4    9   18   16   19   16   31   30   27   46   30   33   48   24   45   43   39   39    519
    30    1    4   10    7    9   16   18   32   18   32   29   31   41   41   43   39   42   35   45   62    555
    33    2    4   10   12    6   17   13   19   27   37   28   33   41   46   51   37   34   46   50   42    555
    36    1    3    6   15    7   19   17   21   22   18   19   34   47   29   38   50   33   35   44   37    495
    39    1    2   12   13   10   20   17   31   32   39   25   28   31   40   36   33   34   37   37   49    527
    42    1    4    5   13   15    8   16   27   32   28   28   33   33   39   28   32   51   40   42   56    531
    45    2    6    6   14   11   13   10   19   22   23   29   40   41   38   34   37   39   37   42   41    504
    48    1    5    6   11   18   17   19   20   25   27   24   24   32   47   33   44   35   34   45   34    501
    51    1    0    4    7   13   14   22   33   19   27   31   37   34   41   36   36   42   33   34   41    505
    54    2    4   10    6   13   22   15   19   18   18   36   45   40   32   42   35   55   46   43   36    537
    57    3    7    5   11   11   16   19   24   25   21   24   37   38   28   39   42   24   46   33   37    490
    60    0    4    5   12    6   15   18   17   22   43   34   38   34   34   47   44   33   40   48   49    543
    63    0    4    6    7   10   12   17   26   26   23   29   29   36   30   53   42   30   47   39   39    505
    66    2    7   11    9   15   22   13   22   26   28   28   36   34   36   46   36   33   51   46   40    541
    69    1    3    3   15   11   16   14   15   23   25   29   28   37   37   41   35   40   48   41   46    508
    72    2    4    5    4   15   17   25   18   22   20   24   36   45   39   31   45   50   48   41   41    532
    75    0    2    7    1   16    9   12   26   22   28   21   21   35   40   37   37   49   45   32   36    476
    78    1    6    4   15    9   14   17   20   19   30   35   23   34   44   44   28   38   34   39   36    490
    81    1    3    5    9   17   17   21   20   15   23   25   29   33   47   38   45   33   36   43   51    511
    84    2    6    8    2   10   14   14   18   22   23   23   32   23   42   46   51   43   50   40   43    512
    87    2    1    5    8   13   13   23   27   19   31   19   33   29   37   43   39   45   29   37   48    501
    90    0    6    5   13   12   11   19   25   31   20   33   32   26   44   47   31   42   39   31   47    514
    93    1    8    6   11   13   19   21   18   22   25   37   25   35   38   38   39   41   36   39   46    518
    96    2    3    5   12   10   19   13   16   28   23   35   40   30   34   36   37   36   39   33   37    488
    99    0    1    9    8   10   13   12   20   21   32   41   38   43   33   47   42   51   30   35   47    533
   102    1    3    6    7   10   15   16   13   26   19   36   31   27   45   37   40   40   36   35   36    479
   105    0    2    7    5   14   15   19   26   23   27   30   28   39   36   41   38   33   41   46   41    511
   108    0    1   12   12   12   19   20   22   26   26   22   24   32   28   25   41   38   53   47   44    504
   111    0    3    5    8   12   13   17   20   19   32   23   31   35   41   44   41   41   48   44   32    509
   114    0    5    5   11   10   15   12   22   23   26   27   37   27   37   43   45   46   36   39   43    509
   117    1    5    8   10   10   14   11   23   18   27   25   29   39   33   39   40   34   37   46   46    495
   120    0    3    7   10   11   13   10   29   20   20   26   29   31   33   45   40   38   52   40   35    492
   123    1    3    9   12   19   15   15   16   17   28   32   38   37   43   35   44   48   41   45   56    554
   126    1    5    3    9   23   17   17   20   24   32   33   31   27   40   47   36   45   35   35   32    512
   129    1    0    7    6   13   11   21   19   33   25   35   49   33   25   37   42   55   40   40   47    539
   132    1    5    6    8   12   19   18   16   24   28   37   35   32   44   35   43   30   39   28   43    503
   135    3    5    9   10    9   16   21   23   35   18   34   31   29   48   40   41   44   45   34   36    531
   138    1    7    5    9   13   16   22   28   16   23   25   21   28   32   36   38   45   44   50   61    520
   141    2    1    7    7    8   16   21   17   37   23   43   34   38   29   38   39   34   42   35   43    514
   144    0    5    3   17    8   12   12   20   22   17   34   25   37   32   42   36   36   49   48   34    489
   147    1    3    4    7   10   16   23   24   19   29   39   31   36   31   44   45   35   37   34   47    515
   150    1    1    5    1   15   11   22   19   13   29   37   32   34   38   36   37   33   39   39   52    494
   153    3    1    5    7   13    9   24   15   25   27   26   28   43   37   45   50   35   39   44   44    520
   156    1    3    6   12   16   19   13   24   25   21   32   39   31   26   40   38   42   39   51   42    520
   159    1    2    4   11   15   16   13   20   27   25   30   31   39   37   40   44   45   41   41   48    530
   162    2    6    4    7    9   20   20   12   25   24   32   31   36   41   33   33   45   34   48   38    500
   165    1    4    9   14   17   13   19   24   17   13   34   31   29   36   47   37   48   45   37   35    510
   168    1    4    6    8    8   12   16   19   19   25   31   38   40   29   42   34   35   44   41   49    501
   171    1    2    7   11   11   13   18   12   23   21   34   32   41   33   40   46   39   40   54   52    530
   174    3    4   11   12   14   12   22   18   27   24   28   40   29   43   38   37   47   45   38   45    537
   177    1    7    5    9   19   16   20   17   23   29   35   42   31   45   38   44   38   35   38   47    539
   180    1    5    3    6   13   14   18   19   16   20   36   41   36   34   49   38   48   52   44   54    547
     0   69  220  372  558  735  885 1039 1258 1392 1556 1827 1957 2056 2199 2397 2372 2413 2459 2446 2602  30812
