1
      *** PROGRAM TRVMC95 ***


                              * INPUT DATA *


       Z1        M1          E0       ALPHA       EF        ESB      SHEATH     ERC
     18.00     39.95      4615.00      0.00      0.10      0.00  13845.00      4.70

       NH        RI           X0        RD        CW        CA       KK0   KK0R   KDEE1  KDEE2  IPOT   IPOTR   IRL
     99999 716381.00         0.00    100.00      2.00      1.00       2      2      3      3      1      1      3


             DX      RHO    CK  Z(,1) Z(,2) Z(,3) Z(,4) Z(,5)  M(,1)  M(,2)  M(,3)  M(,4)  M(,5) C(,1) C(,2) C(,3) C(,4) C(,5)

 1.LAYER 10000.00   2.25   1.00    6.    0.    0.    0.    0.  12.01   0.00   0.00   0.00   0.00 1.000 0.000 0.000 0.000 0.000


                           ***  SBE(LAYER,ELEMENT)  ***     ***     ED(LAYER,ELEMENT)     ***     ***   BE(LAYER,ELEMENT)  ***

 1.LAYER                   7.41  0.00  0.00  0.00  0.00     30.00   0.00   0.00   0.00   0.00     0.10  0.00  0.00  0.00  0.00


       INTERACTION POTENTIAL : PROJECTILE-TARGET : KR-C POTENTIAL     TARGET-TARGET : KR-C POTENTIAL    


       INELASTIC LOSS MODEL  : PROJECTILE-TARGET : 50% LS 50% OR      TARGET-TARGET : 50% LS 50% OR     
1

                              * OUTPUT DATA *


                 HLM       HLMT        SU       SUT        XC        RT       SFE      INEL         L        LJ
               0.0000 10000.000    3.5029 10003.503   -3.5029  9900.000      7.41         0         1         1


                NPROJ       KIB       KIT      MAXA      NALL       NPA       NSA       KIS      KIST
                64788         0         0       294  81103251   3368234  45442353    105118         0


            EPS0(I)       Z2(I)       M2(I)     ARHO(I)       LM(I)     PMAX(I)     ASIG(I)       SB(I)       XX(I)        NJ(I)

 1.LAYER   0.9050E-01  0.6000E+01  0.1201E+02  0.1128E+00  0.2070E+01  0.1168E+01  0.2335E+00  0.7410E+01  0.1000E+05         1


             A1(1)   A1(2)   A1(3)   A1(4)   A1(5)   A1(6)   A1(7)   A1(8)   A1(9)  A1(10)  A1(11)  A1(12)  A1(13)  A1(14)  A1(15)

           0.13193


           KOR1(1) KOR1(2) KOR1(3) KOR1(4) KOR1(5) KOR1(6) KOR1(7) KOR1(8) KOR1(9) KOR1(A) KOR1(B) KOR1(C) KOR1(D) KOR1(E) KOR1(F)

           0.73577


            A(I,1)  A(I,2)  A(I,3)  A(I,4)  A(I,5)  A(I,6)  A(I,7)  A(I,8)  A(I,9) A(I,10) A(I,11) A(I,12) A(I,13) A(I,14) A(I,15)

           0.16242


           KOR(,1) KOR(,2) KOR(,3) KOR(,4) KOR(,5) KOR(,6) KOR(,7) KOR(,8) KOR(,9) KOR(,A) KOR(,B) KOR(,C) KOR(,D) KOR(,E) KOR(,F)

           0.46963
1

         IMPLANTED PARTICLES=  99999     ENERGY=0.4615E+09 EV
     BACKSCATTERED PARTICLES=      0     ENERGY=0.0000E+00 EV
       TRANSMITTED PARTICLES=      0     ENERGY=0.0000E+00 EV
     BACKSPUTTERED PARTICLES=  65983     ENERGY=0.2280E+07 EV
    TRANSM. SPUTT. PARTICLES=      0     ENERGY=0.0000E+00 EV


  PROJECTILES :   MEAN NUMBER OF ELASTIC COLLISIONS =     39.8   MEAN NUMBER OF EL.COLL.(E > EDISPL.) =   16.964
                                                                 MEAN NUMBER OF EL.COLL.(E > SB(1))   =   30.942

                       MEAN        VARIANCE      SKEWNESS      KURTOSIS        SIGMA       ERROR 1.M     ERROR 2.M     ERROR 3.M 
  PENETRATION       6.9775E+01    4.9070E+02    4.2749E-01    3.0418E+00    2.2152E+01    7.0050E-02    2.2173E+00    7.4345E-03
       SPREAD       2.2351E+01    1.5643E+02    8.3802E-01    3.8034E+00    1.2507E+01    3.9551E-02    8.2825E-01    9.6713E-03
   PATHLENGTH       8.0344E+01    5.5071E+02    3.7666E-01    2.9897E+00    2.3467E+01    7.4210E-02    2.4565E+00    7.2666E-03
 ELASTIC LOSS       4.2742E+03    1.4337E+04                                1.1974E+02    1.1974E-03
   INEL. LOSS       3.4081E+02    1.4337E+04                                1.1974E+02    1.1974E-03

                       MEAN        VARIANCE      SKEWNESS      KURTOSIS        SIGMA       ERROR 1.M     ERROR 2.M     ERROR 3.M 
   ELAST.LOSS       1.0532E+02    6.6634E+04    5.3035E+00    3.9094E+01    2.5814E+02    1.2947E-01    2.0627E+02    7.9370E-03
 WEAK EL.LOSS       2.1976E+00    5.3958E+00    1.7235E+00    5.6879E+00    2.3229E+00    1.1650E-03    5.8595E-03    1.4109E-03
 INELAST.LOSS       8.5732E+00    2.4593E+01    5.7277E-02    2.1982E+00    4.9592E+00    2.4873E-03    1.3502E-02    8.1426E-04
  SUBTHR.LOSS       1.1457E+01    5.8148E+01    6.4465E-01    2.4016E+00    7.6255E+00    5.0514E-03    4.5603E-02    1.0396E-03

                     1.MOMENT      2.MOMENT      3.MOMENT      4.MOMENT      5.MOMENT      6.MOMENT 
  PENETRATION       6.9775E+01    5.3593E+03    4.4707E+05    4.0066E+07    3.8237E+09    3.8581E+11



  RECOILES (PER PROJ.)   :   MEAN NUMBER OF ELASTIC COLLISIONS =    804.0   MEAN NUMBER OF EL.COLL.(E > EDISPL.) =     42.908
                                                                            MEAN NUMBER OF EL.COLL.(E > SB(1))   =    252.771

  RECOILES (PER KNOCKON) :   MEAN NUMBER OF ELASTIC COLLISIONS =    1.647   MEAN NUMBER OF EL.COLL.(E > EDISPL.) =      0.088
                                                                            MEAN NUMBER OF EL.COLL.(E > SB(1))   =      0.518

1


     DEPTH(A)  PARTICLES  NORM.DEPTH PATHLENGTH   INLOSS(EV)  TELOSS(EV)  ELLOSS(EV)  DAMAGE(EV)  PHONON(EV)  CASCAD(EV)     DPA

    -SU-    0.         0  0.0000E+00
     0.-    2.         0  0.0000E+00         0    1.4249E+06  1.4424E+07  1.4366E+07  1.3852E+07  5.1429E+05  1.1296E+07   36156
     2.-    4.         0  0.0000E+00         0    1.4239E+06  1.4451E+07  1.4390E+07  1.3870E+07  5.2026E+05  1.1324E+07   36878
     4.-    6.         0  0.0000E+00         0    1.4031E+06  1.4611E+07  1.4546E+07  1.4020E+07  5.2629E+05  1.1453E+07   37551
     6.-    8.         0  0.0000E+00         0    1.3761E+06  1.4379E+07  1.4310E+07  1.3776E+07  5.3416E+05  1.1270E+07   38109
     8.-   10.         1  0.1000E-04         0    1.3494E+06  1.4234E+07  1.4161E+07  1.3621E+07  5.4010E+05  1.1154E+07   38875
    10.-   12.         1  0.1000E-04         0    1.3219E+06  1.4288E+07  1.4211E+07  1.3663E+07  5.4820E+05  1.1197E+07   39360
    12.-   14.         3  0.3000E-04         0    1.2967E+06  1.4083E+07  1.3999E+07  1.3443E+07  5.5614E+05  1.1041E+07   40591
    14.-   16.        21  0.2100E-03         0    1.2721E+06  1.4204E+07  1.4114E+07  1.3546E+07  5.6704E+05  1.1131E+07   41316
    16.-   18.        36  0.3600E-03         0    1.2396E+06  1.3976E+07  1.3878E+07  1.3304E+07  5.7391E+05  1.0948E+07   42191
    18.-   20.        74  0.7400E-03         9    1.2102E+06  1.3921E+07  1.3814E+07  1.3231E+07  5.8327E+05  1.0901E+07   43162
    20.-   22.       142  0.1420E-02        21    1.1802E+06  1.3786E+07  1.3669E+07  1.3073E+07  5.9610E+05  1.0783E+07   44124
    22.-   24.       196  0.1960E-02        35    1.1484E+06  1.3551E+07  1.3423E+07  1.2810E+07  6.1308E+05  1.0579E+07   44722
    24.-   26.       325  0.3250E-02        66    1.1163E+06  1.3291E+07  1.3150E+07  1.2519E+07  6.3077E+05  1.0354E+07   45301
    26.-   28.       434  0.4340E-02       106    1.0816E+06  1.3153E+07  1.3001E+07  1.2365E+07  6.3653E+05  1.0239E+07   46366
    28.-   30.       597  0.5970E-02       201    1.0472E+06  1.2932E+07  1.2766E+07  1.2118E+07  6.4862E+05  1.0049E+07   47138
    30.-   32.       744  0.7440E-02       245    1.0132E+06  1.2843E+07  1.2664E+07  1.1998E+07  6.6609E+05  9.9556E+06   47555
    32.-   34.       947  0.9470E-02       330    9.7597E+05  1.2427E+07  1.2234E+07  1.1561E+07  6.7344E+05  9.6090E+06   48133
    34.-   36.      1202  0.1202E-01       476    9.3722E+05  1.2224E+07  1.2019E+07  1.1342E+07  6.7694E+05  9.4373E+06   48454
    36.-   38.      1343  0.1343E-01       608    9.0040E+05  1.1760E+07  1.1542E+07  1.0850E+07  6.9113E+05  9.0438E+06   48574
    38.-   40.      1642  0.1642E-01       781    8.5925E+05  1.1315E+07  1.1086E+07  1.0384E+07  7.0118E+05  8.6652E+06   47951
    40.-   42.      1902  0.1902E-01       966    8.2139E+05  1.1109E+07  1.0869E+07  1.0166E+07  7.0337E+05  8.4886E+06   47868
    42.-   44.      2129  0.2129E-01      1117    7.7922E+05  1.0622E+07  1.0373E+07  9.6707E+06  7.0209E+05  8.0864E+06   47475
    44.-   46.      2328  0.2328E-01      1204    7.4101E+05  1.0260E+07  1.0003E+07  9.3000E+06  7.0301E+05  7.7815E+06   46720
    46.-   48.      2585  0.2585E-01      1424    6.9926E+05  9.8255E+06  9.5614E+06  8.8645E+06  6.9687E+05  7.4259E+06   45788
    48.-   50.      2824  0.2824E-01      1617    6.5792E+05  9.3697E+06  9.1024E+06  8.4194E+06  6.8299E+05  7.0616E+06   44849
    50.-   52.      3011  0.3011E-01      1749    6.1744E+05  8.9517E+06  8.6804E+06  8.0056E+06  6.7480E+05  6.7170E+06   43434
    52.-   54.      3186  0.3186E-01      2014    5.7764E+05  8.4109E+06  8.1396E+06  7.4767E+06  6.6290E+05  6.2824E+06   41991
    54.-   56.      3161  0.3161E-01      2258    5.3844E+05  7.8960E+06  7.6256E+06  6.9796E+06  6.4600E+05  5.8722E+06   40376
    56.-   58.      3410  0.3410E-01      2382    4.9916E+05  7.4152E+06  7.1474E+06  6.5247E+06  6.2273E+05  5.4933E+06   38797
    58.-   60.      3452  0.3452E-01      2480    4.6402E+05  7.0259E+06  6.7608E+06  6.1613E+06  5.9957E+05  5.1908E+06   37226
    60.-   62.      3484  0.3484E-01      2731    4.2877E+05  6.4746E+06  6.2180E+06  5.6324E+06  5.8558E+05  4.7501E+06   35048
    62.-   64.      3484  0.3484E-01      2874    3.9427E+05  6.0725E+06  5.8215E+06  5.2633E+06  5.5824E+05  4.4417E+06   33380
    64.-   66.      3622  0.3622E-01      2720    3.6170E+05  5.6373E+06  5.3936E+06  4.8567E+06  5.3691E+05  4.1018E+06   31218
    66.-   68.      3533  0.3533E-01      2741    3.2883E+05  5.1822E+06  4.9473E+06  4.4419E+06  5.0540E+05  3.7553E+06   29354
    68.-   70.      3535  0.3535E-01      3233    2.9921E+05  4.7736E+06  4.5501E+06  4.0733E+06  4.7681E+05  3.4453E+06   27292
    70.-   72.      3419  0.3419E-01      3500    2.7140E+05  4.2708E+06  4.0567E+06  3.6027E+06  4.5407E+05  3.0525E+06   25298
    72.-   74.      3401  0.3401E-01      3434    2.4507E+05  3.9175E+06  3.7155E+06  3.2921E+06  4.2340E+05  2.7898E+06   23290
    74.-   76.      3164  0.3164E-01      3461    2.2068E+05  3.5929E+06  3.4017E+06  3.0079E+06  3.9385E+05  2.5494E+06   21500
    76.-   78.      3154  0.3154E-01      3468    1.9786E+05  3.2417E+06  3.0622E+06  2.6973E+06  3.6484E+05  2.2889E+06   19773
    78.-   80.      3016  0.3016E-01      3478    1.7640E+05  2.9012E+06  2.7357E+06  2.3988E+06  3.3689E+05  2.0364E+06   17885
    80.-   82.      2831  0.2831E-01      3408    1.5720E+05  2.6561E+06  2.5025E+06  2.1950E+06  3.0745E+05  1.8635E+06   16303
    82.-   84.      2597  0.2597E-01      3304    1.3905E+05  2.3804E+06  2.2402E+06  1.9629E+06  2.7723E+05  1.6673E+06   14721
    84.-   86.      2521  0.2521E-01      3245    1.2295E+05  2.0585E+06  1.9284E+06  1.6719E+06  2.5643E+05  1.4231E+06   13307
    86.-   88.      2268  0.2268E-01      3088    1.0856E+05  1.8451E+06  1.7264E+06  1.4946E+06  2.3181E+05  1.2725E+06   11967
    88.-   90.      2179  0.2179E-01      3103    9.5517E+04  1.6614E+06  1.5527E+06  1.3393E+06  2.1340E+05  1.1400E+06   10635
    90.-   92.      1961  0.1961E-01      2832    8.2872E+04  1.4387E+06  1.3409E+06  1.1519E+06  1.8895E+05  9.8165E+05    9498
    92.-   94.      1849  0.1849E-01      2621    7.2439E+04  1.2346E+06  1.1457E+06  9.7297E+05  1.7270E+05  8.3055E+05    8364
    94.-   96.      1670  0.1670E-01      2566    6.2497E+04  1.0918E+06  1.0126E+06  8.5808E+05  1.5447E+05  7.3186E+05    7214
    96.-   98.      1557  0.1557E-01      2494    5.3407E+04  9.4055E+05  8.7016E+05  7.3643E+05  1.3373E+05  6.2864E+05    6334
    98.-  100.      1413  0.1413E-01      2121    4.6958E+04  8.3251E+05  7.6924E+05  6.4908E+05  1.2016E+05  5.5460E+05    5641
   100.-  102.      1257  0.1257E-01      2019    3.9811E+04  7.1399E+05  6.5908E+05  5.5485E+05  1.0423E+05  4.7428E+05    4894
   102.-  104.      1134  0.1134E-01      1844    3.3636E+04  6.0036E+05  5.5187E+05  4.5928E+05  9.2586E+04  3.9276E+05    4164
   104.-  106.       975  0.9750E-02      1714    2.8961E+04  5.3966E+05  4.9727E+05  4.1771E+05  7.9561E+04  3.5670E+05    3642
   106.-  108.       880  0.8800E-02      1558    2.4348E+04  4.5567E+05  4.1810E+05  3.4844E+05  6.9666E+04  2.9778E+05    3100
   108.-  110.       791  0.7910E-02      1349    2.0425E+04  3.6869E+05  3.3612E+05  2.7579E+05  6.0334E+04  2.3634E+05    2655
   110.-  112.       701  0.7010E-02      1271    1.7358E+04  3.1978E+05  2.9166E+05  2.3877E+05  5.2882E+04  2.0460E+05    2260
   112.-  114.       574  0.5740E-02      1147    1.4089E+04  2.6508E+05  2.4174E+05  1.9841E+05  4.3329E+04  1.6991E+05    1864
   114.-  116.       526  0.5260E-02      1068    1.1971E+04  2.2105E+05  2.0032E+05  1.6198E+05  3.8346E+04  1.3893E+05    1612
   116.-  118.       425  0.4250E-02       964    9.7623E+03  1.8701E+05  1.6937E+05  1.3660E+05  3.2770E+04  1.1713E+05    1330
   118.-  120.       406  0.4060E-02       894    8.0198E+03  1.4978E+05  1.3518E+05  1.0893E+05  2.6244E+04  9.3550E+04    1092
   120.-  122.       341  0.3410E-02       795    6.5408E+03  1.2312E+05  1.1081E+05  8.8020E+04  2.2793E+04  7.5541E+04     873
   122.-  124.       251  0.2510E-02       647    5.3967E+03  1.0005E+05  8.9763E+04  7.0633E+04  1.9131E+04  6.0699E+04     739
   124.-  126.       259  0.2590E-02       568    4.2745E+03  8.5732E+04  7.7325E+04  6.2182E+04  1.5143E+04  5.3273E+04     592
   126.-  128.       199  0.1990E-02       506    3.6085E+03  7.2096E+04  6.5063E+04  5.2412E+04  1.2651E+04  4.4986E+04     529
   128.-  130.       161  0.1610E-02       497    2.9559E+03  5.7154E+04  5.0980E+04  3.9844E+04  1.1137E+04  3.4278E+04     440
   130.-  132.       134  0.1340E-02       412    2.2643E+03  4.5417E+04  4.0447E+04  3.1507E+04  8.9403E+03  2.7011E+04     326
   132.-  134.       128  0.1280E-02       367    1.8107E+03  3.9068E+04  3.5011E+04  2.7554E+04  7.4580E+03  2.3543E+04     256
   134.-  136.        99  0.9900E-03       296    1.4066E+03  2.8501E+04  2.5152E+04  1.9296E+04  5.8556E+03  1.6613E+04     214
   136.-  138.        92  0.9200E-03       279    1.1861E+03  2.2294E+04  1.9634E+04  1.4879E+04  4.7550E+03  1.2875E+04     180
   138.-  140.        62  0.6200E-03       229    9.1182E+02  1.8626E+04  1.6431E+04  1.2444E+04  3.9873E+03  1.0723E+04     141
   140.-  142.        55  0.5500E-03       198    6.7436E+02  1.3748E+04  1.2095E+04  9.2052E+03  2.8897E+03  7.9330E+03     105
   142.-  144.        40  0.4000E-03       157    5.2528E+02  1.0509E+04  9.2118E+03  6.8398E+03  2.3720E+03  5.9002E+03      78
   144.-  146.        30  0.3000E-03       141    4.0974E+02  8.2161E+03  7.1643E+03  5.4953E+03  1.6690E+03  4.7742E+03      74
   146.-  148.        27  0.2700E-03       115    3.2798E+02  6.5189E+03  5.6795E+03  4.1349E+03  1.5446E+03  3.5634E+03      47
   148.-  150.        22  0.2200E-03        95    2.1982E+02  4.4365E+03  3.8505E+03  2.7735E+03  1.0770E+03  2.4001E+03      34
   150.-  152.        17  0.1700E-03        68    2.0550E+02  3.8324E+03  3.2865E+03  2.2610E+03  1.0255E+03  1.9535E+03      27
   152.-  154.        10  0.1000E-03        61    1.2660E+02  2.5835E+03  2.1976E+03  1.6446E+03  5.5297E+02  1.4302E+03      23
   154.-  156.        14  0.1400E-03        56    1.2460E+02  2.6473E+03  2.2841E+03  1.6083E+03  6.7585E+02  1.3864E+03      17
   156.-  158.        10  0.1000E-03        30    6.5601E+01  1.2706E+03  1.0206E+03  6.0124E+02  4.1935E+02  5.2743E+02      11
   158.-  160.         5  0.5000E-04        27    5.9788E+01  9.3346E+02  7.2596E+02  3.2998E+02  3.9599E+02  2.9013E+02       7
   160.-  162.        10  0.1000E-03        26    5.5993E+01  1.4920E+03  1.3454E+03  1.0999E+03  2.4551E+02  9.4596E+02      10
   162.-  164.         2  0.2000E-04        24    3.2133E+01  5.7771E+02  5.1127E+02  3.1840E+02  1.9287E+02  2.7576E+02       4
   164.-  166.         1  0.1000E-04        11    2.6594E+01  4.0339E+02  3.2860E+02  2.4667E+02  8.1933E+01  2.1678E+02       5
   166.-  168.         3  0.3000E-04        12    1.8558E+01  4.9033E+02  4.3027E+02  3.2041E+02  1.0987E+02  2.6968E+02       1
   168.-  170.         0  0.0000E+00         9    1.0338E+01  1.1056E+02  9.5809E+01  6.5208E+01  3.0600E+01  5.7037E+01       1
   170.-  172.         0  0.0000E+00         8    1.2702E+01  6.2228E+02  5.9609E+02  5.5459E+02  4.1498E+01  4.6322E+02       2
   172.-  174.         2  0.2000E-04         8    9.6071E+00  1.5877E+02  1.3975E+02  7.0693E+01  6.9061E+01  6.1728E+01       1
   174.-  176.         0  0.0000E+00         4    7.0081E+00  2.0819E+02  1.9787E+02  1.7856E+02  1.9310E+01  1.5425E+02       2
   176.-  178.         0  0.0000E+00         2    3.8408E+00  7.7525E+01  6.8236E+01  5.4903E+01  1.3333E+01  4.8196E+01       1
   178.-  180.         0  0.0000E+00         5    3.6926E+00  9.3780E+01  7.2358E+01  5.4328E+01  1.8030E+01  4.7701E+01       1
   180.-  182.         1  0.1000E-04         1    1.7267E+00  4.3120E+01  3.3617E+01  3.3617E+01  0.0000E+00  2.9799E+01       1
   182.-  184.         0  0.0000E+00         3    1.4397E+00  2.5967E+01  1.9442E+01  0.0000E+00  1.9442E+01  0.0000E+00       0
   184.-  186.         0  0.0000E+00         1    1.2615E+00  4.6604E+01  3.6432E+01  3.2772E+01  3.6598E+00  2.9064E+01       1
   186.-  188.         1  0.1000E-04         0    0.0000E+00  0.0000E+00  0.0000E+00  0.0000E+00  0.0000E+00  0.0000E+00       0
   188.-  190.         0  0.0000E+00         0    5.1591E-02  1.0841E+00  8.0150E-01  0.0000E+00  8.0150E-01  0.0000E+00       0
   190.-  192.         0  0.0000E+00         0    0.0000E+00  0.0000E+00  0.0000E+00  0.0000E+00  0.0000E+00  0.0000E+00       0
   192.-  194.         0  0.0000E+00         1    0.0000E+00  0.0000E+00  0.0000E+00  0.0000E+00  0.0000E+00  0.0000E+00       0
   194.-  196.         0  0.0000E+00         0    0.0000E+00  0.0000E+00  0.0000E+00  0.0000E+00  0.0000E+00  0.0000E+00       0
   196.-  198.         0  0.0000E+00         1    0.0000E+00  0.0000E+00  0.0000E+00  0.0000E+00  0.0000E+00  0.0000E+00       0
   198.-  200.         0  0.0000E+00         0    0.0000E+00  0.0000E+00  0.0000E+00  0.0000E+00  0.0000E+00  0.0000E+00       0
   200.-   SUT         0  0.0000E+00

                   99999  1.0000E+00     99999    3.4081E+07  4.2741E+08  4.1868E+08  3.9257E+08  2.6109E+07  3.2601E+08 1696409
1
     RECOILS



     DEPTH(A)     INLOSS(EV)   TELOSS(EV)   ELLOSS(EV)   DAMAGE(EV)   PHONON(EV)     DPA  DPA(1)  DPA(2)

     0.-    2.    3.6341E+05   6.1971E+06   4.9962E+06   1.3701E+06   3.6260E+06   21258   21258       0
     2.-    4.    5.9964E+05   9.2604E+06   7.7516E+06   2.8668E+06   4.8848E+06   38860   38860       0
     4.-    6.    8.1658E+05   1.1992E+07   1.0115E+07   3.9944E+06   6.1208E+06   51444   51444       0
     6.-    8.    1.0038E+06   1.4312E+07   1.2100E+07   4.8558E+06   7.2445E+06   61446   61446       0
     8.-   10.    1.1619E+06   1.6355E+07   1.3851E+07   5.6451E+06   8.2059E+06   69992   69992       0
    10.-   12.    1.2998E+06   1.8228E+07   1.5468E+07   6.4170E+06   9.0512E+06   78021   78021       0
    12.-   14.    1.4268E+06   1.9807E+07   1.6812E+07   6.9831E+06   9.8289E+06   84085   84085       0
    14.-   16.    1.5371E+06   2.1248E+07   1.8047E+07   7.5358E+06   1.0511E+07   90867   90867       0
    16.-   18.    1.6434E+06   2.2604E+07   1.9212E+07   8.0833E+06   1.1128E+07   96712   96712       0
    18.-   20.    1.7340E+06   2.3809E+07   2.0243E+07   8.5211E+06   1.1721E+07  102044  102044       0
    20.-   22.    1.8145E+06   2.4917E+07   2.1178E+07   8.8852E+06   1.2293E+07  106405  106405       0
    22.-   24.    1.8860E+06   2.5884E+07   2.1994E+07   9.2136E+06   1.2781E+07  110980  110980       0
    24.-   26.    1.9467E+06   2.6811E+07   2.2786E+07   9.5553E+06   1.3230E+07  114872  114872       0
    26.-   28.    1.9977E+06   2.7564E+07   2.3413E+07   9.7852E+06   1.3628E+07  118039  118039       0
    28.-   30.    2.0402E+06   2.8277E+07   2.4014E+07   1.0025E+07   1.3989E+07  120534  120534       0
    30.-   32.    2.0754E+06   2.8850E+07   2.4493E+07   1.0186E+07   1.4307E+07  123007  123007       0
    32.-   34.    2.1040E+06   2.9417E+07   2.4980E+07   1.0439E+07   1.4541E+07  125689  125689       0
    34.-   36.    2.1194E+06   2.9560E+07   2.5064E+07   1.0320E+07   1.4744E+07  126179  126179       0
    36.-   38.    2.1324E+06   2.9846E+07   2.5293E+07   1.0361E+07   1.4932E+07  127202  127202       0
    38.-   40.    2.1348E+06   3.0042E+07   2.5458E+07   1.0442E+07   1.5016E+07  127810  127810       0
    40.-   42.    2.1325E+06   3.0124E+07   2.5521E+07   1.0437E+07   1.5084E+07  128168  128168       0
    42.-   44.    2.1120E+06   3.0039E+07   2.5437E+07   1.0365E+07   1.5072E+07  127441  127441       0
    44.-   46.    2.0896E+06   2.9844E+07   2.5265E+07   1.0299E+07   1.4965E+07  126894  126894       0
    46.-   48.    2.0567E+06   2.9424E+07   2.4890E+07   1.0070E+07   1.4820E+07  124263  124263       0
    48.-   50.    2.0095E+06   2.8905E+07   2.4432E+07   9.8288E+06   1.4603E+07  122350  122350       0
    50.-   52.    1.9657E+06   2.8253E+07   2.3857E+07   9.4953E+06   1.4362E+07  119402  119402       0
    52.-   54.    1.9111E+06   2.7593E+07   2.3286E+07   9.2427E+06   1.4044E+07  116317  116317       0
    54.-   56.    1.8512E+06   2.6845E+07   2.2649E+07   8.9727E+06   1.3676E+07  112760  112760       0
    56.-   58.    1.7872E+06   2.6011E+07   2.1936E+07   8.6633E+06   1.3273E+07  109512  109512       0
    58.-   60.    1.7190E+06   2.5099E+07   2.1153E+07   8.2979E+06   1.2855E+07  105538  105538       0
    60.-   62.    1.6518E+06   2.4179E+07   2.0378E+07   8.0126E+06   1.2366E+07  101561  101561       0
    62.-   64.    1.5744E+06   2.3149E+07   1.9502E+07   7.6360E+06   1.1866E+07   96919   96919       0
    64.-   66.    1.5000E+06   2.2130E+07   1.8633E+07   7.2774E+06   1.1356E+07   92369   92369       0
    66.-   68.    1.4213E+06   2.0969E+07   1.7637E+07   6.8054E+06   1.0832E+07   87605   87605       0
    68.-   70.    1.3463E+06   1.9914E+07   1.6747E+07   6.4688E+06   1.0278E+07   82719   82719       0
    70.-   72.    1.2641E+06   1.8781E+07   1.5791E+07   6.0958E+06   9.6956E+06   78318   78318       0
    72.-   74.    1.1859E+06   1.7609E+07   1.4793E+07   5.6560E+06   9.1368E+06   73323   73323       0
    74.-   76.    1.1065E+06   1.6508E+07   1.3863E+07   5.2982E+06   8.5653E+06   68504   68504       0
    76.-   78.    1.0300E+06   1.5354E+07   1.2887E+07   4.8917E+06   7.9951E+06   63368   63368       0
    78.-   80.    9.5708E+05   1.4275E+07   1.1977E+07   4.5335E+06   7.4432E+06   58984   58984       0
    80.-   82.    8.8905E+05   1.3308E+07   1.1173E+07   4.2586E+06   6.9148E+06   54864   54864       0
    82.-   84.    8.2474E+05   1.2339E+07   1.0364E+07   3.9672E+06   6.3966E+06   51096   51096       0
    84.-   86.    7.6169E+05   1.1393E+07   9.5649E+06   3.6394E+06   5.9255E+06   47063   47063       0
    86.-   88.    7.0231E+05   1.0553E+07   8.8702E+06   3.4162E+06   5.4539E+06   43812   43812       0
    88.-   90.    6.4316E+05   9.6385E+06   8.0929E+06   3.0898E+06   5.0031E+06   39904   39904       0
    90.-   92.    5.8712E+05   8.7988E+06   7.3863E+06   2.8103E+06   4.5760E+06   36148   36148       0
    92.-   94.    5.3423E+05   7.9865E+06   6.7124E+06   2.5704E+06   4.1420E+06   33307   33307       0
    94.-   96.    4.8122E+05   7.1356E+06   5.9972E+06   2.2959E+06   3.7012E+06   30126   30126       0
    96.-   98.    4.2378E+05   6.2229E+06   5.2451E+06   2.0419E+06   3.2032E+06   26333   26333       0
    98.-  100.    3.5364E+05   5.0906E+06   4.3340E+06   1.8166E+06   2.5174E+06   22773   22773       0
   100.-  102.    2.0820E+05   2.7640E+06   2.3910E+06   1.1248E+06   1.2661E+06   13312   13312       0
   102.-  104.    7.0128E+03   7.3460E+04   5.9991E+04   1.9090E+04   4.0900E+04     262     262       0
   104.-  106.    0.0000E+00   0.0000E+00   0.0000E+00   0.0000E+00   0.0000E+00       0       0       0
   106.-  108.    0.0000E+00   0.0000E+00   0.0000E+00   0.0000E+00   0.0000E+00       0       0       0
   108.-  110.    0.0000E+00   0.0000E+00   0.0000E+00   0.0000E+00   0.0000E+00       0       0       0
   110.-  112.    0.0000E+00   0.0000E+00   0.0000E+00   0.0000E+00   0.0000E+00       0       0       0
   112.-  114.    0.0000E+00   0.0000E+00   0.0000E+00   0.0000E+00   0.0000E+00       0       0       0
   114.-  116.    0.0000E+00   0.0000E+00   0.0000E+00   0.0000E+00   0.0000E+00       0       0       0
   116.-  118.    0.0000E+00   0.0000E+00   0.0000E+00   0.0000E+00   0.0000E+00       0       0       0
   118.-  120.    0.0000E+00   0.0000E+00   0.0000E+00   0.0000E+00   0.0000E+00       0       0       0
   120.-  122.    0.0000E+00   0.0000E+00   0.0000E+00   0.0000E+00   0.0000E+00       0       0       0
   122.-  124.    0.0000E+00   0.0000E+00   0.0000E+00   0.0000E+00   0.0000E+00       0       0       0
   124.-  126.    0.0000E+00   0.0000E+00   0.0000E+00   0.0000E+00   0.0000E+00       0       0       0
   126.-  128.    0.0000E+00   0.0000E+00   0.0000E+00   0.0000E+00   0.0000E+00       0       0       0
   128.-  130.    0.0000E+00   0.0000E+00   0.0000E+00   0.0000E+00   0.0000E+00       0       0       0
   130.-  132.    0.0000E+00   0.0000E+00   0.0000E+00   0.0000E+00   0.0000E+00       0       0       0
   132.-  134.    0.0000E+00   0.0000E+00   0.0000E+00   0.0000E+00   0.0000E+00       0       0       0
   134.-  136.    0.0000E+00   0.0000E+00   0.0000E+00   0.0000E+00   0.0000E+00       0       0       0
   136.-  138.    0.0000E+00   0.0000E+00   0.0000E+00   0.0000E+00   0.0000E+00       0       0       0
   138.-  140.    0.0000E+00   0.0000E+00   0.0000E+00   0.0000E+00   0.0000E+00       0       0       0
   140.-  142.    0.0000E+00   0.0000E+00   0.0000E+00   0.0000E+00   0.0000E+00       0       0       0
   142.-  144.    0.0000E+00   0.0000E+00   0.0000E+00   0.0000E+00   0.0000E+00       0       0       0
   144.-  146.    0.0000E+00   0.0000E+00   0.0000E+00   0.0000E+00   0.0000E+00       0       0       0
   146.-  148.    0.0000E+00   0.0000E+00   0.0000E+00   0.0000E+00   0.0000E+00       0       0       0
   148.-  150.    0.0000E+00   0.0000E+00   0.0000E+00   0.0000E+00   0.0000E+00       0       0       0
   150.-  152.    0.0000E+00   0.0000E+00   0.0000E+00   0.0000E+00   0.0000E+00       0       0       0
   152.-  154.    0.0000E+00   0.0000E+00   0.0000E+00   0.0000E+00   0.0000E+00       0       0       0
   154.-  156.    0.0000E+00   0.0000E+00   0.0000E+00   0.0000E+00   0.0000E+00       0       0       0
   156.-  158.    0.0000E+00   0.0000E+00   0.0000E+00   0.0000E+00   0.0000E+00       0       0       0
   158.-  160.    0.0000E+00   0.0000E+00   0.0000E+00   0.0000E+00   0.0000E+00       0       0       0
   160.-  162.    0.0000E+00   0.0000E+00   0.0000E+00   0.0000E+00   0.0000E+00       0       0       0
   162.-  164.    0.0000E+00   0.0000E+00   0.0000E+00   0.0000E+00   0.0000E+00       0       0       0
   164.-  166.    0.0000E+00   0.0000E+00   0.0000E+00   0.0000E+00   0.0000E+00       0       0       0
   166.-  168.    0.0000E+00   0.0000E+00   0.0000E+00   0.0000E+00   0.0000E+00       0       0       0
   168.-  170.    0.0000E+00   0.0000E+00   0.0000E+00   0.0000E+00   0.0000E+00       0       0       0
   170.-  172.    0.0000E+00   0.0000E+00   0.0000E+00   0.0000E+00   0.0000E+00       0       0       0
   172.-  174.    0.0000E+00   0.0000E+00   0.0000E+00   0.0000E+00   0.0000E+00       0       0       0
   174.-  176.    0.0000E+00   0.0000E+00   0.0000E+00   0.0000E+00   0.0000E+00       0       0       0
   176.-  178.    0.0000E+00   0.0000E+00   0.0000E+00   0.0000E+00   0.0000E+00       0       0       0
   178.-  180.    0.0000E+00   0.0000E+00   0.0000E+00   0.0000E+00   0.0000E+00       0       0       0
   180.-  182.    0.0000E+00   0.0000E+00   0.0000E+00   0.0000E+00   0.0000E+00       0       0       0
   182.-  184.    0.0000E+00   0.0000E+00   0.0000E+00   0.0000E+00   0.0000E+00       0       0       0
   184.-  186.    0.0000E+00   0.0000E+00   0.0000E+00   0.0000E+00   0.0000E+00       0       0       0
   186.-  188.    0.0000E+00   0.0000E+00   0.0000E+00   0.0000E+00   0.0000E+00       0       0       0
   188.-  190.    0.0000E+00   0.0000E+00   0.0000E+00   0.0000E+00   0.0000E+00       0       0       0
   190.-  192.    0.0000E+00   0.0000E+00   0.0000E+00   0.0000E+00   0.0000E+00       0       0       0
   192.-  194.    0.0000E+00   0.0000E+00   0.0000E+00   0.0000E+00   0.0000E+00       0       0       0
   194.-  196.    0.0000E+00   0.0000E+00   0.0000E+00   0.0000E+00   0.0000E+00       0       0       0
   196.-  198.    0.0000E+00   0.0000E+00   0.0000E+00   0.0000E+00   0.0000E+00       0       0       0
   198.-  200.    0.0000E+00   0.0000E+00   0.0000E+00   0.0000E+00   0.0000E+00       0       0       0

                  7.0926E+07   1.0153E+09   8.5809E+08   3.4488E+08   5.1321E+08 4290761 4290761       0
1     BACKWARD SPUTTERING



        ALL SPUTTERED PARTICLES =   65983   TOTAL SPUTTERED ENERGY = 0.2280E+07 EV


        SPUTTERED PARTICLES (1.LAYER) =   65983   SPUTTERED ENERGY = 0.2280E+07 EV


 1.LAYER
         SPUTTERED PARTICLES(1) =   65983     SPUTTERED ENERGY(1) = 0.2280E+07 EV

         ION IN , PRIMARY KO(1) =   13541   0.2052   0.2052    ENERGY = 0.8527E+06 EV   0.3740   0.3740    MEAN ENERGY = 0.6297E+02
         ION IN , SECOND. KO(1) =   52441   0.7948   0.7948    ENERGY = 0.1427E+07 EV   0.6260   0.6260    MEAN ENERGY = 0.2722E+02
        ION OUT , PRIMARY KO(1) =       0   0.0000   0.0000    ENERGY = 0.0000E+00 EV   0.0000   0.0000    MEAN ENERGY = 0.0000E+00
        ION OUT , SECOND. KO(1) =       1   0.0000   0.0000    ENERGY = 0.6606E+02 EV   0.0000   0.0000    MEAN ENERGY = 0.6606E+02


     SPUTTERING YIELD(1) =  6.598E-01  SPUTTERED ENERGY(1) =  4.941E-03  REL.MEAN ENERGY(1) =  7.488E-03  MEAN ENERGY(1) =  3.456E+01

                       MEAN        VARIANCE      SKEWNESS      KURTOSIS        SIGMA       ERROR 1.M     ERROR 2.M     ERROR 3.M 
    ENERGY(1)       3.4558E+01    2.9609E+03    4.1700E+00    2.9163E+01    5.4415E+01    2.1184E-01    6.1172E+01    8.3259E-02
 LOGENERGY(1)       1.1947E+00    3.1774E-01   -8.5339E-02    2.8902E+00    5.6369E-01    2.1947E-03    1.7009E-03    8.7573E-03

                     1.MOMENT      2.MOMENT      3.MOMENT      4.MOMENT      5.MOMENT      6.MOMENT 
    ENERGY(1)       3.4558E+01    4.1552E+03    1.0201E+06    3.7119E+08    1.7135E+11    9.2492E+13
 LOGENERGY(1)       1.1947E+00    1.7451E+00    2.8289E+00    4.9773E+00    9.3117E+00    1.8309E+01



     POLAR ANGULAR DISTRIBUTION OF ALL BACKWARD SPUTTERED PARTICLES


       0.00  0.00  0.00  0.00  0.00  0.00  0.00  0.00  0.00  0.00  0.00  0.00  0.00  0.00  0.00  0.00  0.00  0.00  0.00  0.00

        122   338   645   940  1213  1573  1971  2308  2749  3279  3606  3946  4514  4775  4809  5371  5485  5881  5981  6477
      0.037 0.102 0.196 0.285 0.368 0.477 0.597 0.700 0.833 0.994 1.093 1.196 1.368 1.447 1.458 1.628 1.663 1.783 1.813 1.963
1 LOG ENERGY - COS OF EMISSION ANGLE (0.05 STEPS)   (BACKWARD SPUTTERED PARTICLES) ; 1. LAYER ; SPECIES 1


   0.0000E+00    1    2    3    4    5    6    7    8    9   10   11   12   13   14   15   16   17   18   19   20     0  0.0000E+00
   0.1000E+00    0    1    2    0    0    0    2    2    1    0    0    1    0    1    3    0    1    1    3    1    19  0.1900E-02
   0.1212E+00    0    0    0    0    0    0    0    0    0    0    0    0    0    0    0    0    0    0    0    0     0  0.0000E+00
   0.1468E+00    0    0    0    0    0    0    0    0    0    0    0    0    0    0    0    0    0    0    0    0     0  0.0000E+00
   0.1778E+00    0    0    0    0    0    0    0    0    0    0    0    0    0    0    0    0    0    0    0    0     0  0.0000E+00
   0.2154E+00    0    0    0    0    0    0    0    0    0    0    0    0    0    0    0    0    0    0    0    0     0  0.0000E+00
   0.2610E+00    0    0    0    0    0    0    0    0    0    0    0    0    0    0    0    0    0    0    0    0     0  0.0000E+00
   0.3162E+00    0    0    0    0    0    0    0    0    0    0    0    0    0    0    0    0    0    0    0    0     0  0.0000E+00
   0.3831E+00    0    0    0    0    0    0    0    0    0    0    0    0    0    0    0    0    0    0    0    0     0  0.0000E+00
   0.4642E+00    0    0    0    0    0    0    0    0    0    0    0    0    0    0    0    0    0    0    0    0     0  0.0000E+00
   0.5623E+00    0    0    0    0    0    0    0    0    0    0    0    0    0    0    0    0    0    0    0    0     0  0.0000E+00
   0.6813E+00    0    0    0    0    0    0    0    0    0    0    0    0    0    0    0    0    0    0    0    0     0  0.0000E+00
   0.8254E+00    0    0    0    0    0    0    0    0    0    0    0    0    0    0    0    0    0    0    0    0     0  0.0000E+00
   0.1000E+01    0    0    0    0    0    0    0    0    0    0    0    0    0    0    0    0    0    0    0    0     0  0.0000E+00
   0.1212E+01    0    0    0    0    0    0    0    0    0    0    0    0    0    0    0    0    0    0    0    0     0  0.0000E+00
   0.1468E+01    0    0    0    0    0    0    0    0    0    0    0    0    0    0    0    0    0    0    0    0     0  0.0000E+00
   0.1778E+01    0    0    0    0    0    0    0    0    0    0    0    0    0    0    0    0    0    0    0    0     0  0.0000E+00
   0.2154E+01    0    0    0    0    0    0    0    0    0    0    0    0    0    0    0    0    0    0    0    0     0  0.0000E+00
   0.2610E+01    0    0    0    0    0    0    0    0    0    0    0    0    0    0    0    0    0    0    0    0     0  0.0000E+00
   0.3162E+01    0    0    0    0    0    0    0    0    0    0    0    0    0    0    0    0    0    0    0    0     0  0.0000E+00
   0.3831E+01    0    0    0    0    0    0    0    0    0    0    0    0    0    0    0    0    0    0    0    0     0  0.0000E+00
   0.4642E+01    0    0    0    0    0    0    0    0    0    0    0    0    0    0    0    0    0    0    0    0     0  0.0000E+00
   0.5623E+01    0    0    0    0    0    0    0    0    0    0    0    0    0    0    0    0    0    0    0    0     0  0.0000E+00
   0.6813E+01    0    0    0    0    0    0    0    0    0    0    0    0    0    0    0    0    0    0    0    0     0  0.0000E+00
   0.8254E+01    0    0    0    0    0    0    0    0    0    0    0    0    0    0    0    0    0    0    0    0     0  0.0000E+00
   0.1000E+02    0    0    0    0    0    0    0    0    0    0    0    0    0    0    0    0    0    0    0    0     0  0.0000E+00
   0.1212E+02    0    0    0    0    0    0    0    0    0    0    0    0    0    0    0    0    0    0    0    0     0  0.0000E+00
   0.1468E+02    0    0    0    0    0    0    0    0    0    0    0    0    0    0    0    0    0    0    0    0     0  0.0000E+00
   0.1778E+02    0    0    0    0    0    0    0    0    0    0    0    0    0    0    0    0    0    0    0    0     0  0.0000E+00
   0.2154E+02    0    0    0    0    0    0    0    0    0    0    0    0    0    0    0    0    0    0    0    0     0  0.0000E+00
   0.2610E+02    0    0    0    0    0    0    0    0    0    0    0    0    0    0    0    0    0    0    0    0     0  0.0000E+00
   0.3162E+02    0    0    0    0    0    0    0    0    0    0    0    0    0    0    0    0    0    0    0    0     0  0.0000E+00
   0.3831E+02    0    0    0    0    0    0    0    0    0    0    0    0    0    0    0    0    0    0    0    0     0  0.0000E+00
   0.4642E+02    0    0    0    0    0    0    0    0    0    0    0    0    0    0    0    0    0    0    0    0     0  0.0000E+00
   0.5623E+02    0    0    0    0    0    0    0    0    0    0    0    0    0    0    0    0    0    0    0    0     0  0.0000E+00
   0.6813E+02    0    0    0    0    0    0    0    0    0    0    0    0    0    0    0    0    0    0    0    0     0  0.0000E+00
   0.8254E+02    0    0    0    0    0    0    0    0    0    0    0    0    0    0    0    0    0    0    0    0     0  0.0000E+00
   0.1000E+03    0    0    0    0    0    0    0    0    0    0    0    0    0    0    0    0    0    0    0    0     0  0.0000E+00
   0.1212E+03    0    0    0    0    0    0    0    0    0    0    0    0    0    0    0    0    0    0    0    0     0  0.0000E+00
   0.1468E+03    0    0    0    0    0    0    0    0    0    0    0    0    0    0    0    0    0    0    0    0     0  0.0000E+00
   0.1778E+03    0    0    0    0    0    0    0    0    0    0    0    0    0    0    0    0    0    0    0    0     0  0.0000E+00
   0.2154E+03    0    0    0    0    0    0    0    0    0    0    0    0    0    0    0    0    0    0    0    0     0  0.0000E+00
   0.2610E+03    0    0    0    0    0    0    0    0    0    0    0    0    0    0    0    0    0    0    0    0     0  0.0000E+00
   0.3162E+03    0    0    0    0    0    0    0    0    0    0    0    0    0    0    0    0    0    0    0    0     0  0.0000E+00
   0.3831E+03    0    0    0    0    0    0    0    0    0    0    0    0    0    0    0    0    0    0    0    0     0  0.0000E+00
   0.4642E+03    0    0    0    0    0    0    0    0    0    0    0    0    0    0    0    0    0    0    0    0     0  0.0000E+00
   0.5623E+03    0    0    0    0    0    0    0    0    0    0    0    0    0    0    0    0    0    0    0    0     0  0.0000E+00
   0.6813E+03    0    0    0    0    0    0    0    0    0    0    0    0    0    0    0    0    0    0    0    0     0  0.0000E+00
   0.8254E+03    0    0    0    0    0    0    0    0    0    0    0    0    0    0    0    0    0    0    0    0     0  0.0000E+00
   0.1000E+04    0    0    0    0    0    0    0    0    0    0    0    0    0    0    0    0    0    0    0    0     0  0.0000E+00
   0.1212E+04    0    0    0    0    0    0    0    0    0    0    0    0    0    0    0    0    0    0    0    0     0  0.0000E+00
   0.1468E+04    0    0    0    0    0    0    0    0    0    0    0    0    0    0    0    0    0    0    0    0     0  0.0000E+00
   0.1778E+04    0    0    0    0    0    0    0    0    0    0    0    0    0    0    0    0    0    0    0    0     0  0.0000E+00
   0.2154E+04    0    0    0    0    0    0    0    0    0    0    0    0    0    0    0    0    0    0    0    0     0  0.0000E+00
   0.2610E+04    0    0    0    0    0    0    0    0    0    0    0    0    0    0    0    0    0    0    0    0     0  0.0000E+00
   0.3162E+04    0    0    0    0    0    0    0    0    0    0    0    0    0    0    0    0    0    0    0    0     0  0.0000E+00
   0.3831E+04    0    0    0    0    0    0    0    0    0    0    0    0    0    0    0    0    0    0    0    0     0  0.0000E+00
   0.4642E+04    0    0    0    0    0    0    0    0    0    0    0    0    0    0    0    0    0    0    0    0     0  0.0000E+00
   0.5623E+04    0    0    0    0    0    0    0    0    0    0    0    0    0    0    0    0    0    0    0    0     0  0.0000E+00
   0.6813E+04    0    0    0    0    0    0    0    0    0    0    0    0    0    0    0    0    0    0    0    0     0  0.0000E+00
   0.8254E+04    0    0    0    0    0    0    0    0    0    0    0    0    0    0    0    0    0    0    0    0     0  0.0000E+00
   0.1000E+05    0    0    0    0    0    0    0    0    0    0    0    0    0    0    0    0    0    0    0    0     0  0.0000E+00
   0.1212E+05    0    0    0    0    0    0    0    0    0    0    0    0    0    0    0    0    0    0    0    0     0  0.0000E+00
   0.1468E+05    0    0    0    0    0    0    0    0    0    0    0    0    0    0    0    0    0    0    0    0     0  0.0000E+00
   0.1778E+05    0    0    0    0    0    0    0    0    0    0    0    0    0    0    0    0    0    0    0    0     0  0.0000E+00
   0.2154E+05    0    0    0    0    0    0    0    0    0    0    0    0    0    0    0    0    0    0    0    0     0  0.0000E+00
   0.2610E+05    0    0    0    0    0    0    0    0    0    0    0    0    0    0    0    0    0    0    0    0     0  0.0000E+00
   0.3162E+05    0    0    0    0    0    0    0    0    0    0    0    0    0    0    0    0    0    0    0    0     0  0.0000E+00
   0.3831E+05    0    0    0    0    0    0    0    0    0    0    0    0    0    0    0    0    0    0    0    0     0  0.0000E+00
   0.4642E+05    0    0    0    0    0    0    0    0    0    0    0    0    0    0    0    0    0    0    0    0     0  0.0000E+00
   0.5623E+05    0    0    0    0    0    0    0    0    0    0    0    0    0    0    0    0    0    0    0    0     0  0.0000E+00
   0.6813E+05    0    0    0    0    0    0    0    0    0    0    0    0    0    0    0    0    0    0    0    0     0  0.0000E+00
   0.8254E+05    0    0    0    0    0    0    0    0    0    0    0    0    0    0    0    0    0    0    0    0     0  0.0000E+00
   0.1000E+06    0    0    0    0    0    0    0    0    0    0    0    0    0    0    0    0    0    0    0    0     0  0.0000E+00
   0.0000E+00  244  675 1288 1880 2426 3146 3940 4614 5497 6558 7212 7891 9028 9549 96151074210969117611195912953131947  0.0000E+00
1ENERGY(E/E0 IN %) - POLAR ANGLE IN COS-INTERVALS (0.05)  (BACKWARD SPUTTERED PARTICLES) , 1.LAYER , SPECIES 1

     0    1    2    3    4    5    6    7    8    9   10   11   12   13   14   15   16   17   18   19   20      0
     1  110  308  557  790  980 1251 1517 1748 2083 2422 2723 2973 3413 3664 3735 4244 4400 4817 4969 5482  52186
     2   10   22   49   96  133  172  230  289  329  422  456  541  606  650  611  635  657  643  666  697   7914
     3    1    5   17   29   42   65  105  107  133  191  180  208  228  226  221  240  238  242  199  171   2848
     4    1    2   12   10   21   30   49   59   73   84  106   84  112  112  105  117   97   88   69   73   1304
     5    0    0    4    4   15   21   25   29   50   58   53   46   60   54   45   58   36   39   39   31    667
     6    0    0    4    4   11   11   14   27   35   42   33   35   32   28   32   31   26   26   21   13    425
     7    0    0    2    4    3    7   11   20   16   20   16   27   21   12   25   20   11   13    9    3    240
     8    0    0    0    0    4    7    7   15    6   16   11   11   13    9   12   10    5    8    4    2    140
     9    0    1    0    1    0    4    4    4    8    9   12    6   14    6    7    7    7    0    3    4     97
    10    0    0    0    2    1    2    2    5    3    9    3    5    3    3    8    3    4    1    1    1     56
    11    0    0    0    0    2    1    3    1    6    3    6    5    6    3    4    0    3    1    0    0     44
    12    0    0    0    0    0    0    3    1    2    1    4    2    2    0    1    3    0    1    1    0     21
    13    0    0    0    0    0    1    0    0    2    2    2    2    2    3    1    1    0    1    0    0     17
    14    0    0    0    0    1    0    0    2    2    0    1    0    0    2    1    0    0    0    0    0      9
    15    0    0    0    0    0    0    0    0    0    0    0    0    0    1    0    1    1    0    0    0      3
    16    0    0    0    0    0    1    1    1    0    0    0    1    1    1    1    0    0    0    0    0      7
    17    0    0    0    0    0    0    0    0    0    0    0    0    0    1    0    1    0    1    0    0      3
    18    0    0    0    0    0    0    0    0    0    0    0    0    0    0    0    0    0    0    0    0      0
    19    0    0    0    0    0    0    0    0    1    0    0    0    0    0    0    0    0    0    0    0      1
    20    0    0    0    0    0    0    0    0    0    0    0    0    1    0    0    0    0    0    0    0      1
    21    0    0    0    0    0    0    0    0    0    0    0    0    0    0    0    0    0    0    0    0      0
    22    0    0    0    0    0    0    0    0    0    0    0    0    0    0    0    0    0    0    0    0      0
    23    0    0    0    0    0    0    0    0    0    0    0    0    0    0    0    0    0    0    0    0      0
    24    0    0    0    0    0    0    0    0    0    0    0    0    0    0    0    0    0    0    0    0      0
    25    0    0    0    0    0    0    0    0    0    0    0    0    0    0    0    0    0    0    0    0      0
    26    0    0    0    0    0    0    0    0    0    0    0    0    0    0    0    0    0    0    0    0      0
    27    0    0    0    0    0    0    0    0    0    0    0    0    0    0    0    0    0    0    0    0      0
    28    0    0    0    0    0    0    0    0    0    0    0    0    0    0    0    0    0    0    0    0      0
    29    0    0    0    0    0    0    0    0    0    0    0    0    0    0    0    0    0    0    0    0      0
    30    0    0    0    0    0    0    0    0    0    0    0    0    0    0    0    0    0    0    0    0      0
    31    0    0    0    0    0    0    0    0    0    0    0    0    0    0    0    0    0    0    0    0      0
    32    0    0    0    0    0    0    0    0    0    0    0    0    0    0    0    0    0    0    0    0      0
    33    0    0    0    0    0    0    0    0    0    0    0    0    0    0    0    0    0    0    0    0      0
    34    0    0    0    0    0    0    0    0    0    0    0    0    0    0    0    0    0    0    0    0      0
    35    0    0    0    0    0    0    0    0    0    0    0    0    0    0    0    0    0    0    0    0      0
    36    0    0    0    0    0    0    0    0    0    0    0    0    0    0    0    0    0    0    0    0      0
    37    0    0    0    0    0    0    0    0    0    0    0    0    0    0    0    0    0    0    0    0      0
    38    0    0    0    0    0    0    0    0    0    0    0    0    0    0    0    0    0    0    0    0      0
    39    0    0    0    0    0    0    0    0    0    0    0    0    0    0    0    0    0    0    0    0      0
    40    0    0    0    0    0    0    0    0    0    0    0    0    0    0    0    0    0    0    0    0      0
    41    0    0    0    0    0    0    0    0    0    0    0    0    0    0    0    0    0    0    0    0      0
    42    0    0    0    0    0    0    0    0    0    0    0    0    0    0    0    0    0    0    0    0      0
    43    0    0    0    0    0    0    0    0    0    0    0    0    0    0    0    0    0    0    0    0      0
    44    0    0    0    0    0    0    0    0    0    0    0    0    0    0    0    0    0    0    0    0      0
    45    0    0    0    0    0    0    0    0    0    0    0    0    0    0    0    0    0    0    0    0      0
    46    0    0    0    0    0    0    0    0    0    0    0    0    0    0    0    0    0    0    0    0      0
    47    0    0    0    0    0    0    0    0    0    0    0    0    0    0    0    0    0    0    0    0      0
    48    0    0    0    0    0    0    0    0    0    0    0    0    0    0    0    0    0    0    0    0      0
    49    0    0    0    0    0    0    0    0    0    0    0    0    0    0    0    0    0    0    0    0      0
    50    0    0    0    0    0    0    0    0    0    0    0    0    0    0    0    0    0    0    0    0      0
    51    0    0    0    0    0    0    0    0    0    0    0    0    0    0    0    0    0    0    0    0      0
    52    0    0    0    0    0    0    0    0    0    0    0    0    0    0    0    0    0    0    0    0      0
    53    0    0    0    0    0    0    0    0    0    0    0    0    0    0    0    0    0    0    0    0      0
    54    0    0    0    0    0    0    0    0    0    0    0    0    0    0    0    0    0    0    0    0      0
    55    0    0    0    0    0    0    0    0    0    0    0    0    0    0    0    0    0    0    0    0      0
    56    0    0    0    0    0    0    0    0    0    0    0    0    0    0    0    0    0    0    0    0      0
    57    0    0    0    0    0    0    0    0    0    0    0    0    0    0    0    0    0    0    0    0      0
    58    0    0    0    0    0    0    0    0    0    0    0    0    0    0    0    0    0    0    0    0      0
    59    0    0    0    0    0    0    0    0    0    0    0    0    0    0    0    0    0    0    0    0      0
    60    0    0    0    0    0    0    0    0    0    0    0    0    0    0    0    0    0    0    0    0      0
    61    0    0    0    0    0    0    0    0    0    0    0    0    0    0    0    0    0    0    0    0      0
    62    0    0    0    0    0    0    0    0    0    0    0    0    0    0    0    0    0    0    0    0      0
    63    0    0    0    0    0    0    0    0    0    0    0    0    0    0    0    0    0    0    0    0      0
    64    0    0    0    0    0    0    0    0    0    0    0    0    0    0    0    0    0    0    0    0      0
    65    0    0    0    0    0    0    0    0    0    0    0    0    0    0    0    0    0    0    0    0      0
    66    0    0    0    0    0    0    0    0    0    0    0    0    0    0    0    0    0    0    0    0      0
    67    0    0    0    0    0    0    0    0    0    0    0    0    0    0    0    0    0    0    0    0      0
    68    0    0    0    0    0    0    0    0    0    0    0    0    0    0    0    0    0    0    0    0      0
    69    0    0    0    0    0    0    0    0    0    0    0    0    0    0    0    0    0    0    0    0      0
    70    0    0    0    0    0    0    0    0    0    0    0    0    0    0    0    0    0    0    0    0      0
    71    0    0    0    0    0    0    0    0    0    0    0    0    0    0    0    0    0    0    0    0      0
    72    0    0    0    0    0    0    0    0    0    0    0    0    0    0    0    0    0    0    0    0      0
    73    0    0    0    0    0    0    0    0    0    0    0    0    0    0    0    0    0    0    0    0      0
    74    0    0    0    0    0    0    0    0    0    0    0    0    0    0    0    0    0    0    0    0      0
    75    0    0    0    0    0    0    0    0    0    0    0    0    0    0    0    0    0    0    0    0      0
    76    0    0    0    0    0    0    0    0    0    0    0    0    0    0    0    0    0    0    0    0      0
    77    0    0    0    0    0    0    0    0    0    0    0    0    0    0    0    0    0    0    0    0      0
    78    0    0    0    0    0    0    0    0    0    0    0    0    0    0    0    0    0    0    0    0      0
    79    0    0    0    0    0    0    0    0    0    0    0    0    0    0    0    0    0    0    0    0      0
    80    0    0    0    0    0    0    0    0    0    0    0    0    0    0    0    0    0    0    0    0      0
    81    0    0    0    0    0    0    0    0    0    0    0    0    0    0    0    0    0    0    0    0      0
    82    0    0    0    0    0    0    0    0    0    0    0    0    0    0    0    0    0    0    0    0      0
    83    0    0    0    0    0    0    0    0    0    0    0    0    0    0    0    0    0    0    0    0      0
    84    0    0    0    0    0    0    0    0    0    0    0    0    0    0    0    0    0    0    0    0      0
    85    0    0    0    0    0    0    0    0    0    0    0    0    0    0    0    0    0    0    0    0      0
    86    0    0    0    0    0    0    0    0    0    0    0    0    0    0    0    0    0    0    0    0      0
    87    0    0    0    0    0    0    0    0    0    0    0    0    0    0    0    0    0    0    0    0      0
    88    0    0    0    0    0    0    0    0    0    0    0    0    0    0    0    0    0    0    0    0      0
    89    0    0    0    0    0    0    0    0    0    0    0    0    0    0    0    0    0    0    0    0      0
    90    0    0    0    0    0    0    0    0    0    0    0    0    0    0    0    0    0    0    0    0      0
    91    0    0    0    0    0    0    0    0    0    0    0    0    0    0    0    0    0    0    0    0      0
    92    0    0    0    0    0    0    0    0    0    0    0    0    0    0    0    0    0    0    0    0      0
    93    0    0    0    0    0    0    0    0    0    0    0    0    0    0    0    0    0    0    0    0      0
    94    0    0    0    0    0    0    0    0    0    0    0    0    0    0    0    0    0    0    0    0      0
    95    0    0    0    0    0    0    0    0    0    0    0    0    0    0    0    0    0    0    0    0      0
    96    0    0    0    0    0    0    0    0    0    0    0    0    0    0    0    0    0    0    0    0      0
    97    0    0    0    0    0    0    0    0    0    0    0    0    0    0    0    0    0    0    0    0      0
    98    0    0    0    0    0    0    0    0    0    0    0    0    0    0    0    0    0    0    0    0      0
    99    0    0    0    0    0    0    0    0    0    0    0    0    0    0    0    0    0    0    0    0      0
   100    0    0    0    0    0    0    0    0    0    0    0    0    0    0    0    0    0    0    0    0      0
     0  122  338  645  940 1213 1573 1971 2308 2749 3279 3606 3946 4514 4775 4809 5371 5485 5881 5981 6477  65983
1AZIMUTHAL ANGLE - POLAR ANGLE IN COS-INTERVALS (0.05) (BACKWARD SPUTTERED PARTICLES) , 1.LAYER , SPECIES 1

     0    1    2    3    4    5    6    7    8    9   10   11   12   13   14   15   16   17   18   19   20      0
     3    3    6   15   14   18   29   39   38   41   54   67   69   65   77   75   94   86  109  111  110   1120
     6    1    7   10   13   14   25   29   51   59   54   47   66   82   84   77   93   94   99  106  112   1123
     9    1    5    6   24   19   24   34   38   53   57   70   58   80   86   76   83   81   92   95  108   1090
    12    2    3   11   14   21   27   27   43   47   55   68   51   72   78   72   94   81   99  112  103   1080
    15    0    5   12   17   17   26   28   45   53   64   61   70   86   70   74   83   89   94   91  100   1085
    18    2    3   11   22   22   16   27   40   47   44   59   59   84   70   78   94  102   93   98  134   1105
    21    1    7   10   14   26   31   32   30   41   49   54   64   68   76   85  101  102   96   99  103   1089
    24    3    5   12   17   31   17   27   38   38   59   59   57   84   71   83   74   86   92  117  120   1090
    27    2    6   12   11   17   25   31   34   47   54   64   56   79   66   84   95   98   89   91   91   1052
    30    1    3    4   16   22   27   38   31   41   43   62   67   63   82   86   89   97  111  102  106   1091
    33    2    4   16   16   20   39   33   53   58   39   59   69   60   91   75   72  100   95  103  116   1120
    36    1    5   10    7   28   31   24   35   50   60   66   69   83   90   77   89   82  108   95  113   1123
    39    0    8    7   17   17   31   40   45   41   48   51   81   79   85   93   94   80  104   94  103   1118
    42    1    5   10   18   23   18   37   38   42   48   58   67   85   89   84   88   99  103   97  119   1129
    45    1    5   15   14   19   26   31   44   37   83   58   73   65  102   71   87  110  103  100  122   1166
    48    2    6   12   15   17   29   37   42   46   59   53   65   76   88   87   98   87  107  122  104   1152
    51    3    5    6   13   10   29   33   43   44   53   62   57   73   76   87   76   79  107  103  111   1070
    54    2   11   13   19   20   25   27   36   49   46   70   57   73   77   84   84   93   94  100   94   1074
    57    3    5   17   10   29   25   35   33   35   47   54   64   71   81   84  105   78  104  115  105   1100
    60    1    6   12   23   23   23   36   36   47   64   67   53   81   96   73   97   86   86   97  101   1108
    63    2    9   11    7   23   31   28   43   39   55   58   67   72   80   78   79   99   94  116  104   1095
    66    1    5   10   13   18   32   41   34   53   66   74   73   83   74   92   80   74  104  126  114   1167
    69    2    5   14   21   20   25   29   42   50   51   55   75   83   81   69   89   80  102  100  105   1098
    72    3    7   25   23   15   24   34   43   35   62   62   64   72   77   72   75   87   86   93  110   1069
    75    1    6    5   12   14   30   28   36   48   51   58   65   85   74   72  105   69   91   92  103   1045
    78    3   11    5   17   21   34   30   30   43   48   55   70   70   67   91   97  110  102   90  115   1109
    81    1    7   13   14   22   26   41   40   42   62   58   71   77   79   74  106  112  104  101  117   1167
    84    4    8   12   18   17   21   24   28   53   57   66   64   72   77   82   93   79  103  111  115   1104
    87    0   12   11   16   17   25   44   48   52   66   64   66   82   84   85   75   85  109  107  108   1156
    90    2    7    9   13   23   22   37   27   54   53   51   71   89   66   77   93   84   88  116   91   1073
    93    2    7   14   18   23   24   36   39   40   46   60   56   64   96   90   97   81   93   93   95   1074
    96    3    6   11   14   22   29   38   44   49   57   67   79   82   79   98   75   95   99  105   83   1135
    99    1    3   13   19   18   18   37   40   42   61   48   60   79   71   75   92   81   87   96  109   1050
   102    4    5   14   17   24   26   31   38   41   51   52   61   67   83   93   67  103   96  103  100   1076
   105    0    7   10    8   27   19   37   36   38   54   60   58   70   65   79   97   92   89   82  122   1050
   108    2    2    9   12   24   25   29   52   48   47   62   68   64   92   87   91   89  107   89   97   1096
   111    2    6   10   14   16   34   24   39   37   53   49   66   80   82   79  101  104   91   87  111   1085
   114    4    4    7    9   22   34   24   33   53   60   49   70   69   90   62   83   94   86   85   95   1033
   117    0    6    7   11   17   29   28   38   41   62   62   66   61   88   69   91   94   81   96  118   1065
   120    3    7   14   18   21   29   31   42   43   54   72   72   82   81   79   92   87  118  110  116   1171
   123    2    4    8   15   17   37   32   43   46   53   56   66   86   87   92   98  105  110   86  100   1143
   126    0    4    9   18   16   23   36   35   46   56   54   70   77   75   81   73   77   92  102   89   1033
   129    2    5    8   14   16   32   36   34   58   56   50   67   75   72   69   77   87   95   88  111   1052
   132    3    4   15   19   22   30   37   33   41   54   64   54   74   72   76  110   87  113   95  101   1104
   135    0    2    8   21   25   28   29   39   50   49   53   80   72   70   67   87  109  110   95  105   1099
   138    4    5    8   18   31   20   37   28   49   69   66   68   70   77   99   88   92  105  110  105   1149
   141    5    6   14   13   26   21   31   34   49   63   65   78   76   81   90  108   87   92   86   99   1124
   144    1    8    8   17   22   28   34   28   42   56   60   67   74   89   77   80  115  111   98   99   1114
   147    2    8    9   13   19   22   31   39   49   63   64   67   73   81   72   90  102   97   79  106   1086
   150    5    2   11   18   16   30   43   47   44   60   55   63   64   64   74   89   91   92   96  128   1092
   153    3    8    7   20   17   24   24   42   41   47   76   61   78   85   85   99   81  110   97  104   1109
   156    3    5   12    9   13   28   42   41   58   43   65   65   73   86   75   92   96   98  103  116   1123
   159    2    5   11   19   18   26   31   41   47   62   54   83   81   70   82   73   81   95   94  122   1097
   162    0    3   16   17   24   21   32   37   40   46   55   54   99   79   95   74   80   99  114  108   1093
   165    5    7   13   17   24    7   30   32   40   54   65   62   79   72   74   98  113   86  103  113   1094
   168    2    1    6   16   18   31   36   36   45   49   61   54   72   79   80   83   86  106   99   99   1059
   171    3    5   13   14   19   17   33   36   43   60   63   74   63   68   73   98  114   81  111  112   1100
   174    1    7    7   20   18   20   37   40   39   47   57   66   73   85   77   85  105   87   78  113   1062
   177    0    4    8   22   19   27   32   39   56   50   58   68   80   93   81   92   82   82   99  121   1113
   180    7    5    9   12   16   41   32   39   49   46   74   65   63   69   82  109   86  105  102  123   1134
     0  122  338  645  940 1213 1573 1971 2308 2749 3279 3606 3946 4514 4775 4809 5371 5485 5881 5981 6477  65983
