1
      *** PROGRAM TRVMC95 ***


                              * INPUT DATA *


       Z1        M1          E0       ALPHA       EF        ESB      SHEATH     ERC
     18.00     39.95      5672.00      0.00      0.10      0.00  17016.00      4.70

       NH        RI           X0        RD        CW        CA       KK0   KK0R   KDEE1  KDEE2  IPOT   IPOTR   IRL
     99999 716381.00         0.00    100.00      2.00      1.00       2      2      3      3      1      1      3


             DX      RHO    CK  Z(,1) Z(,2) Z(,3) Z(,4) Z(,5)  M(,1)  M(,2)  M(,3)  M(,4)  M(,5) C(,1) C(,2) C(,3) C(,4) C(,5)

 1.LAYER 10000.00   2.25   1.00    6.    0.    0.    0.    0.  12.01   0.00   0.00   0.00   0.00 1.000 0.000 0.000 0.000 0.000


                           ***  SBE(LAYER,ELEMENT)  ***     ***     ED(LAYER,ELEMENT)     ***     ***   BE(LAYER,ELEMENT)  ***

 1.LAYER                   7.41  0.00  0.00  0.00  0.00     30.00   0.00   0.00   0.00   0.00     0.10  0.00  0.00  0.00  0.00


       INTERACTION POTENTIAL : PROJECTILE-TARGET : KR-C POTENTIAL     TARGET-TARGET : KR-C POTENTIAL    


       INELASTIC LOSS MODEL  : PROJECTILE-TARGET : 50% LS 50% OR      TARGET-TARGET : 50% LS 50% OR     
1

                              * OUTPUT DATA *


                 HLM       HLMT        SU       SUT        XC        RT       SFE      INEL         L        LJ
               0.0000 10000.000    3.5029 10003.503   -3.5029  9900.000      7.41         0         1         1


                NPROJ       KIB       KIT      MAXA      NALL       NPA       NSA       KIS      KIST
                74425         0         0       294  92885556   3615523  51959064    106140         0


            EPS0(I)       Z2(I)       M2(I)     ARHO(I)       LM(I)     PMAX(I)     ASIG(I)       SB(I)       XX(I)        NJ(I)

 1.LAYER   0.1112E+00  0.6000E+01  0.1201E+02  0.1128E+00  0.2070E+01  0.1168E+01  0.2335E+00  0.7410E+01  0.1000E+05         1


             A1(1)   A1(2)   A1(3)   A1(4)   A1(5)   A1(6)   A1(7)   A1(8)   A1(9)  A1(10)  A1(11)  A1(12)  A1(13)  A1(14)  A1(15)

           0.13193


           KOR1(1) KOR1(2) KOR1(3) KOR1(4) KOR1(5) KOR1(6) KOR1(7) KOR1(8) KOR1(9) KOR1(A) KOR1(B) KOR1(C) KOR1(D) KOR1(E) KOR1(F)

           0.73577


            A(I,1)  A(I,2)  A(I,3)  A(I,4)  A(I,5)  A(I,6)  A(I,7)  A(I,8)  A(I,9) A(I,10) A(I,11) A(I,12) A(I,13) A(I,14) A(I,15)

           0.16242


           KOR(,1) KOR(,2) KOR(,3) KOR(,4) KOR(,5) KOR(,6) KOR(,7) KOR(,8) KOR(,9) KOR(,A) KOR(,B) KOR(,C) KOR(,D) KOR(,E) KOR(,F)

           0.46963
1

         IMPLANTED PARTICLES=  99999     ENERGY=0.5672E+09 EV
     BACKSCATTERED PARTICLES=      0     ENERGY=0.0000E+00 EV
       TRANSMITTED PARTICLES=      0     ENERGY=0.0000E+00 EV
     BACKSPUTTERED PARTICLES=  69668     ENERGY=0.2686E+07 EV
    TRANSM. SPUTT. PARTICLES=      0     ENERGY=0.0000E+00 EV


  PROJECTILES :   MEAN NUMBER OF ELASTIC COLLISIONS =     45.9   MEAN NUMBER OF EL.COLL.(E > EDISPL.) =   19.085
                                                                 MEAN NUMBER OF EL.COLL.(E > SB(1))   =   34.526

                       MEAN        VARIANCE      SKEWNESS      KURTOSIS        SIGMA       ERROR 1.M     ERROR 2.M     ERROR 3.M 
  PENETRATION       8.1127E+01    6.6675E+02    4.1575E-01    3.0310E+00    2.5821E+01    8.1655E-02    3.0048E+00    7.3829E-03
       SPREAD       2.5633E+01    2.0646E+02    8.1687E-01    3.6831E+00    1.4369E+01    4.5439E-02    1.0695E+00    9.0221E-03
   PATHLENGTH       9.3096E+01    7.4749E+02    3.6320E-01    2.9702E+00    2.7340E+01    8.6458E-02    3.3179E+00    7.2448E-03
 ELASTIC LOSS       5.2259E+03    2.4670E+04                                1.5707E+02    1.5707E-03
   INEL. LOSS       4.4607E+02    2.4670E+04                                1.5707E+02    1.5707E-03

                       MEAN        VARIANCE      SKEWNESS      KURTOSIS        SIGMA       ERROR 1.M     ERROR 2.M     ERROR 3.M 
   ELAST.LOSS       1.1185E+02    8.6257E+04    5.7262E+00    4.5397E+01    2.9370E+02    1.3706E-01    2.6822E+02    8.5904E-03
 WEAK EL.LOSS       1.9643E+00    5.0232E+00    1.8984E+00    6.4276E+00    2.2412E+00    1.0459E-03    5.4614E-03    1.4430E-03
 INELAST.LOSS       9.7150E+00    3.0692E+01    6.7646E-02    2.2852E+00    5.5400E+00    2.5854E-03    1.6238E-02    7.8048E-04
  SUBTHR.LOSS       1.0901E+01    5.8662E+01    7.1662E-01    2.4877E+00    7.6591E+00    4.6758E-03    4.3681E-02    9.8561E-04

                     1.MOMENT      2.MOMENT      3.MOMENT      4.MOMENT      5.MOMENT      6.MOMENT 
  PENETRATION       8.1127E+01    7.2484E+03    7.0338E+05    7.3318E+07    8.1365E+09    9.5441E+11



  RECOILES (PER PROJ.)   :   MEAN NUMBER OF ELASTIC COLLISIONS =    921.7   MEAN NUMBER OF EL.COLL.(E > EDISPL.) =     50.313
                                                                            MEAN NUMBER OF EL.COLL.(E > SB(1))   =    290.545

  RECOILES (PER KNOCKON) :   MEAN NUMBER OF ELASTIC COLLISIONS =    1.658   MEAN NUMBER OF EL.COLL.(E > EDISPL.) =      0.091
                                                                            MEAN NUMBER OF EL.COLL.(E > SB(1))   =      0.523

1


     DEPTH(A)  PARTICLES  NORM.DEPTH PATHLENGTH   INLOSS(EV)  TELOSS(EV)  ELLOSS(EV)  DAMAGE(EV)  PHONON(EV)  CASCAD(EV)     DPA

    -SU-    0.         0  0.0000E+00
     0.-    2.         0  0.0000E+00         0    1.5962E+06  1.4838E+07  1.4790E+07  1.4292E+07  4.9810E+05  1.1587E+07   33863
     2.-    4.         0  0.0000E+00         0    1.5955E+06  1.5063E+07  1.5014E+07  1.4515E+07  4.9834E+05  1.1773E+07   34420
     4.-    6.         0  0.0000E+00         0    1.5729E+06  1.4988E+07  1.4936E+07  1.4431E+07  5.0478E+05  1.1718E+07   34925
     6.-    8.         0  0.0000E+00         0    1.5499E+06  1.4705E+07  1.4651E+07  1.4140E+07  5.1076E+05  1.1504E+07   35622
     8.-   10.         0  0.0000E+00         0    1.5259E+06  1.4969E+07  1.4911E+07  1.4397E+07  5.1345E+05  1.1712E+07   36229
    10.-   12.         0  0.0000E+00         0    1.5041E+06  1.4860E+07  1.4799E+07  1.4278E+07  5.2026E+05  1.1631E+07   36823
    12.-   14.         2  0.2000E-04         0    1.4765E+06  1.4577E+07  1.4512E+07  1.3986E+07  5.2634E+05  1.1413E+07   37544
    14.-   16.         9  0.9000E-04         0    1.4535E+06  1.4518E+07  1.4449E+07  1.3910E+07  5.3930E+05  1.1358E+07   38026
    16.-   18.        19  0.1900E-03         2    1.4261E+06  1.4708E+07  1.4634E+07  1.4092E+07  5.4210E+05  1.1512E+07   38857
    18.-   20.        33  0.3300E-03         3    1.3982E+06  1.4568E+07  1.4488E+07  1.3935E+07  5.5333E+05  1.1398E+07   39354
    20.-   22.        52  0.5200E-03         4    1.3717E+06  1.4312E+07  1.4226E+07  1.3664E+07  5.6187E+05  1.1194E+07   40208
    22.-   24.        89  0.8900E-03        10    1.3438E+06  1.4100E+07  1.4006E+07  1.3432E+07  5.7469E+05  1.1019E+07   40799
    24.-   26.       132  0.1320E-02        30    1.3133E+06  1.4135E+07  1.4034E+07  1.3451E+07  5.8300E+05  1.1042E+07   41500
    26.-   28.       197  0.1970E-02        49    1.2882E+06  1.4243E+07  1.4134E+07  1.3543E+07  5.9122E+05  1.1127E+07   42570
    28.-   30.       252  0.2520E-02        55    1.2539E+06  1.3898E+07  1.3779E+07  1.3178E+07  6.0085E+05  1.0848E+07   43491
    30.-   32.       384  0.3840E-02        81    1.2225E+06  1.3781E+07  1.3653E+07  1.3042E+07  6.1114E+05  1.0740E+07   43911
    32.-   34.       458  0.4580E-02       143    1.1884E+06  1.3565E+07  1.3428E+07  1.2805E+07  6.2269E+05  1.0559E+07   44464
    34.-   36.       609  0.6090E-02       197    1.1589E+06  1.3542E+07  1.3393E+07  1.2760E+07  6.3292E+05  1.0533E+07   45296
    36.-   38.       752  0.7520E-02       305    1.1238E+06  1.3333E+07  1.3175E+07  1.2531E+07  6.4416E+05  1.0353E+07   45601
    38.-   40.       882  0.8820E-02       335    1.0864E+06  1.2920E+07  1.2752E+07  1.2102E+07  6.4932E+05  1.0014E+07   45936
    40.-   42.      1014  0.1014E-01       469    1.0509E+06  1.2804E+07  1.2625E+07  1.1968E+07  6.5705E+05  9.9087E+06   46224
    42.-   44.      1218  0.1218E-01       539    1.0161E+06  1.2486E+07  1.2297E+07  1.1631E+07  6.6569E+05  9.6415E+06   46392
    44.-   46.      1405  0.1405E-01       623    9.7720E+05  1.2055E+07  1.1857E+07  1.1183E+07  6.7405E+05  9.2843E+06   46272
    46.-   48.      1578  0.1578E-01       730    9.3842E+05  1.1811E+07  1.1604E+07  1.0930E+07  6.7375E+05  9.0800E+06   46222
    48.-   50.      1733  0.1733E-01       831    9.0119E+05  1.1384E+07  1.1168E+07  1.0488E+07  6.8020E+05  8.7247E+06   45726
    50.-   52.      1961  0.1961E-01       967    8.6314E+05  1.1068E+07  1.0845E+07  1.0167E+07  6.7808E+05  8.4651E+06   45512
    52.-   54.      2079  0.2079E-01      1191    8.2274E+05  1.0689E+07  1.0461E+07  9.7911E+06  6.7016E+05  8.1599E+06   44870
    54.-   56.      2213  0.2213E-01      1282    7.8528E+05  1.0547E+07  1.0315E+07  9.6534E+06  6.6187E+05  8.0445E+06   44337
    56.-   58.      2367  0.2367E-01      1429    7.4420E+05  1.0051E+07  9.8161E+06  9.1604E+06  6.5575E+05  7.6429E+06   43410
    58.-   60.      2545  0.2545E-01      1570    7.0813E+05  9.5726E+06  9.3341E+06  8.6821E+06  6.5206E+05  7.2526E+06   42285
    60.-   62.      2595  0.2595E-01      1725    6.6675E+05  9.1088E+06  8.8689E+06  8.2311E+06  6.3783E+05  6.8840E+06   41405
    62.-   64.      2724  0.2724E-01      1851    6.2965E+05  8.7449E+06  8.5037E+06  7.8773E+06  6.2642E+05  6.5927E+06   40313
    64.-   66.      2862  0.2862E-01      1868    5.9223E+05  8.2504E+06  8.0111E+06  7.4012E+06  6.0998E+05  6.1988E+06   38876
    66.-   68.      2862  0.2862E-01      1859    5.5635E+05  7.8436E+06  7.6055E+06  7.0110E+06  5.9458E+05  5.8793E+06   37617
    68.-   70.      2969  0.2969E-01      2280    5.2103E+05  7.4571E+06  7.2219E+06  6.6429E+06  5.7898E+05  5.5729E+06   36221
    70.-   72.      2993  0.2993E-01      2458    4.8544E+05  6.9869E+06  6.7549E+06  6.1915E+06  5.6342E+05  5.1968E+06   34611
    72.-   74.      3033  0.3033E-01      2572    4.5263E+05  6.5516E+06  6.3251E+06  5.7860E+06  5.3914E+05  4.8636E+06   33225
    74.-   76.      3025  0.3025E-01      2601    4.2129E+05  6.1066E+06  5.8825E+06  5.3579E+06  5.2464E+05  4.5070E+06   31600
    76.-   78.      3089  0.3089E-01      2754    3.8848E+05  5.7981E+06  5.5836E+06  5.0864E+06  4.9714E+05  4.2771E+06   29753
    78.-   80.      3016  0.3016E-01      2810    3.5796E+05  5.2689E+06  5.0603E+06  4.5840E+06  4.7627E+05  3.8611E+06   28012
    80.-   82.      2990  0.2990E-01      2904    3.3184E+05  5.0472E+06  4.8470E+06  4.3933E+06  4.5366E+05  3.7008E+06   26564
    82.-   84.      2893  0.2893E-01      2954    3.0416E+05  4.6069E+06  4.4150E+06  3.9902E+06  4.2478E+05  3.3664E+06   25242
    84.-   86.      2936  0.2936E-01      2901    2.7970E+05  4.2945E+06  4.1097E+06  3.7046E+06  4.0511E+05  3.1254E+06   23578
    86.-   88.      2762  0.2762E-01      3010    2.5466E+05  3.9564E+06  3.7808E+06  3.4016E+06  3.7915E+05  2.8715E+06   21941
    88.-   90.      2703  0.2703E-01      2930    2.3137E+05  3.5819E+06  3.4163E+06  3.0583E+06  3.5793E+05  2.5842E+06   20225
    90.-   92.      2600  0.2600E-01      2829    2.1115E+05  3.2915E+06  3.1339E+06  2.7962E+06  3.3773E+05  2.3638E+06   18748
    92.-   94.      2480  0.2480E-01      2831    1.9133E+05  3.0216E+06  2.8732E+06  2.5548E+06  3.1837E+05  2.1608E+06   17303
    94.-   96.      2406  0.2406E-01      2914    1.7343E+05  2.8033E+06  2.6647E+06  2.3748E+06  2.8990E+05  2.0091E+06   16126
    96.-   98.      2291  0.2291E-01      2817    1.5514E+05  2.5110E+06  2.3805E+06  2.1109E+06  2.6964E+05  1.7872E+06   14787
    98.-  100.      2098  0.2098E-01      2705    1.3919E+05  2.2693E+06  2.1487E+06  1.9018E+06  2.4688E+05  1.6115E+06   13487
   100.-  102.      2105  0.2105E-01      2589    1.2371E+05  1.9884E+06  1.8773E+06  1.6515E+06  2.2585E+05  1.4010E+06   12144
   102.-  104.      1870  0.1870E-01      2498    1.1167E+05  1.8112E+06  1.7079E+06  1.4972E+06  2.1073E+05  1.2704E+06   11098
   104.-  106.      1794  0.1794E-01      2313    9.8669E+04  1.6428E+06  1.5501E+06  1.3648E+06  1.8529E+05  1.1575E+06   10056
   106.-  108.      1617  0.1617E-01      2220    8.7777E+04  1.4662E+06  1.3795E+06  1.2035E+06  1.7595E+05  1.0220E+06    9046
   108.-  110.      1563  0.1563E-01      2106    7.7303E+04  1.2807E+06  1.2018E+06  1.0448E+06  1.5693E+05  8.8846E+05    8092
   110.-  112.      1388  0.1388E-01      2057    6.8353E+04  1.1357E+06  1.0634E+06  9.2056E+05  1.4281E+05  7.8311E+05    7259
   112.-  114.      1333  0.1333E-01      1960    6.0187E+04  1.0325E+06  9.6731E+05  8.3774E+05  1.2957E+05  7.1174E+05    6411
   114.-  116.      1265  0.1265E-01      1799    5.2722E+04  8.8447E+05  8.2561E+05  7.0823E+05  1.1737E+05  6.0283E+05    5662
   116.-  118.      1101  0.1101E-01      1793    4.6526E+04  7.8911E+05  7.3636E+05  6.3230E+05  1.0406E+05  5.3835E+05    5098
   118.-  120.      1004  0.1004E-01      1645    4.0285E+04  6.9586E+05  6.4956E+05  5.5955E+05  9.0011E+04  4.7597E+05    4447
   120.-  122.       871  0.8710E-02      1532    3.4851E+04  6.1232E+05  5.7047E+05  4.9002E+05  8.0450E+04  4.1731E+05    3949
   122.-  124.       820  0.8200E-02      1403    3.0583E+04  5.2865E+05  4.9114E+05  4.1733E+05  7.3818E+04  3.5533E+05    3397
   124.-  126.       716  0.7160E-02      1256    2.6544E+04  4.5926E+05  4.2586E+05  3.6312E+05  6.2733E+04  3.0974E+05    3086
   126.-  128.       648  0.6480E-02      1118    2.2805E+04  4.1681E+05  3.8736E+05  3.3107E+05  5.6287E+04  2.8199E+05    2701
   128.-  130.       593  0.5930E-02      1218    1.9616E+04  3.4127E+05  3.1502E+05  2.6555E+05  4.9470E+04  2.2690E+05    2363
   130.-  132.       542  0.5420E-02      1126    1.7060E+04  3.1124E+05  2.8798E+05  2.4304E+05  4.4944E+04  2.0711E+05    2008
   132.-  134.       465  0.4650E-02      1080    1.4374E+04  2.6759E+05  2.4749E+05  2.0937E+05  3.8115E+04  1.7861E+05    1781
   134.-  136.       400  0.4000E-02       989    1.2186E+04  2.1046E+05  1.9249E+05  1.5891E+05  3.3582E+04  1.3613E+05    1513
   136.-  138.       342  0.3420E-02       807    1.0269E+04  1.8803E+05  1.7231E+05  1.4326E+05  2.9042E+04  1.2236E+05    1297
   138.-  140.       324  0.3240E-02       741    8.8389E+03  1.5666E+05  1.4326E+05  1.1676E+05  2.6506E+04  9.9796E+04    1070
   140.-  142.       266  0.2660E-02       644    7.2821E+03  1.3344E+05  1.2177E+05  1.0062E+05  2.1155E+04  8.6337E+04     981
   142.-  144.       257  0.2570E-02       592    6.2378E+03  1.1144E+05  1.0136E+05  8.1723E+04  1.9634E+04  6.9949E+04     785
   144.-  146.       208  0.2080E-02       534    4.9998E+03  9.3125E+04  8.4830E+04  6.9600E+04  1.5230E+04  5.9583E+04     663
   146.-  148.       198  0.1980E-02       479    4.2384E+03  7.7842E+04  7.0742E+04  5.7413E+04  1.3329E+04  4.9227E+04     548
   148.-  150.       164  0.1640E-02       443    3.5697E+03  6.3548E+04  5.7580E+04  4.6036E+04  1.1543E+04  3.9478E+04     455
   150.-  152.       128  0.1280E-02       346    2.9903E+03  5.6250E+04  5.1231E+04  4.2256E+04  8.9744E+03  3.6266E+04     420
   152.-  154.       116  0.1160E-02       351    2.3538E+03  4.3371E+04  3.9043E+04  3.1040E+04  8.0033E+03  2.6710E+04     341
   154.-  156.        99  0.9900E-03       289    2.0250E+03  3.6761E+04  3.3061E+04  2.6310E+04  6.7510E+03  2.2607E+04     284
   156.-  158.        90  0.9000E-03       268    1.6181E+03  3.1812E+04  2.8630E+04  2.2748E+04  5.8826E+03  1.9494E+04     224
   158.-  160.        67  0.6700E-03       216    1.3500E+03  2.4134E+04  2.1621E+04  1.6862E+04  4.7587E+03  1.4509E+04     174
   160.-  162.        55  0.5500E-03       166    1.0676E+03  2.2888E+04  2.0740E+04  1.7162E+04  3.5777E+03  1.4686E+04     163
   162.-  164.        63  0.6300E-03       145    8.7304E+02  1.6631E+04  1.4953E+04  1.1899E+04  3.0543E+03  1.0219E+04     124
   164.-  166.        46  0.4600E-03       119    7.1834E+02  1.3957E+04  1.2398E+04  9.6266E+03  2.7716E+03  8.2973E+03     103
   166.-  168.        30  0.3000E-03       109    5.1031E+02  9.3636E+03  8.3832E+03  6.4350E+03  1.9482E+03  5.5404E+03      67
   168.-  170.        19  0.1900E-03        96    4.3994E+02  1.0087E+04  9.1742E+03  7.6566E+03  1.5177E+03  6.5690E+03      71
   170.-  172.        22  0.2200E-03        79    3.4814E+02  6.3794E+03  5.5871E+03  4.2342E+03  1.3529E+03  3.6629E+03      52
   172.-  174.        21  0.2100E-03        69    2.6488E+02  4.6851E+03  4.1078E+03  2.9848E+03  1.1230E+03  2.5867E+03      35
   174.-  176.        15  0.1500E-03        60    2.1118E+02  4.5795E+03  4.0997E+03  3.2716E+03  8.2805E+02  2.8139E+03      33
   176.-  178.         7  0.7000E-04        60    1.8183E+02  4.0093E+03  3.5320E+03  2.7042E+03  8.2776E+02  2.3252E+03      31
   178.-  180.        14  0.1400E-03        41    1.3863E+02  2.7323E+03  2.3380E+03  1.6274E+03  7.1055E+02  1.4159E+03      24
   180.-  182.        14  0.1400E-03        33    1.0671E+02  2.0883E+03  1.7755E+03  1.2301E+03  5.4537E+02  1.0653E+03      17
   182.-  184.         9  0.9000E-04        46    7.5634E+01  1.7719E+03  1.6034E+03  1.3147E+03  2.8863E+02  1.1331E+03      15
   184.-  186.         1  0.1000E-04        29    3.4545E+01  7.1110E+02  6.0654E+02  4.0416E+02  2.0238E+02  3.4869E+02       4
   186.-  188.         6  0.6000E-04        17    5.0009E+01  7.8071E+02  6.7839E+02  4.7636E+02  2.0203E+02  4.1713E+02       8
   188.-  190.         4  0.4000E-04        19    3.2109E+01  4.4677E+02  3.5355E+02  1.7169E+02  1.8187E+02  1.5041E+02       3
   190.-  192.         1  0.1000E-04        22    2.2744E+01  3.2681E+02  2.8734E+02  2.2940E+02  5.7944E+01  2.0198E+02       5
   192.-  194.         2  0.2000E-04        12    2.9405E+01  5.9230E+02  5.1982E+02  3.6213E+02  1.5769E+02  3.1550E+02       5
   194.-  196.         2  0.2000E-04        12    1.7813E+01  3.8432E+02  3.4248E+02  2.6934E+02  7.3134E+01  2.2777E+02       1
   196.-  198.         1  0.1000E-04         4    1.3767E+01  2.4522E+02  2.1334E+02  1.4829E+02  6.5045E+01  1.2922E+02       2
   198.-  200.         0  0.0000E+00        31    2.8203E+01  7.6758E+02  6.5788E+02  5.2598E+02  1.3190E+02  4.5801E+02       7
   200.-   SUT         3  0.3000E-04

                   99999  1.0000E+00     99999    4.4607E+07  5.2259E+08  5.1357E+08  4.8432E+08  2.9247E+07  4.0033E+08 1908446
1
     RECOILS



     DEPTH(A)     INLOSS(EV)   TELOSS(EV)   ELLOSS(EV)   DAMAGE(EV)   PHONON(EV)     DPA  DPA(1)  DPA(2)

     0.-    2.    3.7882E+05   6.3557E+06   5.1465E+06   1.4873E+06   3.6592E+06   22517   22517       0
     2.-    4.    6.1338E+05   9.2844E+06   7.7842E+06   2.9234E+06   4.8608E+06   39017   39017       0
     4.-    6.    8.3255E+05   1.1976E+07   1.0126E+07   4.0636E+06   6.0620E+06   51167   51167       0
     6.-    8.    1.0192E+06   1.4274E+07   1.2097E+07   4.9469E+06   7.1497E+06   60650   60650       0
     8.-   10.    1.1754E+06   1.6182E+07   1.3728E+07   5.6699E+06   8.0586E+06   69244   69244       0
    10.-   12.    1.3215E+06   1.7989E+07   1.5284E+07   6.3983E+06   8.8861E+06   76704   76704       0
    12.-   14.    1.4492E+06   1.9592E+07   1.6670E+07   7.0605E+06   9.6096E+06   83853   83853       0
    14.-   16.    1.5605E+06   2.0898E+07   1.7782E+07   7.5315E+06   1.0250E+07   89246   89246       0
    16.-   18.    1.6679E+06   2.2337E+07   1.9034E+07   8.1647E+06   1.0869E+07   95728   95728       0
    18.-   20.    1.7576E+06   2.3426E+07   1.9960E+07   8.5422E+06   1.1418E+07  100171  100171       0
    20.-   22.    1.8449E+06   2.4522E+07   2.0890E+07   8.9500E+06   1.1940E+07  104718  104718       0
    22.-   24.    1.9166E+06   2.5524E+07   2.1744E+07   9.3145E+06   1.2430E+07  108835  108835       0
    24.-   26.    1.9938E+06   2.6538E+07   2.2628E+07   9.7570E+06   1.2871E+07  113983  113983       0
    26.-   28.    2.0618E+06   2.7450E+07   2.3402E+07   1.0067E+07   1.3335E+07  117446  117446       0
    28.-   30.    2.1231E+06   2.8335E+07   2.4159E+07   1.0410E+07   1.3749E+07  121804  121804       0
    30.-   32.    2.1722E+06   2.8936E+07   2.4651E+07   1.0545E+07   1.4107E+07  123686  123686       0
    32.-   34.    2.2132E+06   2.9616E+07   2.5228E+07   1.0787E+07   1.4441E+07  126159  126159       0
    34.-   36.    2.2502E+06   3.0202E+07   2.5728E+07   1.1015E+07   1.4712E+07  129033  129033       0
    36.-   38.    2.2803E+06   3.0746E+07   2.6199E+07   1.1232E+07   1.4967E+07  130979  130979       0
    38.-   40.    2.3090E+06   3.1063E+07   2.6448E+07   1.1270E+07   1.5178E+07  133034  133034       0
    40.-   42.    2.3245E+06   3.1368E+07   2.6697E+07   1.1335E+07   1.5363E+07  133317  133317       0
    42.-   44.    2.3333E+06   3.1559E+07   2.6844E+07   1.1372E+07   1.5472E+07  134759  134759       0
    44.-   46.    2.3325E+06   3.1681E+07   2.6935E+07   1.1352E+07   1.5583E+07  135080  135080       0
    46.-   48.    2.3359E+06   3.1864E+07   2.7089E+07   1.1407E+07   1.5682E+07  135676  135676       0
    48.-   50.    2.3207E+06   3.1689E+07   2.6918E+07   1.1263E+07   1.5655E+07  135379  135379       0
    50.-   52.    2.3009E+06   3.1629E+07   2.6865E+07   1.1223E+07   1.5642E+07  134341  134341       0
    52.-   54.    2.2811E+06   3.1379E+07   2.6641E+07   1.1103E+07   1.5539E+07  133520  133520       0
    54.-   56.    2.2504E+06   3.1092E+07   2.6391E+07   1.0972E+07   1.5419E+07  132665  132665       0
    56.-   58.    2.2150E+06   3.0666E+07   2.6015E+07   1.0767E+07   1.5248E+07  129640  129640       0
    58.-   60.    2.1696E+06   3.0223E+07   2.5637E+07   1.0616E+07   1.5021E+07  127932  127932       0
    60.-   62.    2.1275E+06   2.9654E+07   2.5143E+07   1.0377E+07   1.4766E+07  125522  125522       0
    62.-   64.    2.0726E+06   2.8871E+07   2.4459E+07   1.0016E+07   1.4443E+07  122243  122243       0
    64.-   66.    2.0160E+06   2.8184E+07   2.3868E+07   9.7514E+06   1.4117E+07  118803  118803       0
    66.-   68.    1.9503E+06   2.7425E+07   2.3221E+07   9.4794E+06   1.3742E+07  115744  115744       0
    68.-   70.    1.8920E+06   2.6659E+07   2.2568E+07   9.1872E+06   1.3381E+07  112398  112398       0
    70.-   72.    1.8243E+06   2.5839E+07   2.1869E+07   8.8969E+06   1.2972E+07  108789  108789       0
    72.-   74.    1.7529E+06   2.4857E+07   2.1022E+07   8.5014E+06   1.2521E+07  104361  104361       0
    74.-   76.    1.6825E+06   2.3896E+07   2.0201E+07   8.1412E+06   1.2060E+07  100296  100296       0
    76.-   78.    1.6128E+06   2.2917E+07   1.9365E+07   7.7673E+06   1.1598E+07   95986   95986       0
    78.-   80.    1.5358E+06   2.1862E+07   1.8463E+07   7.3736E+06   1.1090E+07   91967   91967       0
    80.-   82.    1.4624E+06   2.0862E+07   1.7616E+07   7.0310E+06   1.0585E+07   87127   87127       0
    82.-   84.    1.3883E+06   1.9932E+07   1.6840E+07   6.7611E+06   1.0079E+07   83240   83240       0
    84.-   86.    1.3132E+06   1.8792E+07   1.5865E+07   6.3244E+06   9.5411E+06   78719   78719       0
    86.-   88.    1.2438E+06   1.7830E+07   1.5053E+07   6.0044E+06   9.0485E+06   74586   74586       0
    88.-   90.    1.1717E+06   1.6752E+07   1.4138E+07   5.6192E+06   8.5190E+06   70516   70516       0
    90.-   92.    1.0987E+06   1.5725E+07   1.3283E+07   5.3060E+06   7.9765E+06   65949   65949       0
    92.-   94.    1.0229E+06   1.4685E+07   1.2411E+07   4.9954E+06   7.4158E+06   61765   61765       0
    94.-   96.    9.4740E+05   1.3518E+07   1.1440E+07   4.6343E+06   6.8061E+06   57820   57820       0
    96.-   98.    8.5972E+05   1.2131E+07   1.0309E+07   4.2900E+06   6.0193E+06   52708   52708       0
    98.-  100.    7.3389E+05   9.9949E+06   8.5681E+06   3.7563E+06   4.8118E+06   45828   45828       0
   100.-  102.    4.3478E+05   5.4172E+06   4.7120E+06   2.2808E+06   2.4311E+06   26087   26087       0
   102.-  104.    1.4217E+04   1.4566E+05   1.1952E+05   3.9185E+04   8.0330E+04     522     522       0
   104.-  106.    0.0000E+00   0.0000E+00   0.0000E+00   0.0000E+00   0.0000E+00       0       0       0
   106.-  108.    0.0000E+00   0.0000E+00   0.0000E+00   0.0000E+00   0.0000E+00       0       0       0
   108.-  110.    0.0000E+00   0.0000E+00   0.0000E+00   0.0000E+00   0.0000E+00       0       0       0
   110.-  112.    0.0000E+00   0.0000E+00   0.0000E+00   0.0000E+00   0.0000E+00       0       0       0
   112.-  114.    0.0000E+00   0.0000E+00   0.0000E+00   0.0000E+00   0.0000E+00       0       0       0
   114.-  116.    0.0000E+00   0.0000E+00   0.0000E+00   0.0000E+00   0.0000E+00       0       0       0
   116.-  118.    0.0000E+00   0.0000E+00   0.0000E+00   0.0000E+00   0.0000E+00       0       0       0
   118.-  120.    0.0000E+00   0.0000E+00   0.0000E+00   0.0000E+00   0.0000E+00       0       0       0
   120.-  122.    0.0000E+00   0.0000E+00   0.0000E+00   0.0000E+00   0.0000E+00       0       0       0
   122.-  124.    0.0000E+00   0.0000E+00   0.0000E+00   0.0000E+00   0.0000E+00       0       0       0
   124.-  126.    0.0000E+00   0.0000E+00   0.0000E+00   0.0000E+00   0.0000E+00       0       0       0
   126.-  128.    0.0000E+00   0.0000E+00   0.0000E+00   0.0000E+00   0.0000E+00       0       0       0
   128.-  130.    0.0000E+00   0.0000E+00   0.0000E+00   0.0000E+00   0.0000E+00       0       0       0
   130.-  132.    0.0000E+00   0.0000E+00   0.0000E+00   0.0000E+00   0.0000E+00       0       0       0
   132.-  134.    0.0000E+00   0.0000E+00   0.0000E+00   0.0000E+00   0.0000E+00       0       0       0
   134.-  136.    0.0000E+00   0.0000E+00   0.0000E+00   0.0000E+00   0.0000E+00       0       0       0
   136.-  138.    0.0000E+00   0.0000E+00   0.0000E+00   0.0000E+00   0.0000E+00       0       0       0
   138.-  140.    0.0000E+00   0.0000E+00   0.0000E+00   0.0000E+00   0.0000E+00       0       0       0
   140.-  142.    0.0000E+00   0.0000E+00   0.0000E+00   0.0000E+00   0.0000E+00       0       0       0
   142.-  144.    0.0000E+00   0.0000E+00   0.0000E+00   0.0000E+00   0.0000E+00       0       0       0
   144.-  146.    0.0000E+00   0.0000E+00   0.0000E+00   0.0000E+00   0.0000E+00       0       0       0
   146.-  148.    0.0000E+00   0.0000E+00   0.0000E+00   0.0000E+00   0.0000E+00       0       0       0
   148.-  150.    0.0000E+00   0.0000E+00   0.0000E+00   0.0000E+00   0.0000E+00       0       0       0
   150.-  152.    0.0000E+00   0.0000E+00   0.0000E+00   0.0000E+00   0.0000E+00       0       0       0
   152.-  154.    0.0000E+00   0.0000E+00   0.0000E+00   0.0000E+00   0.0000E+00       0       0       0
   154.-  156.    0.0000E+00   0.0000E+00   0.0000E+00   0.0000E+00   0.0000E+00       0       0       0
   156.-  158.    0.0000E+00   0.0000E+00   0.0000E+00   0.0000E+00   0.0000E+00       0       0       0
   158.-  160.    0.0000E+00   0.0000E+00   0.0000E+00   0.0000E+00   0.0000E+00       0       0       0
   160.-  162.    0.0000E+00   0.0000E+00   0.0000E+00   0.0000E+00   0.0000E+00       0       0       0
   162.-  164.    0.0000E+00   0.0000E+00   0.0000E+00   0.0000E+00   0.0000E+00       0       0       0
   164.-  166.    0.0000E+00   0.0000E+00   0.0000E+00   0.0000E+00   0.0000E+00       0       0       0
   166.-  168.    0.0000E+00   0.0000E+00   0.0000E+00   0.0000E+00   0.0000E+00       0       0       0
   168.-  170.    0.0000E+00   0.0000E+00   0.0000E+00   0.0000E+00   0.0000E+00       0       0       0
   170.-  172.    0.0000E+00   0.0000E+00   0.0000E+00   0.0000E+00   0.0000E+00       0       0       0
   172.-  174.    0.0000E+00   0.0000E+00   0.0000E+00   0.0000E+00   0.0000E+00       0       0       0
   174.-  176.    0.0000E+00   0.0000E+00   0.0000E+00   0.0000E+00   0.0000E+00       0       0       0
   176.-  178.    0.0000E+00   0.0000E+00   0.0000E+00   0.0000E+00   0.0000E+00       0       0       0
   178.-  180.    0.0000E+00   0.0000E+00   0.0000E+00   0.0000E+00   0.0000E+00       0       0       0
   180.-  182.    0.0000E+00   0.0000E+00   0.0000E+00   0.0000E+00   0.0000E+00       0       0       0
   182.-  184.    0.0000E+00   0.0000E+00   0.0000E+00   0.0000E+00   0.0000E+00       0       0       0
   184.-  186.    0.0000E+00   0.0000E+00   0.0000E+00   0.0000E+00   0.0000E+00       0       0       0
   186.-  188.    0.0000E+00   0.0000E+00   0.0000E+00   0.0000E+00   0.0000E+00       0       0       0
   188.-  190.    0.0000E+00   0.0000E+00   0.0000E+00   0.0000E+00   0.0000E+00       0       0       0
   190.-  192.    0.0000E+00   0.0000E+00   0.0000E+00   0.0000E+00   0.0000E+00       0       0       0
   192.-  194.    0.0000E+00   0.0000E+00   0.0000E+00   0.0000E+00   0.0000E+00       0       0       0
   194.-  196.    0.0000E+00   0.0000E+00   0.0000E+00   0.0000E+00   0.0000E+00       0       0       0
   196.-  198.    0.0000E+00   0.0000E+00   0.0000E+00   0.0000E+00   0.0000E+00       0       0       0
   198.-  200.    0.0000E+00   0.0000E+00   0.0000E+00   0.0000E+00   0.0000E+00       0       0       0

                  8.5963E+07   1.1843E+09   1.0053E+09   4.1808E+08   5.8718E+08 5031259 5031259       0
1     BACKWARD SPUTTERING



        ALL SPUTTERED PARTICLES =   69668   TOTAL SPUTTERED ENERGY = 0.2686E+07 EV


        SPUTTERED PARTICLES (1.LAYER) =   69668   SPUTTERED ENERGY = 0.2686E+07 EV


 1.LAYER
         SPUTTERED PARTICLES(1) =   69668     SPUTTERED ENERGY(1) = 0.2686E+07 EV

         ION IN , PRIMARY KO(1) =   14136   0.2029   0.2029    ENERGY = 0.1035E+07 EV   0.3854   0.3854    MEAN ENERGY = 0.7323E+02
         ION IN , SECOND. KO(1) =   55532   0.7971   0.7971    ENERGY = 0.1651E+07 EV   0.6146   0.6146    MEAN ENERGY = 0.2973E+02
        ION OUT , PRIMARY KO(1) =       0   0.0000   0.0000    ENERGY = 0.0000E+00 EV   0.0000   0.0000    MEAN ENERGY = 0.0000E+00
        ION OUT , SECOND. KO(1) =       0   0.0000   0.0000    ENERGY = 0.0000E+00 EV   0.0000   0.0000    MEAN ENERGY = 0.0000E+00


     SPUTTERING YIELD(1) =  6.967E-01  SPUTTERED ENERGY(1) =  4.736E-03  REL.MEAN ENERGY(1) =  6.798E-03  MEAN ENERGY(1) =  3.856E+01

                       MEAN        VARIANCE      SKEWNESS      KURTOSIS        SIGMA       ERROR 1.M     ERROR 2.M     ERROR 3.M 
    ENERGY(1)       3.8556E+01    4.0615E+03    4.3825E+00    3.1768E+01    6.3730E+01    2.4145E-01    8.5353E+01    8.7100E-02
 LOGENERGY(1)       1.2232E+00    3.3154E-01   -4.7634E-02    2.8787E+00    5.7580E-01    2.1818E-03    1.7219E-03    8.4457E-03

                     1.MOMENT      2.MOMENT      3.MOMENT      4.MOMENT      5.MOMENT      6.MOMENT 
    ENERGY(1)       3.8556E+01    5.5480E+03    1.6615E+06    7.3742E+08    4.1424E+11    2.7176E+14
 LOGENERGY(1)       1.2232E+00    1.8278E+00    3.0378E+00    5.4872E+00    1.0552E+01    2.1344E+01



     POLAR ANGULAR DISTRIBUTION OF ALL BACKWARD SPUTTERED PARTICLES


       0.00  0.00  0.00  0.00  0.00  0.00  0.00  0.00  0.00  0.00  0.00  0.00  0.00  0.00  0.00  0.00  0.00  0.00  0.00  0.00

        126   345   668   900  1274  1628  2030  2455  2985  3401  3705  4305  4704  5037  5228  5578  5922  6044  6497  6836
      0.036 0.099 0.192 0.258 0.366 0.467 0.583 0.705 0.857 0.976 1.064 1.236 1.350 1.446 1.501 1.601 1.700 1.735 1.865 1.962
1 LOG ENERGY - COS OF EMISSION ANGLE (0.05 STEPS)   (BACKWARD SPUTTERED PARTICLES) ; 1. LAYER ; SPECIES 1


   0.0000E+00    1    2    3    4    5    6    7    8    9   10   11   12   13   14   15   16   17   18   19   20     0  0.0000E+00
   0.1000E+00    0    0    0    0    1    1    1    0    0    0    0    2    0    3    5    1    2    0    0    1    17  0.1700E-02
   0.1212E+00    0    0    0    0    0    0    0    0    0    0    0    0    0    0    0    0    0    0    0    0     0  0.0000E+00
   0.1468E+00    0    0    0    0    0    0    0    0    0    0    0    0    0    0    0    0    0    0    0    0     0  0.0000E+00
   0.1778E+00    0    0    0    0    0    0    0    0    0    0    0    0    0    0    0    0    0    0    0    0     0  0.0000E+00
   0.2154E+00    0    0    0    0    0    0    0    0    0    0    0    0    0    0    0    0    0    0    0    0     0  0.0000E+00
   0.2610E+00    0    0    0    0    0    0    0    0    0    0    0    0    0    0    0    0    0    0    0    0     0  0.0000E+00
   0.3162E+00    0    0    0    0    0    0    0    0    0    0    0    0    0    0    0    0    0    0    0    0     0  0.0000E+00
   0.3831E+00    0    0    0    0    0    0    0    0    0    0    0    0    0    0    0    0    0    0    0    0     0  0.0000E+00
   0.4642E+00    0    0    0    0    0    0    0    0    0    0    0    0    0    0    0    0    0    0    0    0     0  0.0000E+00
   0.5623E+00    0    0    0    0    0    0    0    0    0    0    0    0    0    0    0    0    0    0    0    0     0  0.0000E+00
   0.6813E+00    0    0    0    0    0    0    0    0    0    0    0    0    0    0    0    0    0    0    0    0     0  0.0000E+00
   0.8254E+00    0    0    0    0    0    0    0    0    0    0    0    0    0    0    0    0    0    0    0    0     0  0.0000E+00
   0.1000E+01    0    0    0    0    0    0    0    0    0    0    0    0    0    0    0    0    0    0    0    0     0  0.0000E+00
   0.1212E+01    0    0    0    0    0    0    0    0    0    0    0    0    0    0    0    0    0    0    0    0     0  0.0000E+00
   0.1468E+01    0    0    0    0    0    0    0    0    0    0    0    0    0    0    0    0    0    0    0    0     0  0.0000E+00
   0.1778E+01    0    0    0    0    0    0    0    0    0    0    0    0    0    0    0    0    0    0    0    0     0  0.0000E+00
   0.2154E+01    0    0    0    0    0    0    0    0    0    0    0    0    0    0    0    0    0    0    0    0     0  0.0000E+00
   0.2610E+01    0    0    0    0    0    0    0    0    0    0    0    0    0    0    0    0    0    0    0    0     0  0.0000E+00
   0.3162E+01    0    0    0    0    0    0    0    0    0    0    0    0    0    0    0    0    0    0    0    0     0  0.0000E+00
   0.3831E+01    0    0    0    0    0    0    0    0    0    0    0    0    0    0    0    0    0    0    0    0     0  0.0000E+00
   0.4642E+01    0    0    0    0    0    0    0    0    0    0    0    0    0    0    0    0    0    0    0    0     0  0.0000E+00
   0.5623E+01    0    0    0    0    0    0    0    0    0    0    0    0    0    0    0    0    0    0    0    0     0  0.0000E+00
   0.6813E+01    0    0    0    0    0    0    0    0    0    0    0    0    0    0    0    0    0    0    0    0     0  0.0000E+00
   0.8254E+01    0    0    0    0    0    0    0    0    0    0    0    0    0    0    0    0    0    0    0    0     0  0.0000E+00
   0.1000E+02    0    0    0    0    0    0    0    0    0    0    0    0    0    0    0    0    0    0    0    0     0  0.0000E+00
   0.1212E+02    0    0    0    0    0    0    0    0    0    0    0    0    0    0    0    0    0    0    0    0     0  0.0000E+00
   0.1468E+02    0    0    0    0    0    0    0    0    0    0    0    0    0    0    0    0    0    0    0    0     0  0.0000E+00
   0.1778E+02    0    0    0    0    0    0    0    0    0    0    0    0    0    0    0    0    0    0    0    0     0  0.0000E+00
   0.2154E+02    0    0    0    0    0    0    0    0    0    0    0    0    0    0    0    0    0    0    0    0     0  0.0000E+00
   0.2610E+02    0    0    0    0    0    0    0    0    0    0    0    0    0    0    0    0    0    0    0    0     0  0.0000E+00
   0.3162E+02    0    0    0    0    0    0    0    0    0    0    0    0    0    0    0    0    0    0    0    0     0  0.0000E+00
   0.3831E+02    0    0    0    0    0    0    0    0    0    0    0    0    0    0    0    0    0    0    0    0     0  0.0000E+00
   0.4642E+02    0    0    0    0    0    0    0    0    0    0    0    0    0    0    0    0    0    0    0    0     0  0.0000E+00
   0.5623E+02    0    0    0    0    0    0    0    0    0    0    0    0    0    0    0    0    0    0    0    0     0  0.0000E+00
   0.6813E+02    0    0    0    0    0    0    0    0    0    0    0    0    0    0    0    0    0    0    0    0     0  0.0000E+00
   0.8254E+02    0    0    0    0    0    0    0    0    0    0    0    0    0    0    0    0    0    0    0    0     0  0.0000E+00
   0.1000E+03    0    0    0    0    0    0    0    0    0    0    0    0    0    0    0    0    0    0    0    0     0  0.0000E+00
   0.1212E+03    0    0    0    0    0    0    0    0    0    0    0    0    0    0    0    0    0    0    0    0     0  0.0000E+00
   0.1468E+03    0    0    0    0    0    0    0    0    0    0    0    0    0    0    0    0    0    0    0    0     0  0.0000E+00
   0.1778E+03    0    0    0    0    0    0    0    0    0    0    0    0    0    0    0    0    0    0    0    0     0  0.0000E+00
   0.2154E+03    0    0    0    0    0    0    0    0    0    0    0    0    0    0    0    0    0    0    0    0     0  0.0000E+00
   0.2610E+03    0    0    0    0    0    0    0    0    0    0    0    0    0    0    0    0    0    0    0    0     0  0.0000E+00
   0.3162E+03    0    0    0    0    0    0    0    0    0    0    0    0    0    0    0    0    0    0    0    0     0  0.0000E+00
   0.3831E+03    0    0    0    0    0    0    0    0    0    0    0    0    0    0    0    0    0    0    0    0     0  0.0000E+00
   0.4642E+03    0    0    0    0    0    0    0    0    0    0    0    0    0    0    0    0    0    0    0    0     0  0.0000E+00
   0.5623E+03    0    0    0    0    0    0    0    0    0    0    0    0    0    0    0    0    0    0    0    0     0  0.0000E+00
   0.6813E+03    0    0    0    0    0    0    0    0    0    0    0    0    0    0    0    0    0    0    0    0     0  0.0000E+00
   0.8254E+03    0    0    0    0    0    0    0    0    0    0    0    0    0    0    0    0    0    0    0    0     0  0.0000E+00
   0.1000E+04    0    0    0    0    0    0    0    0    0    0    0    0    0    0    0    0    0    0    0    0     0  0.0000E+00
   0.1212E+04    0    0    0    0    0    0    0    0    0    0    0    0    0    0    0    0    0    0    0    0     0  0.0000E+00
   0.1468E+04    0    0    0    0    0    0    0    0    0    0    0    0    0    0    0    0    0    0    0    0     0  0.0000E+00
   0.1778E+04    0    0    0    0    0    0    0    0    0    0    0    0    0    0    0    0    0    0    0    0     0  0.0000E+00
   0.2154E+04    0    0    0    0    0    0    0    0    0    0    0    0    0    0    0    0    0    0    0    0     0  0.0000E+00
   0.2610E+04    0    0    0    0    0    0    0    0    0    0    0    0    0    0    0    0    0    0    0    0     0  0.0000E+00
   0.3162E+04    0    0    0    0    0    0    0    0    0    0    0    0    0    0    0    0    0    0    0    0     0  0.0000E+00
   0.3831E+04    0    0    0    0    0    0    0    0    0    0    0    0    0    0    0    0    0    0    0    0     0  0.0000E+00
   0.4642E+04    0    0    0    0    0    0    0    0    0    0    0    0    0    0    0    0    0    0    0    0     0  0.0000E+00
   0.5623E+04    0    0    0    0    0    0    0    0    0    0    0    0    0    0    0    0    0    0    0    0     0  0.0000E+00
   0.6813E+04    0    0    0    0    0    0    0    0    0    0    0    0    0    0    0    0    0    0    0    0     0  0.0000E+00
   0.8254E+04    0    0    0    0    0    0    0    0    0    0    0    0    0    0    0    0    0    0    0    0     0  0.0000E+00
   0.1000E+05    0    0    0    0    0    0    0    0    0    0    0    0    0    0    0    0    0    0    0    0     0  0.0000E+00
   0.1212E+05    0    0    0    0    0    0    0    0    0    0    0    0    0    0    0    0    0    0    0    0     0  0.0000E+00
   0.1468E+05    0    0    0    0    0    0    0    0    0    0    0    0    0    0    0    0    0    0    0    0     0  0.0000E+00
   0.1778E+05    0    0    0    0    0    0    0    0    0    0    0    0    0    0    0    0    0    0    0    0     0  0.0000E+00
   0.2154E+05    0    0    0    0    0    0    0    0    0    0    0    0    0    0    0    0    0    0    0    0     0  0.0000E+00
   0.2610E+05    0    0    0    0    0    0    0    0    0    0    0    0    0    0    0    0    0    0    0    0     0  0.0000E+00
   0.3162E+05    0    0    0    0    0    0    0    0    0    0    0    0    0    0    0    0    0    0    0    0     0  0.0000E+00
   0.3831E+05    0    0    0    0    0    0    0    0    0    0    0    0    0    0    0    0    0    0    0    0     0  0.0000E+00
   0.4642E+05    0    0    0    0    0    0    0    0    0    0    0    0    0    0    0    0    0    0    0    0     0  0.0000E+00
   0.5623E+05    0    0    0    0    0    0    0    0    0    0    0    0    0    0    0    0    0    0    0    0     0  0.0000E+00
   0.6813E+05    0    0    0    0    0    0    0    0    0    0    0    0    0    0    0    0    0    0    0    0     0  0.0000E+00
   0.8254E+05    0    0    0    0    0    0    0    0    0    0    0    0    0    0    0    0    0    0    0    0     0  0.0000E+00
   0.1000E+06    0    0    0    0    0    0    0    0    0    0    0    0    0    0    0    0    0    0    0    0     0  0.0000E+00
   0.0000E+00  252  690 1336 1800 2547 3255 4059 4910 5970 6802 7410 8608 940810071104511115511842120881299413671139319  0.0000E+00
1ENERGY(E/E0 IN %) - POLAR ANGLE IN COS-INTERVALS (0.05)  (BACKWARD SPUTTERED PARTICLES) , 1.LAYER , SPECIES 1

     0    1    2    3    4    5    6    7    8    9   10   11   12   13   14   15   16   17   18   19   20      0
     1  111  317  580  784 1066 1292 1581 1917 2312 2606 2893 3313 3723 3986 4162 4590 4905 5053 5570 6027  56788
     2   13   18   57   69  111  176  224  276  381  426  430  549  536  592  599  584  604  617  593  546   7401
     3    0    9   18   23   40   61   85  108  118  154  165  205  200  208  240  199  206  203  185  161   2588
     4    1    0    6    9   21   41   51   56   73   90   87   91  128  102  110   95   97   73   78   65   1274
     5    0    1    3    7   10   28   30   42   41   57   48   52   48   59   48   41   46   47   32   21    661
     6    1    0    1    5   16   13   15   15   17   19   26   35   29   34   32   29   23   26   22    5    363
     7    0    0    1    0    3    8   13   15   15   14   19   25   11   25   14   12   13    9    6    4    207
     8    0    0    1    0    3    4    7   10    9   11   16   12    8    8   11   10   11    5    8    6    140
     9    0    0    0    1    2    1    8    7    4   10    9   10    9    7    2    9    8    9    1    1     98
    10    0    0    1    0    2    2    6    2    6    3    3    4    3    5    6    2    4    1    1    0     51
    11    0    0    0    1    0    0    4    4    5    7    0    3    2    8    2    2    2    0    1    0     41
    12    0    0    0    1    0    1    3    1    0    0    2    1    4    3    1    0    0    0    0    0     17
    13    0    0    0    0    0    0    3    0    2    1    3    3    0    0    0    1    1    1    0    0     15
    14    0    0    0    0    0    1    0    0    1    2    1    1    2    0    0    2    1    0    0    0     11
    15    0    0    0    0    0    0    0    1    1    0    1    0    0    0    0    1    1    0    0    0      5
    16    0    0    0    0    0    0    0    0    0    0    2    1    0    0    0    1    0    0    0    0      4
    17    0    0    0    0    0    0    0    0    0    1    0    0    0    0    1    0    0    0    0    0      2
    18    0    0    0    0    0    0    0    0    0    0    0    0    0    0    0    0    0    0    0    0      0
    19    0    0    0    0    0    0    0    1    0    0    0    0    1    0    0    0    0    0    0    0      2
    20    0    0    0    0    0    0    0    0    0    0    0    0    0    0    0    0    0    0    0    0      0
    21    0    0    0    0    0    0    0    0    0    0    0    0    0    0    0    0    0    0    0    0      0
    22    0    0    0    0    0    0    0    0    0    0    0    0    0    0    0    0    0    0    0    0      0
    23    0    0    0    0    0    0    0    0    0    0    0    0    0    0    0    0    0    0    0    0      0
    24    0    0    0    0    0    0    0    0    0    0    0    0    0    0    0    0    0    0    0    0      0
    25    0    0    0    0    0    0    0    0    0    0    0    0    0    0    0    0    0    0    0    0      0
    26    0    0    0    0    0    0    0    0    0    0    0    0    0    0    0    0    0    0    0    0      0
    27    0    0    0    0    0    0    0    0    0    0    0    0    0    0    0    0    0    0    0    0      0
    28    0    0    0    0    0    0    0    0    0    0    0    0    0    0    0    0    0    0    0    0      0
    29    0    0    0    0    0    0    0    0    0    0    0    0    0    0    0    0    0    0    0    0      0
    30    0    0    0    0    0    0    0    0    0    0    0    0    0    0    0    0    0    0    0    0      0
    31    0    0    0    0    0    0    0    0    0    0    0    0    0    0    0    0    0    0    0    0      0
    32    0    0    0    0    0    0    0    0    0    0    0    0    0    0    0    0    0    0    0    0      0
    33    0    0    0    0    0    0    0    0    0    0    0    0    0    0    0    0    0    0    0    0      0
    34    0    0    0    0    0    0    0    0    0    0    0    0    0    0    0    0    0    0    0    0      0
    35    0    0    0    0    0    0    0    0    0    0    0    0    0    0    0    0    0    0    0    0      0
    36    0    0    0    0    0    0    0    0    0    0    0    0    0    0    0    0    0    0    0    0      0
    37    0    0    0    0    0    0    0    0    0    0    0    0    0    0    0    0    0    0    0    0      0
    38    0    0    0    0    0    0    0    0    0    0    0    0    0    0    0    0    0    0    0    0      0
    39    0    0    0    0    0    0    0    0    0    0    0    0    0    0    0    0    0    0    0    0      0
    40    0    0    0    0    0    0    0    0    0    0    0    0    0    0    0    0    0    0    0    0      0
    41    0    0    0    0    0    0    0    0    0    0    0    0    0    0    0    0    0    0    0    0      0
    42    0    0    0    0    0    0    0    0    0    0    0    0    0    0    0    0    0    0    0    0      0
    43    0    0    0    0    0    0    0    0    0    0    0    0    0    0    0    0    0    0    0    0      0
    44    0    0    0    0    0    0    0    0    0    0    0    0    0    0    0    0    0    0    0    0      0
    45    0    0    0    0    0    0    0    0    0    0    0    0    0    0    0    0    0    0    0    0      0
    46    0    0    0    0    0    0    0    0    0    0    0    0    0    0    0    0    0    0    0    0      0
    47    0    0    0    0    0    0    0    0    0    0    0    0    0    0    0    0    0    0    0    0      0
    48    0    0    0    0    0    0    0    0    0    0    0    0    0    0    0    0    0    0    0    0      0
    49    0    0    0    0    0    0    0    0    0    0    0    0    0    0    0    0    0    0    0    0      0
    50    0    0    0    0    0    0    0    0    0    0    0    0    0    0    0    0    0    0    0    0      0
    51    0    0    0    0    0    0    0    0    0    0    0    0    0    0    0    0    0    0    0    0      0
    52    0    0    0    0    0    0    0    0    0    0    0    0    0    0    0    0    0    0    0    0      0
    53    0    0    0    0    0    0    0    0    0    0    0    0    0    0    0    0    0    0    0    0      0
    54    0    0    0    0    0    0    0    0    0    0    0    0    0    0    0    0    0    0    0    0      0
    55    0    0    0    0    0    0    0    0    0    0    0    0    0    0    0    0    0    0    0    0      0
    56    0    0    0    0    0    0    0    0    0    0    0    0    0    0    0    0    0    0    0    0      0
    57    0    0    0    0    0    0    0    0    0    0    0    0    0    0    0    0    0    0    0    0      0
    58    0    0    0    0    0    0    0    0    0    0    0    0    0    0    0    0    0    0    0    0      0
    59    0    0    0    0    0    0    0    0    0    0    0    0    0    0    0    0    0    0    0    0      0
    60    0    0    0    0    0    0    0    0    0    0    0    0    0    0    0    0    0    0    0    0      0
    61    0    0    0    0    0    0    0    0    0    0    0    0    0    0    0    0    0    0    0    0      0
    62    0    0    0    0    0    0    0    0    0    0    0    0    0    0    0    0    0    0    0    0      0
    63    0    0    0    0    0    0    0    0    0    0    0    0    0    0    0    0    0    0    0    0      0
    64    0    0    0    0    0    0    0    0    0    0    0    0    0    0    0    0    0    0    0    0      0
    65    0    0    0    0    0    0    0    0    0    0    0    0    0    0    0    0    0    0    0    0      0
    66    0    0    0    0    0    0    0    0    0    0    0    0    0    0    0    0    0    0    0    0      0
    67    0    0    0    0    0    0    0    0    0    0    0    0    0    0    0    0    0    0    0    0      0
    68    0    0    0    0    0    0    0    0    0    0    0    0    0    0    0    0    0    0    0    0      0
    69    0    0    0    0    0    0    0    0    0    0    0    0    0    0    0    0    0    0    0    0      0
    70    0    0    0    0    0    0    0    0    0    0    0    0    0    0    0    0    0    0    0    0      0
    71    0    0    0    0    0    0    0    0    0    0    0    0    0    0    0    0    0    0    0    0      0
    72    0    0    0    0    0    0    0    0    0    0    0    0    0    0    0    0    0    0    0    0      0
    73    0    0    0    0    0    0    0    0    0    0    0    0    0    0    0    0    0    0    0    0      0
    74    0    0    0    0    0    0    0    0    0    0    0    0    0    0    0    0    0    0    0    0      0
    75    0    0    0    0    0    0    0    0    0    0    0    0    0    0    0    0    0    0    0    0      0
    76    0    0    0    0    0    0    0    0    0    0    0    0    0    0    0    0    0    0    0    0      0
    77    0    0    0    0    0    0    0    0    0    0    0    0    0    0    0    0    0    0    0    0      0
    78    0    0    0    0    0    0    0    0    0    0    0    0    0    0    0    0    0    0    0    0      0
    79    0    0    0    0    0    0    0    0    0    0    0    0    0    0    0    0    0    0    0    0      0
    80    0    0    0    0    0    0    0    0    0    0    0    0    0    0    0    0    0    0    0    0      0
    81    0    0    0    0    0    0    0    0    0    0    0    0    0    0    0    0    0    0    0    0      0
    82    0    0    0    0    0    0    0    0    0    0    0    0    0    0    0    0    0    0    0    0      0
    83    0    0    0    0    0    0    0    0    0    0    0    0    0    0    0    0    0    0    0    0      0
    84    0    0    0    0    0    0    0    0    0    0    0    0    0    0    0    0    0    0    0    0      0
    85    0    0    0    0    0    0    0    0    0    0    0    0    0    0    0    0    0    0    0    0      0
    86    0    0    0    0    0    0    0    0    0    0    0    0    0    0    0    0    0    0    0    0      0
    87    0    0    0    0    0    0    0    0    0    0    0    0    0    0    0    0    0    0    0    0      0
    88    0    0    0    0    0    0    0    0    0    0    0    0    0    0    0    0    0    0    0    0      0
    89    0    0    0    0    0    0    0    0    0    0    0    0    0    0    0    0    0    0    0    0      0
    90    0    0    0    0    0    0    0    0    0    0    0    0    0    0    0    0    0    0    0    0      0
    91    0    0    0    0    0    0    0    0    0    0    0    0    0    0    0    0    0    0    0    0      0
    92    0    0    0    0    0    0    0    0    0    0    0    0    0    0    0    0    0    0    0    0      0
    93    0    0    0    0    0    0    0    0    0    0    0    0    0    0    0    0    0    0    0    0      0
    94    0    0    0    0    0    0    0    0    0    0    0    0    0    0    0    0    0    0    0    0      0
    95    0    0    0    0    0    0    0    0    0    0    0    0    0    0    0    0    0    0    0    0      0
    96    0    0    0    0    0    0    0    0    0    0    0    0    0    0    0    0    0    0    0    0      0
    97    0    0    0    0    0    0    0    0    0    0    0    0    0    0    0    0    0    0    0    0      0
    98    0    0    0    0    0    0    0    0    0    0    0    0    0    0    0    0    0    0    0    0      0
    99    0    0    0    0    0    0    0    0    0    0    0    0    0    0    0    0    0    0    0    0      0
   100    0    0    0    0    0    0    0    0    0    0    0    0    0    0    0    0    0    0    0    0      0
     0  126  345  668  900 1274 1628 2030 2455 2985 3401 3705 4305 4704 5037 5228 5578 5922 6044 6497 6836  69668
1AZIMUTHAL ANGLE - POLAR ANGLE IN COS-INTERVALS (0.05) (BACKWARD SPUTTERED PARTICLES) , 1.LAYER , SPECIES 1

     0    1    2    3    4    5    6    7    8    9   10   11   12   13   14   15   16   17   18   19   20      0
     3    3    4    7   19   26   19   36   54   39   72   67   77   87   94   87   81   82  109  100  109   1172
     6    5    3    4   10   23   27   32   32   52   52   55   55   75   67   88   94   96  102  112  113   1097
     9    0    6   10   13   19   30   33   41   47   55   59   70   81   88   86   91  110  112  104  126   1181
    12    1    4   15   27   23   24   46   39   46   53   58   60   75   73   84   84  108   97   92  127   1136
    15    1    9   10   14   17   36   30   43   50   51   51   73   85   79   99  101   83  101   80  114   1127
    18    0   10    6   14   24   32   30   43   59   47   54   69   75   70   97   87   80  110  104  106   1117
    21    2    5   15   22   24   33   34   23   61   60   51   78   85   74   78   86   93  102  105  112   1143
    24    1    8    8   12   31   29   33   35   44   54   61   80   82  117   88  103  100   95  111   94   1186
    27    3    6   17   14   17   22   33   43   38   55   60   64   82   83   78  112  100   88   97  109   1121
    30    5    4   15    9   25   33   35   45   45   59   62   68   69   79   91   84  111  102  114  113   1168
    33    1    8    9   16   20   32   39   50   54   55   61   85   70   84   91   91   94  112  102  120   1194
    36    3    7   14   13   19   35   46   40   66   51   63   77   76   95   86   98   93   87  108   92   1169
    39    5    4   13   10   27   26   38   34   41   61   57   61   82   72   90   95   89   99   99  117   1120
    42    1    4    7   13   20   21   35   40   47   67   60   78   77   79   73   99   89  111   98  113   1132
    45    4    5    8   13   17   26   32   34   58   60   64   72   75   82   74  110   96  115  129  113   1187
    48    3    5   19   11   18   27   19   29   42   55   62   76   77   61   83   74   88   88   93  109   1039
    51    1    6    8   21   16   31   42   48   66   64   55   82   79   92   89   87   85  117  107   89   1185
    54    1    8   11   15   19   27   25   38   60   64   58   74   84   71  100   99   99  122  114  110   1199
    57    3    5   13   15   18   36   39   44   46   64   48   68   99   69   67  104  113  103  103  117   1174
    60    2    7   12   13   17   23   44   43   47   52   59   66   79   85   96   94  113  109  105   99   1165
    63    7    3   10   14   17   16   30   28   48   69   76   81   74  100   95   85   97   95  112  120   1177
    66    3    7    9    8   27   35   29   38   44   57   64   69   75   84   90  102   87   99  110  113   1150
    69    3    3    9   13   24   29   33   31   47   60   59   57   64   84   95  106  105  106  115  115   1158
    72    1    8   13   11   10   26   31   39   61   51   66   78   85   83   91  100   89  113  103   94   1153
    75    3    8   16   18   22   30   40   56   47   59   73   79   72   67   73   83  116  103  116  122   1203
    78    2    4    8   12   24   30   33   56   46   62   61   78   83   96   98   72   94   84  109  151   1203
    81    4    4    7   17   22   21   29   40   58   57   48   65   87   84   84   96  111  106  104  120   1164
    84    3    3   10   17   22   28   26   39   59   53   74   84   93   97   92   92  112  101  113  113   1231
    87    3    8   11   19   24   33   35   40   43   46   51   64   67   80   83  111  102  107  120  119   1166
    90    3    4   13   17   20   21   31   51   35   51   68   65   81   99   87   86  110   98   97  120   1157
    93    1    9    6   12   21   22   35   32   57   67   59   85   93   77   77   85  107  100  115  110   1170
    96    2    8    5   16   17   37   30   36   54   54   54   52   62   93   91   76   99  118  112  126   1142
    99    3    5   13   14   23   27   30   44   46   55   56   72   81   94   78  103   81  101  118  107   1151
   102    1    6   12   11   23   26   21   43   58   51   75   79   80   75  101  105  109  113  109  124   1222
   105    1    4   10   18   23   34   42   40   52   59   70   73   94   75   83   93  102   92  115   92   1172
   108    1    7   14   14   21   22   29   35   51   50   51   80   72   87   86   96   94   90  113  113   1126
   111    3    2    6   18   22   18   32   48   43   61   52   83   78   96   92   94   95  102  131  117   1193
   114    2    5   16   13   23   21   45   45   62   52   59   54   83  101   90   99  111  100  111  114   1206
   117    4    4   13   14   15   25   31   41   43   43   71   89   76   71   79   82  106  101   97  121   1126
   120    2    6   12   19   33   21   34   29   57   53   58   70   84   76   85   91   85  101  100  111   1127
   123    0    4   12   14   21   22   35   38   52   46   51   69   76   98   88   91  101   81  125  124   1148
   126    2    4   13   16   16   26   31   52   59   59   70   64   62   74   93   72  103  102  119   98   1135
   129    2    8   13   19   20   25   28   35   49   58   59   78   77   82   94   82  101  104  104  111   1149
   132    0    4   19    6   22   28   35   35   56   63   61   62   64   96   84  108   88  101  114  104   1150
   135    4    7   11   17   26   25   41   40   45   67   61   74   69   97   85   93   96  101  102  132   1193
   138    2    2   11   17   24   20   34   47   48   57   69   63   87   67   85   95  117   94  115  119   1173
   141    3    4    9   19   24   25   31   44   55   61   69   85   68   76   85   98  104  113  116  111   1200
   144    0    5    6   18   23   34   22   44   47   61   61   77   82   82   99   91   92   98   88  111   1141
   147    2    8   16   14   25   29   33   48   52   64   74   71   74   84   89  107   97  104  119  112   1222
   150    0   11   10   20   26   22   30   47   57   68   71   62   79   83   89   77  109  100  116  119   1196
   153    2    7   11   12   17   18   31   47   55   60   49   61   84  104   84   99   90   98  103   96   1128
   156    3    6    8   13   10   45   31   49   39   57   63   80   53   74   93   95   81   86   97  118   1101
   159    3    3   15   18   23   33   28   41   58   57   66   63   87   98   80  110   98  105  109  121   1216
   162    2    4   11   13   23   23   42   47   47   48   70   85   86   91  101   92  114   87   97  114   1197
   165    0    7   13   14   21   27   40   38   41   53   53   51   82   72   76   93   82   96  116  133   1108
   168    1    3   13   13   22   25   33   37   48   54   73   69   68   68   77   75   95   81  142  106   1103
   171    0    5    8   15   26   25   29   47   47   54   83   77   79   91   82   98  121  100  106  128   1221
   174    2    8   15   12   11   29   41   40   33   48   63   76   92   89   92   85  106  102  111  111   1166
   177    0   12    9   19   19   26   47   40   43   57   61   77   92   87   86   95   97   87  104  127   1185
   180    1    7   11   22   22   30   41   30   35   48   68   71   65   91   91   91   96   93   97  117   1127
     0  126  345  668  900 1274 1628 2030 2455 2985 3401 3705 4305 4704 5037 5228 5578 5922 6044 6497 6836  69668
