1
      *** PROGRAM TRVMC95 ***


                              * INPUT DATA *


       Z1        M1          E0       ALPHA       EF        ESB      SHEATH     ERC
     18.00     39.95       800.00      0.00      0.10      0.00   2400.00      4.70

       NH        RI           X0        RD        CW        CA       KK0   KK0R   KDEE1  KDEE2  IPOT   IPOTR   IRL
     99999 716381.00         0.00    100.00      2.00      1.00       2      2      3      3      1      1      3


             DX      RHO    CK  Z(,1) Z(,2) Z(,3) Z(,4) Z(,5)  M(,1)  M(,2)  M(,3)  M(,4)  M(,5) C(,1) C(,2) C(,3) C(,4) C(,5)

 1.LAYER 10000.00   2.25   1.00    6.    0.    0.    0.    0.  12.01   0.00   0.00   0.00   0.00 1.000 0.000 0.000 0.000 0.000


                           ***  SBE(LAYER,ELEMENT)  ***     ***     ED(LAYER,ELEMENT)     ***     ***   BE(LAYER,ELEMENT)  ***

 1.LAYER                   7.41  0.00  0.00  0.00  0.00     30.00   0.00   0.00   0.00   0.00     0.10  0.00  0.00  0.00  0.00


       INTERACTION POTENTIAL : PROJECTILE-TARGET : KR-C POTENTIAL     TARGET-TARGET : KR-C POTENTIAL    


       INELASTIC LOSS MODEL  : PROJECTILE-TARGET : 50% LS 50% OR      TARGET-TARGET : 50% LS 50% OR     
1

                              * OUTPUT DATA *


                 HLM       HLMT        SU       SUT        XC        RT       SFE      INEL         L        LJ
               0.0000 10000.000    3.5029 10003.503   -3.5029  9900.000      7.41         0         1         1


                NPROJ       KIB       KIT      MAXA      NALL       NPA       NSA       KIS      KIST
                24029         0         0       298  14909198   1251712   8162702     70790         0


            EPS0(I)       Z2(I)       M2(I)     ARHO(I)       LM(I)     PMAX(I)     ASIG(I)       SB(I)       XX(I)        NJ(I)

 1.LAYER   0.1569E-01  0.6000E+01  0.1201E+02  0.1128E+00  0.2070E+01  0.1168E+01  0.2335E+00  0.7410E+01  0.1000E+05         1


             A1(1)   A1(2)   A1(3)   A1(4)   A1(5)   A1(6)   A1(7)   A1(8)   A1(9)  A1(10)  A1(11)  A1(12)  A1(13)  A1(14)  A1(15)

           0.13193


           KOR1(1) KOR1(2) KOR1(3) KOR1(4) KOR1(5) KOR1(6) KOR1(7) KOR1(8) KOR1(9) KOR1(A) KOR1(B) KOR1(C) KOR1(D) KOR1(E) KOR1(F)

           0.73577


            A(I,1)  A(I,2)  A(I,3)  A(I,4)  A(I,5)  A(I,6)  A(I,7)  A(I,8)  A(I,9) A(I,10) A(I,11) A(I,12) A(I,13) A(I,14) A(I,15)

           0.16242


           KOR(,1) KOR(,2) KOR(,3) KOR(,4) KOR(,5) KOR(,6) KOR(,7) KOR(,8) KOR(,9) KOR(,A) KOR(,B) KOR(,C) KOR(,D) KOR(,E) KOR(,F)

           0.46963
1

         IMPLANTED PARTICLES=  99999     ENERGY=0.8000E+08 EV
     BACKSCATTERED PARTICLES=      0     ENERGY=0.0000E+00 EV
       TRANSMITTED PARTICLES=      0     ENERGY=0.0000E+00 EV
     BACKSPUTTERED PARTICLES=  21992     ENERGY=0.2999E+06 EV
    TRANSM. SPUTT. PARTICLES=      0     ENERGY=0.0000E+00 EV


  PROJECTILES :   MEAN NUMBER OF ELASTIC COLLISIONS =     13.7   MEAN NUMBER OF EL.COLL.(E > EDISPL.) =    5.714
                                                                 MEAN NUMBER OF EL.COLL.(E > SB(1))   =   12.003

                       MEAN        VARIANCE      SKEWNESS      KURTOSIS        SIGMA       ERROR 1.M     ERROR 2.M     ERROR 3.M 
  PENETRATION       2.2252E+01    3.8706E+01    3.8325E-01    2.9529E+00    6.2214E+00    1.9674E-02    1.7105E-01    7.1613E-03
       SPREAD       7.6509E+00    1.7095E+01    7.0630E-01    3.3845E+00    4.1346E+00    1.3075E-02    8.3477E-02    8.2486E-03
   PATHLENGTH       2.6407E+01    4.3640E+01    3.1095E-01    2.8632E+00    6.6061E+00    2.0890E-02    1.8838E-01    6.8310E-03
 ELASTIC LOSS       7.6047E+02    1.4379E+02                                1.1991E+01    1.1991E-04
   INEL. LOSS       3.9527E+01    1.4379E+02                                1.1991E+01    1.1991E-04

                       MEAN        VARIANCE      SKEWNESS      KURTOSIS        SIGMA       ERROR 1.M     ERROR 2.M     ERROR 3.M 
   ELAST.LOSS       5.1206E+01    5.3887E+03    3.0472E+00    1.4157E+01    7.3408E+01    6.2771E-02    1.6714E+01    5.0200E-03
 WEAK EL.LOSS       4.3992E+00    6.8836E+00    6.8398E-01    2.8892E+00    2.6237E+00    2.2435E-03    8.0904E-03    1.4745E-03
 INELAST.LOSS       2.8902E+00    3.2256E+00    2.1839E-03    1.7001E+00    1.7960E+00    1.5358E-03    2.3079E-03    1.2884E-03
  SUBTHR.LOSS       1.3815E+01    5.9126E+01    1.3970E-01    2.2373E+00    7.6894E+00    8.6171E-03    7.3703E-02    1.4888E-03

                     1.MOMENT      2.MOMENT      3.MOMENT      4.MOMENT      5.MOMENT      6.MOMENT 
  PENETRATION       2.2252E+01    5.3387E+02    1.3695E+04    3.7282E+05    1.0702E+07    3.2217E+08



  RECOILES (PER PROJ.)   :   MEAN NUMBER OF ELASTIC COLLISIONS =    145.0   MEAN NUMBER OF EL.COLL.(E > EDISPL.) =      5.490
                                                                            MEAN NUMBER OF EL.COLL.(E > SB(1))   =     43.465

  RECOILES (PER KNOCKON) :   MEAN NUMBER OF ELASTIC COLLISIONS =    1.541   MEAN NUMBER OF EL.COLL.(E > EDISPL.) =      0.058
                                                                            MEAN NUMBER OF EL.COLL.(E > SB(1))   =      0.462

1


     DEPTH(A)  PARTICLES  NORM.DEPTH PATHLENGTH   INLOSS(EV)  TELOSS(EV)  ELLOSS(EV)  DAMAGE(EV)  PHONON(EV)  CASCAD(EV)     DPA

    -SU-    0.         0  0.0000E+00
     0.-    2.         0  0.0000E+00         0    5.1073E+05  9.0267E+06  8.7592E+06  8.0955E+06  6.6364E+05  6.8864E+06   54107
     2.-    4.         0  0.0000E+00         0    5.0532E+05  8.7164E+06  8.4136E+06  7.7308E+06  6.8280E+05  6.5915E+06   55652
     4.-    6.         7  0.7000E-04         0    4.7089E+05  8.4272E+06  8.0803E+06  7.3714E+06  7.0890E+05  6.3010E+06   57505
     6.-    8.       126  0.1260E-02         1    4.3276E+05  8.0122E+06  7.6111E+06  6.8571E+06  7.5404E+05  5.8775E+06   58742
     8.-   10.       793  0.7930E-02        37    3.9166E+05  7.4277E+06  6.9657E+06  6.1466E+06  8.1904E+05  5.2841E+06   58540
    10.-   12.      2333  0.2333E-01       254    3.4887E+05  6.8200E+06  6.2996E+06  5.3952E+06  9.0442E+05  4.6495E+06   56133
    12.-   14.      5067  0.5067E-01      1029    3.0244E+05  6.0890E+06  5.5290E+06  4.5707E+06  9.5834E+05  3.9490E+06   51932
    14.-   16.      7806  0.7806E-01      2689    2.5515E+05  5.2735E+06  4.7006E+06  3.7224E+06  9.7822E+05  3.2232E+06   45721
    16.-   18.     10547  0.1055E+00      4975    2.0745E+05  4.4299E+06  3.8778E+06  2.9321E+06  9.4570E+05  2.5437E+06   38401
    18.-   20.     12059  0.1206E+00      7678    1.6278E+05  3.5334E+06  3.0334E+06  2.1644E+06  8.6901E+05  1.8812E+06   30338
    20.-   22.     12482  0.1248E+00      9953    1.2200E+05  2.7091E+06  2.2817E+06  1.5363E+06  7.4537E+05  1.3374E+06   22713
    22.-   24.     11713  0.1171E+00     11461    8.7474E+04  1.9717E+06  1.6286E+06  1.0212E+06  6.0747E+05  8.9038E+05   16003
    24.-   26.     10559  0.1056E+00     11963    6.0168E+04  1.3780E+06  1.1161E+06  6.4894E+05  4.6716E+05  5.6654E+05   10636
    26.-   28.      8575  0.8575E-01     11630    3.9545E+04  9.1791E+05  7.2963E+05  3.9378E+05  3.3585E+05  3.4411E+05    6676
    28.-   30.      6406  0.6406E-01     10462    2.4554E+04  5.7624E+05  4.4950E+05  2.2167E+05  2.2784E+05  1.9404E+05    3997
    30.-   32.      4471  0.4471E-01      8801    1.4580E+04  3.4464E+05  2.6366E+05  1.1694E+05  1.4672E+05  1.0245E+05    2180
    32.-   34.      3103  0.3103E-01      6663    8.1348E+03  1.9430E+05  1.4589E+05  5.8771E+04  8.7116E+04  5.1556E+04    1140
    34.-   36.      1875  0.1875E-01      4857    4.3295E+03  1.0503E+05  7.7722E+04  2.7726E+04  4.9996E+04  2.4340E+04     557
    36.-   38.      1075  0.1075E-01      3254    2.1530E+03  5.1421E+04  3.7089E+04  1.0947E+04  2.6142E+04  9.6258E+03     234
    38.-   40.       524  0.5240E-02      2007    9.9167E+02  2.4126E+04  1.7305E+04  4.7360E+03  1.2569E+04  4.1582E+03      94
    40.-   42.       275  0.2750E-02      1170    4.4635E+02  1.1055E+04  7.7892E+03  2.0147E+03  5.7745E+03  1.7727E+03      44
    42.-   44.       118  0.1180E-02       580    1.7869E+02  4.3520E+03  2.9770E+03  5.4643E+02  2.4305E+03  4.8292E+02      14
    44.-   46.        53  0.5300E-03       296    6.8820E+01  1.6159E+03  1.0748E+03  2.2469E+02  8.5008E+02  1.9794E+02       5
    46.-   48.        20  0.2000E-03       141    2.3474E+01  5.4892E+02  3.4891E+02  0.0000E+00  3.4891E+02  0.0000E+00       0
    48.-   50.         7  0.7000E-04        59    8.6503E+00  2.1062E+02  1.3344E+02  0.0000E+00  1.3344E+02  0.0000E+00       0
    50.-   52.         4  0.4000E-04        28    2.2531E+00  5.7589E+01  3.6917E+01  0.0000E+00  3.6917E+01  0.0000E+00       0
    52.-   54.         1  0.1000E-04         6    5.4600E-01  1.0391E+01  5.3142E+00  0.0000E+00  5.3142E+00  0.0000E+00       0
    54.-   56.         0  0.0000E+00         4    8.2712E-02  1.4884E+00  8.3562E-01  0.0000E+00  8.3562E-01  0.0000E+00       0
    56.-   58.         0  0.0000E+00         1    0.0000E+00  0.0000E+00  0.0000E+00  0.0000E+00  0.0000E+00  0.0000E+00       0
    58.-   60.         0  0.0000E+00         0    0.0000E+00  0.0000E+00  0.0000E+00  0.0000E+00  0.0000E+00  0.0000E+00       0
    60.-   62.         0  0.0000E+00         0    0.0000E+00  0.0000E+00  0.0000E+00  0.0000E+00  0.0000E+00  0.0000E+00       0
    62.-   64.         0  0.0000E+00         0    0.0000E+00  0.0000E+00  0.0000E+00  0.0000E+00  0.0000E+00  0.0000E+00       0
    64.-   66.         0  0.0000E+00         0    0.0000E+00  0.0000E+00  0.0000E+00  0.0000E+00  0.0000E+00  0.0000E+00       0
    66.-   68.         0  0.0000E+00         0    0.0000E+00  0.0000E+00  0.0000E+00  0.0000E+00  0.0000E+00  0.0000E+00       0
    68.-   70.         0  0.0000E+00         0    0.0000E+00  0.0000E+00  0.0000E+00  0.0000E+00  0.0000E+00  0.0000E+00       0
    70.-   72.         0  0.0000E+00         0    0.0000E+00  0.0000E+00  0.0000E+00  0.0000E+00  0.0000E+00  0.0000E+00       0
    72.-   74.         0  0.0000E+00         0    0.0000E+00  0.0000E+00  0.0000E+00  0.0000E+00  0.0000E+00  0.0000E+00       0
    74.-   76.         0  0.0000E+00         0    0.0000E+00  0.0000E+00  0.0000E+00  0.0000E+00  0.0000E+00  0.0000E+00       0
    76.-   78.         0  0.0000E+00         0    0.0000E+00  0.0000E+00  0.0000E+00  0.0000E+00  0.0000E+00  0.0000E+00       0
    78.-   80.         0  0.0000E+00         0    0.0000E+00  0.0000E+00  0.0000E+00  0.0000E+00  0.0000E+00  0.0000E+00       0
    80.-   82.         0  0.0000E+00         0    0.0000E+00  0.0000E+00  0.0000E+00  0.0000E+00  0.0000E+00  0.0000E+00       0
    82.-   84.         0  0.0000E+00         0    0.0000E+00  0.0000E+00  0.0000E+00  0.0000E+00  0.0000E+00  0.0000E+00       0
    84.-   86.         0  0.0000E+00         0    0.0000E+00  0.0000E+00  0.0000E+00  0.0000E+00  0.0000E+00  0.0000E+00       0
    86.-   88.         0  0.0000E+00         0    0.0000E+00  0.0000E+00  0.0000E+00  0.0000E+00  0.0000E+00  0.0000E+00       0
    88.-   90.         0  0.0000E+00         0    0.0000E+00  0.0000E+00  0.0000E+00  0.0000E+00  0.0000E+00  0.0000E+00       0
    90.-   92.         0  0.0000E+00         0    0.0000E+00  0.0000E+00  0.0000E+00  0.0000E+00  0.0000E+00  0.0000E+00       0
    92.-   94.         0  0.0000E+00         0    0.0000E+00  0.0000E+00  0.0000E+00  0.0000E+00  0.0000E+00  0.0000E+00       0
    94.-   96.         0  0.0000E+00         0    0.0000E+00  0.0000E+00  0.0000E+00  0.0000E+00  0.0000E+00  0.0000E+00       0
    96.-   98.         0  0.0000E+00         0    0.0000E+00  0.0000E+00  0.0000E+00  0.0000E+00  0.0000E+00  0.0000E+00       0
    98.-  100.         0  0.0000E+00         0    0.0000E+00  0.0000E+00  0.0000E+00  0.0000E+00  0.0000E+00  0.0000E+00       0
   100.-  102.         0  0.0000E+00         0    0.0000E+00  0.0000E+00  0.0000E+00  0.0000E+00  0.0000E+00  0.0000E+00       0
   102.-  104.         0  0.0000E+00         0    0.0000E+00  0.0000E+00  0.0000E+00  0.0000E+00  0.0000E+00  0.0000E+00       0
   104.-  106.         0  0.0000E+00         0    0.0000E+00  0.0000E+00  0.0000E+00  0.0000E+00  0.0000E+00  0.0000E+00       0
   106.-  108.         0  0.0000E+00         0    0.0000E+00  0.0000E+00  0.0000E+00  0.0000E+00  0.0000E+00  0.0000E+00       0
   108.-  110.         0  0.0000E+00         0    0.0000E+00  0.0000E+00  0.0000E+00  0.0000E+00  0.0000E+00  0.0000E+00       0
   110.-  112.         0  0.0000E+00         0    0.0000E+00  0.0000E+00  0.0000E+00  0.0000E+00  0.0000E+00  0.0000E+00       0
   112.-  114.         0  0.0000E+00         0    0.0000E+00  0.0000E+00  0.0000E+00  0.0000E+00  0.0000E+00  0.0000E+00       0
   114.-  116.         0  0.0000E+00         0    0.0000E+00  0.0000E+00  0.0000E+00  0.0000E+00  0.0000E+00  0.0000E+00       0
   116.-  118.         0  0.0000E+00         0    0.0000E+00  0.0000E+00  0.0000E+00  0.0000E+00  0.0000E+00  0.0000E+00       0
   118.-  120.         0  0.0000E+00         0    0.0000E+00  0.0000E+00  0.0000E+00  0.0000E+00  0.0000E+00  0.0000E+00       0
   120.-  122.         0  0.0000E+00         0    0.0000E+00  0.0000E+00  0.0000E+00  0.0000E+00  0.0000E+00  0.0000E+00       0
   122.-  124.         0  0.0000E+00         0    0.0000E+00  0.0000E+00  0.0000E+00  0.0000E+00  0.0000E+00  0.0000E+00       0
   124.-  126.         0  0.0000E+00         0    0.0000E+00  0.0000E+00  0.0000E+00  0.0000E+00  0.0000E+00  0.0000E+00       0
   126.-  128.         0  0.0000E+00         0    0.0000E+00  0.0000E+00  0.0000E+00  0.0000E+00  0.0000E+00  0.0000E+00       0
   128.-  130.         0  0.0000E+00         0    0.0000E+00  0.0000E+00  0.0000E+00  0.0000E+00  0.0000E+00  0.0000E+00       0
   130.-  132.         0  0.0000E+00         0    0.0000E+00  0.0000E+00  0.0000E+00  0.0000E+00  0.0000E+00  0.0000E+00       0
   132.-  134.         0  0.0000E+00         0    0.0000E+00  0.0000E+00  0.0000E+00  0.0000E+00  0.0000E+00  0.0000E+00       0
   134.-  136.         0  0.0000E+00         0    0.0000E+00  0.0000E+00  0.0000E+00  0.0000E+00  0.0000E+00  0.0000E+00       0
   136.-  138.         0  0.0000E+00         0    0.0000E+00  0.0000E+00  0.0000E+00  0.0000E+00  0.0000E+00  0.0000E+00       0
   138.-  140.         0  0.0000E+00         0    0.0000E+00  0.0000E+00  0.0000E+00  0.0000E+00  0.0000E+00  0.0000E+00       0
   140.-  142.         0  0.0000E+00         0    0.0000E+00  0.0000E+00  0.0000E+00  0.0000E+00  0.0000E+00  0.0000E+00       0
   142.-  144.         0  0.0000E+00         0    0.0000E+00  0.0000E+00  0.0000E+00  0.0000E+00  0.0000E+00  0.0000E+00       0
   144.-  146.         0  0.0000E+00         0    0.0000E+00  0.0000E+00  0.0000E+00  0.0000E+00  0.0000E+00  0.0000E+00       0
   146.-  148.         0  0.0000E+00         0    0.0000E+00  0.0000E+00  0.0000E+00  0.0000E+00  0.0000E+00  0.0000E+00       0
   148.-  150.         0  0.0000E+00         0    0.0000E+00  0.0000E+00  0.0000E+00  0.0000E+00  0.0000E+00  0.0000E+00       0
   150.-  152.         0  0.0000E+00         0    0.0000E+00  0.0000E+00  0.0000E+00  0.0000E+00  0.0000E+00  0.0000E+00       0
   152.-  154.         0  0.0000E+00         0    0.0000E+00  0.0000E+00  0.0000E+00  0.0000E+00  0.0000E+00  0.0000E+00       0
   154.-  156.         0  0.0000E+00         0    0.0000E+00  0.0000E+00  0.0000E+00  0.0000E+00  0.0000E+00  0.0000E+00       0
   156.-  158.         0  0.0000E+00         0    0.0000E+00  0.0000E+00  0.0000E+00  0.0000E+00  0.0000E+00  0.0000E+00       0
   158.-  160.         0  0.0000E+00         0    0.0000E+00  0.0000E+00  0.0000E+00  0.0000E+00  0.0000E+00  0.0000E+00       0
   160.-  162.         0  0.0000E+00         0    0.0000E+00  0.0000E+00  0.0000E+00  0.0000E+00  0.0000E+00  0.0000E+00       0
   162.-  164.         0  0.0000E+00         0    0.0000E+00  0.0000E+00  0.0000E+00  0.0000E+00  0.0000E+00  0.0000E+00       0
   164.-  166.         0  0.0000E+00         0    0.0000E+00  0.0000E+00  0.0000E+00  0.0000E+00  0.0000E+00  0.0000E+00       0
   166.-  168.         0  0.0000E+00         0    0.0000E+00  0.0000E+00  0.0000E+00  0.0000E+00  0.0000E+00  0.0000E+00       0
   168.-  170.         0  0.0000E+00         0    0.0000E+00  0.0000E+00  0.0000E+00  0.0000E+00  0.0000E+00  0.0000E+00       0
   170.-  172.         0  0.0000E+00         0    0.0000E+00  0.0000E+00  0.0000E+00  0.0000E+00  0.0000E+00  0.0000E+00       0
   172.-  174.         0  0.0000E+00         0    0.0000E+00  0.0000E+00  0.0000E+00  0.0000E+00  0.0000E+00  0.0000E+00       0
   174.-  176.         0  0.0000E+00         0    0.0000E+00  0.0000E+00  0.0000E+00  0.0000E+00  0.0000E+00  0.0000E+00       0
   176.-  178.         0  0.0000E+00         0    0.0000E+00  0.0000E+00  0.0000E+00  0.0000E+00  0.0000E+00  0.0000E+00       0
   178.-  180.         0  0.0000E+00         0    0.0000E+00  0.0000E+00  0.0000E+00  0.0000E+00  0.0000E+00  0.0000E+00       0
   180.-  182.         0  0.0000E+00         0    0.0000E+00  0.0000E+00  0.0000E+00  0.0000E+00  0.0000E+00  0.0000E+00       0
   182.-  184.         0  0.0000E+00         0    0.0000E+00  0.0000E+00  0.0000E+00  0.0000E+00  0.0000E+00  0.0000E+00       0
   184.-  186.         0  0.0000E+00         0    0.0000E+00  0.0000E+00  0.0000E+00  0.0000E+00  0.0000E+00  0.0000E+00       0
   186.-  188.         0  0.0000E+00         0    0.0000E+00  0.0000E+00  0.0000E+00  0.0000E+00  0.0000E+00  0.0000E+00       0
   188.-  190.         0  0.0000E+00         0    0.0000E+00  0.0000E+00  0.0000E+00  0.0000E+00  0.0000E+00  0.0000E+00       0
   190.-  192.         0  0.0000E+00         0    0.0000E+00  0.0000E+00  0.0000E+00  0.0000E+00  0.0000E+00  0.0000E+00       0
   192.-  194.         0  0.0000E+00         0    0.0000E+00  0.0000E+00  0.0000E+00  0.0000E+00  0.0000E+00  0.0000E+00       0
   194.-  196.         0  0.0000E+00         0    0.0000E+00  0.0000E+00  0.0000E+00  0.0000E+00  0.0000E+00  0.0000E+00       0
   196.-  198.         0  0.0000E+00         0    0.0000E+00  0.0000E+00  0.0000E+00  0.0000E+00  0.0000E+00  0.0000E+00       0
   198.-  200.         0  0.0000E+00         0    0.0000E+00  0.0000E+00  0.0000E+00  0.0000E+00  0.0000E+00  0.0000E+00       0
   200.-   SUT         0  0.0000E+00

                   99999  1.0000E+00     99999    3.9527E+06  7.6046E+07  7.0030E+07  5.9030E+07  1.1000E+07  5.0714E+07  571364
1
     RECOILS



     DEPTH(A)     INLOSS(EV)   TELOSS(EV)   ELLOSS(EV)   DAMAGE(EV)   PHONON(EV)     DPA  DPA(1)  DPA(2)

     0.-    2.    1.9817E+05   3.8985E+06   3.0362E+06   4.8640E+05   2.5498E+06    9214    9214       0
     2.-    4.    3.8802E+05   6.9873E+06   5.7112E+06   1.6396E+06   4.0716E+06   26957   26957       0
     4.-    6.    5.4985E+05   9.6358E+06   7.9343E+06   2.4605E+06   5.4739E+06   39432   39432       0
     6.-    8.    6.7131E+05   1.1743E+07   9.6751E+06   3.0070E+06   6.6682E+06   48084   48084       0
     8.-   10.    7.5033E+05   1.3228E+07   1.0874E+07   3.2984E+06   7.5759E+06   53407   53407       0
    10.-   12.    7.9319E+05   1.4155E+07   1.1598E+07   3.4128E+06   8.1849E+06   56247   56247       0
    12.-   14.    7.9690E+05   1.4402E+07   1.1744E+07   3.2751E+06   8.4686E+06   55130   55130       0
    14.-   16.    7.6840E+05   1.4096E+07   1.1440E+07   3.0395E+06   8.4002E+06   52135   52135       0
    16.-   18.    7.0944E+05   1.3175E+07   1.0634E+07   2.6500E+06   7.9840E+06   46372   46372       0
    18.-   20.    6.2856E+05   1.1881E+07   9.5484E+06   2.2747E+06   7.2737E+06   40336   40336       0
    20.-   22.    5.3464E+05   1.0238E+07   8.1824E+06   1.8291E+06   6.3534E+06   32952   32952       0
    22.-   24.    4.3627E+05   8.4636E+06   6.7309E+06   1.4173E+06   5.3136E+06   25987   25987       0
    24.-   26.    3.4105E+05   6.7047E+06   5.3070E+06   1.0578E+06   4.2492E+06   19572   19572       0
    26.-   28.    2.5795E+05   5.1209E+06   4.0377E+06   7.6043E+05   3.2773E+06   14199   14199       0
    28.-   30.    1.8788E+05   3.7722E+06   2.9629E+06   5.3992E+05   2.4229E+06   10163   10163       0
    30.-   32.    1.3126E+05   2.6552E+06   2.0773E+06   3.5701E+05   1.7203E+06    6836    6836       0
    32.-   34.    8.8552E+04   1.7996E+06   1.4037E+06   2.3141E+05   1.1723E+06    4424    4424       0
    34.-   36.    5.7919E+04   1.1817E+06   9.1881E+05   1.4664E+05   7.7216E+05    2880    2880       0
    36.-   38.    3.7278E+04   7.6274E+05   5.9210E+05   9.2229E+04   4.9987E+05    1792    1792       0
    38.-   40.    2.3142E+04   4.7494E+05   3.6859E+05   5.5207E+04   3.1339E+05    1085    1085       0
    40.-   42.    1.4183E+04   2.9229E+05   2.2707E+05   3.6459E+04   1.9061E+05     717     717       0
    42.-   44.    8.7083E+03   1.8021E+05   1.4044E+05   2.3540E+04   1.1690E+05     457     457       0
    44.-   46.    5.2084E+03   1.0678E+05   8.2354E+04   1.1189E+04   7.1165E+04     215     215       0
    46.-   48.    3.1187E+03   6.4286E+04   4.9804E+04   7.7526E+03   4.2051E+04     155     155       0
    48.-   50.    1.8160E+03   3.7429E+04   2.9052E+04   4.7760E+03   2.4276E+04      96      96       0
    50.-   52.    1.0678E+03   2.2339E+04   1.7460E+04   2.6069E+03   1.4853E+04      50      50       0
    52.-   54.    6.0746E+02   1.2506E+04   9.6470E+03   1.5089E+03   8.1381E+03      30      30       0
    54.-   56.    3.6611E+02   7.4212E+03   5.7077E+03   5.4228E+02   5.1654E+03      13      13       0
    56.-   58.    2.1965E+02   4.9054E+03   3.8067E+03   6.4346E+02   3.1632E+03      13      13       0
    58.-   60.    1.1964E+02   2.5779E+03   1.9593E+03   1.8836E+02   1.7709E+03       3       3       0
    60.-   62.    4.5429E+01   1.0007E+03   7.2273E+02   0.0000E+00   7.2273E+02       0       0       0
    62.-   64.    3.1576E+01   6.6656E+02   5.2034E+02   4.8668E+01   4.7167E+02       1       1       0
    64.-   66.    1.3372E+01   3.0752E+02   2.2347E+02   0.0000E+00   2.2347E+02       0       0       0
    66.-   68.    6.2844E+00   1.4175E+02   1.0935E+02   0.0000E+00   1.0935E+02       0       0       0
    68.-   70.    2.1252E+00   5.7894E+01   4.4844E+01   0.0000E+00   4.4844E+01       0       0       0
    70.-   72.    0.0000E+00   0.0000E+00   0.0000E+00   0.0000E+00   0.0000E+00       0       0       0
    72.-   74.    0.0000E+00   0.0000E+00   0.0000E+00   0.0000E+00   0.0000E+00       0       0       0
    74.-   76.    0.0000E+00   0.0000E+00   0.0000E+00   0.0000E+00   0.0000E+00       0       0       0
    76.-   78.    0.0000E+00   0.0000E+00   0.0000E+00   0.0000E+00   0.0000E+00       0       0       0
    78.-   80.    0.0000E+00   0.0000E+00   0.0000E+00   0.0000E+00   0.0000E+00       0       0       0
    80.-   82.    0.0000E+00   0.0000E+00   0.0000E+00   0.0000E+00   0.0000E+00       0       0       0
    82.-   84.    0.0000E+00   0.0000E+00   0.0000E+00   0.0000E+00   0.0000E+00       0       0       0
    84.-   86.    0.0000E+00   0.0000E+00   0.0000E+00   0.0000E+00   0.0000E+00       0       0       0
    86.-   88.    0.0000E+00   0.0000E+00   0.0000E+00   0.0000E+00   0.0000E+00       0       0       0
    88.-   90.    0.0000E+00   0.0000E+00   0.0000E+00   0.0000E+00   0.0000E+00       0       0       0
    90.-   92.    0.0000E+00   0.0000E+00   0.0000E+00   0.0000E+00   0.0000E+00       0       0       0
    92.-   94.    0.0000E+00   0.0000E+00   0.0000E+00   0.0000E+00   0.0000E+00       0       0       0
    94.-   96.    0.0000E+00   0.0000E+00   0.0000E+00   0.0000E+00   0.0000E+00       0       0       0
    96.-   98.    0.0000E+00   0.0000E+00   0.0000E+00   0.0000E+00   0.0000E+00       0       0       0
    98.-  100.    0.0000E+00   0.0000E+00   0.0000E+00   0.0000E+00   0.0000E+00       0       0       0
   100.-  102.    0.0000E+00   0.0000E+00   0.0000E+00   0.0000E+00   0.0000E+00       0       0       0
   102.-  104.    0.0000E+00   0.0000E+00   0.0000E+00   0.0000E+00   0.0000E+00       0       0       0
   104.-  106.    0.0000E+00   0.0000E+00   0.0000E+00   0.0000E+00   0.0000E+00       0       0       0
   106.-  108.    0.0000E+00   0.0000E+00   0.0000E+00   0.0000E+00   0.0000E+00       0       0       0
   108.-  110.    0.0000E+00   0.0000E+00   0.0000E+00   0.0000E+00   0.0000E+00       0       0       0
   110.-  112.    0.0000E+00   0.0000E+00   0.0000E+00   0.0000E+00   0.0000E+00       0       0       0
   112.-  114.    0.0000E+00   0.0000E+00   0.0000E+00   0.0000E+00   0.0000E+00       0       0       0
   114.-  116.    0.0000E+00   0.0000E+00   0.0000E+00   0.0000E+00   0.0000E+00       0       0       0
   116.-  118.    0.0000E+00   0.0000E+00   0.0000E+00   0.0000E+00   0.0000E+00       0       0       0
   118.-  120.    0.0000E+00   0.0000E+00   0.0000E+00   0.0000E+00   0.0000E+00       0       0       0
   120.-  122.    0.0000E+00   0.0000E+00   0.0000E+00   0.0000E+00   0.0000E+00       0       0       0
   122.-  124.    0.0000E+00   0.0000E+00   0.0000E+00   0.0000E+00   0.0000E+00       0       0       0
   124.-  126.    0.0000E+00   0.0000E+00   0.0000E+00   0.0000E+00   0.0000E+00       0       0       0
   126.-  128.    0.0000E+00   0.0000E+00   0.0000E+00   0.0000E+00   0.0000E+00       0       0       0
   128.-  130.    0.0000E+00   0.0000E+00   0.0000E+00   0.0000E+00   0.0000E+00       0       0       0
   130.-  132.    0.0000E+00   0.0000E+00   0.0000E+00   0.0000E+00   0.0000E+00       0       0       0
   132.-  134.    0.0000E+00   0.0000E+00   0.0000E+00   0.0000E+00   0.0000E+00       0       0       0
   134.-  136.    0.0000E+00   0.0000E+00   0.0000E+00   0.0000E+00   0.0000E+00       0       0       0
   136.-  138.    0.0000E+00   0.0000E+00   0.0000E+00   0.0000E+00   0.0000E+00       0       0       0
   138.-  140.    0.0000E+00   0.0000E+00   0.0000E+00   0.0000E+00   0.0000E+00       0       0       0
   140.-  142.    0.0000E+00   0.0000E+00   0.0000E+00   0.0000E+00   0.0000E+00       0       0       0
   142.-  144.    0.0000E+00   0.0000E+00   0.0000E+00   0.0000E+00   0.0000E+00       0       0       0
   144.-  146.    0.0000E+00   0.0000E+00   0.0000E+00   0.0000E+00   0.0000E+00       0       0       0
   146.-  148.    0.0000E+00   0.0000E+00   0.0000E+00   0.0000E+00   0.0000E+00       0       0       0
   148.-  150.    0.0000E+00   0.0000E+00   0.0000E+00   0.0000E+00   0.0000E+00       0       0       0
   150.-  152.    0.0000E+00   0.0000E+00   0.0000E+00   0.0000E+00   0.0000E+00       0       0       0
   152.-  154.    0.0000E+00   0.0000E+00   0.0000E+00   0.0000E+00   0.0000E+00       0       0       0
   154.-  156.    0.0000E+00   0.0000E+00   0.0000E+00   0.0000E+00   0.0000E+00       0       0       0
   156.-  158.    0.0000E+00   0.0000E+00   0.0000E+00   0.0000E+00   0.0000E+00       0       0       0
   158.-  160.    0.0000E+00   0.0000E+00   0.0000E+00   0.0000E+00   0.0000E+00       0       0       0
   160.-  162.    0.0000E+00   0.0000E+00   0.0000E+00   0.0000E+00   0.0000E+00       0       0       0
   162.-  164.    0.0000E+00   0.0000E+00   0.0000E+00   0.0000E+00   0.0000E+00       0       0       0
   164.-  166.    0.0000E+00   0.0000E+00   0.0000E+00   0.0000E+00   0.0000E+00       0       0       0
   166.-  168.    0.0000E+00   0.0000E+00   0.0000E+00   0.0000E+00   0.0000E+00       0       0       0
   168.-  170.    0.0000E+00   0.0000E+00   0.0000E+00   0.0000E+00   0.0000E+00       0       0       0
   170.-  172.    0.0000E+00   0.0000E+00   0.0000E+00   0.0000E+00   0.0000E+00       0       0       0
   172.-  174.    0.0000E+00   0.0000E+00   0.0000E+00   0.0000E+00   0.0000E+00       0       0       0
   174.-  176.    0.0000E+00   0.0000E+00   0.0000E+00   0.0000E+00   0.0000E+00       0       0       0
   176.-  178.    0.0000E+00   0.0000E+00   0.0000E+00   0.0000E+00   0.0000E+00       0       0       0
   178.-  180.    0.0000E+00   0.0000E+00   0.0000E+00   0.0000E+00   0.0000E+00       0       0       0
   180.-  182.    0.0000E+00   0.0000E+00   0.0000E+00   0.0000E+00   0.0000E+00       0       0       0
   182.-  184.    0.0000E+00   0.0000E+00   0.0000E+00   0.0000E+00   0.0000E+00       0       0       0
   184.-  186.    0.0000E+00   0.0000E+00   0.0000E+00   0.0000E+00   0.0000E+00       0       0       0
   186.-  188.    0.0000E+00   0.0000E+00   0.0000E+00   0.0000E+00   0.0000E+00       0       0       0
   188.-  190.    0.0000E+00   0.0000E+00   0.0000E+00   0.0000E+00   0.0000E+00       0       0       0
   190.-  192.    0.0000E+00   0.0000E+00   0.0000E+00   0.0000E+00   0.0000E+00       0       0       0
   192.-  194.    0.0000E+00   0.0000E+00   0.0000E+00   0.0000E+00   0.0000E+00       0       0       0
   194.-  196.    0.0000E+00   0.0000E+00   0.0000E+00   0.0000E+00   0.0000E+00       0       0       0
   196.-  198.    0.0000E+00   0.0000E+00   0.0000E+00   0.0000E+00   0.0000E+00       0       0       0
   198.-  200.    0.0000E+00   0.0000E+00   0.0000E+00   0.0000E+00   0.0000E+00       0       0       0

                  8.3856E+06   1.5511E+08   1.2535E+08   3.2120E+07   9.3225E+07  548954  548954       0
1     BACKWARD SPUTTERING



        ALL SPUTTERED PARTICLES =   21992   TOTAL SPUTTERED ENERGY = 0.2999E+06 EV


        SPUTTERED PARTICLES (1.LAYER) =   21992   SPUTTERED ENERGY = 0.2999E+06 EV


 1.LAYER
         SPUTTERED PARTICLES(1) =   21992     SPUTTERED ENERGY(1) = 0.2999E+06 EV

         ION IN , PRIMARY KO(1) =    5067   0.2304   0.2304    ENERGY = 0.9753E+05 EV   0.3252   0.3252    MEAN ENERGY = 0.1925E+02
         ION IN , SECOND. KO(1) =   16924   0.7696   0.7696    ENERGY = 0.2024E+06 EV   0.6748   0.6748    MEAN ENERGY = 0.1196E+02
        ION OUT , PRIMARY KO(1) =       0   0.0000   0.0000    ENERGY = 0.0000E+00 EV   0.0000   0.0000    MEAN ENERGY = 0.0000E+00
        ION OUT , SECOND. KO(1) =       1   0.0000   0.0000    ENERGY = 0.2542E+01 EV   0.0000   0.0000    MEAN ENERGY = 0.2542E+01


     SPUTTERING YIELD(1) =  2.199E-01  SPUTTERED ENERGY(1) =  3.749E-03  REL.MEAN ENERGY(1) =  1.705E-02  MEAN ENERGY(1) =  1.364E+01

                       MEAN        VARIANCE      SKEWNESS      KURTOSIS        SIGMA       ERROR 1.M     ERROR 2.M     ERROR 3.M 
    ENERGY(1)       1.3638E+01    1.8422E+02    2.2987E+00    1.0936E+01    1.3573E+01    9.1525E-02    3.9158E+00    6.5294E-02
 LOGENERGY(1)       9.3837E-01    1.9605E-01   -4.2818E-01    3.2103E+00    4.4278E-01    2.9862E-03    1.9658E-03    1.7173E-02

                     1.MOMENT      2.MOMENT      3.MOMENT      4.MOMENT      5.MOMENT      6.MOMENT 
    ENERGY(1)       1.3638E+01    3.7020E+02    1.5821E+04    9.2484E+05    6.8172E+07    6.0090E+09
 LOGENERGY(1)       9.3837E-01    1.0766E+00    1.3410E+00    1.7950E+00    2.5249E+00    3.7066E+00



     POLAR ANGULAR DISTRIBUTION OF ALL BACKWARD SPUTTERED PARTICLES


       0.00  0.00  0.00  0.00  0.00  0.00  0.00  0.00  0.00  0.00  0.00  0.00  0.00  0.00  0.00  0.00  0.00  0.00  0.00  0.00

         72   181   314   381   495   669   722   920  1030  1202  1316  1415  1542  1565  1610  1667  1627  1758  1785  1721
      0.065 0.165 0.286 0.346 0.450 0.608 0.657 0.837 0.937 1.093 1.197 1.287 1.402 1.423 1.464 1.516 1.480 1.599 1.623 1.565
1 LOG ENERGY - COS OF EMISSION ANGLE (0.05 STEPS)   (BACKWARD SPUTTERED PARTICLES) ; 1. LAYER ; SPECIES 1


   0.0000E+00    1    2    3    4    5    6    7    8    9   10   11   12   13   14   15   16   17   18   19   20     0  0.0000E+00
   0.1000E+00    0    0    0    0    0    0    1    0    0    0    0    0    1    1    2    1    1    0    0    0     7  0.7000E-03
   0.1212E+00    0    0    0    0    0    0    0    0    0    0    0    0    0    0    0    0    0    0    0    0     0  0.0000E+00
   0.1468E+00    0    0    0    0    0    0    0    0    0    0    0    0    0    0    0    0    0    0    0    0     0  0.0000E+00
   0.1778E+00    0    0    0    0    0    0    0    0    0    0    0    0    0    0    0    0    0    0    0    0     0  0.0000E+00
   0.2154E+00    0    0    0    0    0    0    0    0    0    0    0    0    0    0    0    0    0    0    0    0     0  0.0000E+00
   0.2610E+00    0    0    0    0    0    0    0    0    0    0    0    0    0    0    0    0    0    0    0    0     0  0.0000E+00
   0.3162E+00    0    0    0    0    0    0    0    0    0    0    0    0    0    0    0    0    0    0    0    0     0  0.0000E+00
   0.3831E+00    0    0    0    0    0    0    0    0    0    0    0    0    0    0    0    0    0    0    0    0     0  0.0000E+00
   0.4642E+00    0    0    0    0    0    0    0    0    0    0    0    0    0    0    0    0    0    0    0    0     0  0.0000E+00
   0.5623E+00    0    0    0    0    0    0    0    0    0    0    0    0    0    0    0    0    0    0    0    0     0  0.0000E+00
   0.6813E+00    0    0    0    0    0    0    0    0    0    0    0    0    0    0    0    0    0    0    0    0     0  0.0000E+00
   0.8254E+00    0    0    0    0    0    0    0    0    0    0    0    0    0    0    0    0    0    0    0    0     0  0.0000E+00
   0.1000E+01    0    0    0    0    0    0    0    0    0    0    0    0    0    0    0    0    0    0    0    0     0  0.0000E+00
   0.1212E+01    0    0    0    0    0    0    0    0    0    0    0    0    0    0    0    0    0    0    0    0     0  0.0000E+00
   0.1468E+01    0    0    0    0    0    0    0    0    0    0    0    0    0    0    0    0    0    0    0    0     0  0.0000E+00
   0.1778E+01    0    0    0    0    0    0    0    0    0    0    0    0    0    0    0    0    0    0    0    0     0  0.0000E+00
   0.2154E+01    0    0    0    0    0    0    0    0    0    0    0    0    0    0    0    0    0    0    0    0     0  0.0000E+00
   0.2610E+01    0    0    0    0    0    0    0    0    0    0    0    0    0    0    0    0    0    0    0    0     0  0.0000E+00
   0.3162E+01    0    0    0    0    0    0    0    0    0    0    0    0    0    0    0    0    0    0    0    0     0  0.0000E+00
   0.3831E+01    0    0    0    0    0    0    0    0    0    0    0    0    0    0    0    0    0    0    0    0     0  0.0000E+00
   0.4642E+01    0    0    0    0    0    0    0    0    0    0    0    0    0    0    0    0    0    0    0    0     0  0.0000E+00
   0.5623E+01    0    0    0    0    0    0    0    0    0    0    0    0    0    0    0    0    0    0    0    0     0  0.0000E+00
   0.6813E+01    0    0    0    0    0    0    0    0    0    0    0    0    0    0    0    0    0    0    0    0     0  0.0000E+00
   0.8254E+01    0    0    0    0    0    0    0    0    0    0    0    0    0    0    0    0    0    0    0    0     0  0.0000E+00
   0.1000E+02    0    0    0    0    0    0    0    0    0    0    0    0    0    0    0    0    0    0    0    0     0  0.0000E+00
   0.1212E+02    0    0    0    0    0    0    0    0    0    0    0    0    0    0    0    0    0    0    0    0     0  0.0000E+00
   0.1468E+02    0    0    0    0    0    0    0    0    0    0    0    0    0    0    0    0    0    0    0    0     0  0.0000E+00
   0.1778E+02    0    0    0    0    0    0    0    0    0    0    0    0    0    0    0    0    0    0    0    0     0  0.0000E+00
   0.2154E+02    0    0    0    0    0    0    0    0    0    0    0    0    0    0    0    0    0    0    0    0     0  0.0000E+00
   0.2610E+02    0    0    0    0    0    0    0    0    0    0    0    0    0    0    0    0    0    0    0    0     0  0.0000E+00
   0.3162E+02    0    0    0    0    0    0    0    0    0    0    0    0    0    0    0    0    0    0    0    0     0  0.0000E+00
   0.3831E+02    0    0    0    0    0    0    0    0    0    0    0    0    0    0    0    0    0    0    0    0     0  0.0000E+00
   0.4642E+02    0    0    0    0    0    0    0    0    0    0    0    0    0    0    0    0    0    0    0    0     0  0.0000E+00
   0.5623E+02    0    0    0    0    0    0    0    0    0    0    0    0    0    0    0    0    0    0    0    0     0  0.0000E+00
   0.6813E+02    0    0    0    0    0    0    0    0    0    0    0    0    0    0    0    0    0    0    0    0     0  0.0000E+00
   0.8254E+02    0    0    0    0    0    0    0    0    0    0    0    0    0    0    0    0    0    0    0    0     0  0.0000E+00
   0.1000E+03    0    0    0    0    0    0    0    0    0    0    0    0    0    0    0    0    0    0    0    0     0  0.0000E+00
   0.1212E+03    0    0    0    0    0    0    0    0    0    0    0    0    0    0    0    0    0    0    0    0     0  0.0000E+00
   0.1468E+03    0    0    0    0    0    0    0    0    0    0    0    0    0    0    0    0    0    0    0    0     0  0.0000E+00
   0.1778E+03    0    0    0    0    0    0    0    0    0    0    0    0    0    0    0    0    0    0    0    0     0  0.0000E+00
   0.2154E+03    0    0    0    0    0    0    0    0    0    0    0    0    0    0    0    0    0    0    0    0     0  0.0000E+00
   0.2610E+03    0    0    0    0    0    0    0    0    0    0    0    0    0    0    0    0    0    0    0    0     0  0.0000E+00
   0.3162E+03    0    0    0    0    0    0    0    0    0    0    0    0    0    0    0    0    0    0    0    0     0  0.0000E+00
   0.3831E+03    0    0    0    0    0    0    0    0    0    0    0    0    0    0    0    0    0    0    0    0     0  0.0000E+00
   0.4642E+03    0    0    0    0    0    0    0    0    0    0    0    0    0    0    0    0    0    0    0    0     0  0.0000E+00
   0.5623E+03    0    0    0    0    0    0    0    0    0    0    0    0    0    0    0    0    0    0    0    0     0  0.0000E+00
   0.6813E+03    0    0    0    0    0    0    0    0    0    0    0    0    0    0    0    0    0    0    0    0     0  0.0000E+00
   0.8254E+03    0    0    0    0    0    0    0    0    0    0    0    0    0    0    0    0    0    0    0    0     0  0.0000E+00
   0.1000E+04    0    0    0    0    0    0    0    0    0    0    0    0    0    0    0    0    0    0    0    0     0  0.0000E+00
   0.1212E+04    0    0    0    0    0    0    0    0    0    0    0    0    0    0    0    0    0    0    0    0     0  0.0000E+00
   0.1468E+04    0    0    0    0    0    0    0    0    0    0    0    0    0    0    0    0    0    0    0    0     0  0.0000E+00
   0.1778E+04    0    0    0    0    0    0    0    0    0    0    0    0    0    0    0    0    0    0    0    0     0  0.0000E+00
   0.2154E+04    0    0    0    0    0    0    0    0    0    0    0    0    0    0    0    0    0    0    0    0     0  0.0000E+00
   0.2610E+04    0    0    0    0    0    0    0    0    0    0    0    0    0    0    0    0    0    0    0    0     0  0.0000E+00
   0.3162E+04    0    0    0    0    0    0    0    0    0    0    0    0    0    0    0    0    0    0    0    0     0  0.0000E+00
   0.3831E+04    0    0    0    0    0    0    0    0    0    0    0    0    0    0    0    0    0    0    0    0     0  0.0000E+00
   0.4642E+04    0    0    0    0    0    0    0    0    0    0    0    0    0    0    0    0    0    0    0    0     0  0.0000E+00
   0.5623E+04    0    0    0    0    0    0    0    0    0    0    0    0    0    0    0    0    0    0    0    0     0  0.0000E+00
   0.6813E+04    0    0    0    0    0    0    0    0    0    0    0    0    0    0    0    0    0    0    0    0     0  0.0000E+00
   0.8254E+04    0    0    0    0    0    0    0    0    0    0    0    0    0    0    0    0    0    0    0    0     0  0.0000E+00
   0.1000E+05    0    0    0    0    0    0    0    0    0    0    0    0    0    0    0    0    0    0    0    0     0  0.0000E+00
   0.1212E+05    0    0    0    0    0    0    0    0    0    0    0    0    0    0    0    0    0    0    0    0     0  0.0000E+00
   0.1468E+05    0    0    0    0    0    0    0    0    0    0    0    0    0    0    0    0    0    0    0    0     0  0.0000E+00
   0.1778E+05    0    0    0    0    0    0    0    0    0    0    0    0    0    0    0    0    0    0    0    0     0  0.0000E+00
   0.2154E+05    0    0    0    0    0    0    0    0    0    0    0    0    0    0    0    0    0    0    0    0     0  0.0000E+00
   0.2610E+05    0    0    0    0    0    0    0    0    0    0    0    0    0    0    0    0    0    0    0    0     0  0.0000E+00
   0.3162E+05    0    0    0    0    0    0    0    0    0    0    0    0    0    0    0    0    0    0    0    0     0  0.0000E+00
   0.3831E+05    0    0    0    0    0    0    0    0    0    0    0    0    0    0    0    0    0    0    0    0     0  0.0000E+00
   0.4642E+05    0    0    0    0    0    0    0    0    0    0    0    0    0    0    0    0    0    0    0    0     0  0.0000E+00
   0.5623E+05    0    0    0    0    0    0    0    0    0    0    0    0    0    0    0    0    0    0    0    0     0  0.0000E+00
   0.6813E+05    0    0    0    0    0    0    0    0    0    0    0    0    0    0    0    0    0    0    0    0     0  0.0000E+00
   0.8254E+05    0    0    0    0    0    0    0    0    0    0    0    0    0    0    0    0    0    0    0    0     0  0.0000E+00
   0.1000E+06    0    0    0    0    0    0    0    0    0    0    0    0    0    0    0    0    0    0    0    0     0  0.0000E+00
   0.0000E+00  144  362  628  762  990 1338 1443 1840 2060 2404 2632 2830 3083 3129 3218 3333 3253 3516 3570 3442 43977  0.0000E+00
1ENERGY(E/E0 IN %) - POLAR ANGLE IN COS-INTERVALS (0.05)  (BACKWARD SPUTTERED PARTICLES) , 1.LAYER , SPECIES 1

     0    1    2    3    4    5    6    7    8    9   10   11   12   13   14   15   16   17   18   19   20      0
     1   35   86  146  151  210  283  298  375  412  494  545  574  653  684  676  742  729  853  905  931   9782
     2   18   45   89  100  128  187  187  255  292  308  351  363  410  395  415  429  433  483  449  453   5790
     3    7   26   38   61   77   86   92  110  138  181  184  203  206  203  240  230  236  216  202  175   2911
     4    3   12   28   29   37   46   68   76   74   88   88  108  105  111  125  125   82   94  109   85   1493
     5    4    7    8   12   13   39   29   47   41   46   58   66   64   73   63   59   65   66   64   37    861
     6    3    3    1   15   16   12   20   28   27   30   31   48   37   36   39   36   36   17   21   17    473
     7    1    1    2    9    3    9    6    9   18   26   20   17   21   16   17   19   20   14   17   12    257
     8    0    1    2    3    0    5    7    8   11   15   14    9   16   17   15   13   15    4   10    5    170
     9    0    0    0    0    5    1    8    6    8    5   10   13   15   14    7    8    6    8    5    3    122
    10    1    0    0    1    5    1    2    2    2    3    8    7   10    6    2    2    3    2    1    3     61
    11    0    0    0    0    1    0    3    3    3    2    4    6    4    4    6    2    1    0    0    0     39
    12    0    0    0    0    0    0    2    0    0    2    1    0    1    4    0    0    0    0    1    0     11
    13    0    0    0    0    0    0    0    0    1    1    0    1    0    0    2    1    0    1    0    0      7
    14    0    0    0    0    0    0    0    0    1    0    0    0    0    1    0    0    1    0    1    0      4
    15    0    0    0    0    0    0    0    0    1    0    1    0    0    0    1    0    0    0    0    0      3
    16    0    0    0    0    0    0    0    0    0    0    0    0    0    0    0    1    0    0    0    0      1
    17    0    0    0    0    0    0    0    1    0    1    1    0    0    0    0    0    0    0    0    0      3
    18    0    0    0    0    0    0    0    0    1    0    0    0    0    1    2    0    0    0    0    0      4
    19    0    0    0    0    0    0    0    0    0    0    0    0    0    0    0    0    0    0    0    0      0
    20    0    0    0    0    0    0    0    0    0    0    0    0    0    0    0    0    0    0    0    0      0
    21    0    0    0    0    0    0    0    0    0    0    0    0    0    0    0    0    0    0    0    0      0
    22    0    0    0    0    0    0    0    0    0    0    0    0    0    0    0    0    0    0    0    0      0
    23    0    0    0    0    0    0    0    0    0    0    0    0    0    0    0    0    0    0    0    0      0
    24    0    0    0    0    0    0    0    0    0    0    0    0    0    0    0    0    0    0    0    0      0
    25    0    0    0    0    0    0    0    0    0    0    0    0    0    0    0    0    0    0    0    0      0
    26    0    0    0    0    0    0    0    0    0    0    0    0    0    0    0    0    0    0    0    0      0
    27    0    0    0    0    0    0    0    0    0    0    0    0    0    0    0    0    0    0    0    0      0
    28    0    0    0    0    0    0    0    0    0    0    0    0    0    0    0    0    0    0    0    0      0
    29    0    0    0    0    0    0    0    0    0    0    0    0    0    0    0    0    0    0    0    0      0
    30    0    0    0    0    0    0    0    0    0    0    0    0    0    0    0    0    0    0    0    0      0
    31    0    0    0    0    0    0    0    0    0    0    0    0    0    0    0    0    0    0    0    0      0
    32    0    0    0    0    0    0    0    0    0    0    0    0    0    0    0    0    0    0    0    0      0
    33    0    0    0    0    0    0    0    0    0    0    0    0    0    0    0    0    0    0    0    0      0
    34    0    0    0    0    0    0    0    0    0    0    0    0    0    0    0    0    0    0    0    0      0
    35    0    0    0    0    0    0    0    0    0    0    0    0    0    0    0    0    0    0    0    0      0
    36    0    0    0    0    0    0    0    0    0    0    0    0    0    0    0    0    0    0    0    0      0
    37    0    0    0    0    0    0    0    0    0    0    0    0    0    0    0    0    0    0    0    0      0
    38    0    0    0    0    0    0    0    0    0    0    0    0    0    0    0    0    0    0    0    0      0
    39    0    0    0    0    0    0    0    0    0    0    0    0    0    0    0    0    0    0    0    0      0
    40    0    0    0    0    0    0    0    0    0    0    0    0    0    0    0    0    0    0    0    0      0
    41    0    0    0    0    0    0    0    0    0    0    0    0    0    0    0    0    0    0    0    0      0
    42    0    0    0    0    0    0    0    0    0    0    0    0    0    0    0    0    0    0    0    0      0
    43    0    0    0    0    0    0    0    0    0    0    0    0    0    0    0    0    0    0    0    0      0
    44    0    0    0    0    0    0    0    0    0    0    0    0    0    0    0    0    0    0    0    0      0
    45    0    0    0    0    0    0    0    0    0    0    0    0    0    0    0    0    0    0    0    0      0
    46    0    0    0    0    0    0    0    0    0    0    0    0    0    0    0    0    0    0    0    0      0
    47    0    0    0    0    0    0    0    0    0    0    0    0    0    0    0    0    0    0    0    0      0
    48    0    0    0    0    0    0    0    0    0    0    0    0    0    0    0    0    0    0    0    0      0
    49    0    0    0    0    0    0    0    0    0    0    0    0    0    0    0    0    0    0    0    0      0
    50    0    0    0    0    0    0    0    0    0    0    0    0    0    0    0    0    0    0    0    0      0
    51    0    0    0    0    0    0    0    0    0    0    0    0    0    0    0    0    0    0    0    0      0
    52    0    0    0    0    0    0    0    0    0    0    0    0    0    0    0    0    0    0    0    0      0
    53    0    0    0    0    0    0    0    0    0    0    0    0    0    0    0    0    0    0    0    0      0
    54    0    0    0    0    0    0    0    0    0    0    0    0    0    0    0    0    0    0    0    0      0
    55    0    0    0    0    0    0    0    0    0    0    0    0    0    0    0    0    0    0    0    0      0
    56    0    0    0    0    0    0    0    0    0    0    0    0    0    0    0    0    0    0    0    0      0
    57    0    0    0    0    0    0    0    0    0    0    0    0    0    0    0    0    0    0    0    0      0
    58    0    0    0    0    0    0    0    0    0    0    0    0    0    0    0    0    0    0    0    0      0
    59    0    0    0    0    0    0    0    0    0    0    0    0    0    0    0    0    0    0    0    0      0
    60    0    0    0    0    0    0    0    0    0    0    0    0    0    0    0    0    0    0    0    0      0
    61    0    0    0    0    0    0    0    0    0    0    0    0    0    0    0    0    0    0    0    0      0
    62    0    0    0    0    0    0    0    0    0    0    0    0    0    0    0    0    0    0    0    0      0
    63    0    0    0    0    0    0    0    0    0    0    0    0    0    0    0    0    0    0    0    0      0
    64    0    0    0    0    0    0    0    0    0    0    0    0    0    0    0    0    0    0    0    0      0
    65    0    0    0    0    0    0    0    0    0    0    0    0    0    0    0    0    0    0    0    0      0
    66    0    0    0    0    0    0    0    0    0    0    0    0    0    0    0    0    0    0    0    0      0
    67    0    0    0    0    0    0    0    0    0    0    0    0    0    0    0    0    0    0    0    0      0
    68    0    0    0    0    0    0    0    0    0    0    0    0    0    0    0    0    0    0    0    0      0
    69    0    0    0    0    0    0    0    0    0    0    0    0    0    0    0    0    0    0    0    0      0
    70    0    0    0    0    0    0    0    0    0    0    0    0    0    0    0    0    0    0    0    0      0
    71    0    0    0    0    0    0    0    0    0    0    0    0    0    0    0    0    0    0    0    0      0
    72    0    0    0    0    0    0    0    0    0    0    0    0    0    0    0    0    0    0    0    0      0
    73    0    0    0    0    0    0    0    0    0    0    0    0    0    0    0    0    0    0    0    0      0
    74    0    0    0    0    0    0    0    0    0    0    0    0    0    0    0    0    0    0    0    0      0
    75    0    0    0    0    0    0    0    0    0    0    0    0    0    0    0    0    0    0    0    0      0
    76    0    0    0    0    0    0    0    0    0    0    0    0    0    0    0    0    0    0    0    0      0
    77    0    0    0    0    0    0    0    0    0    0    0    0    0    0    0    0    0    0    0    0      0
    78    0    0    0    0    0    0    0    0    0    0    0    0    0    0    0    0    0    0    0    0      0
    79    0    0    0    0    0    0    0    0    0    0    0    0    0    0    0    0    0    0    0    0      0
    80    0    0    0    0    0    0    0    0    0    0    0    0    0    0    0    0    0    0    0    0      0
    81    0    0    0    0    0    0    0    0    0    0    0    0    0    0    0    0    0    0    0    0      0
    82    0    0    0    0    0    0    0    0    0    0    0    0    0    0    0    0    0    0    0    0      0
    83    0    0    0    0    0    0    0    0    0    0    0    0    0    0    0    0    0    0    0    0      0
    84    0    0    0    0    0    0    0    0    0    0    0    0    0    0    0    0    0    0    0    0      0
    85    0    0    0    0    0    0    0    0    0    0    0    0    0    0    0    0    0    0    0    0      0
    86    0    0    0    0    0    0    0    0    0    0    0    0    0    0    0    0    0    0    0    0      0
    87    0    0    0    0    0    0    0    0    0    0    0    0    0    0    0    0    0    0    0    0      0
    88    0    0    0    0    0    0    0    0    0    0    0    0    0    0    0    0    0    0    0    0      0
    89    0    0    0    0    0    0    0    0    0    0    0    0    0    0    0    0    0    0    0    0      0
    90    0    0    0    0    0    0    0    0    0    0    0    0    0    0    0    0    0    0    0    0      0
    91    0    0    0    0    0    0    0    0    0    0    0    0    0    0    0    0    0    0    0    0      0
    92    0    0    0    0    0    0    0    0    0    0    0    0    0    0    0    0    0    0    0    0      0
    93    0    0    0    0    0    0    0    0    0    0    0    0    0    0    0    0    0    0    0    0      0
    94    0    0    0    0    0    0    0    0    0    0    0    0    0    0    0    0    0    0    0    0      0
    95    0    0    0    0    0    0    0    0    0    0    0    0    0    0    0    0    0    0    0    0      0
    96    0    0    0    0    0    0    0    0    0    0    0    0    0    0    0    0    0    0    0    0      0
    97    0    0    0    0    0    0    0    0    0    0    0    0    0    0    0    0    0    0    0    0      0
    98    0    0    0    0    0    0    0    0    0    0    0    0    0    0    0    0    0    0    0    0      0
    99    0    0    0    0    0    0    0    0    0    0    0    0    0    0    0    0    0    0    0    0      0
   100    0    0    0    0    0    0    0    0    0    0    0    0    0    0    0    0    0    0    0    0      0
     0   72  181  314  381  495  669  722  920 1030 1202 1316 1415 1542 1565 1610 1667 1627 1758 1785 1721  21992
1AZIMUTHAL ANGLE - POLAR ANGLE IN COS-INTERVALS (0.05) (BACKWARD SPUTTERED PARTICLES) , 1.LAYER , SPECIES 1

     0    1    2    3    4    5    6    7    8    9   10   11   12   13   14   15   16   17   18   19   20      0
     3    2    4    5    7    6    6   10   11   19   20   18   23   20   28   31   18   26   24   30   30    338
     6    1    4    7    7    4   14   18   21   15   25   27   30   19   30   28   28   23   27   35   26    389
     9    0    2    4    8   17   14   14   17   16   23   22   15   24   17   22   26   29   33   27   29    359
    12    1    3    5    4    9   12   11   10   14   18   23   25   22   20   26   21   28   28   18   34    332
    15    0    2    4    4    6   10   11   14   28   19   16   17   29   26   24   27   19   38   21   36    351
    18    2    4    9    5    8   13   12   16   24   14   22   30   28   29   25   26   26   34   25   32    384
    21    0    6    3    8    3    8   12   14   25   15   14   14   23   32   28   35   18   24   26   36    344
    24    3    3    7    6   10   11    9   14   17   16   22   18   29   29   30   24   27   20   26   33    354
    27    4   10    3    8    7    7   12   13   17   19   23   26   23   26   24   35   23   19   39   33    371
    30    2    1    8   11   13   13   18   18   18   15   28   22   28   26   28   37   20   22   18   21    367
    33    1    3    7    5    8   10    9   11   19   21   23   25   22   27   28   23   28   28   33   24    355
    36    0    5    7    7   11    9   10   16   11   21   18   23   32   19   22   24   28   28   30   30    351
    39    0    1    4    6   13   12    8   16   13   24   19   18   27   18   22   28   30   38   39   27    363
    42    0    1    4    7   12   13    8   16   17   23   17   27   27   26   23   27   20   32   34   33    367
    45    4    2    3    4    3   14   12   12   14   23   21   29   30   32   29   23   32   35   35   28    385
    48    2    6    5    8    9   12   12   17   15   22   24   15   24   26   29   32   31   41   37   26    393
    51    1    3   11    6    7   17   11   16    8   21   28   20   27   27   33   31   14   39   42   42    404
    54    2    3    2    4   10   12   10   12   16   18   10   29   25   32   29   30   28   28   29   38    367
    57    1    2    8    5   12   13   11   14   20   15   23   25   34   25   32   34   28   22   34   23    381
    60    4    0    9    6    5   10   13   22   19   14   16   31   27   27   23   34   29   29   20   32    370
    63    1    5    6    5    7   12    9   13   16   23   21   28   26   32   24   26   27   28   37   25    371
    66    1    2    4    3    9   10   12   17   18   19   14   28   29   14   24   27   21   20   36   29    337
    69    1    5    4    4   15   10    6   20   17   20   21   22   25   29   23   27   35   44   25   29    382
    72    4    2    3   10    6    8   14   11   19   17   32   25   32   25   23   24   30   28   30   40    383
    75    0    4    4    4    6   10    8   24   24   29   19   26   37   33   32   31   25   30   15   28    389
    78    2    3    9    2    2    8   14    8   15   32   27   26   13   27   21   26   31   32   33   35    366
    81    1    4   10    9    6   14   15   16   15   15   23   24   26   26   22   29   20   21   37   23    356
    84    0    1    6    6    5   15   15   20   16   15   19   20   17   32   32   26   30   33   32   28    368
    87    0    0    4    8    9    7   13   17   12   12   25   20   27   23   24   20   25   34   26   21    327
    90    1    3    6    4   16    9   12   11   17   27   28   24   29   24   35   19   30   21   25   41    382
    93    3    2    1    4   10   12    5   14   11   11   27   28   17   32   22   19   26   32   39   24    339
    96    0    2    7    7   12   12   10   16   18   19   20   24   26   20   32   25   27   31   30   26    364
    99    1    6    3    3    3   12   16   10   17   16   29   22   18   28   25   36   30   30   30   22    357
   102    0    1   12    5    9    9   17   13   13   14   23   23   31   29   30   28   27   28   20   27    359
   105    0    2    5    6    5    9   14   14   16   25   28   26   17   21   25   34   29   30   33   25    364
   108    0    4    3   11    6   16   18   16   22   17   22   29   25   33   30   21   31   33   23   20    380
   111    0    5    4    5   10   17    9   13   16   15   25   22   26   29   43   14   23   25   29   37    367
   114    2    1    2    7    8   14   11   18   15   28   24   22   21   21   28   20   22   24   27   38    353
   117    0    3    5    6    6   14   14   18   24   22   21   19   22   21   24   25   26   25   32   23    350
   120    0    2    4   13    5   12   13   13   24   16   21   27   25   32   24   30   28   33   29   25    376
   123    2    3    6    5    6   11   10   16   17   35   26   14   21   27   20   22   30   27   27   21    346
   126    0    3    6    6    5   12   11   12   15   21   21   24   24   21   33   26   36   24   34   20    354
   129    3    4    5    4    8   10   14   24   18   13   29   26   17   26   28   20   32   19   31   34    365
   132    0    1    8   10   10    8   11   16    8   22   22   17   25   37   24   24   29   31   37   30    370
   135    2    2    4    7    7    9    9   13   12   24   19   25   23   31   33   39   20   35   22   32    368
   138    2    2    4    3    9    5   12   12   16   17   21   17   23   25   25   36   36   27   25   20    337
   141    0    1    5    6    7   13   12   16   20   26   18   23   33   26   25   37   20   30   29   33    380
   144    0    0    5    5    7    4   12   10   20   17   23   34   24   37   13   24   28   30   33   27    353
   147    1    4    4    3    5   15   14   10   18   25   28   25   29   24   25   42   26   31   34   27    390
   150    1    5    1    8    6   17   15   21   18   27   20   29   33   26   29   35   31   26   24   37    409
   153    1    7   10    7   12   13   10   17   19   13   22   22   22   20   27   31   44   33   33   18    381
   156    2    3    4    2   11    6   10   15   18   23   18   27   39   21   32   29   30   31   20   24    365
   159    1    2    6   11    5   15   11   11   26   16   18   25   31   22   26   30   20   36   27   23    362
   162    1    4    2   10    9   10   21   21   22   18   16   27   24   30   34   29   30   26   26   24    384
   165    2    3    5    4   10    8   14   26   17   16   20   17   23   26   17   33   26   35   36   21    359
   168    1    1    5   12    7   10   12   11   14   17   27   20   33   20   28   33   25   24   33   27    360
   171    1    3    2    9   10    6   14   16   18   20   26   25   23   28   26   21   23   32   24   37    364
   174    1    5    1    5   12   12   10   15   16   19   22   21   35   18   34   24   32   31   26   26    365
   177    2    2   11    7   11   13    9   21   15   27   21   23   29   24   22   31   30   30   40   25    393
   180    2    4    3    9   10   12   15   15   13   28   16   27   22   23   30   31   29   29   38   36    392
     0   72  181  314  381  495  669  722  920 1030 1202 1316 1415 1542 1565 1610 1667 1627 1758 1785 1721  21992
