1
      *** PROGRAM TRVMC95 ***


                              * INPUT DATA *


       Z1        M1          E0       ALPHA       EF        ESB      SHEATH     ERC
     18.00     39.95      7728.00      0.00      0.10      0.00  23184.00      4.70

       NH        RI           X0        RD        CW        CA       KK0   KK0R   KDEE1  KDEE2  IPOT   IPOTR   IRL
     99999 716381.00         0.00    100.00      2.00      1.00       2      2      3      3      1      1      3


             DX      RHO    CK  Z(,1) Z(,2) Z(,3) Z(,4) Z(,5)  M(,1)  M(,2)  M(,3)  M(,4)  M(,5) C(,1) C(,2) C(,3) C(,4) C(,5)

 1.LAYER 10000.00   2.25   1.00    6.    0.    0.    0.    0.  12.01   0.00   0.00   0.00   0.00 1.000 0.000 0.000 0.000 0.000


                           ***  SBE(LAYER,ELEMENT)  ***     ***     ED(LAYER,ELEMENT)     ***     ***   BE(LAYER,ELEMENT)  ***

 1.LAYER                   7.41  0.00  0.00  0.00  0.00     30.00   0.00   0.00   0.00   0.00     0.10  0.00  0.00  0.00  0.00


       INTERACTION POTENTIAL : PROJECTILE-TARGET : KR-C POTENTIAL     TARGET-TARGET : KR-C POTENTIAL    


       INELASTIC LOSS MODEL  : PROJECTILE-TARGET : 50% LS 50% OR      TARGET-TARGET : 50% LS 50% OR     
1

                              * OUTPUT DATA *


                 HLM       HLMT        SU       SUT        XC        RT       SFE      INEL         L        LJ
               0.0000 10000.000    3.5029 10003.503   -3.5029  9900.000      7.41         0         1         1


                NPROJ       KIB       KIT      MAXA      NALL       NPA       NSA       KIS      KIST
                92272         0         0       298 105098562   3728333  58564340    107013         0


            EPS0(I)       Z2(I)       M2(I)     ARHO(I)       LM(I)     PMAX(I)     ASIG(I)       SB(I)       XX(I)        NJ(I)

 1.LAYER   0.1515E+00  0.6000E+01  0.1201E+02  0.1128E+00  0.2070E+01  0.1168E+01  0.2335E+00  0.7410E+01  0.1000E+05         1


             A1(1)   A1(2)   A1(3)   A1(4)   A1(5)   A1(6)   A1(7)   A1(8)   A1(9)  A1(10)  A1(11)  A1(12)  A1(13)  A1(14)  A1(15)

           0.13193


           KOR1(1) KOR1(2) KOR1(3) KOR1(4) KOR1(5) KOR1(6) KOR1(7) KOR1(8) KOR1(9) KOR1(A) KOR1(B) KOR1(C) KOR1(D) KOR1(E) KOR1(F)

           0.73577


            A(I,1)  A(I,2)  A(I,3)  A(I,4)  A(I,5)  A(I,6)  A(I,7)  A(I,8)  A(I,9) A(I,10) A(I,11) A(I,12) A(I,13) A(I,14) A(I,15)

           0.16242


           KOR(,1) KOR(,2) KOR(,3) KOR(,4) KOR(,5) KOR(,6) KOR(,7) KOR(,8) KOR(,9) KOR(,A) KOR(,B) KOR(,C) KOR(,D) KOR(,E) KOR(,F)

           0.46963
1

         IMPLANTED PARTICLES=  99999     ENERGY=0.7728E+09 EV
     BACKSCATTERED PARTICLES=      0     ENERGY=0.0000E+00 EV
       TRANSMITTED PARTICLES=      0     ENERGY=0.0000E+00 EV
     BACKSPUTTERED PARTICLES=  75450     ENERGY=0.3400E+07 EV
    TRANSM. SPUTT. PARTICLES=      0     ENERGY=0.0000E+00 EV


  PROJECTILES :   MEAN NUMBER OF ELASTIC COLLISIONS =     57.3   MEAN NUMBER OF EL.COLL.(E > EDISPL.) =   22.723
                                                                 MEAN NUMBER OF EL.COLL.(E > SB(1))   =   40.667

                       MEAN        VARIANCE      SKEWNESS      KURTOSIS        SIGMA       ERROR 1.M     ERROR 2.M     ERROR 3.M 
  PENETRATION       1.0218E+02    1.0687E+03    3.9944E-01    3.0048E+00    3.2690E+01    1.0338E-01    4.7850E+00    7.3490E-03
       SPREAD       3.1741E+01    3.2099E+02    8.5055E-01    3.8269E+00    1.7916E+01    5.6656E-02    1.7067E+00    9.9977E-03
   PATHLENGTH       1.1670E+02    1.1963E+03    3.4795E-01    2.9424E+00    3.4588E+01    1.0938E-01    5.2726E+00    7.1062E-03
 ELASTIC LOSS       7.0579E+03    5.6033E+04                                2.3671E+02    2.3672E-03
   INEL. LOSS       6.7006E+02    5.6033E+04                                2.3671E+02    2.3672E-03

                       MEAN        VARIANCE      SKEWNESS      KURTOSIS        SIGMA       ERROR 1.M     ERROR 2.M     ERROR 3.M 
   ELAST.LOSS       1.2148E+02    1.2595E+05    6.4305E+00    5.6936E+01    3.5490E+02    1.4823E-01    3.9345E+02    9.6793E-03
 WEAK EL.LOSS       1.6460E+00    4.4541E+00    2.1922E+00    7.8442E+00    2.1105E+00    8.8149E-04    4.8670E-03    1.5103E-03
 INELAST.LOSS       1.1689E+01    4.2609E+01    8.9905E-02    2.4230E+00    6.5276E+00    2.7264E-03    2.1230E-02    7.3470E-04
  SUBTHR.LOSS       1.0037E+01    5.9021E+01    8.3183E-01    2.6596E+00    7.6825E+00    4.1301E-03    4.0876E-02    9.1235E-04

                     1.MOMENT      2.MOMENT      3.MOMENT      4.MOMENT      5.MOMENT      6.MOMENT 
  PENETRATION       1.0218E+02    1.1510E+04    1.4085E+06    1.8512E+08    2.5892E+10    3.8260E+12



  RECOILES (PER PROJ.)   :   MEAN NUMBER OF ELASTIC COLLISIONS =   1043.6   MEAN NUMBER OF EL.COLL.(E > EDISPL.) =     58.695
                                                                            MEAN NUMBER OF EL.COLL.(E > SB(1))   =    329.860

  RECOILES (PER KNOCKON) :   MEAN NUMBER OF ELASTIC COLLISIONS =    1.675   MEAN NUMBER OF EL.COLL.(E > EDISPL.) =      0.094
                                                                            MEAN NUMBER OF EL.COLL.(E > SB(1))   =      0.530

1


     DEPTH(A)  PARTICLES  NORM.DEPTH PATHLENGTH   INLOSS(EV)  TELOSS(EV)  ELLOSS(EV)  DAMAGE(EV)  PHONON(EV)  CASCAD(EV)     DPA

    -SU-    0.         0  0.0000E+00
     0.-    2.         0  0.0000E+00         0    1.8885E+06  1.5331E+07  1.5296E+07  1.4831E+07  4.6546E+05  1.1923E+07   30808
     2.-    4.         1  0.1000E-04         0    1.8889E+06  1.5569E+07  1.5532E+07  1.5065E+07  4.6733E+05  1.2114E+07   31177
     4.-    6.         0  0.0000E+00         0    1.8665E+06  1.5534E+07  1.5496E+07  1.5025E+07  4.7112E+05  1.2086E+07   31570
     6.-    8.         0  0.0000E+00         0    1.8490E+06  1.5471E+07  1.5432E+07  1.4957E+07  4.7505E+05  1.2047E+07   32002
     8.-   10.         0  0.0000E+00         0    1.8250E+06  1.5534E+07  1.5493E+07  1.5016E+07  4.7781E+05  1.2103E+07   32665
    10.-   12.         0  0.0000E+00         0    1.8080E+06  1.5378E+07  1.5336E+07  1.4849E+07  4.8660E+05  1.1981E+07   32891
    12.-   14.         1  0.1000E-04         0    1.7824E+06  1.5246E+07  1.5202E+07  1.4710E+07  4.9128E+05  1.1883E+07   33168
    14.-   16.         2  0.2000E-04         0    1.7629E+06  1.5531E+07  1.5485E+07  1.4991E+07  4.9319E+05  1.2113E+07   33803
    16.-   18.         6  0.6000E-04         0    1.7383E+06  1.5448E+07  1.5399E+07  1.4898E+07  5.0019E+05  1.2041E+07   34012
    18.-   20.         5  0.5000E-04         0    1.7162E+06  1.5346E+07  1.5294E+07  1.4790E+07  5.0380E+05  1.1972E+07   34597
    20.-   22.        13  0.1300E-03         0    1.6960E+06  1.5426E+07  1.5371E+07  1.4861E+07  5.0970E+05  1.2042E+07   35536
    22.-   24.        15  0.1500E-03         2    1.6657E+06  1.5165E+07  1.5107E+07  1.4588E+07  5.1904E+05  1.1831E+07   35662
    24.-   26.        33  0.3300E-03         4    1.6455E+06  1.5354E+07  1.5292E+07  1.4766E+07  5.2565E+05  1.1976E+07   36472
    26.-   28.        69  0.6900E-03        10    1.6177E+06  1.5042E+07  1.4976E+07  1.4444E+07  5.3157E+05  1.1737E+07   36929
    28.-   30.        77  0.7700E-03        18    1.5940E+06  1.5048E+07  1.4977E+07  1.4439E+07  5.3770E+05  1.1744E+07   37548
    30.-   32.       109  0.1090E-02        21    1.5677E+06  1.5133E+07  1.5057E+07  1.4513E+07  5.4429E+05  1.1809E+07   38285
    32.-   34.       150  0.1500E-02        36    1.5361E+06  1.5008E+07  1.4927E+07  1.4372E+07  5.5446E+05  1.1704E+07   38375
    34.-   36.       196  0.1960E-02        58    1.5158E+06  1.4657E+07  1.4570E+07  1.4008E+07  5.6191E+05  1.1431E+07   39479
    36.-   38.       245  0.2450E-02        64    1.4817E+06  1.4788E+07  1.4694E+07  1.4122E+07  5.7228E+05  1.1521E+07   39863
    38.-   40.       324  0.3240E-02        97    1.4551E+06  1.4753E+07  1.4654E+07  1.4074E+07  5.7965E+05  1.1493E+07   40427
    40.-   42.       360  0.3600E-02       117    1.4272E+06  1.4713E+07  1.4607E+07  1.4022E+07  5.8421E+05  1.1462E+07   41125
    42.-   44.       461  0.4610E-02       174    1.3948E+06  1.4283E+07  1.4170E+07  1.3581E+07  5.8950E+05  1.1118E+07   41547
    44.-   46.       547  0.5470E-02       197    1.3634E+06  1.4319E+07  1.4199E+07  1.3603E+07  5.9617E+05  1.1146E+07   42158
    46.-   48.       645  0.6450E-02       223    1.3278E+06  1.3964E+07  1.3838E+07  1.3233E+07  6.0453E+05  1.0854E+07   42144
    48.-   50.       699  0.6990E-02       297    1.2992E+06  1.3959E+07  1.3827E+07  1.3213E+07  6.1342E+05  1.0840E+07   42440
    50.-   52.       771  0.7710E-02       311    1.2657E+06  1.3691E+07  1.3550E+07  1.2928E+07  6.2176E+05  1.0618E+07   42843
    52.-   54.       874  0.8740E-02       369    1.2319E+06  1.3596E+07  1.3449E+07  1.2828E+07  6.2135E+05  1.0543E+07   43179
    54.-   56.      1005  0.1005E-01       490    1.1958E+06  1.3218E+07  1.3066E+07  1.2443E+07  6.2283E+05  1.0240E+07   43146
    56.-   58.      1156  0.1156E-01       548    1.1591E+06  1.2904E+07  1.2745E+07  1.2119E+07  6.2603E+05  9.9847E+06   43011
    58.-   60.      1252  0.1252E-01       607    1.1294E+06  1.2662E+07  1.2495E+07  1.1860E+07  6.3536E+05  9.7796E+06   43383
    60.-   62.      1287  0.1287E-01       652    1.0910E+06  1.2416E+07  1.2244E+07  1.1611E+07  6.3301E+05  9.5833E+06   43260
    62.-   64.      1460  0.1460E-01       780    1.0535E+06  1.2015E+07  1.1838E+07  1.1206E+07  6.3277E+05  9.2599E+06   42945
    64.-   66.      1507  0.1507E-01       810    1.0216E+06  1.2131E+07  1.1948E+07  1.1316E+07  6.3265E+05  9.3474E+06   43046
    66.-   68.      1686  0.1686E-01       841    9.8425E+05  1.1660E+07  1.1473E+07  1.0844E+07  6.2922E+05  8.9689E+06   42655
    68.-   70.      1683  0.1683E-01      1068    9.4326E+05  1.1227E+07  1.1037E+07  1.0414E+07  6.2283E+05  8.6237E+06   41876
    70.-   72.      1845  0.1845E-01      1154    9.1124E+05  1.0946E+07  1.0755E+07  1.0131E+07  6.2396E+05  8.3892E+06   41349
    72.-   74.      1937  0.1937E-01      1221    8.7295E+05  1.0725E+07  1.0529E+07  9.9141E+06  6.1499E+05  8.2155E+06   40946
    74.-   76.      2001  0.2001E-01      1363    8.3679E+05  1.0397E+07  1.0198E+07  9.5870E+06  6.1143E+05  7.9495E+06   40161
    76.-   78.      2028  0.2028E-01      1477    8.0321E+05  1.0126E+07  9.9243E+06  9.3202E+06  6.0411E+05  7.7321E+06   39640
    78.-   80.      2185  0.2185E-01      1565    7.6647E+05  9.5778E+06  9.3733E+06  8.7721E+06  6.0111E+05  7.2881E+06   38734
    80.-   82.      2203  0.2203E-01      1619    7.2813E+05  9.2094E+06  9.0071E+06  8.4241E+06  5.8295E+05  7.0046E+06   37817
    82.-   84.      2329  0.2329E-01      1706    6.9392E+05  8.8104E+06  8.6086E+06  8.0339E+06  5.7477E+05  6.6843E+06   36564
    84.-   86.      2385  0.2385E-01      1764    6.6133E+05  8.5115E+06  8.3102E+06  7.7548E+06  5.5542E+05  6.4575E+06   36203
    86.-   88.      2353  0.2353E-01      1950    6.2908E+05  8.1679E+06  7.9697E+06  7.4243E+06  5.4533E+05  6.1843E+06   34929
    88.-   90.      2282  0.2282E-01      1956    5.9398E+05  7.8221E+06  7.6277E+06  7.0974E+06  5.3033E+05  5.9145E+06   33602
    90.-   92.      2406  0.2406E-01      1906    5.6192E+05  7.4072E+06  7.2136E+06  6.6971E+06  5.1653E+05  5.5869E+06   32776
    92.-   94.      2433  0.2433E-01      2128    5.3297E+05  7.1046E+06  6.9126E+06  6.4060E+06  5.0661E+05  5.3484E+06   31637
    94.-   96.      2453  0.2453E-01      2101    4.9970E+05  6.7811E+06  6.5943E+06  6.1115E+06  4.8280E+05  5.0997E+06   30243
    96.-   98.      2380  0.2380E-01      2179    4.7215E+05  6.3081E+06  6.1245E+06  5.6516E+06  4.7284E+05  4.7259E+06   29172
    98.-  100.      2321  0.2321E-01      2280    4.4371E+05  6.0357E+06  5.8553E+06  5.3985E+06  4.5685E+05  4.5133E+06   27827
   100.-  102.      2361  0.2361E-01      2227    4.1601E+05  5.7031E+06  5.5281E+06  5.0932E+06  4.3495E+05  4.2620E+06   26762
   102.-  104.      2429  0.2429E-01      2172    3.8939E+05  5.4184E+06  5.2486E+06  4.8275E+06  4.2112E+05  4.0390E+06   25283
   104.-  106.      2277  0.2277E-01      2145    3.6379E+05  5.0309E+06  4.8677E+06  4.4694E+06  3.9825E+05  3.7458E+06   24344
   106.-  108.      2250  0.2250E-01      2073    3.3988E+05  4.7618E+06  4.6031E+06  4.2172E+06  3.8591E+05  3.5340E+06   22992
   108.-  110.      2213  0.2213E-01      2174    3.1673E+05  4.4487E+06  4.2951E+06  3.9271E+06  3.6800E+05  3.2937E+06   21861
   110.-  112.      2153  0.2153E-01      2263    2.9524E+05  4.1487E+06  4.0007E+06  3.6489E+06  3.5176E+05  3.0633E+06   20692
   112.-  114.      2190  0.2190E-01      2098    2.7295E+05  3.9085E+06  3.7678E+06  3.4398E+06  3.2797E+05  2.8897E+06   19767
   114.-  116.      2021  0.2021E-01      2214    2.5357E+05  3.6109E+06  3.4760E+06  3.1633E+06  3.1261E+05  2.6575E+06   18447
   116.-  118.      1982  0.1982E-01      2299    2.3355E+05  3.3467E+06  3.2188E+06  2.9247E+06  2.9414E+05  2.4593E+06   17293
   118.-  120.      1873  0.1873E-01      2148    2.1673E+05  3.1774E+06  3.0567E+06  2.7808E+06  2.7590E+05  2.3371E+06   16333
   120.-  122.      1878  0.1878E-01      2040    1.9994E+05  2.9496E+06  2.8334E+06  2.5675E+06  2.6597E+05  2.1574E+06   15147
   122.-  124.      1718  0.1718E-01      2074    1.8321E+05  2.6933E+06  2.5842E+06  2.3361E+06  2.4813E+05  1.9660E+06   14146
   124.-  126.      1683  0.1683E-01      1933    1.6980E+05  2.5457E+06  2.4417E+06  2.2097E+06  2.3197E+05  1.8610E+06   13458
   126.-  128.      1554  0.1554E-01      1975    1.5588E+05  2.3449E+06  2.2469E+06  2.0298E+06  2.1713E+05  1.7094E+06   12532
   128.-  130.      1577  0.1577E-01      2036    1.4141E+05  2.2032E+06  2.1105E+06  1.9071E+06  2.0346E+05  1.6046E+06   11606
   130.-  132.      1475  0.1475E-01      1997    1.2936E+05  1.9714E+06  1.8842E+06  1.6940E+06  1.9020E+05  1.4287E+06   10723
   132.-  134.      1403  0.1403E-01      1938    1.1801E+05  1.8117E+06  1.7302E+06  1.5527E+06  1.7754E+05  1.3091E+06    9807
   134.-  136.      1239  0.1239E-01      1924    1.0739E+05  1.6543E+06  1.5785E+06  1.4173E+06  1.6123E+05  1.1963E+06    9279
   136.-  138.      1274  0.1274E-01      1821    9.7093E+04  1.5203E+06  1.4490E+06  1.2976E+06  1.5141E+05  1.0955E+06    8456
   138.-  140.      1175  0.1175E-01      1670    8.7969E+04  1.3756E+06  1.3091E+06  1.1662E+06  1.4281E+05  9.8425E+05    7682
   140.-  142.      1120  0.1120E-01      1736    7.9263E+04  1.2388E+06  1.1766E+06  1.0475E+06  1.2908E+05  8.8499E+05    7074
   142.-  144.      1060  0.1060E-01      1571    7.2463E+04  1.1257E+06  1.0678E+06  9.4655E+05  1.2126E+05  8.0064E+05    6470
   144.-  146.       917  0.9170E-02      1509    6.4689E+04  1.0197E+06  9.6760E+05  8.5758E+05  1.1002E+05  7.2547E+05    5864
   146.-  148.       919  0.9190E-02      1409    5.8373E+04  9.2096E+05  8.7278E+05  7.7269E+05  1.0009E+05  6.5387E+05    5363
   148.-  150.       845  0.8450E-02      1385    5.2732E+04  8.6382E+05  8.1902E+05  7.2576E+05  9.3257E+04  6.1334E+05    4887
   150.-  152.       757  0.7570E-02      1326    4.6699E+04  7.5432E+05  7.1411E+05  6.2994E+05  8.4169E+04  5.3293E+05    4377
   152.-  154.       692  0.6920E-02      1240    4.1750E+04  6.7322E+05  6.3627E+05  5.6206E+05  7.4214E+04  4.7660E+05    4080
   154.-  156.       655  0.6550E-02      1161    3.7251E+04  6.1425E+05  5.7966E+05  5.1088E+05  6.8775E+04  4.3302E+05    3699
   156.-  158.       601  0.6010E-02      1131    3.3688E+04  5.4487E+05  5.1356E+05  4.4980E+05  6.3765E+04  3.8157E+05    3330
   158.-  160.       531  0.5310E-02      1044    2.9144E+04  4.7220E+05  4.4318E+05  3.8509E+05  5.8081E+04  3.2689E+05    2919
   160.-  162.       533  0.5330E-02       901    2.6015E+04  4.1818E+05  3.9253E+05  3.4164E+05  5.0883E+04  2.9039E+05    2660
   162.-  164.       477  0.4770E-02       846    2.3064E+04  3.8149E+05  3.5812E+05  3.1173E+05  4.6391E+04  2.6449E+05    2342
   164.-  166.       427  0.4270E-02       794    2.0343E+04  3.3841E+05  3.1741E+05  2.7582E+05  4.1597E+04  2.3457E+05    2118
   166.-  168.       413  0.4130E-02       739    1.8095E+04  3.1143E+05  2.9254E+05  2.5514E+05  3.7394E+04  2.1627E+05    1859
   168.-  170.       347  0.3470E-02       703    1.5808E+04  2.6773E+05  2.5130E+05  2.1864E+05  3.2667E+04  1.8553E+05    1645
   170.-  172.       330  0.3300E-02       650    1.3493E+04  2.2186E+05  2.0724E+05  1.7736E+05  2.9872E+04  1.5074E+05    1402
   172.-  174.       264  0.2640E-02       557    1.2179E+04  2.0117E+05  1.8802E+05  1.6203E+05  2.5994E+04  1.3790E+05    1278
   174.-  176.       266  0.2660E-02       595    1.0795E+04  1.8035E+05  1.6816E+05  1.4400E+05  2.4158E+04  1.2239E+05    1124
   176.-  178.       225  0.2250E-02       496    9.2102E+03  1.6733E+05  1.5667E+05  1.3669E+05  1.9975E+04  1.1608E+05    1037
   178.-  180.       215  0.2150E-02       483    7.9936E+03  1.3462E+05  1.2500E+05  1.0623E+05  1.8774E+04  9.0497E+04     867
   180.-  182.       163  0.1630E-02       468    7.0484E+03  1.2344E+05  1.1516E+05  9.7949E+04  1.7210E+04  8.3152E+04     741
   182.-  184.       172  0.1720E-02       406    6.0259E+03  1.0734E+05  9.9842E+04  8.5188E+04  1.4654E+04  7.2442E+04     680
   184.-  186.       147  0.1470E-02       324    5.3332E+03  1.0022E+05  9.3359E+04  8.0656E+04  1.2703E+04  6.8592E+04     640
   186.-  188.       125  0.1250E-02       315    4.3858E+03  7.6905E+04  7.1257E+04  6.0395E+04  1.0862E+04  5.1486E+04     517
   188.-  190.       127  0.1270E-02       321    3.7555E+03  6.7959E+04  6.2975E+04  5.3143E+04  9.8323E+03  4.5193E+04     434
   190.-  192.       124  0.1240E-02       292    3.3212E+03  5.7631E+04  5.3023E+04  4.4303E+04  8.7200E+03  3.7888E+04     392
   192.-  194.        90  0.9000E-03       243    2.8070E+03  4.8532E+04  4.4816E+04  3.7606E+04  7.2094E+03  3.2056E+04     329
   194.-  196.        73  0.7300E-03       202    2.4111E+03  4.6696E+04  4.3561E+04  3.7408E+04  6.1539E+03  3.1730E+04     281
   196.-  198.        63  0.6300E-03       210    1.9712E+03  3.5610E+04  3.2934E+04  2.8058E+04  4.8764E+03  2.3947E+04     243
   198.-  200.        54  0.5400E-03      1558    1.1133E+04  1.9439E+05  1.7765E+05  1.4614E+05  3.1513E+04  1.2501E+05    1368
   200.-   SUT       362  0.3620E-02

                   99999  1.0000E+00     99999    6.7005E+07  7.0579E+08  6.9635E+08  6.6162E+08  3.4728E+07  5.4282E+08 2272257
1
     RECOILS



     DEPTH(A)     INLOSS(EV)   TELOSS(EV)   ELLOSS(EV)   DAMAGE(EV)   PHONON(EV)     DPA  DPA(1)  DPA(2)

     0.-    2.    4.0333E+05   6.5561E+06   5.3386E+06   1.6270E+06   3.7117E+06   24167   24167       0
     2.-    4.    6.3746E+05   9.3916E+06   7.9060E+06   3.0818E+06   4.8242E+06   39903   39903       0
     4.-    6.    8.5730E+05   1.1927E+07   1.0098E+07   4.1000E+06   5.9984E+06   51335   51335       0
     6.-    8.    1.0404E+06   1.4062E+07   1.1945E+07   4.9868E+06   6.9583E+06   60621   60621       0
     8.-   10.    1.2030E+06   1.6087E+07   1.3708E+07   5.8757E+06   7.8326E+06   68654   68654       0
    10.-   12.    1.3433E+06   1.7675E+07   1.5067E+07   6.4837E+06   8.5837E+06   75656   75656       0
    12.-   14.    1.4642E+06   1.9035E+07   1.6227E+07   6.9820E+06   9.2451E+06   80984   80984       0
    14.-   16.    1.5791E+06   2.0419E+07   1.7434E+07   7.6003E+06   9.8335E+06   87277   87277       0
    16.-   18.    1.6858E+06   2.1681E+07   1.8536E+07   8.1512E+06   1.0385E+07   92392   92392       0
    18.-   20.    1.7823E+06   2.2676E+07   1.9365E+07   8.4487E+06   1.0916E+07   96781   96781       0
    20.-   22.    1.8763E+06   2.3911E+07   2.0457E+07   9.0603E+06   1.1397E+07  101787  101787       0
    22.-   24.    1.9639E+06   2.4978E+07   2.1388E+07   9.5269E+06   1.1861E+07  106861  106861       0
    24.-   26.    2.0454E+06   2.5857E+07   2.2130E+07   9.8177E+06   1.2313E+07  110519  110519       0
    26.-   28.    2.1114E+06   2.6621E+07   2.2771E+07   1.0058E+07   1.2713E+07  113662  113662       0
    28.-   30.    2.1853E+06   2.7464E+07   2.3492E+07   1.0369E+07   1.3123E+07  117080  117080       0
    30.-   32.    2.2545E+06   2.8506E+07   2.4418E+07   1.0910E+07   1.3509E+07  121563  121563       0
    32.-   34.    2.3052E+06   2.8998E+07   2.4810E+07   1.0966E+07   1.3844E+07  123629  123629       0
    34.-   36.    2.3622E+06   2.9790E+07   2.5500E+07   1.1327E+07   1.4173E+07  126975  126975       0
    36.-   38.    2.4111E+06   3.0300E+07   2.5914E+07   1.1440E+07   1.4474E+07  129175  129175       0
    38.-   40.    2.4533E+06   3.0863E+07   2.6397E+07   1.1649E+07   1.4748E+07  131018  131018       0
    40.-   42.    2.4963E+06   3.1617E+07   2.7071E+07   1.2040E+07   1.5031E+07  134397  134397       0
    42.-   44.    2.5371E+06   3.2058E+07   2.7436E+07   1.2151E+07   1.5285E+07  136242  136242       0
    44.-   46.    2.5708E+06   3.2508E+07   2.7808E+07   1.2288E+07   1.5520E+07  138888  138888       0
    46.-   48.    2.6051E+06   3.3093E+07   2.8326E+07   1.2573E+07   1.5753E+07  141137  141137       0
    48.-   50.    2.6190E+06   3.3199E+07   2.8382E+07   1.2469E+07   1.5912E+07  141647  141647       0
    50.-   52.    2.6324E+06   3.3505E+07   2.8635E+07   1.2564E+07   1.6071E+07  142839  142839       0
    52.-   54.    2.6433E+06   3.3698E+07   2.8789E+07   1.2576E+07   1.6213E+07  143411  143411       0
    54.-   56.    2.6584E+06   3.3968E+07   2.9027E+07   1.2722E+07   1.6305E+07  144877  144877       0
    56.-   58.    2.6633E+06   3.4142E+07   2.9173E+07   1.2775E+07   1.6398E+07  145271  145271       0
    58.-   60.    2.6553E+06   3.4197E+07   2.9212E+07   1.2760E+07   1.6451E+07  145555  145555       0
    60.-   62.    2.6420E+06   3.4132E+07   2.9144E+07   1.2696E+07   1.6448E+07  145525  145525       0
    62.-   64.    2.6341E+06   3.4115E+07   2.9134E+07   1.2720E+07   1.6414E+07  145163  145163       0
    64.-   66.    2.6144E+06   3.3867E+07   2.8894E+07   1.2526E+07   1.6368E+07  144299  144299       0
    66.-   68.    2.5967E+06   3.3778E+07   2.8819E+07   1.2501E+07   1.6318E+07  143703  143703       0
    68.-   70.    2.5763E+06   3.3575E+07   2.8646E+07   1.2385E+07   1.6261E+07  142523  142523       0
    70.-   72.    2.5468E+06   3.3321E+07   2.8428E+07   1.2308E+07   1.6120E+07  141265  141265       0
    72.-   74.    2.5069E+06   3.2836E+07   2.7986E+07   1.2023E+07   1.5964E+07  138995  138995       0
    74.-   76.    2.4728E+06   3.2496E+07   2.7703E+07   1.1924E+07   1.5779E+07  137704  137704       0
    76.-   78.    2.4348E+06   3.1948E+07   2.7218E+07   1.1661E+07   1.5557E+07  135890  135890       0
    78.-   80.    2.3825E+06   3.1446E+07   2.6800E+07   1.1539E+07   1.5261E+07  133433  133433       0
    80.-   82.    2.3338E+06   3.0807E+07   2.6239E+07   1.1223E+07   1.5016E+07  129940  129940       0
    82.-   84.    2.2843E+06   3.0191E+07   2.5716E+07   1.1002E+07   1.4714E+07  127699  127699       0
    84.-   86.    2.2259E+06   2.9410E+07   2.5037E+07   1.0637E+07   1.4400E+07  124639  124639       0
    86.-   88.    2.1674E+06   2.8747E+07   2.4484E+07   1.0466E+07   1.4018E+07  122045  122045       0
    88.-   90.    2.0975E+06   2.7832E+07   2.3702E+07   1.0108E+07   1.3593E+07  117899  117899       0
    90.-   92.    2.0272E+06   2.6810E+07   2.2833E+07   9.7358E+06   1.3097E+07  114252  114252       0
    92.-   94.    1.9466E+06   2.5778E+07   2.1983E+07   9.4673E+06   1.2516E+07  110381  110381       0
    94.-   96.    1.8533E+06   2.4278E+07   2.0744E+07   9.0254E+06   1.1719E+07  105188  105188       0
    96.-   98.    1.7230E+06   2.2223E+07   1.9068E+07   8.5119E+06   1.0556E+07   98307   98307       0
    98.-  100.    1.5110E+06   1.8763E+07   1.6272E+07   7.7555E+06   8.5163E+06   87102   87102       0
   100.-  102.    8.9697E+05   1.0142E+07   8.9183E+06   4.6587E+06   4.2596E+06   48362   48362       0
   102.-  104.    2.5655E+04   2.3375E+05   1.8981E+05   5.5593E+04   1.3422E+05     801     801       0
   104.-  106.    0.0000E+00   0.0000E+00   0.0000E+00   0.0000E+00   0.0000E+00       0       0       0
   106.-  108.    0.0000E+00   0.0000E+00   0.0000E+00   0.0000E+00   0.0000E+00       0       0       0
   108.-  110.    0.0000E+00   0.0000E+00   0.0000E+00   0.0000E+00   0.0000E+00       0       0       0
   110.-  112.    0.0000E+00   0.0000E+00   0.0000E+00   0.0000E+00   0.0000E+00       0       0       0
   112.-  114.    0.0000E+00   0.0000E+00   0.0000E+00   0.0000E+00   0.0000E+00       0       0       0
   114.-  116.    0.0000E+00   0.0000E+00   0.0000E+00   0.0000E+00   0.0000E+00       0       0       0
   116.-  118.    0.0000E+00   0.0000E+00   0.0000E+00   0.0000E+00   0.0000E+00       0       0       0
   118.-  120.    0.0000E+00   0.0000E+00   0.0000E+00   0.0000E+00   0.0000E+00       0       0       0
   120.-  122.    0.0000E+00   0.0000E+00   0.0000E+00   0.0000E+00   0.0000E+00       0       0       0
   122.-  124.    0.0000E+00   0.0000E+00   0.0000E+00   0.0000E+00   0.0000E+00       0       0       0
   124.-  126.    0.0000E+00   0.0000E+00   0.0000E+00   0.0000E+00   0.0000E+00       0       0       0
   126.-  128.    0.0000E+00   0.0000E+00   0.0000E+00   0.0000E+00   0.0000E+00       0       0       0
   128.-  130.    0.0000E+00   0.0000E+00   0.0000E+00   0.0000E+00   0.0000E+00       0       0       0
   130.-  132.    0.0000E+00   0.0000E+00   0.0000E+00   0.0000E+00   0.0000E+00       0       0       0
   132.-  134.    0.0000E+00   0.0000E+00   0.0000E+00   0.0000E+00   0.0000E+00       0       0       0
   134.-  136.    0.0000E+00   0.0000E+00   0.0000E+00   0.0000E+00   0.0000E+00       0       0       0
   136.-  138.    0.0000E+00   0.0000E+00   0.0000E+00   0.0000E+00   0.0000E+00       0       0       0
   138.-  140.    0.0000E+00   0.0000E+00   0.0000E+00   0.0000E+00   0.0000E+00       0       0       0
   140.-  142.    0.0000E+00   0.0000E+00   0.0000E+00   0.0000E+00   0.0000E+00       0       0       0
   142.-  144.    0.0000E+00   0.0000E+00   0.0000E+00   0.0000E+00   0.0000E+00       0       0       0
   144.-  146.    0.0000E+00   0.0000E+00   0.0000E+00   0.0000E+00   0.0000E+00       0       0       0
   146.-  148.    0.0000E+00   0.0000E+00   0.0000E+00   0.0000E+00   0.0000E+00       0       0       0
   148.-  150.    0.0000E+00   0.0000E+00   0.0000E+00   0.0000E+00   0.0000E+00       0       0       0
   150.-  152.    0.0000E+00   0.0000E+00   0.0000E+00   0.0000E+00   0.0000E+00       0       0       0
   152.-  154.    0.0000E+00   0.0000E+00   0.0000E+00   0.0000E+00   0.0000E+00       0       0       0
   154.-  156.    0.0000E+00   0.0000E+00   0.0000E+00   0.0000E+00   0.0000E+00       0       0       0
   156.-  158.    0.0000E+00   0.0000E+00   0.0000E+00   0.0000E+00   0.0000E+00       0       0       0
   158.-  160.    0.0000E+00   0.0000E+00   0.0000E+00   0.0000E+00   0.0000E+00       0       0       0
   160.-  162.    0.0000E+00   0.0000E+00   0.0000E+00   0.0000E+00   0.0000E+00       0       0       0
   162.-  164.    0.0000E+00   0.0000E+00   0.0000E+00   0.0000E+00   0.0000E+00       0       0       0
   164.-  166.    0.0000E+00   0.0000E+00   0.0000E+00   0.0000E+00   0.0000E+00       0       0       0
   166.-  168.    0.0000E+00   0.0000E+00   0.0000E+00   0.0000E+00   0.0000E+00       0       0       0
   168.-  170.    0.0000E+00   0.0000E+00   0.0000E+00   0.0000E+00   0.0000E+00       0       0       0
   170.-  172.    0.0000E+00   0.0000E+00   0.0000E+00   0.0000E+00   0.0000E+00       0       0       0
   172.-  174.    0.0000E+00   0.0000E+00   0.0000E+00   0.0000E+00   0.0000E+00       0       0       0
   174.-  176.    0.0000E+00   0.0000E+00   0.0000E+00   0.0000E+00   0.0000E+00       0       0       0
   176.-  178.    0.0000E+00   0.0000E+00   0.0000E+00   0.0000E+00   0.0000E+00       0       0       0
   178.-  180.    0.0000E+00   0.0000E+00   0.0000E+00   0.0000E+00   0.0000E+00       0       0       0
   180.-  182.    0.0000E+00   0.0000E+00   0.0000E+00   0.0000E+00   0.0000E+00       0       0       0
   182.-  184.    0.0000E+00   0.0000E+00   0.0000E+00   0.0000E+00   0.0000E+00       0       0       0
   184.-  186.    0.0000E+00   0.0000E+00   0.0000E+00   0.0000E+00   0.0000E+00       0       0       0
   186.-  188.    0.0000E+00   0.0000E+00   0.0000E+00   0.0000E+00   0.0000E+00       0       0       0
   188.-  190.    0.0000E+00   0.0000E+00   0.0000E+00   0.0000E+00   0.0000E+00       0       0       0
   190.-  192.    0.0000E+00   0.0000E+00   0.0000E+00   0.0000E+00   0.0000E+00       0       0       0
   192.-  194.    0.0000E+00   0.0000E+00   0.0000E+00   0.0000E+00   0.0000E+00       0       0       0
   194.-  196.    0.0000E+00   0.0000E+00   0.0000E+00   0.0000E+00   0.0000E+00       0       0       0
   196.-  198.    0.0000E+00   0.0000E+00   0.0000E+00   0.0000E+00   0.0000E+00       0       0       0
   198.-  200.    0.0000E+00   0.0000E+00   0.0000E+00   0.0000E+00   0.0000E+00       0       0       0

                  1.0655E+08   1.3755E+09   1.1747E+09   5.1231E+08   6.6241E+08 5869418 5869418       0
1     BACKWARD SPUTTERING



        ALL SPUTTERED PARTICLES =   75450   TOTAL SPUTTERED ENERGY = 0.3400E+07 EV


        SPUTTERED PARTICLES (1.LAYER) =   75450   SPUTTERED ENERGY = 0.3400E+07 EV


 1.LAYER
         SPUTTERED PARTICLES(1) =   75450     SPUTTERED ENERGY(1) = 0.3400E+07 EV

         ION IN , PRIMARY KO(1) =   14961   0.1983   0.1983    ENERGY = 0.1353E+07 EV   0.3979   0.3979    MEAN ENERGY = 0.9043E+02
         ION IN , SECOND. KO(1) =   60489   0.8017   0.8017    ENERGY = 0.2048E+07 EV   0.6021   0.6021    MEAN ENERGY = 0.3385E+02
        ION OUT , PRIMARY KO(1) =       0   0.0000   0.0000    ENERGY = 0.0000E+00 EV   0.0000   0.0000    MEAN ENERGY = 0.0000E+00
        ION OUT , SECOND. KO(1) =       0   0.0000   0.0000    ENERGY = 0.0000E+00 EV   0.0000   0.0000    MEAN ENERGY = 0.0000E+00


     SPUTTERING YIELD(1) =  7.545E-01  SPUTTERED ENERGY(1) =  4.400E-03  REL.MEAN ENERGY(1) =  5.832E-03  MEAN ENERGY(1) =  4.507E+01

                       MEAN        VARIANCE      SKEWNESS      KURTOSIS        SIGMA       ERROR 1.M     ERROR 2.M     ERROR 3.M 
    ENERGY(1)       4.5069E+01    6.4254E+03    4.7560E+00    3.7019E+01    8.0159E+01    2.9182E-01    1.4039E+02    9.2929E-02
 LOGENERGY(1)       1.2595E+00    3.5505E-01    3.0986E-03    2.8604E+00    5.9586E-01    2.1695E-03    1.7632E-03    8.0435E-03

                     1.MOMENT      2.MOMENT      3.MOMENT      4.MOMENT      5.MOMENT      6.MOMENT 
    ENERGY(1)       4.5069E+01    8.4566E+03    3.4099E+06    2.0524E+09    1.5585E+12    1.3664E+15
 LOGENERGY(1)       1.2595E+00    1.9415E+00    3.3405E+00    6.2604E+00    1.2513E+01    2.6337E+01



     POLAR ANGULAR DISTRIBUTION OF ALL BACKWARD SPUTTERED PARTICLES


       0.00  0.00  0.00  0.00  0.00  0.00  0.00  0.00  0.00  0.00  0.00  0.00  0.00  0.00  0.00  0.00  0.00  0.00  0.00  0.00

        126   421   656   933  1312  1789  2144  2657  3204  3566  4071  4530  4984  5400  5811  6044  6430  6774  7098  7500
      0.033 0.112 0.174 0.247 0.348 0.474 0.568 0.704 0.849 0.945 1.079 1.201 1.321 1.431 1.540 1.602 1.704 1.796 1.882 1.988
1 LOG ENERGY - COS OF EMISSION ANGLE (0.05 STEPS)   (BACKWARD SPUTTERED PARTICLES) ; 1. LAYER ; SPECIES 1


   0.0000E+00    1    2    3    4    5    6    7    8    9   10   11   12   13   14   15   16   17   18   19   20     0  0.0000E+00
   0.1000E+00    0    0    0    0    0    0    1    0    0    1    1    0    0    1    3    0    2    1    3    1    14  0.1400E-02
   0.1212E+00    0    0    0    0    0    0    0    0    0    0    0    0    0    0    0    0    0    0    0    0     0  0.0000E+00
   0.1468E+00    0    0    0    0    0    0    0    0    0    0    0    0    0    0    0    0    0    0    0    0     0  0.0000E+00
   0.1778E+00    0    0    0    0    0    0    0    0    0    0    0    0    0    0    0    0    0    0    0    0     0  0.0000E+00
   0.2154E+00    0    0    0    0    0    0    0    0    0    0    0    0    0    0    0    0    0    0    0    0     0  0.0000E+00
   0.2610E+00    0    0    0    0    0    0    0    0    0    0    0    0    0    0    0    0    0    0    0    0     0  0.0000E+00
   0.3162E+00    0    0    0    0    0    0    0    0    0    0    0    0    0    0    0    0    0    0    0    0     0  0.0000E+00
   0.3831E+00    0    0    0    0    0    0    0    0    0    0    0    0    0    0    0    0    0    0    0    0     0  0.0000E+00
   0.4642E+00    0    0    0    0    0    0    0    0    0    0    0    0    0    0    0    0    0    0    0    0     0  0.0000E+00
   0.5623E+00    0    0    0    0    0    0    0    0    0    0    0    0    0    0    0    0    0    0    0    0     0  0.0000E+00
   0.6813E+00    0    0    0    0    0    0    0    0    0    0    0    0    0    0    0    0    0    0    0    0     0  0.0000E+00
   0.8254E+00    0    0    0    0    0    0    0    0    0    0    0    0    0    0    0    0    0    0    0    0     0  0.0000E+00
   0.1000E+01    0    0    0    0    0    0    0    0    0    0    0    0    0    0    0    0    0    0    0    0     0  0.0000E+00
   0.1212E+01    0    0    0    0    0    0    0    0    0    0    0    0    0    0    0    0    0    0    0    0     0  0.0000E+00
   0.1468E+01    0    0    0    0    0    0    0    0    0    0    0    0    0    0    0    0    0    0    0    0     0  0.0000E+00
   0.1778E+01    0    0    0    0    0    0    0    0    0    0    0    0    0    0    0    0    0    0    0    0     0  0.0000E+00
   0.2154E+01    0    0    0    0    0    0    0    0    0    0    0    0    0    0    0    0    0    0    0    0     0  0.0000E+00
   0.2610E+01    0    0    0    0    0    0    0    0    0    0    0    0    0    0    0    0    0    0    0    0     0  0.0000E+00
   0.3162E+01    0    0    0    0    0    0    0    0    0    0    0    0    0    0    0    0    0    0    0    0     0  0.0000E+00
   0.3831E+01    0    0    0    0    0    0    0    0    0    0    0    0    0    0    0    0    0    0    0    0     0  0.0000E+00
   0.4642E+01    0    0    0    0    0    0    0    0    0    0    0    0    0    0    0    0    0    0    0    0     0  0.0000E+00
   0.5623E+01    0    0    0    0    0    0    0    0    0    0    0    0    0    0    0    0    0    0    0    0     0  0.0000E+00
   0.6813E+01    0    0    0    0    0    0    0    0    0    0    0    0    0    0    0    0    0    0    0    0     0  0.0000E+00
   0.8254E+01    0    0    0    0    0    0    0    0    0    0    0    0    0    0    0    0    0    0    0    0     0  0.0000E+00
   0.1000E+02    0    0    0    0    0    0    0    0    0    0    0    0    0    0    0    0    0    0    0    0     0  0.0000E+00
   0.1212E+02    0    0    0    0    0    0    0    0    0    0    0    0    0    0    0    0    0    0    0    0     0  0.0000E+00
   0.1468E+02    0    0    0    0    0    0    0    0    0    0    0    0    0    0    0    0    0    0    0    0     0  0.0000E+00
   0.1778E+02    0    0    0    0    0    0    0    0    0    0    0    0    0    0    0    0    0    0    0    0     0  0.0000E+00
   0.2154E+02    0    0    0    0    0    0    0    0    0    0    0    0    0    0    0    0    0    0    0    0     0  0.0000E+00
   0.2610E+02    0    0    0    0    0    0    0    0    0    0    0    0    0    0    0    0    0    0    0    0     0  0.0000E+00
   0.3162E+02    0    0    0    0    0    0    0    0    0    0    0    0    0    0    0    0    0    0    0    0     0  0.0000E+00
   0.3831E+02    0    0    0    0    0    0    0    0    0    0    0    0    0    0    0    0    0    0    0    0     0  0.0000E+00
   0.4642E+02    0    0    0    0    0    0    0    0    0    0    0    0    0    0    0    0    0    0    0    0     0  0.0000E+00
   0.5623E+02    0    0    0    0    0    0    0    0    0    0    0    0    0    0    0    0    0    0    0    0     0  0.0000E+00
   0.6813E+02    0    0    0    0    0    0    0    0    0    0    0    0    0    0    0    0    0    0    0    0     0  0.0000E+00
   0.8254E+02    0    0    0    0    0    0    0    0    0    0    0    0    0    0    0    0    0    0    0    0     0  0.0000E+00
   0.1000E+03    0    0    0    0    0    0    0    0    0    0    0    0    0    0    0    0    0    0    0    0     0  0.0000E+00
   0.1212E+03    0    0    0    0    0    0    0    0    0    0    0    0    0    0    0    0    0    0    0    0     0  0.0000E+00
   0.1468E+03    0    0    0    0    0    0    0    0    0    0    0    0    0    0    0    0    0    0    0    0     0  0.0000E+00
   0.1778E+03    0    0    0    0    0    0    0    0    0    0    0    0    0    0    0    0    0    0    0    0     0  0.0000E+00
   0.2154E+03    0    0    0    0    0    0    0    0    0    0    0    0    0    0    0    0    0    0    0    0     0  0.0000E+00
   0.2610E+03    0    0    0    0    0    0    0    0    0    0    0    0    0    0    0    0    0    0    0    0     0  0.0000E+00
   0.3162E+03    0    0    0    0    0    0    0    0    0    0    0    0    0    0    0    0    0    0    0    0     0  0.0000E+00
   0.3831E+03    0    0    0    0    0    0    0    0    0    0    0    0    0    0    0    0    0    0    0    0     0  0.0000E+00
   0.4642E+03    0    0    0    0    0    0    0    0    0    0    0    0    0    0    0    0    0    0    0    0     0  0.0000E+00
   0.5623E+03    0    0    0    0    0    0    0    0    0    0    0    0    0    0    0    0    0    0    0    0     0  0.0000E+00
   0.6813E+03    0    0    0    0    0    0    0    0    0    0    0    0    0    0    0    0    0    0    0    0     0  0.0000E+00
   0.8254E+03    0    0    0    0    0    0    0    0    0    0    0    0    0    0    0    0    0    0    0    0     0  0.0000E+00
   0.1000E+04    0    0    0    0    0    0    0    0    0    0    0    0    0    0    0    0    0    0    0    0     0  0.0000E+00
   0.1212E+04    0    0    0    0    0    0    0    0    0    0    0    0    0    0    0    0    0    0    0    0     0  0.0000E+00
   0.1468E+04    0    0    0    0    0    0    0    0    0    0    0    0    0    0    0    0    0    0    0    0     0  0.0000E+00
   0.1778E+04    0    0    0    0    0    0    0    0    0    0    0    0    0    0    0    0    0    0    0    0     0  0.0000E+00
   0.2154E+04    0    0    0    0    0    0    0    0    0    0    0    0    0    0    0    0    0    0    0    0     0  0.0000E+00
   0.2610E+04    0    0    0    0    0    0    0    0    0    0    0    0    0    0    0    0    0    0    0    0     0  0.0000E+00
   0.3162E+04    0    0    0    0    0    0    0    0    0    0    0    0    0    0    0    0    0    0    0    0     0  0.0000E+00
   0.3831E+04    0    0    0    0    0    0    0    0    0    0    0    0    0    0    0    0    0    0    0    0     0  0.0000E+00
   0.4642E+04    0    0    0    0    0    0    0    0    0    0    0    0    0    0    0    0    0    0    0    0     0  0.0000E+00
   0.5623E+04    0    0    0    0    0    0    0    0    0    0    0    0    0    0    0    0    0    0    0    0     0  0.0000E+00
   0.6813E+04    0    0    0    0    0    0    0    0    0    0    0    0    0    0    0    0    0    0    0    0     0  0.0000E+00
   0.8254E+04    0    0    0    0    0    0    0    0    0    0    0    0    0    0    0    0    0    0    0    0     0  0.0000E+00
   0.1000E+05    0    0    0    0    0    0    0    0    0    0    0    0    0    0    0    0    0    0    0    0     0  0.0000E+00
   0.1212E+05    0    0    0    0    0    0    0    0    0    0    0    0    0    0    0    0    0    0    0    0     0  0.0000E+00
   0.1468E+05    0    0    0    0    0    0    0    0    0    0    0    0    0    0    0    0    0    0    0    0     0  0.0000E+00
   0.1778E+05    0    0    0    0    0    0    0    0    0    0    0    0    0    0    0    0    0    0    0    0     0  0.0000E+00
   0.2154E+05    0    0    0    0    0    0    0    0    0    0    0    0    0    0    0    0    0    0    0    0     0  0.0000E+00
   0.2610E+05    0    0    0    0    0    0    0    0    0    0    0    0    0    0    0    0    0    0    0    0     0  0.0000E+00
   0.3162E+05    0    0    0    0    0    0    0    0    0    0    0    0    0    0    0    0    0    0    0    0     0  0.0000E+00
   0.3831E+05    0    0    0    0    0    0    0    0    0    0    0    0    0    0    0    0    0    0    0    0     0  0.0000E+00
   0.4642E+05    0    0    0    0    0    0    0    0    0    0    0    0    0    0    0    0    0    0    0    0     0  0.0000E+00
   0.5623E+05    0    0    0    0    0    0    0    0    0    0    0    0    0    0    0    0    0    0    0    0     0  0.0000E+00
   0.6813E+05    0    0    0    0    0    0    0    0    0    0    0    0    0    0    0    0    0    0    0    0     0  0.0000E+00
   0.8254E+05    0    0    0    0    0    0    0    0    0    0    0    0    0    0    0    0    0    0    0    0     0  0.0000E+00
   0.1000E+06    0    0    0    0    0    0    0    0    0    0    0    0    0    0    0    0    0    0    0    0     0  0.0000E+00
   0.0000E+00  252  842 1312 1866 2624 3578 4287 5314 6408 7131 8141 9060 996810799116191208812858135471419314999150886  0.0000E+00
1ENERGY(E/E0 IN %) - POLAR ANGLE IN COS-INTERVALS (0.05)  (BACKWARD SPUTTERED PARTICLES) , 1.LAYER , SPECIES 1

     0    1    2    3    4    5    6    7    8    9   10   11   12   13   14   15   16   17   18   19   20      0
     1  121  394  572  816 1124 1490 1750 2127 2586 2831 3302 3691 4065 4478 4862 5179 5568 5938 6245 6751  63890
     2    5   17   54   68  112  161  191  282  298  396  429  440  507  511  516  534  534  513  539  524   6631
     3    0    5   13   22   29   64   78  104  143  155  144  182  189  196  216  169  170  178  182  143   2382
     4    0    5    7    9   22   22   41   63   78   75   81   91   96   80  104   72   72   71   63   48   1100
     5    0    0    4    5   11   23   26   28   35   37   44   43   51   54   54   38   45   39   34   23    594
     6    0    0    2    8    7   12   29   17   20   29   21   26   25   36   28   23   12   23   13    6    337
     7    0    0    0    1    0    6    7   13   19   21   17   22   25   16   13   11   16    8    8    3    206
     8    0    0    1    2    2    4    4   12   13    5    7   10   11   11    8    7    7    1    5    0    110
     9    0    0    1    1    1    1    6    6    2    6    7    7    5    7    4    2    2    2    2    2     64
    10    0    0    0    0    2    1    4    5    2    5    9    8    1    4    1    5    1    1    3    0     52
    11    0    0    1    0    0    2    3    0    3    3    1    6    1    2    1    2    0    0    1    0     26
    12    0    0    0    0    1    3    1    0    2    1    2    1    3    3    2    1    3    0    2    0     25
    13    0    0    1    0    1    0    3    0    2    0    2    1    0    0    0    0    0    0    1    0     11
    14    0    0    0    1    0    0    0    0    0    0    1    1    2    1    1    1    0    0    0    0      8
    15    0    0    0    0    0    0    0    0    0    1    2    1    1    1    0    0    0    0    0    0      6
    16    0    0    0    0    0    0    0    0    0    0    1    0    1    0    1    0    0    0    0    0      3
    17    0    0    0    0    0    0    1    0    1    1    1    0    1    0    0    0    0    0    0    0      5
    18    0    0    0    0    0    0    0    0    0    0    0    0    0    0    0    0    0    0    0    0      0
    19    0    0    0    0    0    0    0    0    0    0    0    0    0    0    0    0    0    0    0    0      0
    20    0    0    0    0    0    0    0    0    0    0    0    0    0    0    0    0    0    0    0    0      0
    21    0    0    0    0    0    0    0    0    0    0    0    0    0    0    0    0    0    0    0    0      0
    22    0    0    0    0    0    0    0    0    0    0    0    0    0    0    0    0    0    0    0    0      0
    23    0    0    0    0    0    0    0    0    0    0    0    0    0    0    0    0    0    0    0    0      0
    24    0    0    0    0    0    0    0    0    0    0    0    0    0    0    0    0    0    0    0    0      0
    25    0    0    0    0    0    0    0    0    0    0    0    0    0    0    0    0    0    0    0    0      0
    26    0    0    0    0    0    0    0    0    0    0    0    0    0    0    0    0    0    0    0    0      0
    27    0    0    0    0    0    0    0    0    0    0    0    0    0    0    0    0    0    0    0    0      0
    28    0    0    0    0    0    0    0    0    0    0    0    0    0    0    0    0    0    0    0    0      0
    29    0    0    0    0    0    0    0    0    0    0    0    0    0    0    0    0    0    0    0    0      0
    30    0    0    0    0    0    0    0    0    0    0    0    0    0    0    0    0    0    0    0    0      0
    31    0    0    0    0    0    0    0    0    0    0    0    0    0    0    0    0    0    0    0    0      0
    32    0    0    0    0    0    0    0    0    0    0    0    0    0    0    0    0    0    0    0    0      0
    33    0    0    0    0    0    0    0    0    0    0    0    0    0    0    0    0    0    0    0    0      0
    34    0    0    0    0    0    0    0    0    0    0    0    0    0    0    0    0    0    0    0    0      0
    35    0    0    0    0    0    0    0    0    0    0    0    0    0    0    0    0    0    0    0    0      0
    36    0    0    0    0    0    0    0    0    0    0    0    0    0    0    0    0    0    0    0    0      0
    37    0    0    0    0    0    0    0    0    0    0    0    0    0    0    0    0    0    0    0    0      0
    38    0    0    0    0    0    0    0    0    0    0    0    0    0    0    0    0    0    0    0    0      0
    39    0    0    0    0    0    0    0    0    0    0    0    0    0    0    0    0    0    0    0    0      0
    40    0    0    0    0    0    0    0    0    0    0    0    0    0    0    0    0    0    0    0    0      0
    41    0    0    0    0    0    0    0    0    0    0    0    0    0    0    0    0    0    0    0    0      0
    42    0    0    0    0    0    0    0    0    0    0    0    0    0    0    0    0    0    0    0    0      0
    43    0    0    0    0    0    0    0    0    0    0    0    0    0    0    0    0    0    0    0    0      0
    44    0    0    0    0    0    0    0    0    0    0    0    0    0    0    0    0    0    0    0    0      0
    45    0    0    0    0    0    0    0    0    0    0    0    0    0    0    0    0    0    0    0    0      0
    46    0    0    0    0    0    0    0    0    0    0    0    0    0    0    0    0    0    0    0    0      0
    47    0    0    0    0    0    0    0    0    0    0    0    0    0    0    0    0    0    0    0    0      0
    48    0    0    0    0    0    0    0    0    0    0    0    0    0    0    0    0    0    0    0    0      0
    49    0    0    0    0    0    0    0    0    0    0    0    0    0    0    0    0    0    0    0    0      0
    50    0    0    0    0    0    0    0    0    0    0    0    0    0    0    0    0    0    0    0    0      0
    51    0    0    0    0    0    0    0    0    0    0    0    0    0    0    0    0    0    0    0    0      0
    52    0    0    0    0    0    0    0    0    0    0    0    0    0    0    0    0    0    0    0    0      0
    53    0    0    0    0    0    0    0    0    0    0    0    0    0    0    0    0    0    0    0    0      0
    54    0    0    0    0    0    0    0    0    0    0    0    0    0    0    0    0    0    0    0    0      0
    55    0    0    0    0    0    0    0    0    0    0    0    0    0    0    0    0    0    0    0    0      0
    56    0    0    0    0    0    0    0    0    0    0    0    0    0    0    0    0    0    0    0    0      0
    57    0    0    0    0    0    0    0    0    0    0    0    0    0    0    0    0    0    0    0    0      0
    58    0    0    0    0    0    0    0    0    0    0    0    0    0    0    0    0    0    0    0    0      0
    59    0    0    0    0    0    0    0    0    0    0    0    0    0    0    0    0    0    0    0    0      0
    60    0    0    0    0    0    0    0    0    0    0    0    0    0    0    0    0    0    0    0    0      0
    61    0    0    0    0    0    0    0    0    0    0    0    0    0    0    0    0    0    0    0    0      0
    62    0    0    0    0    0    0    0    0    0    0    0    0    0    0    0    0    0    0    0    0      0
    63    0    0    0    0    0    0    0    0    0    0    0    0    0    0    0    0    0    0    0    0      0
    64    0    0    0    0    0    0    0    0    0    0    0    0    0    0    0    0    0    0    0    0      0
    65    0    0    0    0    0    0    0    0    0    0    0    0    0    0    0    0    0    0    0    0      0
    66    0    0    0    0    0    0    0    0    0    0    0    0    0    0    0    0    0    0    0    0      0
    67    0    0    0    0    0    0    0    0    0    0    0    0    0    0    0    0    0    0    0    0      0
    68    0    0    0    0    0    0    0    0    0    0    0    0    0    0    0    0    0    0    0    0      0
    69    0    0    0    0    0    0    0    0    0    0    0    0    0    0    0    0    0    0    0    0      0
    70    0    0    0    0    0    0    0    0    0    0    0    0    0    0    0    0    0    0    0    0      0
    71    0    0    0    0    0    0    0    0    0    0    0    0    0    0    0    0    0    0    0    0      0
    72    0    0    0    0    0    0    0    0    0    0    0    0    0    0    0    0    0    0    0    0      0
    73    0    0    0    0    0    0    0    0    0    0    0    0    0    0    0    0    0    0    0    0      0
    74    0    0    0    0    0    0    0    0    0    0    0    0    0    0    0    0    0    0    0    0      0
    75    0    0    0    0    0    0    0    0    0    0    0    0    0    0    0    0    0    0    0    0      0
    76    0    0    0    0    0    0    0    0    0    0    0    0    0    0    0    0    0    0    0    0      0
    77    0    0    0    0    0    0    0    0    0    0    0    0    0    0    0    0    0    0    0    0      0
    78    0    0    0    0    0    0    0    0    0    0    0    0    0    0    0    0    0    0    0    0      0
    79    0    0    0    0    0    0    0    0    0    0    0    0    0    0    0    0    0    0    0    0      0
    80    0    0    0    0    0    0    0    0    0    0    0    0    0    0    0    0    0    0    0    0      0
    81    0    0    0    0    0    0    0    0    0    0    0    0    0    0    0    0    0    0    0    0      0
    82    0    0    0    0    0    0    0    0    0    0    0    0    0    0    0    0    0    0    0    0      0
    83    0    0    0    0    0    0    0    0    0    0    0    0    0    0    0    0    0    0    0    0      0
    84    0    0    0    0    0    0    0    0    0    0    0    0    0    0    0    0    0    0    0    0      0
    85    0    0    0    0    0    0    0    0    0    0    0    0    0    0    0    0    0    0    0    0      0
    86    0    0    0    0    0    0    0    0    0    0    0    0    0    0    0    0    0    0    0    0      0
    87    0    0    0    0    0    0    0    0    0    0    0    0    0    0    0    0    0    0    0    0      0
    88    0    0    0    0    0    0    0    0    0    0    0    0    0    0    0    0    0    0    0    0      0
    89    0    0    0    0    0    0    0    0    0    0    0    0    0    0    0    0    0    0    0    0      0
    90    0    0    0    0    0    0    0    0    0    0    0    0    0    0    0    0    0    0    0    0      0
    91    0    0    0    0    0    0    0    0    0    0    0    0    0    0    0    0    0    0    0    0      0
    92    0    0    0    0    0    0    0    0    0    0    0    0    0    0    0    0    0    0    0    0      0
    93    0    0    0    0    0    0    0    0    0    0    0    0    0    0    0    0    0    0    0    0      0
    94    0    0    0    0    0    0    0    0    0    0    0    0    0    0    0    0    0    0    0    0      0
    95    0    0    0    0    0    0    0    0    0    0    0    0    0    0    0    0    0    0    0    0      0
    96    0    0    0    0    0    0    0    0    0    0    0    0    0    0    0    0    0    0    0    0      0
    97    0    0    0    0    0    0    0    0    0    0    0    0    0    0    0    0    0    0    0    0      0
    98    0    0    0    0    0    0    0    0    0    0    0    0    0    0    0    0    0    0    0    0      0
    99    0    0    0    0    0    0    0    0    0    0    0    0    0    0    0    0    0    0    0    0      0
   100    0    0    0    0    0    0    0    0    0    0    0    0    0    0    0    0    0    0    0    0      0
     0  126  421  656  933 1312 1789 2144 2657 3204 3566 4071 4530 4984 5400 5811 6044 6430 6774 7098 7500  75450
1AZIMUTHAL ANGLE - POLAR ANGLE IN COS-INTERVALS (0.05) (BACKWARD SPUTTERED PARTICLES) , 1.LAYER , SPECIES 1

     0    1    2    3    4    5    6    7    8    9   10   11   12   13   14   15   16   17   18   19   20      0
     3    3    5   12   19   15   27   38   38   53   65   63   72   79  108   89  109  111  114  108  125   1253
     6    1    7    7   23   28   24   35   58   50   61   57   62   88  112   88   90  107  127  135  120   1280
     9    1    8   11   17   20   35   33   52   53   63   69   64   81   81  106   95  105   95  115  133   1237
    12    0    8   13   25   23   35   38   42   42   77   77   72   80   87  105   88  108  108  112  127   1267
    15    6    3   11   16   19   21   26   44   58   69   67   75   74   92   97  101  109  113  113  113   1227
    18    3   11   11   21   28   35   37   36   60   70   80   77   84   87   98   91  108  102  121  120   1280
    21    2    8   14   13   22   31   35   49   58   67   65   76   85   94   98  111  113  103  121  123   1288
    24    6   10    7   10   22   24   46   48   47   45   63   77   66  101  106  105  129  123  116  144   1295
    27    1    4    8   14   30   19   41   44   50   48   68   66   93   93   97  104  113  120  128  112   1253
    30    2    9   10   12   21   31   32   50   62   68   73   86   80   84   95   94  125  130  116  113   1293
    33    3    7   14   19   28   31   29   44   50   63   63   88   95   79   85   88   96  120  116  123   1241
    36    1    6    8    8   24   27   31   35   69   88   80   64   89   83  101  104   89  103  126  124   1260
    39    1    7   15   23   22   30   38   40   51   49   65   87   86   90   86  101   98  126  115  111   1241
    42    2    7   10   17   20   33   37   39   48   63   59   80   78   94   93  106  103  102  122  113   1226
    45    2    7    8   21   16   34   34   49   64   51   70   84   89  104  107   97  114  101  124  133   1309
    48    2   13   10   18   23   26   38   43   60   55   62   83   72   78   90  101  113  115  119  117   1238
    51    1    4   11   16   26   28   43   45   59   66   71   75  101  108   88   89  119  124  112  115   1301
    54    1    9    7   20   24   37   39   36   57   63   55   57   74  101   95  102  109   94  125  124   1229
    57    3    8   13   12   22   39   46   45   61   73   68   81   72   81   88   99  102   96  111  119   1239
    60    3    3   13    6   24   38   37   62   71   59   77   62   92   84   97   86  100   95  116  139   1264
    63    1    7   12   16   34   40   49   42   43   52   74   76   76   80   96  127  101   97  113  147   1283
    66    4    9   16   16   14   37   36   40   48   63   62   85   88   75   88   94  119  112  123  137   1266
    69    1    5   12   17   27   23   36   50   55   58   73   79   70   82  103  119  105  116  108  113   1252
    72    1    9   12   14   18   19   30   38   53   63   73   77   92   97   98   96  111  109  122  136   1268
    75    2    4    7   17   18   32   28   36   51   68   70   70   70   79   98  103  108  119   93  130   1203
    78    3    5   19   21   17   29   39   38   41   52   63   70   73   97  102  100  109  128  128  133   1267
    81    5   10   12   16   17   38   37   50   43   53   54   84   83   87   99  102  109  110  116  130   1255
    84    4   12   14    7   22   27   30   48   62   53   71   64   93   89  100   94  104  125  140  117   1276
    87    1    1    9   16   20   30   47   44   42   61   60   74   67   91   96  125  117  104  122  134   1261
    90    3    5   21    8   30   25   39   41   43   54   63   80   79   75   90   85  110  109  118   97   1175
    93    3    9   12   18   18   27   39   42   51   59   73   80   95   97   95   85   94   98  119  116   1230
    96    4    8   13   18   15   23   41   37   65   56   65   92   79   92  102  118  129  104  120  122   1303
    99    2    7    8   15   19   26   39   43   47   59   76   57   87   81   92  112  103   90  118  146   1227
   102    3    8    7   14   28   25   36   38   51   70   63   91   82  103  115  101   97  115  113  127   1287
   105    1    4   11   17   21   23   39   45   61   59   75   71   77   83   94   85   98  116  128  120   1228
   108    2    5   10   15   24   24   37   43   58   61   72   82   84   87   88  103  110  105  106  115   1231
   111    3    2   12   17   20   35   32   50   51   51   62   76   95  101  108  106  111   93  116  113   1254
   114    0    8   13   13   26   33   41   47   54   61   72   79   75   88   93  112   84  118  115  109   1241
   117    0    4   12   17   29   40   36   47   51   55   81   76   76   86   99  106  116  107  104  117   1259
   120    0    1    7   12   15   28   30   36   61   63   61   64   82   78   98  107   90  126  125  120   1204
   123    4   10   13   17   16   29   32   38   51   65   75   91   87   92  104  105  114  132  125  148   1348
   126    4    4   10   23   25   32   34   41   33   45   83   66   86   78  106   94   99  125  119  118   1225
   129    1    6   16   14   25   20   34   38   52   56   73   78   84   98   92   88   95  106  104  129   1209
   132    1   10    9   16   23   33   32   50   58   48   75   65  101   74   87  109  103  104   98  138   1234
   135    1    6   10   10   15   33   45   56   65   50   66   70   75   95   91  101  108  115  120  144   1276
   138    4    3    8    9   28   31   35   45   54   68   60   79   81   80   96   96  114  121  131  125   1268
   141    0    9   14   17   27   33   29   42   50   63   60   89   77   82   97   91   96  113  123  124   1236
   144    3   12    6   19   20   30   48   38   46   57   58   71   83   80   95   89  100  129  129  146   1259
   147    1    5   12   12   17   22   21   46   49   57   73   82   82   95  100   94  117  117  114  125   1241
   150    2   11   15   15   17   34   43   48   52   64   59   71   78   93   99   85  113  152  100  109   1260
   153    1    7   10   11   22   27   26   41   52   67   76   76   99   87  108  116  106  110  134  138   1314
   156    2    6    8    9   19   33   26   51   50   51   76   72   81   98  111  110  127  123  118  129   1300
   159    1    8    7   16   23   42   31   37   49   58   60   69   91   95   84  102   95  136  113  130   1247
   162    1    9    9   19   20   31   28   60   63   59   57   68   90  106   97   95   93  122  112  123   1262
   165    1   15    7   17   19   31   38   61   64   50   58   82   89   89   92   80   93  112  119  124   1241
   168    3    6   12   19   20   27   33   43   60   64   64   78   75   95  104  102  109  107  125  119   1265
   171    2    6   10   14   19   32   38   42   57   46   70   75   80   96   96  111  116  108  138  111   1267
   174    4    5    9   18   15   36   40   38   45   55   80   77   87   94  100  120  104   99  117  139   1282
   177    3   10   12   12   28   17   29   38   49   45   56   72   91   83   88  104  110  119  130  129   1225
   180    0    6    7   12   25   27   28   50   51   64   77   84   86  101  101  111  122  112  111  125   1300
     0  126  421  656  933 1312 1789 2144 2657 3204 3566 4071 4530 4984 5400 5811 6044 6430 6774 7098 7500  75450
