1
      *** PROGRAM TRVMC95 ***


                              * INPUT DATA *


       Z1        M1          E0       ALPHA       EF        ESB      SHEATH     ERC
     18.00     39.95      8567.00      0.00      0.10      0.00  25701.00      4.70

       NH        RI           X0        RD        CW        CA       KK0   KK0R   KDEE1  KDEE2  IPOT   IPOTR   IRL
     99999 716381.00         0.00    100.00      2.00      1.00       2      2      3      3      1      1      3


             DX      RHO    CK  Z(,1) Z(,2) Z(,3) Z(,4) Z(,5)  M(,1)  M(,2)  M(,3)  M(,4)  M(,5) C(,1) C(,2) C(,3) C(,4) C(,5)

 1.LAYER 10000.00   2.25   1.00    6.    0.    0.    0.    0.  12.01   0.00   0.00   0.00   0.00 1.000 0.000 0.000 0.000 0.000


                           ***  SBE(LAYER,ELEMENT)  ***     ***     ED(LAYER,ELEMENT)     ***     ***   BE(LAYER,ELEMENT)  ***

 1.LAYER                   7.41  0.00  0.00  0.00  0.00     30.00   0.00   0.00   0.00   0.00     0.10  0.00  0.00  0.00  0.00


       INTERACTION POTENTIAL : PROJECTILE-TARGET : KR-C POTENTIAL     TARGET-TARGET : KR-C POTENTIAL    


       INELASTIC LOSS MODEL  : PROJECTILE-TARGET : 50% LS 50% OR      TARGET-TARGET : 50% LS 50% OR     
1

                              * OUTPUT DATA *


                 HLM       HLMT        SU       SUT        XC        RT       SFE      INEL         L        LJ
               0.0000 10000.000    3.5029 10003.503   -3.5029  9900.000      7.41         0         1         1


                NPROJ       KIB       KIT      MAXA      NALL       NPA       NSA       KIS      KIST
                99350         0         0       280 107235846   3684016  59675710    107025         0


            EPS0(I)       Z2(I)       M2(I)     ARHO(I)       LM(I)     PMAX(I)     ASIG(I)       SB(I)       XX(I)        NJ(I)

 1.LAYER   0.1680E+00  0.6000E+01  0.1201E+02  0.1128E+00  0.2070E+01  0.1168E+01  0.2335E+00  0.7410E+01  0.1000E+05         1


             A1(1)   A1(2)   A1(3)   A1(4)   A1(5)   A1(6)   A1(7)   A1(8)   A1(9)  A1(10)  A1(11)  A1(12)  A1(13)  A1(14)  A1(15)

           0.13193


           KOR1(1) KOR1(2) KOR1(3) KOR1(4) KOR1(5) KOR1(6) KOR1(7) KOR1(8) KOR1(9) KOR1(A) KOR1(B) KOR1(C) KOR1(D) KOR1(E) KOR1(F)

           0.73577


            A(I,1)  A(I,2)  A(I,3)  A(I,4)  A(I,5)  A(I,6)  A(I,7)  A(I,8)  A(I,9) A(I,10) A(I,11) A(I,12) A(I,13) A(I,14) A(I,15)

           0.16242


           KOR(,1) KOR(,2) KOR(,3) KOR(,4) KOR(,5) KOR(,6) KOR(,7) KOR(,8) KOR(,9) KOR(,A) KOR(,B) KOR(,C) KOR(,D) KOR(,E) KOR(,F)

           0.46963
1

         IMPLANTED PARTICLES=  99999     ENERGY=0.8567E+09 EV
     BACKSCATTERED PARTICLES=      0     ENERGY=0.0000E+00 EV
       TRANSMITTED PARTICLES=      0     ENERGY=0.0000E+00 EV
     BACKSPUTTERED PARTICLES=  77165     ENERGY=0.3749E+07 EV
    TRANSM. SPUTT. PARTICLES=      0     ENERGY=0.0000E+00 EV


  PROJECTILES :   MEAN NUMBER OF ELASTIC COLLISIONS =     61.9   MEAN NUMBER OF EL.COLL.(E > EDISPL.) =   24.105
                                                                 MEAN NUMBER OF EL.COLL.(E > SB(1))   =   42.957

                       MEAN        VARIANCE      SKEWNESS      KURTOSIS        SIGMA       ERROR 1.M     ERROR 2.M     ERROR 3.M 
  PENETRATION       1.1063E+02    1.2628E+03    3.9046E-01    3.0133E+00    3.5535E+01    1.1237E-01    5.6659E+00    7.4704E-03
       SPREAD       3.4105E+01    3.7381E+02    8.7086E-01    3.8828E+00    1.9334E+01    6.1140E-02    2.0071E+00    1.0134E-02
   PATHLENGTH       1.2608E+02    1.4105E+03    3.4662E-01    2.9596E+00    3.7557E+01    1.1876E-01    6.2440E+00    7.2904E-03
 ELASTIC LOSS       7.7984E+03    7.3868E+04                                2.7179E+02    2.7179E-03
   INEL. LOSS       7.6861E+02    7.3868E+04                                2.7179E+02    2.7179E-03

                       MEAN        VARIANCE      SKEWNESS      KURTOSIS        SIGMA       ERROR 1.M     ERROR 2.M     ERROR 3.M 
   ELAST.LOSS       1.2453E+02    1.4215E+05    6.6878E+00    6.1471E+01    3.7703E+02    1.5159E-01    4.4445E+02    1.0087E-02
 WEAK EL.LOSS       1.5458E+00    4.2474E+00    2.3024E+00    8.4338E+00    2.0609E+00    8.2865E-04    4.6563E-03    1.5383E-03
 INELAST.LOSS       1.2426E+01    4.7403E+01    9.8529E-02    2.4758E+00    6.8850E+00    2.7683E-03    2.3154E-02    7.2189E-04
  SUBTHR.LOSS       9.7357E+00    5.8921E+01    8.7493E-01    2.7359E+00    7.6760E+00    3.9507E-03    3.9954E-02    8.9042E-04

                     1.MOMENT      2.MOMENT      3.MOMENT      4.MOMENT      5.MOMENT      6.MOMENT 
  PENETRATION       1.1063E+02    1.3501E+04    1.7905E+06    2.5505E+08    3.8677E+10    6.1997E+12



  RECOILES (PER PROJ.)   :   MEAN NUMBER OF ELASTIC COLLISIONS =   1064.9   MEAN NUMBER OF EL.COLL.(E > EDISPL.) =     60.418
                                                                            MEAN NUMBER OF EL.COLL.(E > SB(1))   =    336.796

  RECOILES (PER KNOCKON) :   MEAN NUMBER OF ELASTIC COLLISIONS =    1.681   MEAN NUMBER OF EL.COLL.(E > EDISPL.) =      0.095
                                                                            MEAN NUMBER OF EL.COLL.(E > SB(1))   =      0.532

1


     DEPTH(A)  PARTICLES  NORM.DEPTH PATHLENGTH   INLOSS(EV)  TELOSS(EV)  ELLOSS(EV)  DAMAGE(EV)  PHONON(EV)  CASCAD(EV)     DPA

    -SU-    0.         0  0.0000E+00
     0.-    2.         0  0.0000E+00         0    1.9976E+06  1.5799E+07  1.5767E+07  1.5316E+07  4.5092E+05  1.2264E+07   30046
     2.-    4.         0  0.0000E+00         0    1.9945E+06  1.5623E+07  1.5591E+07  1.5136E+07  4.5436E+05  1.2135E+07   30160
     4.-    6.         0  0.0000E+00         0    1.9742E+06  1.5740E+07  1.5706E+07  1.5248E+07  4.5768E+05  1.2226E+07   30360
     6.-    8.         0  0.0000E+00         0    1.9571E+06  1.5806E+07  1.5771E+07  1.5305E+07  4.6538E+05  1.2281E+07   31013
     8.-   10.         0  0.0000E+00         0    1.9365E+06  1.5356E+07  1.5320E+07  1.4851E+07  4.6874E+05  1.1945E+07   31186
    10.-   12.         1  0.1000E-04         0    1.9178E+06  1.5747E+07  1.5709E+07  1.5237E+07  4.7164E+05  1.2250E+07   31634
    12.-   14.         1  0.1000E-04         0    1.8953E+06  1.5834E+07  1.5795E+07  1.5318E+07  4.7623E+05  1.2313E+07   32015
    14.-   16.         1  0.1000E-04         0    1.8728E+06  1.5620E+07  1.5579E+07  1.5098E+07  4.8125E+05  1.2152E+07   32181
    16.-   18.         1  0.1000E-04         0    1.8510E+06  1.5539E+07  1.5496E+07  1.5014E+07  4.8218E+05  1.2101E+07   32872
    18.-   20.         4  0.4000E-04         0    1.8286E+06  1.5328E+07  1.5283E+07  1.4790E+07  4.9223E+05  1.1932E+07   32925
    20.-   22.        10  0.1000E-03         1    1.8077E+06  1.5565E+07  1.5518E+07  1.5022E+07  4.9593E+05  1.2120E+07   33509
    22.-   24.        13  0.1300E-03         1    1.7846E+06  1.5629E+07  1.5579E+07  1.5080E+07  4.9908E+05  1.2179E+07   34158
    24.-   26.        30  0.3000E-03         0    1.7627E+06  1.5304E+07  1.5251E+07  1.4749E+07  5.0222E+05  1.1936E+07   34971
    26.-   28.        42  0.4200E-03         3    1.7382E+06  1.5372E+07  1.5316E+07  1.4800E+07  5.1583E+05  1.1974E+07   35020
    28.-   30.        37  0.3700E-03        11    1.7168E+06  1.5191E+07  1.5131E+07  1.4608E+07  5.2311E+05  1.1839E+07   35672
    30.-   32.        70  0.7000E-03        13    1.6906E+06  1.5455E+07  1.5390E+07  1.4867E+07  5.2300E+05  1.2050E+07   36563
    32.-   34.       108  0.1080E-02        15    1.6638E+06  1.5323E+07  1.5255E+07  1.4723E+07  5.3135E+05  1.1941E+07   36772
    34.-   36.       134  0.1340E-02        41    1.6383E+06  1.5162E+07  1.5089E+07  1.4553E+07  5.3653E+05  1.1824E+07   37553
    36.-   38.       147  0.1470E-02        55    1.6127E+06  1.5195E+07  1.5118E+07  1.4572E+07  5.4548E+05  1.1845E+07   38017
    38.-   40.       217  0.2170E-02        53    1.5865E+06  1.5049E+07  1.4966E+07  1.4411E+07  5.5478E+05  1.1727E+07   38682
    40.-   42.       250  0.2500E-02        66    1.5557E+06  1.4883E+07  1.4794E+07  1.4229E+07  5.6462E+05  1.1589E+07   38936
    42.-   44.       316  0.3160E-02       113    1.5301E+06  1.4869E+07  1.4775E+07  1.4207E+07  5.6748E+05  1.1578E+07   39619
    44.-   46.       392  0.3920E-02       126    1.5018E+06  1.4809E+07  1.4708E+07  1.4130E+07  5.7754E+05  1.1524E+07   40152
    46.-   48.       502  0.5020E-02       134    1.4688E+06  1.4501E+07  1.4395E+07  1.3810E+07  5.8497E+05  1.1278E+07   40269
    48.-   50.       505  0.5050E-02       182    1.4396E+06  1.4718E+07  1.4606E+07  1.4018E+07  5.8769E+05  1.1443E+07   40936
    50.-   52.       551  0.5510E-02       250    1.4038E+06  1.4144E+07  1.4027E+07  1.3432E+07  5.9510E+05  1.0987E+07   40749
    52.-   54.       690  0.6900E-02       243    1.3778E+06  1.4303E+07  1.4179E+07  1.3582E+07  5.9743E+05  1.1112E+07   41457
    54.-   56.       771  0.7710E-02       296    1.3440E+06  1.3914E+07  1.3784E+07  1.3179E+07  6.0490E+05  1.0801E+07   41782
    56.-   58.       849  0.8490E-02       390    1.3115E+06  1.3714E+07  1.3578E+07  1.2969E+07  6.0892E+05  1.0636E+07   41915
    58.-   60.       916  0.9160E-02       412    1.2797E+06  1.3810E+07  1.3670E+07  1.3063E+07  6.0693E+05  1.0710E+07   42290
    60.-   62.       992  0.9920E-02       503    1.2448E+06  1.3440E+07  1.3294E+07  1.2681E+07  6.1295E+05  1.0413E+07   42164
    62.-   64.      1114  0.1114E-01       561    1.2090E+06  1.3140E+07  1.2989E+07  1.2373E+07  6.1552E+05  1.0172E+07   42286
    64.-   66.      1249  0.1249E-01       583    1.1758E+06  1.2878E+07  1.2721E+07  1.2103E+07  6.1762E+05  9.9540E+06   42184
    66.-   68.      1261  0.1261E-01       575    1.1405E+06  1.2538E+07  1.2378E+07  1.1760E+07  6.1794E+05  9.6827E+06   41855
    68.-   70.      1348  0.1348E-01       829    1.1076E+06  1.2413E+07  1.2248E+07  1.1629E+07  6.1839E+05  9.5841E+06   42041
    70.-   72.      1469  0.1469E-01       851    1.0711E+06  1.2396E+07  1.2226E+07  1.1612E+07  6.1401E+05  9.5638E+06   41874
    72.-   74.      1497  0.1497E-01       956    1.0364E+06  1.1814E+07  1.1641E+07  1.1034E+07  6.0752E+05  9.1090E+06   41680
    74.-   76.      1524  0.1524E-01      1035    9.9728E+05  1.1524E+07  1.1349E+07  1.0738E+07  6.1116E+05  8.8633E+06   40722
    76.-   78.      1700  0.1700E-01      1174    9.6476E+05  1.1151E+07  1.0970E+07  1.0364E+07  6.0619E+05  8.5669E+06   40758
    78.-   80.      1744  0.1744E-01      1207    9.2901E+05  1.1038E+07  1.0856E+07  1.0255E+07  6.0119E+05  8.4764E+06   40031
    80.-   82.      1827  0.1827E-01      1191    8.9138E+05  1.0596E+07  1.0412E+07  9.8167E+06  5.9527E+05  8.1205E+06   39406
    82.-   84.      1856  0.1856E-01      1353    8.5870E+05  1.0368E+07  1.0183E+07  9.5964E+06  5.8627E+05  7.9461E+06   39158
    84.-   86.      1938  0.1938E-01      1419    8.2572E+05  9.9666E+06  9.7785E+06  9.1920E+06  5.8644E+05  7.6172E+06   38228
    86.-   88.      2001  0.2001E-01      1469    7.8473E+05  9.5145E+06  9.3270E+06  8.7549E+06  5.7211E+05  7.2596E+06   37083
    88.-   90.      2089  0.2089E-01      1514    7.5585E+05  9.2663E+06  9.0779E+06  8.5105E+06  5.6741E+05  7.0623E+06   36512
    90.-   92.      2140  0.2140E-01      1584    7.2164E+05  8.9367E+06  8.7485E+06  8.1966E+06  5.5192E+05  6.8065E+06   35865
    92.-   94.      2110  0.2110E-01      1720    6.8696E+05  8.4451E+06  8.2582E+06  7.7202E+06  5.3803E+05  6.4221E+06   35109
    94.-   96.      2247  0.2247E-01      1742    6.5379E+05  8.1609E+06  7.9764E+06  7.4495E+06  5.2684E+05  6.1959E+06   33778
    96.-   98.      2180  0.2180E-01      1878    6.2238E+05  7.8553E+06  7.6719E+06  7.1566E+06  5.1531E+05  5.9528E+06   32699
    98.-  100.      2211  0.2211E-01      1875    5.9323E+05  7.5292E+06  7.3491E+06  6.8472E+06  5.0190E+05  5.6997E+06   31993
   100.-  102.      2106  0.2106E-01      1838    5.6169E+05  7.2859E+06  7.1076E+06  6.6235E+06  4.8414E+05  5.5143E+06   31098
   102.-  104.      2242  0.2242E-01      1941    5.3335E+05  6.9537E+06  6.7770E+06  6.3024E+06  4.7462E+05  5.2527E+06   30033
   104.-  106.      2140  0.2140E-01      1835    5.0377E+05  6.6652E+06  6.4932E+06  6.0386E+06  4.5461E+05  5.0330E+06   29040
   106.-  108.      2210  0.2210E-01      1871    4.7637E+05  6.2455E+06  6.0758E+06  5.6285E+06  4.4725E+05  4.6955E+06   27789
   108.-  110.      2165  0.2165E-01      1941    4.4888E+05  5.9557E+06  5.7910E+06  5.3617E+06  4.2931E+05  4.4766E+06   26702
   110.-  112.      2199  0.2199E-01      1915    4.2185E+05  5.5931E+06  5.4316E+06  5.0181E+06  4.1350E+05  4.1948E+06   25743
   112.-  114.      2001  0.2001E-01      2052    3.9863E+05  5.4218E+06  5.2636E+06  4.8666E+06  3.9700E+05  4.0671E+06   25009
   114.-  116.      2118  0.2118E-01      2054    3.7343E+05  5.1139E+06  4.9606E+06  4.5750E+06  3.8554E+05  3.8223E+06   23444
   116.-  118.      2091  0.2091E-01      1925    3.4960E+05  4.7564E+06  4.6079E+06  4.2415E+06  3.6632E+05  3.5500E+06   22566
   118.-  120.      2056  0.2056E-01      2141    3.2584E+05  4.4015E+06  4.2572E+06  3.9058E+06  3.5136E+05  3.2735E+06   21325
   120.-  122.      1999  0.1999E-01      2001    3.0587E+05  4.3070E+06  4.1685E+06  3.8318E+06  3.3672E+05  3.2075E+06   20318
   122.-  124.      1890  0.1890E-01      2006    2.8549E+05  4.0443E+06  3.9116E+06  3.5931E+06  3.1854E+05  3.0078E+06   19347
   124.-  126.      1937  0.1937E-01      1769    2.6502E+05  3.6677E+06  3.5406E+06  3.2356E+06  3.0494E+05  2.7136E+06   18154
   126.-  128.      1871  0.1871E-01      1839    2.4735E+05  3.5209E+06  3.3987E+06  3.1080E+06  2.9071E+05  2.6057E+06   17213
   128.-  130.      1804  0.1804E-01      2193    2.3046E+05  3.2629E+06  3.1467E+06  2.8712E+06  2.7550E+05  2.4090E+06   16219
   130.-  132.      1661  0.1661E-01      2051    2.1234E+05  3.0497E+06  2.9387E+06  2.6801E+06  2.5865E+05  2.2494E+06   15299
   132.-  134.      1654  0.1654E-01      2076    1.9740E+05  2.8754E+06  2.7695E+06  2.5280E+06  2.4146E+05  2.1229E+06   14571
   134.-  136.      1578  0.1578E-01      1977    1.8236E+05  2.6756E+06  2.5739E+06  2.3408E+06  2.3308E+05  1.9658E+06   13531
   136.-  138.      1539  0.1539E-01      1963    1.6797E+05  2.4024E+06  2.3070E+06  2.0885E+06  2.1856E+05  1.7563E+06   12556
   138.-  140.      1512  0.1512E-01      1914    1.5505E+05  2.2893E+06  2.1974E+06  1.9900E+06  2.0737E+05  1.6732E+06   11877
   140.-  142.      1340  0.1340E-01      1838    1.4159E+05  2.0908E+06  2.0054E+06  1.8146E+06  1.9083E+05  1.5275E+06   11083
   142.-  144.      1299  0.1299E-01      1855    1.3082E+05  1.9053E+06  1.8242E+06  1.6452E+06  1.7900E+05  1.3865E+06   10415
   144.-  146.      1235  0.1235E-01      1741    1.1878E+05  1.7354E+06  1.6594E+06  1.4910E+06  1.6842E+05  1.2561E+06    9350
   146.-  148.      1245  0.1245E-01      1702    1.0961E+05  1.6500E+06  1.5788E+06  1.4222E+06  1.5661E+05  1.1967E+06    8765
   148.-  150.      1172  0.1172E-01      1680    1.0002E+05  1.5176E+06  1.4508E+06  1.3062E+06  1.4464E+05  1.1005E+06    8207
   150.-  152.      1099  0.1099E-01      1601    9.2048E+04  1.3621E+06  1.3004E+06  1.1648E+06  1.3558E+05  9.8339E+05    7543
   152.-  154.       965  0.9650E-02      1504    8.2322E+04  1.2494E+06  1.1925E+06  1.0700E+06  1.2251E+05  9.0283E+05    6902
   154.-  156.       955  0.9550E-02      1500    7.6315E+04  1.1593E+06  1.1053E+06  9.8914E+05  1.1620E+05  8.3528E+05    6435
   156.-  158.       864  0.8640E-02      1451    6.8419E+04  1.0768E+06  1.0281E+06  9.2261E+05  1.0546E+05  7.7801E+05    5820
   158.-  160.       789  0.7890E-02      1386    6.2336E+04  9.5505E+05  9.0866E+05  8.0898E+05  9.9672E+04  6.8307E+05    5380
   160.-  162.       763  0.7630E-02      1222    5.6434E+04  8.7336E+05  8.3085E+05  7.4210E+05  8.8745E+04  6.2754E+05    5083
   162.-  164.       733  0.7330E-02      1122    5.0999E+04  8.0866E+05  7.6837E+05  6.8285E+05  8.5524E+04  5.7654E+05    4509
   164.-  166.       687  0.6870E-02      1052    4.5654E+04  7.0599E+05  6.6863E+05  5.9024E+05  7.8388E+04  4.9983E+05    4139
   166.-  168.       620  0.6200E-02       994    4.1292E+04  6.5309E+05  6.1896E+05  5.4736E+05  7.1602E+04  4.6282E+05    3766
   168.-  170.       590  0.5900E-02       951    3.6844E+04  5.6671E+05  5.3576E+05  4.7155E+05  6.4212E+04  3.9923E+05    3387
   170.-  172.       587  0.5870E-02       913    3.3242E+04  5.2524E+05  4.9690E+05  4.3914E+05  5.7762E+04  3.7190E+05    3107
   172.-  174.       500  0.5000E-02       878    2.9808E+04  4.7044E+05  4.4521E+05  3.9208E+05  5.3130E+04  3.3235E+05    2770
   174.-  176.       434  0.4340E-02       833    2.6726E+04  4.3258E+05  4.0933E+05  3.6119E+05  4.8141E+04  3.0608E+05    2563
   176.-  178.       377  0.3770E-02       754    2.4007E+04  3.9295E+05  3.7118E+05  3.2786E+05  4.3318E+04  2.7774E+05    2319
   178.-  180.       404  0.4040E-02       747    2.1303E+04  3.4666E+05  3.2668E+05  2.8670E+05  3.9985E+04  2.4322E+05    2080
   180.-  182.       391  0.3910E-02       699    1.8912E+04  3.0827E+05  2.8976E+05  2.5324E+05  3.6520E+04  2.1459E+05    1890
   182.-  184.       355  0.3550E-02       647    1.6984E+04  2.8086E+05  2.6425E+05  2.3122E+05  3.3034E+04  1.9608E+05    1694
   184.-  186.       314  0.3140E-02       548    1.4398E+04  2.2261E+05  2.0826E+05  1.7921E+05  2.9044E+04  1.5229E+05    1404
   186.-  188.       281  0.2810E-02       526    1.3193E+04  2.0036E+05  1.8776E+05  1.6156E+05  2.6195E+04  1.3741E+05    1278
   188.-  190.       207  0.2070E-02       611    1.1609E+04  1.9434E+05  1.8304E+05  1.6113E+05  2.1905E+04  1.3664E+05    1189
   190.-  192.       223  0.2230E-02       510    1.0212E+04  1.6457E+05  1.5428E+05  1.3361E+05  2.0673E+04  1.1358E+05    1032
   192.-  194.       187  0.1870E-02       477    9.1780E+03  1.4981E+05  1.4051E+05  1.2187E+05  1.8640E+04  1.0352E+05     936
   194.-  196.       171  0.1710E-02       449    8.0077E+03  1.3496E+05  1.2681E+05  1.1055E+05  1.6265E+04  9.3563E+04     801
   196.-  198.       161  0.1610E-02       433    7.2511E+03  1.2420E+05  1.1685E+05  1.0201E+05  1.4836E+04  8.6122E+04     725
   198.-  200.       137  0.1370E-02      3649    4.8636E+04  8.1191E+05  7.5595E+05  6.4596E+05  1.0999E+05  5.5016E+05    5252
   200.-   SUT      1086  0.1086E-01

                   99999  1.0000E+00     99999    7.6860E+07  7.7983E+08  7.7027E+08  7.3352E+08  3.6754E+07  6.0028E+08 2410498
1
     RECOILS



     DEPTH(A)     INLOSS(EV)   TELOSS(EV)   ELLOSS(EV)   DAMAGE(EV)   PHONON(EV)     DPA  DPA(1)  DPA(2)

     0.-    2.    4.1267E+05   6.6219E+06   5.4072E+06   1.7002E+06   3.7070E+06   24457   24457       0
     2.-    4.    6.4833E+05   9.4301E+06   7.9541E+06   3.1379E+06   4.8162E+06   40346   40346       0
     4.-    6.    8.5907E+05   1.1840E+07   1.0041E+07   4.1168E+06   5.9240E+06   50839   50839       0
     6.-    8.    1.0374E+06   1.3936E+07   1.1844E+07   4.9684E+06   6.8760E+06   59866   59866       0
     8.-   10.    1.1960E+06   1.5755E+07   1.3414E+07   5.7020E+06   7.7122E+06   67464   67464       0
    10.-   12.    1.3451E+06   1.7492E+07   1.4926E+07   6.4596E+06   8.4664E+06   74508   74508       0
    12.-   14.    1.4677E+06   1.8836E+07   1.6080E+07   7.0023E+06   9.0773E+06   80928   80928       0
    14.-   16.    1.5866E+06   2.0206E+07   1.7274E+07   7.5922E+06   9.6815E+06   85777   85777       0
    16.-   18.    1.6867E+06   2.1359E+07   1.8270E+07   8.0674E+06   1.0203E+07   90662   90662       0
    18.-   20.    1.7838E+06   2.2380E+07   1.9137E+07   8.4360E+06   1.0701E+07   95148   95148       0
    20.-   22.    1.8757E+06   2.3522E+07   2.0137E+07   8.9572E+06   1.1179E+07   99556   99556       0
    22.-   24.    1.9623E+06   2.4486E+07   2.0969E+07   9.3366E+06   1.1632E+07  104118  104118       0
    24.-   26.    2.0493E+06   2.5412E+07   2.1767E+07   9.7045E+06   1.2062E+07  108703  108703       0
    26.-   28.    2.1277E+06   2.6363E+07   2.2584E+07   1.0085E+07   1.2499E+07  111810  111810       0
    28.-   30.    2.1995E+06   2.7208E+07   2.3314E+07   1.0432E+07   1.2882E+07  116170  116170       0
    30.-   32.    2.2626E+06   2.7973E+07   2.3967E+07   1.0724E+07   1.3243E+07  119173  119173       0
    32.-   34.    2.3237E+06   2.8705E+07   2.4590E+07   1.0989E+07   1.3601E+07  122211  122211       0
    34.-   36.    2.3844E+06   2.9527E+07   2.5314E+07   1.1385E+07   1.3929E+07  125449  125449       0
    36.-   38.    2.4433E+06   3.0089E+07   2.5787E+07   1.1552E+07   1.4235E+07  128450  128450       0
    38.-   40.    2.4923E+06   3.0871E+07   2.6471E+07   1.1919E+07   1.4552E+07  131785  131785       0
    40.-   42.    2.5445E+06   3.1499E+07   2.7009E+07   1.2163E+07   1.4846E+07  133954  133954       0
    42.-   44.    2.5817E+06   3.1989E+07   2.7417E+07   1.2284E+07   1.5133E+07  136036  136036       0
    44.-   46.    2.6228E+06   3.2542E+07   2.7888E+07   1.2490E+07   1.5398E+07  138329  138329       0
    46.-   48.    2.6594E+06   3.3052E+07   2.8331E+07   1.2711E+07   1.5621E+07  140635  140635       0
    48.-   50.    2.6864E+06   3.3448E+07   2.8663E+07   1.2834E+07   1.5829E+07  142085  142085       0
    50.-   52.    2.7112E+06   3.3845E+07   2.9001E+07   1.2968E+07   1.6032E+07  143503  143503       0
    52.-   54.    2.7300E+06   3.4066E+07   2.9176E+07   1.3001E+07   1.6175E+07  145291  145291       0
    54.-   56.    2.7470E+06   3.4352E+07   2.9421E+07   1.3130E+07   1.6291E+07  147019  147019       0
    56.-   58.    2.7575E+06   3.4627E+07   2.9654E+07   1.3199E+07   1.6455E+07  146861  146861       0
    58.-   60.    2.7571E+06   3.4649E+07   2.9655E+07   1.3153E+07   1.6502E+07  147162  147162       0
    60.-   62.    2.7660E+06   3.4764E+07   2.9740E+07   1.3152E+07   1.6588E+07  147131  147131       0
    62.-   64.    2.7745E+06   3.5018E+07   2.9979E+07   1.3325E+07   1.6654E+07  148810  148810       0
    64.-   66.    2.7681E+06   3.4889E+07   2.9830E+07   1.3123E+07   1.6707E+07  148557  148557       0
    66.-   68.    2.7585E+06   3.4987E+07   2.9928E+07   1.3209E+07   1.6719E+07  149010  149010       0
    68.-   70.    2.7476E+06   3.5048E+07   2.9989E+07   1.3274E+07   1.6715E+07  148782  148782       0
    70.-   72.    2.7288E+06   3.4742E+07   2.9691E+07   1.3021E+07   1.6670E+07  147868  147868       0
    72.-   74.    2.7150E+06   3.4656E+07   2.9625E+07   1.3028E+07   1.6597E+07  146832  146832       0
    74.-   76.    2.6843E+06   3.4287E+07   2.9293E+07   1.2814E+07   1.6478E+07  145855  145855       0
    76.-   78.    2.6494E+06   3.4016E+07   2.9063E+07   1.2746E+07   1.6317E+07  144107  144107       0
    78.-   80.    2.6149E+06   3.3689E+07   2.8795E+07   1.2648E+07   1.6147E+07  142958  142958       0
    80.-   82.    2.5738E+06   3.3163E+07   2.8323E+07   1.2379E+07   1.5944E+07  141087  141087       0
    82.-   84.    2.5301E+06   3.2619E+07   2.7845E+07   1.2126E+07   1.5718E+07  138378  138378       0
    84.-   86.    2.4897E+06   3.1985E+07   2.7296E+07   1.1850E+07   1.5446E+07  135784  135784       0
    86.-   88.    2.4380E+06   3.1491E+07   2.6897E+07   1.1748E+07   1.5150E+07  133365  133365       0
    88.-   90.    2.3831E+06   3.0734E+07   2.6250E+07   1.1462E+07   1.4789E+07  130651  130651       0
    90.-   92.    2.3152E+06   2.9854E+07   2.5509E+07   1.1158E+07   1.4351E+07  127308  127308       0
    92.-   94.    2.2387E+06   2.8718E+07   2.4556E+07   1.0784E+07   1.3772E+07  123430  123430       0
    94.-   96.    2.1402E+06   2.7179E+07   2.3283E+07   1.0318E+07   1.2965E+07  118240  118240       0
    96.-   98.    2.0071E+06   2.5112E+07   2.1624E+07   9.8835E+06   1.1740E+07  111602  111602       0
    98.-  100.    1.7678E+06   2.1269E+07   1.8514E+07   9.0416E+06   9.4721E+06   98736   98736       0
   100.-  102.    1.0494E+06   1.1409E+07   1.0060E+07   5.3507E+06   4.7094E+06   54126   54126       0
   102.-  104.    2.9741E+04   2.5956E+05   2.1129E+05   6.3152E+04   1.4814E+05     870     870       0
   104.-  106.    0.0000E+00   0.0000E+00   0.0000E+00   0.0000E+00   0.0000E+00       0       0       0
   106.-  108.    0.0000E+00   0.0000E+00   0.0000E+00   0.0000E+00   0.0000E+00       0       0       0
   108.-  110.    0.0000E+00   0.0000E+00   0.0000E+00   0.0000E+00   0.0000E+00       0       0       0
   110.-  112.    0.0000E+00   0.0000E+00   0.0000E+00   0.0000E+00   0.0000E+00       0       0       0
   112.-  114.    0.0000E+00   0.0000E+00   0.0000E+00   0.0000E+00   0.0000E+00       0       0       0
   114.-  116.    0.0000E+00   0.0000E+00   0.0000E+00   0.0000E+00   0.0000E+00       0       0       0
   116.-  118.    0.0000E+00   0.0000E+00   0.0000E+00   0.0000E+00   0.0000E+00       0       0       0
   118.-  120.    0.0000E+00   0.0000E+00   0.0000E+00   0.0000E+00   0.0000E+00       0       0       0
   120.-  122.    0.0000E+00   0.0000E+00   0.0000E+00   0.0000E+00   0.0000E+00       0       0       0
   122.-  124.    0.0000E+00   0.0000E+00   0.0000E+00   0.0000E+00   0.0000E+00       0       0       0
   124.-  126.    0.0000E+00   0.0000E+00   0.0000E+00   0.0000E+00   0.0000E+00       0       0       0
   126.-  128.    0.0000E+00   0.0000E+00   0.0000E+00   0.0000E+00   0.0000E+00       0       0       0
   128.-  130.    0.0000E+00   0.0000E+00   0.0000E+00   0.0000E+00   0.0000E+00       0       0       0
   130.-  132.    0.0000E+00   0.0000E+00   0.0000E+00   0.0000E+00   0.0000E+00       0       0       0
   132.-  134.    0.0000E+00   0.0000E+00   0.0000E+00   0.0000E+00   0.0000E+00       0       0       0
   134.-  136.    0.0000E+00   0.0000E+00   0.0000E+00   0.0000E+00   0.0000E+00       0       0       0
   136.-  138.    0.0000E+00   0.0000E+00   0.0000E+00   0.0000E+00   0.0000E+00       0       0       0
   138.-  140.    0.0000E+00   0.0000E+00   0.0000E+00   0.0000E+00   0.0000E+00       0       0       0
   140.-  142.    0.0000E+00   0.0000E+00   0.0000E+00   0.0000E+00   0.0000E+00       0       0       0
   142.-  144.    0.0000E+00   0.0000E+00   0.0000E+00   0.0000E+00   0.0000E+00       0       0       0
   144.-  146.    0.0000E+00   0.0000E+00   0.0000E+00   0.0000E+00   0.0000E+00       0       0       0
   146.-  148.    0.0000E+00   0.0000E+00   0.0000E+00   0.0000E+00   0.0000E+00       0       0       0
   148.-  150.    0.0000E+00   0.0000E+00   0.0000E+00   0.0000E+00   0.0000E+00       0       0       0
   150.-  152.    0.0000E+00   0.0000E+00   0.0000E+00   0.0000E+00   0.0000E+00       0       0       0
   152.-  154.    0.0000E+00   0.0000E+00   0.0000E+00   0.0000E+00   0.0000E+00       0       0       0
   154.-  156.    0.0000E+00   0.0000E+00   0.0000E+00   0.0000E+00   0.0000E+00       0       0       0
   156.-  158.    0.0000E+00   0.0000E+00   0.0000E+00   0.0000E+00   0.0000E+00       0       0       0
   158.-  160.    0.0000E+00   0.0000E+00   0.0000E+00   0.0000E+00   0.0000E+00       0       0       0
   160.-  162.    0.0000E+00   0.0000E+00   0.0000E+00   0.0000E+00   0.0000E+00       0       0       0
   162.-  164.    0.0000E+00   0.0000E+00   0.0000E+00   0.0000E+00   0.0000E+00       0       0       0
   164.-  166.    0.0000E+00   0.0000E+00   0.0000E+00   0.0000E+00   0.0000E+00       0       0       0
   166.-  168.    0.0000E+00   0.0000E+00   0.0000E+00   0.0000E+00   0.0000E+00       0       0       0
   168.-  170.    0.0000E+00   0.0000E+00   0.0000E+00   0.0000E+00   0.0000E+00       0       0       0
   170.-  172.    0.0000E+00   0.0000E+00   0.0000E+00   0.0000E+00   0.0000E+00       0       0       0
   172.-  174.    0.0000E+00   0.0000E+00   0.0000E+00   0.0000E+00   0.0000E+00       0       0       0
   174.-  176.    0.0000E+00   0.0000E+00   0.0000E+00   0.0000E+00   0.0000E+00       0       0       0
   176.-  178.    0.0000E+00   0.0000E+00   0.0000E+00   0.0000E+00   0.0000E+00       0       0       0
   178.-  180.    0.0000E+00   0.0000E+00   0.0000E+00   0.0000E+00   0.0000E+00       0       0       0
   180.-  182.    0.0000E+00   0.0000E+00   0.0000E+00   0.0000E+00   0.0000E+00       0       0       0
   182.-  184.    0.0000E+00   0.0000E+00   0.0000E+00   0.0000E+00   0.0000E+00       0       0       0
   184.-  186.    0.0000E+00   0.0000E+00   0.0000E+00   0.0000E+00   0.0000E+00       0       0       0
   186.-  188.    0.0000E+00   0.0000E+00   0.0000E+00   0.0000E+00   0.0000E+00       0       0       0
   188.-  190.    0.0000E+00   0.0000E+00   0.0000E+00   0.0000E+00   0.0000E+00       0       0       0
   190.-  192.    0.0000E+00   0.0000E+00   0.0000E+00   0.0000E+00   0.0000E+00       0       0       0
   192.-  194.    0.0000E+00   0.0000E+00   0.0000E+00   0.0000E+00   0.0000E+00       0       0       0
   194.-  196.    0.0000E+00   0.0000E+00   0.0000E+00   0.0000E+00   0.0000E+00       0       0       0
   196.-  198.    0.0000E+00   0.0000E+00   0.0000E+00   0.0000E+00   0.0000E+00       0       0       0
   198.-  200.    0.0000E+00   0.0000E+00   0.0000E+00   0.0000E+00   0.0000E+00       0       0       0

                  1.1211E+08   1.4160E+09   1.2118E+09   5.3670E+08   6.7506E+08 6041782 6041782       0
1     BACKWARD SPUTTERING



        ALL SPUTTERED PARTICLES =   77165   TOTAL SPUTTERED ENERGY = 0.3749E+07 EV


        SPUTTERED PARTICLES (1.LAYER) =   77165   SPUTTERED ENERGY = 0.3749E+07 EV


 1.LAYER
         SPUTTERED PARTICLES(1) =   77165     SPUTTERED ENERGY(1) = 0.3749E+07 EV

         ION IN , PRIMARY KO(1) =   15375   0.1992   0.1992    ENERGY = 0.1505E+07 EV   0.4015   0.4015    MEAN ENERGY = 0.9789E+02
         ION IN , SECOND. KO(1) =   61786   0.8007   0.8007    ENERGY = 0.2244E+07 EV   0.5985   0.5985    MEAN ENERGY = 0.3631E+02
        ION OUT , PRIMARY KO(1) =       0   0.0000   0.0000    ENERGY = 0.0000E+00 EV   0.0000   0.0000    MEAN ENERGY = 0.0000E+00
        ION OUT , SECOND. KO(1) =       4   0.0001   0.0001    ENERGY = 0.3278E+02 EV   0.0000   0.0000    MEAN ENERGY = 0.8194E+01


     SPUTTERING YIELD(1) =  7.717E-01  SPUTTERED ENERGY(1) =  4.376E-03  REL.MEAN ENERGY(1) =  5.671E-03  MEAN ENERGY(1) =  4.858E+01

                       MEAN        VARIANCE      SKEWNESS      KURTOSIS        SIGMA       ERROR 1.M     ERROR 2.M     ERROR 3.M 
    ENERGY(1)       4.8580E+01    8.0535E+03    5.0606E+00    4.3989E+01    8.9741E+01    3.2306E-01    1.9009E+02    1.6768E-01
 LOGENERGY(1)       1.2764E+00    3.6518E-01    4.1098E-02    2.8353E+00    6.0430E-01    2.1756E-03    1.7811E-03    7.7499E-03

                     1.MOMENT      2.MOMENT      3.MOMENT      4.MOMENT      5.MOMENT      6.MOMENT 
    ENERGY(1)       4.8580E+01    1.0413E+04    4.9458E+06    3.6833E+09    3.7421E+12    4.8200E+15
 LOGENERGY(1)       1.2764E+00    1.9943E+00    3.4868E+00    6.6482E+00    1.3534E+01    2.9028E+01



     POLAR ANGULAR DISTRIBUTION OF ALL BACKWARD SPUTTERED PARTICLES


       0.00  0.00  0.00  0.00  0.00  0.00  0.00  0.00  0.00  0.00  0.00  0.00  0.00  0.00  0.00  0.00  0.00  0.00  0.00  0.00

        128   419   711  1001  1369  1751  2219  2673  3260  3780  4084  4736  4984  5482  5850  6152  6504  6919  7375  7768
      0.033 0.109 0.184 0.259 0.355 0.454 0.575 0.693 0.845 0.980 1.059 1.227 1.292 1.421 1.516 1.595 1.686 1.793 1.911 2.013
1 LOG ENERGY - COS OF EMISSION ANGLE (0.05 STEPS)   (BACKWARD SPUTTERED PARTICLES) ; 1. LAYER ; SPECIES 1


   0.0000E+00    1    2    3    4    5    6    7    8    9   10   11   12   13   14   15   16   17   18   19   20     0  0.0000E+00
   0.1000E+00    1    0    0    0    0    0    0    0    1    1    0    2    4    0    1    0    1    0    2    1    14  0.1400E-02
   0.1212E+00    0    0    0    0    0    0    0    0    0    0    0    0    0    0    0    0    0    0    0    0     0  0.0000E+00
   0.1468E+00    0    0    0    0    0    0    0    0    0    0    0    0    0    0    0    0    0    0    0    0     0  0.0000E+00
   0.1778E+00    0    0    0    0    0    0    0    0    0    0    0    0    0    0    0    0    0    0    0    0     0  0.0000E+00
   0.2154E+00    0    0    0    0    0    0    0    0    0    0    0    0    0    0    0    0    0    0    0    0     0  0.0000E+00
   0.2610E+00    0    0    0    0    0    0    0    0    0    0    0    0    0    0    0    0    0    0    0    0     0  0.0000E+00
   0.3162E+00    0    0    0    0    0    0    0    0    0    0    0    0    0    0    0    0    0    0    0    0     0  0.0000E+00
   0.3831E+00    0    0    0    0    0    0    0    0    0    0    0    0    0    0    0    0    0    0    0    0     0  0.0000E+00
   0.4642E+00    0    0    0    0    0    0    0    0    0    0    0    0    0    0    0    0    0    0    0    0     0  0.0000E+00
   0.5623E+00    0    0    0    0    0    0    0    0    0    0    0    0    0    0    0    0    0    0    0    0     0  0.0000E+00
   0.6813E+00    0    0    0    0    0    0    0    0    0    0    0    0    0    0    0    0    0    0    0    0     0  0.0000E+00
   0.8254E+00    0    0    0    0    0    0    0    0    0    0    0    0    0    0    0    0    0    0    0    0     0  0.0000E+00
   0.1000E+01    0    0    0    0    0    0    0    0    0    0    0    0    0    0    0    0    0    0    0    0     0  0.0000E+00
   0.1212E+01    0    0    0    0    0    0    0    0    0    0    0    0    0    0    0    0    0    0    0    0     0  0.0000E+00
   0.1468E+01    0    0    0    0    0    0    0    0    0    0    0    0    0    0    0    0    0    0    0    0     0  0.0000E+00
   0.1778E+01    0    0    0    0    0    0    0    0    0    0    0    0    0    0    0    0    0    0    0    0     0  0.0000E+00
   0.2154E+01    0    0    0    0    0    0    0    0    0    0    0    0    0    0    0    0    0    0    0    0     0  0.0000E+00
   0.2610E+01    0    0    0    0    0    0    0    0    0    0    0    0    0    0    0    0    0    0    0    0     0  0.0000E+00
   0.3162E+01    0    0    0    0    0    0    0    0    0    0    0    0    0    0    0    0    0    0    0    0     0  0.0000E+00
   0.3831E+01    0    0    0    0    0    0    0    0    0    0    0    0    0    0    0    0    0    0    0    0     0  0.0000E+00
   0.4642E+01    0    0    0    0    0    0    0    0    0    0    0    0    0    0    0    0    0    0    0    0     0  0.0000E+00
   0.5623E+01    0    0    0    0    0    0    0    0    0    0    0    0    0    0    0    0    0    0    0    0     0  0.0000E+00
   0.6813E+01    0    0    0    0    0    0    0    0    0    0    0    0    0    0    0    0    0    0    0    0     0  0.0000E+00
   0.8254E+01    0    0    0    0    0    0    0    0    0    0    0    0    0    0    0    0    0    0    0    0     0  0.0000E+00
   0.1000E+02    0    0    0    0    0    0    0    0    0    0    0    0    0    0    0    0    0    0    0    0     0  0.0000E+00
   0.1212E+02    0    0    0    0    0    0    0    0    0    0    0    0    0    0    0    0    0    0    0    0     0  0.0000E+00
   0.1468E+02    0    0    0    0    0    0    0    0    0    0    0    0    0    0    0    0    0    0    0    0     0  0.0000E+00
   0.1778E+02    0    0    0    0    0    0    0    0    0    0    0    0    0    0    0    0    0    0    0    0     0  0.0000E+00
   0.2154E+02    0    0    0    0    0    0    0    0    0    0    0    0    0    0    0    0    0    0    0    0     0  0.0000E+00
   0.2610E+02    0    0    0    0    0    0    0    0    0    0    0    0    0    0    0    0    0    0    0    0     0  0.0000E+00
   0.3162E+02    0    0    0    0    0    0    0    0    0    0    0    0    0    0    0    0    0    0    0    0     0  0.0000E+00
   0.3831E+02    0    0    0    0    0    0    0    0    0    0    0    0    0    0    0    0    0    0    0    0     0  0.0000E+00
   0.4642E+02    0    0    0    0    0    0    0    0    0    0    0    0    0    0    0    0    0    0    0    0     0  0.0000E+00
   0.5623E+02    0    0    0    0    0    0    0    0    0    0    0    0    0    0    0    0    0    0    0    0     0  0.0000E+00
   0.6813E+02    0    0    0    0    0    0    0    0    0    0    0    0    0    0    0    0    0    0    0    0     0  0.0000E+00
   0.8254E+02    0    0    0    0    0    0    0    0    0    0    0    0    0    0    0    0    0    0    0    0     0  0.0000E+00
   0.1000E+03    0    0    0    0    0    0    0    0    0    0    0    0    0    0    0    0    0    0    0    0     0  0.0000E+00
   0.1212E+03    0    0    0    0    0    0    0    0    0    0    0    0    0    0    0    0    0    0    0    0     0  0.0000E+00
   0.1468E+03    0    0    0    0    0    0    0    0    0    0    0    0    0    0    0    0    0    0    0    0     0  0.0000E+00
   0.1778E+03    0    0    0    0    0    0    0    0    0    0    0    0    0    0    0    0    0    0    0    0     0  0.0000E+00
   0.2154E+03    0    0    0    0    0    0    0    0    0    0    0    0    0    0    0    0    0    0    0    0     0  0.0000E+00
   0.2610E+03    0    0    0    0    0    0    0    0    0    0    0    0    0    0    0    0    0    0    0    0     0  0.0000E+00
   0.3162E+03    0    0    0    0    0    0    0    0    0    0    0    0    0    0    0    0    0    0    0    0     0  0.0000E+00
   0.3831E+03    0    0    0    0    0    0    0    0    0    0    0    0    0    0    0    0    0    0    0    0     0  0.0000E+00
   0.4642E+03    0    0    0    0    0    0    0    0    0    0    0    0    0    0    0    0    0    0    0    0     0  0.0000E+00
   0.5623E+03    0    0    0    0    0    0    0    0    0    0    0    0    0    0    0    0    0    0    0    0     0  0.0000E+00
   0.6813E+03    0    0    0    0    0    0    0    0    0    0    0    0    0    0    0    0    0    0    0    0     0  0.0000E+00
   0.8254E+03    0    0    0    0    0    0    0    0    0    0    0    0    0    0    0    0    0    0    0    0     0  0.0000E+00
   0.1000E+04    0    0    0    0    0    0    0    0    0    0    0    0    0    0    0    0    0    0    0    0     0  0.0000E+00
   0.1212E+04    0    0    0    0    0    0    0    0    0    0    0    0    0    0    0    0    0    0    0    0     0  0.0000E+00
   0.1468E+04    0    0    0    0    0    0    0    0    0    0    0    0    0    0    0    0    0    0    0    0     0  0.0000E+00
   0.1778E+04    0    0    0    0    0    0    0    0    0    0    0    0    0    0    0    0    0    0    0    0     0  0.0000E+00
   0.2154E+04    0    0    0    0    0    0    0    0    0    0    0    0    0    0    0    0    0    0    0    0     0  0.0000E+00
   0.2610E+04    0    0    0    0    0    0    0    0    0    0    0    0    0    0    0    0    0    0    0    0     0  0.0000E+00
   0.3162E+04    0    0    0    0    0    0    0    0    0    0    0    0    0    0    0    0    0    0    0    0     0  0.0000E+00
   0.3831E+04    0    0    0    0    0    0    0    0    0    0    0    0    0    0    0    0    0    0    0    0     0  0.0000E+00
   0.4642E+04    0    0    0    0    0    0    0    0    0    0    0    0    0    0    0    0    0    0    0    0     0  0.0000E+00
   0.5623E+04    0    0    0    0    0    0    0    0    0    0    0    0    0    0    0    0    0    0    0    0     0  0.0000E+00
   0.6813E+04    0    0    0    0    0    0    0    0    0    0    0    0    0    0    0    0    0    0    0    0     0  0.0000E+00
   0.8254E+04    0    0    0    0    0    0    0    0    0    0    0    0    0    0    0    0    0    0    0    0     0  0.0000E+00
   0.1000E+05    0    0    0    0    0    0    0    0    0    0    0    0    0    0    0    0    0    0    0    0     0  0.0000E+00
   0.1212E+05    0    0    0    0    0    0    0    0    0    0    0    0    0    0    0    0    0    0    0    0     0  0.0000E+00
   0.1468E+05    0    0    0    0    0    0    0    0    0    0    0    0    0    0    0    0    0    0    0    0     0  0.0000E+00
   0.1778E+05    0    0    0    0    0    0    0    0    0    0    0    0    0    0    0    0    0    0    0    0     0  0.0000E+00
   0.2154E+05    0    0    0    0    0    0    0    0    0    0    0    0    0    0    0    0    0    0    0    0     0  0.0000E+00
   0.2610E+05    0    0    0    0    0    0    0    0    0    0    0    0    0    0    0    0    0    0    0    0     0  0.0000E+00
   0.3162E+05    0    0    0    0    0    0    0    0    0    0    0    0    0    0    0    0    0    0    0    0     0  0.0000E+00
   0.3831E+05    0    0    0    0    0    0    0    0    0    0    0    0    0    0    0    0    0    0    0    0     0  0.0000E+00
   0.4642E+05    0    0    0    0    0    0    0    0    0    0    0    0    0    0    0    0    0    0    0    0     0  0.0000E+00
   0.5623E+05    0    0    0    0    0    0    0    0    0    0    0    0    0    0    0    0    0    0    0    0     0  0.0000E+00
   0.6813E+05    0    0    0    0    0    0    0    0    0    0    0    0    0    0    0    0    0    0    0    0     0  0.0000E+00
   0.8254E+05    0    0    0    0    0    0    0    0    0    0    0    0    0    0    0    0    0    0    0    0     0  0.0000E+00
   0.1000E+06    0    0    0    0    0    0    0    0    0    0    0    0    0    0    0    0    0    0    0    0     0  0.0000E+00
   0.0000E+00  255  838 1422 2002 2738 3502 4438 5346 6519 7559 8168 9470 996410964116991230413007138381474815535154316  0.0000E+00
1ENERGY(E/E0 IN %) - POLAR ANGLE IN COS-INTERVALS (0.05)  (BACKWARD SPUTTERED PARTICLES) , 1.LAYER , SPECIES 1

     0    1    2    3    4    5    6    7    8    9   10   11   12   13   14   15   16   17   18   19   20      0
     1  121  393  646  890 1168 1461 1830 2127 2607 3035 3324 3862 4135 4606 4963 5320 5639 6112 6604 7025  65868
     2    4   22   41   59   96  152  192  273  329  377  390  471  478  472  537  496  517  517  507  485   6415
     3    1    3   17   27   44   57   73  116  120  159  166  179  178  196  177  172  167  164  157  146   2319
     4    1    0    3   12   28   26   53   69   75   91   88   99   63   77   82   75   85   50   53   66   1096
     5    0    0    1    7   12   19   24   39   48   52   44   42   40   56   40   44   41   29   20   23    581
     6    0    1    0    2   10   12   15   17   25   21   33   32   30   38   19   15   17   20   18   13    338
     7    1    0    2    0    6    7    8    8   24   17   13   18   19   18   12   14   18   12    4    7    208
     8    0    0    0    1    1    6    7   11   11    6   11   12   13    9    7    8   12    8    7    3    133
     9    0    0    0    1    2    2    7    6    6    6    5    8    6    4    5    6    2    3    1    0     70
    10    0    0    1    1    1    4    2    4    4    4    6    4    2    4    1    1    4    2    1    0     46
    11    0    0    0    0    0    1    3    1    5    5    1    3    9    1    3    0    1    1    1    0     35
    12    0    0    0    0    0    1    1    1    2    2    0    2    4    0    3    0    1    0    1    0     18
    13    0    0    0    0    1    0    0    0    1    1    1    3    2    1    1    0    0    1    0    0     12
    14    0    0    0    0    0    0    1    0    1    1    1    1    2    0    0    0    0    0    0    0      7
    15    0    0    0    1    0    1    0    1    0    1    0    0    0    0    0    0    0    0    0    0      4
    16    0    0    0    0    0    1    1    0    1    1    1    0    1    0    0    0    0    0    0    0      6
    17    0    0    0    0    0    1    0    0    1    1    0    0    2    0    0    0    0    0    0    0      5
    18    0    0    0    0    0    0    1    0    0    0    0    0    0    0    0    0    0    0    1    0      2
    19    0    0    0    0    0    0    0    0    0    0    0    0    0    0    0    1    0    0    0    0      1
    20    0    0    0    0    0    0    0    0    0    0    0    0    0    0    0    0    0    0    0    0      0
    21    0    0    0    0    0    0    0    0    0    0    0    0    0    0    0    0    0    0    0    0      0
    22    0    0    0    0    0    0    0    0    0    0    0    0    0    0    0    0    0    0    0    0      0
    23    0    0    0    0    0    0    0    0    0    0    0    0    0    0    0    0    0    0    0    0      0
    24    0    0    0    0    0    0    0    0    0    0    0    0    0    0    0    0    0    0    0    0      0
    25    0    0    0    0    0    0    0    0    0    0    0    0    0    0    0    0    0    0    0    0      0
    26    0    0    0    0    0    0    0    0    0    0    0    0    0    0    0    0    0    0    0    0      0
    27    0    0    0    0    0    0    1    0    0    0    0    0    0    0    0    0    0    0    0    0      1
    28    0    0    0    0    0    0    0    0    0    0    0    0    0    0    0    0    0    0    0    0      0
    29    0    0    0    0    0    0    0    0    0    0    0    0    0    0    0    0    0    0    0    0      0
    30    0    0    0    0    0    0    0    0    0    0    0    0    0    0    0    0    0    0    0    0      0
    31    0    0    0    0    0    0    0    0    0    0    0    0    0    0    0    0    0    0    0    0      0
    32    0    0    0    0    0    0    0    0    0    0    0    0    0    0    0    0    0    0    0    0      0
    33    0    0    0    0    0    0    0    0    0    0    0    0    0    0    0    0    0    0    0    0      0
    34    0    0    0    0    0    0    0    0    0    0    0    0    0    0    0    0    0    0    0    0      0
    35    0    0    0    0    0    0    0    0    0    0    0    0    0    0    0    0    0    0    0    0      0
    36    0    0    0    0    0    0    0    0    0    0    0    0    0    0    0    0    0    0    0    0      0
    37    0    0    0    0    0    0    0    0    0    0    0    0    0    0    0    0    0    0    0    0      0
    38    0    0    0    0    0    0    0    0    0    0    0    0    0    0    0    0    0    0    0    0      0
    39    0    0    0    0    0    0    0    0    0    0    0    0    0    0    0    0    0    0    0    0      0
    40    0    0    0    0    0    0    0    0    0    0    0    0    0    0    0    0    0    0    0    0      0
    41    0    0    0    0    0    0    0    0    0    0    0    0    0    0    0    0    0    0    0    0      0
    42    0    0    0    0    0    0    0    0    0    0    0    0    0    0    0    0    0    0    0    0      0
    43    0    0    0    0    0    0    0    0    0    0    0    0    0    0    0    0    0    0    0    0      0
    44    0    0    0    0    0    0    0    0    0    0    0    0    0    0    0    0    0    0    0    0      0
    45    0    0    0    0    0    0    0    0    0    0    0    0    0    0    0    0    0    0    0    0      0
    46    0    0    0    0    0    0    0    0    0    0    0    0    0    0    0    0    0    0    0    0      0
    47    0    0    0    0    0    0    0    0    0    0    0    0    0    0    0    0    0    0    0    0      0
    48    0    0    0    0    0    0    0    0    0    0    0    0    0    0    0    0    0    0    0    0      0
    49    0    0    0    0    0    0    0    0    0    0    0    0    0    0    0    0    0    0    0    0      0
    50    0    0    0    0    0    0    0    0    0    0    0    0    0    0    0    0    0    0    0    0      0
    51    0    0    0    0    0    0    0    0    0    0    0    0    0    0    0    0    0    0    0    0      0
    52    0    0    0    0    0    0    0    0    0    0    0    0    0    0    0    0    0    0    0    0      0
    53    0    0    0    0    0    0    0    0    0    0    0    0    0    0    0    0    0    0    0    0      0
    54    0    0    0    0    0    0    0    0    0    0    0    0    0    0    0    0    0    0    0    0      0
    55    0    0    0    0    0    0    0    0    0    0    0    0    0    0    0    0    0    0    0    0      0
    56    0    0    0    0    0    0    0    0    0    0    0    0    0    0    0    0    0    0    0    0      0
    57    0    0    0    0    0    0    0    0    0    0    0    0    0    0    0    0    0    0    0    0      0
    58    0    0    0    0    0    0    0    0    0    0    0    0    0    0    0    0    0    0    0    0      0
    59    0    0    0    0    0    0    0    0    0    0    0    0    0    0    0    0    0    0    0    0      0
    60    0    0    0    0    0    0    0    0    0    0    0    0    0    0    0    0    0    0    0    0      0
    61    0    0    0    0    0    0    0    0    0    0    0    0    0    0    0    0    0    0    0    0      0
    62    0    0    0    0    0    0    0    0    0    0    0    0    0    0    0    0    0    0    0    0      0
    63    0    0    0    0    0    0    0    0    0    0    0    0    0    0    0    0    0    0    0    0      0
    64    0    0    0    0    0    0    0    0    0    0    0    0    0    0    0    0    0    0    0    0      0
    65    0    0    0    0    0    0    0    0    0    0    0    0    0    0    0    0    0    0    0    0      0
    66    0    0    0    0    0    0    0    0    0    0    0    0    0    0    0    0    0    0    0    0      0
    67    0    0    0    0    0    0    0    0    0    0    0    0    0    0    0    0    0    0    0    0      0
    68    0    0    0    0    0    0    0    0    0    0    0    0    0    0    0    0    0    0    0    0      0
    69    0    0    0    0    0    0    0    0    0    0    0    0    0    0    0    0    0    0    0    0      0
    70    0    0    0    0    0    0    0    0    0    0    0    0    0    0    0    0    0    0    0    0      0
    71    0    0    0    0    0    0    0    0    0    0    0    0    0    0    0    0    0    0    0    0      0
    72    0    0    0    0    0    0    0    0    0    0    0    0    0    0    0    0    0    0    0    0      0
    73    0    0    0    0    0    0    0    0    0    0    0    0    0    0    0    0    0    0    0    0      0
    74    0    0    0    0    0    0    0    0    0    0    0    0    0    0    0    0    0    0    0    0      0
    75    0    0    0    0    0    0    0    0    0    0    0    0    0    0    0    0    0    0    0    0      0
    76    0    0    0    0    0    0    0    0    0    0    0    0    0    0    0    0    0    0    0    0      0
    77    0    0    0    0    0    0    0    0    0    0    0    0    0    0    0    0    0    0    0    0      0
    78    0    0    0    0    0    0    0    0    0    0    0    0    0    0    0    0    0    0    0    0      0
    79    0    0    0    0    0    0    0    0    0    0    0    0    0    0    0    0    0    0    0    0      0
    80    0    0    0    0    0    0    0    0    0    0    0    0    0    0    0    0    0    0    0    0      0
    81    0    0    0    0    0    0    0    0    0    0    0    0    0    0    0    0    0    0    0    0      0
    82    0    0    0    0    0    0    0    0    0    0    0    0    0    0    0    0    0    0    0    0      0
    83    0    0    0    0    0    0    0    0    0    0    0    0    0    0    0    0    0    0    0    0      0
    84    0    0    0    0    0    0    0    0    0    0    0    0    0    0    0    0    0    0    0    0      0
    85    0    0    0    0    0    0    0    0    0    0    0    0    0    0    0    0    0    0    0    0      0
    86    0    0    0    0    0    0    0    0    0    0    0    0    0    0    0    0    0    0    0    0      0
    87    0    0    0    0    0    0    0    0    0    0    0    0    0    0    0    0    0    0    0    0      0
    88    0    0    0    0    0    0    0    0    0    0    0    0    0    0    0    0    0    0    0    0      0
    89    0    0    0    0    0    0    0    0    0    0    0    0    0    0    0    0    0    0    0    0      0
    90    0    0    0    0    0    0    0    0    0    0    0    0    0    0    0    0    0    0    0    0      0
    91    0    0    0    0    0    0    0    0    0    0    0    0    0    0    0    0    0    0    0    0      0
    92    0    0    0    0    0    0    0    0    0    0    0    0    0    0    0    0    0    0    0    0      0
    93    0    0    0    0    0    0    0    0    0    0    0    0    0    0    0    0    0    0    0    0      0
    94    0    0    0    0    0    0    0    0    0    0    0    0    0    0    0    0    0    0    0    0      0
    95    0    0    0    0    0    0    0    0    0    0    0    0    0    0    0    0    0    0    0    0      0
    96    0    0    0    0    0    0    0    0    0    0    0    0    0    0    0    0    0    0    0    0      0
    97    0    0    0    0    0    0    0    0    0    0    0    0    0    0    0    0    0    0    0    0      0
    98    0    0    0    0    0    0    0    0    0    0    0    0    0    0    0    0    0    0    0    0      0
    99    0    0    0    0    0    0    0    0    0    0    0    0    0    0    0    0    0    0    0    0      0
   100    0    0    0    0    0    0    0    0    0    0    0    0    0    0    0    0    0    0    0    0      0
     0  128  419  711 1001 1369 1751 2219 2673 3260 3780 4084 4736 4984 5482 5850 6152 6504 6919 7375 7768  77165
1AZIMUTHAL ANGLE - POLAR ANGLE IN COS-INTERVALS (0.05) (BACKWARD SPUTTERED PARTICLES) , 1.LAYER , SPECIES 1

     0    1    2    3    4    5    6    7    8    9   10   11   12   13   14   15   16   17   18   19   20      0
     3    3    8   11   20   17   29   26   43   60   61   60   93   87   87  101  101  105  117  141  127   1297
     6    2    6   15   12   27   29   32   48   59   54   70   71   68  112  101   98  121  125  107  133   1290
     9    6    4    9   21   17   34   33   48   53   65   66   76   83   75   95  111  108   98  122  155   1279
    12    4    5   15   11   29   38   36   49   55   59   66   84   78   66   97   92  116  117  143  119   1279
    15    0    4   16   17   29   26   42   34   51   69   70   90   64   82  112  102  120  128  111  125   1292
    18    3    6   13   18   25   24   53   40   53   77   72   65   75   92  110  109   96  107  111  130   1279
    21    3    7    9   22   21   20   34   47   52   62   73   75   81  105   90   76  112  127  120  127   1263
    24    1    6   12   10   16   26   36   55   54   42   53   85   82   94   83  124  125  115  142  137   1298
    27    3    6   12   19   22   27   40   42   59   52   63   61   91   98   95  114  119  125  108  128   1284
    30    0    6    6   16   19   30   33   43   49   70   79   64   89  102  100  110  113  106  138  152   1325
    33    6    6   13   18   33   23   39   48   49   75   71   93   83  108   94   98  102  121  127  134   1341
    36    4   14   18   20   14   27   40   40   61   50   60   85   91   88  104  104  102  111  125  137   1295
    39    4    9    8   25   17   33   42   46   51   61   62   73   82   94   94   98   88  103  112  142   1244
    42    1    6    9   21   19   28   48   46   58   73   61   67   78   86   89   80  121  124  129  139   1283
    45    1    7   13   18   23   27   33   45   58   58   65   67   86   87  110  112  113  113  118  140   1294
    48    1   11   14   16   24   31   35   52   59   57   71   71   89   92  100   93  109   97  109  125   1256
    51    3    7    9   14   31   27   38   41   46   71   69   81   84   95   86  111  111  126  136  122   1308
    54    2    6   13   17   26   30   46   38   58   62   50   68  105   85  111  109  115  122  125   98   1286
    57    4    6    8   20   25   23   30   48   46   68   70   80   82   84   98  113   97  115  119  111   1247
    60    1    7   18   16   18   30   24   42   49   54   83   84   92   84  103  103  114   92  132  140   1286
    63    0    9   16   20   25   30   47   43   50   75   61   86   80   85   99   83  117   86  108  104   1224
    66    2    9    7   16   18   26   34   52   58   78   70   77   70   82   79   95   84  116  139  127   1239
    69    4    6    8    9   23   24   41   59   66   63   60   82   78   93   97  105  113  120  129  110   1290
    72    1    6    9   19   27   25   40   34   60   68   65   72   78   88  100  100  128  123  132  149   1324
    75    3   11   11   14   28   30   32   52   50   55   72   88   80   83  107   98  108  127  112  142   1303
    78    0    9   14   10   23   32   47   44   48   71   89   75   76   82  110  115  104  107  113  120   1289
    81    4    6   12   21   23   19   34   37   56   68   64   60   65  107   98  109  115  134  120  116   1268
    84    4    6    7   15   19   29   43   54   54   56   72   68   73   77   96  103  102  106  118  131   1233
    87    2    3    8   14   28   40   37   43   57   58   61   88   81   95  111  101   96  122  130  124   1299
    90    0   10   11   16   25   32   32   47   64   63   54   93   91   87   96  112  118  124  117  107   1299
    93    2    4   14   18   24   18   36   46   51   65   54   66   87  105   93  129   91  118  142  130   1293
    96    2    7   16   11   19   22   28   46   56   65   69   80   80   95   80  103  128  110  136  127   1280
    99    1    6   11    8   19   34   32   54   51   50   77   77   75   86  103  107   85  121  120  133   1250
   102    0    9    7   12   26   18   35   39   49   67   71   84   90   95   93  103  101  110  116  138   1263
   105    3    9   10   17   22   24   33   41   56   57   72   65   91   85   98  113  113  112  125  128   1274
   108    3    7    9   19   34   47   54   35   56   63   71   76   82  114  111   89  108  141  112  133   1364
   111    3    2    6   14   16   29   31   50   50   58   83   73  102   93   98  110  104  115  102  130   1269
   114    2    7   13   21   20   34   34   32   48   69   75   84   87  100  101  107  108  123  127  122   1314
   117    1    9   21   17   25   48   29   32   57   60   83   75   75   95  107   97  105  124  125  127   1312
   120    4    8    8   17   26   28   43   39   63   64   65   82   78   84   94  110  122  124  137  140   1336
   123    0    5   12   10   33   34   39   52   52   72   73   84   91  102  102  102  105  109  107  130   1314
   126    0    5    8   18   23   16   36   45   49   65   75   91   80   90   85   88   98  129  114  125   1240
   129    1    3    8   21   22   31   35   48   52   64   67   84   98   93   96   90  136  110  139  132   1330
   132    1    5   14   19   23   38   32   52   36   63   72   78   95   91  106  107  112  104  109  131   1288
   135    2    9   11   20   21   31   39   30   56   61   69   98   71   89   76   84  103  122  127  147   1266
   138    2    6   13   13   20   37   50   54   69   71   77   79   77  101   92  110  131  122  126  144   1394
   141    3    6   11   16   18   27   42   53   45   57   51   71   96   87   95   85  114  105  123  126   1231
   144    2    6   12   13   19   30   31   37   52   42   65   84   84   99  102  113   83  114  140  144   1272
   147    0    5   10   18   23   28   36   41   61   65   74   91   73   99  100  105  103  104  130  126   1292
   150    5   10   16   17   23   26   39   41   57   56   80   88   89   92  102   95  104  106  109  118   1273
   153    2    8   10   18   15   28   41   44   55   65   71   81   85   85  100  106  129  107  134  131   1315
   156    0   11   13   18   31   31   30   47   55   80   66   78   83   83   83  106  122  105  137  124   1303
   159    1    7   14   17   20   31   42   41   68   69   64   82   70   85   92   87   87   85  108  132   1202
   162    2    8   10   19   32   30   32   36   64   64   67   85   80   70   86  120   95  121  123  139   1283
   165    1    7   18   21   15   31   29   49   62   63   65   80   84   99  108   86  111   94  122  121   1266
   168    7    8   13   18   21   29   29   49   51   66   64   79   80  104  113   89  102  146  114  130   1312
   171    1    7   11   14   28   36   40   52   43   58   70   79  103   97   88  124   89  131  127  128   1326
   174    1    9   17   14   15   30   38   42   44   62   62   87   86   83   95   91  105  113  107  113   1214
   177    2    4   15   16   25   27   36   50   50   60   69   72   86  107   78   99  110  122  109  135   1272
   180    2   10   16   22   20   29   41   36   59   64   61   81   84   79  107  118  108  118  135  133   1323
     0  128  419  711 1001 1369 1751 2219 2673 3260 3780 4084 4736 4984 5482 5850 6152 6504 6919 7375 7768  77165
