1
      *** PROGRAM TRVMC95 ***


                              * INPUT DATA *


       Z1        M1          E0       ALPHA       EF        ESB      SHEATH     ERC
     18.00     39.95      6971.00      0.00      0.10      0.00  20913.00      4.70

       NH        RI           X0        RD        CW        CA       KK0   KK0R   KDEE1  KDEE2  IPOT   IPOTR   IRL
     99999 716381.00         0.00    100.00      2.00      1.00       2      2      3      3      1      1      3


             DX      RHO    CK  Z(,1) Z(,2) Z(,3) Z(,4) Z(,5)  M(,1)  M(,2)  M(,3)  M(,4)  M(,5) C(,1) C(,2) C(,3) C(,4) C(,5)

 1.LAYER 10000.00   2.25   1.00    6.    0.    0.    0.    0.  12.01   0.00   0.00   0.00   0.00 1.000 0.000 0.000 0.000 0.000


                           ***  SBE(LAYER,ELEMENT)  ***     ***     ED(LAYER,ELEMENT)     ***     ***   BE(LAYER,ELEMENT)  ***

 1.LAYER                   7.41  0.00  0.00  0.00  0.00     30.00   0.00   0.00   0.00   0.00     0.10  0.00  0.00  0.00  0.00


       INTERACTION POTENTIAL : PROJECTILE-TARGET : KR-C POTENTIAL     TARGET-TARGET : KR-C POTENTIAL    


       INELASTIC LOSS MODEL  : PROJECTILE-TARGET : 50% LS 50% OR      TARGET-TARGET : 50% LS 50% OR     
1

                              * OUTPUT DATA *


                 HLM       HLMT        SU       SUT        XC        RT       SFE      INEL         L        LJ
               0.0000 10000.000    3.5029 10003.503   -3.5029  9900.000      7.41         0         1         1


                NPROJ       KIB       KIT      MAXA      NALL       NPA       NSA       KIS      KIST
                85907         0         0       309 101807425   3728419  56811448    106370         0


            EPS0(I)       Z2(I)       M2(I)     ARHO(I)       LM(I)     PMAX(I)     ASIG(I)       SB(I)       XX(I)        NJ(I)

 1.LAYER   0.1367E+00  0.6000E+01  0.1201E+02  0.1128E+00  0.2070E+01  0.1168E+01  0.2335E+00  0.7410E+01  0.1000E+05         1


             A1(1)   A1(2)   A1(3)   A1(4)   A1(5)   A1(6)   A1(7)   A1(8)   A1(9)  A1(10)  A1(11)  A1(12)  A1(13)  A1(14)  A1(15)

           0.13193


           KOR1(1) KOR1(2) KOR1(3) KOR1(4) KOR1(5) KOR1(6) KOR1(7) KOR1(8) KOR1(9) KOR1(A) KOR1(B) KOR1(C) KOR1(D) KOR1(E) KOR1(F)

           0.73577


            A(I,1)  A(I,2)  A(I,3)  A(I,4)  A(I,5)  A(I,6)  A(I,7)  A(I,8)  A(I,9) A(I,10) A(I,11) A(I,12) A(I,13) A(I,14) A(I,15)

           0.16242


           KOR(,1) KOR(,2) KOR(,3) KOR(,4) KOR(,5) KOR(,6) KOR(,7) KOR(,8) KOR(,9) KOR(,A) KOR(,B) KOR(,C) KOR(,D) KOR(,E) KOR(,F)

           0.46963
1

         IMPLANTED PARTICLES=  99999     ENERGY=0.6971E+09 EV
     BACKSCATTERED PARTICLES=      0     ENERGY=0.0000E+00 EV
       TRANSMITTED PARTICLES=      0     ENERGY=0.0000E+00 EV
     BACKSPUTTERED PARTICLES=  73883     ENERGY=0.3165E+07 EV
    TRANSM. SPUTT. PARTICLES=      0     ENERGY=0.0000E+00 EV


  PROJECTILES :   MEAN NUMBER OF ELASTIC COLLISIONS =     53.3   MEAN NUMBER OF EL.COLL.(E > EDISPL.) =   21.463
                                                                 MEAN NUMBER OF EL.COLL.(E > SB(1))   =   38.550

                       MEAN        VARIANCE      SKEWNESS      KURTOSIS        SIGMA       ERROR 1.M     ERROR 2.M     ERROR 3.M 
  PENETRATION       9.4703E+01    9.2288E+02    4.0425E-01    3.0009E+00    3.0379E+01    9.6067E-02    4.1282E+00    7.4132E-03
       SPREAD       2.9552E+01    2.7484E+02    8.3014E-01    3.7279E+00    1.6578E+01    5.2425E-02    1.4355E+00    9.3458E-03
   PATHLENGTH       1.0828E+02    1.0271E+03    3.4992E-01    2.9351E+00    3.2049E+01    1.0135E-01    4.5183E+00    7.2754E-03
 ELASTIC LOSS       6.3854E+03    4.2844E+04                                2.0699E+02    2.0699E-03
   INEL. LOSS       5.8561E+02    4.2844E+04                                2.0699E+02    2.0699E-03

                       MEAN        VARIANCE      SKEWNESS      KURTOSIS        SIGMA       ERROR 1.M     ERROR 2.M     ERROR 3.M 
   ELAST.LOSS       1.1815E+02    1.1099E+05    6.1839E+00    5.2700E+01    3.3316E+02    1.4437E-01    3.4583E+02    9.2701E-03
 WEAK EL.LOSS       1.7471E+00    4.6484E+00    2.0918E+00    7.3341E+00    2.1560E+00    9.3426E-04    5.0695E-03    1.4848E-03
 INELAST.LOSS       1.0996E+01    3.8196E+01    8.0164E-02    2.3766E+00    6.1803E+00    2.6781E-03    1.9420E-02    7.4934E-04
  SUBTHR.LOSS       1.0331E+01    5.9063E+01    7.9244E-01    2.5940E+00    7.6852E+00    4.3101E-03    4.1821E-02    9.3541E-04

                     1.MOMENT      2.MOMENT      3.MOMENT      4.MOMENT      5.MOMENT      6.MOMENT 
  PENETRATION       9.4703E+01    9.8915E+03    1.1229E+06    1.3695E+08    1.7781E+10    2.4398E+12



  RECOILES (PER PROJ.)   :   MEAN NUMBER OF ELASTIC COLLISIONS =   1010.8   MEAN NUMBER OF EL.COLL.(E > EDISPL.) =     56.282
                                                                            MEAN NUMBER OF EL.COLL.(E > SB(1))   =    319.266

  RECOILES (PER KNOCKON) :   MEAN NUMBER OF ELASTIC COLLISIONS =    1.670   MEAN NUMBER OF EL.COLL.(E > EDISPL.) =      0.093
                                                                            MEAN NUMBER OF EL.COLL.(E > SB(1))   =      0.527

1


     DEPTH(A)  PARTICLES  NORM.DEPTH PATHLENGTH   INLOSS(EV)  TELOSS(EV)  ELLOSS(EV)  DAMAGE(EV)  PHONON(EV)  CASCAD(EV)     DPA

    -SU-    0.         0  0.0000E+00
     0.-    2.         0  0.0000E+00         0    1.7874E+06  1.5202E+07  1.5162E+07  1.4690E+07  4.7289E+05  1.1846E+07   32074
     2.-    4.         0  0.0000E+00         0    1.7835E+06  1.5263E+07  1.5222E+07  1.4745E+07  4.7688E+05  1.1893E+07   32121
     4.-    6.         2  0.2000E-04         0    1.7662E+06  1.5395E+07  1.5353E+07  1.4873E+07  4.8007E+05  1.2008E+07   32798
     6.-    8.         0  0.0000E+00         0    1.7407E+06  1.5213E+07  1.5170E+07  1.4681E+07  4.8861E+05  1.1862E+07   32990
     8.-   10.         0  0.0000E+00         0    1.7201E+06  1.5140E+07  1.5094E+07  1.4602E+07  4.9240E+05  1.1804E+07   33420
    10.-   12.         1  0.1000E-04         0    1.7017E+06  1.5301E+07  1.5253E+07  1.4760E+07  4.9294E+05  1.1947E+07   34271
    12.-   14.         1  0.1000E-04         0    1.6790E+06  1.5316E+07  1.5266E+07  1.4757E+07  5.0857E+05  1.1950E+07   34522
    14.-   16.         3  0.3000E-04         0    1.6531E+06  1.5296E+07  1.5243E+07  1.4734E+07  5.0971E+05  1.1941E+07   34967
    16.-   18.         4  0.4000E-04         0    1.6300E+06  1.5156E+07  1.5100E+07  1.4586E+07  5.1393E+05  1.1835E+07   35626
    18.-   20.        16  0.1600E-03         0    1.6039E+06  1.5167E+07  1.5107E+07  1.4586E+07  5.2172E+05  1.1842E+07   36051
    20.-   22.        16  0.1600E-03         0    1.5809E+06  1.4947E+07  1.4883E+07  1.4357E+07  5.2642E+05  1.1679E+07   36892
    22.-   24.        25  0.2500E-03         3    1.5557E+06  1.5069E+07  1.5001E+07  1.4466E+07  5.3563E+05  1.1772E+07   37319
    24.-   26.        63  0.6300E-03         8    1.5281E+06  1.4914E+07  1.4841E+07  1.4304E+07  5.3755E+05  1.1654E+07   38278
    26.-   28.        81  0.8100E-03        10    1.5027E+06  1.4687E+07  1.4609E+07  1.4055E+07  5.5446E+05  1.1464E+07   38681
    28.-   30.       105  0.1050E-02        19    1.4754E+06  1.4904E+07  1.4819E+07  1.4263E+07  5.5670E+05  1.1641E+07   39461
    30.-   32.       179  0.1790E-02        42    1.4479E+06  1.4463E+07  1.4372E+07  1.3803E+07  5.6886E+05  1.1286E+07   40020
    32.-   34.       216  0.2160E-02        65    1.4217E+06  1.4632E+07  1.4535E+07  1.3958E+07  5.7711E+05  1.1417E+07   40958
    34.-   36.       288  0.2880E-02        74    1.3876E+06  1.4300E+07  1.4194E+07  1.3609E+07  5.8542E+05  1.1148E+07   41433
    36.-   38.       360  0.3600E-02        93    1.3599E+06  1.4269E+07  1.4157E+07  1.3560E+07  5.9666E+05  1.1116E+07   42012
    38.-   40.       455  0.4550E-02       156    1.3296E+06  1.4179E+07  1.4059E+07  1.3454E+07  6.0568E+05  1.1035E+07   42426
    40.-   42.       517  0.5170E-02       202    1.2993E+06  1.3904E+07  1.3776E+07  1.3162E+07  6.1441E+05  1.0812E+07   42994
    42.-   44.       684  0.6840E-02       256    1.2626E+06  1.3816E+07  1.3680E+07  1.3062E+07  6.1734E+05  1.0737E+07   43446
    44.-   46.       766  0.7660E-02       296    1.2321E+06  1.3561E+07  1.3417E+07  1.2792E+07  6.2455E+05  1.0527E+07   43649
    46.-   48.       858  0.8580E-02       338    1.1970E+06  1.3508E+07  1.3357E+07  1.2722E+07  6.3540E+05  1.0479E+07   43855
    48.-   50.       969  0.9690E-02       414    1.1631E+06  1.3164E+07  1.3005E+07  1.2373E+07  6.3189E+05  1.0204E+07   44538
    50.-   52.      1161  0.1161E-01       497    1.1269E+06  1.2829E+07  1.2662E+07  1.2017E+07  6.4486E+05  9.9197E+06   44112
    52.-   54.      1230  0.1230E-01       561    1.0900E+06  1.2673E+07  1.2500E+07  1.1855E+07  6.4431E+05  9.7881E+06   44156
    54.-   56.      1382  0.1382E-01       697    1.0535E+06  1.2439E+07  1.2259E+07  1.1613E+07  6.4629E+05  9.5974E+06   44070
    56.-   58.      1487  0.1487E-01       732    1.0191E+06  1.2061E+07  1.1875E+07  1.1225E+07  6.5012E+05  9.2884E+06   43983
    58.-   60.      1555  0.1555E-01       860    9.7909E+05  1.1660E+07  1.1469E+07  1.0826E+07  6.4321E+05  8.9654E+06   43599
    60.-   62.      1690  0.1690E-01       899    9.4601E+05  1.1519E+07  1.1322E+07  1.0676E+07  6.4561E+05  8.8454E+06   43486
    62.-   64.      1908  0.1908E-01      1011    9.0640E+05  1.0999E+07  1.0796E+07  1.0152E+07  6.4323E+05  8.4258E+06   42877
    64.-   66.      1907  0.1907E-01      1048    8.7051E+05  1.0828E+07  1.0623E+07  9.9858E+06  6.3674E+05  8.2853E+06   42302
    66.-   68.      2066  0.2066E-01      1239    8.3133E+05  1.0359E+07  1.0153E+07  9.5246E+06  6.2803E+05  7.9156E+06   41772
    68.-   70.      2195  0.2195E-01      1407    7.9550E+05  9.8522E+06  9.6423E+06  9.0196E+06  6.2272E+05  7.5063E+06   41070
    70.-   72.      2303  0.2303E-01      1579    7.5983E+05  9.6324E+06  9.4209E+06  8.8050E+06  6.1592E+05  7.3303E+06   40183
    72.-   74.      2292  0.2292E-01      1720    7.2262E+05  9.2315E+06  9.0211E+06  8.4227E+06  5.9849E+05  7.0171E+06   39103
    74.-   76.      2371  0.2371E-01      1729    6.8864E+05  9.0472E+06  8.8361E+06  8.2477E+06  5.8840E+05  6.8702E+06   38260
    76.-   78.      2413  0.2413E-01      1880    6.5172E+05  8.5579E+06  8.3487E+06  7.7661E+06  5.8257E+05  6.4734E+06   37068
    78.-   80.      2431  0.2431E-01      2051    6.1853E+05  8.3088E+06  8.0999E+06  7.5384E+06  5.6148E+05  6.2858E+06   36078
    80.-   82.      2508  0.2508E-01      2042    5.8181E+05  7.7412E+06  7.5333E+06  6.9841E+06  5.4925E+05  5.8338E+06   34864
    82.-   84.      2525  0.2525E-01      2121    5.5192E+05  7.5243E+06  7.3181E+06  6.7849E+06  5.3327E+05  5.6686E+06   33922
    84.-   86.      2540  0.2540E-01      2203    5.1822E+05  7.0613E+06  6.8584E+06  6.3353E+06  5.2311E+05  5.2968E+06   32420
    86.-   88.      2548  0.2548E-01      2225    4.8752E+05  6.6487E+06  6.4490E+06  5.9415E+06  5.0756E+05  4.9732E+06   31205
    88.-   90.      2623  0.2623E-01      2293    4.5875E+05  6.4760E+06  6.2797E+06  5.7919E+06  4.8785E+05  4.8456E+06   30157
    90.-   92.      2608  0.2608E-01      2357    4.2853E+05  5.9974E+06  5.8062E+06  5.3395E+06  4.6675E+05  4.4754E+06   28862
    92.-   94.      2562  0.2562E-01      2429    3.9840E+05  5.6615E+06  5.4778E+06  5.0313E+06  4.4658E+05  4.2178E+06   27420
    94.-   96.      2590  0.2590E-01      2427    3.7361E+05  5.2571E+06  5.0779E+06  4.6474E+06  4.3049E+05  3.9008E+06   26056
    96.-   98.      2427  0.2427E-01      2569    3.4633E+05  4.9776E+06  4.8040E+06  4.3907E+06  4.1328E+05  3.6852E+06   24617
    98.-  100.      2408  0.2408E-01      2446    3.2222E+05  4.6676E+06  4.4999E+06  4.1054E+06  3.9443E+05  3.4479E+06   23348
   100.-  102.      2349  0.2349E-01      2441    2.9816E+05  4.4073E+06  4.2455E+06  3.8732E+06  3.7233E+05  3.2536E+06   22256
   102.-  104.      2304  0.2304E-01      2251    2.7467E+05  3.9878E+06  3.8327E+06  3.4751E+06  3.5763E+05  2.9237E+06   20712
   104.-  106.      2326  0.2326E-01      2277    2.5267E+05  3.6998E+06  3.5525E+06  3.2155E+06  3.3702E+05  2.7050E+06   19285
   106.-  108.      2198  0.2198E-01      2270    2.3430E+05  3.5259E+06  3.3862E+06  3.0698E+06  3.1642E+05  2.5819E+06   18305
   108.-  110.      2156  0.2156E-01      2216    2.1464E+05  3.1853E+06  3.0532E+06  2.7603E+06  2.9285E+05  2.3263E+06   17127
   110.-  112.      1851  0.1851E-01      2221    1.9647E+05  2.9516E+06  2.8274E+06  2.5541E+06  2.7326E+05  2.1536E+06   16034
   112.-  114.      1940  0.1940E-01      2174    1.8074E+05  2.7785E+06  2.6599E+06  2.3960E+06  2.6386E+05  2.0178E+06   14843
   114.-  116.      1825  0.1825E-01      2355    1.6529E+05  2.6038E+06  2.4897E+06  2.2443E+06  2.4540E+05  1.8905E+06   14022
   116.-  118.      1842  0.1842E-01      2280    1.4888E+05  2.2388E+06  2.1324E+06  1.9005E+06  2.3190E+05  1.6055E+06   12600
   118.-  120.      1738  0.1738E-01      2092    1.3515E+05  2.0684E+06  1.9691E+06  1.7559E+06  2.1318E+05  1.4835E+06   11679
   120.-  122.      1572  0.1572E-01      2096    1.2359E+05  1.8997E+06  1.8075E+06  1.6085E+06  1.9904E+05  1.3597E+06   10800
   122.-  124.      1484  0.1484E-01      2006    1.1210E+05  1.7632E+06  1.6777E+06  1.4950E+06  1.8272E+05  1.2628E+06    9892
   124.-  126.      1484  0.1484E-01      1804    1.0136E+05  1.6246E+06  1.5440E+06  1.3753E+06  1.6866E+05  1.1622E+06    9226
   126.-  128.      1338  0.1338E-01      1757    9.0503E+04  1.4623E+06  1.3883E+06  1.2357E+06  1.5261E+05  1.0448E+06    8444
   128.-  130.      1229  0.1229E-01      1849    8.1763E+04  1.3453E+06  1.2770E+06  1.1359E+06  1.4106E+05  9.6039E+05    7713
   130.-  132.      1189  0.1189E-01      1839    7.3336E+04  1.1790E+06  1.1153E+06  9.8531E+05  1.3003E+05  8.3420E+05    6971
   132.-  134.      1089  0.1089E-01      1732    6.5652E+04  1.0425E+06  9.8355E+05  8.6372E+05  1.1983E+05  7.3293E+05    6378
   134.-  136.      1018  0.1018E-01      1683    5.8452E+04  9.6596E+05  9.1174E+05  8.0031E+05  1.1143E+05  6.7738E+05    5679
   136.-  138.       959  0.9590E-02      1567    5.2201E+04  8.3866E+05  7.8874E+05  6.8737E+05  1.0137E+05  5.8373E+05    5184
   138.-  140.       846  0.8460E-02      1465    4.6019E+04  7.4831E+05  7.0361E+05  6.1339E+05  9.0217E+04  5.2080E+05    4598
   140.-  142.       821  0.8210E-02      1407    4.1320E+04  6.8556E+05  6.4459E+05  5.6127E+05  8.3319E+04  4.7640E+05    4203
   142.-  144.       767  0.7670E-02      1322    3.6085E+04  6.1617E+05  5.7931E+05  5.0597E+05  7.3339E+04  4.2900E+05    3702
   144.-  146.       689  0.6890E-02      1232    3.1817E+04  5.3977E+05  5.0582E+05  4.3838E+05  6.7446E+04  3.7232E+05    3349
   146.-  148.       615  0.6150E-02      1152    2.7924E+04  4.7307E+05  4.4303E+05  3.8437E+05  5.8658E+04  3.2693E+05    3012
   148.-  150.       553  0.5530E-02      1024    2.4692E+04  4.2320E+05  3.9630E+05  3.4362E+05  5.2676E+04  2.9190E+05    2641
   150.-  152.       496  0.4960E-02       970    2.1387E+04  3.7170E+05  3.4747E+05  3.0095E+05  4.6526E+04  2.5595E+05    2377
   152.-  154.       461  0.4610E-02       942    1.8742E+04  3.0809E+05  2.8620E+05  2.4341E+05  4.2790E+04  2.0744E+05    2033
   154.-  156.       439  0.4390E-02       899    1.6365E+04  2.8374E+05  2.6439E+05  2.2751E+05  3.6882E+04  1.9374E+05    1826
   156.-  158.       348  0.3480E-02       791    1.4170E+04  2.5178E+05  2.3478E+05  2.0238E+05  3.2399E+04  1.7207E+05    1597
   158.-  160.       344  0.3440E-02       702    1.2558E+04  2.2879E+05  2.1336E+05  1.8368E+05  2.9679E+04  1.5616E+05    1439
   160.-  162.       283  0.2830E-02       695    1.0433E+04  1.7048E+05  1.5729E+05  1.3205E+05  2.5238E+04  1.1298E+05    1199
   162.-  164.       266  0.2660E-02       566    9.0871E+03  1.5538E+05  1.4353E+05  1.2063E+05  2.2901E+04  1.0287E+05    1030
   164.-  166.       257  0.2570E-02       529    7.8878E+03  1.3820E+05  1.2767E+05  1.0800E+05  1.9673E+04  9.2193E+04     934
   166.-  168.       226  0.2260E-02       447    6.6789E+03  1.1512E+05  1.0639E+05  8.9025E+04  1.7364E+04  7.5882E+04     749
   168.-  170.       174  0.1740E-02       416    5.7531E+03  9.9055E+04  9.1512E+04  7.6703E+04  1.4809E+04  6.5460E+04     643
   170.-  172.       163  0.1630E-02       406    4.9339E+03  8.5847E+04  7.9030E+04  6.5807E+04  1.3223E+04  5.6235E+04     569
   172.-  174.       132  0.1320E-02       360    4.1829E+03  7.8608E+04  7.2852E+04  6.2001E+04  1.0850E+04  5.2786E+04     509
   174.-  176.       113  0.1130E-02       341    3.5691E+03  5.9916E+04  5.5000E+04  4.5505E+04  9.4953E+03  3.8929E+04     420
   176.-  178.       111  0.1110E-02       257    3.1328E+03  5.5634E+04  5.1156E+04  4.2890E+04  8.2664E+03  3.6622E+04     394
   178.-  180.        91  0.9100E-03       268    2.6232E+03  4.5263E+04  4.1520E+04  3.4199E+04  7.3214E+03  2.9256E+04     307
   180.-  182.        73  0.7300E-03       237    2.1881E+03  3.5756E+04  3.2492E+04  2.6134E+04  6.3576E+03  2.2432E+04     253
   182.-  184.        75  0.7500E-03       235    1.9571E+03  3.1495E+04  2.8673E+04  2.3323E+04  5.3504E+03  2.0011E+04     230
   184.-  186.        63  0.6300E-03       156    1.6118E+03  2.6856E+04  2.4592E+04  2.0045E+04  4.5470E+03  1.7157E+04     185
   186.-  188.        56  0.5600E-03       166    1.4706E+03  2.4502E+04  2.2471E+04  1.8545E+04  3.9257E+03  1.5899E+04     176
   188.-  190.        30  0.3000E-03       155    1.1898E+03  2.3999E+04  2.2126E+04  1.8915E+04  3.2109E+03  1.6104E+04     162
   190.-  192.        45  0.4500E-03       139    1.0225E+03  1.8438E+04  1.6909E+04  1.3723E+04  3.1863E+03  1.1723E+04     121
   192.-  194.        40  0.4000E-03       111    8.2132E+02  1.3314E+04  1.2003E+04  9.4044E+03  2.5987E+03  8.0833E+03      99
   194.-  196.        31  0.3100E-03        95    7.7446E+02  1.3829E+04  1.2671E+04  1.0486E+04  2.1844E+03  8.9641E+03      95
   196.-  198.        21  0.2100E-03        92    6.4313E+02  1.4348E+04  1.3403E+04  1.1867E+04  1.5365E+03  1.0086E+04      90
   198.-  200.        20  0.2000E-03       514    2.8567E+03  5.3626E+04  4.8373E+04  3.8571E+04  9.8018E+03  3.3084E+04     386
   200.-   SUT       120  0.1200E-02

                   99999  1.0000E+00     99999    5.8560E+07  6.3853E+08  6.2923E+08  5.9638E+08  3.2847E+07  4.9054E+08 2146270
1
     RECOILS



     DEPTH(A)     INLOSS(EV)   TELOSS(EV)   ELLOSS(EV)   DAMAGE(EV)   PHONON(EV)     DPA  DPA(1)  DPA(2)

     0.-    2.    3.9556E+05   6.4807E+06   5.2674E+06   1.5697E+06   3.6977E+06   23467   23467       0
     2.-    4.    6.2983E+05   9.3561E+06   7.8688E+06   3.0325E+06   4.8363E+06   39939   39939       0
     4.-    6.    8.4602E+05   1.1923E+07   1.0093E+07   4.1084E+06   5.9849E+06   50943   50943       0
     6.-    8.    1.0267E+06   1.4034E+07   1.1907E+07   4.9150E+06   6.9922E+06   60130   60130       0
     8.-   10.    1.1845E+06   1.5941E+07   1.3546E+07   5.6669E+06   7.8792E+06   67936   67936       0
    10.-   12.    1.3262E+06   1.7601E+07   1.4979E+07   6.3486E+06   8.6301E+06   75141   75141       0
    12.-   14.    1.4552E+06   1.9173E+07   1.6343E+07   7.0217E+06   9.3213E+06   81608   81608       0
    14.-   16.    1.5741E+06   2.0487E+07   1.7466E+07   7.5259E+06   9.9404E+06   87483   87483       0
    16.-   18.    1.6789E+06   2.1832E+07   1.8640E+07   8.1150E+06   1.0525E+07   92513   92513       0
    18.-   20.    1.7780E+06   2.2984E+07   1.9625E+07   8.5557E+06   1.1069E+07   98030   98030       0
    20.-   22.    1.8721E+06   2.4056E+07   2.0546E+07   8.9689E+06   1.1577E+07  102948  102948       0
    22.-   24.    1.9561E+06   2.5103E+07   2.1448E+07   9.3869E+06   1.2062E+07  106958  106958       0
    24.-   26.    2.0430E+06   2.6136E+07   2.2343E+07   9.8148E+06   1.2528E+07  112018  112018       0
    26.-   28.    2.1069E+06   2.6988E+07   2.3068E+07   1.0124E+07   1.2944E+07  115314  115314       0
    28.-   30.    2.1731E+06   2.7832E+07   2.3785E+07   1.0430E+07   1.3355E+07  118784  118784       0
    30.-   32.    2.2345E+06   2.8660E+07   2.4501E+07   1.0768E+07   1.3734E+07  121661  121661       0
    32.-   34.    2.2843E+06   2.9305E+07   2.5042E+07   1.0967E+07   1.4075E+07  124727  124727       0
    34.-   36.    2.3396E+06   2.9984E+07   2.5616E+07   1.1205E+07   1.4410E+07  128084  128084       0
    36.-   38.    2.3846E+06   3.0615E+07   2.6157E+07   1.1447E+07   1.4710E+07  130065  130065       0
    38.-   40.    2.4280E+06   3.1391E+07   2.6848E+07   1.1844E+07   1.5004E+07  133974  133974       0
    40.-   42.    2.4569E+06   3.1757E+07   2.7136E+07   1.1901E+07   1.5235E+07  135580  135580       0
    42.-   44.    2.4846E+06   3.2087E+07   2.7394E+07   1.1909E+07   1.5485E+07  137047  137047       0
    44.-   46.    2.5058E+06   3.2520E+07   2.7772E+07   1.2102E+07   1.5670E+07  138935  138935       0
    46.-   48.    2.5222E+06   3.2776E+07   2.7978E+07   1.2158E+07   1.5820E+07  140303  140303       0
    48.-   50.    2.5377E+06   3.3029E+07   2.8184E+07   1.2201E+07   1.5982E+07  140587  140587       0
    50.-   52.    2.5414E+06   3.3256E+07   2.8373E+07   1.2292E+07   1.6081E+07  141235  141235       0
    52.-   54.    2.5480E+06   3.3363E+07   2.8464E+07   1.2324E+07   1.6141E+07  142184  142184       0
    54.-   56.    2.5362E+06   3.3379E+07   2.8473E+07   1.2320E+07   1.6153E+07  141998  141998       0
    56.-   58.    2.5310E+06   3.3272E+07   2.8357E+07   1.2172E+07   1.6185E+07  141670  141670       0
    58.-   60.    2.5170E+06   3.3247E+07   2.8331E+07   1.2166E+07   1.6165E+07  141034  141034       0
    60.-   62.    2.4985E+06   3.2987E+07   2.8083E+07   1.1949E+07   1.6134E+07  140709  140709       0
    62.-   64.    2.4786E+06   3.2964E+07   2.8093E+07   1.2070E+07   1.6023E+07  140040  140040       0
    64.-   66.    2.4446E+06   3.2532E+07   2.7703E+07   1.1836E+07   1.5867E+07  138079  138079       0
    66.-   68.    2.4043E+06   3.2062E+07   2.7289E+07   1.1575E+07   1.5714E+07  135152  135152       0
    68.-   70.    2.3599E+06   3.1577E+07   2.6864E+07   1.1377E+07   1.5487E+07  133898  133898       0
    70.-   72.    2.3109E+06   3.1057E+07   2.6412E+07   1.1167E+07   1.5245E+07  131925  131925       0
    72.-   74.    2.2712E+06   3.0529E+07   2.5957E+07   1.0957E+07   1.5000E+07  129218  129218       0
    74.-   76.    2.2236E+06   2.9935E+07   2.5451E+07   1.0725E+07   1.4726E+07  126442  126442       0
    76.-   78.    2.1687E+06   2.9297E+07   2.4906E+07   1.0505E+07   1.4402E+07  124266  124266       0
    78.-   80.    2.1122E+06   2.8596E+07   2.4306E+07   1.0229E+07   1.4077E+07  120539  120539       0
    80.-   82.    2.0481E+06   2.7820E+07   2.3644E+07   9.9476E+06   1.3696E+07  117508  117508       0
    82.-   84.    1.9886E+06   2.6942E+07   2.2875E+07   9.5354E+06   1.3340E+07  113706  113706       0
    84.-   86.    1.9281E+06   2.6115E+07   2.2175E+07   9.2564E+06   1.2919E+07  110299  110299       0
    86.-   88.    1.8625E+06   2.5345E+07   2.1533E+07   9.0323E+06   1.2500E+07  107430  107430       0
    88.-   90.    1.7950E+06   2.4483E+07   2.0803E+07   8.7158E+06   1.2087E+07  103746  103746       0
    90.-   92.    1.7210E+06   2.3501E+07   1.9979E+07   8.4077E+06   1.1571E+07   99727   99727       0
    92.-   94.    1.6381E+06   2.2213E+07   1.8882E+07   7.9227E+06   1.0959E+07   94813   94813       0
    94.-   96.    1.5432E+06   2.0863E+07   1.7772E+07   7.5632E+06   1.0209E+07   90248   90248       0
    96.-   98.    1.4271E+06   1.8988E+07   1.6239E+07   7.0831E+06   9.1559E+06   83462   83462       0
    98.-  100.    1.2385E+06   1.5936E+07   1.3773E+07   6.4080E+06   7.3654E+06   73010   73010       0
   100.-  102.    7.3592E+05   8.5410E+06   7.4777E+06   3.7768E+06   3.7008E+06   40928   40928       0
   102.-  104.    2.2735E+04   2.1082E+05   1.7227E+05   5.2832E+04   1.1944E+05     737     737       0
   104.-  106.    0.0000E+00   0.0000E+00   0.0000E+00   0.0000E+00   0.0000E+00       0       0       0
   106.-  108.    0.0000E+00   0.0000E+00   0.0000E+00   0.0000E+00   0.0000E+00       0       0       0
   108.-  110.    0.0000E+00   0.0000E+00   0.0000E+00   0.0000E+00   0.0000E+00       0       0       0
   110.-  112.    0.0000E+00   0.0000E+00   0.0000E+00   0.0000E+00   0.0000E+00       0       0       0
   112.-  114.    0.0000E+00   0.0000E+00   0.0000E+00   0.0000E+00   0.0000E+00       0       0       0
   114.-  116.    0.0000E+00   0.0000E+00   0.0000E+00   0.0000E+00   0.0000E+00       0       0       0
   116.-  118.    0.0000E+00   0.0000E+00   0.0000E+00   0.0000E+00   0.0000E+00       0       0       0
   118.-  120.    0.0000E+00   0.0000E+00   0.0000E+00   0.0000E+00   0.0000E+00       0       0       0
   120.-  122.    0.0000E+00   0.0000E+00   0.0000E+00   0.0000E+00   0.0000E+00       0       0       0
   122.-  124.    0.0000E+00   0.0000E+00   0.0000E+00   0.0000E+00   0.0000E+00       0       0       0
   124.-  126.    0.0000E+00   0.0000E+00   0.0000E+00   0.0000E+00   0.0000E+00       0       0       0
   126.-  128.    0.0000E+00   0.0000E+00   0.0000E+00   0.0000E+00   0.0000E+00       0       0       0
   128.-  130.    0.0000E+00   0.0000E+00   0.0000E+00   0.0000E+00   0.0000E+00       0       0       0
   130.-  132.    0.0000E+00   0.0000E+00   0.0000E+00   0.0000E+00   0.0000E+00       0       0       0
   132.-  134.    0.0000E+00   0.0000E+00   0.0000E+00   0.0000E+00   0.0000E+00       0       0       0
   134.-  136.    0.0000E+00   0.0000E+00   0.0000E+00   0.0000E+00   0.0000E+00       0       0       0
   136.-  138.    0.0000E+00   0.0000E+00   0.0000E+00   0.0000E+00   0.0000E+00       0       0       0
   138.-  140.    0.0000E+00   0.0000E+00   0.0000E+00   0.0000E+00   0.0000E+00       0       0       0
   140.-  142.    0.0000E+00   0.0000E+00   0.0000E+00   0.0000E+00   0.0000E+00       0       0       0
   142.-  144.    0.0000E+00   0.0000E+00   0.0000E+00   0.0000E+00   0.0000E+00       0       0       0
   144.-  146.    0.0000E+00   0.0000E+00   0.0000E+00   0.0000E+00   0.0000E+00       0       0       0
   146.-  148.    0.0000E+00   0.0000E+00   0.0000E+00   0.0000E+00   0.0000E+00       0       0       0
   148.-  150.    0.0000E+00   0.0000E+00   0.0000E+00   0.0000E+00   0.0000E+00       0       0       0
   150.-  152.    0.0000E+00   0.0000E+00   0.0000E+00   0.0000E+00   0.0000E+00       0       0       0
   152.-  154.    0.0000E+00   0.0000E+00   0.0000E+00   0.0000E+00   0.0000E+00       0       0       0
   154.-  156.    0.0000E+00   0.0000E+00   0.0000E+00   0.0000E+00   0.0000E+00       0       0       0
   156.-  158.    0.0000E+00   0.0000E+00   0.0000E+00   0.0000E+00   0.0000E+00       0       0       0
   158.-  160.    0.0000E+00   0.0000E+00   0.0000E+00   0.0000E+00   0.0000E+00       0       0       0
   160.-  162.    0.0000E+00   0.0000E+00   0.0000E+00   0.0000E+00   0.0000E+00       0       0       0
   162.-  164.    0.0000E+00   0.0000E+00   0.0000E+00   0.0000E+00   0.0000E+00       0       0       0
   164.-  166.    0.0000E+00   0.0000E+00   0.0000E+00   0.0000E+00   0.0000E+00       0       0       0
   166.-  168.    0.0000E+00   0.0000E+00   0.0000E+00   0.0000E+00   0.0000E+00       0       0       0
   168.-  170.    0.0000E+00   0.0000E+00   0.0000E+00   0.0000E+00   0.0000E+00       0       0       0
   170.-  172.    0.0000E+00   0.0000E+00   0.0000E+00   0.0000E+00   0.0000E+00       0       0       0
   172.-  174.    0.0000E+00   0.0000E+00   0.0000E+00   0.0000E+00   0.0000E+00       0       0       0
   174.-  176.    0.0000E+00   0.0000E+00   0.0000E+00   0.0000E+00   0.0000E+00       0       0       0
   176.-  178.    0.0000E+00   0.0000E+00   0.0000E+00   0.0000E+00   0.0000E+00       0       0       0
   178.-  180.    0.0000E+00   0.0000E+00   0.0000E+00   0.0000E+00   0.0000E+00       0       0       0
   180.-  182.    0.0000E+00   0.0000E+00   0.0000E+00   0.0000E+00   0.0000E+00       0       0       0
   182.-  184.    0.0000E+00   0.0000E+00   0.0000E+00   0.0000E+00   0.0000E+00       0       0       0
   184.-  186.    0.0000E+00   0.0000E+00   0.0000E+00   0.0000E+00   0.0000E+00       0       0       0
   186.-  188.    0.0000E+00   0.0000E+00   0.0000E+00   0.0000E+00   0.0000E+00       0       0       0
   188.-  190.    0.0000E+00   0.0000E+00   0.0000E+00   0.0000E+00   0.0000E+00       0       0       0
   190.-  192.    0.0000E+00   0.0000E+00   0.0000E+00   0.0000E+00   0.0000E+00       0       0       0
   192.-  194.    0.0000E+00   0.0000E+00   0.0000E+00   0.0000E+00   0.0000E+00       0       0       0
   194.-  196.    0.0000E+00   0.0000E+00   0.0000E+00   0.0000E+00   0.0000E+00       0       0       0
   196.-  198.    0.0000E+00   0.0000E+00   0.0000E+00   0.0000E+00   0.0000E+00       0       0       0
   198.-  200.    0.0000E+00   0.0000E+00   0.0000E+00   0.0000E+00   0.0000E+00       0       0       0

                  1.0012E+08   1.3211E+09   1.1259E+09   4.8345E+08   6.4249E+08 5628178 5628178       0
1     BACKWARD SPUTTERING



        ALL SPUTTERED PARTICLES =   73883   TOTAL SPUTTERED ENERGY = 0.3165E+07 EV


        SPUTTERED PARTICLES (1.LAYER) =   73883   SPUTTERED ENERGY = 0.3165E+07 EV


 1.LAYER
         SPUTTERED PARTICLES(1) =   73883     SPUTTERED ENERGY(1) = 0.3165E+07 EV

         ION IN , PRIMARY KO(1) =   14913   0.2018   0.2018    ENERGY = 0.1247E+07 EV   0.3939   0.3939    MEAN ENERGY = 0.8361E+02
         ION IN , SECOND. KO(1) =   58970   0.7982   0.7982    ENERGY = 0.1918E+07 EV   0.6061   0.6061    MEAN ENERGY = 0.3253E+02
        ION OUT , PRIMARY KO(1) =       0   0.0000   0.0000    ENERGY = 0.0000E+00 EV   0.0000   0.0000    MEAN ENERGY = 0.0000E+00
        ION OUT , SECOND. KO(1) =       0   0.0000   0.0000    ENERGY = 0.0000E+00 EV   0.0000   0.0000    MEAN ENERGY = 0.0000E+00


     SPUTTERING YIELD(1) =  7.388E-01  SPUTTERED ENERGY(1) =  4.540E-03  REL.MEAN ENERGY(1) =  6.145E-03  MEAN ENERGY(1) =  4.284E+01

                       MEAN        VARIANCE      SKEWNESS      KURTOSIS        SIGMA       ERROR 1.M     ERROR 2.M     ERROR 3.M 
    ENERGY(1)       4.2839E+01    5.5700E+03    4.7354E+00    3.7693E+01    7.4632E+01    2.7457E-01    1.2413E+02    1.1721E-01
 LOGENERGY(1)       1.2499E+00    3.4416E-01   -5.1690E-03    2.8652E+00    5.8665E-01    2.1585E-03    1.7294E-03    8.1465E-03

                     1.MOMENT      2.MOMENT      3.MOMENT      4.MOMENT      5.MOMENT      6.MOMENT 
    ENERGY(1)       4.2839E+01    7.4052E+03    2.7630E+06    1.5714E+09    1.1667E+12    1.0393E+15
 LOGENERGY(1)       1.2499E+00    1.9064E+00    3.2422E+00    6.0009E+00    1.1842E+01    2.4603E+01



     POLAR ANGULAR DISTRIBUTION OF ALL BACKWARD SPUTTERED PARTICLES


       0.00  0.00  0.00  0.00  0.00  0.00  0.00  0.00  0.00  0.00  0.00  0.00  0.00  0.00  0.00  0.00  0.00  0.00  0.00  0.00

        130   415   639   992  1342  1661  2223  2613  3062  3520  3940  4567  4927  5161  5589  6000  6339  6503  6951  7309
      0.035 0.112 0.173 0.269 0.363 0.450 0.602 0.707 0.829 0.953 1.067 1.236 1.334 1.397 1.513 1.624 1.716 1.760 1.882 1.979
1 LOG ENERGY - COS OF EMISSION ANGLE (0.05 STEPS)   (BACKWARD SPUTTERED PARTICLES) ; 1. LAYER ; SPECIES 1


   0.0000E+00    1    2    3    4    5    6    7    8    9   10   11   12   13   14   15   16   17   18   19   20     0  0.0000E+00
   0.1000E+00    0    0    0    0    1    0    1    0    0    0    1    1    0    1    0    2    2    1    1    2    13  0.1300E-02
   0.1212E+00    0    0    0    0    0    0    0    0    0    0    0    0    0    0    0    0    0    0    0    0     0  0.0000E+00
   0.1468E+00    0    0    0    0    0    0    0    0    0    0    0    0    0    0    0    0    0    0    0    0     0  0.0000E+00
   0.1778E+00    0    0    0    0    0    0    0    0    0    0    0    0    0    0    0    0    0    0    0    0     0  0.0000E+00
   0.2154E+00    0    0    0    0    0    0    0    0    0    0    0    0    0    0    0    0    0    0    0    0     0  0.0000E+00
   0.2610E+00    0    0    0    0    0    0    0    0    0    0    0    0    0    0    0    0    0    0    0    0     0  0.0000E+00
   0.3162E+00    0    0    0    0    0    0    0    0    0    0    0    0    0    0    0    0    0    0    0    0     0  0.0000E+00
   0.3831E+00    0    0    0    0    0    0    0    0    0    0    0    0    0    0    0    0    0    0    0    0     0  0.0000E+00
   0.4642E+00    0    0    0    0    0    0    0    0    0    0    0    0    0    0    0    0    0    0    0    0     0  0.0000E+00
   0.5623E+00    0    0    0    0    0    0    0    0    0    0    0    0    0    0    0    0    0    0    0    0     0  0.0000E+00
   0.6813E+00    0    0    0    0    0    0    0    0    0    0    0    0    0    0    0    0    0    0    0    0     0  0.0000E+00
   0.8254E+00    0    0    0    0    0    0    0    0    0    0    0    0    0    0    0    0    0    0    0    0     0  0.0000E+00
   0.1000E+01    0    0    0    0    0    0    0    0    0    0    0    0    0    0    0    0    0    0    0    0     0  0.0000E+00
   0.1212E+01    0    0    0    0    0    0    0    0    0    0    0    0    0    0    0    0    0    0    0    0     0  0.0000E+00
   0.1468E+01    0    0    0    0    0    0    0    0    0    0    0    0    0    0    0    0    0    0    0    0     0  0.0000E+00
   0.1778E+01    0    0    0    0    0    0    0    0    0    0    0    0    0    0    0    0    0    0    0    0     0  0.0000E+00
   0.2154E+01    0    0    0    0    0    0    0    0    0    0    0    0    0    0    0    0    0    0    0    0     0  0.0000E+00
   0.2610E+01    0    0    0    0    0    0    0    0    0    0    0    0    0    0    0    0    0    0    0    0     0  0.0000E+00
   0.3162E+01    0    0    0    0    0    0    0    0    0    0    0    0    0    0    0    0    0    0    0    0     0  0.0000E+00
   0.3831E+01    0    0    0    0    0    0    0    0    0    0    0    0    0    0    0    0    0    0    0    0     0  0.0000E+00
   0.4642E+01    0    0    0    0    0    0    0    0    0    0    0    0    0    0    0    0    0    0    0    0     0  0.0000E+00
   0.5623E+01    0    0    0    0    0    0    0    0    0    0    0    0    0    0    0    0    0    0    0    0     0  0.0000E+00
   0.6813E+01    0    0    0    0    0    0    0    0    0    0    0    0    0    0    0    0    0    0    0    0     0  0.0000E+00
   0.8254E+01    0    0    0    0    0    0    0    0    0    0    0    0    0    0    0    0    0    0    0    0     0  0.0000E+00
   0.1000E+02    0    0    0    0    0    0    0    0    0    0    0    0    0    0    0    0    0    0    0    0     0  0.0000E+00
   0.1212E+02    0    0    0    0    0    0    0    0    0    0    0    0    0    0    0    0    0    0    0    0     0  0.0000E+00
   0.1468E+02    0    0    0    0    0    0    0    0    0    0    0    0    0    0    0    0    0    0    0    0     0  0.0000E+00
   0.1778E+02    0    0    0    0    0    0    0    0    0    0    0    0    0    0    0    0    0    0    0    0     0  0.0000E+00
   0.2154E+02    0    0    0    0    0    0    0    0    0    0    0    0    0    0    0    0    0    0    0    0     0  0.0000E+00
   0.2610E+02    0    0    0    0    0    0    0    0    0    0    0    0    0    0    0    0    0    0    0    0     0  0.0000E+00
   0.3162E+02    0    0    0    0    0    0    0    0    0    0    0    0    0    0    0    0    0    0    0    0     0  0.0000E+00
   0.3831E+02    0    0    0    0    0    0    0    0    0    0    0    0    0    0    0    0    0    0    0    0     0  0.0000E+00
   0.4642E+02    0    0    0    0    0    0    0    0    0    0    0    0    0    0    0    0    0    0    0    0     0  0.0000E+00
   0.5623E+02    0    0    0    0    0    0    0    0    0    0    0    0    0    0    0    0    0    0    0    0     0  0.0000E+00
   0.6813E+02    0    0    0    0    0    0    0    0    0    0    0    0    0    0    0    0    0    0    0    0     0  0.0000E+00
   0.8254E+02    0    0    0    0    0    0    0    0    0    0    0    0    0    0    0    0    0    0    0    0     0  0.0000E+00
   0.1000E+03    0    0    0    0    0    0    0    0    0    0    0    0    0    0    0    0    0    0    0    0     0  0.0000E+00
   0.1212E+03    0    0    0    0    0    0    0    0    0    0    0    0    0    0    0    0    0    0    0    0     0  0.0000E+00
   0.1468E+03    0    0    0    0    0    0    0    0    0    0    0    0    0    0    0    0    0    0    0    0     0  0.0000E+00
   0.1778E+03    0    0    0    0    0    0    0    0    0    0    0    0    0    0    0    0    0    0    0    0     0  0.0000E+00
   0.2154E+03    0    0    0    0    0    0    0    0    0    0    0    0    0    0    0    0    0    0    0    0     0  0.0000E+00
   0.2610E+03    0    0    0    0    0    0    0    0    0    0    0    0    0    0    0    0    0    0    0    0     0  0.0000E+00
   0.3162E+03    0    0    0    0    0    0    0    0    0    0    0    0    0    0    0    0    0    0    0    0     0  0.0000E+00
   0.3831E+03    0    0    0    0    0    0    0    0    0    0    0    0    0    0    0    0    0    0    0    0     0  0.0000E+00
   0.4642E+03    0    0    0    0    0    0    0    0    0    0    0    0    0    0    0    0    0    0    0    0     0  0.0000E+00
   0.5623E+03    0    0    0    0    0    0    0    0    0    0    0    0    0    0    0    0    0    0    0    0     0  0.0000E+00
   0.6813E+03    0    0    0    0    0    0    0    0    0    0    0    0    0    0    0    0    0    0    0    0     0  0.0000E+00
   0.8254E+03    0    0    0    0    0    0    0    0    0    0    0    0    0    0    0    0    0    0    0    0     0  0.0000E+00
   0.1000E+04    0    0    0    0    0    0    0    0    0    0    0    0    0    0    0    0    0    0    0    0     0  0.0000E+00
   0.1212E+04    0    0    0    0    0    0    0    0    0    0    0    0    0    0    0    0    0    0    0    0     0  0.0000E+00
   0.1468E+04    0    0    0    0    0    0    0    0    0    0    0    0    0    0    0    0    0    0    0    0     0  0.0000E+00
   0.1778E+04    0    0    0    0    0    0    0    0    0    0    0    0    0    0    0    0    0    0    0    0     0  0.0000E+00
   0.2154E+04    0    0    0    0    0    0    0    0    0    0    0    0    0    0    0    0    0    0    0    0     0  0.0000E+00
   0.2610E+04    0    0    0    0    0    0    0    0    0    0    0    0    0    0    0    0    0    0    0    0     0  0.0000E+00
   0.3162E+04    0    0    0    0    0    0    0    0    0    0    0    0    0    0    0    0    0    0    0    0     0  0.0000E+00
   0.3831E+04    0    0    0    0    0    0    0    0    0    0    0    0    0    0    0    0    0    0    0    0     0  0.0000E+00
   0.4642E+04    0    0    0    0    0    0    0    0    0    0    0    0    0    0    0    0    0    0    0    0     0  0.0000E+00
   0.5623E+04    0    0    0    0    0    0    0    0    0    0    0    0    0    0    0    0    0    0    0    0     0  0.0000E+00
   0.6813E+04    0    0    0    0    0    0    0    0    0    0    0    0    0    0    0    0    0    0    0    0     0  0.0000E+00
   0.8254E+04    0    0    0    0    0    0    0    0    0    0    0    0    0    0    0    0    0    0    0    0     0  0.0000E+00
   0.1000E+05    0    0    0    0    0    0    0    0    0    0    0    0    0    0    0    0    0    0    0    0     0  0.0000E+00
   0.1212E+05    0    0    0    0    0    0    0    0    0    0    0    0    0    0    0    0    0    0    0    0     0  0.0000E+00
   0.1468E+05    0    0    0    0    0    0    0    0    0    0    0    0    0    0    0    0    0    0    0    0     0  0.0000E+00
   0.1778E+05    0    0    0    0    0    0    0    0    0    0    0    0    0    0    0    0    0    0    0    0     0  0.0000E+00
   0.2154E+05    0    0    0    0    0    0    0    0    0    0    0    0    0    0    0    0    0    0    0    0     0  0.0000E+00
   0.2610E+05    0    0    0    0    0    0    0    0    0    0    0    0    0    0    0    0    0    0    0    0     0  0.0000E+00
   0.3162E+05    0    0    0    0    0    0    0    0    0    0    0    0    0    0    0    0    0    0    0    0     0  0.0000E+00
   0.3831E+05    0    0    0    0    0    0    0    0    0    0    0    0    0    0    0    0    0    0    0    0     0  0.0000E+00
   0.4642E+05    0    0    0    0    0    0    0    0    0    0    0    0    0    0    0    0    0    0    0    0     0  0.0000E+00
   0.5623E+05    0    0    0    0    0    0    0    0    0    0    0    0    0    0    0    0    0    0    0    0     0  0.0000E+00
   0.6813E+05    0    0    0    0    0    0    0    0    0    0    0    0    0    0    0    0    0    0    0    0     0  0.0000E+00
   0.8254E+05    0    0    0    0    0    0    0    0    0    0    0    0    0    0    0    0    0    0    0    0     0  0.0000E+00
   0.1000E+06    0    0    0    0    0    0    0    0    0    0    0    0    0    0    0    0    0    0    0    0     0  0.0000E+00
   0.0000E+00  260  830 1278 1984 2683 3322 4445 5226 6124 7040 7879 9133 985410321111781199812676130051390114616147753  0.0000E+00
1ENERGY(E/E0 IN %) - POLAR ANGLE IN COS-INTERVALS (0.05)  (BACKWARD SPUTTERED PARTICLES) , 1.LAYER , SPECIES 1

     0    1    2    3    4    5    6    7    8    9   10   11   12   13   14   15   16   17   18   19   20      0
     1  120  377  576  855 1149 1372 1791 2062 2394 2809 3131 3646 3976 4284 4694 5020 5457 5636 6080 6470  61899
     2    8   27   44   80  100  155  232  284  346  358  470  481  527  484  521  579  536  541  553  568   6894
     3    0    7   12   30   44   58   78  117  132  143  149  188  194  205  179  211  176  163  165  162   2413
     4    1    1    6   10   24   33   45   48   69   88   72  113  102   81   80   76   79   80   75   60   1143
     5    0    1    0    6    9   18   31   32   45   42   54   53   53   48   51   55   40   31   38   20    627
     6    1    0    1    4    4    9   19   29   28   27   25   32   33   21   32   18   21   26   22   11    363
     7    0    0    0    1    3    8   11   12   15   15   15   22   11   13   11   20   13   13    6    8    197
     8    0    2    0    2    4    0    5   12   13   14    7   11   12    9    7    9    7    6    6    2    128
     9    0    0    0    1    2    5    1    5    7    8    6    6    5    5    7    7    5    4    1    3     78
    10    0    0    0    1    0    2    6    6    3    6    5    8    3    3    3    1    3    2    2    4     58
    11    0    0    0    0    0    0    1    4    3    3    1    2    4    3    2    1    2    0    2    0     28
    12    0    0    0    2    0    0    1    1    3    3    2    2    2    2    2    0    0    1    0    0     21
    13    0    0    0    0    0    0    0    1    2    0    1    1    1    3    0    2    0    0    1    0     12
    14    0    0    0    0    1    1    0    0    0    2    1    2    2    0    0    0    0    0    0    1     10
    15    0    0    0    0    1    0    1    0    0    0    0    0    0    0    0    1    0    0    0    0      3
    16    0    0    0    0    1    0    0    0    0    0    1    0    0    0    0    0    0    0    0    0      2
    17    0    0    0    0    0    0    0    0    0    0    0    0    1    0    0    0    0    0    0    0      1
    18    0    0    0    0    0    0    1    0    0    0    0    0    0    0    0    0    0    0    0    0      1
    19    0    0    0    0    0    0    0    0    2    1    0    0    0    0    0    0    0    0    0    0      3
    20    0    0    0    0    0    0    0    0    0    1    0    0    1    0    0    0    0    0    0    0      2
    21    0    0    0    0    0    0    0    0    0    0    0    0    0    0    0    0    0    0    0    0      0
    22    0    0    0    0    0    0    0    0    0    0    0    0    0    0    0    0    0    0    0    0      0
    23    0    0    0    0    0    0    0    0    0    0    0    0    0    0    0    0    0    0    0    0      0
    24    0    0    0    0    0    0    0    0    0    0    0    0    0    0    0    0    0    0    0    0      0
    25    0    0    0    0    0    0    0    0    0    0    0    0    0    0    0    0    0    0    0    0      0
    26    0    0    0    0    0    0    0    0    0    0    0    0    0    0    0    0    0    0    0    0      0
    27    0    0    0    0    0    0    0    0    0    0    0    0    0    0    0    0    0    0    0    0      0
    28    0    0    0    0    0    0    0    0    0    0    0    0    0    0    0    0    0    0    0    0      0
    29    0    0    0    0    0    0    0    0    0    0    0    0    0    0    0    0    0    0    0    0      0
    30    0    0    0    0    0    0    0    0    0    0    0    0    0    0    0    0    0    0    0    0      0
    31    0    0    0    0    0    0    0    0    0    0    0    0    0    0    0    0    0    0    0    0      0
    32    0    0    0    0    0    0    0    0    0    0    0    0    0    0    0    0    0    0    0    0      0
    33    0    0    0    0    0    0    0    0    0    0    0    0    0    0    0    0    0    0    0    0      0
    34    0    0    0    0    0    0    0    0    0    0    0    0    0    0    0    0    0    0    0    0      0
    35    0    0    0    0    0    0    0    0    0    0    0    0    0    0    0    0    0    0    0    0      0
    36    0    0    0    0    0    0    0    0    0    0    0    0    0    0    0    0    0    0    0    0      0
    37    0    0    0    0    0    0    0    0    0    0    0    0    0    0    0    0    0    0    0    0      0
    38    0    0    0    0    0    0    0    0    0    0    0    0    0    0    0    0    0    0    0    0      0
    39    0    0    0    0    0    0    0    0    0    0    0    0    0    0    0    0    0    0    0    0      0
    40    0    0    0    0    0    0    0    0    0    0    0    0    0    0    0    0    0    0    0    0      0
    41    0    0    0    0    0    0    0    0    0    0    0    0    0    0    0    0    0    0    0    0      0
    42    0    0    0    0    0    0    0    0    0    0    0    0    0    0    0    0    0    0    0    0      0
    43    0    0    0    0    0    0    0    0    0    0    0    0    0    0    0    0    0    0    0    0      0
    44    0    0    0    0    0    0    0    0    0    0    0    0    0    0    0    0    0    0    0    0      0
    45    0    0    0    0    0    0    0    0    0    0    0    0    0    0    0    0    0    0    0    0      0
    46    0    0    0    0    0    0    0    0    0    0    0    0    0    0    0    0    0    0    0    0      0
    47    0    0    0    0    0    0    0    0    0    0    0    0    0    0    0    0    0    0    0    0      0
    48    0    0    0    0    0    0    0    0    0    0    0    0    0    0    0    0    0    0    0    0      0
    49    0    0    0    0    0    0    0    0    0    0    0    0    0    0    0    0    0    0    0    0      0
    50    0    0    0    0    0    0    0    0    0    0    0    0    0    0    0    0    0    0    0    0      0
    51    0    0    0    0    0    0    0    0    0    0    0    0    0    0    0    0    0    0    0    0      0
    52    0    0    0    0    0    0    0    0    0    0    0    0    0    0    0    0    0    0    0    0      0
    53    0    0    0    0    0    0    0    0    0    0    0    0    0    0    0    0    0    0    0    0      0
    54    0    0    0    0    0    0    0    0    0    0    0    0    0    0    0    0    0    0    0    0      0
    55    0    0    0    0    0    0    0    0    0    0    0    0    0    0    0    0    0    0    0    0      0
    56    0    0    0    0    0    0    0    0    0    0    0    0    0    0    0    0    0    0    0    0      0
    57    0    0    0    0    0    0    0    0    0    0    0    0    0    0    0    0    0    0    0    0      0
    58    0    0    0    0    0    0    0    0    0    0    0    0    0    0    0    0    0    0    0    0      0
    59    0    0    0    0    0    0    0    0    0    0    0    0    0    0    0    0    0    0    0    0      0
    60    0    0    0    0    0    0    0    0    0    0    0    0    0    0    0    0    0    0    0    0      0
    61    0    0    0    0    0    0    0    0    0    0    0    0    0    0    0    0    0    0    0    0      0
    62    0    0    0    0    0    0    0    0    0    0    0    0    0    0    0    0    0    0    0    0      0
    63    0    0    0    0    0    0    0    0    0    0    0    0    0    0    0    0    0    0    0    0      0
    64    0    0    0    0    0    0    0    0    0    0    0    0    0    0    0    0    0    0    0    0      0
    65    0    0    0    0    0    0    0    0    0    0    0    0    0    0    0    0    0    0    0    0      0
    66    0    0    0    0    0    0    0    0    0    0    0    0    0    0    0    0    0    0    0    0      0
    67    0    0    0    0    0    0    0    0    0    0    0    0    0    0    0    0    0    0    0    0      0
    68    0    0    0    0    0    0    0    0    0    0    0    0    0    0    0    0    0    0    0    0      0
    69    0    0    0    0    0    0    0    0    0    0    0    0    0    0    0    0    0    0    0    0      0
    70    0    0    0    0    0    0    0    0    0    0    0    0    0    0    0    0    0    0    0    0      0
    71    0    0    0    0    0    0    0    0    0    0    0    0    0    0    0    0    0    0    0    0      0
    72    0    0    0    0    0    0    0    0    0    0    0    0    0    0    0    0    0    0    0    0      0
    73    0    0    0    0    0    0    0    0    0    0    0    0    0    0    0    0    0    0    0    0      0
    74    0    0    0    0    0    0    0    0    0    0    0    0    0    0    0    0    0    0    0    0      0
    75    0    0    0    0    0    0    0    0    0    0    0    0    0    0    0    0    0    0    0    0      0
    76    0    0    0    0    0    0    0    0    0    0    0    0    0    0    0    0    0    0    0    0      0
    77    0    0    0    0    0    0    0    0    0    0    0    0    0    0    0    0    0    0    0    0      0
    78    0    0    0    0    0    0    0    0    0    0    0    0    0    0    0    0    0    0    0    0      0
    79    0    0    0    0    0    0    0    0    0    0    0    0    0    0    0    0    0    0    0    0      0
    80    0    0    0    0    0    0    0    0    0    0    0    0    0    0    0    0    0    0    0    0      0
    81    0    0    0    0    0    0    0    0    0    0    0    0    0    0    0    0    0    0    0    0      0
    82    0    0    0    0    0    0    0    0    0    0    0    0    0    0    0    0    0    0    0    0      0
    83    0    0    0    0    0    0    0    0    0    0    0    0    0    0    0    0    0    0    0    0      0
    84    0    0    0    0    0    0    0    0    0    0    0    0    0    0    0    0    0    0    0    0      0
    85    0    0    0    0    0    0    0    0    0    0    0    0    0    0    0    0    0    0    0    0      0
    86    0    0    0    0    0    0    0    0    0    0    0    0    0    0    0    0    0    0    0    0      0
    87    0    0    0    0    0    0    0    0    0    0    0    0    0    0    0    0    0    0    0    0      0
    88    0    0    0    0    0    0    0    0    0    0    0    0    0    0    0    0    0    0    0    0      0
    89    0    0    0    0    0    0    0    0    0    0    0    0    0    0    0    0    0    0    0    0      0
    90    0    0    0    0    0    0    0    0    0    0    0    0    0    0    0    0    0    0    0    0      0
    91    0    0    0    0    0    0    0    0    0    0    0    0    0    0    0    0    0    0    0    0      0
    92    0    0    0    0    0    0    0    0    0    0    0    0    0    0    0    0    0    0    0    0      0
    93    0    0    0    0    0    0    0    0    0    0    0    0    0    0    0    0    0    0    0    0      0
    94    0    0    0    0    0    0    0    0    0    0    0    0    0    0    0    0    0    0    0    0      0
    95    0    0    0    0    0    0    0    0    0    0    0    0    0    0    0    0    0    0    0    0      0
    96    0    0    0    0    0    0    0    0    0    0    0    0    0    0    0    0    0    0    0    0      0
    97    0    0    0    0    0    0    0    0    0    0    0    0    0    0    0    0    0    0    0    0      0
    98    0    0    0    0    0    0    0    0    0    0    0    0    0    0    0    0    0    0    0    0      0
    99    0    0    0    0    0    0    0    0    0    0    0    0    0    0    0    0    0    0    0    0      0
   100    0    0    0    0    0    0    0    0    0    0    0    0    0    0    0    0    0    0    0    0      0
     0  130  415  639  992 1342 1661 2223 2613 3062 3520 3940 4567 4927 5161 5589 6000 6339 6503 6951 7309  73883
1AZIMUTHAL ANGLE - POLAR ANGLE IN COS-INTERVALS (0.05) (BACKWARD SPUTTERED PARTICLES) , 1.LAYER , SPECIES 1

     0    1    2    3    4    5    6    7    8    9   10   11   12   13   14   15   16   17   18   19   20      0
     3    2    6   12   21   24   26   35   45   47   53   71   71   75  104   93  120  104  124  103  139   1275
     6    0    7   11   12   20   32   32   45   46   53   70   64   77   89  107   82  106  108  125  124   1210
     9    2    7   11   17   26   23   35   51   43   63   59   70   93   90   98  111   96  103  129  104   1231
    12    3    2   10   18   19   22   38   44   47   57   71   72   84   77   93  109  107   92  121  132   1218
    15    2    5    7   10   24   19   23   37   48   70   75   78   85  108   88   95  104  110  115  121   1224
    18    3   10   17   20   23   38   35   60   49   68   40   74   82   72   84  119   96  102  105  101   1198
    21    2    4   14   22   18   26   41   45   43   62   54   70   86   84   82   97  114  125   94  120   1203
    24    0    7    5   17   15   30   29   46   66   66   77   77   94   84   89   82  109   99  124  117   1233
    27    0    4    9   16   23   25   46   42   55   69   74   78   73   78  110  102  116  105   86  130   1241
    30    1    4    8   14   18   38   39   45   50   59   71   78   81  113   85   87  106  128  103  109   1237
    33    0    7    7   13   24   39   43   61   57   58   57   75   79   88   86   96  107  100  110  114   1221
    36    2    5    8   11   19   39   35   44   61   67   66   70   85   78  109  113  102  120  111  107   1252
    39    0    6   17   18   21   33   30   42   48   55   65   74   93   80  101  104   96   74  107  131   1195
    42    0    4    9   16   25   38   41   47   48   62   75   89   75   68   92  112   93  115  141  132   1282
    45    3    9    9   22   22   29   28   46   63   65   52   65   81   78   91   91   97  125  119  112   1207
    48    6    4   13   16   27   23   40   43   47   58   64   78   77   99   89  102  109  107  111  124   1237
    51    2    6    5   17   29   29   31   29   45   52   52   86   91   90  102  104  113  104  117  141   1245
    54    1   11    9   11   19   27   42   34   39   65   66   74   88   73  104   96  106  108  120  121   1214
    57    2    8   13   13   19   33   43   42   48   48   89   76   86  103  102   94   97  125  140  116   1297
    60    4    8   10   12   18   22   43   36   58   59   56   69   90  106   88  122  102  111  106  123   1243
    63    2    7   11   23   19   18   31   39   60   42   58   66   86   91   88  105   99  113  117  110   1185
    66    0    7   15   13   17   24   36   50   54   48   81   84   85   97   92   96  106  103  107  118   1233
    69    3    7    9   22   23   24   36   49   45   64   73   88   59   82   93   98   95   98  112  102   1182
    72    1    6   16   15   25   34   42   39   56   54   62   71   92   85   83  113  107  108  139  131   1279
    75    1   16   10   11   23   26   27   43   57   56   71   79   88   78   88   86  108  113  118  123   1222
    78    1   12   11   21   21   33   52   49   47   60   59   71   93   82   81   84   78  105   96  129   1185
    81    4    1   12   19   24   34   31   34   54   58   55   73   88   75   87   90   93  113  100  120   1165
    84    4    6   14   15   22   25   42   50   62   56   78   66   80   80   92  101  107  129  126  118   1273
    87    5    7    8   13   24   26   36   49   55   60   65   76   81   77   75  102  121   98  126   99   1203
    90    3    8    7   18   19   22   40   45   42   61   61   90   90   75   91   93  117  102  133  124   1241
    93    4    8    9   21   23   29   43   54   47   59   58   78   66   87  106   92  121  123  130  121   1279
    96    3    8   10   26   36   31   39   49   70   72   77   77   80  101   89   93  102  108  101  126   1298
    99    5    7   13   13   24   25   48   43   43   57   76   82  101   92  101   99  121  113  121  121   1305
   102    4   10    7   17   26   21   47   44   44   50   75   88   69   87   96  111  103  119  115  121   1254
   105    2    5   14   22   25   30   40   41   49   65   66   62   76   90  102   93  110  110  122  131   1255
   108    1    5   12   18   21   22   31   42   53   57   59   78   94   87   76  104  106  113  122  115   1216
   111    2   13   10   13   26   28   42   43   58   57   76   73   68   76   85   79  106   97  115  134   1201
   114    2    4   14   13   23   33   41   46   62   64   48   85   69   83   96  109  118  101  105  121   1237
   117    2    5   10   10   13   27   43   52   48   55   66   68   88   86   91  102  106  114  118  134   1238
   120    2    4   10   14   23   32   35   37   42   80   73   74   77   81   86   92  116  113  130  120   1241
   123    1    4   14   16   24   23   38   39   46   59   63   80   74   89  107  103   98  117  112  123   1230
   126    4   11    9   21   27   25   38   40   41   46   65   69   74   93   84   98  108  101  112  129   1195
   129    5    3    9   14   20   27   31   41   59   59   55   54   85   91   84   94   98  109  122  138   1198
   132    3    8    8   13   24   32   33   39   41   57   71   76   83   93   91  113  101  111  122  133   1252
   135    5   10   15   18   22   28   42   42   53   66   66   86   74   78   94  106  102  111   93  129   1240
   138    0    8   10   20   31   30   38   35   45   62   73   93   84   79   92  112  104  100  123  122   1261
   141    1    3   10   21   20   29   45   34   49   66   73   81   88   70   95  101  108   94  128  105   1221
   144    0    3    9   15   17   42   39   38   50   60   66   82   80   79   99   99   97  103  131  120   1229
   147    1   14    6   17   21   30   32   38   54   60   59   82   79  102   88  107  116   85  110  112   1213
   150    3    8    8   17   20   25   37   38   51   54   54   82   67   94   90   89   99  110  123  112   1181
   153    1   10   11   15   17   28   34   47   56   44   70   65   81   84   90   91  112   96  123  127   1202
   156    1    8   11   17   28   25   34   44   57   59   70   84   87   83  112  106  127   96  117  120   1286
   159    2    6   15   20   24   20   40   51   51   58   56   91   82   81   93  108  105  105  115  137   1260
   162    2    9   16    8   24   23   29   41   50   61   65   74  101   71  108  124  100  125  113  125   1269
   165    6    8   11   16   21   25   30   49   48   57   66   74   96   86  108   89  104  110  108  123   1235
   168    2    3    5   20   18   28   35   47   41   63   67   78   69  104   74  101  139  117  108  111   1230
   171    3    7    8   15   24   27   29   31   60   58   56   79   72   98  108   99  106  107   97  128   1212
   174    0    9    8   21   19   18   34   39   44   57   69   68   88   85   94   98   97  102  117  121   1188
   177    2    7   13   17   25   22   34   50   57   48   73   81   76   76   96   88   99  112  115  118   1209
   180    2    6   17   18   26   19   40   48   53   42   62   71   82   71   91   94   99  114  122  140   1217
     0  130  415  639  992 1342 1661 2223 2613 3062 3520 3940 4567 4927 5161 5589 6000 6339 6503 6951 7309  73883
