1
      *** PROGRAM TRVMC95 ***


                              * INPUT DATA *


       Z1        M1          E0       ALPHA       EF        ESB      SHEATH     ERC
     18.00     39.95       509.00      0.00      0.10      0.00   1527.00      4.70

       NH        RI           X0        RD        CW        CA       KK0   KK0R   KDEE1  KDEE2  IPOT   IPOTR   IRL
   9999999 716381.00         0.00    100.00      2.00      1.00       2      2      3      3      1      1      3


             DX      RHO    CK  Z(,1) Z(,2) Z(,3) Z(,4) Z(,5)  M(,1)  M(,2)  M(,3)  M(,4)  M(,5) C(,1) C(,2) C(,3) C(,4) C(,5)

 1.LAYER 10000.00   2.25   1.00    6.    0.    0.    0.    0.  12.01   0.00   0.00   0.00   0.00 1.000 0.000 0.000 0.000 0.000


                           ***  SBE(LAYER,ELEMENT)  ***     ***     ED(LAYER,ELEMENT)     ***     ***   BE(LAYER,ELEMENT)  ***

 1.LAYER                   7.41  0.00  0.00  0.00  0.00     30.00   0.00   0.00   0.00   0.00     0.10  0.00  0.00  0.00  0.00


       INTERACTION POTENTIAL : PROJECTILE-TARGET : KR-C POTENTIAL     TARGET-TARGET : KR-C POTENTIAL    


       INELASTIC LOSS MODEL  : PROJECTILE-TARGET : 50% LS 50% OR      TARGET-TARGET : 50% LS 50% OR     
1

                              * OUTPUT DATA *


                 HLM       HLMT        SU       SUT        XC        RT       SFE      INEL         L        LJ
               0.0000 10000.000    3.5029 10003.503   -3.5029  9900.000      7.41         0         1         1


                NPROJ       KIB       KIT      MAXA      NALL       NPA       NSA       KIS      KIST
              1940449         0         0       306 928125282  95633355 500355682   5558155         0


            EPS0(I)       Z2(I)       M2(I)     ARHO(I)       LM(I)     PMAX(I)     ASIG(I)       SB(I)       XX(I)        NJ(I)

 1.LAYER   0.9981E-02  0.6000E+01  0.1201E+02  0.1128E+00  0.2070E+01  0.1168E+01  0.2335E+00  0.7410E+01  0.1000E+05         1


             A1(1)   A1(2)   A1(3)   A1(4)   A1(5)   A1(6)   A1(7)   A1(8)   A1(9)  A1(10)  A1(11)  A1(12)  A1(13)  A1(14)  A1(15)

           0.13193


           KOR1(1) KOR1(2) KOR1(3) KOR1(4) KOR1(5) KOR1(6) KOR1(7) KOR1(8) KOR1(9) KOR1(A) KOR1(B) KOR1(C) KOR1(D) KOR1(E) KOR1(F)

           0.73577


            A(I,1)  A(I,2)  A(I,3)  A(I,4)  A(I,5)  A(I,6)  A(I,7)  A(I,8)  A(I,9) A(I,10) A(I,11) A(I,12) A(I,13) A(I,14) A(I,15)

           0.16242


           KOR(,1) KOR(,2) KOR(,3) KOR(,4) KOR(,5) KOR(,6) KOR(,7) KOR(,8) KOR(,9) KOR(,A) KOR(,B) KOR(,C) KOR(,D) KOR(,E) KOR(,F)

           0.46963
1

         IMPLANTED PARTICLES=9999999     ENERGY=0.5090E+10 EV
     BACKSCATTERED PARTICLES=      0     ENERGY=0.0000E+00 EV
       TRANSMITTED PARTICLES=      0     ENERGY=0.0000E+00 EV
     BACKSPUTTERED PARTICLES=1281731     ENERGY=0.1329E+08 EV
    TRANSM. SPUTT. PARTICLES=      0     ENERGY=0.0000E+00 EV


  PROJECTILES :   MEAN NUMBER OF ELASTIC COLLISIONS =     10.7   MEAN NUMBER OF EL.COLL.(E > EDISPL.) =    4.072
                                                                 MEAN NUMBER OF EL.COLL.(E > SB(1))   =    9.094

                       MEAN        VARIANCE      SKEWNESS      KURTOSIS        SIGMA       ERROR 1.M     ERROR 2.M     ERROR 3.M 
  PENETRATION       1.6949E+01    2.0492E+01    3.2810E-01    2.8724E+00    4.5268E+00    1.4315E-03    8.8674E-03    6.8317E-04
       SPREAD       5.8771E+00    9.9841E+00    6.8088E-01    3.3062E+00    3.1598E+00    9.9920E-04    4.7946E-03    7.9386E-04
   PATHLENGTH       2.0311E+01    2.3247E+01    2.4797E-01    2.7994E+00    4.8215E+00    1.5247E-03    9.8613E-03    6.6038E-04
 ELASTIC LOSS       4.8572E+02    4.3892E+01                                6.6251E+00    6.6251E-07
   INEL. LOSS       2.3277E+01    4.3892E+01                                6.6251E+00    6.6251E-07

                       MEAN        VARIANCE      SKEWNESS      KURTOSIS        SIGMA       ERROR 1.M     ERROR 2.M     ERROR 3.M 
   ELAST.LOSS       4.0427E+01    2.6457E+03    2.6685E+00    1.1375E+01    5.1436E+01    4.9665E-03    8.2283E-01    4.6343E-04
 WEAK EL.LOSS       4.8578E+00    7.0735E+00    5.2656E-01    2.7092E+00    2.6596E+00    2.5680E-04    8.9291E-04    1.6014E-04
 INELAST.LOSS       2.1702E+00    1.8239E+00   -1.5118E-02    1.6411E+00    1.3505E+00    1.3040E-04    1.4101E-04    1.4645E-04
  SUBTHR.LOSS       1.3527E+01    6.2201E+01    1.2388E-01    2.1652E+00    7.8868E+00    9.6681E-04    8.2309E-03    1.6092E-04

                     1.MOMENT      2.MOMENT      3.MOMENT      4.MOMENT      5.MOMENT      6.MOMENT 
  PENETRATION       1.6949E+01    3.0777E+02    5.9416E+03    1.2112E+05    2.5918E+06    5.7920E+07



  RECOILES (PER PROJ.)   :   MEAN NUMBER OF ELASTIC COLLISIONS =     89.8   MEAN NUMBER OF EL.COLL.(E > EDISPL.) =      2.848
                                                                            MEAN NUMBER OF EL.COLL.(E > SB(1))   =     26.167

  RECOILES (PER KNOCKON) :   MEAN NUMBER OF ELASTIC COLLISIONS =    1.506   MEAN NUMBER OF EL.COLL.(E > EDISPL.) =      0.048
                                                                            MEAN NUMBER OF EL.COLL.(E > SB(1))   =      0.439

1


     DEPTH(A)  PARTICLES  NORM.DEPTH PATHLENGTH   INLOSS(EV)  TELOSS(EV)  ELLOSS(EV)  DAMAGE(EV)  PHONON(EV)  CASCAD(EV)     DPA

    -SU-    0.         0  0.0000E+00
     0.-    2.         0  0.0000E+00         0    3.8353E+07  7.6650E+08  7.2988E+08  6.5987E+08  7.0016E+07  5.6626E+08 5700170
     2.-    4.        50  0.5000E-05         0    3.7683E+07  7.2341E+08  6.8158E+08  6.0872E+08  7.2864E+07  5.2393E+08 5822715
     4.-    6.      6419  0.6419E-03         1    3.4065E+07  6.7521E+08  6.2677E+08  5.4733E+08  7.9444E+07  4.7258E+08 5870739
     6.-    8.     94338  0.9434E-02      1989    3.0036E+07  6.1626E+08  5.6064E+08  4.7090E+08  8.9745E+07  4.0786E+08 5670390
     8.-   10.    398622  0.3986E-01     38023    2.5711E+07  5.4667E+08  4.8503E+08  3.8402E+08  1.0101E+08  3.3357E+08 5143819
    10.-   12.    892016  0.8920E-01    201066    2.1050E+07  4.6264E+08  3.9889E+08  2.9154E+08  1.0735E+08  2.5389E+08 4294885
    12.-   14.   1375097  0.1375E+00    548184    1.6277E+07  3.6795E+08  3.0774E+08  2.0355E+08  1.0420E+08  1.7766E+08 3264308
    14.-   16.   1660406  0.1660E+00    997568    1.1760E+07  2.7232E+08  2.2085E+08  1.2968E+08  9.1168E+07  1.1342E+08 2238775
    16.-   18.   1667826  0.1668E+00   1398930    7.8659E+06  1.8564E+08  1.4597E+08  7.4494E+07  7.1481E+07  6.5266E+07 1374806
    18.-   20.   1436266  0.1436E+00   1612285    4.8458E+06  1.1604E+08  8.8518E+07  3.8288E+07  5.0230E+07  3.3597E+07  749707
    20.-   22.   1075575  0.1076E+00   1589850    2.7208E+06  6.5901E+07  4.8805E+07  1.7415E+07  3.1390E+07  1.5302E+07  359365
    22.-   24.    697131  0.6971E-01   1358278    1.3853E+06  3.3751E+07  2.4278E+07  6.9130E+06  1.7365E+07  6.0821E+06  150045
    24.-   26.    391584  0.3916E-01   1004408    6.3253E+05  1.5477E+07  1.0834E+07  2.3823E+06  8.4515E+06  2.0982E+06   53927
    26.-   28.    189369  0.1894E-01    642636    2.5735E+05  6.2941E+06  4.2899E+06  6.9196E+05  3.5979E+06  6.1005E+05   16316
    28.-   30.     78213  0.7821E-02    352077    9.1802E+04  2.2399E+06  1.4901E+06  1.6996E+05  1.3201E+06  1.4995E+05    4137
    30.-   32.     27132  0.2713E-02    163597    2.8283E+04  6.8480E+05  4.4492E+05  3.2060E+04  4.1286E+05  2.8306E+04     802
    32.-   34.      7749  0.7749E-03     64145    7.4489E+03  1.7954E+05  1.1455E+05  5.5775E+03  1.0898E+05  4.9281E+03     144
    34.-   36.      1819  0.1819E-03     20481    1.6321E+03  3.8814E+04  2.4438E+04  8.0150E+02  2.3636E+04  7.0760E+02      20
    36.-   38.       332  0.3320E-04      5267    3.1128E+02  7.3252E+03  4.5521E+03  3.8171E+01  4.5139E+03  3.3753E+01       1
    38.-   40.        51  0.5100E-05      1061    4.6096E+01  1.0664E+03  6.4120E+02  0.0000E+00  6.4120E+02  0.0000E+00       0
    40.-   42.         3  0.3000E-06       140    4.1226E+00  1.0075E+02  6.3138E+01  0.0000E+00  6.3138E+01  0.0000E+00       0
    42.-   44.         1  0.1000E-06        13    4.3050E-01  9.4000E+00  4.8817E+00  0.0000E+00  4.8817E+00  0.0000E+00       0
    44.-   46.         0  0.0000E+00         0    2.3109E-02  2.9873E-01  2.1132E-01  0.0000E+00  2.1132E-01  0.0000E+00       0
    46.-   48.         0  0.0000E+00         0    0.0000E+00  0.0000E+00  0.0000E+00  0.0000E+00  0.0000E+00  0.0000E+00       0
    48.-   50.         0  0.0000E+00         0    0.0000E+00  0.0000E+00  0.0000E+00  0.0000E+00  0.0000E+00  0.0000E+00       0
    50.-   52.         0  0.0000E+00         0    0.0000E+00  0.0000E+00  0.0000E+00  0.0000E+00  0.0000E+00  0.0000E+00       0
    52.-   54.         0  0.0000E+00         0    0.0000E+00  0.0000E+00  0.0000E+00  0.0000E+00  0.0000E+00  0.0000E+00       0
    54.-   56.         0  0.0000E+00         0    0.0000E+00  0.0000E+00  0.0000E+00  0.0000E+00  0.0000E+00  0.0000E+00       0
    56.-   58.         0  0.0000E+00         0    0.0000E+00  0.0000E+00  0.0000E+00  0.0000E+00  0.0000E+00  0.0000E+00       0
    58.-   60.         0  0.0000E+00         0    0.0000E+00  0.0000E+00  0.0000E+00  0.0000E+00  0.0000E+00  0.0000E+00       0
    60.-   62.         0  0.0000E+00         0    0.0000E+00  0.0000E+00  0.0000E+00  0.0000E+00  0.0000E+00  0.0000E+00       0
    62.-   64.         0  0.0000E+00         0    0.0000E+00  0.0000E+00  0.0000E+00  0.0000E+00  0.0000E+00  0.0000E+00       0
    64.-   66.         0  0.0000E+00         0    0.0000E+00  0.0000E+00  0.0000E+00  0.0000E+00  0.0000E+00  0.0000E+00       0
    66.-   68.         0  0.0000E+00         0    0.0000E+00  0.0000E+00  0.0000E+00  0.0000E+00  0.0000E+00  0.0000E+00       0
    68.-   70.         0  0.0000E+00         0    0.0000E+00  0.0000E+00  0.0000E+00  0.0000E+00  0.0000E+00  0.0000E+00       0
    70.-   72.         0  0.0000E+00         0    0.0000E+00  0.0000E+00  0.0000E+00  0.0000E+00  0.0000E+00  0.0000E+00       0
    72.-   74.         0  0.0000E+00         0    0.0000E+00  0.0000E+00  0.0000E+00  0.0000E+00  0.0000E+00  0.0000E+00       0
    74.-   76.         0  0.0000E+00         0    0.0000E+00  0.0000E+00  0.0000E+00  0.0000E+00  0.0000E+00  0.0000E+00       0
    76.-   78.         0  0.0000E+00         0    0.0000E+00  0.0000E+00  0.0000E+00  0.0000E+00  0.0000E+00  0.0000E+00       0
    78.-   80.         0  0.0000E+00         0    0.0000E+00  0.0000E+00  0.0000E+00  0.0000E+00  0.0000E+00  0.0000E+00       0
    80.-   82.         0  0.0000E+00         0    0.0000E+00  0.0000E+00  0.0000E+00  0.0000E+00  0.0000E+00  0.0000E+00       0
    82.-   84.         0  0.0000E+00         0    0.0000E+00  0.0000E+00  0.0000E+00  0.0000E+00  0.0000E+00  0.0000E+00       0
    84.-   86.         0  0.0000E+00         0    0.0000E+00  0.0000E+00  0.0000E+00  0.0000E+00  0.0000E+00  0.0000E+00       0
    86.-   88.         0  0.0000E+00         0    0.0000E+00  0.0000E+00  0.0000E+00  0.0000E+00  0.0000E+00  0.0000E+00       0
    88.-   90.         0  0.0000E+00         0    0.0000E+00  0.0000E+00  0.0000E+00  0.0000E+00  0.0000E+00  0.0000E+00       0
    90.-   92.         0  0.0000E+00         0    0.0000E+00  0.0000E+00  0.0000E+00  0.0000E+00  0.0000E+00  0.0000E+00       0
    92.-   94.         0  0.0000E+00         0    0.0000E+00  0.0000E+00  0.0000E+00  0.0000E+00  0.0000E+00  0.0000E+00       0
    94.-   96.         0  0.0000E+00         0    0.0000E+00  0.0000E+00  0.0000E+00  0.0000E+00  0.0000E+00  0.0000E+00       0
    96.-   98.         0  0.0000E+00         0    0.0000E+00  0.0000E+00  0.0000E+00  0.0000E+00  0.0000E+00  0.0000E+00       0
    98.-  100.         0  0.0000E+00         0    0.0000E+00  0.0000E+00  0.0000E+00  0.0000E+00  0.0000E+00  0.0000E+00       0
   100.-  102.         0  0.0000E+00         0    0.0000E+00  0.0000E+00  0.0000E+00  0.0000E+00  0.0000E+00  0.0000E+00       0
   102.-  104.         0  0.0000E+00         0    0.0000E+00  0.0000E+00  0.0000E+00  0.0000E+00  0.0000E+00  0.0000E+00       0
   104.-  106.         0  0.0000E+00         0    0.0000E+00  0.0000E+00  0.0000E+00  0.0000E+00  0.0000E+00  0.0000E+00       0
   106.-  108.         0  0.0000E+00         0    0.0000E+00  0.0000E+00  0.0000E+00  0.0000E+00  0.0000E+00  0.0000E+00       0
   108.-  110.         0  0.0000E+00         0    0.0000E+00  0.0000E+00  0.0000E+00  0.0000E+00  0.0000E+00  0.0000E+00       0
   110.-  112.         0  0.0000E+00         0    0.0000E+00  0.0000E+00  0.0000E+00  0.0000E+00  0.0000E+00  0.0000E+00       0
   112.-  114.         0  0.0000E+00         0    0.0000E+00  0.0000E+00  0.0000E+00  0.0000E+00  0.0000E+00  0.0000E+00       0
   114.-  116.         0  0.0000E+00         0    0.0000E+00  0.0000E+00  0.0000E+00  0.0000E+00  0.0000E+00  0.0000E+00       0
   116.-  118.         0  0.0000E+00         0    0.0000E+00  0.0000E+00  0.0000E+00  0.0000E+00  0.0000E+00  0.0000E+00       0
   118.-  120.         0  0.0000E+00         0    0.0000E+00  0.0000E+00  0.0000E+00  0.0000E+00  0.0000E+00  0.0000E+00       0
   120.-  122.         0  0.0000E+00         0    0.0000E+00  0.0000E+00  0.0000E+00  0.0000E+00  0.0000E+00  0.0000E+00       0
   122.-  124.         0  0.0000E+00         0    0.0000E+00  0.0000E+00  0.0000E+00  0.0000E+00  0.0000E+00  0.0000E+00       0
   124.-  126.         0  0.0000E+00         0    0.0000E+00  0.0000E+00  0.0000E+00  0.0000E+00  0.0000E+00  0.0000E+00       0
   126.-  128.         0  0.0000E+00         0    0.0000E+00  0.0000E+00  0.0000E+00  0.0000E+00  0.0000E+00  0.0000E+00       0
   128.-  130.         0  0.0000E+00         0    0.0000E+00  0.0000E+00  0.0000E+00  0.0000E+00  0.0000E+00  0.0000E+00       0
   130.-  132.         0  0.0000E+00         0    0.0000E+00  0.0000E+00  0.0000E+00  0.0000E+00  0.0000E+00  0.0000E+00       0
   132.-  134.         0  0.0000E+00         0    0.0000E+00  0.0000E+00  0.0000E+00  0.0000E+00  0.0000E+00  0.0000E+00       0
   134.-  136.         0  0.0000E+00         0    0.0000E+00  0.0000E+00  0.0000E+00  0.0000E+00  0.0000E+00  0.0000E+00       0
   136.-  138.         0  0.0000E+00         0    0.0000E+00  0.0000E+00  0.0000E+00  0.0000E+00  0.0000E+00  0.0000E+00       0
   138.-  140.         0  0.0000E+00         0    0.0000E+00  0.0000E+00  0.0000E+00  0.0000E+00  0.0000E+00  0.0000E+00       0
   140.-  142.         0  0.0000E+00         0    0.0000E+00  0.0000E+00  0.0000E+00  0.0000E+00  0.0000E+00  0.0000E+00       0
   142.-  144.         0  0.0000E+00         0    0.0000E+00  0.0000E+00  0.0000E+00  0.0000E+00  0.0000E+00  0.0000E+00       0
   144.-  146.         0  0.0000E+00         0    0.0000E+00  0.0000E+00  0.0000E+00  0.0000E+00  0.0000E+00  0.0000E+00       0
   146.-  148.         0  0.0000E+00         0    0.0000E+00  0.0000E+00  0.0000E+00  0.0000E+00  0.0000E+00  0.0000E+00       0
   148.-  150.         0  0.0000E+00         0    0.0000E+00  0.0000E+00  0.0000E+00  0.0000E+00  0.0000E+00  0.0000E+00       0
   150.-  152.         0  0.0000E+00         0    0.0000E+00  0.0000E+00  0.0000E+00  0.0000E+00  0.0000E+00  0.0000E+00       0
   152.-  154.         0  0.0000E+00         0    0.0000E+00  0.0000E+00  0.0000E+00  0.0000E+00  0.0000E+00  0.0000E+00       0
   154.-  156.         0  0.0000E+00         0    0.0000E+00  0.0000E+00  0.0000E+00  0.0000E+00  0.0000E+00  0.0000E+00       0
   156.-  158.         0  0.0000E+00         0    0.0000E+00  0.0000E+00  0.0000E+00  0.0000E+00  0.0000E+00  0.0000E+00       0
   158.-  160.         0  0.0000E+00         0    0.0000E+00  0.0000E+00  0.0000E+00  0.0000E+00  0.0000E+00  0.0000E+00       0
   160.-  162.         0  0.0000E+00         0    0.0000E+00  0.0000E+00  0.0000E+00  0.0000E+00  0.0000E+00  0.0000E+00       0
   162.-  164.         0  0.0000E+00         0    0.0000E+00  0.0000E+00  0.0000E+00  0.0000E+00  0.0000E+00  0.0000E+00       0
   164.-  166.         0  0.0000E+00         0    0.0000E+00  0.0000E+00  0.0000E+00  0.0000E+00  0.0000E+00  0.0000E+00       0
   166.-  168.         0  0.0000E+00         0    0.0000E+00  0.0000E+00  0.0000E+00  0.0000E+00  0.0000E+00  0.0000E+00       0
   168.-  170.         0  0.0000E+00         0    0.0000E+00  0.0000E+00  0.0000E+00  0.0000E+00  0.0000E+00  0.0000E+00       0
   170.-  172.         0  0.0000E+00         0    0.0000E+00  0.0000E+00  0.0000E+00  0.0000E+00  0.0000E+00  0.0000E+00       0
   172.-  174.         0  0.0000E+00         0    0.0000E+00  0.0000E+00  0.0000E+00  0.0000E+00  0.0000E+00  0.0000E+00       0
   174.-  176.         0  0.0000E+00         0    0.0000E+00  0.0000E+00  0.0000E+00  0.0000E+00  0.0000E+00  0.0000E+00       0
   176.-  178.         0  0.0000E+00         0    0.0000E+00  0.0000E+00  0.0000E+00  0.0000E+00  0.0000E+00  0.0000E+00       0
   178.-  180.         0  0.0000E+00         0    0.0000E+00  0.0000E+00  0.0000E+00  0.0000E+00  0.0000E+00  0.0000E+00       0
   180.-  182.         0  0.0000E+00         0    0.0000E+00  0.0000E+00  0.0000E+00  0.0000E+00  0.0000E+00  0.0000E+00       0
   182.-  184.         0  0.0000E+00         0    0.0000E+00  0.0000E+00  0.0000E+00  0.0000E+00  0.0000E+00  0.0000E+00       0
   184.-  186.         0  0.0000E+00         0    0.0000E+00  0.0000E+00  0.0000E+00  0.0000E+00  0.0000E+00  0.0000E+00       0
   186.-  188.         0  0.0000E+00         0    0.0000E+00  0.0000E+00  0.0000E+00  0.0000E+00  0.0000E+00  0.0000E+00       0
   188.-  190.         0  0.0000E+00         0    0.0000E+00  0.0000E+00  0.0000E+00  0.0000E+00  0.0000E+00  0.0000E+00       0
   190.-  192.         0  0.0000E+00         0    0.0000E+00  0.0000E+00  0.0000E+00  0.0000E+00  0.0000E+00  0.0000E+00       0
   192.-  194.         0  0.0000E+00         0    0.0000E+00  0.0000E+00  0.0000E+00  0.0000E+00  0.0000E+00  0.0000E+00       0
   194.-  196.         0  0.0000E+00         0    0.0000E+00  0.0000E+00  0.0000E+00  0.0000E+00  0.0000E+00  0.0000E+00       0
   196.-  198.         0  0.0000E+00         0    0.0000E+00  0.0000E+00  0.0000E+00  0.0000E+00  0.0000E+00  0.0000E+00       0
   198.-  200.         0  0.0000E+00         0    0.0000E+00  0.0000E+00  0.0000E+00  0.0000E+00  0.0000E+00  0.0000E+00       0
   200.-   SUT         0  0.0000E+00

                 9999999  1.0000E+00   9999999    2.3277E+08  4.8572E+09  4.3362E+09  3.4360E+09  9.0017E+08  2.9723E+0940715071
1
     RECOILS



     DEPTH(A)     INLOSS(EV)   TELOSS(EV)   ELLOSS(EV)   DAMAGE(EV)   PHONON(EV)     DPA  DPA(1)  DPA(2)

     0.-    2.    1.5481E+07   3.1367E+08   2.4225E+08   3.2079E+07   2.1017E+08  646018  646018       0
     2.-    4.    3.2484E+07   6.0814E+08   4.9410E+08   1.2957E+08   3.6453E+08 2277339 2277339       0
     4.-    6.    4.5892E+07   8.4381E+08   6.8838E+08   1.8851E+08   4.9987E+08 3297816 3297816       0
     6.-    8.    5.4366E+07   1.0067E+09   8.1880E+08   2.1674E+08   6.0207E+08 3854476 3854476       0
     8.-   10.    5.8102E+07   1.0928E+09   8.8374E+08   2.1894E+08   6.6479E+08 3988183 3988183       0
    10.-   12.    5.7369E+07   1.0996E+09   8.8276E+08   2.0025E+08   6.8251E+08 3746897 3746897       0
    12.-   14.    5.2670E+07   1.0307E+09   8.2082E+08   1.6829E+08   6.5252E+08 3231007 3231007       0
    14.-   16.    4.5011E+07   8.9926E+08   7.1004E+08   1.2988E+08   5.8016E+08 2558114 2558114       0
    16.-   18.    3.5759E+07   7.2884E+08   5.7057E+08   9.2583E+07   4.7799E+08 1863652 1863652       0
    18.-   20.    2.6407E+07   5.4848E+08   4.2588E+08   6.1185E+07   3.6470E+08 1256331 1256331       0
    20.-   22.    1.8132E+07   3.8317E+08   2.9524E+08   3.7607E+07   2.5764E+08  785927  785927       0
    22.-   24.    1.1589E+07   2.4870E+08   1.9032E+08   2.1667E+07   1.6865E+08  459004  459004       0
    24.-   26.    6.9138E+06   1.5038E+08   1.1440E+08   1.1821E+07   1.0258E+08  252908  252908       0
    26.-   28.    3.8680E+06   8.5031E+07   6.4374E+07   6.1299E+06   5.8244E+07  132462  132462       0
    28.-   30.    2.0447E+06   4.5317E+07   3.4188E+07   3.0710E+06   3.1117E+07   66468   66468       0
    30.-   32.    1.0360E+06   2.3054E+07   1.7353E+07   1.5065E+06   1.5846E+07   32997   32997       0
    32.-   34.    5.0665E+05   1.1322E+07   8.5132E+06   7.2308E+05   7.7902E+06   15913   15913       0
    34.-   36.    2.4345E+05   5.4417E+06   4.0853E+06   3.3497E+05   3.7503E+06    7479    7479       0
    36.-   38.    1.1569E+05   2.5907E+06   1.9440E+06   1.5201E+05   1.7920E+06    3436    3436       0
    38.-   40.    5.4501E+04   1.2256E+06   9.1913E+05   7.2157E+04   8.4698E+05    1635    1635       0
    40.-   42.    2.4979E+04   5.6489E+05   4.2155E+05   2.6307E+04   3.9524E+05     619     619       0
    42.-   44.    1.1233E+04   2.5547E+05   1.8980E+05   1.0392E+04   1.7941E+05     248     248       0
    44.-   46.    4.8789E+03   1.1303E+05   8.3874E+04   4.5387E+03   7.9335E+04     106     106       0
    46.-   48.    2.0744E+03   4.8672E+04   3.5983E+04   1.9324E+03   3.4051E+04      47      47       0
    48.-   50.    8.1141E+02   1.9064E+04   1.4012E+04   4.6260E+02   1.3549E+04      13      13       0
    50.-   52.    3.2459E+02   7.5242E+03   5.4643E+03   1.5986E+02   5.3044E+03       3       3       0
    52.-   54.    1.0701E+02   2.5237E+03   1.8203E+03   6.8092E+01   1.7522E+03       1       1       0
    54.-   56.    3.9012E+01   9.0887E+02   6.6774E+02   0.0000E+00   6.6774E+02       0       0       0
    56.-   58.    1.2480E+01   3.1055E+02   2.3149E+02   0.0000E+00   2.3149E+02       0       0       0
    58.-   60.    5.4459E+00   1.1917E+02   8.6178E+01   0.0000E+00   8.6178E+01       0       0       0
    60.-   62.    4.7964E+00   1.1641E+02   8.9980E+01   0.0000E+00   8.9980E+01       0       0       0
    62.-   64.    1.5539E+00   4.1319E+01   2.7862E+01   0.0000E+00   2.7862E+01       0       0       0
    64.-   66.    2.4432E-01   6.0982E+00   2.6994E+00   0.0000E+00   2.6994E+00       0       0       0
    66.-   68.    0.0000E+00   0.0000E+00   0.0000E+00   0.0000E+00   0.0000E+00       0       0       0
    68.-   70.    0.0000E+00   0.0000E+00   0.0000E+00   0.0000E+00   0.0000E+00       0       0       0
    70.-   72.    0.0000E+00   0.0000E+00   0.0000E+00   0.0000E+00   0.0000E+00       0       0       0
    72.-   74.    0.0000E+00   0.0000E+00   0.0000E+00   0.0000E+00   0.0000E+00       0       0       0
    74.-   76.    0.0000E+00   0.0000E+00   0.0000E+00   0.0000E+00   0.0000E+00       0       0       0
    76.-   78.    0.0000E+00   0.0000E+00   0.0000E+00   0.0000E+00   0.0000E+00       0       0       0
    78.-   80.    0.0000E+00   0.0000E+00   0.0000E+00   0.0000E+00   0.0000E+00       0       0       0
    80.-   82.    0.0000E+00   0.0000E+00   0.0000E+00   0.0000E+00   0.0000E+00       0       0       0
    82.-   84.    0.0000E+00   0.0000E+00   0.0000E+00   0.0000E+00   0.0000E+00       0       0       0
    84.-   86.    0.0000E+00   0.0000E+00   0.0000E+00   0.0000E+00   0.0000E+00       0       0       0
    86.-   88.    0.0000E+00   0.0000E+00   0.0000E+00   0.0000E+00   0.0000E+00       0       0       0
    88.-   90.    0.0000E+00   0.0000E+00   0.0000E+00   0.0000E+00   0.0000E+00       0       0       0
    90.-   92.    0.0000E+00   0.0000E+00   0.0000E+00   0.0000E+00   0.0000E+00       0       0       0
    92.-   94.    0.0000E+00   0.0000E+00   0.0000E+00   0.0000E+00   0.0000E+00       0       0       0
    94.-   96.    0.0000E+00   0.0000E+00   0.0000E+00   0.0000E+00   0.0000E+00       0       0       0
    96.-   98.    0.0000E+00   0.0000E+00   0.0000E+00   0.0000E+00   0.0000E+00       0       0       0
    98.-  100.    0.0000E+00   0.0000E+00   0.0000E+00   0.0000E+00   0.0000E+00       0       0       0
   100.-  102.    0.0000E+00   0.0000E+00   0.0000E+00   0.0000E+00   0.0000E+00       0       0       0
   102.-  104.    0.0000E+00   0.0000E+00   0.0000E+00   0.0000E+00   0.0000E+00       0       0       0
   104.-  106.    0.0000E+00   0.0000E+00   0.0000E+00   0.0000E+00   0.0000E+00       0       0       0
   106.-  108.    0.0000E+00   0.0000E+00   0.0000E+00   0.0000E+00   0.0000E+00       0       0       0
   108.-  110.    0.0000E+00   0.0000E+00   0.0000E+00   0.0000E+00   0.0000E+00       0       0       0
   110.-  112.    0.0000E+00   0.0000E+00   0.0000E+00   0.0000E+00   0.0000E+00       0       0       0
   112.-  114.    0.0000E+00   0.0000E+00   0.0000E+00   0.0000E+00   0.0000E+00       0       0       0
   114.-  116.    0.0000E+00   0.0000E+00   0.0000E+00   0.0000E+00   0.0000E+00       0       0       0
   116.-  118.    0.0000E+00   0.0000E+00   0.0000E+00   0.0000E+00   0.0000E+00       0       0       0
   118.-  120.    0.0000E+00   0.0000E+00   0.0000E+00   0.0000E+00   0.0000E+00       0       0       0
   120.-  122.    0.0000E+00   0.0000E+00   0.0000E+00   0.0000E+00   0.0000E+00       0       0       0
   122.-  124.    0.0000E+00   0.0000E+00   0.0000E+00   0.0000E+00   0.0000E+00       0       0       0
   124.-  126.    0.0000E+00   0.0000E+00   0.0000E+00   0.0000E+00   0.0000E+00       0       0       0
   126.-  128.    0.0000E+00   0.0000E+00   0.0000E+00   0.0000E+00   0.0000E+00       0       0       0
   128.-  130.    0.0000E+00   0.0000E+00   0.0000E+00   0.0000E+00   0.0000E+00       0       0       0
   130.-  132.    0.0000E+00   0.0000E+00   0.0000E+00   0.0000E+00   0.0000E+00       0       0       0
   132.-  134.    0.0000E+00   0.0000E+00   0.0000E+00   0.0000E+00   0.0000E+00       0       0       0
   134.-  136.    0.0000E+00   0.0000E+00   0.0000E+00   0.0000E+00   0.0000E+00       0       0       0
   136.-  138.    0.0000E+00   0.0000E+00   0.0000E+00   0.0000E+00   0.0000E+00       0       0       0
   138.-  140.    0.0000E+00   0.0000E+00   0.0000E+00   0.0000E+00   0.0000E+00       0       0       0
   140.-  142.    0.0000E+00   0.0000E+00   0.0000E+00   0.0000E+00   0.0000E+00       0       0       0
   142.-  144.    0.0000E+00   0.0000E+00   0.0000E+00   0.0000E+00   0.0000E+00       0       0       0
   144.-  146.    0.0000E+00   0.0000E+00   0.0000E+00   0.0000E+00   0.0000E+00       0       0       0
   146.-  148.    0.0000E+00   0.0000E+00   0.0000E+00   0.0000E+00   0.0000E+00       0       0       0
   148.-  150.    0.0000E+00   0.0000E+00   0.0000E+00   0.0000E+00   0.0000E+00       0       0       0
   150.-  152.    0.0000E+00   0.0000E+00   0.0000E+00   0.0000E+00   0.0000E+00       0       0       0
   152.-  154.    0.0000E+00   0.0000E+00   0.0000E+00   0.0000E+00   0.0000E+00       0       0       0
   154.-  156.    0.0000E+00   0.0000E+00   0.0000E+00   0.0000E+00   0.0000E+00       0       0       0
   156.-  158.    0.0000E+00   0.0000E+00   0.0000E+00   0.0000E+00   0.0000E+00       0       0       0
   158.-  160.    0.0000E+00   0.0000E+00   0.0000E+00   0.0000E+00   0.0000E+00       0       0       0
   160.-  162.    0.0000E+00   0.0000E+00   0.0000E+00   0.0000E+00   0.0000E+00       0       0       0
   162.-  164.    0.0000E+00   0.0000E+00   0.0000E+00   0.0000E+00   0.0000E+00       0       0       0
   164.-  166.    0.0000E+00   0.0000E+00   0.0000E+00   0.0000E+00   0.0000E+00       0       0       0
   166.-  168.    0.0000E+00   0.0000E+00   0.0000E+00   0.0000E+00   0.0000E+00       0       0       0
   168.-  170.    0.0000E+00   0.0000E+00   0.0000E+00   0.0000E+00   0.0000E+00       0       0       0
   170.-  172.    0.0000E+00   0.0000E+00   0.0000E+00   0.0000E+00   0.0000E+00       0       0       0
   172.-  174.    0.0000E+00   0.0000E+00   0.0000E+00   0.0000E+00   0.0000E+00       0       0       0
   174.-  176.    0.0000E+00   0.0000E+00   0.0000E+00   0.0000E+00   0.0000E+00       0       0       0
   176.-  178.    0.0000E+00   0.0000E+00   0.0000E+00   0.0000E+00   0.0000E+00       0       0       0
   178.-  180.    0.0000E+00   0.0000E+00   0.0000E+00   0.0000E+00   0.0000E+00       0       0       0
   180.-  182.    0.0000E+00   0.0000E+00   0.0000E+00   0.0000E+00   0.0000E+00       0       0       0
   182.-  184.    0.0000E+00   0.0000E+00   0.0000E+00   0.0000E+00   0.0000E+00       0       0       0
   184.-  186.    0.0000E+00   0.0000E+00   0.0000E+00   0.0000E+00   0.0000E+00       0       0       0
   186.-  188.    0.0000E+00   0.0000E+00   0.0000E+00   0.0000E+00   0.0000E+00       0       0       0
   188.-  190.    0.0000E+00   0.0000E+00   0.0000E+00   0.0000E+00   0.0000E+00       0       0       0
   190.-  192.    0.0000E+00   0.0000E+00   0.0000E+00   0.0000E+00   0.0000E+00       0       0       0
   192.-  194.    0.0000E+00   0.0000E+00   0.0000E+00   0.0000E+00   0.0000E+00       0       0       0
   194.-  196.    0.0000E+00   0.0000E+00   0.0000E+00   0.0000E+00   0.0000E+00       0       0       0
   196.-  198.    0.0000E+00   0.0000E+00   0.0000E+00   0.0000E+00   0.0000E+00       0       0       0
   198.-  200.    0.0000E+00   0.0000E+00   0.0000E+00   0.0000E+00   0.0000E+00       0       0       0

                  4.6809E+08   9.1292E+09   7.2694E+09   1.5212E+09   5.7483E+092847909928479099       0
1     BACKWARD SPUTTERING



        ALL SPUTTERED PARTICLES = 1281731   TOTAL SPUTTERED ENERGY = 0.1329E+08 EV


        SPUTTERED PARTICLES (1.LAYER) = 1281731   SPUTTERED ENERGY = 0.1329E+08 EV


 1.LAYER
         SPUTTERED PARTICLES(1) = 1281731     SPUTTERED ENERGY(1) = 0.1329E+08 EV

         ION IN , PRIMARY KO(1) =  293942   0.2293   0.2293    ENERGY = 0.4056E+07 EV   0.3051   0.3051    MEAN ENERGY = 0.1380E+02
         ION IN , SECOND. KO(1) =  987788   0.7707   0.7707    ENERGY = 0.9238E+07 EV   0.6949   0.6949    MEAN ENERGY = 0.9352E+01
        ION OUT , PRIMARY KO(1) =       0   0.0000   0.0000    ENERGY = 0.0000E+00 EV   0.0000   0.0000    MEAN ENERGY = 0.0000E+00
        ION OUT , SECOND. KO(1) =       1   0.0000   0.0000    ENERGY = 0.4970E+00 EV   0.0000   0.0000    MEAN ENERGY = 0.4970E+00


     SPUTTERING YIELD(1) =  1.282E-01  SPUTTERED ENERGY(1) =  2.612E-03  REL.MEAN ENERGY(1) =  2.038E-02  MEAN ENERGY(1) =  1.037E+01

                       MEAN        VARIANCE      SKEWNESS      KURTOSIS        SIGMA       ERROR 1.M     ERROR 2.M     ERROR 3.M 
    ENERGY(1)       1.0372E+01    8.6599E+01    1.9727E+00    8.6850E+00    9.3059E+00    8.2197E-03    2.1205E-01    6.4180E-03
 LOGENERGY(1)       8.4595E-01    1.7202E-01   -5.1745E-01    3.3484E+00    4.1476E-01    3.6643E-04    2.3290E-04    2.3330E-03

                     1.MOMENT      2.MOMENT      3.MOMENT      4.MOMENT      5.MOMENT      6.MOMENT 
    ENERGY(1)       1.0372E+01    1.9417E+02    5.4000E+03    1.9855E+05    8.9781E+06    4.7656E+08
 LOGENERGY(1)       8.4595E-01    8.8766E-01    1.0050E+00    1.2249E+00    1.5644E+00    2.0858E+00



     POLAR ANGULAR DISTRIBUTION OF ALL BACKWARD SPUTTERED PARTICLES


       0.00  0.00  0.00  0.00  0.00  0.00  0.00  0.00  0.00  0.00  0.00  0.00  0.00  0.00  0.00  0.00  0.00  0.00  0.00  0.00

       3548 10738 18217 25929 32989 40637 48831 56250 64210 71455 78059 83885 89223 92932 95161 95979 96219 94503 92530 90436
      0.055 0.168 0.284 0.405 0.515 0.634 0.762 0.878 1.002 1.115 1.218 1.309 1.392 1.450 1.485 1.498 1.501 1.475 1.444 1.411
1 LOG ENERGY - COS OF EMISSION ANGLE (0.05 STEPS)   (BACKWARD SPUTTERED PARTICLES) ; 1. LAYER ; SPECIES 1


   0.0000E+00    1    2    3    4    5    6    7    8    9   10   11   12   13   14   15   16   17   18   19   20     0  0.0000E+00
   0.1000E+00    0    2    7   17   15   19   20   30   24   18   28   35   33   41   42   40   43   46   52   57   569  0.5690E-03
   0.1212E+00    0    0    0    0    0    0    0    0    0    0    0    0    0    0    0    0    0    0    0    0     0  0.0000E+00
   0.1468E+00    0    0    0    0    0    0    0    0    0    0    0    0    0    0    0    0    0    0    0    0     0  0.0000E+00
   0.1778E+00    0    0    0    0    0    0    0    0    0    0    0    0    0    0    0    0    0    0    0    0     0  0.0000E+00
   0.2154E+00    0    0    0    0    0    0    0    0    0    0    0    0    0    0    0    0    0    0    0    0     0  0.0000E+00
   0.2610E+00    0    0    0    0    0    0    0    0    0    0    0    0    0    0    0    0    0    0    0    0     0  0.0000E+00
   0.3162E+00    0    0    0    0    0    0    0    0    0    0    0    0    0    0    0    0    0    0    0    0     0  0.0000E+00
   0.3831E+00    0    0    0    0    0    0    0    0    0    0    0    0    0    0    0    0    0    0    0    0     0  0.0000E+00
   0.4642E+00    0    0    0    0    0    0    0    0    0    0    0    0    0    0    0    0    0    0    0    0     0  0.0000E+00
   0.5623E+00    0    0    0    0    0    0    0    0    0    0    0    0    0    0    0    0    0    0    0    0     0  0.0000E+00
   0.6813E+00    0    0    0    0    0    0    0    0    0    0    0    0    0    0    0    0    0    0    0    0     0  0.0000E+00
   0.8254E+00    0    0    0    0    0    0    0    0    0    0    0    0    0    0    0    0    0    0    0    0     0  0.0000E+00
   0.1000E+01    0    0    0    0    0    0    0    0    0    0    0    0    0    0    0    0    0    0    0    0     0  0.0000E+00
   0.1212E+01    0    0    0    0    0    0    0    0    0    0    0    0    0    0    0    0    0    0    0    0     0  0.0000E+00
   0.1468E+01    0    0    0    0    0    0    0    0    0    0    0    0    0    0    0    0    0    0    0    0     0  0.0000E+00
   0.1778E+01    0    0    0    0    0    0    0    0    0    0    0    0    0    0    0    0    0    0    0    0     0  0.0000E+00
   0.2154E+01    0    0    0    0    0    0    0    0    0    0    0    0    0    0    0    0    0    0    0    0     0  0.0000E+00
   0.2610E+01    0    0    0    0    0    0    0    0    0    0    0    0    0    0    0    0    0    0    0    0     0  0.0000E+00
   0.3162E+01    0    0    0    0    0    0    0    0    0    0    0    0    0    0    0    0    0    0    0    0     0  0.0000E+00
   0.3831E+01    0    0    0    0    0    0    0    0    0    0    0    0    0    0    0    0    0    0    0    0     0  0.0000E+00
   0.4642E+01    0    0    0    0    0    0    0    0    0    0    0    0    0    0    0    0    0    0    0    0     0  0.0000E+00
   0.5623E+01    0    0    0    0    0    0    0    0    0    0    0    0    0    0    0    0    0    0    0    0     0  0.0000E+00
   0.6813E+01    0    0    0    0    0    0    0    0    0    0    0    0    0    0    0    0    0    0    0    0     0  0.0000E+00
   0.8254E+01    0    0    0    0    0    0    0    0    0    0    0    0    0    0    0    0    0    0    0    0     0  0.0000E+00
   0.1000E+02    0    0    0    0    0    0    0    0    0    0    0    0    0    0    0    0    0    0    0    0     0  0.0000E+00
   0.1212E+02    0    0    0    0    0    0    0    0    0    0    0    0    0    0    0    0    0    0    0    0     0  0.0000E+00
   0.1468E+02    0    0    0    0    0    0    0    0    0    0    0    0    0    0    0    0    0    0    0    0     0  0.0000E+00
   0.1778E+02    0    0    0    0    0    0    0    0    0    0    0    0    0    0    0    0    0    0    0    0     0  0.0000E+00
   0.2154E+02    0    0    0    0    0    0    0    0    0    0    0    0    0    0    0    0    0    0    0    0     0  0.0000E+00
   0.2610E+02    0    0    0    0    0    0    0    0    0    0    0    0    0    0    0    0    0    0    0    0     0  0.0000E+00
   0.3162E+02    0    0    0    0    0    0    0    0    0    0    0    0    0    0    0    0    0    0    0    0     0  0.0000E+00
   0.3831E+02    0    0    0    0    0    0    0    0    0    0    0    0    0    0    0    0    0    0    0    0     0  0.0000E+00
   0.4642E+02    0    0    0    0    0    0    0    0    0    0    0    0    0    0    0    0    0    0    0    0     0  0.0000E+00
   0.5623E+02    0    0    0    0    0    0    0    0    0    0    0    0    0    0    0    0    0    0    0    0     0  0.0000E+00
   0.6813E+02    0    0    0    0    0    0    0    0    0    0    0    0    0    0    0    0    0    0    0    0     0  0.0000E+00
   0.8254E+02    0    0    0    0    0    0    0    0    0    0    0    0    0    0    0    0    0    0    0    0     0  0.0000E+00
   0.1000E+03    0    0    0    0    0    0    0    0    0    0    0    0    0    0    0    0    0    0    0    0     0  0.0000E+00
   0.1212E+03    0    0    0    0    0    0    0    0    0    0    0    0    0    0    0    0    0    0    0    0     0  0.0000E+00
   0.1468E+03    0    0    0    0    0    0    0    0    0    0    0    0    0    0    0    0    0    0    0    0     0  0.0000E+00
   0.1778E+03    0    0    0    0    0    0    0    0    0    0    0    0    0    0    0    0    0    0    0    0     0  0.0000E+00
   0.2154E+03    0    0    0    0    0    0    0    0    0    0    0    0    0    0    0    0    0    0    0    0     0  0.0000E+00
   0.2610E+03    0    0    0    0    0    0    0    0    0    0    0    0    0    0    0    0    0    0    0    0     0  0.0000E+00
   0.3162E+03    0    0    0    0    0    0    0    0    0    0    0    0    0    0    0    0    0    0    0    0     0  0.0000E+00
   0.3831E+03    0    0    0    0    0    0    0    0    0    0    0    0    0    0    0    0    0    0    0    0     0  0.0000E+00
   0.4642E+03    0    0    0    0    0    0    0    0    0    0    0    0    0    0    0    0    0    0    0    0     0  0.0000E+00
   0.5623E+03    0    0    0    0    0    0    0    0    0    0    0    0    0    0    0    0    0    0    0    0     0  0.0000E+00
   0.6813E+03    0    0    0    0    0    0    0    0    0    0    0    0    0    0    0    0    0    0    0    0     0  0.0000E+00
   0.8254E+03    0    0    0    0    0    0    0    0    0    0    0    0    0    0    0    0    0    0    0    0     0  0.0000E+00
   0.1000E+04    0    0    0    0    0    0    0    0    0    0    0    0    0    0    0    0    0    0    0    0     0  0.0000E+00
   0.1212E+04    0    0    0    0    0    0    0    0    0    0    0    0    0    0    0    0    0    0    0    0     0  0.0000E+00
   0.1468E+04    0    0    0    0    0    0    0    0    0    0    0    0    0    0    0    0    0    0    0    0     0  0.0000E+00
   0.1778E+04    0    0    0    0    0    0    0    0    0    0    0    0    0    0    0    0    0    0    0    0     0  0.0000E+00
   0.2154E+04    0    0    0    0    0    0    0    0    0    0    0    0    0    0    0    0    0    0    0    0     0  0.0000E+00
   0.2610E+04    0    0    0    0    0    0    0    0    0    0    0    0    0    0    0    0    0    0    0    0     0  0.0000E+00
   0.3162E+04    0    0    0    0    0    0    0    0    0    0    0    0    0    0    0    0    0    0    0    0     0  0.0000E+00
   0.3831E+04    0    0    0    0    0    0    0    0    0    0    0    0    0    0    0    0    0    0    0    0     0  0.0000E+00
   0.4642E+04    0    0    0    0    0    0    0    0    0    0    0    0    0    0    0    0    0    0    0    0     0  0.0000E+00
   0.5623E+04    0    0    0    0    0    0    0    0    0    0    0    0    0    0    0    0    0    0    0    0     0  0.0000E+00
   0.6813E+04    0    0    0    0    0    0    0    0    0    0    0    0    0    0    0    0    0    0    0    0     0  0.0000E+00
   0.8254E+04    0    0    0    0    0    0    0    0    0    0    0    0    0    0    0    0    0    0    0    0     0  0.0000E+00
   0.1000E+05    0    0    0    0    0    0    0    0    0    0    0    0    0    0    0    0    0    0    0    0     0  0.0000E+00
   0.1212E+05    0    0    0    0    0    0    0    0    0    0    0    0    0    0    0    0    0    0    0    0     0  0.0000E+00
   0.1468E+05    0    0    0    0    0    0    0    0    0    0    0    0    0    0    0    0    0    0    0    0     0  0.0000E+00
   0.1778E+05    0    0    0    0    0    0    0    0    0    0    0    0    0    0    0    0    0    0    0    0     0  0.0000E+00
   0.2154E+05    0    0    0    0    0    0    0    0    0    0    0    0    0    0    0    0    0    0    0    0     0  0.0000E+00
   0.2610E+05    0    0    0    0    0    0    0    0    0    0    0    0    0    0    0    0    0    0    0    0     0  0.0000E+00
   0.3162E+05    0    0    0    0    0    0    0    0    0    0    0    0    0    0    0    0    0    0    0    0     0  0.0000E+00
   0.3831E+05    0    0    0    0    0    0    0    0    0    0    0    0    0    0    0    0    0    0    0    0     0  0.0000E+00
   0.4642E+05    0    0    0    0    0    0    0    0    0    0    0    0    0    0    0    0    0    0    0    0     0  0.0000E+00
   0.5623E+05    0    0    0    0    0    0    0    0    0    0    0    0    0    0    0    0    0    0    0    0     0  0.0000E+00
   0.6813E+05    0    0    0    0    0    0    0    0    0    0    0    0    0    0    0    0    0    0    0    0     0  0.0000E+00
   0.8254E+05    0    0    0    0    0    0    0    0    0    0    0    0    0    0    0    0    0    0    0    0     0  0.0000E+00
   0.1000E+06    0    0    0    0    0    0    0    0    0    0    0    0    0    0    0    0    0    0    0    0     0  0.0000E+00
   0.0000E+00 7096214743642751841659638125597642***********************************************************************  0.0000E+00
1ENERGY(E/E0 IN %) - POLAR ANGLE IN COS-INTERVALS (0.05)  (BACKWARD SPUTTERED PARTICLES) , 1.LAYER , SPECIES 1

     0    1    2    3    4    5    6    7    8    9   10   11   12   13   14   15   16   17   18   19   20      0
     1 1145 3509 5846 842510421129881537017502198672181923964261092813829706313763355034870359793751938788 436891
     2 1103 3184 5469 7571 9707115941392015723177251998921723231712431025814269422710227679270582698026629 363393
     3  627 1831 3097 4561 5750 6907 8294 9519108481187312953138831476815161153071514814804143161341212669 205728
     4  318 1016 1796 2470 3147 3986 4819 5512 6387 7001 7654 8136 8784 8945 8876 8340 8203 7592 6788 6199 115969
     5  169  577  921 1336 1777 2306 2714 3271 3845 4263 4601 4954 5121 5345 5174 4918 4413 4122 3571 2971  66369
     6   89  284  518  724  975 1237 1598 1923 2295 2629 2816 3054 3269 3214 3038 2828 2559 2290 1925 1502  38767
     7   45  167  285  402  546  757  932 1198 1340 1552 1712 1845 1925 1900 1800 1657 1517 1404 1076  777  22837
     8   28   88  142  232  297  387  509  696  810  932 1140 1129 1169 1147 1083  966  895  756  561  418  13385
     9   12   44   79  108  159  225  318  394  462  577  627  618  698  671  624  589  491  419  318  214   7647
    10    6   19   32   47  100  119  155  217  298  349  370  407  449  422  394  358  322  247  184  128   4623
    11    3    8   13   27   55   57   94  133  140  201  224  245  216  257  228  213  202  147   93   60   2616
    12    2    9   11   16   32   35   52   73   77  124  108  155  159  154  122  123  107   81   46   45   1531
    13    0    1    4    6   11   20   26   40   59   63   80   79  101   84   79   92   82   35   25   19    906
    14    1    1    2    1    4   10   13   20   27   38   40   37   63   36   56   38   37   27   23    6    480
    15    0    0    0    1    7    6   10   17   17   22   23   27   19   27   28   31   19   18    5    4    281
    16    0    0    1    2    1    3    7    6    6    9    6   19   11   25   17   15    9    4    2    5    148
    17    0    0    0    0    0    0    0    1    4    5    9    9   12   11   11    6    7    5    1    1     82
    18    0    0    1    0    0    0    0    3    3    4    6    4    3    4    2    1    0    2    0    1     34
    19    0    0    0    0    0    0    0    2    0    2    2    3    5    4    2    1    1    1    1    0     24
    20    0    0    0    0    0    0    0    0    0    2    0    1    1    3    1    0    1    0    0    0      9
    21    0    0    0    0    0    0    0    0    0    1    1    0    0    1    0    3    1    0    0    0      7
    22    0    0    0    0    0    0    0    0    0    0    0    0    1    0    0    0    0    0    0    0      1
    23    0    0    0    0    0    0    0    0    0    0    0    0    1    0    1    0    0    0    0    0      2
    24    0    0    0    0    0    0    0    0    0    0    0    0    0    0    0    0    0    0    0    0      0
    25    0    0    0    0    0    0    0    0    0    0    0    0    0    0    0    0    0    0    0    0      0
    26    0    0    0    0    0    0    0    0    0    0    0    0    0    0    0    0    0    0    0    0      0
    27    0    0    0    0    0    0    0    0    0    0    0    0    0    1    0    0    0    0    0    0      1
    28    0    0    0    0    0    0    0    0    0    0    0    0    0    0    0    0    0    0    0    0      0
    29    0    0    0    0    0    0    0    0    0    0    0    0    0    0    0    0    0    0    0    0      0
    30    0    0    0    0    0    0    0    0    0    0    0    0    0    0    0    0    0    0    0    0      0
    31    0    0    0    0    0    0    0    0    0    0    0    0    0    0    0    0    0    0    0    0      0
    32    0    0    0    0    0    0    0    0    0    0    0    0    0    0    0    0    0    0    0    0      0
    33    0    0    0    0    0    0    0    0    0    0    0    0    0    0    0    0    0    0    0    0      0
    34    0    0    0    0    0    0    0    0    0    0    0    0    0    0    0    0    0    0    0    0      0
    35    0    0    0    0    0    0    0    0    0    0    0    0    0    0    0    0    0    0    0    0      0
    36    0    0    0    0    0    0    0    0    0    0    0    0    0    0    0    0    0    0    0    0      0
    37    0    0    0    0    0    0    0    0    0    0    0    0    0    0    0    0    0    0    0    0      0
    38    0    0    0    0    0    0    0    0    0    0    0    0    0    0    0    0    0    0    0    0      0
    39    0    0    0    0    0    0    0    0    0    0    0    0    0    0    0    0    0    0    0    0      0
    40    0    0    0    0    0    0    0    0    0    0    0    0    0    0    0    0    0    0    0    0      0
    41    0    0    0    0    0    0    0    0    0    0    0    0    0    0    0    0    0    0    0    0      0
    42    0    0    0    0    0    0    0    0    0    0    0    0    0    0    0    0    0    0    0    0      0
    43    0    0    0    0    0    0    0    0    0    0    0    0    0    0    0    0    0    0    0    0      0
    44    0    0    0    0    0    0    0    0    0    0    0    0    0    0    0    0    0    0    0    0      0
    45    0    0    0    0    0    0    0    0    0    0    0    0    0    0    0    0    0    0    0    0      0
    46    0    0    0    0    0    0    0    0    0    0    0    0    0    0    0    0    0    0    0    0      0
    47    0    0    0    0    0    0    0    0    0    0    0    0    0    0    0    0    0    0    0    0      0
    48    0    0    0    0    0    0    0    0    0    0    0    0    0    0    0    0    0    0    0    0      0
    49    0    0    0    0    0    0    0    0    0    0    0    0    0    0    0    0    0    0    0    0      0
    50    0    0    0    0    0    0    0    0    0    0    0    0    0    0    0    0    0    0    0    0      0
    51    0    0    0    0    0    0    0    0    0    0    0    0    0    0    0    0    0    0    0    0      0
    52    0    0    0    0    0    0    0    0    0    0    0    0    0    0    0    0    0    0    0    0      0
    53    0    0    0    0    0    0    0    0    0    0    0    0    0    0    0    0    0    0    0    0      0
    54    0    0    0    0    0    0    0    0    0    0    0    0    0    0    0    0    0    0    0    0      0
    55    0    0    0    0    0    0    0    0    0    0    0    0    0    0    0    0    0    0    0    0      0
    56    0    0    0    0    0    0    0    0    0    0    0    0    0    0    0    0    0    0    0    0      0
    57    0    0    0    0    0    0    0    0    0    0    0    0    0    0    0    0    0    0    0    0      0
    58    0    0    0    0    0    0    0    0    0    0    0    0    0    0    0    0    0    0    0    0      0
    59    0    0    0    0    0    0    0    0    0    0    0    0    0    0    0    0    0    0    0    0      0
    60    0    0    0    0    0    0    0    0    0    0    0    0    0    0    0    0    0    0    0    0      0
    61    0    0    0    0    0    0    0    0    0    0    0    0    0    0    0    0    0    0    0    0      0
    62    0    0    0    0    0    0    0    0    0    0    0    0    0    0    0    0    0    0    0    0      0
    63    0    0    0    0    0    0    0    0    0    0    0    0    0    0    0    0    0    0    0    0      0
    64    0    0    0    0    0    0    0    0    0    0    0    0    0    0    0    0    0    0    0    0      0
    65    0    0    0    0    0    0    0    0    0    0    0    0    0    0    0    0    0    0    0    0      0
    66    0    0    0    0    0    0    0    0    0    0    0    0    0    0    0    0    0    0    0    0      0
    67    0    0    0    0    0    0    0    0    0    0    0    0    0    0    0    0    0    0    0    0      0
    68    0    0    0    0    0    0    0    0    0    0    0    0    0    0    0    0    0    0    0    0      0
    69    0    0    0    0    0    0    0    0    0    0    0    0    0    0    0    0    0    0    0    0      0
    70    0    0    0    0    0    0    0    0    0    0    0    0    0    0    0    0    0    0    0    0      0
    71    0    0    0    0    0    0    0    0    0    0    0    0    0    0    0    0    0    0    0    0      0
    72    0    0    0    0    0    0    0    0    0    0    0    0    0    0    0    0    0    0    0    0      0
    73    0    0    0    0    0    0    0    0    0    0    0    0    0    0    0    0    0    0    0    0      0
    74    0    0    0    0    0    0    0    0    0    0    0    0    0    0    0    0    0    0    0    0      0
    75    0    0    0    0    0    0    0    0    0    0    0    0    0    0    0    0    0    0    0    0      0
    76    0    0    0    0    0    0    0    0    0    0    0    0    0    0    0    0    0    0    0    0      0
    77    0    0    0    0    0    0    0    0    0    0    0    0    0    0    0    0    0    0    0    0      0
    78    0    0    0    0    0    0    0    0    0    0    0    0    0    0    0    0    0    0    0    0      0
    79    0    0    0    0    0    0    0    0    0    0    0    0    0    0    0    0    0    0    0    0      0
    80    0    0    0    0    0    0    0    0    0    0    0    0    0    0    0    0    0    0    0    0      0
    81    0    0    0    0    0    0    0    0    0    0    0    0    0    0    0    0    0    0    0    0      0
    82    0    0    0    0    0    0    0    0    0    0    0    0    0    0    0    0    0    0    0    0      0
    83    0    0    0    0    0    0    0    0    0    0    0    0    0    0    0    0    0    0    0    0      0
    84    0    0    0    0    0    0    0    0    0    0    0    0    0    0    0    0    0    0    0    0      0
    85    0    0    0    0    0    0    0    0    0    0    0    0    0    0    0    0    0    0    0    0      0
    86    0    0    0    0    0    0    0    0    0    0    0    0    0    0    0    0    0    0    0    0      0
    87    0    0    0    0    0    0    0    0    0    0    0    0    0    0    0    0    0    0    0    0      0
    88    0    0    0    0    0    0    0    0    0    0    0    0    0    0    0    0    0    0    0    0      0
    89    0    0    0    0    0    0    0    0    0    0    0    0    0    0    0    0    0    0    0    0      0
    90    0    0    0    0    0    0    0    0    0    0    0    0    0    0    0    0    0    0    0    0      0
    91    0    0    0    0    0    0    0    0    0    0    0    0    0    0    0    0    0    0    0    0      0
    92    0    0    0    0    0    0    0    0    0    0    0    0    0    0    0    0    0    0    0    0      0
    93    0    0    0    0    0    0    0    0    0    0    0    0    0    0    0    0    0    0    0    0      0
    94    0    0    0    0    0    0    0    0    0    0    0    0    0    0    0    0    0    0    0    0      0
    95    0    0    0    0    0    0    0    0    0    0    0    0    0    0    0    0    0    0    0    0      0
    96    0    0    0    0    0    0    0    0    0    0    0    0    0    0    0    0    0    0    0    0      0
    97    0    0    0    0    0    0    0    0    0    0    0    0    0    0    0    0    0    0    0    0      0
    98    0    0    0    0    0    0    0    0    0    0    0    0    0    0    0    0    0    0    0    0      0
    99    0    0    0    0    0    0    0    0    0    0    0    0    0    0    0    0    0    0    0    0      0
   100    0    0    0    0    0    0    0    0    0    0    0    0    0    0    0    0    0    0    0    0      0
     0 3548107381821725929329894063748831562506421071455780598388589223929329516195979962199450392530904361281731
1AZIMUTHAL ANGLE - POLAR ANGLE IN COS-INTERVALS (0.05) (BACKWARD SPUTTERED PARTICLES) , 1.LAYER , SPECIES 1

     0    1    2    3    4    5    6    7    8    9   10   11   12   13   14   15   16   17   18   19   20      0
     3   57  180  308  449  584  698  825  979 1094 1226 1310 1374 1439 1518 1644 1633 1585 1560 1519 1476  21458
     6   54  196  323  404  547  700  752  930 1035 1132 1291 1426 1529 1525 1539 1593 1537 1597 1528 1549  21187
     9   60  176  299  426  505  705  772  986 1066 1226 1301 1371 1491 1487 1602 1603 1578 1577 1577 1499  21307
    12   59  166  298  419  569  660  829  967 1092 1192 1317 1409 1515 1562 1651 1592 1599 1576 1581 1549  21602
    15   54  175  274  412  505  663  816  919 1049 1213 1279 1398 1481 1573 1569 1606 1559 1544 1551 1503  21143
    18   50  158  320  444  540  638  816  939 1049 1207 1257 1344 1479 1547 1591 1649 1587 1544 1606 1519  21284
    21   53  202  285  448  531  707  805  866 1072 1180 1282 1440 1483 1471 1618 1574 1597 1560 1515 1495  21184
    24   54  177  311  444  558  707  838 1014 1006 1171 1282 1390 1559 1546 1575 1598 1607 1639 1604 1507  21587
    27   62  186  286  434  576  689  796  925 1113 1165 1248 1461 1496 1583 1524 1650 1640 1582 1528 1497  21441
    30   59  165  308  420  521  704  814  902 1083 1199 1289 1438 1481 1516 1594 1657 1653 1579 1508 1555  21445
    33   55  153  283  438  556  673  856  938 1078 1157 1301 1361 1575 1528 1531 1634 1642 1587 1579 1448  21373
    36   65  182  283  443  559  691  795  924 1091 1150 1287 1363 1431 1503 1572 1640 1655 1526 1542 1456  21158
    39   63  175  294  474  548  639  785  935 1090 1174 1316 1365 1447 1547 1628 1587 1611 1499 1523 1477  21177
    42   51  183  314  435  559  668  847  915 1026 1167 1376 1409 1476 1560 1592 1555 1607 1586 1561 1509  21396
    45   62  183  323  461  545  678  807  950 1089 1166 1259 1413 1472 1556 1622 1589 1547 1592 1495 1502  21311
    48   64  169  301  457  559  654  827  968 1065 1183 1295 1442 1534 1573 1605 1572 1537 1617 1554 1506  21482
    51   44  179  276  450  536  663  839  909 1066 1190 1312 1352 1447 1543 1602 1623 1581 1516 1537 1514  21179
    54   64  208  293  440  523  664  836  904 1034 1197 1197 1347 1505 1528 1522 1570 1655 1533 1501 1573  21094
    57   53  172  287  454  515  748  844  979 1069 1196 1256 1466 1421 1572 1629 1545 1579 1563 1505 1456  21309
    60   53  190  295  465  568  686  803  908 1115 1224 1300 1427 1534 1480 1571 1683 1605 1599 1568 1561  21635
    63   56  181  288  439  583  660  771  902 1060 1222 1357 1413 1451 1532 1590 1552 1587 1600 1537 1508  21289
    66   68  195  313  448  531  652  761  909 1088 1180 1300 1347 1407 1546 1593 1544 1583 1587 1543 1491  21086
    69   61  169  300  403  543  678  822  958 1075 1183 1325 1415 1484 1473 1620 1607 1716 1622 1478 1570  21502
    72   63  174  324  394  539  695  805  929 1028 1110 1355 1407 1514 1612 1573 1588 1571 1631 1562 1511  21385
    75   54  175  328  460  531  711  783  933 1033 1278 1306 1409 1458 1559 1627 1640 1648 1517 1495 1444  21389
    78   61  199  308  445  546  663  819  899 1100 1245 1328 1417 1464 1565 1644 1605 1629 1582 1524 1468  21511
    81   74  164  316  446  549  698  804  938 1008 1157 1327 1434 1511 1548 1603 1618 1611 1559 1569 1537  21471
    84   61  182  333  417  539  644  800  952 1059 1138 1291 1420 1476 1575 1557 1568 1594 1610 1591 1448  21255
    87   58  163  279  414  536  701  833  930 1061 1155 1315 1432 1500 1550 1484 1618 1610 1526 1502 1456  21123
    90   58  155  311  409  590  692  809  985 1041 1169 1341 1322 1461 1516 1591 1593 1592 1606 1583 1531  21355
    93   62  185  337  457  524  668  780  908 1054 1172 1329 1358 1518 1548 1518 1616 1640 1539 1496 1478  21187
    96   64  183  325  468  514  713  784  940 1040 1206 1271 1403 1485 1543 1567 1573 1645 1604 1536 1547  21411
    99   54  171  307  417  562  761  824  883 1022 1220 1309 1415 1554 1602 1614 1583 1551 1491 1458 1525  21323
   102   58  190  292  454  525  658  812  988 1081 1213 1337 1366 1504 1583 1605 1623 1655 1560 1563 1554  21621
   105   49  183  307  405  568  659  882  925 1024 1170 1306 1378 1518 1534 1527 1633 1625 1622 1566 1512  21393
   108   57  193  313  430  565  654  779  922 1089 1236 1252 1364 1505 1587 1601 1609 1627 1603 1506 1535  21427
   111   46  172  305  430  544  658  808  953 1089 1219 1324 1405 1514 1582 1549 1623 1690 1564 1492 1499  21466
   114   75  171  281  423  588  680  799  982 1115 1176 1283 1417 1415 1448 1578 1604 1630 1570 1532 1494  21261
   117   47  161  297  414  538  681  834  940 1036 1185 1259 1429 1500 1602 1574 1576 1612 1585 1514 1492  21276
   120   49  202  314  422  557  634  843  925 1067 1287 1300 1385 1554 1564 1568 1545 1601 1559 1617 1520  21513
   123   70  189  295  435  528  681  785  935 1077 1140 1264 1342 1481 1526 1606 1654 1649 1564 1606 1518  21345
   126   50  158  294  448  531  655  827  962 1129 1197 1295 1476 1482 1546 1552 1551 1578 1517 1455 1545  21248
   129   69  169  291  405  560  659  821  935 1115 1252 1293 1467 1448 1618 1573 1618 1547 1555 1512 1506  21413
   132   53  174  307  437  585  680  813  891 1075 1218 1299 1473 1438 1619 1591 1499 1523 1640 1542 1484  21341
   135   72  187  314  408  566  630  848  877 1126 1233 1230 1372 1477 1587 1639 1618 1589 1689 1549 1553  21564
   138   60  194  266  447  543  672  784  980 1045 1148 1314 1419 1525 1494 1669 1665 1654 1580 1577 1525  21561
   141   65  171  330  434  566  724  851  979 1067 1156 1359 1406 1495 1590 1564 1585 1613 1580 1508 1469  21512
   144   61  176  277  409  513  673  790  944 1016 1156 1295 1359 1480 1566 1599 1602 1599 1574 1560 1451  21100
   147   73  201  310  397  550  666  795 1003 1039 1196 1284 1356 1539 1556 1616 1547 1564 1566 1503 1517  21278
   150   41  175  341  433  571  647  872  941 1072 1203 1265 1382 1475 1552 1603 1646 1589 1511 1536 1546  21401
   153   59  171  297  448  531  680  822  938 1089 1183 1283 1403 1433 1566 1571 1594 1604 1588 1617 1512  21389
   156   57  189  288  429  532  761  797  992 1106 1199 1287 1420 1560 1599 1571 1512 1641 1576 1518 1462  21496
   159   58  161  303  489  572  660  787  959 1082 1239 1337 1389 1447 1587 1607 1554 1518 1601 1592 1483  21425
   162   75  195  315  428  611  654  857  970 1080 1175 1296 1431 1444 1535 1613 1606 1544 1577 1561 1541  21508
   165   58  180  332  425  559  643  818  920 1103 1223 1345 1363 1535 1518 1568 1592 1631 1590 1548 1559  21510
   168   67  172  298  415  576  702  807  946 1148 1173 1338 1380 1409 1506 1541 1575 1612 1615 1624 1487  21391
   171   65  170  314  404  553  653  859  908 1065 1210 1343 1404 1482 1562 1560 1566 1614 1557 1520 1544  21353
   174   64  191  290  421  546  675  830  887 1080 1187 1343 1307 1463 1543 1567 1616 1601 1544 1552 1503  21210
   177   65  186  300  423  538  675  859  920 1083 1144 1342 1445 1560 1547 1575 1647 1540 1558 1537 1500  21444
   180   55  186  316  382  582  652  755  905 1061 1187 1277 1359 1462 1528 1612 1661 1631 1608 1567 1460  21246
     0 3548107381821725929329894063748831562506421071455780598388589223929329516195979962199450392530904361281731
