1
      *** PROGRAM TRVMC95 ***


                              * INPUT DATA *


       Z1        M1          E0       ALPHA       EF        ESB      SHEATH     ERC
     18.00     39.95      1035.00      0.00      0.10      0.00   3105.00      4.70

       NH        RI           X0        RD        CW        CA       KK0   KK0R   KDEE1  KDEE2  IPOT   IPOTR   IRL
     99999 716381.00         0.00    100.00      2.00      1.00       2      2      3      3      1      1      3


             DX      RHO    CK  Z(,1) Z(,2) Z(,3) Z(,4) Z(,5)  M(,1)  M(,2)  M(,3)  M(,4)  M(,5) C(,1) C(,2) C(,3) C(,4) C(,5)

 1.LAYER 10000.00   2.25   1.00    6.    0.    0.    0.    0.  12.01   0.00   0.00   0.00   0.00 1.000 0.000 0.000 0.000 0.000


                           ***  SBE(LAYER,ELEMENT)  ***     ***     ED(LAYER,ELEMENT)     ***     ***   BE(LAYER,ELEMENT)  ***

 1.LAYER                   7.41  0.00  0.00  0.00  0.00     30.00   0.00   0.00   0.00   0.00     0.10  0.00  0.00  0.00  0.00


       INTERACTION POTENTIAL : PROJECTILE-TARGET : KR-C POTENTIAL     TARGET-TARGET : KR-C POTENTIAL    


       INELASTIC LOSS MODEL  : PROJECTILE-TARGET : 50% LS 50% OR      TARGET-TARGET : 50% LS 50% OR     
1

                              * OUTPUT DATA *


                 HLM       HLMT        SU       SUT        XC        RT       SFE      INEL         L        LJ
               0.0000 10000.000    3.5029 10003.503   -3.5029  9900.000      7.41         0         1         1


                NPROJ       KIB       KIT      MAXA      NALL       NPA       NSA       KIS      KIST
                27367         0         0       280  19428346   1465074  10710044     78349         0


            EPS0(I)       Z2(I)       M2(I)     ARHO(I)       LM(I)     PMAX(I)     ASIG(I)       SB(I)       XX(I)        NJ(I)

 1.LAYER   0.2030E-01  0.6000E+01  0.1201E+02  0.1128E+00  0.2070E+01  0.1168E+01  0.2335E+00  0.7410E+01  0.1000E+05         1


             A1(1)   A1(2)   A1(3)   A1(4)   A1(5)   A1(6)   A1(7)   A1(8)   A1(9)  A1(10)  A1(11)  A1(12)  A1(13)  A1(14)  A1(15)

           0.13193


           KOR1(1) KOR1(2) KOR1(3) KOR1(4) KOR1(5) KOR1(6) KOR1(7) KOR1(8) KOR1(9) KOR1(A) KOR1(B) KOR1(C) KOR1(D) KOR1(E) KOR1(F)

           0.73577


            A(I,1)  A(I,2)  A(I,3)  A(I,4)  A(I,5)  A(I,6)  A(I,7)  A(I,8)  A(I,9) A(I,10) A(I,11) A(I,12) A(I,13) A(I,14) A(I,15)

           0.16242


           KOR(,1) KOR(,2) KOR(,3) KOR(,4) KOR(,5) KOR(,6) KOR(,7) KOR(,8) KOR(,9) KOR(,A) KOR(,B) KOR(,C) KOR(,D) KOR(,E) KOR(,F)

           0.46963
1

         IMPLANTED PARTICLES=  99999     ENERGY=0.1035E+09 EV
     BACKSCATTERED PARTICLES=      0     ENERGY=0.0000E+00 EV
       TRANSMITTED PARTICLES=      0     ENERGY=0.0000E+00 EV
     BACKSPUTTERED PARTICLES=  28102     ENERGY=0.4365E+06 EV
    TRANSM. SPUTT. PARTICLES=      0     ENERGY=0.0000E+00 EV


  PROJECTILES :   MEAN NUMBER OF ELASTIC COLLISIONS =     15.8   MEAN NUMBER OF EL.COLL.(E > EDISPL.) =    6.830
                                                                 MEAN NUMBER OF EL.COLL.(E > SB(1))   =   13.944

                       MEAN        VARIANCE      SKEWNESS      KURTOSIS        SIGMA       ERROR 1.M     ERROR 2.M     ERROR 3.M 
  PENETRATION       2.6114E+01    5.6121E+01    3.8908E-01    2.9793E+00    7.4914E+00    2.3690E-02    2.4968E-01    7.2546E-03
       SPREAD       8.9045E+00    2.3306E+01    7.1880E-01    3.4310E+00    4.8276E+00    1.5266E-02    1.1491E-01    8.5322E-03
   PATHLENGTH       3.0820E+01    6.3363E+01    3.2901E-01    2.9048E+00    7.9601E+00    2.5172E-02    2.7654E-01    7.0675E-03
 ELASTIC LOSS       9.8122E+02    2.8715E+02                                1.6945E+01    1.6946E-04
   INEL. LOSS       5.3782E+01    2.8715E+02                                1.6945E+01    1.6946E-04

                       MEAN        VARIANCE      SKEWNESS      KURTOSIS        SIGMA       ERROR 1.M     ERROR 2.M     ERROR 3.M 
   ELAST.LOSS       5.7964E+01    7.9935E+03    3.2947E+00    1.6187E+01    8.9407E+01    7.1100E-02    2.4773E+01    5.2776E-03
 WEAK EL.LOSS       4.0895E+00    6.7782E+00    7.9394E-01    3.0687E+00    2.6035E+00    2.0704E-03    7.7529E-03    1.4221E-03
 INELAST.LOSS       3.4012E+00    4.4186E+00    5.9678E-03    1.7459E+00    2.1020E+00    1.6716E-03    3.0348E-03    1.1962E-03
  SUBTHR.LOSS       1.3828E+01    5.7533E+01    1.8215E-01    2.2624E+00    7.5850E+00    8.0034E-03    6.8208E-02    1.4357E-03

                     1.MOMENT      2.MOMENT      3.MOMENT      4.MOMENT      5.MOMENT      6.MOMENT 
  PENETRATION       2.6114E+01    7.3805E+02    2.2368E+04    7.2112E+05    2.4563E+07    8.7890E+08



  RECOILES (PER PROJ.)   :   MEAN NUMBER OF ELASTIC COLLISIONS =    189.7   MEAN NUMBER OF EL.COLL.(E > EDISPL.) =      7.745
                                                                            MEAN NUMBER OF EL.COLL.(E > SB(1))   =     57.507

  RECOILES (PER KNOCKON) :   MEAN NUMBER OF ELASTIC COLLISIONS =    1.558   MEAN NUMBER OF EL.COLL.(E > EDISPL.) =      0.064
                                                                            MEAN NUMBER OF EL.COLL.(E > SB(1))   =      0.472

1


     DEPTH(A)  PARTICLES  NORM.DEPTH PATHLENGTH   INLOSS(EV)  TELOSS(EV)  ELLOSS(EV)  DAMAGE(EV)  PHONON(EV)  CASCAD(EV)     DPA

    -SU-    0.         0  0.0000E+00
     0.-    2.         0  0.0000E+00         0    5.9921E+05  9.9570E+06  9.7378E+06  9.0883E+06  6.4956E+05  7.6859E+06   51831
     2.-    4.         1  0.1000E-04         0    5.9389E+05  9.6479E+06  9.4017E+06  8.7411E+06  6.6053E+05  7.4111E+06   53562
     4.-    6.         3  0.3000E-04         0    5.5960E+05  9.2618E+06  8.9821E+06  8.2966E+06  6.8556E+05  7.0505E+06   54829
     6.-    8.        35  0.3500E-03         0    5.2307E+05  8.9424E+06  8.6225E+06  7.9117E+06  7.1075E+05  6.7404E+06   56805
     8.-   10.       283  0.2830E-02         6    4.8560E+05  8.5301E+06  8.1607E+06  7.4059E+06  7.5481E+05  6.3259E+06   57899
    10.-   12.       994  0.9940E-02        74    4.4403E+05  8.0099E+06  7.5899E+06  6.7742E+06  8.1575E+05  5.8004E+06   57489
    12.-   14.      2343  0.2343E-01       373    4.0064E+05  7.4777E+06  7.0055E+06  6.1435E+06  8.6197E+05  5.2722E+06   56527
    14.-   16.      4157  0.4157E-01      1017    3.5568E+05  6.7887E+06  6.2809E+06  5.3698E+06  9.1105E+05  4.6191E+06   53440
    16.-   18.      6304  0.6304E-01      2215    3.0802E+05  6.0461E+06  5.5202E+06  4.5961E+06  9.2406E+05  3.9611E+06   48986
    18.-   20.      7920  0.7920E-01      3882    2.6197E+05  5.2860E+06  4.7637E+06  3.8544E+06  9.0930E+05  3.3283E+06   43701
    20.-   22.      9496  0.9496E-01      5722    2.1464E+05  4.4240E+06  3.9290E+06  3.0686E+06  8.6036E+05  2.6547E+06   37039
    22.-   24.     10136  0.1014E+00      7296    1.7275E+05  3.6299E+06  3.1791E+06  2.3937E+06  7.8537E+05  2.0735E+06   30327
    24.-   26.     10390  0.1039E+00      8746    1.3437E+05  2.8735E+06  2.4803E+06  1.7932E+06  6.8717E+05  1.5559E+06   23930
    26.-   28.      9984  0.9984E-01      9710    1.0116E+05  2.2146E+06  1.8860E+06  1.3132E+06  5.7286E+05  1.1407E+06   18254
    28.-   30.      8928  0.8928E-01     10138    7.4379E+04  1.6438E+06  1.3780E+06  9.0785E+05  4.7012E+05  7.8976E+05   13226
    30.-   32.      7706  0.7706E-01      9764    5.2608E+04  1.1728E+06  9.6807E+05  6.0439E+05  3.6367E+05  5.2648E+05    9206
    32.-   34.      6253  0.6253E-01      9145    3.6133E+04  8.1125E+05  6.6012E+05  3.8943E+05  2.7070E+05  3.3960E+05    6200
    34.-   36.      4824  0.4824E-01      7960    2.3850E+04  5.4821E+05  4.4156E+05  2.5153E+05  1.9003E+05  2.1946E+05    4067
    36.-   38.      3496  0.3496E-01      6689    1.5090E+04  3.5050E+05  2.7818E+05  1.4877E+05  1.2941E+05  1.2990E+05    2490
    38.-   40.      2545  0.2545E-01      5235    9.3191E+03  2.1599E+05  1.6866E+05  8.3565E+04  8.5096E+04  7.3086E+04    1462
    40.-   42.      1664  0.1664E-01      3906    5.5445E+03  1.3076E+05  1.0119E+05  4.9277E+04  5.1913E+04  4.3108E+04     870
    42.-   44.      1086  0.1086E-01      2870    3.1349E+03  7.4251E+04  5.6541E+04  2.4143E+04  3.2398E+04  2.1148E+04     447
    44.-   46.       644  0.6440E-02      1914    1.7110E+03  4.0567E+04  3.0624E+04  1.2800E+04  1.7825E+04  1.1212E+04     238
    46.-   48.       373  0.3730E-02      1303    8.8523E+02  2.1713E+04  1.6273E+04  6.4047E+03  9.8682E+03  5.6062E+03     115
    48.-   50.       211  0.2110E-02       842    4.5640E+02  1.1472E+04  8.5326E+03  3.1522E+03  5.3804E+03  2.7602E+03      56
    50.-   52.       136  0.1360E-02       517    2.2182E+02  5.1795E+03  3.7207E+03  1.1141E+03  2.6066E+03  9.7700E+02      21
    52.-   54.        45  0.4500E-03       319    1.0059E+02  2.4084E+03  1.7970E+03  7.5997E+02  1.0370E+03  6.6605E+02      14
    54.-   56.        19  0.1900E-03       182    4.5586E+01  1.0945E+03  7.8420E+02  2.1960E+02  5.6460E+02  1.9334E+02       5
    56.-   58.        11  0.1100E-03        85    2.6101E+01  6.4193E+02  4.7628E+02  1.6245E+02  3.1384E+02  1.4262E+02       3
    58.-   60.         8  0.8000E-04        47    9.9768E+00  2.4236E+02  1.6929E+02  7.3255E+01  9.6032E+01  6.4824E+01       2
    60.-   62.         2  0.2000E-04        23    2.8904E+00  6.0156E+01  4.0776E+01  0.0000E+00  4.0776E+01  0.0000E+00       0
    62.-   64.         2  0.2000E-04         9    1.9622E+00  3.6949E+01  2.0413E+01  0.0000E+00  2.0413E+01  0.0000E+00       0
    64.-   66.         0  0.0000E+00         6    0.0000E+00  0.0000E+00  0.0000E+00  0.0000E+00  0.0000E+00  0.0000E+00       0
    66.-   68.         0  0.0000E+00         3    0.0000E+00  0.0000E+00  0.0000E+00  0.0000E+00  0.0000E+00  0.0000E+00       0
    68.-   70.         0  0.0000E+00         0    0.0000E+00  0.0000E+00  0.0000E+00  0.0000E+00  0.0000E+00  0.0000E+00       0
    70.-   72.         0  0.0000E+00         0    0.0000E+00  0.0000E+00  0.0000E+00  0.0000E+00  0.0000E+00  0.0000E+00       0
    72.-   74.         0  0.0000E+00         1    0.0000E+00  0.0000E+00  0.0000E+00  0.0000E+00  0.0000E+00  0.0000E+00       0
    74.-   76.         0  0.0000E+00         0    0.0000E+00  0.0000E+00  0.0000E+00  0.0000E+00  0.0000E+00  0.0000E+00       0
    76.-   78.         0  0.0000E+00         0    0.0000E+00  0.0000E+00  0.0000E+00  0.0000E+00  0.0000E+00  0.0000E+00       0
    78.-   80.         0  0.0000E+00         0    0.0000E+00  0.0000E+00  0.0000E+00  0.0000E+00  0.0000E+00  0.0000E+00       0
    80.-   82.         0  0.0000E+00         0    0.0000E+00  0.0000E+00  0.0000E+00  0.0000E+00  0.0000E+00  0.0000E+00       0
    82.-   84.         0  0.0000E+00         0    0.0000E+00  0.0000E+00  0.0000E+00  0.0000E+00  0.0000E+00  0.0000E+00       0
    84.-   86.         0  0.0000E+00         0    0.0000E+00  0.0000E+00  0.0000E+00  0.0000E+00  0.0000E+00  0.0000E+00       0
    86.-   88.         0  0.0000E+00         0    0.0000E+00  0.0000E+00  0.0000E+00  0.0000E+00  0.0000E+00  0.0000E+00       0
    88.-   90.         0  0.0000E+00         0    0.0000E+00  0.0000E+00  0.0000E+00  0.0000E+00  0.0000E+00  0.0000E+00       0
    90.-   92.         0  0.0000E+00         0    0.0000E+00  0.0000E+00  0.0000E+00  0.0000E+00  0.0000E+00  0.0000E+00       0
    92.-   94.         0  0.0000E+00         0    0.0000E+00  0.0000E+00  0.0000E+00  0.0000E+00  0.0000E+00  0.0000E+00       0
    94.-   96.         0  0.0000E+00         0    0.0000E+00  0.0000E+00  0.0000E+00  0.0000E+00  0.0000E+00  0.0000E+00       0
    96.-   98.         0  0.0000E+00         0    0.0000E+00  0.0000E+00  0.0000E+00  0.0000E+00  0.0000E+00  0.0000E+00       0
    98.-  100.         0  0.0000E+00         0    0.0000E+00  0.0000E+00  0.0000E+00  0.0000E+00  0.0000E+00  0.0000E+00       0
   100.-  102.         0  0.0000E+00         0    0.0000E+00  0.0000E+00  0.0000E+00  0.0000E+00  0.0000E+00  0.0000E+00       0
   102.-  104.         0  0.0000E+00         0    0.0000E+00  0.0000E+00  0.0000E+00  0.0000E+00  0.0000E+00  0.0000E+00       0
   104.-  106.         0  0.0000E+00         0    0.0000E+00  0.0000E+00  0.0000E+00  0.0000E+00  0.0000E+00  0.0000E+00       0
   106.-  108.         0  0.0000E+00         0    0.0000E+00  0.0000E+00  0.0000E+00  0.0000E+00  0.0000E+00  0.0000E+00       0
   108.-  110.         0  0.0000E+00         0    0.0000E+00  0.0000E+00  0.0000E+00  0.0000E+00  0.0000E+00  0.0000E+00       0
   110.-  112.         0  0.0000E+00         0    0.0000E+00  0.0000E+00  0.0000E+00  0.0000E+00  0.0000E+00  0.0000E+00       0
   112.-  114.         0  0.0000E+00         0    0.0000E+00  0.0000E+00  0.0000E+00  0.0000E+00  0.0000E+00  0.0000E+00       0
   114.-  116.         0  0.0000E+00         0    0.0000E+00  0.0000E+00  0.0000E+00  0.0000E+00  0.0000E+00  0.0000E+00       0
   116.-  118.         0  0.0000E+00         0    0.0000E+00  0.0000E+00  0.0000E+00  0.0000E+00  0.0000E+00  0.0000E+00       0
   118.-  120.         0  0.0000E+00         0    0.0000E+00  0.0000E+00  0.0000E+00  0.0000E+00  0.0000E+00  0.0000E+00       0
   120.-  122.         0  0.0000E+00         0    0.0000E+00  0.0000E+00  0.0000E+00  0.0000E+00  0.0000E+00  0.0000E+00       0
   122.-  124.         0  0.0000E+00         0    0.0000E+00  0.0000E+00  0.0000E+00  0.0000E+00  0.0000E+00  0.0000E+00       0
   124.-  126.         0  0.0000E+00         0    0.0000E+00  0.0000E+00  0.0000E+00  0.0000E+00  0.0000E+00  0.0000E+00       0
   126.-  128.         0  0.0000E+00         0    0.0000E+00  0.0000E+00  0.0000E+00  0.0000E+00  0.0000E+00  0.0000E+00       0
   128.-  130.         0  0.0000E+00         0    0.0000E+00  0.0000E+00  0.0000E+00  0.0000E+00  0.0000E+00  0.0000E+00       0
   130.-  132.         0  0.0000E+00         0    0.0000E+00  0.0000E+00  0.0000E+00  0.0000E+00  0.0000E+00  0.0000E+00       0
   132.-  134.         0  0.0000E+00         0    0.0000E+00  0.0000E+00  0.0000E+00  0.0000E+00  0.0000E+00  0.0000E+00       0
   134.-  136.         0  0.0000E+00         0    0.0000E+00  0.0000E+00  0.0000E+00  0.0000E+00  0.0000E+00  0.0000E+00       0
   136.-  138.         0  0.0000E+00         0    0.0000E+00  0.0000E+00  0.0000E+00  0.0000E+00  0.0000E+00  0.0000E+00       0
   138.-  140.         0  0.0000E+00         0    0.0000E+00  0.0000E+00  0.0000E+00  0.0000E+00  0.0000E+00  0.0000E+00       0
   140.-  142.         0  0.0000E+00         0    0.0000E+00  0.0000E+00  0.0000E+00  0.0000E+00  0.0000E+00  0.0000E+00       0
   142.-  144.         0  0.0000E+00         0    0.0000E+00  0.0000E+00  0.0000E+00  0.0000E+00  0.0000E+00  0.0000E+00       0
   144.-  146.         0  0.0000E+00         0    0.0000E+00  0.0000E+00  0.0000E+00  0.0000E+00  0.0000E+00  0.0000E+00       0
   146.-  148.         0  0.0000E+00         0    0.0000E+00  0.0000E+00  0.0000E+00  0.0000E+00  0.0000E+00  0.0000E+00       0
   148.-  150.         0  0.0000E+00         0    0.0000E+00  0.0000E+00  0.0000E+00  0.0000E+00  0.0000E+00  0.0000E+00       0
   150.-  152.         0  0.0000E+00         0    0.0000E+00  0.0000E+00  0.0000E+00  0.0000E+00  0.0000E+00  0.0000E+00       0
   152.-  154.         0  0.0000E+00         0    0.0000E+00  0.0000E+00  0.0000E+00  0.0000E+00  0.0000E+00  0.0000E+00       0
   154.-  156.         0  0.0000E+00         0    0.0000E+00  0.0000E+00  0.0000E+00  0.0000E+00  0.0000E+00  0.0000E+00       0
   156.-  158.         0  0.0000E+00         0    0.0000E+00  0.0000E+00  0.0000E+00  0.0000E+00  0.0000E+00  0.0000E+00       0
   158.-  160.         0  0.0000E+00         0    0.0000E+00  0.0000E+00  0.0000E+00  0.0000E+00  0.0000E+00  0.0000E+00       0
   160.-  162.         0  0.0000E+00         0    0.0000E+00  0.0000E+00  0.0000E+00  0.0000E+00  0.0000E+00  0.0000E+00       0
   162.-  164.         0  0.0000E+00         0    0.0000E+00  0.0000E+00  0.0000E+00  0.0000E+00  0.0000E+00  0.0000E+00       0
   164.-  166.         0  0.0000E+00         0    0.0000E+00  0.0000E+00  0.0000E+00  0.0000E+00  0.0000E+00  0.0000E+00       0
   166.-  168.         0  0.0000E+00         0    0.0000E+00  0.0000E+00  0.0000E+00  0.0000E+00  0.0000E+00  0.0000E+00       0
   168.-  170.         0  0.0000E+00         0    0.0000E+00  0.0000E+00  0.0000E+00  0.0000E+00  0.0000E+00  0.0000E+00       0
   170.-  172.         0  0.0000E+00         0    0.0000E+00  0.0000E+00  0.0000E+00  0.0000E+00  0.0000E+00  0.0000E+00       0
   172.-  174.         0  0.0000E+00         0    0.0000E+00  0.0000E+00  0.0000E+00  0.0000E+00  0.0000E+00  0.0000E+00       0
   174.-  176.         0  0.0000E+00         0    0.0000E+00  0.0000E+00  0.0000E+00  0.0000E+00  0.0000E+00  0.0000E+00       0
   176.-  178.         0  0.0000E+00         0    0.0000E+00  0.0000E+00  0.0000E+00  0.0000E+00  0.0000E+00  0.0000E+00       0
   178.-  180.         0  0.0000E+00         0    0.0000E+00  0.0000E+00  0.0000E+00  0.0000E+00  0.0000E+00  0.0000E+00       0
   180.-  182.         0  0.0000E+00         0    0.0000E+00  0.0000E+00  0.0000E+00  0.0000E+00  0.0000E+00  0.0000E+00       0
   182.-  184.         0  0.0000E+00         0    0.0000E+00  0.0000E+00  0.0000E+00  0.0000E+00  0.0000E+00  0.0000E+00       0
   184.-  186.         0  0.0000E+00         0    0.0000E+00  0.0000E+00  0.0000E+00  0.0000E+00  0.0000E+00  0.0000E+00       0
   186.-  188.         0  0.0000E+00         0    0.0000E+00  0.0000E+00  0.0000E+00  0.0000E+00  0.0000E+00  0.0000E+00       0
   188.-  190.         0  0.0000E+00         0    0.0000E+00  0.0000E+00  0.0000E+00  0.0000E+00  0.0000E+00  0.0000E+00       0
   190.-  192.         0  0.0000E+00         0    0.0000E+00  0.0000E+00  0.0000E+00  0.0000E+00  0.0000E+00  0.0000E+00       0
   192.-  194.         0  0.0000E+00         0    0.0000E+00  0.0000E+00  0.0000E+00  0.0000E+00  0.0000E+00  0.0000E+00       0
   194.-  196.         0  0.0000E+00         0    0.0000E+00  0.0000E+00  0.0000E+00  0.0000E+00  0.0000E+00  0.0000E+00       0
   196.-  198.         0  0.0000E+00         0    0.0000E+00  0.0000E+00  0.0000E+00  0.0000E+00  0.0000E+00  0.0000E+00       0
   198.-  200.         0  0.0000E+00         0    0.0000E+00  0.0000E+00  0.0000E+00  0.0000E+00  0.0000E+00  0.0000E+00       0
   200.-   SUT         0  0.0000E+00

                   99999  1.0000E+00     99999    5.3782E+06  9.8121E+07  9.1654E+07  7.9234E+07  1.2420E+07  6.7784E+07  683041
1
     RECOILS



     DEPTH(A)     INLOSS(EV)   TELOSS(EV)   ELLOSS(EV)   DAMAGE(EV)   PHONON(EV)     DPA  DPA(1)  DPA(2)

     0.-    2.    2.2211E+05   4.2905E+06   3.3511E+06   5.7997E+05   2.7711E+06   10865   10865       0
     2.-    4.    4.2324E+05   7.4686E+06   6.1295E+06   1.8596E+06   4.2699E+06   29256   29256       0
     4.-    6.    6.0281E+05   1.0262E+07   8.4892E+06   2.7657E+06   5.7236E+06   42324   42324       0
     6.-    8.    7.3405E+05   1.2487E+07   1.0349E+07   3.4326E+06   6.9161E+06   51899   51899       0
     8.-   10.    8.3427E+05   1.4230E+07   1.1780E+07   3.8641E+06   7.9161E+06   59017   59017       0
    10.-   12.    9.0059E+05   1.5427E+07   1.2738E+07   4.0743E+06   8.6635E+06   63148   63148       0
    12.-   14.    9.3518E+05   1.6193E+07   1.3338E+07   4.1804E+06   9.1571E+06   65633   65633       0
    14.-   16.    9.3899E+05   1.6432E+07   1.3491E+07   4.0777E+06   9.4136E+06   64978   64978       0
    16.-   18.    9.1427E+05   1.6224E+07   1.3274E+07   3.8873E+06   9.3870E+06   62682   62682       0
    18.-   20.    8.6330E+05   1.5489E+07   1.2631E+07   3.5566E+06   9.0748E+06   58325   58325       0
    20.-   22.    7.8905E+05   1.4321E+07   1.1627E+07   3.1343E+06   8.4925E+06   52252   52252       0
    22.-   24.    7.0258E+05   1.2897E+07   1.0432E+07   2.7022E+06   7.7302E+06   45598   45598       0
    24.-   26.    6.0639E+05   1.1268E+07   9.0836E+06   2.2749E+06   6.8088E+06   38977   38977       0
    26.-   28.    5.0823E+05   9.5461E+06   7.6696E+06   1.8506E+06   5.8190E+06   31754   31754       0
    28.-   30.    4.1549E+05   7.8658E+06   6.2962E+06   1.4581E+06   4.8381E+06   25457   25457       0
    30.-   32.    3.2935E+05   6.2844E+06   5.0160E+06   1.1269E+06   3.8891E+06   19897   19897       0
    32.-   34.    2.5439E+05   4.8940E+06   3.8938E+06   8.3748E+05   3.0563E+06   14874   14874       0
    34.-   36.    1.9201E+05   3.7121E+06   2.9461E+06   6.1604E+05   2.3300E+06   11080   11080       0
    36.-   38.    1.4119E+05   2.7532E+06   2.1813E+06   4.5402E+05   1.7273E+06    8145    8145       0
    38.-   40.    1.0185E+05   1.9972E+06   1.5804E+06   3.2604E+05   1.2543E+06    5819    5819       0
    40.-   42.    7.1468E+04   1.4036E+06   1.1086E+06   2.2061E+05   8.8804E+05    3986    3986       0
    42.-   44.    4.9696E+04   9.7878E+05   7.7269E+05   1.5595E+05   6.1673E+05    2831    2831       0
    44.-   46.    3.3889E+04   6.6830E+05   5.2830E+05   1.0621E+05   4.2209E+05    1922    1922       0
    46.-   48.    2.2869E+04   4.5127E+05   3.5628E+05   7.1442E+04   2.8484E+05    1308    1308       0
    48.-   50.    1.5319E+04   3.0219E+05   2.3860E+05   4.6704E+04   1.9189E+05     870     870       0
    50.-   52.    1.0114E+04   2.0123E+05   1.5886E+05   3.1339E+04   1.2752E+05     585     585       0
    52.-   54.    6.6626E+03   1.3246E+05   1.0456E+05   2.1509E+04   8.3051E+04     379     379       0
    54.-   56.    4.3725E+03   8.6325E+04   6.7903E+04   1.2899E+04   5.5003E+04     249     249       0
    56.-   58.    2.8454E+03   5.6189E+04   4.4154E+04   8.1286E+03   3.6026E+04     152     152       0
    58.-   60.    1.7509E+03   3.4984E+04   2.7482E+04   5.3462E+03   2.2135E+04      98      98       0
    60.-   62.    1.1496E+03   2.2633E+04   1.7739E+04   2.9850E+03   1.4754E+04      57      57       0
    62.-   64.    7.0858E+02   1.4401E+04   1.1280E+04   1.9543E+03   9.3256E+03      39      39       0
    64.-   66.    4.8144E+02   9.6070E+03   7.6612E+03   1.3531E+03   6.3082E+03      27      27       0
    66.-   68.    3.1528E+02   6.1982E+03   4.8319E+03   4.7827E+02   4.3536E+03       5       5       0
    68.-   70.    1.8247E+02   3.7067E+03   2.8595E+03   3.8276E+02   2.4767E+03       9       9       0
    70.-   72.    1.1555E+02   2.1207E+03   1.6159E+03   1.0349E+02   1.5124E+03       2       2       0
    72.-   74.    8.4594E+01   1.6529E+03   1.2916E+03   2.2901E+02   1.0626E+03       5       5       0
    74.-   76.    4.6249E+01   1.0903E+03   8.6537E+02   2.1934E+02   6.4604E+02       4       4       0
    76.-   78.    2.0331E+01   4.4694E+02   3.3463E+02   0.0000E+00   3.3463E+02       0       0       0
    78.-   80.    1.3402E+01   2.7019E+02   1.9821E+02   3.1837E+01   1.6638E+02       1       1       0
    80.-   82.    8.2857E+00   1.5073E+02   1.1052E+02   0.0000E+00   1.1052E+02       0       0       0
    82.-   84.    2.4167E+00   6.6048E+01   4.7563E+01   0.0000E+00   4.7563E+01       0       0       0
    84.-   86.    4.2125E-01   1.2390E+01   8.2702E+00   0.0000E+00   8.2702E+00       0       0       0
    86.-   88.    3.8897E-01   1.3066E+01   9.3132E+00   0.0000E+00   9.3132E+00       0       0       0
    88.-   90.    0.0000E+00   0.0000E+00   0.0000E+00   0.0000E+00   0.0000E+00       0       0       0
    90.-   92.    0.0000E+00   0.0000E+00   0.0000E+00   0.0000E+00   0.0000E+00       0       0       0
    92.-   94.    0.0000E+00   0.0000E+00   0.0000E+00   0.0000E+00   0.0000E+00       0       0       0
    94.-   96.    0.0000E+00   0.0000E+00   0.0000E+00   0.0000E+00   0.0000E+00       0       0       0
    96.-   98.    0.0000E+00   0.0000E+00   0.0000E+00   0.0000E+00   0.0000E+00       0       0       0
    98.-  100.    0.0000E+00   0.0000E+00   0.0000E+00   0.0000E+00   0.0000E+00       0       0       0
   100.-  102.    0.0000E+00   0.0000E+00   0.0000E+00   0.0000E+00   0.0000E+00       0       0       0
   102.-  104.    0.0000E+00   0.0000E+00   0.0000E+00   0.0000E+00   0.0000E+00       0       0       0
   104.-  106.    0.0000E+00   0.0000E+00   0.0000E+00   0.0000E+00   0.0000E+00       0       0       0
   106.-  108.    0.0000E+00   0.0000E+00   0.0000E+00   0.0000E+00   0.0000E+00       0       0       0
   108.-  110.    0.0000E+00   0.0000E+00   0.0000E+00   0.0000E+00   0.0000E+00       0       0       0
   110.-  112.    0.0000E+00   0.0000E+00   0.0000E+00   0.0000E+00   0.0000E+00       0       0       0
   112.-  114.    0.0000E+00   0.0000E+00   0.0000E+00   0.0000E+00   0.0000E+00       0       0       0
   114.-  116.    0.0000E+00   0.0000E+00   0.0000E+00   0.0000E+00   0.0000E+00       0       0       0
   116.-  118.    0.0000E+00   0.0000E+00   0.0000E+00   0.0000E+00   0.0000E+00       0       0       0
   118.-  120.    0.0000E+00   0.0000E+00   0.0000E+00   0.0000E+00   0.0000E+00       0       0       0
   120.-  122.    0.0000E+00   0.0000E+00   0.0000E+00   0.0000E+00   0.0000E+00       0       0       0
   122.-  124.    0.0000E+00   0.0000E+00   0.0000E+00   0.0000E+00   0.0000E+00       0       0       0
   124.-  126.    0.0000E+00   0.0000E+00   0.0000E+00   0.0000E+00   0.0000E+00       0       0       0
   126.-  128.    0.0000E+00   0.0000E+00   0.0000E+00   0.0000E+00   0.0000E+00       0       0       0
   128.-  130.    0.0000E+00   0.0000E+00   0.0000E+00   0.0000E+00   0.0000E+00       0       0       0
   130.-  132.    0.0000E+00   0.0000E+00   0.0000E+00   0.0000E+00   0.0000E+00       0       0       0
   132.-  134.    0.0000E+00   0.0000E+00   0.0000E+00   0.0000E+00   0.0000E+00       0       0       0
   134.-  136.    0.0000E+00   0.0000E+00   0.0000E+00   0.0000E+00   0.0000E+00       0       0       0
   136.-  138.    0.0000E+00   0.0000E+00   0.0000E+00   0.0000E+00   0.0000E+00       0       0       0
   138.-  140.    0.0000E+00   0.0000E+00   0.0000E+00   0.0000E+00   0.0000E+00       0       0       0
   140.-  142.    0.0000E+00   0.0000E+00   0.0000E+00   0.0000E+00   0.0000E+00       0       0       0
   142.-  144.    0.0000E+00   0.0000E+00   0.0000E+00   0.0000E+00   0.0000E+00       0       0       0
   144.-  146.    0.0000E+00   0.0000E+00   0.0000E+00   0.0000E+00   0.0000E+00       0       0       0
   146.-  148.    0.0000E+00   0.0000E+00   0.0000E+00   0.0000E+00   0.0000E+00       0       0       0
   148.-  150.    0.0000E+00   0.0000E+00   0.0000E+00   0.0000E+00   0.0000E+00       0       0       0
   150.-  152.    0.0000E+00   0.0000E+00   0.0000E+00   0.0000E+00   0.0000E+00       0       0       0
   152.-  154.    0.0000E+00   0.0000E+00   0.0000E+00   0.0000E+00   0.0000E+00       0       0       0
   154.-  156.    0.0000E+00   0.0000E+00   0.0000E+00   0.0000E+00   0.0000E+00       0       0       0
   156.-  158.    0.0000E+00   0.0000E+00   0.0000E+00   0.0000E+00   0.0000E+00       0       0       0
   158.-  160.    0.0000E+00   0.0000E+00   0.0000E+00   0.0000E+00   0.0000E+00       0       0       0
   160.-  162.    0.0000E+00   0.0000E+00   0.0000E+00   0.0000E+00   0.0000E+00       0       0       0
   162.-  164.    0.0000E+00   0.0000E+00   0.0000E+00   0.0000E+00   0.0000E+00       0       0       0
   164.-  166.    0.0000E+00   0.0000E+00   0.0000E+00   0.0000E+00   0.0000E+00       0       0       0
   166.-  168.    0.0000E+00   0.0000E+00   0.0000E+00   0.0000E+00   0.0000E+00       0       0       0
   168.-  170.    0.0000E+00   0.0000E+00   0.0000E+00   0.0000E+00   0.0000E+00       0       0       0
   170.-  172.    0.0000E+00   0.0000E+00   0.0000E+00   0.0000E+00   0.0000E+00       0       0       0
   172.-  174.    0.0000E+00   0.0000E+00   0.0000E+00   0.0000E+00   0.0000E+00       0       0       0
   174.-  176.    0.0000E+00   0.0000E+00   0.0000E+00   0.0000E+00   0.0000E+00       0       0       0
   176.-  178.    0.0000E+00   0.0000E+00   0.0000E+00   0.0000E+00   0.0000E+00       0       0       0
   178.-  180.    0.0000E+00   0.0000E+00   0.0000E+00   0.0000E+00   0.0000E+00       0       0       0
   180.-  182.    0.0000E+00   0.0000E+00   0.0000E+00   0.0000E+00   0.0000E+00       0       0       0
   182.-  184.    0.0000E+00   0.0000E+00   0.0000E+00   0.0000E+00   0.0000E+00       0       0       0
   184.-  186.    0.0000E+00   0.0000E+00   0.0000E+00   0.0000E+00   0.0000E+00       0       0       0
   186.-  188.    0.0000E+00   0.0000E+00   0.0000E+00   0.0000E+00   0.0000E+00       0       0       0
   188.-  190.    0.0000E+00   0.0000E+00   0.0000E+00   0.0000E+00   0.0000E+00       0       0       0
   190.-  192.    0.0000E+00   0.0000E+00   0.0000E+00   0.0000E+00   0.0000E+00       0       0       0
   192.-  194.    0.0000E+00   0.0000E+00   0.0000E+00   0.0000E+00   0.0000E+00       0       0       0
   194.-  196.    0.0000E+00   0.0000E+00   0.0000E+00   0.0000E+00   0.0000E+00       0       0       0
   196.-  198.    0.0000E+00   0.0000E+00   0.0000E+00   0.0000E+00   0.0000E+00       0       0       0
   198.-  200.    0.0000E+00   0.0000E+00   0.0000E+00   0.0000E+00   0.0000E+00       0       0       0

                  1.1631E+07   2.0842E+08   1.6975E+08   4.7747E+07   1.2201E+08  774509  774509       0
1     BACKWARD SPUTTERING



        ALL SPUTTERED PARTICLES =   28102   TOTAL SPUTTERED ENERGY = 0.4365E+06 EV


        SPUTTERED PARTICLES (1.LAYER) =   28102   SPUTTERED ENERGY = 0.4365E+06 EV


 1.LAYER
         SPUTTERED PARTICLES(1) =   28102     SPUTTERED ENERGY(1) = 0.4365E+06 EV

         ION IN , PRIMARY KO(1) =    6192   0.2203   0.2203    ENERGY = 0.1426E+06 EV   0.3266   0.3266    MEAN ENERGY = 0.2302E+02
         ION IN , SECOND. KO(1) =   21910   0.7797   0.7797    ENERGY = 0.2939E+06 EV   0.6734   0.6734    MEAN ENERGY = 0.1341E+02
        ION OUT , PRIMARY KO(1) =       0   0.0000   0.0000    ENERGY = 0.0000E+00 EV   0.0000   0.0000    MEAN ENERGY = 0.0000E+00
        ION OUT , SECOND. KO(1) =       0   0.0000   0.0000    ENERGY = 0.0000E+00 EV   0.0000   0.0000    MEAN ENERGY = 0.0000E+00


     SPUTTERING YIELD(1) =  2.810E-01  SPUTTERED ENERGY(1) =  4.217E-03  REL.MEAN ENERGY(1) =  1.501E-02  MEAN ENERGY(1) =  1.553E+01

                       MEAN        VARIANCE      SKEWNESS      KURTOSIS        SIGMA       ERROR 1.M     ERROR 2.M     ERROR 3.M 
    ENERGY(1)       1.5531E+01    2.8128E+02    2.6675E+00    1.3836E+01    1.6771E+01    1.0005E-01    6.0116E+00    6.3908E-02
 LOGENERGY(1)       9.7458E-01    2.1339E-01   -3.6290E-01    3.1229E+00    4.6195E-01    2.7559E-03    1.8549E-03    1.4732E-02

                     1.MOMENT      2.MOMENT      3.MOMENT      4.MOMENT      5.MOMENT      6.MOMENT 
    ENERGY(1)       1.5531E+01    5.2249E+02    2.9436E+04    2.3417E+06    2.3518E+08    2.7693E+10
 LOGENERGY(1)       9.7458E-01    1.1632E+00    1.5138E+00    2.1210E+00    3.1312E+00    4.8329E+00



     POLAR ANGULAR DISTRIBUTION OF ALL BACKWARD SPUTTERED PARTICLES


       0.00  0.00  0.00  0.00  0.00  0.00  0.00  0.00  0.00  0.00  0.00  0.00  0.00  0.00  0.00  0.00  0.00  0.00  0.00  0.00

         66   198   365   470   668   758   969  1141  1280  1516  1601  1889  1896  1942  2099  2193  2240  2271  2216  2324
      0.047 0.141 0.260 0.334 0.475 0.539 0.690 0.812 0.911 1.079 1.139 1.344 1.349 1.382 1.494 1.561 1.594 1.616 1.577 1.654
1 LOG ENERGY - COS OF EMISSION ANGLE (0.05 STEPS)   (BACKWARD SPUTTERED PARTICLES) ; 1. LAYER ; SPECIES 1


   0.0000E+00    1    2    3    4    5    6    7    8    9   10   11   12   13   14   15   16   17   18   19   20     0  0.0000E+00
   0.1000E+00    0    0    0    0    0    0    0    0    0    0    1    1    2    0    1    1    0    0    0    0     6  0.6000E-03
   0.1212E+00    0    0    0    0    0    0    0    0    0    0    0    0    0    0    0    0    0    0    0    0     0  0.0000E+00
   0.1468E+00    0    0    0    0    0    0    0    0    0    0    0    0    0    0    0    0    0    0    0    0     0  0.0000E+00
   0.1778E+00    0    0    0    0    0    0    0    0    0    0    0    0    0    0    0    0    0    0    0    0     0  0.0000E+00
   0.2154E+00    0    0    0    0    0    0    0    0    0    0    0    0    0    0    0    0    0    0    0    0     0  0.0000E+00
   0.2610E+00    0    0    0    0    0    0    0    0    0    0    0    0    0    0    0    0    0    0    0    0     0  0.0000E+00
   0.3162E+00    0    0    0    0    0    0    0    0    0    0    0    0    0    0    0    0    0    0    0    0     0  0.0000E+00
   0.3831E+00    0    0    0    0    0    0    0    0    0    0    0    0    0    0    0    0    0    0    0    0     0  0.0000E+00
   0.4642E+00    0    0    0    0    0    0    0    0    0    0    0    0    0    0    0    0    0    0    0    0     0  0.0000E+00
   0.5623E+00    0    0    0    0    0    0    0    0    0    0    0    0    0    0    0    0    0    0    0    0     0  0.0000E+00
   0.6813E+00    0    0    0    0    0    0    0    0    0    0    0    0    0    0    0    0    0    0    0    0     0  0.0000E+00
   0.8254E+00    0    0    0    0    0    0    0    0    0    0    0    0    0    0    0    0    0    0    0    0     0  0.0000E+00
   0.1000E+01    0    0    0    0    0    0    0    0    0    0    0    0    0    0    0    0    0    0    0    0     0  0.0000E+00
   0.1212E+01    0    0    0    0    0    0    0    0    0    0    0    0    0    0    0    0    0    0    0    0     0  0.0000E+00
   0.1468E+01    0    0    0    0    0    0    0    0    0    0    0    0    0    0    0    0    0    0    0    0     0  0.0000E+00
   0.1778E+01    0    0    0    0    0    0    0    0    0    0    0    0    0    0    0    0    0    0    0    0     0  0.0000E+00
   0.2154E+01    0    0    0    0    0    0    0    0    0    0    0    0    0    0    0    0    0    0    0    0     0  0.0000E+00
   0.2610E+01    0    0    0    0    0    0    0    0    0    0    0    0    0    0    0    0    0    0    0    0     0  0.0000E+00
   0.3162E+01    0    0    0    0    0    0    0    0    0    0    0    0    0    0    0    0    0    0    0    0     0  0.0000E+00
   0.3831E+01    0    0    0    0    0    0    0    0    0    0    0    0    0    0    0    0    0    0    0    0     0  0.0000E+00
   0.4642E+01    0    0    0    0    0    0    0    0    0    0    0    0    0    0    0    0    0    0    0    0     0  0.0000E+00
   0.5623E+01    0    0    0    0    0    0    0    0    0    0    0    0    0    0    0    0    0    0    0    0     0  0.0000E+00
   0.6813E+01    0    0    0    0    0    0    0    0    0    0    0    0    0    0    0    0    0    0    0    0     0  0.0000E+00
   0.8254E+01    0    0    0    0    0    0    0    0    0    0    0    0    0    0    0    0    0    0    0    0     0  0.0000E+00
   0.1000E+02    0    0    0    0    0    0    0    0    0    0    0    0    0    0    0    0    0    0    0    0     0  0.0000E+00
   0.1212E+02    0    0    0    0    0    0    0    0    0    0    0    0    0    0    0    0    0    0    0    0     0  0.0000E+00
   0.1468E+02    0    0    0    0    0    0    0    0    0    0    0    0    0    0    0    0    0    0    0    0     0  0.0000E+00
   0.1778E+02    0    0    0    0    0    0    0    0    0    0    0    0    0    0    0    0    0    0    0    0     0  0.0000E+00
   0.2154E+02    0    0    0    0    0    0    0    0    0    0    0    0    0    0    0    0    0    0    0    0     0  0.0000E+00
   0.2610E+02    0    0    0    0    0    0    0    0    0    0    0    0    0    0    0    0    0    0    0    0     0  0.0000E+00
   0.3162E+02    0    0    0    0    0    0    0    0    0    0    0    0    0    0    0    0    0    0    0    0     0  0.0000E+00
   0.3831E+02    0    0    0    0    0    0    0    0    0    0    0    0    0    0    0    0    0    0    0    0     0  0.0000E+00
   0.4642E+02    0    0    0    0    0    0    0    0    0    0    0    0    0    0    0    0    0    0    0    0     0  0.0000E+00
   0.5623E+02    0    0    0    0    0    0    0    0    0    0    0    0    0    0    0    0    0    0    0    0     0  0.0000E+00
   0.6813E+02    0    0    0    0    0    0    0    0    0    0    0    0    0    0    0    0    0    0    0    0     0  0.0000E+00
   0.8254E+02    0    0    0    0    0    0    0    0    0    0    0    0    0    0    0    0    0    0    0    0     0  0.0000E+00
   0.1000E+03    0    0    0    0    0    0    0    0    0    0    0    0    0    0    0    0    0    0    0    0     0  0.0000E+00
   0.1212E+03    0    0    0    0    0    0    0    0    0    0    0    0    0    0    0    0    0    0    0    0     0  0.0000E+00
   0.1468E+03    0    0    0    0    0    0    0    0    0    0    0    0    0    0    0    0    0    0    0    0     0  0.0000E+00
   0.1778E+03    0    0    0    0    0    0    0    0    0    0    0    0    0    0    0    0    0    0    0    0     0  0.0000E+00
   0.2154E+03    0    0    0    0    0    0    0    0    0    0    0    0    0    0    0    0    0    0    0    0     0  0.0000E+00
   0.2610E+03    0    0    0    0    0    0    0    0    0    0    0    0    0    0    0    0    0    0    0    0     0  0.0000E+00
   0.3162E+03    0    0    0    0    0    0    0    0    0    0    0    0    0    0    0    0    0    0    0    0     0  0.0000E+00
   0.3831E+03    0    0    0    0    0    0    0    0    0    0    0    0    0    0    0    0    0    0    0    0     0  0.0000E+00
   0.4642E+03    0    0    0    0    0    0    0    0    0    0    0    0    0    0    0    0    0    0    0    0     0  0.0000E+00
   0.5623E+03    0    0    0    0    0    0    0    0    0    0    0    0    0    0    0    0    0    0    0    0     0  0.0000E+00
   0.6813E+03    0    0    0    0    0    0    0    0    0    0    0    0    0    0    0    0    0    0    0    0     0  0.0000E+00
   0.8254E+03    0    0    0    0    0    0    0    0    0    0    0    0    0    0    0    0    0    0    0    0     0  0.0000E+00
   0.1000E+04    0    0    0    0    0    0    0    0    0    0    0    0    0    0    0    0    0    0    0    0     0  0.0000E+00
   0.1212E+04    0    0    0    0    0    0    0    0    0    0    0    0    0    0    0    0    0    0    0    0     0  0.0000E+00
   0.1468E+04    0    0    0    0    0    0    0    0    0    0    0    0    0    0    0    0    0    0    0    0     0  0.0000E+00
   0.1778E+04    0    0    0    0    0    0    0    0    0    0    0    0    0    0    0    0    0    0    0    0     0  0.0000E+00
   0.2154E+04    0    0    0    0    0    0    0    0    0    0    0    0    0    0    0    0    0    0    0    0     0  0.0000E+00
   0.2610E+04    0    0    0    0    0    0    0    0    0    0    0    0    0    0    0    0    0    0    0    0     0  0.0000E+00
   0.3162E+04    0    0    0    0    0    0    0    0    0    0    0    0    0    0    0    0    0    0    0    0     0  0.0000E+00
   0.3831E+04    0    0    0    0    0    0    0    0    0    0    0    0    0    0    0    0    0    0    0    0     0  0.0000E+00
   0.4642E+04    0    0    0    0    0    0    0    0    0    0    0    0    0    0    0    0    0    0    0    0     0  0.0000E+00
   0.5623E+04    0    0    0    0    0    0    0    0    0    0    0    0    0    0    0    0    0    0    0    0     0  0.0000E+00
   0.6813E+04    0    0    0    0    0    0    0    0    0    0    0    0    0    0    0    0    0    0    0    0     0  0.0000E+00
   0.8254E+04    0    0    0    0    0    0    0    0    0    0    0    0    0    0    0    0    0    0    0    0     0  0.0000E+00
   0.1000E+05    0    0    0    0    0    0    0    0    0    0    0    0    0    0    0    0    0    0    0    0     0  0.0000E+00
   0.1212E+05    0    0    0    0    0    0    0    0    0    0    0    0    0    0    0    0    0    0    0    0     0  0.0000E+00
   0.1468E+05    0    0    0    0    0    0    0    0    0    0    0    0    0    0    0    0    0    0    0    0     0  0.0000E+00
   0.1778E+05    0    0    0    0    0    0    0    0    0    0    0    0    0    0    0    0    0    0    0    0     0  0.0000E+00
   0.2154E+05    0    0    0    0    0    0    0    0    0    0    0    0    0    0    0    0    0    0    0    0     0  0.0000E+00
   0.2610E+05    0    0    0    0    0    0    0    0    0    0    0    0    0    0    0    0    0    0    0    0     0  0.0000E+00
   0.3162E+05    0    0    0    0    0    0    0    0    0    0    0    0    0    0    0    0    0    0    0    0     0  0.0000E+00
   0.3831E+05    0    0    0    0    0    0    0    0    0    0    0    0    0    0    0    0    0    0    0    0     0  0.0000E+00
   0.4642E+05    0    0    0    0    0    0    0    0    0    0    0    0    0    0    0    0    0    0    0    0     0  0.0000E+00
   0.5623E+05    0    0    0    0    0    0    0    0    0    0    0    0    0    0    0    0    0    0    0    0     0  0.0000E+00
   0.6813E+05    0    0    0    0    0    0    0    0    0    0    0    0    0    0    0    0    0    0    0    0     0  0.0000E+00
   0.8254E+05    0    0    0    0    0    0    0    0    0    0    0    0    0    0    0    0    0    0    0    0     0  0.0000E+00
   0.1000E+06    0    0    0    0    0    0    0    0    0    0    0    0    0    0    0    0    0    0    0    0     0  0.0000E+00
   0.0000E+00  132  396  730  940 1336 1516 1938 2282 2560 3032 3201 3777 3790 3884 4197 4385 4480 4542 4432 4648 56198  0.0000E+00
1ENERGY(E/E0 IN %) - POLAR ANGLE IN COS-INTERVALS (0.05)  (BACKWARD SPUTTERED PARTICLES) , 1.LAYER , SPECIES 1

     0    1    2    3    4    5    6    7    8    9   10   11   12   13   14   15   16   17   18   19   20      0
     1   36  101  191  244  366  355  457  552  617  703  717  904  911  978 1102 1080 1203 1218 1235 1411  14381
     2   19   58  110  115  161  226  257  304  311  355  416  462  460  462  494  552  527  556  566  547   6958
     3    7   23   24   56   73   90  108  129  148  199  193  232  251  212  223  268  263  254  215  188   3156
     4    3   10   27   25   31   33   64   57   83  104  117  129  107  129  134  125  103  112   88   90   1571
     5    1    4    5   12   17   21   48   36   45   69   62   61   70   57   56   67   65   56   61   41    854
     6    0    1    6    9   10   16   19   20   28   28   35   41   30   40   39   44   35   23   22   19    465
     7    0    1    1    3    4    5    7   20   23   19   23   26   25   21   14   27   17   27    9   12    284
     8    0    0    1    3    2    5    5    8    8   10   19   18   20   17   15   14   10   12    6    5    178
     9    0    0    0    1    2    1    2    5    7   14    7    5    7   10   11    6    5    3    4    3     93
    10    0    0    0    1    0    2    2    1    5    3    3    7    4    6    2    3    5    5    6    2     57
    11    0    0    0    1    1    2    0    2    1    5    5    1    2    4    2    2    2    3    2    2     37
    12    0    0    0    0    1    1    0    3    0    2    2    1    3    1    1    1    2    0    0    2     20
    13    0    0    0    0    0    1    0    1    1    2    1    1    4    3    1    1    3    0    0    1     20
    14    0    0    0    0    0    0    0    0    1    2    1    1    2    2    3    3    0    0    0    0     15
    15    0    0    0    0    0    0    0    1    1    0    0    0    0    0    1    0    0    1    1    1      6
    16    0    0    0    0    0    0    0    1    0    1    0    0    0    0    0    0    0    0    0    0      2
    17    0    0    0    0    0    0    0    0    1    0    0    0    0    0    1    0    0    1    0    0      3
    18    0    0    0    0    0    0    0    0    0    0    0    0    0    0    0    0    0    0    1    0      1
    19    0    0    0    0    0    0    0    0    0    0    0    0    0    0    0    0    0    0    0    0      0
    20    0    0    0    0    0    0    0    1    0    0    0    0    0    0    0    0    0    0    0    0      1
    21    0    0    0    0    0    0    0    0    0    0    0    0    0    0    0    0    0    0    0    0      0
    22    0    0    0    0    0    0    0    0    0    0    0    0    0    0    0    0    0    0    0    0      0
    23    0    0    0    0    0    0    0    0    0    0    0    0    0    0    0    0    0    0    0    0      0
    24    0    0    0    0    0    0    0    0    0    0    0    0    0    0    0    0    0    0    0    0      0
    25    0    0    0    0    0    0    0    0    0    0    0    0    0    0    0    0    0    0    0    0      0
    26    0    0    0    0    0    0    0    0    0    0    0    0    0    0    0    0    0    0    0    0      0
    27    0    0    0    0    0    0    0    0    0    0    0    0    0    0    0    0    0    0    0    0      0
    28    0    0    0    0    0    0    0    0    0    0    0    0    0    0    0    0    0    0    0    0      0
    29    0    0    0    0    0    0    0    0    0    0    0    0    0    0    0    0    0    0    0    0      0
    30    0    0    0    0    0    0    0    0    0    0    0    0    0    0    0    0    0    0    0    0      0
    31    0    0    0    0    0    0    0    0    0    0    0    0    0    0    0    0    0    0    0    0      0
    32    0    0    0    0    0    0    0    0    0    0    0    0    0    0    0    0    0    0    0    0      0
    33    0    0    0    0    0    0    0    0    0    0    0    0    0    0    0    0    0    0    0    0      0
    34    0    0    0    0    0    0    0    0    0    0    0    0    0    0    0    0    0    0    0    0      0
    35    0    0    0    0    0    0    0    0    0    0    0    0    0    0    0    0    0    0    0    0      0
    36    0    0    0    0    0    0    0    0    0    0    0    0    0    0    0    0    0    0    0    0      0
    37    0    0    0    0    0    0    0    0    0    0    0    0    0    0    0    0    0    0    0    0      0
    38    0    0    0    0    0    0    0    0    0    0    0    0    0    0    0    0    0    0    0    0      0
    39    0    0    0    0    0    0    0    0    0    0    0    0    0    0    0    0    0    0    0    0      0
    40    0    0    0    0    0    0    0    0    0    0    0    0    0    0    0    0    0    0    0    0      0
    41    0    0    0    0    0    0    0    0    0    0    0    0    0    0    0    0    0    0    0    0      0
    42    0    0    0    0    0    0    0    0    0    0    0    0    0    0    0    0    0    0    0    0      0
    43    0    0    0    0    0    0    0    0    0    0    0    0    0    0    0    0    0    0    0    0      0
    44    0    0    0    0    0    0    0    0    0    0    0    0    0    0    0    0    0    0    0    0      0
    45    0    0    0    0    0    0    0    0    0    0    0    0    0    0    0    0    0    0    0    0      0
    46    0    0    0    0    0    0    0    0    0    0    0    0    0    0    0    0    0    0    0    0      0
    47    0    0    0    0    0    0    0    0    0    0    0    0    0    0    0    0    0    0    0    0      0
    48    0    0    0    0    0    0    0    0    0    0    0    0    0    0    0    0    0    0    0    0      0
    49    0    0    0    0    0    0    0    0    0    0    0    0    0    0    0    0    0    0    0    0      0
    50    0    0    0    0    0    0    0    0    0    0    0    0    0    0    0    0    0    0    0    0      0
    51    0    0    0    0    0    0    0    0    0    0    0    0    0    0    0    0    0    0    0    0      0
    52    0    0    0    0    0    0    0    0    0    0    0    0    0    0    0    0    0    0    0    0      0
    53    0    0    0    0    0    0    0    0    0    0    0    0    0    0    0    0    0    0    0    0      0
    54    0    0    0    0    0    0    0    0    0    0    0    0    0    0    0    0    0    0    0    0      0
    55    0    0    0    0    0    0    0    0    0    0    0    0    0    0    0    0    0    0    0    0      0
    56    0    0    0    0    0    0    0    0    0    0    0    0    0    0    0    0    0    0    0    0      0
    57    0    0    0    0    0    0    0    0    0    0    0    0    0    0    0    0    0    0    0    0      0
    58    0    0    0    0    0    0    0    0    0    0    0    0    0    0    0    0    0    0    0    0      0
    59    0    0    0    0    0    0    0    0    0    0    0    0    0    0    0    0    0    0    0    0      0
    60    0    0    0    0    0    0    0    0    0    0    0    0    0    0    0    0    0    0    0    0      0
    61    0    0    0    0    0    0    0    0    0    0    0    0    0    0    0    0    0    0    0    0      0
    62    0    0    0    0    0    0    0    0    0    0    0    0    0    0    0    0    0    0    0    0      0
    63    0    0    0    0    0    0    0    0    0    0    0    0    0    0    0    0    0    0    0    0      0
    64    0    0    0    0    0    0    0    0    0    0    0    0    0    0    0    0    0    0    0    0      0
    65    0    0    0    0    0    0    0    0    0    0    0    0    0    0    0    0    0    0    0    0      0
    66    0    0    0    0    0    0    0    0    0    0    0    0    0    0    0    0    0    0    0    0      0
    67    0    0    0    0    0    0    0    0    0    0    0    0    0    0    0    0    0    0    0    0      0
    68    0    0    0    0    0    0    0    0    0    0    0    0    0    0    0    0    0    0    0    0      0
    69    0    0    0    0    0    0    0    0    0    0    0    0    0    0    0    0    0    0    0    0      0
    70    0    0    0    0    0    0    0    0    0    0    0    0    0    0    0    0    0    0    0    0      0
    71    0    0    0    0    0    0    0    0    0    0    0    0    0    0    0    0    0    0    0    0      0
    72    0    0    0    0    0    0    0    0    0    0    0    0    0    0    0    0    0    0    0    0      0
    73    0    0    0    0    0    0    0    0    0    0    0    0    0    0    0    0    0    0    0    0      0
    74    0    0    0    0    0    0    0    0    0    0    0    0    0    0    0    0    0    0    0    0      0
    75    0    0    0    0    0    0    0    0    0    0    0    0    0    0    0    0    0    0    0    0      0
    76    0    0    0    0    0    0    0    0    0    0    0    0    0    0    0    0    0    0    0    0      0
    77    0    0    0    0    0    0    0    0    0    0    0    0    0    0    0    0    0    0    0    0      0
    78    0    0    0    0    0    0    0    0    0    0    0    0    0    0    0    0    0    0    0    0      0
    79    0    0    0    0    0    0    0    0    0    0    0    0    0    0    0    0    0    0    0    0      0
    80    0    0    0    0    0    0    0    0    0    0    0    0    0    0    0    0    0    0    0    0      0
    81    0    0    0    0    0    0    0    0    0    0    0    0    0    0    0    0    0    0    0    0      0
    82    0    0    0    0    0    0    0    0    0    0    0    0    0    0    0    0    0    0    0    0      0
    83    0    0    0    0    0    0    0    0    0    0    0    0    0    0    0    0    0    0    0    0      0
    84    0    0    0    0    0    0    0    0    0    0    0    0    0    0    0    0    0    0    0    0      0
    85    0    0    0    0    0    0    0    0    0    0    0    0    0    0    0    0    0    0    0    0      0
    86    0    0    0    0    0    0    0    0    0    0    0    0    0    0    0    0    0    0    0    0      0
    87    0    0    0    0    0    0    0    0    0    0    0    0    0    0    0    0    0    0    0    0      0
    88    0    0    0    0    0    0    0    0    0    0    0    0    0    0    0    0    0    0    0    0      0
    89    0    0    0    0    0    0    0    0    0    0    0    0    0    0    0    0    0    0    0    0      0
    90    0    0    0    0    0    0    0    0    0    0    0    0    0    0    0    0    0    0    0    0      0
    91    0    0    0    0    0    0    0    0    0    0    0    0    0    0    0    0    0    0    0    0      0
    92    0    0    0    0    0    0    0    0    0    0    0    0    0    0    0    0    0    0    0    0      0
    93    0    0    0    0    0    0    0    0    0    0    0    0    0    0    0    0    0    0    0    0      0
    94    0    0    0    0    0    0    0    0    0    0    0    0    0    0    0    0    0    0    0    0      0
    95    0    0    0    0    0    0    0    0    0    0    0    0    0    0    0    0    0    0    0    0      0
    96    0    0    0    0    0    0    0    0    0    0    0    0    0    0    0    0    0    0    0    0      0
    97    0    0    0    0    0    0    0    0    0    0    0    0    0    0    0    0    0    0    0    0      0
    98    0    0    0    0    0    0    0    0    0    0    0    0    0    0    0    0    0    0    0    0      0
    99    0    0    0    0    0    0    0    0    0    0    0    0    0    0    0    0    0    0    0    0      0
   100    0    0    0    0    0    0    0    0    0    0    0    0    0    0    0    0    0    0    0    0      0
     0   66  198  365  470  668  758  969 1141 1280 1516 1601 1889 1896 1942 2099 2193 2240 2271 2216 2324  28102
1AZIMUTHAL ANGLE - POLAR ANGLE IN COS-INTERVALS (0.05) (BACKWARD SPUTTERED PARTICLES) , 1.LAYER , SPECIES 1

     0    1    2    3    4    5    6    7    8    9   10   11   12   13   14   15   16   17   18   19   20      0
     3    1    1   10    4    7   11    9   22   27   25   23   32   34   33   32   31   31   33   35   42    443
     6    0    1    6   13   16   15   16   19   16   30   33   24   25   27   40   34   39   48   34   25    461
     9    0    4    6    8   12   16   20   25   32   24   20   35   36   37   34   32   43   32   48   27    491
    12    4    1    5   10    6   10   19   18   29   27   19   33   27   30   35   37   43   40   43   27    463
    15    1    3    5    4    9   10   24   10   16   23   24   37   27   26   50   29   34   40   39   36    447
    18    2    4    7    4   11   12   25   16   15   30   21   30   37   47   46   37   33   32   33   44    486
    21    3    6    4   10    8   10   20   11   21   31   29   32   33   39   32   35   44   41   42   35    486
    24    1    3    5    4   13   11   10   23   19   33   23   30   29   31   33   29   53   35   41   47    473
    27    0    4    3    7   10   12   18   20   21   31   25   47   30   29   35   35   32   34   27   46    466
    30    1    5    8    9   11   13    9   12   20   29   33   34   27   30   39   38   37   29   29   41    454
    33    0    2    2    7   10   10   14   23   26   23   29   30   34   28   36   41   37   33   44   34    463
    36    0    4    9   11   15   11   19   22   19   29   22   30   23   36   30   44   36   33   29   30    452
    39    1    6    8    5   14    7   17   12   22   33   32   28   27   36   44   41   43   32   40   47    495
    42    1    3    4    5    9   10   14   18   23   12   24   37   29   24   34   26   48   35   30   38    424
    45    0    3    9    9    8   15   11   19   23   31   28   22   42   40   30   45   38   42   28   35    478
    48    2    6    5    7   15   18   24   19   19   27   28   33   32   35   43   37   27   43   34   34    488
    51    2    4    7    7   12   15   20   27   20   28   22   30   27   33   35   31   37   42   44   43    486
    54    1    3    4    8   11   14   19   16   29   22   22   33   52   35   41   33   42   27   51   43    506
    57    1    2    7    9   12   13   17   26   26   25   32   29   23   32   34   37   33   47   42   45    492
    60    1    2    3   10   11   15   17   21   25   17   26   27   30   38   39   47   35   34   42   40    480
    63    2    3    5    5    8   14   16   20   22   23   25   23   36   26   37   32   38   39   28   42    444
    66    1    0    5    8    8   24   15   23   19   23   24   25   30   35   33   37   33   31   42   48    464
    69    4    3    4    5   11   11   10   18   18   16   25   27   31   32   38   44   38   42   36   47    460
    72    1    4    8    6   15   12    8   18   22   36   26   25   39   37   35   33   44   43   36   38    486
    75    1    2    4    6   13    9   16   22   23   23   24   32   38   33   32   35   30   41   28   35    447
    78    2    3    7   12    7    9   17   15   16   26   37   51   25   23   34   33   32   40   36   47    472
    81    0    5    5    7   14   17   21   20   22   36   35   39   43   30   23   29   34   36   40   32    488
    84    2    4    3    6   13   17   18   21   22   26   37   29   28   24   39   39   38   30   36   32    464
    87    0    5    6    8   11   13   11   16   20   29   26   30   37   38   41   27   39   50   42   34    483
    90    1    3    7    7    7   16   15   22   27   24   32   36   38   34   37   40   29   42   41   39    497
    93    4    2    9    3   19   10    9   11   19   20   31   33   27   37   23   41   37   35   39   40    449
    96    1    3    4   11    6    8   20   26   24   24   24   44   29   37   23   39   39   37   32   50    481
    99    2    6    6    9    9    8   16   21   19   30   37   32   38   33   43   39   42   31   41   37    499
   102    0    4    7    7   11    9   18   14   18   24   32   31   25   33   35   39   33   36   50   45    471
   105    1    3    6    7   12   17   19   20   20   23   28   31   30   26   38   41   33   31   45   31    462
   108    0    4    7    5   11   11   11   16   24   28   25   22   30   32   33   45   32   41   40   40    457
   111    0    1   12    9    6   12    9   20   19   24   29   34   29   35   34   34   31   39   36   50    463
   114    1    3    5   10   14    8   16   15   21   31   24   29   38   29   26   27   41   33   42   30    443
   117    0    3    7    7   15    7   10   16   22   24   25   26   32   25   26   38   38   37   32   41    431
   120    2    3   10    9    9    9   15   20   23   25   35   27   35   24   40   38   35   45   42   48    494
   123    2    6    3    9    8   13   17   12   23   27   20   38   30   35   45   32   41   37   38   31    467
   126    0    2    8   12    5   13   10   25   28   29   23   28   21   27   41   26   35   50   34   44    461
   129    0    3    5   11   10   16   18   21   24   32   26   46   17   47   33   44   42   48   28   31    502
   132    1    4    7    7   15   12   23   25   13   26   19   23   34   34   28   34   41   33   28   36    443
   135    1    3    6    9   15   10   17   12   21   19   20   30   26   32   30   37   41   34   28   53    444
   138    0    3    6   10   10   17   19   27   21   32   19   35   29   29   29   26   33   43   34   38    460
   141    2    4    8    7   14   15   13   28   12   21   28   31   35   32   37   46   39   30   26   35    463
   144    0    1    8   10   10   17   14   15   12   17   22   35   35   35   37   40   40   34   32   43    457
   147    0    6   10    7   13   17   20   26   16   22   31   28   24   38   39   36   40   33   24   48    478
   150    1    5    7    9    8    8   14   21   18   23   32   36   37   37   32   39   28   32   44   38    469
   153    0    5    6    9   14   10   15   25   26   15   22   32   33   28   30   40   46   36   41   46    479
   156    2    3    4   12   15   13   25   18   24   31   27   39   39   35   31   42   45   41   35   29    510
   159    1    5    6    5   16   11   19   16   23   22   25   28   28   34   32   28   31   52   36   45    463
   162    0    3    6    7   10   21   18   18   22   20   20   30   35   21   42   47   40   32   44   33    469
   165    1    2    4    7   11   16   12   16   19   25   29   25   30   29   36   47   30   37   33   30    439
   168    0    0   11    6   10   16   14   13   21   28   28   27   25   31   37   28   36   36   43   41    451
   171    3    3    2    5   15   15   17   14   25   21   28   18   35   35   42   39   46   48   47   33    491
   174    2    3    6    8   12   11   16    8   23   16   32   33   26   36   25   32   29   46   37   36    437
   177    3    2    5   12    8   10   16   24   15   22   31   31   38   24   33   42   42   31   23   37    449
   180    0    4    3   10   10    8   20   24   26   23   23   37   37   34   28   39   34   47   42   32    481
     0   66  198  365  470  668  758  969 1141 1280 1516 1601 1889 1896 1942 2099 2193 2240 2271 2216 2324  28102
