1
      *** PROGRAM TRVMC95 ***


                              * INPUT DATA *


       Z1        M1          E0       ALPHA       EF        ESB      SHEATH     ERC
     18.00     39.95      4163.00      0.00      0.10      0.00  12489.00      4.70

       NH        RI           X0        RD        CW        CA       KK0   KK0R   KDEE1  KDEE2  IPOT   IPOTR   IRL
     99999 716381.00         0.00    100.00      2.00      1.00       2      2      3      3      1      1      3


             DX      RHO    CK  Z(,1) Z(,2) Z(,3) Z(,4) Z(,5)  M(,1)  M(,2)  M(,3)  M(,4)  M(,5) C(,1) C(,2) C(,3) C(,4) C(,5)

 1.LAYER 10000.00   2.25   1.00    6.    0.    0.    0.    0.  12.01   0.00   0.00   0.00   0.00 1.000 0.000 0.000 0.000 0.000


                           ***  SBE(LAYER,ELEMENT)  ***     ***     ED(LAYER,ELEMENT)     ***     ***   BE(LAYER,ELEMENT)  ***

 1.LAYER                   7.41  0.00  0.00  0.00  0.00     30.00   0.00   0.00   0.00   0.00     0.10  0.00  0.00  0.00  0.00


       INTERACTION POTENTIAL : PROJECTILE-TARGET : KR-C POTENTIAL     TARGET-TARGET : KR-C POTENTIAL    


       INELASTIC LOSS MODEL  : PROJECTILE-TARGET : 50% LS 50% OR      TARGET-TARGET : 50% LS 50% OR     
1

                              * OUTPUT DATA *


                 HLM       HLMT        SU       SUT        XC        RT       SFE      INEL         L        LJ
               0.0000 10000.000    3.5029 10003.503   -3.5029  9900.000      7.41         0         1         1


                NPROJ       KIB       KIT      MAXA      NALL       NPA       NSA       KIS      KIST
                60657         0         0       306  74862916   3222785  41966003    104025         0


            EPS0(I)       Z2(I)       M2(I)     ARHO(I)       LM(I)     PMAX(I)     ASIG(I)       SB(I)       XX(I)        NJ(I)

 1.LAYER   0.8163E-01  0.6000E+01  0.1201E+02  0.1128E+00  0.2070E+01  0.1168E+01  0.2335E+00  0.7410E+01  0.1000E+05         1


             A1(1)   A1(2)   A1(3)   A1(4)   A1(5)   A1(6)   A1(7)   A1(8)   A1(9)  A1(10)  A1(11)  A1(12)  A1(13)  A1(14)  A1(15)

           0.13193


           KOR1(1) KOR1(2) KOR1(3) KOR1(4) KOR1(5) KOR1(6) KOR1(7) KOR1(8) KOR1(9) KOR1(A) KOR1(B) KOR1(C) KOR1(D) KOR1(E) KOR1(F)

           0.73577


            A(I,1)  A(I,2)  A(I,3)  A(I,4)  A(I,5)  A(I,6)  A(I,7)  A(I,8)  A(I,9) A(I,10) A(I,11) A(I,12) A(I,13) A(I,14) A(I,15)

           0.16242


           KOR(,1) KOR(,2) KOR(,3) KOR(,4) KOR(,5) KOR(,6) KOR(,7) KOR(,8) KOR(,9) KOR(,A) KOR(,B) KOR(,C) KOR(,D) KOR(,E) KOR(,F)

           0.46963
1

         IMPLANTED PARTICLES=  99999     ENERGY=0.4163E+09 EV
     BACKSCATTERED PARTICLES=      0     ENERGY=0.0000E+00 EV
       TRANSMITTED PARTICLES=      0     ENERGY=0.0000E+00 EV
     BACKSPUTTERED PARTICLES=  63768     ENERGY=0.2079E+07 EV
    TRANSM. SPUTT. PARTICLES=      0     ENERGY=0.0000E+00 EV


  PROJECTILES :   MEAN NUMBER OF ELASTIC COLLISIONS =     37.1   MEAN NUMBER OF EL.COLL.(E > EDISPL.) =   16.014
                                                                 MEAN NUMBER OF EL.COLL.(E > SB(1))   =   29.354

                       MEAN        VARIANCE      SKEWNESS      KURTOSIS        SIGMA       ERROR 1.M     ERROR 2.M     ERROR 3.M 
  PENETRATION       6.4903E+01    4.2027E+02    4.2674E-01    3.0452E+00    2.0501E+01    6.4829E-02    1.9007E+00    7.6315E-03
       SPREAD       2.0908E+01    1.3564E+02    8.1736E-01    3.7500E+00    1.1646E+01    3.6829E-02    7.1129E-01    9.8485E-03
   PATHLENGTH       7.4858E+01    4.7034E+02    3.7649E-01    2.9869E+00    2.1687E+01    6.8582E-02    2.0966E+00    7.4512E-03
 ELASTIC LOSS       3.8640E+03    1.0935E+04                                1.0457E+02    1.0457E-03
   INEL. LOSS       2.9899E+02    1.0935E+04                                1.0457E+02    1.0457E-03

                       MEAN        VARIANCE      SKEWNESS      KURTOSIS        SIGMA       ERROR 1.M     ERROR 2.M     ERROR 3.M 
   ELAST.LOSS       1.0183E+02    5.8074E+04    5.1211E+00    3.6574E+01    2.4099E+02    1.2511E-01    1.7982E+02    7.6685E-03
 WEAK EL.LOSS       2.3153E+00    5.5501E+00    1.6422E+00    5.3733E+00    2.3559E+00    1.2231E-03    6.0258E-03    1.3992E-03
 INELAST.LOSS       8.0585E+00    2.1972E+01    4.8716E-02    2.1550E+00    4.6874E+00    2.4335E-03    1.2259E-02    8.3231E-04
  SUBTHR.LOSS       1.1737E+01    5.7890E+01    6.0818E-01    2.3659E+00    7.6085E+00    5.2395E-03    4.6591E-02    1.0660E-03

                     1.MOMENT      2.MOMENT      3.MOMENT      4.MOMENT      5.MOMENT      6.MOMENT 
  PENETRATION       6.4903E+01    4.6326E+03    3.5890E+05    2.9859E+07    2.6447E+09    2.4769E+11



  RECOILES (PER PROJ.)   :   MEAN NUMBER OF ELASTIC COLLISIONS =    741.8   MEAN NUMBER OF EL.COLL.(E > EDISPL.) =     39.087
                                                                            MEAN NUMBER OF EL.COLL.(E > SB(1))   =    232.821

  RECOILES (PER KNOCKON) :   MEAN NUMBER OF ELASTIC COLLISIONS =    1.641   MEAN NUMBER OF EL.COLL.(E > EDISPL.) =      0.086
                                                                            MEAN NUMBER OF EL.COLL.(E > SB(1))   =      0.515

1


     DEPTH(A)  PARTICLES  NORM.DEPTH PATHLENGTH   INLOSS(EV)  TELOSS(EV)  ELLOSS(EV)  DAMAGE(EV)  PHONON(EV)  CASCAD(EV)     DPA

    -SU-    0.         0  0.0000E+00
     0.-    2.         0  0.0000E+00         0    1.3477E+06  1.4290E+07  1.4226E+07  1.3701E+07  5.2515E+05  1.1205E+07   37530
     2.-    4.         0  0.0000E+00         0    1.3435E+06  1.4206E+07  1.4138E+07  1.3610E+07  5.2815E+05  1.1143E+07   38121
     4.-    6.         0  0.0000E+00         0    1.3212E+06  1.4233E+07  1.4161E+07  1.3624E+07  5.3692E+05  1.1166E+07   38701
     6.-    8.         1  0.1000E-04         0    1.2932E+06  1.4040E+07  1.3964E+07  1.3419E+07  5.4506E+05  1.1010E+07   39623
     8.-   10.         2  0.2000E-04         0    1.2683E+06  1.4136E+07  1.4054E+07  1.3500E+07  5.5406E+05  1.1086E+07   40202
    10.-   12.         3  0.3000E-04         0    1.2415E+06  1.3848E+07  1.3760E+07  1.3198E+07  5.6267E+05  1.0859E+07   41234
    12.-   14.        11  0.1100E-03         0    1.2114E+06  1.3722E+07  1.3627E+07  1.3054E+07  5.7262E+05  1.0755E+07   41975
    14.-   16.        22  0.2200E-03         0    1.1846E+06  1.3706E+07  1.3602E+07  1.3025E+07  5.7757E+05  1.0742E+07   43089
    16.-   18.        46  0.4600E-03         1    1.1537E+06  1.3572E+07  1.3459E+07  1.2862E+07  5.9719E+05  1.0620E+07   44002
    18.-   20.       122  0.1220E-02         7    1.1244E+06  1.3510E+07  1.3386E+07  1.2778E+07  6.0829E+05  1.0563E+07   44984
    20.-   22.       201  0.2010E-02        20    1.0912E+06  1.3196E+07  1.3059E+07  1.2439E+07  6.1989E+05  1.0300E+07   45866
    22.-   24.       282  0.2820E-02        62    1.0574E+06  1.3024E+07  1.2873E+07  1.2237E+07  6.3589E+05  1.0148E+07   46628
    24.-   26.       454  0.4540E-02        93    1.0238E+06  1.2787E+07  1.2622E+07  1.1975E+07  6.4698E+05  9.9409E+06   47460
    26.-   28.       562  0.5620E-02       171    9.8812E+05  1.2432E+07  1.2252E+07  1.1584E+07  6.6860E+05  9.6321E+06   47855
    28.-   30.       841  0.8410E-02       257    9.5411E+05  1.2381E+07  1.2186E+07  1.1507E+07  6.7910E+05  9.5787E+06   48884
    30.-   32.      1121  0.1121E-01       374    9.1656E+05  1.2118E+07  1.1908E+07  1.1222E+07  6.8570E+05  9.3526E+06   49524
    32.-   34.      1296  0.1296E-01       499    8.7349E+05  1.1509E+07  1.1285E+07  1.0580E+07  7.0448E+05  8.8304E+06   48755
    34.-   36.      1560  0.1560E-01       698    8.3750E+05  1.1387E+07  1.1150E+07  1.0440E+07  7.1009E+05  8.7218E+06   49202
    36.-   38.      1921  0.1921E-01       913    7.9460E+05  1.0903E+07  1.0654E+07  9.9466E+06  7.0772E+05  8.3209E+06   48757
    38.-   40.      2075  0.2075E-01      1096    7.5680E+05  1.0565E+07  1.0305E+07  9.5906E+06  7.1483E+05  8.0315E+06   48471
    40.-   42.      2487  0.2487E-01      1238    7.1430E+05  1.0080E+07  9.8091E+06  9.0899E+06  7.1920E+05  7.6224E+06   47553
    42.-   44.      2682  0.2682E-01      1490    6.7364E+05  9.7130E+06  9.4367E+06  8.7277E+06  7.0900E+05  7.3244E+06   46926
    44.-   46.      2946  0.2946E-01      1699    6.3366E+05  9.1920E+06  8.9109E+06  8.2084E+06  7.0255E+05  6.8996E+06   45583
    46.-   48.      3158  0.3158E-01      1901    5.9013E+05  8.7450E+06  8.4602E+06  7.7723E+06  6.8798E+05  6.5388E+06   44498
    48.-   50.      3349  0.3349E-01      2127    5.5205E+05  8.2281E+06  7.9429E+06  7.2648E+06  6.7806E+05  6.1180E+06   42703
    50.-   52.      3450  0.3450E-01      2340    5.1040E+05  7.7590E+06  7.4748E+06  6.8144E+06  6.6044E+05  5.7412E+06   40835
    52.-   54.      3713  0.3713E-01      2467    4.7212E+05  7.1854E+06  6.9036E+06  6.2676E+06  6.3599E+05  5.2896E+06   39168
    54.-   56.      3777  0.3777E-01      2747    4.3490E+05  6.7948E+06  6.5193E+06  5.9063E+06  6.1301E+05  4.9850E+06   37228
    56.-   58.      3762  0.3762E-01      2938    3.9765E+05  6.2101E+06  5.9422E+06  5.3539E+06  5.8828E+05  4.5258E+06   35174
    58.-   60.      3791  0.3791E-01      3190    3.6441E+05  5.8212E+06  5.5604E+06  4.9978E+06  5.6256E+05  4.2264E+06   33032
    60.-   62.      3785  0.3785E-01      3174    3.3122E+05  5.3316E+06  5.0791E+06  4.5422E+06  5.3699E+05  3.8445E+06   30830
    62.-   64.      3826  0.3826E-01      3388    2.9924E+05  4.9105E+06  4.6697E+06  4.1619E+06  5.0787E+05  3.5249E+06   28672
    64.-   66.      3656  0.3656E-01      3109    2.6947E+05  4.4306E+06  4.2021E+06  3.7299E+06  4.7217E+05  3.1630E+06   26548
    66.-   68.      3635  0.3635E-01      3149    2.4253E+05  3.9748E+06  3.7562E+06  3.3107E+06  4.4553E+05  2.8107E+06   24513
    68.-   70.      3557  0.3557E-01      3704    2.1607E+05  3.5892E+06  3.3851E+06  2.9718E+06  4.1332E+05  2.5245E+06   22255
    70.-   72.      3396  0.3396E-01      3821    1.9256E+05  3.2151E+06  3.0242E+06  2.6379E+06  3.8622E+05  2.2427E+06   20212
    72.-   74.      3270  0.3270E-01      3664    1.7068E+05  2.9002E+06  2.7230E+06  2.3742E+06  3.4874E+05  2.0194E+06   18530
    74.-   76.      3081  0.3081E-01      3658    1.5016E+05  2.5674E+06  2.4047E+06  2.0824E+06  3.2222E+05  1.7721E+06   16480
    76.-   78.      2909  0.2909E-01      3562    1.3202E+05  2.2933E+06  2.1437E+06  1.8523E+06  2.9143E+05  1.5772E+06   14862
    78.-   80.      2772  0.2772E-01      3464    1.1534E+05  2.0276E+06  1.8913E+06  1.6278E+06  2.6347E+05  1.3867E+06   13210
    80.-   82.      2523  0.2523E-01      3384    1.0042E+05  1.7467E+06  1.6221E+06  1.3829E+06  2.3928E+05  1.1799E+06   11743
    82.-   84.      2266  0.2266E-01      3230    8.7085E+04  1.5543E+06  1.4430E+06  1.2299E+06  2.1301E+05  1.0491E+06   10342
    84.-   86.      2176  0.2176E-01      3153    7.4524E+04  1.3093E+06  1.2095E+06  1.0175E+06  1.9198E+05  8.6903E+05    8835
    86.-   88.      1966  0.1966E-01      2925    6.4083E+04  1.1437E+06  1.0558E+06  8.8829E+05  1.6754E+05  7.5906E+05    7826
    88.-   90.      1719  0.1719E-01      2756    5.5037E+04  9.9244E+05  9.1410E+05  7.6586E+05  1.4824E+05  6.5496E+05    6821
    90.-   92.      1557  0.1557E-01      2565    4.6531E+04  8.5907E+05  7.9034E+05  6.6136E+05  1.2898E+05  5.6527E+05    5861
    92.-   94.      1359  0.1359E-01      2478    3.9559E+04  7.4633E+05  6.8578E+05  5.7287E+05  1.1291E+05  4.8946E+05    5128
    94.-   96.      1267  0.1267E-01      2121    3.3314E+04  6.1691E+05  5.6352E+05  4.6642E+05  9.7102E+04  3.9957E+05    4417
    96.-   98.      1150  0.1150E-01      1980    2.7596E+04  5.0087E+05  4.5469E+05  3.6741E+05  8.7277E+04  3.1495E+05    3553
    98.-  100.      1036  0.1036E-01      1826    2.3308E+04  4.3546E+05  3.9621E+05  3.2248E+05  7.3726E+04  2.7634E+05    3073
   100.-  102.       835  0.8350E-02      1604    1.9289E+04  3.6697E+05  3.3352E+05  2.7098E+05  6.2545E+04  2.3229E+05    2578
   102.-  104.       715  0.7150E-02      1424    1.5766E+04  2.9686E+05  2.6866E+05  2.1541E+05  5.3241E+04  1.8462E+05    2106
   104.-  106.       627  0.6270E-02      1240    1.3093E+04  2.5088E+05  2.2668E+05  1.8289E+05  4.3792E+04  1.5698E+05    1816
   106.-  108.       565  0.5650E-02      1094    1.0737E+04  2.1253E+05  1.9177E+05  1.5328E+05  3.8497E+04  1.3137E+05    1466
   108.-  110.       492  0.4920E-02       989    8.7400E+03  1.6368E+05  1.4653E+05  1.1590E+05  3.0625E+04  9.9785E+04    1267
   110.-  112.       397  0.3970E-02       881    6.9293E+03  1.3820E+05  1.2436E+05  9.8979E+04  2.5376E+04  8.4942E+04     989
   112.-  114.       310  0.3100E-02       768    5.6280E+03  1.0769E+05  9.6005E+04  7.4108E+04  2.1897E+04  6.3702E+04     773
   114.-  116.       291  0.2910E-02       712    4.5412E+03  8.4757E+04  7.5121E+04  5.8213E+04  1.6907E+04  5.0183E+04     663
   116.-  118.       236  0.2360E-02       626    3.6243E+03  7.2801E+04  6.4855E+04  5.0837E+04  1.4018E+04  4.3754E+04     543
   118.-  120.       197  0.1970E-02       524    2.9419E+03  5.8142E+04  5.1391E+04  3.9499E+04  1.1892E+04  3.3946E+04     426
   120.-  122.       157  0.1570E-02       435    2.2139E+03  4.3474E+04  3.8345E+04  2.9145E+04  9.1998E+03  2.5026E+04     316
   122.-  124.       119  0.1190E-02       409    1.8393E+03  3.5017E+04  3.0865E+04  2.3343E+04  7.5217E+03  2.0116E+04     271
   124.-  126.       115  0.1150E-02       260    1.4156E+03  2.9276E+04  2.6002E+04  2.0010E+04  5.9922E+03  1.7201E+04     203
   126.-  128.        76  0.7600E-03       277    1.1260E+03  2.1176E+04  1.8515E+04  1.3567E+04  4.9482E+03  1.1715E+04     164
   128.-  130.        66  0.6600E-03       262    9.1945E+02  1.8814E+04  1.6611E+04  1.2303E+04  4.3087E+03  1.0582E+04     131
   130.-  132.        73  0.7300E-03       196    6.6106E+02  1.4663E+04  1.3049E+04  1.0130E+04  2.9184E+03  8.6740E+03      99
   132.-  134.        48  0.4800E-03       161    5.3798E+02  1.0554E+04  9.3083E+03  7.0616E+03  2.2467E+03  6.0989E+03      85
   134.-  136.        27  0.2700E-03       160    4.2268E+02  9.5954E+03  8.4773E+03  6.6841E+03  1.7932E+03  5.7451E+03      64
   136.-  138.        19  0.1900E-03       104    2.9511E+02  6.9019E+03  6.1337E+03  4.7139E+03  1.4198E+03  4.0803E+03      57
   138.-  140.        16  0.1600E-03        85    2.1280E+02  4.0937E+03  3.3966E+03  2.1806E+03  1.2159E+03  1.8991E+03      32
   140.-  142.        16  0.1600E-03        71    1.4244E+02  2.7476E+03  2.2993E+03  1.3795E+03  9.1983E+02  1.1974E+03      20
   142.-  144.        17  0.1700E-03        59    1.1995E+02  2.6177E+03  2.2194E+03  1.4163E+03  8.0307E+02  1.2175E+03      16
   144.-  146.        12  0.1200E-03        50    8.0709E+01  1.3847E+03  1.0960E+03  6.0561E+02  4.9038E+02  5.2875E+02      10
   146.-  148.         9  0.9000E-04        39    6.4690E+01  1.2801E+03  1.0732E+03  7.2705E+02  3.4619E+02  6.3053E+02      10
   148.-  150.         6  0.6000E-04        20    5.6589E+01  7.8944E+02  6.4922E+02  3.9999E+02  2.4923E+02  3.4991E+02       7
   150.-  152.         6  0.6000E-04        30    4.1151E+01  6.6235E+02  5.4739E+02  3.1931E+02  2.2809E+02  2.7617E+02       4
   152.-  154.         2  0.2000E-04        19    3.3013E+01  5.8963E+02  5.2399E+02  3.7878E+02  1.4520E+02  3.2539E+02       4
   154.-  156.         1  0.1000E-04        13    1.9478E+01  4.3064E+02  3.9001E+02  3.0879E+02  8.1221E+01  2.6782E+02       4
   156.-  158.         0  0.0000E+00        13    2.5873E+01  4.8944E+02  4.3684E+02  3.1029E+02  1.2655E+02  2.7064E+02       5
   158.-  160.         3  0.3000E-04         7    1.6426E+01  4.5644E+02  4.1174E+02  3.7506E+02  3.6679E+01  3.2618E+02       5
   160.-  162.         0  0.0000E+00         8    1.0765E+01  1.4136E+02  1.1368E+02  4.5324E+01  6.8356E+01  3.9942E+01       1
   162.-  164.         0  0.0000E+00         5    1.2114E+01  1.7033E+02  1.3838E+02  8.0071E+01  5.8311E+01  7.0704E+01       2
   164.-  166.         1  0.1000E-04         4    4.8352E+00  9.9026E+01  6.4790E+01  0.0000E+00  6.4790E+01  0.0000E+00       0
   166.-  168.         1  0.1000E-04         1    6.7530E+00  2.8573E+02  2.6344E+02  2.3245E+02  3.0998E+01  1.9939E+02       2
   168.-  170.         1  0.1000E-04         0    2.9513E+00  6.5352E+01  5.2708E+01  4.1336E+01  1.1372E+01  3.6494E+01       1
   170.-  172.         1  0.1000E-04         3    2.0360E+00  6.4377E+01  5.3533E+01  4.5957E+01  7.5756E+00  4.0489E+01       1
   172.-  174.         1  0.1000E-04         0    1.4908E+00  3.4317E+01  2.1873E+01  0.0000E+00  2.1873E+01  0.0000E+00       0
   174.-  176.         0  0.0000E+00         3    2.2004E-01  5.8083E+00  3.8105E+00  0.0000E+00  3.8105E+00  0.0000E+00       0
   176.-  178.         0  0.0000E+00         1    0.0000E+00  0.0000E+00  0.0000E+00  0.0000E+00  0.0000E+00  0.0000E+00       0
   178.-  180.         0  0.0000E+00         2    0.0000E+00  0.0000E+00  0.0000E+00  0.0000E+00  0.0000E+00  0.0000E+00       0
   180.-  182.         0  0.0000E+00         0    0.0000E+00  0.0000E+00  0.0000E+00  0.0000E+00  0.0000E+00  0.0000E+00       0
   182.-  184.         0  0.0000E+00         0    0.0000E+00  0.0000E+00  0.0000E+00  0.0000E+00  0.0000E+00  0.0000E+00       0
   184.-  186.         0  0.0000E+00         0    0.0000E+00  0.0000E+00  0.0000E+00  0.0000E+00  0.0000E+00  0.0000E+00       0
   186.-  188.         0  0.0000E+00         1    0.0000E+00  0.0000E+00  0.0000E+00  0.0000E+00  0.0000E+00  0.0000E+00       0
   188.-  190.         0  0.0000E+00         0    0.0000E+00  0.0000E+00  0.0000E+00  0.0000E+00  0.0000E+00  0.0000E+00       0
   190.-  192.         0  0.0000E+00         0    0.0000E+00  0.0000E+00  0.0000E+00  0.0000E+00  0.0000E+00  0.0000E+00       0
   192.-  194.         0  0.0000E+00         0    0.0000E+00  0.0000E+00  0.0000E+00  0.0000E+00  0.0000E+00  0.0000E+00       0
   194.-  196.         0  0.0000E+00         0    0.0000E+00  0.0000E+00  0.0000E+00  0.0000E+00  0.0000E+00  0.0000E+00       0
   196.-  198.         0  0.0000E+00         0    0.0000E+00  0.0000E+00  0.0000E+00  0.0000E+00  0.0000E+00  0.0000E+00       0
   198.-  200.         0  0.0000E+00         0    0.0000E+00  0.0000E+00  0.0000E+00  0.0000E+00  0.0000E+00  0.0000E+00       0
   200.-   SUT         0  0.0000E+00

                   99999  1.0000E+00     99999    2.9899E+07  3.8640E+08  3.7781E+08  3.5306E+08  2.4750E+07  2.9390E+08 1601415
1
     RECOILS



     DEPTH(A)     INLOSS(EV)   TELOSS(EV)   ELLOSS(EV)   DAMAGE(EV)   PHONON(EV)     DPA  DPA(1)  DPA(2)

     0.-    2.    3.5559E+05   6.1255E+06   4.9314E+06   1.3295E+06   3.6020E+06   20949   20949       0
     2.-    4.    5.9214E+05   9.2417E+06   7.7283E+06   2.8438E+06   4.8844E+06   38624   38624       0
     4.-    6.    8.1078E+05   1.1976E+07   1.0087E+07   3.9201E+06   6.1673E+06   51043   51043       0
     6.-    8.    9.9199E+05   1.4390E+07   1.2155E+07   4.8518E+06   7.3034E+06   61469   61469       0
     8.-   10.    1.1523E+06   1.6469E+07   1.3942E+07   5.6673E+06   8.2746E+06   70687   70687       0
    10.-   12.    1.2908E+06   1.8312E+07   1.5524E+07   6.3896E+06   9.1344E+06   78139   78139       0
    12.-   14.    1.4099E+06   1.9854E+07   1.6833E+07   6.9226E+06   9.9103E+06   84444   84444       0
    14.-   16.    1.5199E+06   2.1317E+07   1.8080E+07   7.4547E+06   1.0625E+07   90968   90968       0
    16.-   18.    1.6187E+06   2.2660E+07   1.9226E+07   7.9490E+06   1.1277E+07   97086   97086       0
    18.-   20.    1.7066E+06   2.3955E+07   2.0333E+07   8.4493E+06   1.1884E+07  102416  102416       0
    20.-   22.    1.7808E+06   2.5012E+07   2.1232E+07   8.8345E+06   1.2397E+07  107355  107355       0
    22.-   24.    1.8456E+06   2.5858E+07   2.1933E+07   9.0454E+06   1.2887E+07  110501  110501       0
    24.-   26.    1.9005E+06   2.6768E+07   2.2711E+07   9.4075E+06   1.3303E+07  113950  113950       0
    26.-   28.    1.9425E+06   2.7338E+07   2.3170E+07   9.4941E+06   1.3676E+07  116669  116669       0
    28.-   30.    1.9793E+06   2.8019E+07   2.3751E+07   9.7561E+06   1.3995E+07  119550  119550       0
    30.-   32.    2.0091E+06   2.8557E+07   2.4204E+07   9.9420E+06   1.4262E+07  122348  122348       0
    32.-   34.    2.0203E+06   2.8728E+07   2.4315E+07   9.8820E+06   1.4433E+07  122369  122369       0
    34.-   36.    2.0239E+06   2.8903E+07   2.4445E+07   9.8672E+06   1.4578E+07  122986  122986       0
    36.-   38.    2.0250E+06   2.9124E+07   2.4631E+07   9.9469E+06   1.4684E+07  123946  123946       0
    38.-   40.    2.0138E+06   2.8997E+07   2.4500E+07   9.7895E+06   1.4711E+07  123220  123220       0
    40.-   42.    1.9893E+06   2.8711E+07   2.4240E+07   9.6314E+06   1.4608E+07  120976  120976       0
    42.-   44.    1.9545E+06   2.8457E+07   2.4020E+07   9.5465E+06   1.4473E+07  119718  119718       0
    44.-   46.    1.9168E+06   2.7911E+07   2.3535E+07   9.2715E+06   1.4264E+07  117656  117656       0
    46.-   48.    1.8743E+06   2.7520E+07   2.3215E+07   9.1869E+06   1.4028E+07  115457  115457       0
    48.-   50.    1.8238E+06   2.6776E+07   2.2558E+07   8.8199E+06   1.3738E+07  112897  112897       0
    50.-   52.    1.7580E+06   2.5987E+07   2.1879E+07   8.5177E+06   1.3361E+07  109264  109264       0
    52.-   54.    1.6985E+06   2.5229E+07   2.1239E+07   8.2689E+06   1.2970E+07  105611  105611       0
    54.-   56.    1.6274E+06   2.4227E+07   2.0377E+07   7.8584E+06   1.2518E+07  101577  101577       0
    56.-   58.    1.5551E+06   2.3228E+07   1.9529E+07   7.5153E+06   1.2013E+07   96815   96815       0
    58.-   60.    1.4775E+06   2.2121E+07   1.8580E+07   7.0873E+06   1.1493E+07   91817   91817       0
    60.-   62.    1.3981E+06   2.1010E+07   1.7646E+07   6.7427E+06   1.0903E+07   87648   87648       0
    62.-   64.    1.3184E+06   1.9885E+07   1.6692E+07   6.3508E+06   1.0341E+07   82674   82674       0
    64.-   66.    1.2391E+06   1.8725E+07   1.5710E+07   5.9429E+06   9.7674E+06   77685   77685       0
    66.-   68.    1.1606E+06   1.7542E+07   1.4707E+07   5.5348E+06   9.1727E+06   72489   72489       0
    68.-   70.    1.0804E+06   1.6365E+07   1.3711E+07   5.1281E+06   8.5830E+06   67624   67624       0
    70.-   72.    1.0060E+06   1.5350E+07   1.2870E+07   4.8699E+06   8.0006E+06   63584   63584       0
    72.-   74.    9.3038E+05   1.4161E+07   1.1862E+07   4.4238E+06   7.4385E+06   57951   57951       0
    74.-   76.    8.5686E+05   1.3080E+07   1.0955E+07   4.0960E+06   6.8595E+06   53598   53598       0
    76.-   78.    7.8609E+05   1.2014E+07   1.0060E+07   3.7549E+06   6.3048E+06   49468   49468       0
    78.-   80.    7.2245E+05   1.1042E+07   9.2441E+06   3.4346E+06   5.8096E+06   45468   45468       0
    80.-   82.    6.6072E+05   1.0105E+07   8.4605E+06   3.1549E+06   5.3056E+06   41751   41751       0
    82.-   84.    6.0002E+05   9.1982E+06   7.6987E+06   2.8617E+06   4.8371E+06   37874   37874       0
    84.-   86.    5.4314E+05   8.3172E+06   6.9527E+06   2.5519E+06   4.4008E+06   34146   34146       0
    86.-   88.    4.8868E+05   7.4763E+06   6.2516E+06   2.3001E+06   3.9515E+06   30431   30431       0
    88.-   90.    4.4173E+05   6.7521E+06   5.6473E+06   2.0851E+06   3.5622E+06   27507   27507       0
    90.-   92.    3.9715E+05   6.1048E+06   5.1165E+06   1.9203E+06   3.1962E+06   25036   25036       0
    92.-   94.    3.5591E+05   5.4120E+06   4.5328E+06   1.6893E+06   2.8435E+06   22506   22506       0
    94.-   96.    3.1274E+05   4.7574E+06   3.9868E+06   1.4951E+06   2.4917E+06   19844   19844       0
    96.-   98.    2.7403E+05   4.1280E+06   3.4719E+06   1.3309E+06   2.1410E+06   17427   17427       0
    98.-  100.    2.2532E+05   3.3153E+06   2.8132E+06   1.1494E+06   1.6638E+06   14712   14712       0
   100.-  102.    1.3139E+05   1.7806E+06   1.5333E+06   6.9628E+05   8.3702E+05    8535    8535       0
   102.-  104.    4.6031E+03   4.8242E+04   3.9246E+04   1.1878E+04   2.7368E+04     187     187       0
   104.-  106.    0.0000E+00   0.0000E+00   0.0000E+00   0.0000E+00   0.0000E+00       0       0       0
   106.-  108.    0.0000E+00   0.0000E+00   0.0000E+00   0.0000E+00   0.0000E+00       0       0       0
   108.-  110.    0.0000E+00   0.0000E+00   0.0000E+00   0.0000E+00   0.0000E+00       0       0       0
   110.-  112.    0.0000E+00   0.0000E+00   0.0000E+00   0.0000E+00   0.0000E+00       0       0       0
   112.-  114.    0.0000E+00   0.0000E+00   0.0000E+00   0.0000E+00   0.0000E+00       0       0       0
   114.-  116.    0.0000E+00   0.0000E+00   0.0000E+00   0.0000E+00   0.0000E+00       0       0       0
   116.-  118.    0.0000E+00   0.0000E+00   0.0000E+00   0.0000E+00   0.0000E+00       0       0       0
   118.-  120.    0.0000E+00   0.0000E+00   0.0000E+00   0.0000E+00   0.0000E+00       0       0       0
   120.-  122.    0.0000E+00   0.0000E+00   0.0000E+00   0.0000E+00   0.0000E+00       0       0       0
   122.-  124.    0.0000E+00   0.0000E+00   0.0000E+00   0.0000E+00   0.0000E+00       0       0       0
   124.-  126.    0.0000E+00   0.0000E+00   0.0000E+00   0.0000E+00   0.0000E+00       0       0       0
   126.-  128.    0.0000E+00   0.0000E+00   0.0000E+00   0.0000E+00   0.0000E+00       0       0       0
   128.-  130.    0.0000E+00   0.0000E+00   0.0000E+00   0.0000E+00   0.0000E+00       0       0       0
   130.-  132.    0.0000E+00   0.0000E+00   0.0000E+00   0.0000E+00   0.0000E+00       0       0       0
   132.-  134.    0.0000E+00   0.0000E+00   0.0000E+00   0.0000E+00   0.0000E+00       0       0       0
   134.-  136.    0.0000E+00   0.0000E+00   0.0000E+00   0.0000E+00   0.0000E+00       0       0       0
   136.-  138.    0.0000E+00   0.0000E+00   0.0000E+00   0.0000E+00   0.0000E+00       0       0       0
   138.-  140.    0.0000E+00   0.0000E+00   0.0000E+00   0.0000E+00   0.0000E+00       0       0       0
   140.-  142.    0.0000E+00   0.0000E+00   0.0000E+00   0.0000E+00   0.0000E+00       0       0       0
   142.-  144.    0.0000E+00   0.0000E+00   0.0000E+00   0.0000E+00   0.0000E+00       0       0       0
   144.-  146.    0.0000E+00   0.0000E+00   0.0000E+00   0.0000E+00   0.0000E+00       0       0       0
   146.-  148.    0.0000E+00   0.0000E+00   0.0000E+00   0.0000E+00   0.0000E+00       0       0       0
   148.-  150.    0.0000E+00   0.0000E+00   0.0000E+00   0.0000E+00   0.0000E+00       0       0       0
   150.-  152.    0.0000E+00   0.0000E+00   0.0000E+00   0.0000E+00   0.0000E+00       0       0       0
   152.-  154.    0.0000E+00   0.0000E+00   0.0000E+00   0.0000E+00   0.0000E+00       0       0       0
   154.-  156.    0.0000E+00   0.0000E+00   0.0000E+00   0.0000E+00   0.0000E+00       0       0       0
   156.-  158.    0.0000E+00   0.0000E+00   0.0000E+00   0.0000E+00   0.0000E+00       0       0       0
   158.-  160.    0.0000E+00   0.0000E+00   0.0000E+00   0.0000E+00   0.0000E+00       0       0       0
   160.-  162.    0.0000E+00   0.0000E+00   0.0000E+00   0.0000E+00   0.0000E+00       0       0       0
   162.-  164.    0.0000E+00   0.0000E+00   0.0000E+00   0.0000E+00   0.0000E+00       0       0       0
   164.-  166.    0.0000E+00   0.0000E+00   0.0000E+00   0.0000E+00   0.0000E+00       0       0       0
   166.-  168.    0.0000E+00   0.0000E+00   0.0000E+00   0.0000E+00   0.0000E+00       0       0       0
   168.-  170.    0.0000E+00   0.0000E+00   0.0000E+00   0.0000E+00   0.0000E+00       0       0       0
   170.-  172.    0.0000E+00   0.0000E+00   0.0000E+00   0.0000E+00   0.0000E+00       0       0       0
   172.-  174.    0.0000E+00   0.0000E+00   0.0000E+00   0.0000E+00   0.0000E+00       0       0       0
   174.-  176.    0.0000E+00   0.0000E+00   0.0000E+00   0.0000E+00   0.0000E+00       0       0       0
   176.-  178.    0.0000E+00   0.0000E+00   0.0000E+00   0.0000E+00   0.0000E+00       0       0       0
   178.-  180.    0.0000E+00   0.0000E+00   0.0000E+00   0.0000E+00   0.0000E+00       0       0       0
   180.-  182.    0.0000E+00   0.0000E+00   0.0000E+00   0.0000E+00   0.0000E+00       0       0       0
   182.-  184.    0.0000E+00   0.0000E+00   0.0000E+00   0.0000E+00   0.0000E+00       0       0       0
   184.-  186.    0.0000E+00   0.0000E+00   0.0000E+00   0.0000E+00   0.0000E+00       0       0       0
   186.-  188.    0.0000E+00   0.0000E+00   0.0000E+00   0.0000E+00   0.0000E+00       0       0       0
   188.-  190.    0.0000E+00   0.0000E+00   0.0000E+00   0.0000E+00   0.0000E+00       0       0       0
   190.-  192.    0.0000E+00   0.0000E+00   0.0000E+00   0.0000E+00   0.0000E+00       0       0       0
   192.-  194.    0.0000E+00   0.0000E+00   0.0000E+00   0.0000E+00   0.0000E+00       0       0       0
   194.-  196.    0.0000E+00   0.0000E+00   0.0000E+00   0.0000E+00   0.0000E+00       0       0       0
   196.-  198.    0.0000E+00   0.0000E+00   0.0000E+00   0.0000E+00   0.0000E+00       0       0       0
   198.-  200.    0.0000E+00   0.0000E+00   0.0000E+00   0.0000E+00   0.0000E+00       0       0       0

                  6.3598E+07   9.2834E+08   7.8287E+08   3.0897E+08   4.7389E+08 3908652 3908652       0
1     BACKWARD SPUTTERING



        ALL SPUTTERED PARTICLES =   63768   TOTAL SPUTTERED ENERGY = 0.2079E+07 EV


        SPUTTERED PARTICLES (1.LAYER) =   63768   SPUTTERED ENERGY = 0.2079E+07 EV


 1.LAYER
         SPUTTERED PARTICLES(1) =   63768     SPUTTERED ENERGY(1) = 0.2079E+07 EV

         ION IN , PRIMARY KO(1) =   12973   0.2034   0.2034    ENERGY = 0.7679E+06 EV   0.3694   0.3694    MEAN ENERGY = 0.5919E+02
         ION IN , SECOND. KO(1) =   50795   0.7966   0.7966    ENERGY = 0.1311E+07 EV   0.6306   0.6306    MEAN ENERGY = 0.2581E+02
        ION OUT , PRIMARY KO(1) =       0   0.0000   0.0000    ENERGY = 0.0000E+00 EV   0.0000   0.0000    MEAN ENERGY = 0.0000E+00
        ION OUT , SECOND. KO(1) =       0   0.0000   0.0000    ENERGY = 0.0000E+00 EV   0.0000   0.0000    MEAN ENERGY = 0.0000E+00


     SPUTTERING YIELD(1) =  6.377E-01  SPUTTERED ENERGY(1) =  4.994E-03  REL.MEAN ENERGY(1) =  7.831E-03  MEAN ENERGY(1) =  3.260E+01

                       MEAN        VARIANCE      SKEWNESS      KURTOSIS        SIGMA       ERROR 1.M     ERROR 2.M     ERROR 3.M 
    ENERGY(1)       3.2602E+01    2.4911E+03    4.0250E+00    2.7368E+01    4.9911E+01    1.9765E-01    5.0657E+01    7.8128E-02
 LOGENERGY(1)       1.1797E+00    3.0944E-01   -9.6943E-02    2.8855E+00    5.5628E-01    2.2032E-03    1.6829E-03    8.8890E-03

                     1.MOMENT      2.MOMENT      3.MOMENT      4.MOMENT      5.MOMENT      6.MOMENT 
    ENERGY(1)       3.2602E+01    3.5540E+03    7.7875E+05    2.5212E+08    1.0335E+11    4.9341E+13
 LOGENERGY(1)       1.1797E+00    1.7011E+00    2.7203E+00    4.7183E+00    8.6962E+00    1.6836E+01



     POLAR ANGULAR DISTRIBUTION OF ALL BACKWARD SPUTTERED PARTICLES


       0.00  0.00  0.00  0.00  0.00  0.00  0.00  0.00  0.00  0.00  0.00  0.00  0.00  0.00  0.00  0.00  0.00  0.00  0.00  0.00

        127   340   616   903  1157  1531  1914  2322  2660  3085  3440  3947  4323  4538  4707  5174  5411  5564  5828  6181
      0.040 0.107 0.193 0.283 0.363 0.480 0.600 0.728 0.834 0.968 1.079 1.238 1.356 1.423 1.476 1.623 1.697 1.745 1.828 1.939
1 LOG ENERGY - COS OF EMISSION ANGLE (0.05 STEPS)   (BACKWARD SPUTTERED PARTICLES) ; 1. LAYER ; SPECIES 1


   0.0000E+00    1    2    3    4    5    6    7    8    9   10   11   12   13   14   15   16   17   18   19   20     0  0.0000E+00
   0.1000E+00    0    0    2    0    0    0    1    2    1    2    1    0    0    1    4    0    1    2    1    1    19  0.1900E-02
   0.1212E+00    0    0    0    0    0    0    0    0    0    0    0    0    0    0    0    0    0    0    0    0     0  0.0000E+00
   0.1468E+00    0    0    0    0    0    0    0    0    0    0    0    0    0    0    0    0    0    0    0    0     0  0.0000E+00
   0.1778E+00    0    0    0    0    0    0    0    0    0    0    0    0    0    0    0    0    0    0    0    0     0  0.0000E+00
   0.2154E+00    0    0    0    0    0    0    0    0    0    0    0    0    0    0    0    0    0    0    0    0     0  0.0000E+00
   0.2610E+00    0    0    0    0    0    0    0    0    0    0    0    0    0    0    0    0    0    0    0    0     0  0.0000E+00
   0.3162E+00    0    0    0    0    0    0    0    0    0    0    0    0    0    0    0    0    0    0    0    0     0  0.0000E+00
   0.3831E+00    0    0    0    0    0    0    0    0    0    0    0    0    0    0    0    0    0    0    0    0     0  0.0000E+00
   0.4642E+00    0    0    0    0    0    0    0    0    0    0    0    0    0    0    0    0    0    0    0    0     0  0.0000E+00
   0.5623E+00    0    0    0    0    0    0    0    0    0    0    0    0    0    0    0    0    0    0    0    0     0  0.0000E+00
   0.6813E+00    0    0    0    0    0    0    0    0    0    0    0    0    0    0    0    0    0    0    0    0     0  0.0000E+00
   0.8254E+00    0    0    0    0    0    0    0    0    0    0    0    0    0    0    0    0    0    0    0    0     0  0.0000E+00
   0.1000E+01    0    0    0    0    0    0    0    0    0    0    0    0    0    0    0    0    0    0    0    0     0  0.0000E+00
   0.1212E+01    0    0    0    0    0    0    0    0    0    0    0    0    0    0    0    0    0    0    0    0     0  0.0000E+00
   0.1468E+01    0    0    0    0    0    0    0    0    0    0    0    0    0    0    0    0    0    0    0    0     0  0.0000E+00
   0.1778E+01    0    0    0    0    0    0    0    0    0    0    0    0    0    0    0    0    0    0    0    0     0  0.0000E+00
   0.2154E+01    0    0    0    0    0    0    0    0    0    0    0    0    0    0    0    0    0    0    0    0     0  0.0000E+00
   0.2610E+01    0    0    0    0    0    0    0    0    0    0    0    0    0    0    0    0    0    0    0    0     0  0.0000E+00
   0.3162E+01    0    0    0    0    0    0    0    0    0    0    0    0    0    0    0    0    0    0    0    0     0  0.0000E+00
   0.3831E+01    0    0    0    0    0    0    0    0    0    0    0    0    0    0    0    0    0    0    0    0     0  0.0000E+00
   0.4642E+01    0    0    0    0    0    0    0    0    0    0    0    0    0    0    0    0    0    0    0    0     0  0.0000E+00
   0.5623E+01    0    0    0    0    0    0    0    0    0    0    0    0    0    0    0    0    0    0    0    0     0  0.0000E+00
   0.6813E+01    0    0    0    0    0    0    0    0    0    0    0    0    0    0    0    0    0    0    0    0     0  0.0000E+00
   0.8254E+01    0    0    0    0    0    0    0    0    0    0    0    0    0    0    0    0    0    0    0    0     0  0.0000E+00
   0.1000E+02    0    0    0    0    0    0    0    0    0    0    0    0    0    0    0    0    0    0    0    0     0  0.0000E+00
   0.1212E+02    0    0    0    0    0    0    0    0    0    0    0    0    0    0    0    0    0    0    0    0     0  0.0000E+00
   0.1468E+02    0    0    0    0    0    0    0    0    0    0    0    0    0    0    0    0    0    0    0    0     0  0.0000E+00
   0.1778E+02    0    0    0    0    0    0    0    0    0    0    0    0    0    0    0    0    0    0    0    0     0  0.0000E+00
   0.2154E+02    0    0    0    0    0    0    0    0    0    0    0    0    0    0    0    0    0    0    0    0     0  0.0000E+00
   0.2610E+02    0    0    0    0    0    0    0    0    0    0    0    0    0    0    0    0    0    0    0    0     0  0.0000E+00
   0.3162E+02    0    0    0    0    0    0    0    0    0    0    0    0    0    0    0    0    0    0    0    0     0  0.0000E+00
   0.3831E+02    0    0    0    0    0    0    0    0    0    0    0    0    0    0    0    0    0    0    0    0     0  0.0000E+00
   0.4642E+02    0    0    0    0    0    0    0    0    0    0    0    0    0    0    0    0    0    0    0    0     0  0.0000E+00
   0.5623E+02    0    0    0    0    0    0    0    0    0    0    0    0    0    0    0    0    0    0    0    0     0  0.0000E+00
   0.6813E+02    0    0    0    0    0    0    0    0    0    0    0    0    0    0    0    0    0    0    0    0     0  0.0000E+00
   0.8254E+02    0    0    0    0    0    0    0    0    0    0    0    0    0    0    0    0    0    0    0    0     0  0.0000E+00
   0.1000E+03    0    0    0    0    0    0    0    0    0    0    0    0    0    0    0    0    0    0    0    0     0  0.0000E+00
   0.1212E+03    0    0    0    0    0    0    0    0    0    0    0    0    0    0    0    0    0    0    0    0     0  0.0000E+00
   0.1468E+03    0    0    0    0    0    0    0    0    0    0    0    0    0    0    0    0    0    0    0    0     0  0.0000E+00
   0.1778E+03    0    0    0    0    0    0    0    0    0    0    0    0    0    0    0    0    0    0    0    0     0  0.0000E+00
   0.2154E+03    0    0    0    0    0    0    0    0    0    0    0    0    0    0    0    0    0    0    0    0     0  0.0000E+00
   0.2610E+03    0    0    0    0    0    0    0    0    0    0    0    0    0    0    0    0    0    0    0    0     0  0.0000E+00
   0.3162E+03    0    0    0    0    0    0    0    0    0    0    0    0    0    0    0    0    0    0    0    0     0  0.0000E+00
   0.3831E+03    0    0    0    0    0    0    0    0    0    0    0    0    0    0    0    0    0    0    0    0     0  0.0000E+00
   0.4642E+03    0    0    0    0    0    0    0    0    0    0    0    0    0    0    0    0    0    0    0    0     0  0.0000E+00
   0.5623E+03    0    0    0    0    0    0    0    0    0    0    0    0    0    0    0    0    0    0    0    0     0  0.0000E+00
   0.6813E+03    0    0    0    0    0    0    0    0    0    0    0    0    0    0    0    0    0    0    0    0     0  0.0000E+00
   0.8254E+03    0    0    0    0    0    0    0    0    0    0    0    0    0    0    0    0    0    0    0    0     0  0.0000E+00
   0.1000E+04    0    0    0    0    0    0    0    0    0    0    0    0    0    0    0    0    0    0    0    0     0  0.0000E+00
   0.1212E+04    0    0    0    0    0    0    0    0    0    0    0    0    0    0    0    0    0    0    0    0     0  0.0000E+00
   0.1468E+04    0    0    0    0    0    0    0    0    0    0    0    0    0    0    0    0    0    0    0    0     0  0.0000E+00
   0.1778E+04    0    0    0    0    0    0    0    0    0    0    0    0    0    0    0    0    0    0    0    0     0  0.0000E+00
   0.2154E+04    0    0    0    0    0    0    0    0    0    0    0    0    0    0    0    0    0    0    0    0     0  0.0000E+00
   0.2610E+04    0    0    0    0    0    0    0    0    0    0    0    0    0    0    0    0    0    0    0    0     0  0.0000E+00
   0.3162E+04    0    0    0    0    0    0    0    0    0    0    0    0    0    0    0    0    0    0    0    0     0  0.0000E+00
   0.3831E+04    0    0    0    0    0    0    0    0    0    0    0    0    0    0    0    0    0    0    0    0     0  0.0000E+00
   0.4642E+04    0    0    0    0    0    0    0    0    0    0    0    0    0    0    0    0    0    0    0    0     0  0.0000E+00
   0.5623E+04    0    0    0    0    0    0    0    0    0    0    0    0    0    0    0    0    0    0    0    0     0  0.0000E+00
   0.6813E+04    0    0    0    0    0    0    0    0    0    0    0    0    0    0    0    0    0    0    0    0     0  0.0000E+00
   0.8254E+04    0    0    0    0    0    0    0    0    0    0    0    0    0    0    0    0    0    0    0    0     0  0.0000E+00
   0.1000E+05    0    0    0    0    0    0    0    0    0    0    0    0    0    0    0    0    0    0    0    0     0  0.0000E+00
   0.1212E+05    0    0    0    0    0    0    0    0    0    0    0    0    0    0    0    0    0    0    0    0     0  0.0000E+00
   0.1468E+05    0    0    0    0    0    0    0    0    0    0    0    0    0    0    0    0    0    0    0    0     0  0.0000E+00
   0.1778E+05    0    0    0    0    0    0    0    0    0    0    0    0    0    0    0    0    0    0    0    0     0  0.0000E+00
   0.2154E+05    0    0    0    0    0    0    0    0    0    0    0    0    0    0    0    0    0    0    0    0     0  0.0000E+00
   0.2610E+05    0    0    0    0    0    0    0    0    0    0    0    0    0    0    0    0    0    0    0    0     0  0.0000E+00
   0.3162E+05    0    0    0    0    0    0    0    0    0    0    0    0    0    0    0    0    0    0    0    0     0  0.0000E+00
   0.3831E+05    0    0    0    0    0    0    0    0    0    0    0    0    0    0    0    0    0    0    0    0     0  0.0000E+00
   0.4642E+05    0    0    0    0    0    0    0    0    0    0    0    0    0    0    0    0    0    0    0    0     0  0.0000E+00
   0.5623E+05    0    0    0    0    0    0    0    0    0    0    0    0    0    0    0    0    0    0    0    0     0  0.0000E+00
   0.6813E+05    0    0    0    0    0    0    0    0    0    0    0    0    0    0    0    0    0    0    0    0     0  0.0000E+00
   0.8254E+05    0    0    0    0    0    0    0    0    0    0    0    0    0    0    0    0    0    0    0    0     0  0.0000E+00
   0.1000E+06    0    0    0    0    0    0    0    0    0    0    0    0    0    0    0    0    0    0    0    0     0  0.0000E+00
   0.0000E+00  254  680 1230 1806 2314 3062 3827 4642 5319 6168 6879 7894 8646 9075 94101034810821111261165512361127517  0.0000E+00
1ENERGY(E/E0 IN %) - POLAR ANGLE IN COS-INTERVALS (0.05)  (BACKWARD SPUTTERED PARTICLES) , 1.LAYER , SPECIES 1

     0    1    2    3    4    5    6    7    8    9   10   11   12   13   14   15   16   17   18   19   20      0
     1  103  295  517  736  920 1199 1421 1741 1959 2228 2558 2912 3209 3394 3600 4034 4319 4491 4819 5195  49650
     2   20   26   61  117  126  167  238  301  370  433  462  527  607  637  648  665  664  685  623  654   8031
     3    3    9   22   26   55   67  114  120  145  193  185  224  218  230  208  254  247  212  228  192   2952
     4    0    4   10   12   26   43   54   54   64   92   93  126  134  120  109  102   92   79   88   76   1378
     5    0    5    3    4    9   15   40   37   47   53   58   59   51   64   56   59   36   42   30   28    696
     6    0    0    1    4    8   16   15   24   25   34   34   36   31   44   33   25   27   23   19   13    412
     7    0    1    0    1    3   10    8   17   12   16   18   26   22   31   19   10    7   13    9   10    233
     8    0    0    1    0    3    5    9    4   16   15   12   15   16    8   16    8   10   10    4    8    160
     9    1    0    0    2    3    0    5    6    7    8    7   10   21    4    7    6    4    3    5    3    102
    10    0    0    0    1    1    7    3    6    5    7    7    6    3    5    3    3    2    2    2    0     63
    11    0    0    0    0    0    0    3    3    5    1    2    3    3    0    3    4    2    2    0    1     32
    12    0    0    0    0    1    0    1    5    3    0    1    3    2    1    1    1    1    1    1    0     22
    13    0    0    1    0    1    1    0    0    0    1    0    0    2    0    1    1    0    0    0    0      8
    14    0    0    0    0    0    1    1    2    1    1    1    0    3    0    1    0    0    0    0    0     11
    15    0    0    0    0    1    0    0    0    0    3    2    0    0    0    1    1    0    0    0    0      8
    16    0    0    0    0    0    0    2    1    0    0    0    0    0    0    0    0    0    1    0    0      4
    17    0    0    0    0    0    0    0    0    0    0    0    0    1    0    1    1    0    0    0    1      4
    18    0    0    0    0    0    0    0    1    1    0    0    0    0    0    0    0    0    0    0    0      2
    19    0    0    0    0    0    0    0    0    0    0    0    0    0    0    0    0    0    0    0    0      0
    20    0    0    0    0    0    0    0    0    0    0    0    0    0    0    0    0    0    0    0    0      0
    21    0    0    0    0    0    0    0    0    0    0    0    0    0    0    0    0    0    0    0    0      0
    22    0    0    0    0    0    0    0    0    0    0    0    0    0    0    0    0    0    0    0    0      0
    23    0    0    0    0    0    0    0    0    0    0    0    0    0    0    0    0    0    0    0    0      0
    24    0    0    0    0    0    0    0    0    0    0    0    0    0    0    0    0    0    0    0    0      0
    25    0    0    0    0    0    0    0    0    0    0    0    0    0    0    0    0    0    0    0    0      0
    26    0    0    0    0    0    0    0    0    0    0    0    0    0    0    0    0    0    0    0    0      0
    27    0    0    0    0    0    0    0    0    0    0    0    0    0    0    0    0    0    0    0    0      0
    28    0    0    0    0    0    0    0    0    0    0    0    0    0    0    0    0    0    0    0    0      0
    29    0    0    0    0    0    0    0    0    0    0    0    0    0    0    0    0    0    0    0    0      0
    30    0    0    0    0    0    0    0    0    0    0    0    0    0    0    0    0    0    0    0    0      0
    31    0    0    0    0    0    0    0    0    0    0    0    0    0    0    0    0    0    0    0    0      0
    32    0    0    0    0    0    0    0    0    0    0    0    0    0    0    0    0    0    0    0    0      0
    33    0    0    0    0    0    0    0    0    0    0    0    0    0    0    0    0    0    0    0    0      0
    34    0    0    0    0    0    0    0    0    0    0    0    0    0    0    0    0    0    0    0    0      0
    35    0    0    0    0    0    0    0    0    0    0    0    0    0    0    0    0    0    0    0    0      0
    36    0    0    0    0    0    0    0    0    0    0    0    0    0    0    0    0    0    0    0    0      0
    37    0    0    0    0    0    0    0    0    0    0    0    0    0    0    0    0    0    0    0    0      0
    38    0    0    0    0    0    0    0    0    0    0    0    0    0    0    0    0    0    0    0    0      0
    39    0    0    0    0    0    0    0    0    0    0    0    0    0    0    0    0    0    0    0    0      0
    40    0    0    0    0    0    0    0    0    0    0    0    0    0    0    0    0    0    0    0    0      0
    41    0    0    0    0    0    0    0    0    0    0    0    0    0    0    0    0    0    0    0    0      0
    42    0    0    0    0    0    0    0    0    0    0    0    0    0    0    0    0    0    0    0    0      0
    43    0    0    0    0    0    0    0    0    0    0    0    0    0    0    0    0    0    0    0    0      0
    44    0    0    0    0    0    0    0    0    0    0    0    0    0    0    0    0    0    0    0    0      0
    45    0    0    0    0    0    0    0    0    0    0    0    0    0    0    0    0    0    0    0    0      0
    46    0    0    0    0    0    0    0    0    0    0    0    0    0    0    0    0    0    0    0    0      0
    47    0    0    0    0    0    0    0    0    0    0    0    0    0    0    0    0    0    0    0    0      0
    48    0    0    0    0    0    0    0    0    0    0    0    0    0    0    0    0    0    0    0    0      0
    49    0    0    0    0    0    0    0    0    0    0    0    0    0    0    0    0    0    0    0    0      0
    50    0    0    0    0    0    0    0    0    0    0    0    0    0    0    0    0    0    0    0    0      0
    51    0    0    0    0    0    0    0    0    0    0    0    0    0    0    0    0    0    0    0    0      0
    52    0    0    0    0    0    0    0    0    0    0    0    0    0    0    0    0    0    0    0    0      0
    53    0    0    0    0    0    0    0    0    0    0    0    0    0    0    0    0    0    0    0    0      0
    54    0    0    0    0    0    0    0    0    0    0    0    0    0    0    0    0    0    0    0    0      0
    55    0    0    0    0    0    0    0    0    0    0    0    0    0    0    0    0    0    0    0    0      0
    56    0    0    0    0    0    0    0    0    0    0    0    0    0    0    0    0    0    0    0    0      0
    57    0    0    0    0    0    0    0    0    0    0    0    0    0    0    0    0    0    0    0    0      0
    58    0    0    0    0    0    0    0    0    0    0    0    0    0    0    0    0    0    0    0    0      0
    59    0    0    0    0    0    0    0    0    0    0    0    0    0    0    0    0    0    0    0    0      0
    60    0    0    0    0    0    0    0    0    0    0    0    0    0    0    0    0    0    0    0    0      0
    61    0    0    0    0    0    0    0    0    0    0    0    0    0    0    0    0    0    0    0    0      0
    62    0    0    0    0    0    0    0    0    0    0    0    0    0    0    0    0    0    0    0    0      0
    63    0    0    0    0    0    0    0    0    0    0    0    0    0    0    0    0    0    0    0    0      0
    64    0    0    0    0    0    0    0    0    0    0    0    0    0    0    0    0    0    0    0    0      0
    65    0    0    0    0    0    0    0    0    0    0    0    0    0    0    0    0    0    0    0    0      0
    66    0    0    0    0    0    0    0    0    0    0    0    0    0    0    0    0    0    0    0    0      0
    67    0    0    0    0    0    0    0    0    0    0    0    0    0    0    0    0    0    0    0    0      0
    68    0    0    0    0    0    0    0    0    0    0    0    0    0    0    0    0    0    0    0    0      0
    69    0    0    0    0    0    0    0    0    0    0    0    0    0    0    0    0    0    0    0    0      0
    70    0    0    0    0    0    0    0    0    0    0    0    0    0    0    0    0    0    0    0    0      0
    71    0    0    0    0    0    0    0    0    0    0    0    0    0    0    0    0    0    0    0    0      0
    72    0    0    0    0    0    0    0    0    0    0    0    0    0    0    0    0    0    0    0    0      0
    73    0    0    0    0    0    0    0    0    0    0    0    0    0    0    0    0    0    0    0    0      0
    74    0    0    0    0    0    0    0    0    0    0    0    0    0    0    0    0    0    0    0    0      0
    75    0    0    0    0    0    0    0    0    0    0    0    0    0    0    0    0    0    0    0    0      0
    76    0    0    0    0    0    0    0    0    0    0    0    0    0    0    0    0    0    0    0    0      0
    77    0    0    0    0    0    0    0    0    0    0    0    0    0    0    0    0    0    0    0    0      0
    78    0    0    0    0    0    0    0    0    0    0    0    0    0    0    0    0    0    0    0    0      0
    79    0    0    0    0    0    0    0    0    0    0    0    0    0    0    0    0    0    0    0    0      0
    80    0    0    0    0    0    0    0    0    0    0    0    0    0    0    0    0    0    0    0    0      0
    81    0    0    0    0    0    0    0    0    0    0    0    0    0    0    0    0    0    0    0    0      0
    82    0    0    0    0    0    0    0    0    0    0    0    0    0    0    0    0    0    0    0    0      0
    83    0    0    0    0    0    0    0    0    0    0    0    0    0    0    0    0    0    0    0    0      0
    84    0    0    0    0    0    0    0    0    0    0    0    0    0    0    0    0    0    0    0    0      0
    85    0    0    0    0    0    0    0    0    0    0    0    0    0    0    0    0    0    0    0    0      0
    86    0    0    0    0    0    0    0    0    0    0    0    0    0    0    0    0    0    0    0    0      0
    87    0    0    0    0    0    0    0    0    0    0    0    0    0    0    0    0    0    0    0    0      0
    88    0    0    0    0    0    0    0    0    0    0    0    0    0    0    0    0    0    0    0    0      0
    89    0    0    0    0    0    0    0    0    0    0    0    0    0    0    0    0    0    0    0    0      0
    90    0    0    0    0    0    0    0    0    0    0    0    0    0    0    0    0    0    0    0    0      0
    91    0    0    0    0    0    0    0    0    0    0    0    0    0    0    0    0    0    0    0    0      0
    92    0    0    0    0    0    0    0    0    0    0    0    0    0    0    0    0    0    0    0    0      0
    93    0    0    0    0    0    0    0    0    0    0    0    0    0    0    0    0    0    0    0    0      0
    94    0    0    0    0    0    0    0    0    0    0    0    0    0    0    0    0    0    0    0    0      0
    95    0    0    0    0    0    0    0    0    0    0    0    0    0    0    0    0    0    0    0    0      0
    96    0    0    0    0    0    0    0    0    0    0    0    0    0    0    0    0    0    0    0    0      0
    97    0    0    0    0    0    0    0    0    0    0    0    0    0    0    0    0    0    0    0    0      0
    98    0    0    0    0    0    0    0    0    0    0    0    0    0    0    0    0    0    0    0    0      0
    99    0    0    0    0    0    0    0    0    0    0    0    0    0    0    0    0    0    0    0    0      0
   100    0    0    0    0    0    0    0    0    0    0    0    0    0    0    0    0    0    0    0    0      0
     0  127  340  616  903 1157 1531 1914 2322 2660 3085 3440 3947 4323 4538 4707 5174 5411 5564 5828 6181  63768
1AZIMUTHAL ANGLE - POLAR ANGLE IN COS-INTERVALS (0.05) (BACKWARD SPUTTERED PARTICLES) , 1.LAYER , SPECIES 1

     0    1    2    3    4    5    6    7    8    9   10   11   12   13   14   15   16   17   18   19   20      0
     3    3    5   10   20   16   24   32   38   52   61   74   60   78   84   78   85   94   88   97  104   1103
     6    1    6    6   14   13   31   28   40   40   43   55   65   75   63   83   92   94  102   99   88   1038
     9    2    6    9   15   20   36   27   35   36   49   52   65   82   78   91   76   95   89  108   89   1060
    12    6    8   10   15   19   18   28   50   42   55   55   74   78   82   71   76  100   98  100   99   1084
    15    3    5   13   13   17   37   30   39   44   44   61   50   63   81   91   86   93  101   83  111   1065
    18    2    7    9   16   16   28   29   31   52   59   65   75   76   67   89   84   99  111  111  109   1135
    21    2    4    7   17   20   30   27   36   49   39   55   66   71   67   73  101   75   76   97   81    993
    24    2    4    9   17   22   20   31   40   38   48   49   59   98   72   69   82  106   81  102   92   1041
    27    1    6   13   15   14   37   42   43   51   51   55   51   80   75   76  101   96   85   98   88   1078
    30    5    7   12    9   17   30   27   31   36   44   63   54   71   71   89   93   88   90   85   95   1017
    33    1    6   13   11   22   29   32   40   47   40   67   57   74   84   60   83   88   89   95  119   1057
    36    2    6   10   11   13   27   37   35   36   53   54   74   77   85   89   86   85  105  114  106   1105
    39    3    6   11   13   21   30   24   42   45   48   69   71   74   83   61   78   92   92  105  105   1073
    42    2    7    8   13   29   23   38   41   48   52   59   74   56   83   75   94   88   85  103  104   1082
    45    5    4    8   11   16   22   32   46   48   54   57   61   80   81   87   99   98   81   75  113   1078
    48    0    2    8   13   23   22   36   47   52   53   60   73   65   77   70   82   90   87   91  101   1052
    51    1    7    8   13   26   35   35   44   53   47   57   82   71   74   67   91   94  107  101  118   1131
    54    1    7    9   18   19   26   37   37   49   54   53   71   66   86   86   77   94   92  108  102   1092
    57    2   12    8   19   18   30   34   39   46   40   58   73   64   71   94   76   78   90  101  100   1053
    60    0    3    8   18   25   22   33   41   43   49   62   81   82   74   62  101   90  109   98  100   1101
    63    1    3   10   15   16   17   31   35   49   55   63   72   66   84   82   91   92   73   91   95   1041
    66    0    3    8   11   22   31   46   36   36   38   51   70   68   67   75   92   71   63  103  109   1000
    69    1    7   12   14   25   28   38   44   47   61   59   60   66   83   66   92   89  104   86   94   1076
    72    4    5   10   16   22   22   34   35   38   55   62   55   63   68   78   83   71   91   93  111   1016
    75    3    6   15   17   22   24   34   36   55   57   69   77   63   70   61   77   88   97  105  103   1079
    78    2    4   17   16   18   23   29   27   39   51   52   75   69   64   93   73   78   97  103  110   1040
    81    4    6   11   11   19   24   32   47   50   57   63   77   57   71   59   91   92   89   91  125   1076
    84    1    3   13   13   23   30   36   37   48   54   45   53   77   87   83   70  100   99  113  109   1094
    87    2    3    9   19   19   13   30   40   43   49   54   69   68   74   77   83   97  105   87  104   1045
    90    2    5    7   27   23   34   32   28   49   49   54   65   85   86   88   93   91   93   90  111   1112
    93    1    6   14   12   17   18   30   32   38   49   57   84   72   67   66   91   82   96  117  102   1051
    96    4    5   13   17   20   24   33   33   43   63   72   72   74   92   76   78  102   96   81   98   1096
    99    2    3    5   13   12   33   31   36   51   49   56   50   71   72   81   88   80   75  105  109   1022
   102    2    5   10   12   16   23   28   43   37   52   53   61   96   73   73   89   84   97   80  100   1034
   105    3   10    6   11   24   25   16   38   51   48   58   69   72   89   89   87   95  100   93  111   1095
   108    3    4    9   12   16   28   28   35   35   57   53   76   70   79   79   96  101   93   91  117   1082
   111    1    7    8   16   21   17   25   53   46   28   55   59   73   81   91   98   81   71   98   98   1027
   114    1    5   10   16   18   24   32   41   48   44   66   51   43   69   75   83   78  114  114  105   1037
   117    0    5   19   16   20   30   35   36   41   60   51   73   61   74   82   87   91   86  111  125   1103
   120    2    7    8   15   18   27   25   30   37   49   54   55   65   81   80   84   89   90  112   86   1014
   123    3    5    7   13   25   25   30   46   32   54   58   67   68   96   76   91  102   91   96   85   1070
   126    1    5   12   15   25   21   40   50   41   54   54   65   61   69   78   77   86   98   91  116   1059
   129    1    5    7   12   23   23   32   41   42   39   50   67   71   65   81   68   88  122   91   98   1026
   132    2    5    6   15   13   30   25   32   47   54   47   66   63   85   81   87   95   91  113   98   1055
   135    2    6    7   10   14   27   28   46   42   60   70   78   77   93   82   89   87  107  110   79   1114
   138    0    5   11   20   20   24   35   38   47   46   44   62   87   65   80   94   72  111   87   95   1043
   141    1    5    9   19   23   22   35   43   35   59   57   74   67   69   74   79   87  100  104   92   1054
   144    5    8   11   17   16   24   39   30   33   44   65   50   72   61   91   80   92   98  101  106   1043
   147    1    2    9   23   24   20   34   37   41   54   65   57   82   78   58   65  104   97   91  105   1047
   150    1    5   10   21   19   26   34   28   56   62   53   70   80   98   73   81   89   87   76  104   1073
   153    1    7   18   17   20   28   35   40   43   45   54   58   81   79   73   76   91   91   89  104   1050
   156    3    5   18   16   17   21   33   39   46   61   53   58   73   70   78   71   94  110   84   97   1047
   159    1   10   17   16   20   30   42   33   38   56   61   76   69   69   73   81   81   81   96  106   1056
   162    8    9   12    5   20   19   23   54   42   48   50   55   81   71   86   92   92   92  101   99   1059
   165    3    8    9   17   20   28   30   32   50   56   51   66   84   57   84  102   93   79  100  112   1081
   168    3    4    6   11   15   19   25   41   45   56   54   57   68   64   87  100   94   75   90  109   1023
   171    1    8   11   19   17   21   37   38   52   50   55   65   74   76   90   82   93   77  111  109   1086
   174    3    8   10   13   17   27   27   42   39   65   58   66   76   74   83   97  100   81   77   98   1061
   177    1    1    9   14   14   24   37   39   49   59   56   61   73   59   88  100  104  110   92  110   1100
   180    3    9   14   20   18   20   29   36   52   55   58   70   56   71   76   93   78   79   93  113   1043
     0  127  340  616  903 1157 1531 1914 2322 2660 3085 3440 3947 4323 4538 4707 5174 5411 5564 5828 6181  63768
