1
      *** PROGRAM TRVMC95 ***


                              * INPUT DATA *


       Z1        M1          E0       ALPHA       EF        ESB      SHEATH     ERC
     18.00     39.95      1410.00      0.00      0.10      0.00   4230.00      4.70

       NH        RI           X0        RD        CW        CA       KK0   KK0R   KDEE1  KDEE2  IPOT   IPOTR   IRL
     99999 716381.00         0.00    100.00      2.00      1.00       2      2      3      3      1      1      3


             DX      RHO    CK  Z(,1) Z(,2) Z(,3) Z(,4) Z(,5)  M(,1)  M(,2)  M(,3)  M(,4)  M(,5) C(,1) C(,2) C(,3) C(,4) C(,5)

 1.LAYER 10000.00   2.25   1.00    6.    0.    0.    0.    0.  12.01   0.00   0.00   0.00   0.00 1.000 0.000 0.000 0.000 0.000


                           ***  SBE(LAYER,ELEMENT)  ***     ***     ED(LAYER,ELEMENT)     ***     ***   BE(LAYER,ELEMENT)  ***

 1.LAYER                   7.41  0.00  0.00  0.00  0.00     30.00   0.00   0.00   0.00   0.00     0.10  0.00  0.00  0.00  0.00


       INTERACTION POTENTIAL : PROJECTILE-TARGET : KR-C POTENTIAL     TARGET-TARGET : KR-C POTENTIAL    


       INELASTIC LOSS MODEL  : PROJECTILE-TARGET : 50% LS 50% OR      TARGET-TARGET : 50% LS 50% OR     
1

                              * OUTPUT DATA *


                 HLM       HLMT        SU       SUT        XC        RT       SFE      INEL         L        LJ
               0.0000 10000.000    3.5029 10003.503   -3.5029  9900.000      7.41         0         1         1


                NPROJ       KIB       KIT      MAXA      NALL       NPA       NSA       KIS      KIST
                32218         0         0       287  26574568   1774630  14747925     85649         0


            EPS0(I)       Z2(I)       M2(I)     ARHO(I)       LM(I)     PMAX(I)     ASIG(I)       SB(I)       XX(I)        NJ(I)

 1.LAYER   0.2765E-01  0.6000E+01  0.1201E+02  0.1128E+00  0.2070E+01  0.1168E+01  0.2335E+00  0.7410E+01  0.1000E+05         1


             A1(1)   A1(2)   A1(3)   A1(4)   A1(5)   A1(6)   A1(7)   A1(8)   A1(9)  A1(10)  A1(11)  A1(12)  A1(13)  A1(14)  A1(15)

           0.13193


           KOR1(1) KOR1(2) KOR1(3) KOR1(4) KOR1(5) KOR1(6) KOR1(7) KOR1(8) KOR1(9) KOR1(A) KOR1(B) KOR1(C) KOR1(D) KOR1(E) KOR1(F)

           0.73577


            A(I,1)  A(I,2)  A(I,3)  A(I,4)  A(I,5)  A(I,6)  A(I,7)  A(I,8)  A(I,9) A(I,10) A(I,11) A(I,12) A(I,13) A(I,14) A(I,15)

           0.16242


           KOR(,1) KOR(,2) KOR(,3) KOR(,4) KOR(,5) KOR(,6) KOR(,7) KOR(,8) KOR(,9) KOR(,A) KOR(,B) KOR(,C) KOR(,D) KOR(,E) KOR(,F)

           0.46963
1

         IMPLANTED PARTICLES=  99999     ENERGY=0.1410E+09 EV
     BACKSCATTERED PARTICLES=      0     ENERGY=0.0000E+00 EV
       TRANSMITTED PARTICLES=      0     ENERGY=0.0000E+00 EV
     BACKSPUTTERED PARTICLES=  36052     ENERGY=0.6602E+06 EV
    TRANSM. SPUTT. PARTICLES=      0     ENERGY=0.0000E+00 EV


  PROJECTILES :   MEAN NUMBER OF ELASTIC COLLISIONS =     18.9   MEAN NUMBER OF EL.COLL.(E > EDISPL.) =    8.386
                                                                 MEAN NUMBER OF EL.COLL.(E > SB(1))   =   16.576

                       MEAN        VARIANCE      SKEWNESS      KURTOSIS        SIGMA       ERROR 1.M     ERROR 2.M     ERROR 3.M 
  PENETRATION       3.1699E+01    8.7018E+01    4.1115E-01    3.0172E+00    9.3284E+00    2.9499E-02    3.9083E-01    7.3962E-03
       SPREAD       1.0734E+01    3.4331E+01    7.5280E-01    3.5303E+00    5.8593E+00    1.8529E-02    1.7269E-01    8.7456E-03
   PATHLENGTH       3.7229E+01    9.8601E+01    3.4927E-01    2.9376E+00    9.9298E+00    3.1401E-02    4.3403E-01    7.1191E-03
 ELASTIC LOSS       1.3319E+03    6.4493E+02                                2.5395E+01    2.5396E-04
   INEL. LOSS       7.8141E+01    6.4493E+02                                2.5395E+01    2.5396E-04

                       MEAN        VARIANCE      SKEWNESS      KURTOSIS        SIGMA       ERROR 1.M     ERROR 2.M     ERROR 3.M 
   ELAST.LOSS       6.6728E+01    1.2647E+04    3.6158E+00    1.9119E+01    1.1246E+02    8.1776E-02    3.9146E+01    5.6548E-03
 WEAK EL.LOSS       3.6954E+00    6.6585E+00    9.4627E-01    3.3502E+00    2.5804E+00    1.8764E-03    7.4227E-03    1.3753E-03
 INELAST.LOSS       4.1318E+00    6.3932E+00    9.7132E-03    1.8128E+00    2.5285E+00    1.8386E-03    4.1912E-03    1.0948E-03
  SUBTHR.LOSS       1.3657E+01    5.6217E+01    2.6453E-01    2.2713E+00    7.4978E+00    7.3079E-03    6.1782E-02    1.3732E-03

                     1.MOMENT      2.MOMENT      3.MOMENT      4.MOMENT      5.MOMENT      6.MOMENT 
  PENETRATION       3.1699E+01    1.0919E+03    4.0463E+04    1.5996E+06    6.6970E+07    2.9516E+09



  RECOILES (PER PROJ.)   :   MEAN NUMBER OF ELASTIC COLLISIONS =    260.6   MEAN NUMBER OF EL.COLL.(E > EDISPL.) =     11.490
                                                                            MEAN NUMBER OF EL.COLL.(E > SB(1))   =     79.900

  RECOILES (PER KNOCKON) :   MEAN NUMBER OF ELASTIC COLLISIONS =    1.577   MEAN NUMBER OF EL.COLL.(E > EDISPL.) =      0.070
                                                                            MEAN NUMBER OF EL.COLL.(E > SB(1))   =      0.484

1


     DEPTH(A)  PARTICLES  NORM.DEPTH PATHLENGTH   INLOSS(EV)  TELOSS(EV)  ELLOSS(EV)  DAMAGE(EV)  PHONON(EV)  CASCAD(EV)     DPA

    -SU-    0.         0  0.0000E+00
     0.-    2.         0  0.0000E+00         0    7.2230E+05  1.0921E+07  1.0751E+07  1.0128E+07  6.2250E+05  8.5092E+06   48956
     2.-    4.         1  0.1000E-04         0    7.1703E+05  1.0681E+07  1.0494E+07  9.8625E+06  6.3127E+05  8.3027E+06   50395
     4.-    6.         2  0.2000E-04         0    6.8602E+05  1.0446E+07  1.0235E+07  9.5842E+06  6.5094E+05  8.0849E+06   51784
     6.-    8.        11  0.1100E-03         0    6.5186E+05  1.0203E+07  9.9645E+06  9.2954E+06  6.6916E+05  7.8574E+06   53569
     8.-   10.        86  0.8600E-03         0    6.1444E+05  9.7832E+06  9.5112E+06  8.8153E+06  6.9589E+05  7.4689E+06   54793
    10.-   12.       301  0.3010E-02        20    5.7698E+05  9.4654E+06  9.1568E+06  8.4255E+06  7.3124E+05  7.1537E+06   56005
    12.-   14.       808  0.8080E-02        80    5.3854E+05  9.0648E+06  8.7128E+06  7.9471E+06  7.6576E+05  6.7637E+06   56977
    14.-   16.      1610  0.1610E-01       284    4.9512E+05  8.5304E+06  8.1372E+06  7.3320E+06  8.0512E+05  6.2532E+06   56622
    16.-   18.      2818  0.2818E-01       696    4.5149E+05  7.9794E+06  7.5495E+06  6.7035E+06  8.4599E+05  5.7283E+06   55021
    18.-   20.      4005  0.4005E-01      1447    4.0590E+05  7.3651E+06  6.9084E+06  6.0436E+06  8.6481E+05  5.1745E+06   52947
    20.-   22.      5474  0.5474E-01      2329    3.6045E+05  6.6981E+06  6.2268E+06  5.3501E+06  8.7676E+05  4.5883E+06   49474
    22.-   24.      6648  0.6648E-01      3409    3.1275E+05  5.9375E+06  5.4669E+06  4.6161E+06  8.5077E+05  3.9663E+06   45339
    24.-   26.      7374  0.7374E-01      4706    2.6848E+05  5.2237E+06  4.7663E+06  3.9483E+06  8.1798E+05  3.3977E+06   40610
    26.-   28.      8232  0.8232E-01      5752    2.2533E+05  4.4394E+06  4.0073E+06  3.2374E+06  7.6989E+05  2.7901E+06   35031
    28.-   30.      8371  0.8371E-01      6781    1.8547E+05  3.7366E+06  3.3425E+06  2.6462E+06  6.9631E+05  2.2833E+06   29795
    30.-   32.      8398  0.8398E-01      7500    1.4936E+05  3.0573E+06  2.7084E+06  2.0908E+06  6.1763E+05  1.8060E+06   24454
    32.-   34.      7907  0.7907E-01      7938    1.1904E+05  2.4555E+06  2.1506E+06  1.6129E+06  5.3772E+05  1.3957E+06   19917
    34.-   36.      7269  0.7269E-01      8153    9.2285E+04  1.9498E+06  1.6942E+06  1.2447E+06  4.4952E+05  1.0776E+06   15696
    36.-   38.      6535  0.6535E-01      8006    6.9654E+04  1.4838E+06  1.2743E+06  9.0516E+05  3.6910E+05  7.8481E+05   11976
    38.-   40.      5550  0.5550E-01      7412    5.1978E+04  1.1132E+06  9.4633E+05  6.5221E+05  2.9411E+05  5.6604E+05    8885
    40.-   42.      4550  0.4550E-01      6656    3.7993E+04  8.2378E+05  6.9426E+05  4.6589E+05  2.2837E+05  4.0482E+05    6575
    42.-   44.      3728  0.3728E-01      5823    2.6985E+04  5.9022E+05  4.9212E+05  3.1838E+05  1.7375E+05  2.7684E+05    4593
    44.-   46.      2828  0.2828E-01      4904    1.8949E+04  4.2101E+05  3.4830E+05  2.1918E+05  1.2912E+05  1.9071E+05    3247
    46.-   48.      2281  0.2281E-01      4132    1.2956E+04  2.9521E+05  2.4269E+05  1.4862E+05  9.4069E+04  1.2937E+05    2228
    48.-   50.      1667  0.1667E-01      3434    8.5828E+03  1.9466E+05  1.5711E+05  9.0032E+04  6.7078E+04  7.8482E+04    1417
    50.-   52.      1230  0.1230E-01      2783    5.5748E+03  1.2779E+05  1.0278E+05  5.8440E+04  4.4337E+04  5.0990E+04     942
    52.-   54.       851  0.8510E-02      2158    3.3809E+03  7.8501E+04  6.2353E+04  3.3829E+04  2.8524E+04  2.9536E+04     561
    54.-   56.       532  0.5320E-02      1730    2.1353E+03  4.9682E+04  3.9213E+04  2.0303E+04  1.8910E+04  1.7720E+04     331
    56.-   58.       370  0.3700E-02      1257    1.2859E+03  3.0022E+04  2.3383E+04  1.1297E+04  1.2086E+04  9.8546E+03     181
    58.-   60.       238  0.2380E-02       863    7.4070E+02  1.7118E+04  1.3157E+04  6.1526E+03  7.0041E+03  5.3846E+03     112
    60.-   62.       126  0.1260E-02       623    4.3168E+02  9.8714E+03  7.4824E+03  3.1295E+03  4.3529E+03  2.7393E+03      58
    62.-   64.        90  0.9000E-03       441    2.2699E+02  5.1689E+03  3.8546E+03  1.3810E+03  2.4736E+03  1.2077E+03      25
    64.-   66.        44  0.4400E-03       250    1.5074E+02  3.4858E+03  2.6645E+03  1.0704E+03  1.5941E+03  9.3941E+02      21
    66.-   68.        26  0.2600E-03       162    6.8678E+01  1.6383E+03  1.2324E+03  4.4662E+02  7.8580E+02  3.9104E+02       8
    68.-   70.        21  0.2100E-03       124    4.2408E+01  8.9897E+02  6.5017E+02  1.0217E+02  5.4800E+02  9.0540E+01       3
    70.-   72.         8  0.8000E-04        62    2.0337E+01  5.2914E+02  3.9574E+02  1.7517E+02  2.2057E+02  1.5440E+02       4
    72.-   74.         6  0.6000E-04        32    6.7352E+00  1.6857E+02  1.1974E+02  0.0000E+00  1.1974E+02  0.0000E+00       0
    74.-   76.         1  0.1000E-04        24    3.5760E+00  8.3721E+01  5.5268E+01  0.0000E+00  5.5268E+01  0.0000E+00       0
    76.-   78.         1  0.1000E-04        19    2.4403E-01  5.8480E+00  3.5034E+00  0.0000E+00  3.5034E+00  0.0000E+00       0
    78.-   80.         1  0.1000E-04         4    1.2136E+00  2.7334E+01  1.4597E+01  0.0000E+00  1.4597E+01  0.0000E+00       0
    80.-   82.         0  0.0000E+00         2    1.6998E-01  2.9044E+00  1.3731E+00  0.0000E+00  1.3731E+00  0.0000E+00       0
    82.-   84.         0  0.0000E+00         2    0.0000E+00  0.0000E+00  0.0000E+00  0.0000E+00  0.0000E+00  0.0000E+00       0
    84.-   86.         0  0.0000E+00         1    0.0000E+00  0.0000E+00  0.0000E+00  0.0000E+00  0.0000E+00  0.0000E+00       0
    86.-   88.         0  0.0000E+00         0    0.0000E+00  0.0000E+00  0.0000E+00  0.0000E+00  0.0000E+00  0.0000E+00       0
    88.-   90.         0  0.0000E+00         0    0.0000E+00  0.0000E+00  0.0000E+00  0.0000E+00  0.0000E+00  0.0000E+00       0
    90.-   92.         0  0.0000E+00         0    0.0000E+00  0.0000E+00  0.0000E+00  0.0000E+00  0.0000E+00  0.0000E+00       0
    92.-   94.         0  0.0000E+00         0    0.0000E+00  0.0000E+00  0.0000E+00  0.0000E+00  0.0000E+00  0.0000E+00       0
    94.-   96.         0  0.0000E+00         0    0.0000E+00  0.0000E+00  0.0000E+00  0.0000E+00  0.0000E+00  0.0000E+00       0
    96.-   98.         0  0.0000E+00         0    0.0000E+00  0.0000E+00  0.0000E+00  0.0000E+00  0.0000E+00  0.0000E+00       0
    98.-  100.         0  0.0000E+00         0    0.0000E+00  0.0000E+00  0.0000E+00  0.0000E+00  0.0000E+00  0.0000E+00       0
   100.-  102.         0  0.0000E+00         0    0.0000E+00  0.0000E+00  0.0000E+00  0.0000E+00  0.0000E+00  0.0000E+00       0
   102.-  104.         0  0.0000E+00         0    0.0000E+00  0.0000E+00  0.0000E+00  0.0000E+00  0.0000E+00  0.0000E+00       0
   104.-  106.         0  0.0000E+00         0    0.0000E+00  0.0000E+00  0.0000E+00  0.0000E+00  0.0000E+00  0.0000E+00       0
   106.-  108.         0  0.0000E+00         0    0.0000E+00  0.0000E+00  0.0000E+00  0.0000E+00  0.0000E+00  0.0000E+00       0
   108.-  110.         0  0.0000E+00         0    0.0000E+00  0.0000E+00  0.0000E+00  0.0000E+00  0.0000E+00  0.0000E+00       0
   110.-  112.         0  0.0000E+00         0    0.0000E+00  0.0000E+00  0.0000E+00  0.0000E+00  0.0000E+00  0.0000E+00       0
   112.-  114.         0  0.0000E+00         0    0.0000E+00  0.0000E+00  0.0000E+00  0.0000E+00  0.0000E+00  0.0000E+00       0
   114.-  116.         0  0.0000E+00         0    0.0000E+00  0.0000E+00  0.0000E+00  0.0000E+00  0.0000E+00  0.0000E+00       0
   116.-  118.         0  0.0000E+00         0    0.0000E+00  0.0000E+00  0.0000E+00  0.0000E+00  0.0000E+00  0.0000E+00       0
   118.-  120.         0  0.0000E+00         0    0.0000E+00  0.0000E+00  0.0000E+00  0.0000E+00  0.0000E+00  0.0000E+00       0
   120.-  122.         0  0.0000E+00         0    0.0000E+00  0.0000E+00  0.0000E+00  0.0000E+00  0.0000E+00  0.0000E+00       0
   122.-  124.         0  0.0000E+00         0    0.0000E+00  0.0000E+00  0.0000E+00  0.0000E+00  0.0000E+00  0.0000E+00       0
   124.-  126.         0  0.0000E+00         0    0.0000E+00  0.0000E+00  0.0000E+00  0.0000E+00  0.0000E+00  0.0000E+00       0
   126.-  128.         0  0.0000E+00         0    0.0000E+00  0.0000E+00  0.0000E+00  0.0000E+00  0.0000E+00  0.0000E+00       0
   128.-  130.         0  0.0000E+00         0    0.0000E+00  0.0000E+00  0.0000E+00  0.0000E+00  0.0000E+00  0.0000E+00       0
   130.-  132.         0  0.0000E+00         0    0.0000E+00  0.0000E+00  0.0000E+00  0.0000E+00  0.0000E+00  0.0000E+00       0
   132.-  134.         0  0.0000E+00         0    0.0000E+00  0.0000E+00  0.0000E+00  0.0000E+00  0.0000E+00  0.0000E+00       0
   134.-  136.         0  0.0000E+00         0    0.0000E+00  0.0000E+00  0.0000E+00  0.0000E+00  0.0000E+00  0.0000E+00       0
   136.-  138.         0  0.0000E+00         0    0.0000E+00  0.0000E+00  0.0000E+00  0.0000E+00  0.0000E+00  0.0000E+00       0
   138.-  140.         0  0.0000E+00         0    0.0000E+00  0.0000E+00  0.0000E+00  0.0000E+00  0.0000E+00  0.0000E+00       0
   140.-  142.         0  0.0000E+00         0    0.0000E+00  0.0000E+00  0.0000E+00  0.0000E+00  0.0000E+00  0.0000E+00       0
   142.-  144.         0  0.0000E+00         0    0.0000E+00  0.0000E+00  0.0000E+00  0.0000E+00  0.0000E+00  0.0000E+00       0
   144.-  146.         0  0.0000E+00         0    0.0000E+00  0.0000E+00  0.0000E+00  0.0000E+00  0.0000E+00  0.0000E+00       0
   146.-  148.         0  0.0000E+00         0    0.0000E+00  0.0000E+00  0.0000E+00  0.0000E+00  0.0000E+00  0.0000E+00       0
   148.-  150.         0  0.0000E+00         0    0.0000E+00  0.0000E+00  0.0000E+00  0.0000E+00  0.0000E+00  0.0000E+00       0
   150.-  152.         0  0.0000E+00         0    0.0000E+00  0.0000E+00  0.0000E+00  0.0000E+00  0.0000E+00  0.0000E+00       0
   152.-  154.         0  0.0000E+00         0    0.0000E+00  0.0000E+00  0.0000E+00  0.0000E+00  0.0000E+00  0.0000E+00       0
   154.-  156.         0  0.0000E+00         0    0.0000E+00  0.0000E+00  0.0000E+00  0.0000E+00  0.0000E+00  0.0000E+00       0
   156.-  158.         0  0.0000E+00         0    0.0000E+00  0.0000E+00  0.0000E+00  0.0000E+00  0.0000E+00  0.0000E+00       0
   158.-  160.         0  0.0000E+00         0    0.0000E+00  0.0000E+00  0.0000E+00  0.0000E+00  0.0000E+00  0.0000E+00       0
   160.-  162.         0  0.0000E+00         0    0.0000E+00  0.0000E+00  0.0000E+00  0.0000E+00  0.0000E+00  0.0000E+00       0
   162.-  164.         0  0.0000E+00         0    0.0000E+00  0.0000E+00  0.0000E+00  0.0000E+00  0.0000E+00  0.0000E+00       0
   164.-  166.         0  0.0000E+00         0    0.0000E+00  0.0000E+00  0.0000E+00  0.0000E+00  0.0000E+00  0.0000E+00       0
   166.-  168.         0  0.0000E+00         0    0.0000E+00  0.0000E+00  0.0000E+00  0.0000E+00  0.0000E+00  0.0000E+00       0
   168.-  170.         0  0.0000E+00         0    0.0000E+00  0.0000E+00  0.0000E+00  0.0000E+00  0.0000E+00  0.0000E+00       0
   170.-  172.         0  0.0000E+00         0    0.0000E+00  0.0000E+00  0.0000E+00  0.0000E+00  0.0000E+00  0.0000E+00       0
   172.-  174.         0  0.0000E+00         0    0.0000E+00  0.0000E+00  0.0000E+00  0.0000E+00  0.0000E+00  0.0000E+00       0
   174.-  176.         0  0.0000E+00         0    0.0000E+00  0.0000E+00  0.0000E+00  0.0000E+00  0.0000E+00  0.0000E+00       0
   176.-  178.         0  0.0000E+00         0    0.0000E+00  0.0000E+00  0.0000E+00  0.0000E+00  0.0000E+00  0.0000E+00       0
   178.-  180.         0  0.0000E+00         0    0.0000E+00  0.0000E+00  0.0000E+00  0.0000E+00  0.0000E+00  0.0000E+00       0
   180.-  182.         0  0.0000E+00         0    0.0000E+00  0.0000E+00  0.0000E+00  0.0000E+00  0.0000E+00  0.0000E+00       0
   182.-  184.         0  0.0000E+00         0    0.0000E+00  0.0000E+00  0.0000E+00  0.0000E+00  0.0000E+00  0.0000E+00       0
   184.-  186.         0  0.0000E+00         0    0.0000E+00  0.0000E+00  0.0000E+00  0.0000E+00  0.0000E+00  0.0000E+00       0
   186.-  188.         0  0.0000E+00         0    0.0000E+00  0.0000E+00  0.0000E+00  0.0000E+00  0.0000E+00  0.0000E+00       0
   188.-  190.         0  0.0000E+00         0    0.0000E+00  0.0000E+00  0.0000E+00  0.0000E+00  0.0000E+00  0.0000E+00       0
   190.-  192.         0  0.0000E+00         0    0.0000E+00  0.0000E+00  0.0000E+00  0.0000E+00  0.0000E+00  0.0000E+00       0
   192.-  194.         0  0.0000E+00         0    0.0000E+00  0.0000E+00  0.0000E+00  0.0000E+00  0.0000E+00  0.0000E+00       0
   194.-  196.         0  0.0000E+00         0    0.0000E+00  0.0000E+00  0.0000E+00  0.0000E+00  0.0000E+00  0.0000E+00       0
   196.-  198.         0  0.0000E+00         0    0.0000E+00  0.0000E+00  0.0000E+00  0.0000E+00  0.0000E+00  0.0000E+00       0
   198.-  200.         0  0.0000E+00         0    0.0000E+00  0.0000E+00  0.0000E+00  0.0000E+00  0.0000E+00  0.0000E+00       0
   200.-   SUT         0  0.0000E+00

                   99999  1.0000E+00     99999    7.8140E+06  1.3318E+08  1.2620E+08  1.1182E+08  1.4376E+07  9.5152E+07  838552
1
     RECOILS



     DEPTH(A)     INLOSS(EV)   TELOSS(EV)   ELLOSS(EV)   DAMAGE(EV)   PHONON(EV)     DPA  DPA(1)  DPA(2)

     0.-    2.    2.5319E+05   4.7808E+06   3.7597E+06   7.2550E+05   3.0342E+06   13051   13051       0
     2.-    4.    4.6604E+05   8.0057E+06   6.5961E+06   2.0869E+06   4.5091E+06   31549   31549       0
     4.-    6.    6.5499E+05   1.0808E+07   8.9760E+06   3.0593E+06   5.9167E+06   44938   44938       0
     6.-    8.    8.1046E+05   1.3273E+07   1.1056E+07   3.8788E+06   7.1771E+06   55708   55708       0
     8.-   10.    9.2984E+05   1.5226E+07   1.2689E+07   4.4694E+06   8.2191E+06   64592   64592       0
    10.-   12.    1.0197E+06   1.6738E+07   1.3932E+07   4.8457E+06   9.0865E+06   70460   70460       0
    12.-   14.    1.0838E+06   1.7916E+07   1.4898E+07   5.1302E+06   9.7677E+06   74910   74910       0
    14.-   16.    1.1188E+06   1.8623E+07   1.5454E+07   5.2100E+06   1.0244E+07   76708   76708       0
    16.-   18.    1.1375E+06   1.9051E+07   1.5773E+07   5.2223E+06   1.0550E+07   78058   78058       0
    18.-   20.    1.1260E+06   1.9017E+07   1.5706E+07   5.0656E+06   1.0641E+07   76642   76642       0
    20.-   22.    1.0897E+06   1.8641E+07   1.5363E+07   4.8754E+06   1.0488E+07   74754   74754       0
    22.-   24.    1.0398E+06   1.7954E+07   1.4763E+07   4.5717E+06   1.0191E+07   70566   70566       0
    24.-   26.    9.6770E+05   1.6863E+07   1.3824E+07   4.1564E+06   9.6674E+06   65126   65126       0
    26.-   28.    8.8491E+05   1.5567E+07   1.2733E+07   3.7543E+06   8.9785E+06   59468   59468       0
    28.-   30.    7.9162E+05   1.4036E+07   1.1446E+07   3.2710E+06   8.1752E+06   52198   52198       0
    30.-   32.    6.9470E+05   1.2404E+07   1.0091E+07   2.8175E+06   7.2740E+06   45429   45429       0
    32.-   34.    6.0010E+05   1.0789E+07   8.7547E+06   2.3883E+06   6.3665E+06   38705   38705       0
    34.-   36.    5.0858E+05   9.1942E+06   7.4472E+06   1.9931E+06   5.4540E+06   32551   32551       0
    36.-   38.    4.2512E+05   7.7340E+06   6.2548E+06   1.6412E+06   4.6136E+06   27161   27161       0
    38.-   40.    3.4802E+05   6.3689E+06   5.1406E+06   1.3232E+06   3.8174E+06   21942   21942       0
    40.-   42.    2.8004E+05   5.1602E+06   4.1583E+06   1.0562E+06   3.1020E+06   17487   17487       0
    42.-   44.    2.2181E+05   4.0991E+06   3.2992E+06   8.2376E+05   2.4755E+06   13773   13773       0
    44.-   46.    1.7322E+05   3.2198E+06   2.5888E+06   6.4953E+05   1.9393E+06   10859   10859       0
    46.-   48.    1.3339E+05   2.4715E+06   1.9844E+06   4.8848E+05   1.4960E+06    8230    8230       0
    48.-   50.    1.0183E+05   1.8950E+06   1.5202E+06   3.6960E+05   1.1506E+06    6240    6240       0
    50.-   52.    7.6840E+04   1.4391E+06   1.1554E+06   2.8169E+05   8.7374E+05    4814    4814       0
    52.-   54.    5.7159E+04   1.0706E+06   8.5892E+05   2.0917E+05   6.4974E+05    3498    3498       0
    54.-   56.    4.2385E+04   7.9393E+05   6.3719E+05   1.5528E+05   4.8190E+05    2632    2632       0
    56.-   58.    3.1119E+04   5.8300E+05   4.6823E+05   1.1679E+05   3.5145E+05    1949    1949       0
    58.-   60.    2.2600E+04   4.2022E+05   3.3708E+05   8.1971E+04   2.5511E+05    1403    1403       0
    60.-   62.    1.6130E+04   2.9870E+05   2.3904E+05   5.7753E+04   1.8129E+05     988     988       0
    62.-   64.    1.1859E+04   2.2592E+05   1.8237E+05   4.8563E+04   1.3381E+05     823     823       0
    64.-   66.    8.3878E+03   1.5692E+05   1.2578E+05   2.9625E+04   9.6151E+04     507     507       0
    66.-   68.    5.9058E+03   1.1029E+05   8.8203E+04   2.0984E+04   6.7218E+04     362     362       0
    68.-   70.    4.2587E+03   8.1684E+04   6.5930E+04   1.7043E+04   4.8887E+04     272     272       0
    70.-   72.    2.9755E+03   5.5569E+04   4.4438E+04   1.0744E+04   3.3694E+04     180     180       0
    72.-   74.    2.1011E+03   3.9878E+04   3.2281E+04   8.7799E+03   2.3501E+04     150     150       0
    74.-   76.    1.5786E+03   2.9630E+04   2.3938E+04   6.5405E+03   1.7398E+04     113     113       0
    76.-   78.    1.0652E+03   1.9995E+04   1.5928E+04   3.6198E+03   1.2309E+04      69      69       0
    78.-   80.    7.7138E+02   1.4601E+04   1.1701E+04   2.4333E+03   9.2680E+03      50      50       0
    80.-   82.    5.3071E+02   1.0233E+04   8.2335E+03   1.9859E+03   6.2476E+03      38      38       0
    82.-   84.    3.8836E+02   7.5458E+03   6.0663E+03   1.4773E+03   4.5890E+03      24      24       0
    84.-   86.    2.3578E+02   4.6903E+03   3.7419E+03   1.0507E+03   2.6912E+03      18      18       0
    86.-   88.    1.8398E+02   3.5741E+03   2.9078E+03   8.9982E+02   2.0080E+03      12      12       0
    88.-   90.    1.2266E+02   2.3600E+03   1.8753E+03   4.0107E+02   1.4743E+03       7       7       0
    90.-   92.    8.5988E+01   1.7274E+03   1.3642E+03   3.0822E+02   1.0560E+03       6       6       0
    92.-   94.    4.7499E+01   1.0515E+03   8.6736E+02   2.7971E+02   5.8765E+02       3       3       0
    94.-   96.    2.9888E+01   5.9649E+02   4.6849E+02   0.0000E+00   4.6849E+02       0       0       0
    96.-   98.    1.9662E+01   4.4370E+02   3.6344E+02   7.4380E+01   2.8906E+02       2       2       0
    98.-  100.    1.8906E+01   4.2071E+02   3.2443E+02   9.2753E+01   2.3167E+02       1       1       0
   100.-  102.    5.3701E+00   9.3552E+01   7.1158E+01   0.0000E+00   7.1158E+01       0       0       0
   102.-  104.    0.0000E+00   0.0000E+00   0.0000E+00   0.0000E+00   0.0000E+00       0       0       0
   104.-  106.    0.0000E+00   0.0000E+00   0.0000E+00   0.0000E+00   0.0000E+00       0       0       0
   106.-  108.    0.0000E+00   0.0000E+00   0.0000E+00   0.0000E+00   0.0000E+00       0       0       0
   108.-  110.    0.0000E+00   0.0000E+00   0.0000E+00   0.0000E+00   0.0000E+00       0       0       0
   110.-  112.    0.0000E+00   0.0000E+00   0.0000E+00   0.0000E+00   0.0000E+00       0       0       0
   112.-  114.    0.0000E+00   0.0000E+00   0.0000E+00   0.0000E+00   0.0000E+00       0       0       0
   114.-  116.    0.0000E+00   0.0000E+00   0.0000E+00   0.0000E+00   0.0000E+00       0       0       0
   116.-  118.    0.0000E+00   0.0000E+00   0.0000E+00   0.0000E+00   0.0000E+00       0       0       0
   118.-  120.    0.0000E+00   0.0000E+00   0.0000E+00   0.0000E+00   0.0000E+00       0       0       0
   120.-  122.    0.0000E+00   0.0000E+00   0.0000E+00   0.0000E+00   0.0000E+00       0       0       0
   122.-  124.    0.0000E+00   0.0000E+00   0.0000E+00   0.0000E+00   0.0000E+00       0       0       0
   124.-  126.    0.0000E+00   0.0000E+00   0.0000E+00   0.0000E+00   0.0000E+00       0       0       0
   126.-  128.    0.0000E+00   0.0000E+00   0.0000E+00   0.0000E+00   0.0000E+00       0       0       0
   128.-  130.    0.0000E+00   0.0000E+00   0.0000E+00   0.0000E+00   0.0000E+00       0       0       0
   130.-  132.    0.0000E+00   0.0000E+00   0.0000E+00   0.0000E+00   0.0000E+00       0       0       0
   132.-  134.    0.0000E+00   0.0000E+00   0.0000E+00   0.0000E+00   0.0000E+00       0       0       0
   134.-  136.    0.0000E+00   0.0000E+00   0.0000E+00   0.0000E+00   0.0000E+00       0       0       0
   136.-  138.    0.0000E+00   0.0000E+00   0.0000E+00   0.0000E+00   0.0000E+00       0       0       0
   138.-  140.    0.0000E+00   0.0000E+00   0.0000E+00   0.0000E+00   0.0000E+00       0       0       0
   140.-  142.    0.0000E+00   0.0000E+00   0.0000E+00   0.0000E+00   0.0000E+00       0       0       0
   142.-  144.    0.0000E+00   0.0000E+00   0.0000E+00   0.0000E+00   0.0000E+00       0       0       0
   144.-  146.    0.0000E+00   0.0000E+00   0.0000E+00   0.0000E+00   0.0000E+00       0       0       0
   146.-  148.    0.0000E+00   0.0000E+00   0.0000E+00   0.0000E+00   0.0000E+00       0       0       0
   148.-  150.    0.0000E+00   0.0000E+00   0.0000E+00   0.0000E+00   0.0000E+00       0       0       0
   150.-  152.    0.0000E+00   0.0000E+00   0.0000E+00   0.0000E+00   0.0000E+00       0       0       0
   152.-  154.    0.0000E+00   0.0000E+00   0.0000E+00   0.0000E+00   0.0000E+00       0       0       0
   154.-  156.    0.0000E+00   0.0000E+00   0.0000E+00   0.0000E+00   0.0000E+00       0       0       0
   156.-  158.    0.0000E+00   0.0000E+00   0.0000E+00   0.0000E+00   0.0000E+00       0       0       0
   158.-  160.    0.0000E+00   0.0000E+00   0.0000E+00   0.0000E+00   0.0000E+00       0       0       0
   160.-  162.    0.0000E+00   0.0000E+00   0.0000E+00   0.0000E+00   0.0000E+00       0       0       0
   162.-  164.    0.0000E+00   0.0000E+00   0.0000E+00   0.0000E+00   0.0000E+00       0       0       0
   164.-  166.    0.0000E+00   0.0000E+00   0.0000E+00   0.0000E+00   0.0000E+00       0       0       0
   166.-  168.    0.0000E+00   0.0000E+00   0.0000E+00   0.0000E+00   0.0000E+00       0       0       0
   168.-  170.    0.0000E+00   0.0000E+00   0.0000E+00   0.0000E+00   0.0000E+00       0       0       0
   170.-  172.    0.0000E+00   0.0000E+00   0.0000E+00   0.0000E+00   0.0000E+00       0       0       0
   172.-  174.    0.0000E+00   0.0000E+00   0.0000E+00   0.0000E+00   0.0000E+00       0       0       0
   174.-  176.    0.0000E+00   0.0000E+00   0.0000E+00   0.0000E+00   0.0000E+00       0       0       0
   176.-  178.    0.0000E+00   0.0000E+00   0.0000E+00   0.0000E+00   0.0000E+00       0       0       0
   178.-  180.    0.0000E+00   0.0000E+00   0.0000E+00   0.0000E+00   0.0000E+00       0       0       0
   180.-  182.    0.0000E+00   0.0000E+00   0.0000E+00   0.0000E+00   0.0000E+00       0       0       0
   182.-  184.    0.0000E+00   0.0000E+00   0.0000E+00   0.0000E+00   0.0000E+00       0       0       0
   184.-  186.    0.0000E+00   0.0000E+00   0.0000E+00   0.0000E+00   0.0000E+00       0       0       0
   186.-  188.    0.0000E+00   0.0000E+00   0.0000E+00   0.0000E+00   0.0000E+00       0       0       0
   188.-  190.    0.0000E+00   0.0000E+00   0.0000E+00   0.0000E+00   0.0000E+00       0       0       0
   190.-  192.    0.0000E+00   0.0000E+00   0.0000E+00   0.0000E+00   0.0000E+00       0       0       0
   192.-  194.    0.0000E+00   0.0000E+00   0.0000E+00   0.0000E+00   0.0000E+00       0       0       0
   194.-  196.    0.0000E+00   0.0000E+00   0.0000E+00   0.0000E+00   0.0000E+00       0       0       0
   196.-  198.    0.0000E+00   0.0000E+00   0.0000E+00   0.0000E+00   0.0000E+00       0       0       0
   198.-  200.    0.0000E+00   0.0000E+00   0.0000E+00   0.0000E+00   0.0000E+00       0       0       0

                  1.7148E+07   2.9521E+08   2.4252E+08   7.4931E+07   1.6759E+08 1149026 1149026       0
1     BACKWARD SPUTTERING



        ALL SPUTTERED PARTICLES =   36052   TOTAL SPUTTERED ENERGY = 0.6602E+06 EV


        SPUTTERED PARTICLES (1.LAYER) =   36052   SPUTTERED ENERGY = 0.6602E+06 EV


 1.LAYER
         SPUTTERED PARTICLES(1) =   36052     SPUTTERED ENERGY(1) = 0.6602E+06 EV

         ION IN , PRIMARY KO(1) =    7922   0.2197   0.2197    ENERGY = 0.2272E+06 EV   0.3441   0.3441    MEAN ENERGY = 0.2868E+02
         ION IN , SECOND. KO(1) =   28130   0.7803   0.7803    ENERGY = 0.4330E+06 EV   0.6559   0.6559    MEAN ENERGY = 0.1539E+02
        ION OUT , PRIMARY KO(1) =       0   0.0000   0.0000    ENERGY = 0.0000E+00 EV   0.0000   0.0000    MEAN ENERGY = 0.0000E+00
        ION OUT , SECOND. KO(1) =       0   0.0000   0.0000    ENERGY = 0.0000E+00 EV   0.0000   0.0000    MEAN ENERGY = 0.0000E+00


     SPUTTERING YIELD(1) =  3.605E-01  SPUTTERED ENERGY(1) =  4.682E-03  REL.MEAN ENERGY(1) =  1.299E-02  MEAN ENERGY(1) =  1.831E+01

                       MEAN        VARIANCE      SKEWNESS      KURTOSIS        SIGMA       ERROR 1.M     ERROR 2.M     ERROR 3.M 
    ENERGY(1)       1.8312E+01    4.5118E+02    2.9804E+00    1.6883E+01    2.1241E+01    1.1187E-01    9.4700E+00    7.4264E-02
 LOGENERGY(1)       1.0269E+00    2.2966E-01   -3.1249E-01    3.0926E+00    4.7923E-01    2.5244E-03    1.7500E-03    1.2885E-02

                     1.MOMENT      2.MOMENT      3.MOMENT      4.MOMENT      5.MOMENT      6.MOMENT 
    ENERGY(1)       1.8312E+01    7.8651E+02    5.9489E+04    6.5491E+06    9.2934E+08    1.5684E+11
 LOGENERGY(1)       1.0269E+00    1.2842E+00    1.7560E+00    2.5869E+00    4.0230E+00    6.5475E+00



     POLAR ANGULAR DISTRIBUTION OF ALL BACKWARD SPUTTERED PARTICLES


       0.00  0.00  0.00  0.00  0.00  0.00  0.00  0.00  0.00  0.00  0.00  0.00  0.00  0.00  0.00  0.00  0.00  0.00  0.00  0.00

        108   244   449   572   824  1012  1186  1415  1698  1892  2022  2195  2471  2473  2695  2774  2923  2922  2990  3187
      0.060 0.135 0.249 0.317 0.457 0.561 0.658 0.785 0.942 1.050 1.122 1.218 1.371 1.372 1.495 1.539 1.622 1.621 1.659 1.768
1 LOG ENERGY - COS OF EMISSION ANGLE (0.05 STEPS)   (BACKWARD SPUTTERED PARTICLES) ; 1. LAYER ; SPECIES 1


   0.0000E+00    1    2    3    4    5    6    7    8    9   10   11   12   13   14   15   16   17   18   19   20     0  0.0000E+00
   0.1000E+00    0    0    0    0    0    0    0    0    0    1    3    0    1    0    4    0    0    2    1    1    13  0.1300E-02
   0.1212E+00    0    0    0    0    0    0    0    0    0    0    0    0    0    0    0    0    0    0    0    0     0  0.0000E+00
   0.1468E+00    0    0    0    0    0    0    0    0    0    0    0    0    0    0    0    0    0    0    0    0     0  0.0000E+00
   0.1778E+00    0    0    0    0    0    0    0    0    0    0    0    0    0    0    0    0    0    0    0    0     0  0.0000E+00
   0.2154E+00    0    0    0    0    0    0    0    0    0    0    0    0    0    0    0    0    0    0    0    0     0  0.0000E+00
   0.2610E+00    0    0    0    0    0    0    0    0    0    0    0    0    0    0    0    0    0    0    0    0     0  0.0000E+00
   0.3162E+00    0    0    0    0    0    0    0    0    0    0    0    0    0    0    0    0    0    0    0    0     0  0.0000E+00
   0.3831E+00    0    0    0    0    0    0    0    0    0    0    0    0    0    0    0    0    0    0    0    0     0  0.0000E+00
   0.4642E+00    0    0    0    0    0    0    0    0    0    0    0    0    0    0    0    0    0    0    0    0     0  0.0000E+00
   0.5623E+00    0    0    0    0    0    0    0    0    0    0    0    0    0    0    0    0    0    0    0    0     0  0.0000E+00
   0.6813E+00    0    0    0    0    0    0    0    0    0    0    0    0    0    0    0    0    0    0    0    0     0  0.0000E+00
   0.8254E+00    0    0    0    0    0    0    0    0    0    0    0    0    0    0    0    0    0    0    0    0     0  0.0000E+00
   0.1000E+01    0    0    0    0    0    0    0    0    0    0    0    0    0    0    0    0    0    0    0    0     0  0.0000E+00
   0.1212E+01    0    0    0    0    0    0    0    0    0    0    0    0    0    0    0    0    0    0    0    0     0  0.0000E+00
   0.1468E+01    0    0    0    0    0    0    0    0    0    0    0    0    0    0    0    0    0    0    0    0     0  0.0000E+00
   0.1778E+01    0    0    0    0    0    0    0    0    0    0    0    0    0    0    0    0    0    0    0    0     0  0.0000E+00
   0.2154E+01    0    0    0    0    0    0    0    0    0    0    0    0    0    0    0    0    0    0    0    0     0  0.0000E+00
   0.2610E+01    0    0    0    0    0    0    0    0    0    0    0    0    0    0    0    0    0    0    0    0     0  0.0000E+00
   0.3162E+01    0    0    0    0    0    0    0    0    0    0    0    0    0    0    0    0    0    0    0    0     0  0.0000E+00
   0.3831E+01    0    0    0    0    0    0    0    0    0    0    0    0    0    0    0    0    0    0    0    0     0  0.0000E+00
   0.4642E+01    0    0    0    0    0    0    0    0    0    0    0    0    0    0    0    0    0    0    0    0     0  0.0000E+00
   0.5623E+01    0    0    0    0    0    0    0    0    0    0    0    0    0    0    0    0    0    0    0    0     0  0.0000E+00
   0.6813E+01    0    0    0    0    0    0    0    0    0    0    0    0    0    0    0    0    0    0    0    0     0  0.0000E+00
   0.8254E+01    0    0    0    0    0    0    0    0    0    0    0    0    0    0    0    0    0    0    0    0     0  0.0000E+00
   0.1000E+02    0    0    0    0    0    0    0    0    0    0    0    0    0    0    0    0    0    0    0    0     0  0.0000E+00
   0.1212E+02    0    0    0    0    0    0    0    0    0    0    0    0    0    0    0    0    0    0    0    0     0  0.0000E+00
   0.1468E+02    0    0    0    0    0    0    0    0    0    0    0    0    0    0    0    0    0    0    0    0     0  0.0000E+00
   0.1778E+02    0    0    0    0    0    0    0    0    0    0    0    0    0    0    0    0    0    0    0    0     0  0.0000E+00
   0.2154E+02    0    0    0    0    0    0    0    0    0    0    0    0    0    0    0    0    0    0    0    0     0  0.0000E+00
   0.2610E+02    0    0    0    0    0    0    0    0    0    0    0    0    0    0    0    0    0    0    0    0     0  0.0000E+00
   0.3162E+02    0    0    0    0    0    0    0    0    0    0    0    0    0    0    0    0    0    0    0    0     0  0.0000E+00
   0.3831E+02    0    0    0    0    0    0    0    0    0    0    0    0    0    0    0    0    0    0    0    0     0  0.0000E+00
   0.4642E+02    0    0    0    0    0    0    0    0    0    0    0    0    0    0    0    0    0    0    0    0     0  0.0000E+00
   0.5623E+02    0    0    0    0    0    0    0    0    0    0    0    0    0    0    0    0    0    0    0    0     0  0.0000E+00
   0.6813E+02    0    0    0    0    0    0    0    0    0    0    0    0    0    0    0    0    0    0    0    0     0  0.0000E+00
   0.8254E+02    0    0    0    0    0    0    0    0    0    0    0    0    0    0    0    0    0    0    0    0     0  0.0000E+00
   0.1000E+03    0    0    0    0    0    0    0    0    0    0    0    0    0    0    0    0    0    0    0    0     0  0.0000E+00
   0.1212E+03    0    0    0    0    0    0    0    0    0    0    0    0    0    0    0    0    0    0    0    0     0  0.0000E+00
   0.1468E+03    0    0    0    0    0    0    0    0    0    0    0    0    0    0    0    0    0    0    0    0     0  0.0000E+00
   0.1778E+03    0    0    0    0    0    0    0    0    0    0    0    0    0    0    0    0    0    0    0    0     0  0.0000E+00
   0.2154E+03    0    0    0    0    0    0    0    0    0    0    0    0    0    0    0    0    0    0    0    0     0  0.0000E+00
   0.2610E+03    0    0    0    0    0    0    0    0    0    0    0    0    0    0    0    0    0    0    0    0     0  0.0000E+00
   0.3162E+03    0    0    0    0    0    0    0    0    0    0    0    0    0    0    0    0    0    0    0    0     0  0.0000E+00
   0.3831E+03    0    0    0    0    0    0    0    0    0    0    0    0    0    0    0    0    0    0    0    0     0  0.0000E+00
   0.4642E+03    0    0    0    0    0    0    0    0    0    0    0    0    0    0    0    0    0    0    0    0     0  0.0000E+00
   0.5623E+03    0    0    0    0    0    0    0    0    0    0    0    0    0    0    0    0    0    0    0    0     0  0.0000E+00
   0.6813E+03    0    0    0    0    0    0    0    0    0    0    0    0    0    0    0    0    0    0    0    0     0  0.0000E+00
   0.8254E+03    0    0    0    0    0    0    0    0    0    0    0    0    0    0    0    0    0    0    0    0     0  0.0000E+00
   0.1000E+04    0    0    0    0    0    0    0    0    0    0    0    0    0    0    0    0    0    0    0    0     0  0.0000E+00
   0.1212E+04    0    0    0    0    0    0    0    0    0    0    0    0    0    0    0    0    0    0    0    0     0  0.0000E+00
   0.1468E+04    0    0    0    0    0    0    0    0    0    0    0    0    0    0    0    0    0    0    0    0     0  0.0000E+00
   0.1778E+04    0    0    0    0    0    0    0    0    0    0    0    0    0    0    0    0    0    0    0    0     0  0.0000E+00
   0.2154E+04    0    0    0    0    0    0    0    0    0    0    0    0    0    0    0    0    0    0    0    0     0  0.0000E+00
   0.2610E+04    0    0    0    0    0    0    0    0    0    0    0    0    0    0    0    0    0    0    0    0     0  0.0000E+00
   0.3162E+04    0    0    0    0    0    0    0    0    0    0    0    0    0    0    0    0    0    0    0    0     0  0.0000E+00
   0.3831E+04    0    0    0    0    0    0    0    0    0    0    0    0    0    0    0    0    0    0    0    0     0  0.0000E+00
   0.4642E+04    0    0    0    0    0    0    0    0    0    0    0    0    0    0    0    0    0    0    0    0     0  0.0000E+00
   0.5623E+04    0    0    0    0    0    0    0    0    0    0    0    0    0    0    0    0    0    0    0    0     0  0.0000E+00
   0.6813E+04    0    0    0    0    0    0    0    0    0    0    0    0    0    0    0    0    0    0    0    0     0  0.0000E+00
   0.8254E+04    0    0    0    0    0    0    0    0    0    0    0    0    0    0    0    0    0    0    0    0     0  0.0000E+00
   0.1000E+05    0    0    0    0    0    0    0    0    0    0    0    0    0    0    0    0    0    0    0    0     0  0.0000E+00
   0.1212E+05    0    0    0    0    0    0    0    0    0    0    0    0    0    0    0    0    0    0    0    0     0  0.0000E+00
   0.1468E+05    0    0    0    0    0    0    0    0    0    0    0    0    0    0    0    0    0    0    0    0     0  0.0000E+00
   0.1778E+05    0    0    0    0    0    0    0    0    0    0    0    0    0    0    0    0    0    0    0    0     0  0.0000E+00
   0.2154E+05    0    0    0    0    0    0    0    0    0    0    0    0    0    0    0    0    0    0    0    0     0  0.0000E+00
   0.2610E+05    0    0    0    0    0    0    0    0    0    0    0    0    0    0    0    0    0    0    0    0     0  0.0000E+00
   0.3162E+05    0    0    0    0    0    0    0    0    0    0    0    0    0    0    0    0    0    0    0    0     0  0.0000E+00
   0.3831E+05    0    0    0    0    0    0    0    0    0    0    0    0    0    0    0    0    0    0    0    0     0  0.0000E+00
   0.4642E+05    0    0    0    0    0    0    0    0    0    0    0    0    0    0    0    0    0    0    0    0     0  0.0000E+00
   0.5623E+05    0    0    0    0    0    0    0    0    0    0    0    0    0    0    0    0    0    0    0    0     0  0.0000E+00
   0.6813E+05    0    0    0    0    0    0    0    0    0    0    0    0    0    0    0    0    0    0    0    0     0  0.0000E+00
   0.8254E+05    0    0    0    0    0    0    0    0    0    0    0    0    0    0    0    0    0    0    0    0     0  0.0000E+00
   0.1000E+06    0    0    0    0    0    0    0    0    0    0    0    0    0    0    0    0    0    0    0    0     0  0.0000E+00
   0.0000E+00  216  488  898 1144 1648 2024 2372 2830 3396 3783 4041 4390 4941 4946 5386 5548 5846 5842 5979 6373 72091  0.0000E+00
1ENERGY(E/E0 IN %) - POLAR ANGLE IN COS-INTERVALS (0.05)  (BACKWARD SPUTTERED PARTICLES) , 1.LAYER , SPECIES 1

     0    1    2    3    4    5    6    7    8    9   10   11   12   13   14   15   16   17   18   19   20      0
     1   72  153  284  343  497  587  686  797  908 1025 1075 1196 1339 1428 1526 1603 1756 1838 1921 2086  21120
     2   17   48  102  129  175  229  263  297  403  426  447  488  570  540  604  634  639  664  634  656   7965
     3   10   29   32   49   75   86  104  132  167  206  196  232  238  238  237  251  269  214  229  253   3247
     4    5    9   15   29   33   48   50   81   84  103  128  107  157  118  136  133  122   98  112   96   1664
     5    0    4    8   12   26   28   41   44   47   56   70   60   65   52   82   71   63   50   49   50    878
     6    2    1    2    3    6   18   19   31   26   30   34   49   45   37   40   39   31   24   14   23    474
     7    0    0    3    3    6   10   10   15   29   18   19   25   20   25   28   19   20   13   13   14    290
     8    1    0    0    2    4    3    4    5    6   10   18    9   13   12   19    7    6    9    7    3    138
     9    0    0    1    1    1    3    1    0   13   10    8   10    9    7    5    9   10    6    5    3    102
    10    1    0    1    0    0    0    3    4    7    1   10   10    9    4    7    5    2    3    3    3     73
    11    0    0    0    0    1    0    2    2    2    2    7    6    2    7    1    1    2    0    1    0     36
    12    0    0    0    0    0    0    1    2    3    2    4    1    0    2    5    0    1    2    1    0     24
    13    0    0    1    0    0    0    0    1    1    1    2    1    1    2    1    0    0    0    0    0     11
    14    0    0    0    1    0    0    1    3    2    0    2    0    2    0    0    0    1    0    0    0     12
    15    0    0    0    0    0    0    1    0    0    1    0    0    1    1    1    0    0    1    0    0      6
    16    0    0    0    0    0    0    0    0    0    0    0    0    0    0    0    1    1    0    0    0      2
    17    0    0    0    0    0    0    0    0    0    1    1    1    0    0    1    0    0    0    1    0      5
    18    0    0    0    0    0    0    0    1    0    0    1    0    0    0    1    1    0    0    0    0      4
    19    0    0    0    0    0    0    0    0    0    0    0    0    0    0    0    0    0    0    0    0      0
    20    0    0    0    0    0    0    0    0    0    0    0    0    0    0    0    0    0    0    0    0      0
    21    0    0    0    0    0    0    0    0    0    0    0    0    0    0    1    0    0    0    0    0      1
    22    0    0    0    0    0    0    0    0    0    0    0    0    0    0    0    0    0    0    0    0      0
    23    0    0    0    0    0    0    0    0    0    0    0    0    0    0    0    0    0    0    0    0      0
    24    0    0    0    0    0    0    0    0    0    0    0    0    0    0    0    0    0    0    0    0      0
    25    0    0    0    0    0    0    0    0    0    0    0    0    0    0    0    0    0    0    0    0      0
    26    0    0    0    0    0    0    0    0    0    0    0    0    0    0    0    0    0    0    0    0      0
    27    0    0    0    0    0    0    0    0    0    0    0    0    0    0    0    0    0    0    0    0      0
    28    0    0    0    0    0    0    0    0    0    0    0    0    0    0    0    0    0    0    0    0      0
    29    0    0    0    0    0    0    0    0    0    0    0    0    0    0    0    0    0    0    0    0      0
    30    0    0    0    0    0    0    0    0    0    0    0    0    0    0    0    0    0    0    0    0      0
    31    0    0    0    0    0    0    0    0    0    0    0    0    0    0    0    0    0    0    0    0      0
    32    0    0    0    0    0    0    0    0    0    0    0    0    0    0    0    0    0    0    0    0      0
    33    0    0    0    0    0    0    0    0    0    0    0    0    0    0    0    0    0    0    0    0      0
    34    0    0    0    0    0    0    0    0    0    0    0    0    0    0    0    0    0    0    0    0      0
    35    0    0    0    0    0    0    0    0    0    0    0    0    0    0    0    0    0    0    0    0      0
    36    0    0    0    0    0    0    0    0    0    0    0    0    0    0    0    0    0    0    0    0      0
    37    0    0    0    0    0    0    0    0    0    0    0    0    0    0    0    0    0    0    0    0      0
    38    0    0    0    0    0    0    0    0    0    0    0    0    0    0    0    0    0    0    0    0      0
    39    0    0    0    0    0    0    0    0    0    0    0    0    0    0    0    0    0    0    0    0      0
    40    0    0    0    0    0    0    0    0    0    0    0    0    0    0    0    0    0    0    0    0      0
    41    0    0    0    0    0    0    0    0    0    0    0    0    0    0    0    0    0    0    0    0      0
    42    0    0    0    0    0    0    0    0    0    0    0    0    0    0    0    0    0    0    0    0      0
    43    0    0    0    0    0    0    0    0    0    0    0    0    0    0    0    0    0    0    0    0      0
    44    0    0    0    0    0    0    0    0    0    0    0    0    0    0    0    0    0    0    0    0      0
    45    0    0    0    0    0    0    0    0    0    0    0    0    0    0    0    0    0    0    0    0      0
    46    0    0    0    0    0    0    0    0    0    0    0    0    0    0    0    0    0    0    0    0      0
    47    0    0    0    0    0    0    0    0    0    0    0    0    0    0    0    0    0    0    0    0      0
    48    0    0    0    0    0    0    0    0    0    0    0    0    0    0    0    0    0    0    0    0      0
    49    0    0    0    0    0    0    0    0    0    0    0    0    0    0    0    0    0    0    0    0      0
    50    0    0    0    0    0    0    0    0    0    0    0    0    0    0    0    0    0    0    0    0      0
    51    0    0    0    0    0    0    0    0    0    0    0    0    0    0    0    0    0    0    0    0      0
    52    0    0    0    0    0    0    0    0    0    0    0    0    0    0    0    0    0    0    0    0      0
    53    0    0    0    0    0    0    0    0    0    0    0    0    0    0    0    0    0    0    0    0      0
    54    0    0    0    0    0    0    0    0    0    0    0    0    0    0    0    0    0    0    0    0      0
    55    0    0    0    0    0    0    0    0    0    0    0    0    0    0    0    0    0    0    0    0      0
    56    0    0    0    0    0    0    0    0    0    0    0    0    0    0    0    0    0    0    0    0      0
    57    0    0    0    0    0    0    0    0    0    0    0    0    0    0    0    0    0    0    0    0      0
    58    0    0    0    0    0    0    0    0    0    0    0    0    0    0    0    0    0    0    0    0      0
    59    0    0    0    0    0    0    0    0    0    0    0    0    0    0    0    0    0    0    0    0      0
    60    0    0    0    0    0    0    0    0    0    0    0    0    0    0    0    0    0    0    0    0      0
    61    0    0    0    0    0    0    0    0    0    0    0    0    0    0    0    0    0    0    0    0      0
    62    0    0    0    0    0    0    0    0    0    0    0    0    0    0    0    0    0    0    0    0      0
    63    0    0    0    0    0    0    0    0    0    0    0    0    0    0    0    0    0    0    0    0      0
    64    0    0    0    0    0    0    0    0    0    0    0    0    0    0    0    0    0    0    0    0      0
    65    0    0    0    0    0    0    0    0    0    0    0    0    0    0    0    0    0    0    0    0      0
    66    0    0    0    0    0    0    0    0    0    0    0    0    0    0    0    0    0    0    0    0      0
    67    0    0    0    0    0    0    0    0    0    0    0    0    0    0    0    0    0    0    0    0      0
    68    0    0    0    0    0    0    0    0    0    0    0    0    0    0    0    0    0    0    0    0      0
    69    0    0    0    0    0    0    0    0    0    0    0    0    0    0    0    0    0    0    0    0      0
    70    0    0    0    0    0    0    0    0    0    0    0    0    0    0    0    0    0    0    0    0      0
    71    0    0    0    0    0    0    0    0    0    0    0    0    0    0    0    0    0    0    0    0      0
    72    0    0    0    0    0    0    0    0    0    0    0    0    0    0    0    0    0    0    0    0      0
    73    0    0    0    0    0    0    0    0    0    0    0    0    0    0    0    0    0    0    0    0      0
    74    0    0    0    0    0    0    0    0    0    0    0    0    0    0    0    0    0    0    0    0      0
    75    0    0    0    0    0    0    0    0    0    0    0    0    0    0    0    0    0    0    0    0      0
    76    0    0    0    0    0    0    0    0    0    0    0    0    0    0    0    0    0    0    0    0      0
    77    0    0    0    0    0    0    0    0    0    0    0    0    0    0    0    0    0    0    0    0      0
    78    0    0    0    0    0    0    0    0    0    0    0    0    0    0    0    0    0    0    0    0      0
    79    0    0    0    0    0    0    0    0    0    0    0    0    0    0    0    0    0    0    0    0      0
    80    0    0    0    0    0    0    0    0    0    0    0    0    0    0    0    0    0    0    0    0      0
    81    0    0    0    0    0    0    0    0    0    0    0    0    0    0    0    0    0    0    0    0      0
    82    0    0    0    0    0    0    0    0    0    0    0    0    0    0    0    0    0    0    0    0      0
    83    0    0    0    0    0    0    0    0    0    0    0    0    0    0    0    0    0    0    0    0      0
    84    0    0    0    0    0    0    0    0    0    0    0    0    0    0    0    0    0    0    0    0      0
    85    0    0    0    0    0    0    0    0    0    0    0    0    0    0    0    0    0    0    0    0      0
    86    0    0    0    0    0    0    0    0    0    0    0    0    0    0    0    0    0    0    0    0      0
    87    0    0    0    0    0    0    0    0    0    0    0    0    0    0    0    0    0    0    0    0      0
    88    0    0    0    0    0    0    0    0    0    0    0    0    0    0    0    0    0    0    0    0      0
    89    0    0    0    0    0    0    0    0    0    0    0    0    0    0    0    0    0    0    0    0      0
    90    0    0    0    0    0    0    0    0    0    0    0    0    0    0    0    0    0    0    0    0      0
    91    0    0    0    0    0    0    0    0    0    0    0    0    0    0    0    0    0    0    0    0      0
    92    0    0    0    0    0    0    0    0    0    0    0    0    0    0    0    0    0    0    0    0      0
    93    0    0    0    0    0    0    0    0    0    0    0    0    0    0    0    0    0    0    0    0      0
    94    0    0    0    0    0    0    0    0    0    0    0    0    0    0    0    0    0    0    0    0      0
    95    0    0    0    0    0    0    0    0    0    0    0    0    0    0    0    0    0    0    0    0      0
    96    0    0    0    0    0    0    0    0    0    0    0    0    0    0    0    0    0    0    0    0      0
    97    0    0    0    0    0    0    0    0    0    0    0    0    0    0    0    0    0    0    0    0      0
    98    0    0    0    0    0    0    0    0    0    0    0    0    0    0    0    0    0    0    0    0      0
    99    0    0    0    0    0    0    0    0    0    0    0    0    0    0    0    0    0    0    0    0      0
   100    0    0    0    0    0    0    0    0    0    0    0    0    0    0    0    0    0    0    0    0      0
     0  108  244  449  572  824 1012 1186 1415 1698 1892 2022 2195 2471 2473 2695 2774 2923 2922 2990 3187  36052
1AZIMUTHAL ANGLE - POLAR ANGLE IN COS-INTERVALS (0.05) (BACKWARD SPUTTERED PARTICLES) , 1.LAYER , SPECIES 1

     0    1    2    3    4    5    6    7    8    9   10   11   12   13   14   15   16   17   18   19   20      0
     3    2    7    6   13   15   17   23   18   30   29   32   28   31   55   39   38   49   45   55   57    589
     6    3    2    9   12   17   17   17   19   20   31   25   35   35   37   47   56   49   46   55   49    581
     9    5    5    7    6   13   17   23   28   31   21   37   40   47   45   47   40   63   53   53   68    649
    12    1    2    6   14   13   19   29   18   27   35   33   38   45   35   41   42   41   54   46   54    593
    15    3    7    5   14   20   17   21   22   32   32   36   36   48   36   50   43   36   51   44   58    611
    18    2    5    8    8   15   17   18   21   30   30   32   21   34   32   52   50   57   42   40   53    567
    21    1    6    6   12   10   17   20   21   31   30   36   28   31   46   39   57   43   50   41   48    573
    24    2    8    8   11   17   10   14   23   24   27   33   31   43   42   42   41   62   48   55   39    580
    27    1    6    5    8   18    5   18   20   30   39   35   31   40   34   41   54   44   53   48   60    590
    30    0    3    9    8   18   21   25   21   32   32   36   37   42   34   30   52   47   57   60   56    620
    33    2    5    9   10   17   15   22   27   30   34   29   41   40   48   46   38   57   49   47   55    621
    36    0    2    5    9   18   14   18   17   21   33   32   46   42   43   55   42   42   63   35   49    586
    39    2    2    7   15   12   20   18   30   26   28   26   34   46   38   46   32   37   39   69   46    573
    42    5    5   10   10   14   14   24   28   33   35   27   51   43   51   41   35   55   48   56   66    651
    45    2    4    5   10   10   16   29   21   24   44   30   27   37   43   62   64   47   53   48   38    614
    48    1    5    7   10   13   23   21   32   27   32   39   27   40   40   55   40   49   57   44   57    619
    51    2    3    9   14   12   26   21   25   41   38   30   31   34   33   42   47   57   63   52   52    632
    54    2    4   10   12   11   17   25   12   27   36   35   36   43   40   39   50   42   48   38   66    593
    57    2    1    9    6   18   20   14   20   35   43   28   35   39   37   50   34   50   40   62   60    603
    60    2    3    6   11   10   15   20   35   27   35   27   29   40   32   47   48   43   51   54   52    587
    63    2    6   11    7   10   12   16   24   37   30   41   53   39   38   53   43   48   56   53   56    635
    66    1    3   14   17   16   18   23   27   17   37   33   50   53   50   60   54   44   61   55   47    680
    69    3    9    8   13   12   18   25   22   32   27   34   26   44   43   45   40   45   51   54   54    605
    72    1    2    5   10   12   17   13   23   37   39   36   42   48   39   43   55   58   46   41   60    627
    75    3    5    9   13   13   25   17   26   30   23   45   36   48   31   42   53   51   50   45   57    622
    78    3    5   11    6    7   12   17   22   35   40   37   43   35   33   47   54   54   46   58   41    606
    81    2    2    8    6   14   21   29   21   21   33   32   50   35   47   33   32   70   60   51   51    618
    84    3    2    5    6   11   16   18   31   33   39   28   39   40   46   41   50   49   40   58   59    614
    87    2    7    8    8   10   17   14   24   21   24   32   38   35   32   52   48   42   41   44   68    567
    90    4    1    4    8   12   20   15   22   33   23   46   43   42   42   39   39   40   58   43   55    589
    93    1    5    3    7   14   18   12   34   22   30   34   30   38   47   43   47   59   48   40   46    578
    96    2    2    8   13   14   19   15   23   22   33   34   39   51   44   40   51   46   46   48   57    607
    99    2    3    4   11   15   15   17   21   31   24   35   38   42   40   34   57   48   48   55   56    596
   102    0    4    4   12   11   22   15   18   26   35   31   39   36   47   41   44   47   54   53   49    588
   105    3    1   10   17   11   19   20   22   30   32   31   29   37   42   41   52   41   56   32   67    593
   108    1    3    7    9   10   13   29   22   32   27   44   37   38   37   43   63   42   44   46   37    584
   111    2    3    8    8   17   15   30   23   29   29   37   37   44   57   46   57   37   48   52   39    618
   114    1    4    7    5   12   23   23   23   30   26   29   44   52   42   48   50   48   49   54   55    625
   117    1    3    5    7   14   18   17   23   17   30   29   32   48   31   53   47   46   42   49   48    560
   120    1    2    5    3   13   21   21   21   37   25   37   36   41   48   51   50   58   48   49   53    620
   123    1    7    9   11   17   18   16   14   26   38   42   39   38   38   50   47   44   37   48   47    587
   126    1    4    9    9   17   15   15   22   22   28   34   40   43   42   39   52   46   52   55   52    597
   129    0    4    7   12   16   10   21   30   20   40   27   32   61   39   32   43   44   53   54   45    590
   132    1    6    7   11   18   18   17   28   39   34   28   39   30   51   50   56   42   48   51   61    635
   135    1    4    9    7   20   13   19   27   22   27   32   46   45   52   43   52   48   40   50   46    603
   138    2    2    8    7   13   18   17   18   25   30   35   27   50   45   55   48   55   60   44   53    612
   141    1    5   12    9   13   18   19   22   23   29   34   37   43   44   53   42   54   34   58   54    604
   144    2    2    5    7   11    8   18   24   30   31   29   38   37   44   42   39   52   37   52   50    558
   147    2    5    5   12   11   21   22   31   36   32   36   32   44   47   43   44   53   49   60   60    645
   150    3    2   11    7   15   14   11   33   29   37   43   30   39   44   39   45   42   42   46   51    583
   153    2    8    7   12   12   21   18   21   25   33   40   40   37   41   45   38   42   46   48   57    593
   156    1    6    8    7    9   18   15   22   26   31   26   33   30   38   44   46   58   38   39   48    543
   159    1    5    8    9   17   13   34   23   34   28   32   42   40   45   40   35   53   51   42   48    600
   162    4    6    8    6   13   13   19   23   29   29   25   33   34   37   41   35   55   40   41   56    547
   165    1    2   10    5   10   15   28   22   25   31   41   39   42   34   36   38   53   50   59   52    593
   168    5    3    9    7   10   14   24   23   15   23   37   39   32   41   41   49   53   49   52   45    571
   171    0    4    8    3   15   15   18   28   34   28   24   36   59   32   45   48   47   51   48   40    583
   174    1    2    7   10   14   18   19   24   28   29   28   50   39   38   47   57   44   51   42   52    600
   177    1    2    5    7   18   21   15   19   33   33   46   22   39   45   53   33   55   48   57   63    615
   180    0    8    7   15   16   15   15   31   27   31   40   38   43   39   51   38   40   44   62   69    629
     0  108  244  449  572  824 1012 1186 1415 1698 1892 2022 2195 2471 2473 2695 2774 2923 2922 2990 3187  36052
