1
      *** PROGRAM TRVMC95 ***


                              * INPUT DATA *


       Z1        M1          E0       ALPHA       EF        ESB      SHEATH     ERC
     18.00     39.95      1272.00      0.00      0.10      0.00   3816.00      4.70

       NH        RI           X0        RD        CW        CA       KK0   KK0R   KDEE1  KDEE2  IPOT   IPOTR   IRL
     99999 716381.00         0.00    100.00      2.00      1.00       2      2      3      3      1      1      3


             DX      RHO    CK  Z(,1) Z(,2) Z(,3) Z(,4) Z(,5)  M(,1)  M(,2)  M(,3)  M(,4)  M(,5) C(,1) C(,2) C(,3) C(,4) C(,5)

 1.LAYER 10000.00   2.25   1.00    6.    0.    0.    0.    0.  12.01   0.00   0.00   0.00   0.00 1.000 0.000 0.000 0.000 0.000


                           ***  SBE(LAYER,ELEMENT)  ***     ***     ED(LAYER,ELEMENT)     ***     ***   BE(LAYER,ELEMENT)  ***

 1.LAYER                   7.41  0.00  0.00  0.00  0.00     30.00   0.00   0.00   0.00   0.00     0.10  0.00  0.00  0.00  0.00


       INTERACTION POTENTIAL : PROJECTILE-TARGET : KR-C POTENTIAL     TARGET-TARGET : KR-C POTENTIAL    


       INELASTIC LOSS MODEL  : PROJECTILE-TARGET : 50% LS 50% OR      TARGET-TARGET : 50% LS 50% OR     
1

                              * OUTPUT DATA *


                 HLM       HLMT        SU       SUT        XC        RT       SFE      INEL         L        LJ
               0.0000 10000.000    3.5029 10003.503   -3.5029  9900.000      7.41         0         1         1


                NPROJ       KIB       KIT      MAXA      NALL       NPA       NSA       KIS      KIST
                30423         0         0       270  23958953   1660823  13267746     83347         0


            EPS0(I)       Z2(I)       M2(I)     ARHO(I)       LM(I)     PMAX(I)     ASIG(I)       SB(I)       XX(I)        NJ(I)

 1.LAYER   0.2494E-01  0.6000E+01  0.1201E+02  0.1128E+00  0.2070E+01  0.1168E+01  0.2335E+00  0.7410E+01  0.1000E+05         1


             A1(1)   A1(2)   A1(3)   A1(4)   A1(5)   A1(6)   A1(7)   A1(8)   A1(9)  A1(10)  A1(11)  A1(12)  A1(13)  A1(14)  A1(15)

           0.13193


           KOR1(1) KOR1(2) KOR1(3) KOR1(4) KOR1(5) KOR1(6) KOR1(7) KOR1(8) KOR1(9) KOR1(A) KOR1(B) KOR1(C) KOR1(D) KOR1(E) KOR1(F)

           0.73577


            A(I,1)  A(I,2)  A(I,3)  A(I,4)  A(I,5)  A(I,6)  A(I,7)  A(I,8)  A(I,9) A(I,10) A(I,11) A(I,12) A(I,13) A(I,14) A(I,15)

           0.16242


           KOR(,1) KOR(,2) KOR(,3) KOR(,4) KOR(,5) KOR(,6) KOR(,7) KOR(,8) KOR(,9) KOR(,A) KOR(,B) KOR(,C) KOR(,D) KOR(,E) KOR(,F)

           0.46963
1

         IMPLANTED PARTICLES=  99999     ENERGY=0.1272E+09 EV
     BACKSCATTERED PARTICLES=      0     ENERGY=0.0000E+00 EV
       TRANSMITTED PARTICLES=      0     ENERGY=0.0000E+00 EV
     BACKSPUTTERED PARTICLES=  33427     ENERGY=0.5862E+06 EV
    TRANSM. SPUTT. PARTICLES=      0     ENERGY=0.0000E+00 EV


  PROJECTILES :   MEAN NUMBER OF ELASTIC COLLISIONS =     17.8   MEAN NUMBER OF EL.COLL.(E > EDISPL.) =    7.835
                                                                 MEAN NUMBER OF EL.COLL.(E > SB(1))   =   15.626

                       MEAN        VARIANCE      SKEWNESS      KURTOSIS        SIGMA       ERROR 1.M     ERROR 2.M     ERROR 3.M 
  PENETRATION       2.9647E+01    7.4079E+01    4.0066E-01    3.0155E+00    8.6069E+00    2.7218E-02    3.3257E-01    7.4499E-03
       SPREAD       1.0058E+01    2.9897E+01    7.3535E-01    3.4994E+00    5.4678E+00    1.7291E-02    1.4947E-01    8.6684E-03
   PATHLENGTH       3.4869E+01    8.3794E+01    3.4387E-01    2.9393E+00    9.1539E+00    2.8947E-02    3.6901E-01    7.1381E-03
 ELASTIC LOSS       1.2032E+03    4.8626E+02                                2.2051E+01    2.2051E-04
   INEL. LOSS       6.8816E+01    4.8626E+02                                2.2051E+01    2.2051E-04

                       MEAN        VARIANCE      SKEWNESS      KURTOSIS        SIGMA       ERROR 1.M     ERROR 2.M     ERROR 3.M 
   ELAST.LOSS       6.3875E+01    1.0916E+04    3.4975E+00    1.7994E+01    1.0448E+02    7.8375E-02    3.3756E+01    5.5129E-03
 WEAK EL.LOSS       3.8314E+00    6.7100E+00    8.9052E-01    3.2397E+00    2.5904E+00    1.9432E-03    7.5330E-03    1.3876E-03
 INELAST.LOSS       3.8725E+00    5.6643E+00    9.8576E-03    1.7880E+00    2.3800E+00    1.7854E-03    3.7719E-03    1.1283E-03
  SUBTHR.LOSS       1.3728E+01    5.6584E+01    2.3455E-01    2.2696E+00    7.5222E+00    7.5465E-03    6.3962E-02    1.3974E-03

                     1.MOMENT      2.MOMENT      3.MOMENT      4.MOMENT      5.MOMENT      6.MOMENT 
  PENETRATION       2.9647E+01    9.5303E+02    3.2902E+04    1.2101E+06    4.7084E+07    1.9273E+09



  RECOILES (PER PROJ.)   :   MEAN NUMBER OF ELASTIC COLLISIONS =    234.6   MEAN NUMBER OF EL.COLL.(E > EDISPL.) =     10.111
                                                                            MEAN NUMBER OF EL.COLL.(E > SB(1))   =     71.637

  RECOILES (PER KNOCKON) :   MEAN NUMBER OF ELASTIC COLLISIONS =    1.571   MEAN NUMBER OF EL.COLL.(E > EDISPL.) =      0.068
                                                                            MEAN NUMBER OF EL.COLL.(E > SB(1))   =      0.480

1


     DEPTH(A)  PARTICLES  NORM.DEPTH PATHLENGTH   INLOSS(EV)  TELOSS(EV)  ELLOSS(EV)  DAMAGE(EV)  PHONON(EV)  CASCAD(EV)     DPA

    -SU-    0.         0  0.0000E+00
     0.-    2.         0  0.0000E+00         0    6.7873E+05  1.0528E+07  1.0343E+07  9.7109E+06  6.3217E+05  8.1783E+06   49803
     2.-    4.         1  0.1000E-04         0    6.7385E+05  1.0326E+07  1.0121E+07  9.4797E+06  6.4121E+05  7.9986E+06   51341
     4.-    6.         1  0.1000E-04         0    6.4251E+05  1.0154E+07  9.9225E+06  9.2707E+06  6.5186E+05  7.8393E+06   53423
     6.-    8.        12  0.1200E-03         0    6.0703E+05  9.7697E+06  9.5060E+06  8.8214E+06  6.8456E+05  7.4758E+06   54605
     8.-   10.       109  0.1090E-02         0    5.6948E+05  9.4147E+06  9.1131E+06  8.4039E+06  7.0913E+05  7.1399E+06   56275
    10.-   12.       439  0.4390E-02        13    5.3032E+05  9.0431E+06  8.6982E+06  7.9473E+06  7.5092E+05  6.7670E+06   57187
    12.-   14.      1196  0.1196E-01       143    4.8994E+05  8.5671E+06  8.1762E+06  7.3766E+06  7.9960E+05  6.2948E+06   57133
    14.-   16.      2278  0.2278E-01       436    4.4616E+05  8.0722E+06  7.6385E+06  6.8006E+06  8.3791E+05  5.8148E+06   56466
    16.-   18.      3664  0.3664E-01      1067    4.0027E+05  7.3557E+06  6.8890E+06  6.0135E+06  8.7553E+05  5.1542E+06   53918
    18.-   20.      5253  0.5253E-01      2035    3.5306E+05  6.6534E+06  6.1660E+06  5.2790E+06  8.8696E+05  4.5332E+06   50646
    20.-   22.      6785  0.6785E-01      3104    3.0697E+05  5.9072E+06  5.4151E+06  4.5327E+06  8.8239E+05  3.8994E+06   45976
    22.-   24.      7813  0.7813E-01      4653    2.5991E+05  5.1056E+06  4.6286E+06  3.7815E+06  8.4714E+05  3.2587E+06   40603
    24.-   26.      8812  0.8812E-01      5956    2.1816E+05  4.3857E+06  3.9335E+06  3.1401E+06  7.9333E+05  2.7101E+06   35463
    26.-   28.      8922  0.8922E-01      7135    1.7658E+05  3.6304E+06  3.2222E+06  2.5070E+06  7.1519E+05  2.1664E+06   29487
    28.-   30.      8955  0.8955E-01      8062    1.4126E+05  2.9612E+06  2.5989E+06  1.9619E+06  6.3705E+05  1.6972E+06   23983
    30.-   32.      8450  0.8450E-01      8634    1.0946E+05  2.3234E+06  2.0135E+06  1.4706E+06  5.4292E+05  1.2744E+06   18972
    32.-   34.      7779  0.7779E-01      8721    8.3069E+04  1.7815E+06  1.5253E+06  1.0758E+06  4.4949E+05  9.3355E+05   14473
    34.-   36.      6938  0.6938E-01      8437    6.1344E+04  1.3405E+06  1.1357E+06  7.7669E+05  3.5904E+05  6.7460E+05   10804
    36.-   38.      5850  0.5850E-01      8011    4.4118E+04  9.7467E+05  8.1663E+05  5.3968E+05  2.7694E+05  4.6924E+05    7762
    38.-   40.      4748  0.4748E-01      7288    3.0944E+04  6.8922E+05  5.7076E+05  3.6277E+05  2.0798E+05  3.1561E+05    5341
    40.-   42.      3465  0.3465E-01      6212    2.1280E+04  4.7512E+05  3.8954E+05  2.3886E+05  1.5068E+05  2.0811E+05    3681
    42.-   44.      2677  0.2677E-01      5012    1.4047E+04  3.2391E+05  2.6339E+05  1.5570E+05  1.0769E+05  1.3570E+05    2431
    44.-   46.      1937  0.1937E-01      3868    9.0763E+03  2.0585E+05  1.6424E+05  8.9654E+04  7.4583E+04  7.8242E+04    1467
    46.-   48.      1382  0.1382E-01      3082    5.7136E+03  1.3485E+05  1.0790E+05  6.0801E+04  4.7100E+04  5.3025E+04     983
    48.-   50.       958  0.9580E-02      2402    3.4868E+03  8.0931E+04  6.3271E+04  3.2052E+04  3.1220E+04  2.8026E+04     559
    50.-   52.       645  0.6450E-02      1805    2.0481E+03  4.7671E+04  3.7014E+04  1.7549E+04  1.9466E+04  1.5330E+04     295
    52.-   54.       365  0.3650E-02      1325    1.2276E+03  2.9005E+04  2.2491E+04  1.0923E+04  1.1569E+04  9.5452E+03     187
    54.-   56.       251  0.2510E-02       961    6.9358E+02  1.6314E+04  1.2423E+04  5.2576E+03  7.1654E+03  4.6000E+03      94
    56.-   58.       127  0.1270E-02       623    4.0096E+02  9.2524E+03  6.8980E+03  2.7387E+03  4.1593E+03  2.4046E+03      56
    58.-   60.        86  0.8600E-03       414    2.0443E+02  4.9779E+03  3.7729E+03  1.4544E+03  2.3185E+03  1.2706E+03      25
    60.-   62.        56  0.5600E-03       246    1.2119E+02  2.8179E+03  2.0976E+03  7.0919E+02  1.3884E+03  6.2409E+02      15
    62.-   64.        22  0.2200E-03       160    4.2673E+01  9.5545E+02  7.0014E+02  2.5590E+02  4.4424E+02  2.2478E+02       5
    64.-   66.         9  0.9000E-04        82    3.2661E+01  8.6871E+02  7.0567E+02  4.0525E+02  3.0042E+02  3.5100E+02       4
    66.-   68.         8  0.8000E-04        42    9.3716E+00  2.7507E+02  2.0241E+02  1.1397E+02  8.8444E+01  9.9918E+01       2
    68.-   70.         3  0.3000E-04        38    5.9133E+00  1.4845E+02  1.0251E+02  3.9248E+01  6.3261E+01  3.4686E+01       1
    70.-   72.         2  0.2000E-04        15    1.1148E+00  2.1988E+01  1.2855E+01  0.0000E+00  1.2855E+01  0.0000E+00       0
    72.-   74.         1  0.1000E-04        10    8.9107E-01  1.7447E+01  1.0241E+01  0.0000E+00  1.0241E+01  0.0000E+00       0
    74.-   76.         0  0.0000E+00         4    0.0000E+00  0.0000E+00  0.0000E+00  0.0000E+00  0.0000E+00  0.0000E+00       0
    76.-   78.         0  0.0000E+00         2    0.0000E+00  0.0000E+00  0.0000E+00  0.0000E+00  0.0000E+00  0.0000E+00       0
    78.-   80.         0  0.0000E+00         1    0.0000E+00  0.0000E+00  0.0000E+00  0.0000E+00  0.0000E+00  0.0000E+00       0
    80.-   82.         0  0.0000E+00         0    0.0000E+00  0.0000E+00  0.0000E+00  0.0000E+00  0.0000E+00  0.0000E+00       0
    82.-   84.         0  0.0000E+00         0    0.0000E+00  0.0000E+00  0.0000E+00  0.0000E+00  0.0000E+00  0.0000E+00       0
    84.-   86.         0  0.0000E+00         0    0.0000E+00  0.0000E+00  0.0000E+00  0.0000E+00  0.0000E+00  0.0000E+00       0
    86.-   88.         0  0.0000E+00         0    0.0000E+00  0.0000E+00  0.0000E+00  0.0000E+00  0.0000E+00  0.0000E+00       0
    88.-   90.         0  0.0000E+00         0    0.0000E+00  0.0000E+00  0.0000E+00  0.0000E+00  0.0000E+00  0.0000E+00       0
    90.-   92.         0  0.0000E+00         0    0.0000E+00  0.0000E+00  0.0000E+00  0.0000E+00  0.0000E+00  0.0000E+00       0
    92.-   94.         0  0.0000E+00         0    0.0000E+00  0.0000E+00  0.0000E+00  0.0000E+00  0.0000E+00  0.0000E+00       0
    94.-   96.         0  0.0000E+00         0    0.0000E+00  0.0000E+00  0.0000E+00  0.0000E+00  0.0000E+00  0.0000E+00       0
    96.-   98.         0  0.0000E+00         0    0.0000E+00  0.0000E+00  0.0000E+00  0.0000E+00  0.0000E+00  0.0000E+00       0
    98.-  100.         0  0.0000E+00         0    0.0000E+00  0.0000E+00  0.0000E+00  0.0000E+00  0.0000E+00  0.0000E+00       0
   100.-  102.         0  0.0000E+00         0    0.0000E+00  0.0000E+00  0.0000E+00  0.0000E+00  0.0000E+00  0.0000E+00       0
   102.-  104.         0  0.0000E+00         0    0.0000E+00  0.0000E+00  0.0000E+00  0.0000E+00  0.0000E+00  0.0000E+00       0
   104.-  106.         0  0.0000E+00         0    0.0000E+00  0.0000E+00  0.0000E+00  0.0000E+00  0.0000E+00  0.0000E+00       0
   106.-  108.         0  0.0000E+00         0    0.0000E+00  0.0000E+00  0.0000E+00  0.0000E+00  0.0000E+00  0.0000E+00       0
   108.-  110.         0  0.0000E+00         0    0.0000E+00  0.0000E+00  0.0000E+00  0.0000E+00  0.0000E+00  0.0000E+00       0
   110.-  112.         0  0.0000E+00         0    0.0000E+00  0.0000E+00  0.0000E+00  0.0000E+00  0.0000E+00  0.0000E+00       0
   112.-  114.         0  0.0000E+00         0    0.0000E+00  0.0000E+00  0.0000E+00  0.0000E+00  0.0000E+00  0.0000E+00       0
   114.-  116.         0  0.0000E+00         0    0.0000E+00  0.0000E+00  0.0000E+00  0.0000E+00  0.0000E+00  0.0000E+00       0
   116.-  118.         0  0.0000E+00         0    0.0000E+00  0.0000E+00  0.0000E+00  0.0000E+00  0.0000E+00  0.0000E+00       0
   118.-  120.         0  0.0000E+00         0    0.0000E+00  0.0000E+00  0.0000E+00  0.0000E+00  0.0000E+00  0.0000E+00       0
   120.-  122.         0  0.0000E+00         0    0.0000E+00  0.0000E+00  0.0000E+00  0.0000E+00  0.0000E+00  0.0000E+00       0
   122.-  124.         0  0.0000E+00         0    0.0000E+00  0.0000E+00  0.0000E+00  0.0000E+00  0.0000E+00  0.0000E+00       0
   124.-  126.         0  0.0000E+00         0    0.0000E+00  0.0000E+00  0.0000E+00  0.0000E+00  0.0000E+00  0.0000E+00       0
   126.-  128.         0  0.0000E+00         0    0.0000E+00  0.0000E+00  0.0000E+00  0.0000E+00  0.0000E+00  0.0000E+00       0
   128.-  130.         0  0.0000E+00         0    0.0000E+00  0.0000E+00  0.0000E+00  0.0000E+00  0.0000E+00  0.0000E+00       0
   130.-  132.         0  0.0000E+00         0    0.0000E+00  0.0000E+00  0.0000E+00  0.0000E+00  0.0000E+00  0.0000E+00       0
   132.-  134.         0  0.0000E+00         0    0.0000E+00  0.0000E+00  0.0000E+00  0.0000E+00  0.0000E+00  0.0000E+00       0
   134.-  136.         0  0.0000E+00         0    0.0000E+00  0.0000E+00  0.0000E+00  0.0000E+00  0.0000E+00  0.0000E+00       0
   136.-  138.         0  0.0000E+00         0    0.0000E+00  0.0000E+00  0.0000E+00  0.0000E+00  0.0000E+00  0.0000E+00       0
   138.-  140.         0  0.0000E+00         0    0.0000E+00  0.0000E+00  0.0000E+00  0.0000E+00  0.0000E+00  0.0000E+00       0
   140.-  142.         0  0.0000E+00         0    0.0000E+00  0.0000E+00  0.0000E+00  0.0000E+00  0.0000E+00  0.0000E+00       0
   142.-  144.         0  0.0000E+00         0    0.0000E+00  0.0000E+00  0.0000E+00  0.0000E+00  0.0000E+00  0.0000E+00       0
   144.-  146.         0  0.0000E+00         0    0.0000E+00  0.0000E+00  0.0000E+00  0.0000E+00  0.0000E+00  0.0000E+00       0
   146.-  148.         0  0.0000E+00         0    0.0000E+00  0.0000E+00  0.0000E+00  0.0000E+00  0.0000E+00  0.0000E+00       0
   148.-  150.         0  0.0000E+00         0    0.0000E+00  0.0000E+00  0.0000E+00  0.0000E+00  0.0000E+00  0.0000E+00       0
   150.-  152.         0  0.0000E+00         0    0.0000E+00  0.0000E+00  0.0000E+00  0.0000E+00  0.0000E+00  0.0000E+00       0
   152.-  154.         0  0.0000E+00         0    0.0000E+00  0.0000E+00  0.0000E+00  0.0000E+00  0.0000E+00  0.0000E+00       0
   154.-  156.         0  0.0000E+00         0    0.0000E+00  0.0000E+00  0.0000E+00  0.0000E+00  0.0000E+00  0.0000E+00       0
   156.-  158.         0  0.0000E+00         0    0.0000E+00  0.0000E+00  0.0000E+00  0.0000E+00  0.0000E+00  0.0000E+00       0
   158.-  160.         0  0.0000E+00         0    0.0000E+00  0.0000E+00  0.0000E+00  0.0000E+00  0.0000E+00  0.0000E+00       0
   160.-  162.         0  0.0000E+00         0    0.0000E+00  0.0000E+00  0.0000E+00  0.0000E+00  0.0000E+00  0.0000E+00       0
   162.-  164.         0  0.0000E+00         0    0.0000E+00  0.0000E+00  0.0000E+00  0.0000E+00  0.0000E+00  0.0000E+00       0
   164.-  166.         0  0.0000E+00         0    0.0000E+00  0.0000E+00  0.0000E+00  0.0000E+00  0.0000E+00  0.0000E+00       0
   166.-  168.         0  0.0000E+00         0    0.0000E+00  0.0000E+00  0.0000E+00  0.0000E+00  0.0000E+00  0.0000E+00       0
   168.-  170.         0  0.0000E+00         0    0.0000E+00  0.0000E+00  0.0000E+00  0.0000E+00  0.0000E+00  0.0000E+00       0
   170.-  172.         0  0.0000E+00         0    0.0000E+00  0.0000E+00  0.0000E+00  0.0000E+00  0.0000E+00  0.0000E+00       0
   172.-  174.         0  0.0000E+00         0    0.0000E+00  0.0000E+00  0.0000E+00  0.0000E+00  0.0000E+00  0.0000E+00       0
   174.-  176.         0  0.0000E+00         0    0.0000E+00  0.0000E+00  0.0000E+00  0.0000E+00  0.0000E+00  0.0000E+00       0
   176.-  178.         0  0.0000E+00         0    0.0000E+00  0.0000E+00  0.0000E+00  0.0000E+00  0.0000E+00  0.0000E+00       0
   178.-  180.         0  0.0000E+00         0    0.0000E+00  0.0000E+00  0.0000E+00  0.0000E+00  0.0000E+00  0.0000E+00       0
   180.-  182.         0  0.0000E+00         0    0.0000E+00  0.0000E+00  0.0000E+00  0.0000E+00  0.0000E+00  0.0000E+00       0
   182.-  184.         0  0.0000E+00         0    0.0000E+00  0.0000E+00  0.0000E+00  0.0000E+00  0.0000E+00  0.0000E+00       0
   184.-  186.         0  0.0000E+00         0    0.0000E+00  0.0000E+00  0.0000E+00  0.0000E+00  0.0000E+00  0.0000E+00       0
   186.-  188.         0  0.0000E+00         0    0.0000E+00  0.0000E+00  0.0000E+00  0.0000E+00  0.0000E+00  0.0000E+00       0
   188.-  190.         0  0.0000E+00         0    0.0000E+00  0.0000E+00  0.0000E+00  0.0000E+00  0.0000E+00  0.0000E+00       0
   190.-  192.         0  0.0000E+00         0    0.0000E+00  0.0000E+00  0.0000E+00  0.0000E+00  0.0000E+00  0.0000E+00       0
   192.-  194.         0  0.0000E+00         0    0.0000E+00  0.0000E+00  0.0000E+00  0.0000E+00  0.0000E+00  0.0000E+00       0
   194.-  196.         0  0.0000E+00         0    0.0000E+00  0.0000E+00  0.0000E+00  0.0000E+00  0.0000E+00  0.0000E+00       0
   196.-  198.         0  0.0000E+00         0    0.0000E+00  0.0000E+00  0.0000E+00  0.0000E+00  0.0000E+00  0.0000E+00       0
   198.-  200.         0  0.0000E+00         0    0.0000E+00  0.0000E+00  0.0000E+00  0.0000E+00  0.0000E+00  0.0000E+00       0
   200.-   SUT         0  0.0000E+00

                   99999  1.0000E+00     99999    6.8816E+06  1.2032E+08  1.1351E+08  9.9869E+07  1.3640E+07  8.5133E+07  783466
1
     RECOILS



     DEPTH(A)     INLOSS(EV)   TELOSS(EV)   ELLOSS(EV)   DAMAGE(EV)   PHONON(EV)     DPA  DPA(1)  DPA(2)

     0.-    2.    2.4334E+05   4.6349E+06   3.6401E+06   6.8901E+05   2.9511E+06   12492   12492       0
     2.-    4.    4.5181E+05   7.8229E+06   6.4366E+06   2.0152E+06   4.4215E+06   30798   30798       0
     4.-    6.    6.3600E+05   1.0609E+07   8.7929E+06   2.9278E+06   5.8651E+06   43778   43778       0
     6.-    8.    7.8487E+05   1.3018E+07   1.0826E+07   3.7327E+06   7.0931E+06   54537   54537       0
     8.-   10.    8.9979E+05   1.4885E+07   1.2370E+07   4.2307E+06   8.1390E+06   62095   62095       0
    10.-   12.    9.8337E+05   1.6376E+07   1.3601E+07   4.6342E+06   8.9671E+06   68558   68558       0
    12.-   14.    1.0381E+06   1.7421E+07   1.4449E+07   4.8513E+06   9.5975E+06   72346   72346       0
    14.-   16.    1.0689E+06   1.8065E+07   1.4945E+07   4.9036E+06   1.0041E+07   74041   74041       0
    16.-   18.    1.0737E+06   1.8311E+07   1.5117E+07   4.8648E+06   1.0252E+07   74577   74577       0
    18.-   20.    1.0499E+06   1.8102E+07   1.4902E+07   4.6529E+06   1.0249E+07   71921   71921       0
    20.-   22.    9.9792E+05   1.7375E+07   1.4251E+07   4.2907E+06   9.9607E+06   67641   67641       0
    22.-   24.    9.2926E+05   1.6382E+07   1.3404E+07   3.9430E+06   9.4607E+06   62800   62800       0
    24.-   26.    8.4587E+05   1.5035E+07   1.2255E+07   3.4815E+06   8.7736E+06   56174   56174       0
    26.-   28.    7.5323E+05   1.3537E+07   1.1006E+07   3.0371E+06   7.9685E+06   49506   49506       0
    28.-   30.    6.5725E+05   1.1920E+07   9.6684E+06   2.6190E+06   7.0495E+06   42920   42920       0
    30.-   32.    5.6068E+05   1.0244E+07   8.2839E+06   2.1684E+06   6.1154E+06   36168   36168       0
    32.-   34.    4.6931E+05   8.6214E+06   6.9545E+06   1.7769E+06   5.1776E+06   29762   29762       0
    34.-   36.    3.8266E+05   7.0751E+06   5.6920E+06   1.4120E+06   4.2801E+06   23946   23946       0
    36.-   38.    3.0590E+05   5.6999E+06   4.5747E+06   1.1025E+06   3.4722E+06   18827   18827       0
    38.-   40.    2.4094E+05   4.5140E+06   3.6172E+06   8.6334E+05   2.7539E+06   14743   14743       0
    40.-   42.    1.8656E+05   3.5061E+06   2.8058E+06   6.6544E+05   2.1403E+06   11364   11364       0
    42.-   44.    1.4171E+05   2.6706E+06   2.1361E+06   4.9750E+05   1.6386E+06    8571    8571       0
    44.-   46.    1.0655E+05   2.0207E+06   1.6165E+06   3.7994E+05   1.2366E+06    6437    6437       0
    46.-   48.    7.8583E+04   1.4939E+06   1.1940E+06   2.8049E+05   9.1350E+05    4841    4841       0
    48.-   50.    5.6927E+04   1.0773E+06   8.6022E+05   1.9799E+05   6.6223E+05    3370    3370       0
    50.-   52.    4.1426E+04   7.8596E+05   6.2833E+05   1.4782E+05   4.8051E+05    2572    2572       0
    52.-   54.    2.9532E+04   5.5994E+05   4.4751E+05   1.0569E+05   3.4182E+05    1843    1843       0
    54.-   56.    2.0959E+04   3.9556E+05   3.1538E+05   7.3491E+04   2.4189E+05    1263    1263       0
    56.-   58.    1.4959E+04   2.8452E+05   2.2775E+05   5.4409E+04   1.7334E+05     942     942       0
    58.-   60.    1.0743E+04   2.0271E+05   1.6222E+05   3.9141E+04   1.2308E+05     671     671       0
    60.-   62.    7.5655E+03   1.4364E+05   1.1487E+05   2.6725E+04   8.8144E+04     463     463       0
    62.-   64.    5.4452E+03   1.0348E+05   8.2989E+04   2.0243E+04   6.2746E+04     355     355       0
    64.-   66.    3.6596E+03   7.1055E+04   5.7079E+04   1.4209E+04   4.2870E+04     251     251       0
    66.-   68.    2.6014E+03   4.9864E+04   3.9891E+04   8.9831E+03   3.0908E+04     157     157       0
    68.-   70.    1.8112E+03   3.3594E+04   2.6640E+04   5.6490E+03   2.0991E+04     103     103       0
    70.-   72.    1.2033E+03   2.2429E+04   1.7770E+04   4.0712E+03   1.3699E+04      66      66       0
    72.-   74.    8.4121E+02   1.5515E+04   1.2252E+04   2.5309E+03   9.7209E+03      42      42       0
    74.-   76.    6.0272E+02   1.1803E+04   9.6115E+03   2.4740E+03   7.1375E+03      47      47       0
    76.-   78.    3.9689E+02   7.4464E+03   5.9047E+03   1.1938E+03   4.7109E+03      27      27       0
    78.-   80.    3.1991E+02   6.1678E+03   5.0383E+03   1.4403E+03   3.5980E+03      21      21       0
    80.-   82.    2.1493E+02   3.9475E+03   3.1616E+03   6.7269E+02   2.4889E+03      14      14       0
    82.-   84.    1.5618E+02   2.8927E+03   2.3363E+03   4.3246E+02   1.9038E+03       7       7       0
    84.-   86.    9.8483E+01   2.2226E+03   1.8166E+03   5.3000E+02   1.2866E+03       6       6       0
    86.-   88.    5.1965E+01   1.1060E+03   8.6837E+02   2.5004E+02   6.1833E+02       3       3       0
    88.-   90.    2.8022E+01   6.4484E+02   5.0440E+02   1.8015E+02   3.2425E+02       4       4       0
    90.-   92.    2.0612E+01   4.8378E+02   3.8993E+02   1.0513E+02   2.8479E+02       2       2       0
    92.-   94.    1.5324E+01   3.7979E+02   2.8608E+02   0.0000E+00   2.8608E+02       0       0       0
    94.-   96.    3.1287E+00   8.9195E+01   6.0897E+01   0.0000E+00   6.0897E+01       0       0       0
    96.-   98.    2.3835E+00   4.4078E+01   2.7200E+01   0.0000E+00   2.7200E+01       0       0       0
    98.-  100.    3.8395E-01   7.1649E+00   3.7056E+00   0.0000E+00   3.7056E+00       0       0       0
   100.-  102.    0.0000E+00   0.0000E+00   0.0000E+00   0.0000E+00   0.0000E+00       0       0       0
   102.-  104.    0.0000E+00   0.0000E+00   0.0000E+00   0.0000E+00   0.0000E+00       0       0       0
   104.-  106.    0.0000E+00   0.0000E+00   0.0000E+00   0.0000E+00   0.0000E+00       0       0       0
   106.-  108.    0.0000E+00   0.0000E+00   0.0000E+00   0.0000E+00   0.0000E+00       0       0       0
   108.-  110.    0.0000E+00   0.0000E+00   0.0000E+00   0.0000E+00   0.0000E+00       0       0       0
   110.-  112.    0.0000E+00   0.0000E+00   0.0000E+00   0.0000E+00   0.0000E+00       0       0       0
   112.-  114.    0.0000E+00   0.0000E+00   0.0000E+00   0.0000E+00   0.0000E+00       0       0       0
   114.-  116.    0.0000E+00   0.0000E+00   0.0000E+00   0.0000E+00   0.0000E+00       0       0       0
   116.-  118.    0.0000E+00   0.0000E+00   0.0000E+00   0.0000E+00   0.0000E+00       0       0       0
   118.-  120.    0.0000E+00   0.0000E+00   0.0000E+00   0.0000E+00   0.0000E+00       0       0       0
   120.-  122.    0.0000E+00   0.0000E+00   0.0000E+00   0.0000E+00   0.0000E+00       0       0       0
   122.-  124.    0.0000E+00   0.0000E+00   0.0000E+00   0.0000E+00   0.0000E+00       0       0       0
   124.-  126.    0.0000E+00   0.0000E+00   0.0000E+00   0.0000E+00   0.0000E+00       0       0       0
   126.-  128.    0.0000E+00   0.0000E+00   0.0000E+00   0.0000E+00   0.0000E+00       0       0       0
   128.-  130.    0.0000E+00   0.0000E+00   0.0000E+00   0.0000E+00   0.0000E+00       0       0       0
   130.-  132.    0.0000E+00   0.0000E+00   0.0000E+00   0.0000E+00   0.0000E+00       0       0       0
   132.-  134.    0.0000E+00   0.0000E+00   0.0000E+00   0.0000E+00   0.0000E+00       0       0       0
   134.-  136.    0.0000E+00   0.0000E+00   0.0000E+00   0.0000E+00   0.0000E+00       0       0       0
   136.-  138.    0.0000E+00   0.0000E+00   0.0000E+00   0.0000E+00   0.0000E+00       0       0       0
   138.-  140.    0.0000E+00   0.0000E+00   0.0000E+00   0.0000E+00   0.0000E+00       0       0       0
   140.-  142.    0.0000E+00   0.0000E+00   0.0000E+00   0.0000E+00   0.0000E+00       0       0       0
   142.-  144.    0.0000E+00   0.0000E+00   0.0000E+00   0.0000E+00   0.0000E+00       0       0       0
   144.-  146.    0.0000E+00   0.0000E+00   0.0000E+00   0.0000E+00   0.0000E+00       0       0       0
   146.-  148.    0.0000E+00   0.0000E+00   0.0000E+00   0.0000E+00   0.0000E+00       0       0       0
   148.-  150.    0.0000E+00   0.0000E+00   0.0000E+00   0.0000E+00   0.0000E+00       0       0       0
   150.-  152.    0.0000E+00   0.0000E+00   0.0000E+00   0.0000E+00   0.0000E+00       0       0       0
   152.-  154.    0.0000E+00   0.0000E+00   0.0000E+00   0.0000E+00   0.0000E+00       0       0       0
   154.-  156.    0.0000E+00   0.0000E+00   0.0000E+00   0.0000E+00   0.0000E+00       0       0       0
   156.-  158.    0.0000E+00   0.0000E+00   0.0000E+00   0.0000E+00   0.0000E+00       0       0       0
   158.-  160.    0.0000E+00   0.0000E+00   0.0000E+00   0.0000E+00   0.0000E+00       0       0       0
   160.-  162.    0.0000E+00   0.0000E+00   0.0000E+00   0.0000E+00   0.0000E+00       0       0       0
   162.-  164.    0.0000E+00   0.0000E+00   0.0000E+00   0.0000E+00   0.0000E+00       0       0       0
   164.-  166.    0.0000E+00   0.0000E+00   0.0000E+00   0.0000E+00   0.0000E+00       0       0       0
   166.-  168.    0.0000E+00   0.0000E+00   0.0000E+00   0.0000E+00   0.0000E+00       0       0       0
   168.-  170.    0.0000E+00   0.0000E+00   0.0000E+00   0.0000E+00   0.0000E+00       0       0       0
   170.-  172.    0.0000E+00   0.0000E+00   0.0000E+00   0.0000E+00   0.0000E+00       0       0       0
   172.-  174.    0.0000E+00   0.0000E+00   0.0000E+00   0.0000E+00   0.0000E+00       0       0       0
   174.-  176.    0.0000E+00   0.0000E+00   0.0000E+00   0.0000E+00   0.0000E+00       0       0       0
   176.-  178.    0.0000E+00   0.0000E+00   0.0000E+00   0.0000E+00   0.0000E+00       0       0       0
   178.-  180.    0.0000E+00   0.0000E+00   0.0000E+00   0.0000E+00   0.0000E+00       0       0       0
   180.-  182.    0.0000E+00   0.0000E+00   0.0000E+00   0.0000E+00   0.0000E+00       0       0       0
   182.-  184.    0.0000E+00   0.0000E+00   0.0000E+00   0.0000E+00   0.0000E+00       0       0       0
   184.-  186.    0.0000E+00   0.0000E+00   0.0000E+00   0.0000E+00   0.0000E+00       0       0       0
   186.-  188.    0.0000E+00   0.0000E+00   0.0000E+00   0.0000E+00   0.0000E+00       0       0       0
   188.-  190.    0.0000E+00   0.0000E+00   0.0000E+00   0.0000E+00   0.0000E+00       0       0       0
   190.-  192.    0.0000E+00   0.0000E+00   0.0000E+00   0.0000E+00   0.0000E+00       0       0       0
   192.-  194.    0.0000E+00   0.0000E+00   0.0000E+00   0.0000E+00   0.0000E+00       0       0       0
   194.-  196.    0.0000E+00   0.0000E+00   0.0000E+00   0.0000E+00   0.0000E+00       0       0       0
   196.-  198.    0.0000E+00   0.0000E+00   0.0000E+00   0.0000E+00   0.0000E+00       0       0       0
   198.-  200.    0.0000E+00   0.0000E+00   0.0000E+00   0.0000E+00   0.0000E+00       0       0       0

                  1.5086E+07   2.6312E+08   2.1556E+08   6.4728E+07   1.5083E+08 1011072 1011072       0
1     BACKWARD SPUTTERING



        ALL SPUTTERED PARTICLES =   33427   TOTAL SPUTTERED ENERGY = 0.5862E+06 EV


        SPUTTERED PARTICLES (1.LAYER) =   33427   SPUTTERED ENERGY = 0.5862E+06 EV


 1.LAYER
         SPUTTERED PARTICLES(1) =   33427     SPUTTERED ENERGY(1) = 0.5862E+06 EV

         ION IN , PRIMARY KO(1) =    7478   0.2237   0.2237    ENERGY = 0.1978E+06 EV   0.3374   0.3374    MEAN ENERGY = 0.2645E+02
         ION IN , SECOND. KO(1) =   25948   0.7763   0.7763    ENERGY = 0.3884E+06 EV   0.6626   0.6626    MEAN ENERGY = 0.1497E+02
        ION OUT , PRIMARY KO(1) =       0   0.0000   0.0000    ENERGY = 0.0000E+00 EV   0.0000   0.0000    MEAN ENERGY = 0.0000E+00
        ION OUT , SECOND. KO(1) =       1   0.0000   0.0000    ENERGY = 0.2218E+01 EV   0.0000   0.0000    MEAN ENERGY = 0.2218E+01


     SPUTTERING YIELD(1) =  3.343E-01  SPUTTERED ENERGY(1) =  4.609E-03  REL.MEAN ENERGY(1) =  1.379E-02  MEAN ENERGY(1) =  1.754E+01

                       MEAN        VARIANCE      SKEWNESS      KURTOSIS        SIGMA       ERROR 1.M     ERROR 2.M     ERROR 3.M 
    ENERGY(1)       1.7538E+01    3.9072E+02    2.7956E+00    1.4824E+01    1.9767E+01    1.0811E-01    7.9458E+00    6.2478E-02
 LOGENERGY(1)       1.0146E+00    2.2396E-01   -3.1425E-01    3.0430E+00    4.7325E-01    2.5887E-03    1.7511E-03    1.3414E-02

                     1.MOMENT      2.MOMENT      3.MOMENT      4.MOMENT      5.MOMENT      6.MOMENT 
    ENERGY(1)       1.7538E+01    6.9830E+02    4.7542E+04    4.5934E+06    5.6042E+08    8.0213E+10
 LOGENERGY(1)       1.0146E+00    1.2534E+00    1.6928E+00    2.4605E+00    3.7704E+00    6.0411E+00



     POLAR ANGULAR DISTRIBUTION OF ALL BACKWARD SPUTTERED PARTICLES


       0.00  0.00  0.00  0.00  0.00  0.00  0.00  0.00  0.00  0.00  0.00  0.00  0.00  0.00  0.00  0.00  0.00  0.00  0.00  0.00

         79   253   410   505   728   912  1115  1353  1554  1725  1926  2055  2260  2399  2534  2560  2686  2728  2796  2849
      0.047 0.151 0.245 0.302 0.436 0.546 0.667 0.810 0.930 1.032 1.152 1.230 1.352 1.435 1.516 1.532 1.607 1.632 1.673 1.705
1 LOG ENERGY - COS OF EMISSION ANGLE (0.05 STEPS)   (BACKWARD SPUTTERED PARTICLES) ; 1. LAYER ; SPECIES 1


   0.0000E+00    1    2    3    4    5    6    7    8    9   10   11   12   13   14   15   16   17   18   19   20     0  0.0000E+00
   0.1000E+00    0    0    0    0    0    0    0    1    0    1    0    0    0    1    1    0    1    1    0    1     7  0.7000E-03
   0.1212E+00    0    0    0    0    0    0    0    0    0    0    0    0    0    0    0    0    0    0    0    0     0  0.0000E+00
   0.1468E+00    0    0    0    0    0    0    0    0    0    0    0    0    0    0    0    0    0    0    0    0     0  0.0000E+00
   0.1778E+00    0    0    0    0    0    0    0    0    0    0    0    0    0    0    0    0    0    0    0    0     0  0.0000E+00
   0.2154E+00    0    0    0    0    0    0    0    0    0    0    0    0    0    0    0    0    0    0    0    0     0  0.0000E+00
   0.2610E+00    0    0    0    0    0    0    0    0    0    0    0    0    0    0    0    0    0    0    0    0     0  0.0000E+00
   0.3162E+00    0    0    0    0    0    0    0    0    0    0    0    0    0    0    0    0    0    0    0    0     0  0.0000E+00
   0.3831E+00    0    0    0    0    0    0    0    0    0    0    0    0    0    0    0    0    0    0    0    0     0  0.0000E+00
   0.4642E+00    0    0    0    0    0    0    0    0    0    0    0    0    0    0    0    0    0    0    0    0     0  0.0000E+00
   0.5623E+00    0    0    0    0    0    0    0    0    0    0    0    0    0    0    0    0    0    0    0    0     0  0.0000E+00
   0.6813E+00    0    0    0    0    0    0    0    0    0    0    0    0    0    0    0    0    0    0    0    0     0  0.0000E+00
   0.8254E+00    0    0    0    0    0    0    0    0    0    0    0    0    0    0    0    0    0    0    0    0     0  0.0000E+00
   0.1000E+01    0    0    0    0    0    0    0    0    0    0    0    0    0    0    0    0    0    0    0    0     0  0.0000E+00
   0.1212E+01    0    0    0    0    0    0    0    0    0    0    0    0    0    0    0    0    0    0    0    0     0  0.0000E+00
   0.1468E+01    0    0    0    0    0    0    0    0    0    0    0    0    0    0    0    0    0    0    0    0     0  0.0000E+00
   0.1778E+01    0    0    0    0    0    0    0    0    0    0    0    0    0    0    0    0    0    0    0    0     0  0.0000E+00
   0.2154E+01    0    0    0    0    0    0    0    0    0    0    0    0    0    0    0    0    0    0    0    0     0  0.0000E+00
   0.2610E+01    0    0    0    0    0    0    0    0    0    0    0    0    0    0    0    0    0    0    0    0     0  0.0000E+00
   0.3162E+01    0    0    0    0    0    0    0    0    0    0    0    0    0    0    0    0    0    0    0    0     0  0.0000E+00
   0.3831E+01    0    0    0    0    0    0    0    0    0    0    0    0    0    0    0    0    0    0    0    0     0  0.0000E+00
   0.4642E+01    0    0    0    0    0    0    0    0    0    0    0    0    0    0    0    0    0    0    0    0     0  0.0000E+00
   0.5623E+01    0    0    0    0    0    0    0    0    0    0    0    0    0    0    0    0    0    0    0    0     0  0.0000E+00
   0.6813E+01    0    0    0    0    0    0    0    0    0    0    0    0    0    0    0    0    0    0    0    0     0  0.0000E+00
   0.8254E+01    0    0    0    0    0    0    0    0    0    0    0    0    0    0    0    0    0    0    0    0     0  0.0000E+00
   0.1000E+02    0    0    0    0    0    0    0    0    0    0    0    0    0    0    0    0    0    0    0    0     0  0.0000E+00
   0.1212E+02    0    0    0    0    0    0    0    0    0    0    0    0    0    0    0    0    0    0    0    0     0  0.0000E+00
   0.1468E+02    0    0    0    0    0    0    0    0    0    0    0    0    0    0    0    0    0    0    0    0     0  0.0000E+00
   0.1778E+02    0    0    0    0    0    0    0    0    0    0    0    0    0    0    0    0    0    0    0    0     0  0.0000E+00
   0.2154E+02    0    0    0    0    0    0    0    0    0    0    0    0    0    0    0    0    0    0    0    0     0  0.0000E+00
   0.2610E+02    0    0    0    0    0    0    0    0    0    0    0    0    0    0    0    0    0    0    0    0     0  0.0000E+00
   0.3162E+02    0    0    0    0    0    0    0    0    0    0    0    0    0    0    0    0    0    0    0    0     0  0.0000E+00
   0.3831E+02    0    0    0    0    0    0    0    0    0    0    0    0    0    0    0    0    0    0    0    0     0  0.0000E+00
   0.4642E+02    0    0    0    0    0    0    0    0    0    0    0    0    0    0    0    0    0    0    0    0     0  0.0000E+00
   0.5623E+02    0    0    0    0    0    0    0    0    0    0    0    0    0    0    0    0    0    0    0    0     0  0.0000E+00
   0.6813E+02    0    0    0    0    0    0    0    0    0    0    0    0    0    0    0    0    0    0    0    0     0  0.0000E+00
   0.8254E+02    0    0    0    0    0    0    0    0    0    0    0    0    0    0    0    0    0    0    0    0     0  0.0000E+00
   0.1000E+03    0    0    0    0    0    0    0    0    0    0    0    0    0    0    0    0    0    0    0    0     0  0.0000E+00
   0.1212E+03    0    0    0    0    0    0    0    0    0    0    0    0    0    0    0    0    0    0    0    0     0  0.0000E+00
   0.1468E+03    0    0    0    0    0    0    0    0    0    0    0    0    0    0    0    0    0    0    0    0     0  0.0000E+00
   0.1778E+03    0    0    0    0    0    0    0    0    0    0    0    0    0    0    0    0    0    0    0    0     0  0.0000E+00
   0.2154E+03    0    0    0    0    0    0    0    0    0    0    0    0    0    0    0    0    0    0    0    0     0  0.0000E+00
   0.2610E+03    0    0    0    0    0    0    0    0    0    0    0    0    0    0    0    0    0    0    0    0     0  0.0000E+00
   0.3162E+03    0    0    0    0    0    0    0    0    0    0    0    0    0    0    0    0    0    0    0    0     0  0.0000E+00
   0.3831E+03    0    0    0    0    0    0    0    0    0    0    0    0    0    0    0    0    0    0    0    0     0  0.0000E+00
   0.4642E+03    0    0    0    0    0    0    0    0    0    0    0    0    0    0    0    0    0    0    0    0     0  0.0000E+00
   0.5623E+03    0    0    0    0    0    0    0    0    0    0    0    0    0    0    0    0    0    0    0    0     0  0.0000E+00
   0.6813E+03    0    0    0    0    0    0    0    0    0    0    0    0    0    0    0    0    0    0    0    0     0  0.0000E+00
   0.8254E+03    0    0    0    0    0    0    0    0    0    0    0    0    0    0    0    0    0    0    0    0     0  0.0000E+00
   0.1000E+04    0    0    0    0    0    0    0    0    0    0    0    0    0    0    0    0    0    0    0    0     0  0.0000E+00
   0.1212E+04    0    0    0    0    0    0    0    0    0    0    0    0    0    0    0    0    0    0    0    0     0  0.0000E+00
   0.1468E+04    0    0    0    0    0    0    0    0    0    0    0    0    0    0    0    0    0    0    0    0     0  0.0000E+00
   0.1778E+04    0    0    0    0    0    0    0    0    0    0    0    0    0    0    0    0    0    0    0    0     0  0.0000E+00
   0.2154E+04    0    0    0    0    0    0    0    0    0    0    0    0    0    0    0    0    0    0    0    0     0  0.0000E+00
   0.2610E+04    0    0    0    0    0    0    0    0    0    0    0    0    0    0    0    0    0    0    0    0     0  0.0000E+00
   0.3162E+04    0    0    0    0    0    0    0    0    0    0    0    0    0    0    0    0    0    0    0    0     0  0.0000E+00
   0.3831E+04    0    0    0    0    0    0    0    0    0    0    0    0    0    0    0    0    0    0    0    0     0  0.0000E+00
   0.4642E+04    0    0    0    0    0    0    0    0    0    0    0    0    0    0    0    0    0    0    0    0     0  0.0000E+00
   0.5623E+04    0    0    0    0    0    0    0    0    0    0    0    0    0    0    0    0    0    0    0    0     0  0.0000E+00
   0.6813E+04    0    0    0    0    0    0    0    0    0    0    0    0    0    0    0    0    0    0    0    0     0  0.0000E+00
   0.8254E+04    0    0    0    0    0    0    0    0    0    0    0    0    0    0    0    0    0    0    0    0     0  0.0000E+00
   0.1000E+05    0    0    0    0    0    0    0    0    0    0    0    0    0    0    0    0    0    0    0    0     0  0.0000E+00
   0.1212E+05    0    0    0    0    0    0    0    0    0    0    0    0    0    0    0    0    0    0    0    0     0  0.0000E+00
   0.1468E+05    0    0    0    0    0    0    0    0    0    0    0    0    0    0    0    0    0    0    0    0     0  0.0000E+00
   0.1778E+05    0    0    0    0    0    0    0    0    0    0    0    0    0    0    0    0    0    0    0    0     0  0.0000E+00
   0.2154E+05    0    0    0    0    0    0    0    0    0    0    0    0    0    0    0    0    0    0    0    0     0  0.0000E+00
   0.2610E+05    0    0    0    0    0    0    0    0    0    0    0    0    0    0    0    0    0    0    0    0     0  0.0000E+00
   0.3162E+05    0    0    0    0    0    0    0    0    0    0    0    0    0    0    0    0    0    0    0    0     0  0.0000E+00
   0.3831E+05    0    0    0    0    0    0    0    0    0    0    0    0    0    0    0    0    0    0    0    0     0  0.0000E+00
   0.4642E+05    0    0    0    0    0    0    0    0    0    0    0    0    0    0    0    0    0    0    0    0     0  0.0000E+00
   0.5623E+05    0    0    0    0    0    0    0    0    0    0    0    0    0    0    0    0    0    0    0    0     0  0.0000E+00
   0.6813E+05    0    0    0    0    0    0    0    0    0    0    0    0    0    0    0    0    0    0    0    0     0  0.0000E+00
   0.8254E+05    0    0    0    0    0    0    0    0    0    0    0    0    0    0    0    0    0    0    0    0     0  0.0000E+00
   0.1000E+06    0    0    0    0    0    0    0    0    0    0    0    0    0    0    0    0    0    0    0    0     0  0.0000E+00
   0.0000E+00  158  506  820 1010 1456 1824 2230 2705 3108 3449 3852 4110 4520 4797 5067 5120 5371 5455 5592 5697 66847  0.0000E+00
1ENERGY(E/E0 IN %) - POLAR ANGLE IN COS-INTERVALS (0.05)  (BACKWARD SPUTTERED PARTICLES) , 1.LAYER , SPECIES 1

     0    1    2    3    4    5    6    7    8    9   10   11   12   13   14   15   16   17   18   19   20      0
     1   49  165  241  271  404  528  603  697  789  880  938 1030 1146 1282 1352 1415 1532 1611 1713 1846  18492
     2   22   43   87  131  192  204  264  320  381  441  511  513  533  533  611  596  641  623  615  633   7894
     3    7   26   39   50   65   87  117  149  152  178  216  209  238  258  273  269  250  254  233  201   3271
     4    0   11   22   22   30   37   64   76  107   83   98  126  145  132  116  130  119  106  122   89   1635
     5    1    3   10   15   19   20   25   46   62   53   58   72   86   77   84   63   58   62   56   41    911
     6    0    1    6    7    7   18   22   19   19   32   39   44   44   45   37   33   35   33   22   26    489
     7    0    3    3    5    5    9    6   21   18   22   29   22   25   29   19   16   23   19   12    5    291
     8    0    0    2    1    4    1    4   11    8   13   13   12   12   22   17   15   15    9   11    4    174
     9    0    0    0    1    0    3    3    6   11    7    7    8   14   12    3    9    5    2    4    3     98
    10    0    0    0    1    1    0    3    3    2    7    2    6    4    3    7    8    6    3    2    0     58
    11    0    0    0    0    1    2    1    3    0    5    4    5    6    2    5    4    2    1    4    1     46
    12    0    1    0    1    0    1    1    1    0    1    7    2    2    1    4    1    0    4    0    0     27
    13    0    0    0    0    0    2    0    0    1    1    1    4    1    1    2    0    0    1    0    0     14
    14    0    0    0    0    0    0    1    1    1    1    1    1    3    1    1    1    0    0    2    0     14
    15    0    0    0    0    0    0    1    0    2    0    0    1    0    1    2    0    0    0    0    0      7
    16    0    0    0    0    0    0    0    0    0    0    1    0    0    0    0    0    0    0    0    0      1
    17    0    0    0    0    0    0    0    0    0    0    1    0    0    0    1    0    0    0    0    0      2
    18    0    0    0    0    0    0    0    0    0    0    0    0    1    0    0    0    0    0    0    0      1
    19    0    0    0    0    0    0    0    0    1    1    0    0    0    0    0    0    0    0    0    0      2
    20    0    0    0    0    0    0    0    0    0    0    0    0    0    0    0    0    0    0    0    0      0
    21    0    0    0    0    0    0    0    0    0    0    0    0    0    0    0    0    0    0    0    0      0
    22    0    0    0    0    0    0    0    0    0    0    0    0    0    0    0    0    0    0    0    0      0
    23    0    0    0    0    0    0    0    0    0    0    0    0    0    0    0    0    0    0    0    0      0
    24    0    0    0    0    0    0    0    0    0    0    0    0    0    0    0    0    0    0    0    0      0
    25    0    0    0    0    0    0    0    0    0    0    0    0    0    0    0    0    0    0    0    0      0
    26    0    0    0    0    0    0    0    0    0    0    0    0    0    0    0    0    0    0    0    0      0
    27    0    0    0    0    0    0    0    0    0    0    0    0    0    0    0    0    0    0    0    0      0
    28    0    0    0    0    0    0    0    0    0    0    0    0    0    0    0    0    0    0    0    0      0
    29    0    0    0    0    0    0    0    0    0    0    0    0    0    0    0    0    0    0    0    0      0
    30    0    0    0    0    0    0    0    0    0    0    0    0    0    0    0    0    0    0    0    0      0
    31    0    0    0    0    0    0    0    0    0    0    0    0    0    0    0    0    0    0    0    0      0
    32    0    0    0    0    0    0    0    0    0    0    0    0    0    0    0    0    0    0    0    0      0
    33    0    0    0    0    0    0    0    0    0    0    0    0    0    0    0    0    0    0    0    0      0
    34    0    0    0    0    0    0    0    0    0    0    0    0    0    0    0    0    0    0    0    0      0
    35    0    0    0    0    0    0    0    0    0    0    0    0    0    0    0    0    0    0    0    0      0
    36    0    0    0    0    0    0    0    0    0    0    0    0    0    0    0    0    0    0    0    0      0
    37    0    0    0    0    0    0    0    0    0    0    0    0    0    0    0    0    0    0    0    0      0
    38    0    0    0    0    0    0    0    0    0    0    0    0    0    0    0    0    0    0    0    0      0
    39    0    0    0    0    0    0    0    0    0    0    0    0    0    0    0    0    0    0    0    0      0
    40    0    0    0    0    0    0    0    0    0    0    0    0    0    0    0    0    0    0    0    0      0
    41    0    0    0    0    0    0    0    0    0    0    0    0    0    0    0    0    0    0    0    0      0
    42    0    0    0    0    0    0    0    0    0    0    0    0    0    0    0    0    0    0    0    0      0
    43    0    0    0    0    0    0    0    0    0    0    0    0    0    0    0    0    0    0    0    0      0
    44    0    0    0    0    0    0    0    0    0    0    0    0    0    0    0    0    0    0    0    0      0
    45    0    0    0    0    0    0    0    0    0    0    0    0    0    0    0    0    0    0    0    0      0
    46    0    0    0    0    0    0    0    0    0    0    0    0    0    0    0    0    0    0    0    0      0
    47    0    0    0    0    0    0    0    0    0    0    0    0    0    0    0    0    0    0    0    0      0
    48    0    0    0    0    0    0    0    0    0    0    0    0    0    0    0    0    0    0    0    0      0
    49    0    0    0    0    0    0    0    0    0    0    0    0    0    0    0    0    0    0    0    0      0
    50    0    0    0    0    0    0    0    0    0    0    0    0    0    0    0    0    0    0    0    0      0
    51    0    0    0    0    0    0    0    0    0    0    0    0    0    0    0    0    0    0    0    0      0
    52    0    0    0    0    0    0    0    0    0    0    0    0    0    0    0    0    0    0    0    0      0
    53    0    0    0    0    0    0    0    0    0    0    0    0    0    0    0    0    0    0    0    0      0
    54    0    0    0    0    0    0    0    0    0    0    0    0    0    0    0    0    0    0    0    0      0
    55    0    0    0    0    0    0    0    0    0    0    0    0    0    0    0    0    0    0    0    0      0
    56    0    0    0    0    0    0    0    0    0    0    0    0    0    0    0    0    0    0    0    0      0
    57    0    0    0    0    0    0    0    0    0    0    0    0    0    0    0    0    0    0    0    0      0
    58    0    0    0    0    0    0    0    0    0    0    0    0    0    0    0    0    0    0    0    0      0
    59    0    0    0    0    0    0    0    0    0    0    0    0    0    0    0    0    0    0    0    0      0
    60    0    0    0    0    0    0    0    0    0    0    0    0    0    0    0    0    0    0    0    0      0
    61    0    0    0    0    0    0    0    0    0    0    0    0    0    0    0    0    0    0    0    0      0
    62    0    0    0    0    0    0    0    0    0    0    0    0    0    0    0    0    0    0    0    0      0
    63    0    0    0    0    0    0    0    0    0    0    0    0    0    0    0    0    0    0    0    0      0
    64    0    0    0    0    0    0    0    0    0    0    0    0    0    0    0    0    0    0    0    0      0
    65    0    0    0    0    0    0    0    0    0    0    0    0    0    0    0    0    0    0    0    0      0
    66    0    0    0    0    0    0    0    0    0    0    0    0    0    0    0    0    0    0    0    0      0
    67    0    0    0    0    0    0    0    0    0    0    0    0    0    0    0    0    0    0    0    0      0
    68    0    0    0    0    0    0    0    0    0    0    0    0    0    0    0    0    0    0    0    0      0
    69    0    0    0    0    0    0    0    0    0    0    0    0    0    0    0    0    0    0    0    0      0
    70    0    0    0    0    0    0    0    0    0    0    0    0    0    0    0    0    0    0    0    0      0
    71    0    0    0    0    0    0    0    0    0    0    0    0    0    0    0    0    0    0    0    0      0
    72    0    0    0    0    0    0    0    0    0    0    0    0    0    0    0    0    0    0    0    0      0
    73    0    0    0    0    0    0    0    0    0    0    0    0    0    0    0    0    0    0    0    0      0
    74    0    0    0    0    0    0    0    0    0    0    0    0    0    0    0    0    0    0    0    0      0
    75    0    0    0    0    0    0    0    0    0    0    0    0    0    0    0    0    0    0    0    0      0
    76    0    0    0    0    0    0    0    0    0    0    0    0    0    0    0    0    0    0    0    0      0
    77    0    0    0    0    0    0    0    0    0    0    0    0    0    0    0    0    0    0    0    0      0
    78    0    0    0    0    0    0    0    0    0    0    0    0    0    0    0    0    0    0    0    0      0
    79    0    0    0    0    0    0    0    0    0    0    0    0    0    0    0    0    0    0    0    0      0
    80    0    0    0    0    0    0    0    0    0    0    0    0    0    0    0    0    0    0    0    0      0
    81    0    0    0    0    0    0    0    0    0    0    0    0    0    0    0    0    0    0    0    0      0
    82    0    0    0    0    0    0    0    0    0    0    0    0    0    0    0    0    0    0    0    0      0
    83    0    0    0    0    0    0    0    0    0    0    0    0    0    0    0    0    0    0    0    0      0
    84    0    0    0    0    0    0    0    0    0    0    0    0    0    0    0    0    0    0    0    0      0
    85    0    0    0    0    0    0    0    0    0    0    0    0    0    0    0    0    0    0    0    0      0
    86    0    0    0    0    0    0    0    0    0    0    0    0    0    0    0    0    0    0    0    0      0
    87    0    0    0    0    0    0    0    0    0    0    0    0    0    0    0    0    0    0    0    0      0
    88    0    0    0    0    0    0    0    0    0    0    0    0    0    0    0    0    0    0    0    0      0
    89    0    0    0    0    0    0    0    0    0    0    0    0    0    0    0    0    0    0    0    0      0
    90    0    0    0    0    0    0    0    0    0    0    0    0    0    0    0    0    0    0    0    0      0
    91    0    0    0    0    0    0    0    0    0    0    0    0    0    0    0    0    0    0    0    0      0
    92    0    0    0    0    0    0    0    0    0    0    0    0    0    0    0    0    0    0    0    0      0
    93    0    0    0    0    0    0    0    0    0    0    0    0    0    0    0    0    0    0    0    0      0
    94    0    0    0    0    0    0    0    0    0    0    0    0    0    0    0    0    0    0    0    0      0
    95    0    0    0    0    0    0    0    0    0    0    0    0    0    0    0    0    0    0    0    0      0
    96    0    0    0    0    0    0    0    0    0    0    0    0    0    0    0    0    0    0    0    0      0
    97    0    0    0    0    0    0    0    0    0    0    0    0    0    0    0    0    0    0    0    0      0
    98    0    0    0    0    0    0    0    0    0    0    0    0    0    0    0    0    0    0    0    0      0
    99    0    0    0    0    0    0    0    0    0    0    0    0    0    0    0    0    0    0    0    0      0
   100    0    0    0    0    0    0    0    0    0    0    0    0    0    0    0    0    0    0    0    0      0
     0   79  253  410  505  728  912 1115 1353 1554 1725 1926 2055 2260 2399 2534 2560 2686 2728 2796 2849  33427
1AZIMUTHAL ANGLE - POLAR ANGLE IN COS-INTERVALS (0.05) (BACKWARD SPUTTERED PARTICLES) , 1.LAYER , SPECIES 1

     0    1    2    3    4    5    6    7    8    9   10   11   12   13   14   15   16   17   18   19   20      0
     3    1   10    6    8    9   17   21   23   27   46   33   43   39   34   45   38   52   53   51   44    600
     6    1    6    6    5   12   11   17   21   21   17   37   38   31   46   35   48   34   25   50   45    506
     9    2    6    4   13   14   13   18   20   25   23   38   30   36   40   35   45   45   34   42   61    544
    12    1    5    6   10    9   20   19   22   25   28   25   42   34   46   41   50   52   42   50   37    564
    15    0    4    3   10   13   10   21   25   28   45   38   33   28   33   35   37   31   59   45   49    547
    18    0    3    5   11   10   16   28   18   20   31   33   34   38   42   34   35   33   41   39   50    521
    21    0    1    6    3   13   17   20   25   27   32   36   23   38   46   41   46   50   52   52   47    575
    24    2    5    5    9   11   15   17   20   24   22   34   28   31   36   47   48   45   44   41   45    529
    27    2    1    8    5    8   14   12   30   20   30   43   26   44   41   53   38   49   50   45   46    565
    30    0    4    6    5   10   14   17   26   31   20   51   28   43   36   34   36   53   51   50   38    553
    33    1    5    9    5   18   18   21   19   29   27   20   40   44   33   46   44   40   63   49   45    576
    36    2    5    7   11   20   19   17   20   24   23   32   44   40   37   35   46   40   44   47   43    556
    39    1    9   10    9   12   14   18   23   27   25   26   36   25   42   40   44   55   49   46   50    561
    42    1    1    7   14   15   12   15   23   22   34   38   47   39   45   44   41   46   40   48   47    579
    45    2    4    7    5    9   17   23   28   21   37   28   45   27   45   40   37   44   46   47   57    569
    48    0    4    5   14    9   13   15   26   21   31   25   41   39   43   50   43   32   38   50   44    543
    51    1    4    4   11    9   16   25   21   21   24   37   27   31   47   46   29   27   37   39   40    496
    54    3    6    5    9    7   17   17   14   24   27   34   26   38   45   38   35   43   40   35   52    515
    57    1    8    3    7   21   16   20   21   30   16   37   26   48   42   40   44   50   49   54   47    580
    60    1    6    3    9   14   18   15   29   30   23   24   38   36   36   50   42   48   44   57   48    571
    63    0    4    6   10   16   21   16   23   27   36   34   42   37   47   44   43   46   60   45   44    601
    66    2    1    3    9    8   17   10   19   28   33   37   32   43   41   33   35   41   39   38   52    521
    69    2    1   16   10   11   15   33   15   26   25   38   40   33   40   41   47   44   45   44   44    570
    72    1    1    5   10   12   13   12   12   21   28   36   34   35   32   44   52   52   49   41   34    524
    75    2    2    7    8    8    9   24   25   19   39   30   40   34   40   39   38   42   41   37   44    528
    78    0    5   10    6    9   17   23   17   26   30   35   28   37   36   47   44   26   51   46   59    552
    81    1    3   10   12    5   11   17   22   26   28   30   37   37   34   44   46   37   52   47   46    545
    84    2    8    4   10   12   19   11   23   29   27   27   35   31   46   44   46   54   40   34   59    561
    87    1    5    9   13   14   13   12   24   28   34   29   30   43   39   50   38   46   43   41   51    563
    90    3    8    8    9   14   11   18   21   18   38   29   26   36   45   37   46   54   41   51   41    554
    93    1    4    9    9   11   14   17   25   23   27   36   40   40   32   43   44   57   44   51   48    575
    96    1    3    6    5   13   12   16   23   23   22   28   42   30   51   40   38   39   45   45   44    526
    99    0    5    6    4   12   17   19   30   25   17   30   33   50   40   33   33   43   35   54   43    529
   102    4    2   10    5   11   16   16   28   32   36   26   39   31   39   47   44   35   46   45   34    546
   105    2    3   10    5   13   11   22   23   32   47   38   33   33   39   43   38   54   49   44   54    593
   108    4    6    5    3   10   18   25   27   27   33   36   39   37   45   45   53   40   43   45   46    587
   111    1   10    5    5    9   20   16   22   33   27   30   26   35   40   32   51   52   53   50   51    568
   114    1    3    9    9   13    9   17   21   24   24   28   39   44   45   36   51   49   47   52   57    578
   117    0    5    5   12   10   15   22   24   33   25   36   20   49   47   54   35   32   58   55   58    595
   120    1    5    5    8   16   22   14   24   40   36   35   41   32   39   46   33   49   45   38   62    591
   123    1    1    4   11   14   24   22   24   25   23   27   32   38   43   40   46   41   49   62   54    581
   126    2    2    7   10   16   18   22   15   29   23   28   37   42   47   38   32   45   46   47   43    549
   129    3    4    8    3   17   14   15   17   22   24   37   31   40   38   51   48   36   48   48   44    548
   132    2    3    9    5   12    8   18   29   33   30   27   36   40   37   44   42   59   51   41   51    577
   135    2    3   10    3    8   12   16   26   28   33   29   38   36   38   46   48   36   48   43   44    547
   138    3    8    8   11   10   21   21   30   20   27   32   38   37   33   50   38   61   48   49   42    587
   141    1    5   11    9   14   19   18   27   21   33   33   41   43   45   38   46   56   33   55   54    602
   144    1    4    5   10   15   12   18   21   32   34   23   31   37   33   49   56   50   33   49   51    564
   147    2    2    5   11   11   14   18   14   19   32   22   19   43   50   46   37   45   47   51   46    534
   150    0    5    7   13   10   19   23   21   28   27   31   36   43   37   45   38   41   39   47   47    557
   153    1    5    6    5   16   14   20   23   30   39   42   29   44   36   38   49   53   52   49   41    592
   156    1    4   10   14   14   18   22   16   17   22   32   42   39   44   40   49   50   45   43   53    575
   159    0    4   12    8    5   12   19   22   14   23   33   33   34   32   43   41   44   36   63   51    529
   162    2    1    8   13   13   17   18   24   40   15   35   30   39   39   57   46   36   52   48   58    591
   165    0    7    4   13   16    7   17   32   22   30   38   30   45   39   40   41   39   34   48   39    541
   168    0    4    4    7   13   12   17   16   32   29   34   24   42   40   35   47   44   49   50   45    544
   171    2    6    7    4   14   19   18   29   22   19   20   36   35   32   50   45   57   47   46   52    560
   174    3    2    9    2   16   18   22   26   30   28   29   36   42   38   41   48   46   49   41   50    576
   177    1    1    8   11   13   15   17   18   30   29   31   31   19   33   31   46   40   42   37   42    495
   180    1    1    5    7   11   12   18   21   23   32   26   34   46   33   41   36   46   53   39   36    521
     0   79  253  410  505  728  912 1115 1353 1554 1725 1926 2055 2260 2399 2534 2560 2686 2728 2796 2849  33427
