1
      *** PROGRAM TRVMC95 ***


                              * INPUT DATA *


       Z1        M1          E0       ALPHA       EF        ESB      SHEATH     ERC
     18.00     39.95      1646.00      0.00      0.10      0.00   4938.00      4.70

       NH        RI           X0        RD        CW        CA       KK0   KK0R   KDEE1  KDEE2  IPOT   IPOTR   IRL
     99999 716381.00         0.00    100.00      2.00      1.00       2      2      3      3      1      1      3


             DX      RHO    CK  Z(,1) Z(,2) Z(,3) Z(,4) Z(,5)  M(,1)  M(,2)  M(,3)  M(,4)  M(,5) C(,1) C(,2) C(,3) C(,4) C(,5)

 1.LAYER 10000.00   2.25   1.00    6.    0.    0.    0.    0.  12.01   0.00   0.00   0.00   0.00 1.000 0.000 0.000 0.000 0.000


                           ***  SBE(LAYER,ELEMENT)  ***     ***     ED(LAYER,ELEMENT)     ***     ***   BE(LAYER,ELEMENT)  ***

 1.LAYER                   7.41  0.00  0.00  0.00  0.00     30.00   0.00   0.00   0.00   0.00     0.10  0.00  0.00  0.00  0.00


       INTERACTION POTENTIAL : PROJECTILE-TARGET : KR-C POTENTIAL     TARGET-TARGET : KR-C POTENTIAL    


       INELASTIC LOSS MODEL  : PROJECTILE-TARGET : 50% LS 50% OR      TARGET-TARGET : 50% LS 50% OR     
1

                              * OUTPUT DATA *


                 HLM       HLMT        SU       SUT        XC        RT       SFE      INEL         L        LJ
               0.0000 10000.000    3.5029 10003.503   -3.5029  9900.000      7.41         0         1         1


                NPROJ       KIB       KIT      MAXA      NALL       NPA       NSA       KIS      KIST
                34978         0         0       285  31043408   1941333  17271445     89559         0


            EPS0(I)       Z2(I)       M2(I)     ARHO(I)       LM(I)     PMAX(I)     ASIG(I)       SB(I)       XX(I)        NJ(I)

 1.LAYER   0.3228E-01  0.6000E+01  0.1201E+02  0.1128E+00  0.2070E+01  0.1168E+01  0.2335E+00  0.7410E+01  0.1000E+05         1


             A1(1)   A1(2)   A1(3)   A1(4)   A1(5)   A1(6)   A1(7)   A1(8)   A1(9)  A1(10)  A1(11)  A1(12)  A1(13)  A1(14)  A1(15)

           0.13193


           KOR1(1) KOR1(2) KOR1(3) KOR1(4) KOR1(5) KOR1(6) KOR1(7) KOR1(8) KOR1(9) KOR1(A) KOR1(B) KOR1(C) KOR1(D) KOR1(E) KOR1(F)

           0.73577


            A(I,1)  A(I,2)  A(I,3)  A(I,4)  A(I,5)  A(I,6)  A(I,7)  A(I,8)  A(I,9) A(I,10) A(I,11) A(I,12) A(I,13) A(I,14) A(I,15)

           0.16242


           KOR(,1) KOR(,2) KOR(,3) KOR(,4) KOR(,5) KOR(,6) KOR(,7) KOR(,8) KOR(,9) KOR(,A) KOR(,B) KOR(,C) KOR(,D) KOR(,E) KOR(,F)

           0.46963
1

         IMPLANTED PARTICLES=  99999     ENERGY=0.1646E+09 EV
     BACKSCATTERED PARTICLES=      0     ENERGY=0.0000E+00 EV
       TRANSMITTED PARTICLES=      0     ENERGY=0.0000E+00 EV
     BACKSPUTTERED PARTICLES=  40132     ENERGY=0.8084E+06 EV
    TRANSM. SPUTT. PARTICLES=      0     ENERGY=0.0000E+00 EV


  PROJECTILES :   MEAN NUMBER OF ELASTIC COLLISIONS =     20.7   MEAN NUMBER OF EL.COLL.(E > EDISPL.) =    9.229
                                                                 MEAN NUMBER OF EL.COLL.(E > SB(1))   =   17.994

                       MEAN        VARIANCE      SKEWNESS      KURTOSIS        SIGMA       ERROR 1.M     ERROR 2.M     ERROR 3.M 
  PENETRATION       3.4911E+01    1.0835E+02    4.1388E-01    3.0100E+00    1.0409E+01    3.2916E-02    4.8574E-01    7.2920E-03
       SPREAD       1.1750E+01    4.1452E+01    7.6173E-01    3.5731E+00    6.4383E+00    2.0360E-02    2.1027E-01    9.0791E-03
   PATHLENGTH       4.0891E+01    1.2207E+02    3.5732E-01    2.9322E+00    1.1048E+01    3.4938E-02    5.3657E-01    7.1200E-03
 ELASTIC LOSS       1.5519E+03    9.6062E+02                                3.0994E+01    3.0994E-04
   INEL. LOSS       9.4093E+01    9.6062E+02                                3.0994E+01    3.0994E-04

                       MEAN        VARIANCE      SKEWNESS      KURTOSIS        SIGMA       ERROR 1.M     ERROR 2.M     ERROR 3.M 
   ELAST.LOSS       7.1537E+01    1.6001E+04    3.7895E+00    2.0772E+01    1.2650E+02    8.7957E-02    4.9473E+01    5.8401E-03
 WEAK EL.LOSS       3.4956E+00    6.5797E+00    1.0291E+00    3.5283E+00    2.5651E+00    1.7836E-03    7.2747E-03    1.3636E-03
 INELAST.LOSS       4.5493E+00    7.6812E+00    1.5454E-02    1.8493E+00    2.7715E+00    1.9271E-03    4.9222E-03    1.0497E-03
  SUBTHR.LOSS       1.3503E+01    5.5920E+01    3.1102E-01    2.2678E+00    7.4780E+00    6.9873E-03    5.8833E-02    1.3363E-03

                     1.MOMENT      2.MOMENT      3.MOMENT      4.MOMENT      5.MOMENT      6.MOMENT 
  PENETRATION       3.4911E+01    1.3271E+03    5.4363E+04    2.3782E+06    1.1028E+08    5.3854E+09



  RECOILES (PER PROJ.)   :   MEAN NUMBER OF ELASTIC COLLISIONS =    305.0   MEAN NUMBER OF EL.COLL.(E > EDISPL.) =     13.907
                                                                            MEAN NUMBER OF EL.COLL.(E > SB(1))   =     93.887

  RECOILES (PER KNOCKON) :   MEAN NUMBER OF ELASTIC COLLISIONS =    1.587   MEAN NUMBER OF EL.COLL.(E > EDISPL.) =      0.072
                                                                            MEAN NUMBER OF EL.COLL.(E > SB(1))   =      0.489

1


     DEPTH(A)  PARTICLES  NORM.DEPTH PATHLENGTH   INLOSS(EV)  TELOSS(EV)  ELLOSS(EV)  DAMAGE(EV)  PHONON(EV)  CASCAD(EV)     DPA

    -SU-    0.         0  0.0000E+00
     0.-    2.         0  0.0000E+00         0    7.9201E+05  1.1435E+07  1.1286E+07  1.0676E+07  6.1043E+05  8.9372E+06   47249
     2.-    4.         0  0.0000E+00         0    7.8665E+05  1.1190E+07  1.1027E+07  1.0407E+07  6.2017E+05  8.7270E+06   48412
     4.-    6.         0  0.0000E+00         0    7.5635E+05  1.0982E+07  1.0800E+07  1.0163E+07  6.3696E+05  8.5391E+06   49890
     6.-    8.         5  0.5000E-04         0    7.2322E+05  1.0812E+07  1.0608E+07  9.9567E+06  6.5169E+05  8.3819E+06   51628
     8.-   10.        43  0.4300E-03         0    6.8933E+05  1.0533E+07  1.0302E+07  9.6302E+06  6.7211E+05  8.1232E+06   52991
    10.-   12.       181  0.1810E-02         4    6.5290E+05  1.0214E+07  9.9514E+06  9.2488E+06  7.0253E+05  7.8192E+06   54502
    12.-   14.       467  0.4670E-02        47    6.1424E+05  9.9161E+06  9.6178E+06  8.8952E+06  7.2263E+05  7.5356E+06   55951
    14.-   16.      1021  0.1021E-01       134    5.7294E+05  9.4436E+06  9.1088E+06  8.3498E+06  7.5904E+05  7.0874E+06   56096
    16.-   18.      1798  0.1798E-01       376    5.3100E+05  8.9649E+06  8.5934E+06  7.7989E+06  7.9445E+05  6.6337E+06   56067
    18.-   20.      2707  0.2707E-01       785    4.8668E+05  8.3987E+06  7.9958E+06  7.1694E+06  8.2635E+05  6.1096E+06   54730
    20.-   22.      3668  0.3668E-01      1373    4.4144E+05  7.8015E+06  7.3730E+06  6.5289E+06  8.4408E+05  5.5733E+06   52861
    22.-   24.      4799  0.4799E-01      2196    3.9580E+05  7.0945E+06  6.6503E+06  5.8037E+06  8.4662E+05  4.9640E+06   49941
    24.-   26.      5923  0.5923E-01      3104    3.4805E+05  6.4168E+06  5.9714E+06  5.1367E+06  8.3467E+05  4.4002E+06   46195
    26.-   28.      6690  0.6690E-01      4073    3.0366E+05  5.6373E+06  5.2028E+06  4.3973E+06  8.0552E+05  3.7738E+06   41886
    28.-   30.      7315  0.7315E-01      5126    2.6186E+05  4.9926E+06  4.5726E+06  3.8107E+06  7.6191E+05  3.2736E+06   37753
    30.-   32.      7554  0.7554E-01      5920    2.2031E+05  4.2908E+06  3.9009E+06  3.1953E+06  7.0559E+05  2.7476E+06   32603
    32.-   34.      7498  0.7498E-01      6620    1.8347E+05  3.6082E+06  3.2517E+06  2.6144E+06  6.3732E+05  2.2522E+06   28183
    34.-   36.      7269  0.7269E-01      7011    1.5046E+05  3.0140E+06  2.6951E+06  2.1291E+06  5.6604E+05  1.8361E+06   23731
    36.-   38.      6924  0.6924E-01      7180    1.2146E+05  2.4503E+06  2.1719E+06  1.6771E+06  4.9483E+05  1.4480E+06   19413
    38.-   40.      6301  0.6301E-01      7211    9.6025E+04  1.9785E+06  1.7402E+06  1.3177E+06  4.2252E+05  1.1386E+06   15662
    40.-   42.      5715  0.5715E-01      6846    7.5101E+04  1.5687E+06  1.3694E+06  1.0153E+06  3.5409E+05  8.7805E+05   12387
    42.-   44.      4992  0.4992E-01      6249    5.7081E+04  1.2072E+06  1.0435E+06  7.5664E+05  2.8681E+05  6.5516E+05    9613
    44.-   46.      4214  0.4214E-01      5730    4.3367E+04  9.1265E+05  7.8080E+05  5.4384E+05  2.3695E+05  4.7145E+05    7171
    46.-   48.      3532  0.3532E-01      5152    3.1980E+04  6.9266E+05  5.8948E+05  4.0911E+05  1.8037E+05  3.5487E+05    5510
    48.-   50.      2883  0.2883E-01      4634    2.3091E+04  5.0657E+05  4.2765E+05  2.9051E+05  1.3715E+05  2.5226E+05    4031
    50.-   52.      2301  0.2301E-01      4132    1.6572E+04  3.6333E+05  3.0364E+05  1.9764E+05  1.0600E+05  1.7178E+05    2821
    52.-   54.      1810  0.1810E-01      3568    1.1471E+04  2.5185E+05  2.0835E+05  1.3099E+05  7.7357E+04  1.1392E+05    1926
    54.-   56.      1292  0.1292E-01      2908    7.9004E+03  1.7486E+05  1.4389E+05  8.8832E+04  5.5061E+04  7.7283E+04    1311
    56.-   58.       995  0.9950E-02      2395    5.2528E+03  1.1853E+05  9.6961E+04  5.8575E+04  3.8386E+04  5.0940E+04     864
    58.-   60.       672  0.6720E-02      1991    3.5251E+03  7.8879E+04  6.3859E+04  3.6890E+04  2.6970E+04  3.2138E+04     572
    60.-   62.       480  0.4800E-02      1486    2.3476E+03  5.2632E+04  4.2408E+04  2.4194E+04  1.8214E+04  2.1092E+04     380
    62.-   64.       317  0.3170E-02      1121    1.4635E+03  3.4027E+04  2.7178E+04  1.5029E+04  1.2148E+04  1.3081E+04     234
    64.-   66.       230  0.2300E-02       756    9.4957E+02  2.1939E+04  1.7306E+04  8.9424E+03  8.3632E+03  7.8083E+03     151
    66.-   68.       161  0.1610E-02       512    5.7131E+02  1.3678E+04  1.0806E+04  5.7094E+03  5.0964E+03  4.9720E+03      89
    68.-   70.       104  0.1040E-02       464    3.1281E+02  7.2852E+03  5.6183E+03  2.4978E+03  3.1205E+03  2.1901E+03      47
    70.-   72.        61  0.6100E-03       315    1.8058E+02  4.5365E+03  3.5621E+03  1.8574E+03  1.7047E+03  1.6131E+03      28
    72.-   74.        31  0.3100E-03       213    1.0474E+02  2.4103E+03  1.8501E+03  8.1650E+02  1.0336E+03  7.1649E+02      16
    74.-   76.        23  0.2300E-03       154    5.6043E+01  1.3002E+03  9.5269E+02  3.6452E+02  5.8817E+02  3.2105E+02       8
    76.-   78.         9  0.9000E-04        97    2.6445E+01  6.5366E+02  4.9949E+02  1.6544E+02  3.3406E+02  1.4508E+02       3
    78.-   80.         8  0.8000E-04        54    1.3718E+01  4.3740E+02  3.4528E+02  2.2587E+02  1.1942E+02  1.9614E+02       3
    80.-   82.         5  0.5000E-04        28    5.2366E+00  1.2028E+02  8.1736E+01  0.0000E+00  8.1736E+01  0.0000E+00       0
    82.-   84.         0  0.0000E+00        15    2.0047E+00  7.1322E+01  5.9085E+01  4.0337E+01  1.8748E+01  3.5630E+01       1
    84.-   86.         1  0.1000E-04         7    7.3525E-01  1.7316E+01  8.7233E+00  0.0000E+00  8.7233E+00  0.0000E+00       0
    86.-   88.         0  0.0000E+00         5    0.0000E+00  0.0000E+00  0.0000E+00  0.0000E+00  0.0000E+00  0.0000E+00       0
    88.-   90.         0  0.0000E+00         4    0.0000E+00  0.0000E+00  0.0000E+00  0.0000E+00  0.0000E+00  0.0000E+00       0
    90.-   92.         0  0.0000E+00         1    0.0000E+00  0.0000E+00  0.0000E+00  0.0000E+00  0.0000E+00  0.0000E+00       0
    92.-   94.         0  0.0000E+00         1    0.0000E+00  0.0000E+00  0.0000E+00  0.0000E+00  0.0000E+00  0.0000E+00       0
    94.-   96.         0  0.0000E+00         1    0.0000E+00  0.0000E+00  0.0000E+00  0.0000E+00  0.0000E+00  0.0000E+00       0
    96.-   98.         0  0.0000E+00         0    0.0000E+00  0.0000E+00  0.0000E+00  0.0000E+00  0.0000E+00  0.0000E+00       0
    98.-  100.         0  0.0000E+00         0    0.0000E+00  0.0000E+00  0.0000E+00  0.0000E+00  0.0000E+00  0.0000E+00       0
   100.-  102.         0  0.0000E+00         0    0.0000E+00  0.0000E+00  0.0000E+00  0.0000E+00  0.0000E+00  0.0000E+00       0
   102.-  104.         0  0.0000E+00         0    0.0000E+00  0.0000E+00  0.0000E+00  0.0000E+00  0.0000E+00  0.0000E+00       0
   104.-  106.         0  0.0000E+00         0    0.0000E+00  0.0000E+00  0.0000E+00  0.0000E+00  0.0000E+00  0.0000E+00       0
   106.-  108.         0  0.0000E+00         0    0.0000E+00  0.0000E+00  0.0000E+00  0.0000E+00  0.0000E+00  0.0000E+00       0
   108.-  110.         0  0.0000E+00         0    0.0000E+00  0.0000E+00  0.0000E+00  0.0000E+00  0.0000E+00  0.0000E+00       0
   110.-  112.         0  0.0000E+00         0    0.0000E+00  0.0000E+00  0.0000E+00  0.0000E+00  0.0000E+00  0.0000E+00       0
   112.-  114.         0  0.0000E+00         0    0.0000E+00  0.0000E+00  0.0000E+00  0.0000E+00  0.0000E+00  0.0000E+00       0
   114.-  116.         0  0.0000E+00         0    0.0000E+00  0.0000E+00  0.0000E+00  0.0000E+00  0.0000E+00  0.0000E+00       0
   116.-  118.         0  0.0000E+00         0    0.0000E+00  0.0000E+00  0.0000E+00  0.0000E+00  0.0000E+00  0.0000E+00       0
   118.-  120.         0  0.0000E+00         0    0.0000E+00  0.0000E+00  0.0000E+00  0.0000E+00  0.0000E+00  0.0000E+00       0
   120.-  122.         0  0.0000E+00         0    0.0000E+00  0.0000E+00  0.0000E+00  0.0000E+00  0.0000E+00  0.0000E+00       0
   122.-  124.         0  0.0000E+00         0    0.0000E+00  0.0000E+00  0.0000E+00  0.0000E+00  0.0000E+00  0.0000E+00       0
   124.-  126.         0  0.0000E+00         0    0.0000E+00  0.0000E+00  0.0000E+00  0.0000E+00  0.0000E+00  0.0000E+00       0
   126.-  128.         0  0.0000E+00         0    0.0000E+00  0.0000E+00  0.0000E+00  0.0000E+00  0.0000E+00  0.0000E+00       0
   128.-  130.         0  0.0000E+00         0    0.0000E+00  0.0000E+00  0.0000E+00  0.0000E+00  0.0000E+00  0.0000E+00       0
   130.-  132.         0  0.0000E+00         0    0.0000E+00  0.0000E+00  0.0000E+00  0.0000E+00  0.0000E+00  0.0000E+00       0
   132.-  134.         0  0.0000E+00         0    0.0000E+00  0.0000E+00  0.0000E+00  0.0000E+00  0.0000E+00  0.0000E+00       0
   134.-  136.         0  0.0000E+00         0    0.0000E+00  0.0000E+00  0.0000E+00  0.0000E+00  0.0000E+00  0.0000E+00       0
   136.-  138.         0  0.0000E+00         0    0.0000E+00  0.0000E+00  0.0000E+00  0.0000E+00  0.0000E+00  0.0000E+00       0
   138.-  140.         0  0.0000E+00         0    0.0000E+00  0.0000E+00  0.0000E+00  0.0000E+00  0.0000E+00  0.0000E+00       0
   140.-  142.         0  0.0000E+00         0    0.0000E+00  0.0000E+00  0.0000E+00  0.0000E+00  0.0000E+00  0.0000E+00       0
   142.-  144.         0  0.0000E+00         0    0.0000E+00  0.0000E+00  0.0000E+00  0.0000E+00  0.0000E+00  0.0000E+00       0
   144.-  146.         0  0.0000E+00         0    0.0000E+00  0.0000E+00  0.0000E+00  0.0000E+00  0.0000E+00  0.0000E+00       0
   146.-  148.         0  0.0000E+00         0    0.0000E+00  0.0000E+00  0.0000E+00  0.0000E+00  0.0000E+00  0.0000E+00       0
   148.-  150.         0  0.0000E+00         0    0.0000E+00  0.0000E+00  0.0000E+00  0.0000E+00  0.0000E+00  0.0000E+00       0
   150.-  152.         0  0.0000E+00         0    0.0000E+00  0.0000E+00  0.0000E+00  0.0000E+00  0.0000E+00  0.0000E+00       0
   152.-  154.         0  0.0000E+00         0    0.0000E+00  0.0000E+00  0.0000E+00  0.0000E+00  0.0000E+00  0.0000E+00       0
   154.-  156.         0  0.0000E+00         0    0.0000E+00  0.0000E+00  0.0000E+00  0.0000E+00  0.0000E+00  0.0000E+00       0
   156.-  158.         0  0.0000E+00         0    0.0000E+00  0.0000E+00  0.0000E+00  0.0000E+00  0.0000E+00  0.0000E+00       0
   158.-  160.         0  0.0000E+00         0    0.0000E+00  0.0000E+00  0.0000E+00  0.0000E+00  0.0000E+00  0.0000E+00       0
   160.-  162.         0  0.0000E+00         0    0.0000E+00  0.0000E+00  0.0000E+00  0.0000E+00  0.0000E+00  0.0000E+00       0
   162.-  164.         0  0.0000E+00         0    0.0000E+00  0.0000E+00  0.0000E+00  0.0000E+00  0.0000E+00  0.0000E+00       0
   164.-  166.         0  0.0000E+00         0    0.0000E+00  0.0000E+00  0.0000E+00  0.0000E+00  0.0000E+00  0.0000E+00       0
   166.-  168.         0  0.0000E+00         0    0.0000E+00  0.0000E+00  0.0000E+00  0.0000E+00  0.0000E+00  0.0000E+00       0
   168.-  170.         0  0.0000E+00         0    0.0000E+00  0.0000E+00  0.0000E+00  0.0000E+00  0.0000E+00  0.0000E+00       0
   170.-  172.         0  0.0000E+00         0    0.0000E+00  0.0000E+00  0.0000E+00  0.0000E+00  0.0000E+00  0.0000E+00       0
   172.-  174.         0  0.0000E+00         0    0.0000E+00  0.0000E+00  0.0000E+00  0.0000E+00  0.0000E+00  0.0000E+00       0
   174.-  176.         0  0.0000E+00         0    0.0000E+00  0.0000E+00  0.0000E+00  0.0000E+00  0.0000E+00  0.0000E+00       0
   176.-  178.         0  0.0000E+00         0    0.0000E+00  0.0000E+00  0.0000E+00  0.0000E+00  0.0000E+00  0.0000E+00       0
   178.-  180.         0  0.0000E+00         0    0.0000E+00  0.0000E+00  0.0000E+00  0.0000E+00  0.0000E+00  0.0000E+00       0
   180.-  182.         0  0.0000E+00         0    0.0000E+00  0.0000E+00  0.0000E+00  0.0000E+00  0.0000E+00  0.0000E+00       0
   182.-  184.         0  0.0000E+00         0    0.0000E+00  0.0000E+00  0.0000E+00  0.0000E+00  0.0000E+00  0.0000E+00       0
   184.-  186.         0  0.0000E+00         0    0.0000E+00  0.0000E+00  0.0000E+00  0.0000E+00  0.0000E+00  0.0000E+00       0
   186.-  188.         0  0.0000E+00         0    0.0000E+00  0.0000E+00  0.0000E+00  0.0000E+00  0.0000E+00  0.0000E+00       0
   188.-  190.         0  0.0000E+00         0    0.0000E+00  0.0000E+00  0.0000E+00  0.0000E+00  0.0000E+00  0.0000E+00       0
   190.-  192.         0  0.0000E+00         0    0.0000E+00  0.0000E+00  0.0000E+00  0.0000E+00  0.0000E+00  0.0000E+00       0
   192.-  194.         0  0.0000E+00         0    0.0000E+00  0.0000E+00  0.0000E+00  0.0000E+00  0.0000E+00  0.0000E+00       0
   194.-  196.         0  0.0000E+00         0    0.0000E+00  0.0000E+00  0.0000E+00  0.0000E+00  0.0000E+00  0.0000E+00       0
   196.-  198.         0  0.0000E+00         0    0.0000E+00  0.0000E+00  0.0000E+00  0.0000E+00  0.0000E+00  0.0000E+00       0
   198.-  200.         0  0.0000E+00         0    0.0000E+00  0.0000E+00  0.0000E+00  0.0000E+00  0.0000E+00  0.0000E+00       0
   200.-   SUT         0  0.0000E+00

                   99999  1.0000E+00     99999    9.4092E+06  1.5519E+08  1.4796E+08  1.3249E+08  1.5465E+07  1.1241E+08  922910
1
     RECOILS



     DEPTH(A)     INLOSS(EV)   TELOSS(EV)   ELLOSS(EV)   DAMAGE(EV)   PHONON(EV)     DPA  DPA(1)  DPA(2)

     0.-    2.    2.6810E+05   5.0102E+06   3.9574E+06   8.2433E+05   3.1331E+06   14442   14442       0
     2.-    4.    4.8580E+05   8.2319E+06   6.7996E+06   2.2281E+06   4.5715E+06   33174   33174       0
     4.-    6.    6.8014E+05   1.1057E+07   9.2068E+06   3.2257E+06   5.9811E+06   46227   46227       0
     6.-    8.    8.3754E+05   1.3460E+07   1.1231E+07   4.0195E+06   7.2117E+06   56747   56747       0
     8.-   10.    9.6811E+05   1.5484E+07   1.2930E+07   4.6524E+06   8.2773E+06   65368   65368       0
    10.-   12.    1.0710E+06   1.7138E+07   1.4306E+07   5.1333E+06   9.1730E+06   72449   72449       0
    12.-   14.    1.1528E+06   1.8566E+07   1.5499E+07   5.5573E+06   9.9421E+06   78281   78281       0
    14.-   16.    1.2094E+06   1.9599E+07   1.6346E+07   5.8170E+06   1.0529E+07   82593   82593       0
    16.-   18.    1.2397E+06   2.0194E+07   1.6802E+07   5.8289E+06   1.0974E+07   84043   84043       0
    18.-   20.    1.2466E+06   2.0509E+07   1.7043E+07   5.8526E+06   1.1190E+07   84722   84722       0
    20.-   22.    1.2324E+06   2.0437E+07   1.6946E+07   5.7064E+06   1.1239E+07   83539   83539       0
    22.-   24.    1.2019E+06   2.0079E+07   1.6607E+07   5.4688E+06   1.1138E+07   81384   81384       0
    24.-   26.    1.1502E+06   1.9423E+07   1.6043E+07   5.1982E+06   1.0844E+07   77576   77576       0
    26.-   28.    1.0825E+06   1.8424E+07   1.5180E+07   4.8208E+06   1.0360E+07   72846   72846       0
    28.-   30.    1.0021E+06   1.7175E+07   1.4113E+07   4.3659E+06   9.7470E+06   66901   66901       0
    30.-   32.    9.1417E+05   1.5778E+07   1.2941E+07   3.9476E+06   8.9938E+06   60944   60944       0
    32.-   34.    8.2223E+05   1.4295E+07   1.1710E+07   3.5252E+06   8.1848E+06   54268   54268       0
    34.-   36.    7.2813E+05   1.2755E+07   1.0429E+07   3.0735E+06   7.3553E+06   47796   47796       0
    36.-   38.    6.3373E+05   1.1153E+07   9.0963E+06   2.6187E+06   6.4775E+06   41205   41205       0
    38.-   40.    5.4447E+05   9.6492E+06   7.8611E+06   2.2443E+06   5.6169E+06   35394   35394       0
    40.-   42.    4.6238E+05   8.2282E+06   6.6941E+06   1.8888E+06   4.8053E+06   30128   30128       0
    42.-   44.    3.8643E+05   6.8882E+06   5.5915E+06   1.5345E+06   4.0570E+06   24790   24790       0
    44.-   46.    3.1756E+05   5.6911E+06   4.6155E+06   1.2595E+06   3.3560E+06   20150   20150       0
    46.-   48.    2.5776E+05   4.6440E+06   3.7613E+06   1.0141E+06   2.7472E+06   16186   16186       0
    48.-   50.    2.0814E+05   3.7450E+06   3.0300E+06   8.0617E+05   2.2238E+06   13065   13065       0
    50.-   52.    1.6560E+05   3.0019E+06   2.4315E+06   6.5561E+05   1.7758E+06   10550   10550       0
    52.-   54.    1.3102E+05   2.3746E+06   1.9208E+06   5.1133E+05   1.4095E+06    8242    8242       0
    54.-   56.    1.0204E+05   1.8556E+06   1.5003E+06   4.0442E+05   1.0958E+06    6455    6455       0
    56.-   58.    7.8635E+04   1.4211E+06   1.1473E+06   2.9893E+05   8.4833E+05    4927    4927       0
    58.-   60.    6.1227E+04   1.0993E+06   8.8930E+05   2.3660E+05   6.5270E+05    3846    3846       0
    60.-   62.    4.6500E+04   8.4411E+05   6.8413E+05   1.9162E+05   4.9252E+05    3035    3035       0
    62.-   64.    3.5605E+04   6.4127E+05   5.1897E+05   1.4129E+05   3.7768E+05    2271    2271       0
    64.-   66.    2.7161E+04   4.8677E+05   3.9431E+05   1.0601E+05   2.8830E+05    1727    1727       0
    66.-   68.    2.0352E+04   3.6653E+05   2.9694E+05   8.1464E+04   2.1548E+05    1283    1283       0
    68.-   70.    1.5620E+04   2.7623E+05   2.2347E+05   5.9853E+04   1.6361E+05     980     980       0
    70.-   72.    1.1762E+04   2.0792E+05   1.6844E+05   4.4956E+04   1.2349E+05     722     722       0
    72.-   74.    9.0003E+03   1.5941E+05   1.2932E+05   3.6324E+04   9.3000E+04     564     564       0
    74.-   76.    6.9012E+03   1.2115E+05   9.8933E+04   2.9157E+04   6.9776E+04     446     446       0
    76.-   78.    5.3810E+03   9.6830E+04   7.9430E+04   2.5076E+04   5.4355E+04     401     401       0
    78.-   80.    4.0468E+03   7.1880E+04   5.8297E+04   1.6653E+04   4.1644E+04     275     275       0
    80.-   82.    2.9950E+03   5.4305E+04   4.4180E+04   1.2628E+04   3.1552E+04     210     210       0
    82.-   84.    2.2351E+03   3.9971E+04   3.2503E+04   8.4643E+03   2.4039E+04     145     145       0
    84.-   86.    1.6878E+03   3.0829E+04   2.4987E+04   7.2001E+03   1.7786E+04     115     115       0
    86.-   88.    1.2120E+03   2.1752E+04   1.7546E+04   4.5201E+03   1.3025E+04      66      66       0
    88.-   90.    9.1792E+02   1.6424E+04   1.3384E+04   3.6993E+03   9.6843E+03      53      53       0
    90.-   92.    6.4093E+02   1.1660E+04   9.4933E+03   2.7492E+03   6.7441E+03      43      43       0
    92.-   94.    5.1194E+02   9.0731E+03   7.3832E+03   2.0332E+03   5.3499E+03      38      38       0
    94.-   96.    3.6978E+02   6.8799E+03   5.5767E+03   1.2554E+03   4.3213E+03      20      20       0
    96.-   98.    2.4435E+02   4.1066E+03   3.2869E+03   5.8580E+02   2.7011E+03      12      12       0
    98.-  100.    1.8256E+02   3.3376E+03   2.7300E+03   7.8264E+02   1.9474E+03      16      16       0
   100.-  102.    1.0478E+02   1.5217E+03   1.1889E+03   1.9766E+02   9.9121E+02       4       4       0
   102.-  104.    3.9843E+00   8.0122E+01   5.7340E+01   0.0000E+00   5.7340E+01       0       0       0
   104.-  106.    0.0000E+00   0.0000E+00   0.0000E+00   0.0000E+00   0.0000E+00       0       0       0
   106.-  108.    0.0000E+00   0.0000E+00   0.0000E+00   0.0000E+00   0.0000E+00       0       0       0
   108.-  110.    0.0000E+00   0.0000E+00   0.0000E+00   0.0000E+00   0.0000E+00       0       0       0
   110.-  112.    0.0000E+00   0.0000E+00   0.0000E+00   0.0000E+00   0.0000E+00       0       0       0
   112.-  114.    0.0000E+00   0.0000E+00   0.0000E+00   0.0000E+00   0.0000E+00       0       0       0
   114.-  116.    0.0000E+00   0.0000E+00   0.0000E+00   0.0000E+00   0.0000E+00       0       0       0
   116.-  118.    0.0000E+00   0.0000E+00   0.0000E+00   0.0000E+00   0.0000E+00       0       0       0
   118.-  120.    0.0000E+00   0.0000E+00   0.0000E+00   0.0000E+00   0.0000E+00       0       0       0
   120.-  122.    0.0000E+00   0.0000E+00   0.0000E+00   0.0000E+00   0.0000E+00       0       0       0
   122.-  124.    0.0000E+00   0.0000E+00   0.0000E+00   0.0000E+00   0.0000E+00       0       0       0
   124.-  126.    0.0000E+00   0.0000E+00   0.0000E+00   0.0000E+00   0.0000E+00       0       0       0
   126.-  128.    0.0000E+00   0.0000E+00   0.0000E+00   0.0000E+00   0.0000E+00       0       0       0
   128.-  130.    0.0000E+00   0.0000E+00   0.0000E+00   0.0000E+00   0.0000E+00       0       0       0
   130.-  132.    0.0000E+00   0.0000E+00   0.0000E+00   0.0000E+00   0.0000E+00       0       0       0
   132.-  134.    0.0000E+00   0.0000E+00   0.0000E+00   0.0000E+00   0.0000E+00       0       0       0
   134.-  136.    0.0000E+00   0.0000E+00   0.0000E+00   0.0000E+00   0.0000E+00       0       0       0
   136.-  138.    0.0000E+00   0.0000E+00   0.0000E+00   0.0000E+00   0.0000E+00       0       0       0
   138.-  140.    0.0000E+00   0.0000E+00   0.0000E+00   0.0000E+00   0.0000E+00       0       0       0
   140.-  142.    0.0000E+00   0.0000E+00   0.0000E+00   0.0000E+00   0.0000E+00       0       0       0
   142.-  144.    0.0000E+00   0.0000E+00   0.0000E+00   0.0000E+00   0.0000E+00       0       0       0
   144.-  146.    0.0000E+00   0.0000E+00   0.0000E+00   0.0000E+00   0.0000E+00       0       0       0
   146.-  148.    0.0000E+00   0.0000E+00   0.0000E+00   0.0000E+00   0.0000E+00       0       0       0
   148.-  150.    0.0000E+00   0.0000E+00   0.0000E+00   0.0000E+00   0.0000E+00       0       0       0
   150.-  152.    0.0000E+00   0.0000E+00   0.0000E+00   0.0000E+00   0.0000E+00       0       0       0
   152.-  154.    0.0000E+00   0.0000E+00   0.0000E+00   0.0000E+00   0.0000E+00       0       0       0
   154.-  156.    0.0000E+00   0.0000E+00   0.0000E+00   0.0000E+00   0.0000E+00       0       0       0
   156.-  158.    0.0000E+00   0.0000E+00   0.0000E+00   0.0000E+00   0.0000E+00       0       0       0
   158.-  160.    0.0000E+00   0.0000E+00   0.0000E+00   0.0000E+00   0.0000E+00       0       0       0
   160.-  162.    0.0000E+00   0.0000E+00   0.0000E+00   0.0000E+00   0.0000E+00       0       0       0
   162.-  164.    0.0000E+00   0.0000E+00   0.0000E+00   0.0000E+00   0.0000E+00       0       0       0
   164.-  166.    0.0000E+00   0.0000E+00   0.0000E+00   0.0000E+00   0.0000E+00       0       0       0
   166.-  168.    0.0000E+00   0.0000E+00   0.0000E+00   0.0000E+00   0.0000E+00       0       0       0
   168.-  170.    0.0000E+00   0.0000E+00   0.0000E+00   0.0000E+00   0.0000E+00       0       0       0
   170.-  172.    0.0000E+00   0.0000E+00   0.0000E+00   0.0000E+00   0.0000E+00       0       0       0
   172.-  174.    0.0000E+00   0.0000E+00   0.0000E+00   0.0000E+00   0.0000E+00       0       0       0
   174.-  176.    0.0000E+00   0.0000E+00   0.0000E+00   0.0000E+00   0.0000E+00       0       0       0
   176.-  178.    0.0000E+00   0.0000E+00   0.0000E+00   0.0000E+00   0.0000E+00       0       0       0
   178.-  180.    0.0000E+00   0.0000E+00   0.0000E+00   0.0000E+00   0.0000E+00       0       0       0
   180.-  182.    0.0000E+00   0.0000E+00   0.0000E+00   0.0000E+00   0.0000E+00       0       0       0
   182.-  184.    0.0000E+00   0.0000E+00   0.0000E+00   0.0000E+00   0.0000E+00       0       0       0
   184.-  186.    0.0000E+00   0.0000E+00   0.0000E+00   0.0000E+00   0.0000E+00       0       0       0
   186.-  188.    0.0000E+00   0.0000E+00   0.0000E+00   0.0000E+00   0.0000E+00       0       0       0
   188.-  190.    0.0000E+00   0.0000E+00   0.0000E+00   0.0000E+00   0.0000E+00       0       0       0
   190.-  192.    0.0000E+00   0.0000E+00   0.0000E+00   0.0000E+00   0.0000E+00       0       0       0
   192.-  194.    0.0000E+00   0.0000E+00   0.0000E+00   0.0000E+00   0.0000E+00       0       0       0
   194.-  196.    0.0000E+00   0.0000E+00   0.0000E+00   0.0000E+00   0.0000E+00       0       0       0
   196.-  198.    0.0000E+00   0.0000E+00   0.0000E+00   0.0000E+00   0.0000E+00       0       0       0
   198.-  200.    0.0000E+00   0.0000E+00   0.0000E+00   0.0000E+00   0.0000E+00       0       0       0

                  2.0835E+07   3.5084E+08   2.8944E+08   9.3495E+07   1.9595E+08 1390664 1390664       0
1     BACKWARD SPUTTERING



        ALL SPUTTERED PARTICLES =   40132   TOTAL SPUTTERED ENERGY = 0.8084E+06 EV


        SPUTTERED PARTICLES (1.LAYER) =   40132   SPUTTERED ENERGY = 0.8084E+06 EV


 1.LAYER
         SPUTTERED PARTICLES(1) =   40132     SPUTTERED ENERGY(1) = 0.8084E+06 EV

         ION IN , PRIMARY KO(1) =    8627   0.2150   0.2150    ENERGY = 0.2738E+06 EV   0.3387   0.3387    MEAN ENERGY = 0.3174E+02
         ION IN , SECOND. KO(1) =   31505   0.7850   0.7850    ENERGY = 0.5346E+06 EV   0.6613   0.6613    MEAN ENERGY = 0.1697E+02
        ION OUT , PRIMARY KO(1) =       0   0.0000   0.0000    ENERGY = 0.0000E+00 EV   0.0000   0.0000    MEAN ENERGY = 0.0000E+00
        ION OUT , SECOND. KO(1) =       0   0.0000   0.0000    ENERGY = 0.0000E+00 EV   0.0000   0.0000    MEAN ENERGY = 0.0000E+00


     SPUTTERING YIELD(1) =  4.013E-01  SPUTTERED ENERGY(1) =  4.911E-03  REL.MEAN ENERGY(1) =  1.224E-02  MEAN ENERGY(1) =  2.014E+01

                       MEAN        VARIANCE      SKEWNESS      KURTOSIS        SIGMA       ERROR 1.M     ERROR 2.M     ERROR 3.M 
    ENERGY(1)       2.0143E+01    5.8855E+02    2.9909E+00    1.6092E+01    2.4260E+01    1.2110E-01    1.1413E+01    5.4939E-02
 LOGENERGY(1)       1.0553E+00    2.4054E-01   -2.7891E-01    3.0709E+00    4.9044E-01    2.4486E-03    1.7282E-03    1.2207E-02

                     1.MOMENT      2.MOMENT      3.MOMENT      4.MOMENT      5.MOMENT      6.MOMENT 
    ENERGY(1)       2.0143E+01    9.9427E+02    8.6442E+04    1.0612E+07    1.6190E+09    2.8494E+11
 LOGENERGY(1)       1.0553E+00    1.3542E+00    1.9039E+00    2.8864E+00    4.6232E+00    7.7520E+00



     POLAR ANGULAR DISTRIBUTION OF ALL BACKWARD SPUTTERED PARTICLES


       0.00  0.00  0.00  0.00  0.00  0.00  0.00  0.00  0.00  0.00  0.00  0.00  0.00  0.00  0.00  0.00  0.00  0.00  0.00  0.00

         87   296   471   659   844  1045  1343  1562  1723  2032  2342  2596  2696  2826  2971  3077  3236  3390  3483  3453
      0.043 0.148 0.235 0.328 0.421 0.521 0.669 0.778 0.859 1.013 1.167 1.294 1.344 1.408 1.481 1.533 1.613 1.689 1.736 1.721
1 LOG ENERGY - COS OF EMISSION ANGLE (0.05 STEPS)   (BACKWARD SPUTTERED PARTICLES) ; 1. LAYER ; SPECIES 1


   0.0000E+00    1    2    3    4    5    6    7    8    9   10   11   12   13   14   15   16   17   18   19   20     0  0.0000E+00
   0.1000E+00    0    0    0    0    0    1    0    2    1    1    1    1    0    2    0    1    1    1    1    1    14  0.1400E-02
   0.1212E+00    0    0    0    0    0    0    0    0    0    0    0    0    0    0    0    0    0    0    0    0     0  0.0000E+00
   0.1468E+00    0    0    0    0    0    0    0    0    0    0    0    0    0    0    0    0    0    0    0    0     0  0.0000E+00
   0.1778E+00    0    0    0    0    0    0    0    0    0    0    0    0    0    0    0    0    0    0    0    0     0  0.0000E+00
   0.2154E+00    0    0    0    0    0    0    0    0    0    0    0    0    0    0    0    0    0    0    0    0     0  0.0000E+00
   0.2610E+00    0    0    0    0    0    0    0    0    0    0    0    0    0    0    0    0    0    0    0    0     0  0.0000E+00
   0.3162E+00    0    0    0    0    0    0    0    0    0    0    0    0    0    0    0    0    0    0    0    0     0  0.0000E+00
   0.3831E+00    0    0    0    0    0    0    0    0    0    0    0    0    0    0    0    0    0    0    0    0     0  0.0000E+00
   0.4642E+00    0    0    0    0    0    0    0    0    0    0    0    0    0    0    0    0    0    0    0    0     0  0.0000E+00
   0.5623E+00    0    0    0    0    0    0    0    0    0    0    0    0    0    0    0    0    0    0    0    0     0  0.0000E+00
   0.6813E+00    0    0    0    0    0    0    0    0    0    0    0    0    0    0    0    0    0    0    0    0     0  0.0000E+00
   0.8254E+00    0    0    0    0    0    0    0    0    0    0    0    0    0    0    0    0    0    0    0    0     0  0.0000E+00
   0.1000E+01    0    0    0    0    0    0    0    0    0    0    0    0    0    0    0    0    0    0    0    0     0  0.0000E+00
   0.1212E+01    0    0    0    0    0    0    0    0    0    0    0    0    0    0    0    0    0    0    0    0     0  0.0000E+00
   0.1468E+01    0    0    0    0    0    0    0    0    0    0    0    0    0    0    0    0    0    0    0    0     0  0.0000E+00
   0.1778E+01    0    0    0    0    0    0    0    0    0    0    0    0    0    0    0    0    0    0    0    0     0  0.0000E+00
   0.2154E+01    0    0    0    0    0    0    0    0    0    0    0    0    0    0    0    0    0    0    0    0     0  0.0000E+00
   0.2610E+01    0    0    0    0    0    0    0    0    0    0    0    0    0    0    0    0    0    0    0    0     0  0.0000E+00
   0.3162E+01    0    0    0    0    0    0    0    0    0    0    0    0    0    0    0    0    0    0    0    0     0  0.0000E+00
   0.3831E+01    0    0    0    0    0    0    0    0    0    0    0    0    0    0    0    0    0    0    0    0     0  0.0000E+00
   0.4642E+01    0    0    0    0    0    0    0    0    0    0    0    0    0    0    0    0    0    0    0    0     0  0.0000E+00
   0.5623E+01    0    0    0    0    0    0    0    0    0    0    0    0    0    0    0    0    0    0    0    0     0  0.0000E+00
   0.6813E+01    0    0    0    0    0    0    0    0    0    0    0    0    0    0    0    0    0    0    0    0     0  0.0000E+00
   0.8254E+01    0    0    0    0    0    0    0    0    0    0    0    0    0    0    0    0    0    0    0    0     0  0.0000E+00
   0.1000E+02    0    0    0    0    0    0    0    0    0    0    0    0    0    0    0    0    0    0    0    0     0  0.0000E+00
   0.1212E+02    0    0    0    0    0    0    0    0    0    0    0    0    0    0    0    0    0    0    0    0     0  0.0000E+00
   0.1468E+02    0    0    0    0    0    0    0    0    0    0    0    0    0    0    0    0    0    0    0    0     0  0.0000E+00
   0.1778E+02    0    0    0    0    0    0    0    0    0    0    0    0    0    0    0    0    0    0    0    0     0  0.0000E+00
   0.2154E+02    0    0    0    0    0    0    0    0    0    0    0    0    0    0    0    0    0    0    0    0     0  0.0000E+00
   0.2610E+02    0    0    0    0    0    0    0    0    0    0    0    0    0    0    0    0    0    0    0    0     0  0.0000E+00
   0.3162E+02    0    0    0    0    0    0    0    0    0    0    0    0    0    0    0    0    0    0    0    0     0  0.0000E+00
   0.3831E+02    0    0    0    0    0    0    0    0    0    0    0    0    0    0    0    0    0    0    0    0     0  0.0000E+00
   0.4642E+02    0    0    0    0    0    0    0    0    0    0    0    0    0    0    0    0    0    0    0    0     0  0.0000E+00
   0.5623E+02    0    0    0    0    0    0    0    0    0    0    0    0    0    0    0    0    0    0    0    0     0  0.0000E+00
   0.6813E+02    0    0    0    0    0    0    0    0    0    0    0    0    0    0    0    0    0    0    0    0     0  0.0000E+00
   0.8254E+02    0    0    0    0    0    0    0    0    0    0    0    0    0    0    0    0    0    0    0    0     0  0.0000E+00
   0.1000E+03    0    0    0    0    0    0    0    0    0    0    0    0    0    0    0    0    0    0    0    0     0  0.0000E+00
   0.1212E+03    0    0    0    0    0    0    0    0    0    0    0    0    0    0    0    0    0    0    0    0     0  0.0000E+00
   0.1468E+03    0    0    0    0    0    0    0    0    0    0    0    0    0    0    0    0    0    0    0    0     0  0.0000E+00
   0.1778E+03    0    0    0    0    0    0    0    0    0    0    0    0    0    0    0    0    0    0    0    0     0  0.0000E+00
   0.2154E+03    0    0    0    0    0    0    0    0    0    0    0    0    0    0    0    0    0    0    0    0     0  0.0000E+00
   0.2610E+03    0    0    0    0    0    0    0    0    0    0    0    0    0    0    0    0    0    0    0    0     0  0.0000E+00
   0.3162E+03    0    0    0    0    0    0    0    0    0    0    0    0    0    0    0    0    0    0    0    0     0  0.0000E+00
   0.3831E+03    0    0    0    0    0    0    0    0    0    0    0    0    0    0    0    0    0    0    0    0     0  0.0000E+00
   0.4642E+03    0    0    0    0    0    0    0    0    0    0    0    0    0    0    0    0    0    0    0    0     0  0.0000E+00
   0.5623E+03    0    0    0    0    0    0    0    0    0    0    0    0    0    0    0    0    0    0    0    0     0  0.0000E+00
   0.6813E+03    0    0    0    0    0    0    0    0    0    0    0    0    0    0    0    0    0    0    0    0     0  0.0000E+00
   0.8254E+03    0    0    0    0    0    0    0    0    0    0    0    0    0    0    0    0    0    0    0    0     0  0.0000E+00
   0.1000E+04    0    0    0    0    0    0    0    0    0    0    0    0    0    0    0    0    0    0    0    0     0  0.0000E+00
   0.1212E+04    0    0    0    0    0    0    0    0    0    0    0    0    0    0    0    0    0    0    0    0     0  0.0000E+00
   0.1468E+04    0    0    0    0    0    0    0    0    0    0    0    0    0    0    0    0    0    0    0    0     0  0.0000E+00
   0.1778E+04    0    0    0    0    0    0    0    0    0    0    0    0    0    0    0    0    0    0    0    0     0  0.0000E+00
   0.2154E+04    0    0    0    0    0    0    0    0    0    0    0    0    0    0    0    0    0    0    0    0     0  0.0000E+00
   0.2610E+04    0    0    0    0    0    0    0    0    0    0    0    0    0    0    0    0    0    0    0    0     0  0.0000E+00
   0.3162E+04    0    0    0    0    0    0    0    0    0    0    0    0    0    0    0    0    0    0    0    0     0  0.0000E+00
   0.3831E+04    0    0    0    0    0    0    0    0    0    0    0    0    0    0    0    0    0    0    0    0     0  0.0000E+00
   0.4642E+04    0    0    0    0    0    0    0    0    0    0    0    0    0    0    0    0    0    0    0    0     0  0.0000E+00
   0.5623E+04    0    0    0    0    0    0    0    0    0    0    0    0    0    0    0    0    0    0    0    0     0  0.0000E+00
   0.6813E+04    0    0    0    0    0    0    0    0    0    0    0    0    0    0    0    0    0    0    0    0     0  0.0000E+00
   0.8254E+04    0    0    0    0    0    0    0    0    0    0    0    0    0    0    0    0    0    0    0    0     0  0.0000E+00
   0.1000E+05    0    0    0    0    0    0    0    0    0    0    0    0    0    0    0    0    0    0    0    0     0  0.0000E+00
   0.1212E+05    0    0    0    0    0    0    0    0    0    0    0    0    0    0    0    0    0    0    0    0     0  0.0000E+00
   0.1468E+05    0    0    0    0    0    0    0    0    0    0    0    0    0    0    0    0    0    0    0    0     0  0.0000E+00
   0.1778E+05    0    0    0    0    0    0    0    0    0    0    0    0    0    0    0    0    0    0    0    0     0  0.0000E+00
   0.2154E+05    0    0    0    0    0    0    0    0    0    0    0    0    0    0    0    0    0    0    0    0     0  0.0000E+00
   0.2610E+05    0    0    0    0    0    0    0    0    0    0    0    0    0    0    0    0    0    0    0    0     0  0.0000E+00
   0.3162E+05    0    0    0    0    0    0    0    0    0    0    0    0    0    0    0    0    0    0    0    0     0  0.0000E+00
   0.3831E+05    0    0    0    0    0    0    0    0    0    0    0    0    0    0    0    0    0    0    0    0     0  0.0000E+00
   0.4642E+05    0    0    0    0    0    0    0    0    0    0    0    0    0    0    0    0    0    0    0    0     0  0.0000E+00
   0.5623E+05    0    0    0    0    0    0    0    0    0    0    0    0    0    0    0    0    0    0    0    0     0  0.0000E+00
   0.6813E+05    0    0    0    0    0    0    0    0    0    0    0    0    0    0    0    0    0    0    0    0     0  0.0000E+00
   0.8254E+05    0    0    0    0    0    0    0    0    0    0    0    0    0    0    0    0    0    0    0    0     0  0.0000E+00
   0.1000E+06    0    0    0    0    0    0    0    0    0    0    0    0    0    0    0    0    0    0    0    0     0  0.0000E+00
   0.0000E+00  174  592  942 1318 1688 2089 2686 3122 3445 4063 4683 5191 5392 5650 5942 6153 6471 6779 6965 6905 80250  0.0000E+00
1ENERGY(E/E0 IN %) - POLAR ANGLE IN COS-INTERVALS (0.05)  (BACKWARD SPUTTERED PARTICLES) , 1.LAYER , SPECIES 1

     0    1    2    3    4    5    6    7    8    9   10   11   12   13   14   15   16   17   18   19   20      0
     1   57  194  321  428  547  636  811  929  967 1128 1335 1481 1574 1657 1750 1899 2054 2193 2364 2344  24669
     2   19   70  102  128  171  214  278  316  384  441  516  571  557  619  619  631  676  697  689  731   8429
     3    3   16   23   55   64   94  112  134  139  196  223  216  248  249  263  259  246  250  225  220   3235
     4    6   11   13   27   23   45   55   62   96  101  113  143  131  131  134  139  124  117  100   86   1657
     5    2    2    6   11   11   21   42   51   47   68   65   72   70   66   94   60   61   58   55   46    908
     6    0    1    4    2   11   15   15   23   29   38   34   35   46   41   49   29   34   35   22    8    471
     7    0    1    1    3    7    8   15   17   22   27   19   32   21   28   24   25   16   13   10    8    297
     8    0    0    1    4    3    3    3   12   13   16   15   14   23   10   17   13    9   12   11    2    181
     9    0    0    0    1    1    6    3    6   12    7    6   11   12   12    5   10    6    8    4    5    115
    10    0    0    0    0    2    1    5    7    4    4    5    7    8    2    4    3    3    3    1    1     60
    11    0    0    0    0    1    2    0    1    5    2    3    4    2    6    6    4    2    3    1    1     43
    12    0    0    0    0    2    0    1    1    3    2    8    2    1    3    2    1    2    0    1    1     30
    13    0    0    0    0    0    0    1    1    0    0    0    2    1    1    1    2    1    1    0    0     11
    14    0    1    0    0    1    0    0    1    0    1    0    4    2    1    1    0    2    0    0    0     14
    15    0    0    0    0    0    0    1    1    2    1    0    2    0    0    1    0    0    0    0    0      8
    16    0    0    0    0    0    0    1    0    0    0    0    0    0    0    1    1    0    0    0    0      3
    17    0    0    0    0    0    0    0    0    0    0    0    0    0    0    0    0    0    0    0    0      0
    18    0    0    0    0    0    0    0    0    0    0    0    0    0    0    0    1    0    0    0    0      1
    19    0    0    0    0    0    0    0    0    0    0    0    0    0    0    0    0    0    0    0    0      0
    20    0    0    0    0    0    0    0    0    0    0    0    0    0    0    0    0    0    0    0    0      0
    21    0    0    0    0    0    0    0    0    0    0    0    0    0    0    0    0    0    0    0    0      0
    22    0    0    0    0    0    0    0    0    0    0    0    0    0    0    0    0    0    0    0    0      0
    23    0    0    0    0    0    0    0    0    0    0    0    0    0    0    0    0    0    0    0    0      0
    24    0    0    0    0    0    0    0    0    0    0    0    0    0    0    0    0    0    0    0    0      0
    25    0    0    0    0    0    0    0    0    0    0    0    0    0    0    0    0    0    0    0    0      0
    26    0    0    0    0    0    0    0    0    0    0    0    0    0    0    0    0    0    0    0    0      0
    27    0    0    0    0    0    0    0    0    0    0    0    0    0    0    0    0    0    0    0    0      0
    28    0    0    0    0    0    0    0    0    0    0    0    0    0    0    0    0    0    0    0    0      0
    29    0    0    0    0    0    0    0    0    0    0    0    0    0    0    0    0    0    0    0    0      0
    30    0    0    0    0    0    0    0    0    0    0    0    0    0    0    0    0    0    0    0    0      0
    31    0    0    0    0    0    0    0    0    0    0    0    0    0    0    0    0    0    0    0    0      0
    32    0    0    0    0    0    0    0    0    0    0    0    0    0    0    0    0    0    0    0    0      0
    33    0    0    0    0    0    0    0    0    0    0    0    0    0    0    0    0    0    0    0    0      0
    34    0    0    0    0    0    0    0    0    0    0    0    0    0    0    0    0    0    0    0    0      0
    35    0    0    0    0    0    0    0    0    0    0    0    0    0    0    0    0    0    0    0    0      0
    36    0    0    0    0    0    0    0    0    0    0    0    0    0    0    0    0    0    0    0    0      0
    37    0    0    0    0    0    0    0    0    0    0    0    0    0    0    0    0    0    0    0    0      0
    38    0    0    0    0    0    0    0    0    0    0    0    0    0    0    0    0    0    0    0    0      0
    39    0    0    0    0    0    0    0    0    0    0    0    0    0    0    0    0    0    0    0    0      0
    40    0    0    0    0    0    0    0    0    0    0    0    0    0    0    0    0    0    0    0    0      0
    41    0    0    0    0    0    0    0    0    0    0    0    0    0    0    0    0    0    0    0    0      0
    42    0    0    0    0    0    0    0    0    0    0    0    0    0    0    0    0    0    0    0    0      0
    43    0    0    0    0    0    0    0    0    0    0    0    0    0    0    0    0    0    0    0    0      0
    44    0    0    0    0    0    0    0    0    0    0    0    0    0    0    0    0    0    0    0    0      0
    45    0    0    0    0    0    0    0    0    0    0    0    0    0    0    0    0    0    0    0    0      0
    46    0    0    0    0    0    0    0    0    0    0    0    0    0    0    0    0    0    0    0    0      0
    47    0    0    0    0    0    0    0    0    0    0    0    0    0    0    0    0    0    0    0    0      0
    48    0    0    0    0    0    0    0    0    0    0    0    0    0    0    0    0    0    0    0    0      0
    49    0    0    0    0    0    0    0    0    0    0    0    0    0    0    0    0    0    0    0    0      0
    50    0    0    0    0    0    0    0    0    0    0    0    0    0    0    0    0    0    0    0    0      0
    51    0    0    0    0    0    0    0    0    0    0    0    0    0    0    0    0    0    0    0    0      0
    52    0    0    0    0    0    0    0    0    0    0    0    0    0    0    0    0    0    0    0    0      0
    53    0    0    0    0    0    0    0    0    0    0    0    0    0    0    0    0    0    0    0    0      0
    54    0    0    0    0    0    0    0    0    0    0    0    0    0    0    0    0    0    0    0    0      0
    55    0    0    0    0    0    0    0    0    0    0    0    0    0    0    0    0    0    0    0    0      0
    56    0    0    0    0    0    0    0    0    0    0    0    0    0    0    0    0    0    0    0    0      0
    57    0    0    0    0    0    0    0    0    0    0    0    0    0    0    0    0    0    0    0    0      0
    58    0    0    0    0    0    0    0    0    0    0    0    0    0    0    0    0    0    0    0    0      0
    59    0    0    0    0    0    0    0    0    0    0    0    0    0    0    0    0    0    0    0    0      0
    60    0    0    0    0    0    0    0    0    0    0    0    0    0    0    0    0    0    0    0    0      0
    61    0    0    0    0    0    0    0    0    0    0    0    0    0    0    0    0    0    0    0    0      0
    62    0    0    0    0    0    0    0    0    0    0    0    0    0    0    0    0    0    0    0    0      0
    63    0    0    0    0    0    0    0    0    0    0    0    0    0    0    0    0    0    0    0    0      0
    64    0    0    0    0    0    0    0    0    0    0    0    0    0    0    0    0    0    0    0    0      0
    65    0    0    0    0    0    0    0    0    0    0    0    0    0    0    0    0    0    0    0    0      0
    66    0    0    0    0    0    0    0    0    0    0    0    0    0    0    0    0    0    0    0    0      0
    67    0    0    0    0    0    0    0    0    0    0    0    0    0    0    0    0    0    0    0    0      0
    68    0    0    0    0    0    0    0    0    0    0    0    0    0    0    0    0    0    0    0    0      0
    69    0    0    0    0    0    0    0    0    0    0    0    0    0    0    0    0    0    0    0    0      0
    70    0    0    0    0    0    0    0    0    0    0    0    0    0    0    0    0    0    0    0    0      0
    71    0    0    0    0    0    0    0    0    0    0    0    0    0    0    0    0    0    0    0    0      0
    72    0    0    0    0    0    0    0    0    0    0    0    0    0    0    0    0    0    0    0    0      0
    73    0    0    0    0    0    0    0    0    0    0    0    0    0    0    0    0    0    0    0    0      0
    74    0    0    0    0    0    0    0    0    0    0    0    0    0    0    0    0    0    0    0    0      0
    75    0    0    0    0    0    0    0    0    0    0    0    0    0    0    0    0    0    0    0    0      0
    76    0    0    0    0    0    0    0    0    0    0    0    0    0    0    0    0    0    0    0    0      0
    77    0    0    0    0    0    0    0    0    0    0    0    0    0    0    0    0    0    0    0    0      0
    78    0    0    0    0    0    0    0    0    0    0    0    0    0    0    0    0    0    0    0    0      0
    79    0    0    0    0    0    0    0    0    0    0    0    0    0    0    0    0    0    0    0    0      0
    80    0    0    0    0    0    0    0    0    0    0    0    0    0    0    0    0    0    0    0    0      0
    81    0    0    0    0    0    0    0    0    0    0    0    0    0    0    0    0    0    0    0    0      0
    82    0    0    0    0    0    0    0    0    0    0    0    0    0    0    0    0    0    0    0    0      0
    83    0    0    0    0    0    0    0    0    0    0    0    0    0    0    0    0    0    0    0    0      0
    84    0    0    0    0    0    0    0    0    0    0    0    0    0    0    0    0    0    0    0    0      0
    85    0    0    0    0    0    0    0    0    0    0    0    0    0    0    0    0    0    0    0    0      0
    86    0    0    0    0    0    0    0    0    0    0    0    0    0    0    0    0    0    0    0    0      0
    87    0    0    0    0    0    0    0    0    0    0    0    0    0    0    0    0    0    0    0    0      0
    88    0    0    0    0    0    0    0    0    0    0    0    0    0    0    0    0    0    0    0    0      0
    89    0    0    0    0    0    0    0    0    0    0    0    0    0    0    0    0    0    0    0    0      0
    90    0    0    0    0    0    0    0    0    0    0    0    0    0    0    0    0    0    0    0    0      0
    91    0    0    0    0    0    0    0    0    0    0    0    0    0    0    0    0    0    0    0    0      0
    92    0    0    0    0    0    0    0    0    0    0    0    0    0    0    0    0    0    0    0    0      0
    93    0    0    0    0    0    0    0    0    0    0    0    0    0    0    0    0    0    0    0    0      0
    94    0    0    0    0    0    0    0    0    0    0    0    0    0    0    0    0    0    0    0    0      0
    95    0    0    0    0    0    0    0    0    0    0    0    0    0    0    0    0    0    0    0    0      0
    96    0    0    0    0    0    0    0    0    0    0    0    0    0    0    0    0    0    0    0    0      0
    97    0    0    0    0    0    0    0    0    0    0    0    0    0    0    0    0    0    0    0    0      0
    98    0    0    0    0    0    0    0    0    0    0    0    0    0    0    0    0    0    0    0    0      0
    99    0    0    0    0    0    0    0    0    0    0    0    0    0    0    0    0    0    0    0    0      0
   100    0    0    0    0    0    0    0    0    0    0    0    0    0    0    0    0    0    0    0    0      0
     0   87  296  471  659  844 1045 1343 1562 1723 2032 2342 2596 2696 2826 2971 3077 3236 3390 3483 3453  40132
1AZIMUTHAL ANGLE - POLAR ANGLE IN COS-INTERVALS (0.05) (BACKWARD SPUTTERED PARTICLES) , 1.LAYER , SPECIES 1

     0    1    2    3    4    5    6    7    8    9   10   11   12   13   14   15   16   17   18   19   20      0
     3    3    5    6   16   20   14   22   24   25   38   60   41   51   52   54   47   37   59   57   60    691
     6    0    5    8   14   15   23   34   29   21   32   37   37   46   40   45   53   43   52   60   58    652
     9    2    9    9    7    8   12   20   32   19   31   51   43   56   43   55   43   65   52   52   64    673
    12    0    6    4   10   12   13   30   26   24   20   27   44   50   49   56   45   60   55   53   45    629
    15    1    7    6    7   16   14   23   23   28   30   44   44   46   34   38   51   47   65   43   54    621
    18    1    5    4    4   19   27   17   24   25   35   37   37   53   40   48   49   38   60   40   57    620
    21    0    3    8   13   13   17   20   19   37   35   38   44   49   53   41   57   60   48   62   60    677
    24    0    3    6    5   17   26   21   25   30   37   36   40   61   61   63   41   47   62   56   67    704
    27    4    2    5   10   14   21   27   23   25   28   29   45   52   38   43   57   58   54   59   48    642
    30    1    9   13   13    9   17   19   25   16   39   37   37   37   46   59   42   40   60   65   63    647
    33    2    3    8   12   10   14   21   22   39   43   47   43   49   34   51   59   60   67   66   60    710
    36    3    2    4    6   11   24   26   19   25   28   32   39   52   51   45   55   45   63   57   60    647
    39    0    5    5   11   10   20   23   34   34   39   49   46   40   39   50   41   68   50   43   61    668
    42    1   10    5    7   16   19   22   26   31   26   26   44   45   44   41   49   56   54   56   58    636
    45    0    4    8   10   10   11   19   26   32   36   48   37   36   43   52   57   50   50   66   58    653
    48    2    8    5    7   10   23   19   29   27   37   32   39   44   55   41   52   60   56   50   54    650
    51    1    3    7   11   12   17   18   27   31   33   44   47   40   48   47   64   51   57   50   49    657
    54    1    5    5   15   17   22   18   13   24   32   35   37   45   56   54   51   45   50   55   46    626
    57    2    4    6    9   16   16   26   38   39   25   27   57   46   48   56   52   48   56   62   59    692
    60    3    2    7    8   13   15   18   25   26   40   43   46   47   53   43   47   53   71   67   51    678
    63    1    3    8   16   14   11   28   26   29   27   39   46   47   53   46   50   50   56   60   54    664
    66    4    5    7   18   12   18   24   33   33   32   41   38   53   61   58   63   48   56   58   64    726
    69    0    7    7    9   17   11   24   28   24   34   42   43   37   47   43   64   49   48   57   56    647
    72    1    4    8    7   17   17   28   34   31   41   46   38   39   55   51   49   50   54   65   63    698
    75    5    5    9   11   16   18   19   32   23   37   30   37   44   46   55   52   67   65   60   65    696
    78    1    7    8   18   13   15   20   24   32   32   35   51   44   48   49   48   59   64   70   50    688
    81    2    6    5   11   11   18   21   28   24   38   47   49   44   63   51   48   44   52   59   62    683
    84    0    6   10   12   20   16   23   25   35   36   42   48   45   40   49   53   65   48   83   52    708
    87    2    7    8   15   11   11   17   22   35   32   43   43   33   44   56   62   42   66   44   55    648
    90    2    7    7    6    9   13   24   23   25   28   33   41   42   47   43   62   67   57   53   56    645
    93    1    4   10   11   12   20   25   23   25   40   33   43   49   39   50   40   63   73   55   56    672
    96    0    2   14   13   17   21   18   16   24   26   46   34   38   54   53   55   46   56   61   59    653
    99    0    8    3   12    9   19   20   23   38   44   46   45   33   48   44   44   58   56   62   47    659
   102    4    5   13   11   11   19   25   24   19   32   31   50   44   50   57   49   55   53   61   60    673
   105    2    4    7   10   18   22   28   27   28   32   45   38   41   50   52   56   42   61   67   52    682
   108    0    6   12   14   13   15   24   31   32   37   44   42   50   46   45   57   56   58   60   58    700
   111    3    3    6   13   21   17   24   24   35   35   32   43   49   43   42   49   62   63   43   53    660
   114    0    4    8    3   17   18   23   25   33   32   39   49   31   47   61   55   53   45   51   55    649
   117    3    5    8   17   18   14   22   25   32   31   40   32   55   57   40   44   52   52   47   76    670
   120    2    5    7    7   13   17   15   23   46   26   26   47   34   41   53   48   52   47   61   57    627
   123    2    5    8   10   12   15   26   26   32   35   41   49   47   37   47   40   51   51   59   55    648
   126    1    4    7    9   21   24   17   27   27   29   34   47   47   45   49   43   50   61   56   64    662
   129    3    4    9   13   18   11   27   27   36   32   42   41   49   39   60   59   49   52   51   66    688
   132    2    1    7   12    8   13   16   20   29   25   36   41   33   42   50   45   47   57   66   65    615
   135    1    7   14   11   10   22   13   33   28   28   31   46   56   47   44   56   53   55   55   57    667
   138    0    4    7    9   19   18   31   21   26   29   33   38   34   55   43   51   69   54   50   58    649
   141    0    5    3   14   10   13   25   24   29   36   33   46   49   58   38   53   42   51   61   69    659
   144    2    3    5   13   14   16   17   27   29   34   45   50   49   46   47   51   59   62   59   59    687
   147    0    4    6   16   18   19   17   21   27   40   45   42   58   39   54   56   63   64   55   48    692
   150    1    6   10   12   14   21   27   23   23   23   38   43   42   51   51   50   48   61   59   59    662
   153    1    8    7   15    8   13   29   37   33   35   40   35   41   46   53   53   57   52   73   56    692
   156    2    3   15    2   11   25   25   25   26   33   32   43   38   50   55   51   59   45   45   53    638
   159    1    8    8   16   12   11   20   32   23   44   37   44   42   39   54   48   51   65   55   42    652
   162    2    2   10   12   17   20   29   30   33   39   51   43   45   45   53   54   50   43   47   58    683
   165    0    3   18    6   14   23   30   28   28   34   42   46   46   53   42   52   69   61   67   71    733
   168    2    5   10   12   15   17   24   22   27   40   46   59   44   48   40   53   61   52   69   59    705
   171    4    4    3   16   19   18   20   24   29   29   39   48   43   40   43   52   77   48   61   55    672
   174    2    8    9   13   17   18   21   34   25   39   30   44   38   53   61   59   63   65   47   50    696
   177    1    6   13    9   12   20   18   26   27   53   51   40   59   41   51   48   52   63   72   61    723
   180    0    3    8   10   18   13   16   30   25   39   37   47   39   46   56   43   55   57   80   66    688
     0   87  296  471  659  844 1045 1343 1562 1723 2032 2342 2596 2696 2826 2971 3077 3236 3390 3483 3453  40132
