1
      *** PROGRAM TRVMC95 ***


                              * INPUT DATA *


       Z1        M1          E0       ALPHA       EF        ESB      SHEATH     ERC
     18.00     39.95      1090.00      0.00      0.10      0.00   3270.00      4.70

       NH        RI           X0        RD        CW        CA       KK0   KK0R   KDEE1  KDEE2  IPOT   IPOTR   IRL
     99999 716381.00         0.00    100.00      2.00      1.00       2      2      3      3      1      1      3


             DX      RHO    CK  Z(,1) Z(,2) Z(,3) Z(,4) Z(,5)  M(,1)  M(,2)  M(,3)  M(,4)  M(,5) C(,1) C(,2) C(,3) C(,4) C(,5)

 1.LAYER 10000.00   2.25   1.00    6.    0.    0.    0.    0.  12.01   0.00   0.00   0.00   0.00 1.000 0.000 0.000 0.000 0.000


                           ***  SBE(LAYER,ELEMENT)  ***     ***     ED(LAYER,ELEMENT)     ***     ***   BE(LAYER,ELEMENT)  ***

 1.LAYER                   7.41  0.00  0.00  0.00  0.00     30.00   0.00   0.00   0.00   0.00     0.10  0.00  0.00  0.00  0.00


       INTERACTION POTENTIAL : PROJECTILE-TARGET : KR-C POTENTIAL     TARGET-TARGET : KR-C POTENTIAL    


       INELASTIC LOSS MODEL  : PROJECTILE-TARGET : 50% LS 50% OR      TARGET-TARGET : 50% LS 50% OR     
1

                              * OUTPUT DATA *


                 HLM       HLMT        SU       SUT        XC        RT       SFE      INEL         L        LJ
               0.0000 10000.000    3.5029 10003.503   -3.5029  9900.000      7.41         0         1         1


                NPROJ       KIB       KIT      MAXA      NALL       NPA       NSA       KIS      KIST
                28078         0         0       292  20478353   1510490  11303357     79455         0


            EPS0(I)       Z2(I)       M2(I)     ARHO(I)       LM(I)     PMAX(I)     ASIG(I)       SB(I)       XX(I)        NJ(I)

 1.LAYER   0.2137E-01  0.6000E+01  0.1201E+02  0.1128E+00  0.2070E+01  0.1168E+01  0.2335E+00  0.7410E+01  0.1000E+05         1


             A1(1)   A1(2)   A1(3)   A1(4)   A1(5)   A1(6)   A1(7)   A1(8)   A1(9)  A1(10)  A1(11)  A1(12)  A1(13)  A1(14)  A1(15)

           0.13193


           KOR1(1) KOR1(2) KOR1(3) KOR1(4) KOR1(5) KOR1(6) KOR1(7) KOR1(8) KOR1(9) KOR1(A) KOR1(B) KOR1(C) KOR1(D) KOR1(E) KOR1(F)

           0.73577


            A(I,1)  A(I,2)  A(I,3)  A(I,4)  A(I,5)  A(I,6)  A(I,7)  A(I,8)  A(I,9) A(I,10) A(I,11) A(I,12) A(I,13) A(I,14) A(I,15)

           0.16242


           KOR(,1) KOR(,2) KOR(,3) KOR(,4) KOR(,5) KOR(,6) KOR(,7) KOR(,8) KOR(,9) KOR(,A) KOR(,B) KOR(,C) KOR(,D) KOR(,E) KOR(,F)

           0.46963
1

         IMPLANTED PARTICLES=  99999     ENERGY=0.1090E+09 EV
     BACKSCATTERED PARTICLES=      0     ENERGY=0.0000E+00 EV
       TRANSMITTED PARTICLES=      0     ENERGY=0.0000E+00 EV
     BACKSPUTTERED PARTICLES=  29330     ENERGY=0.4692E+06 EV
    TRANSM. SPUTT. PARTICLES=      0     ENERGY=0.0000E+00 EV


  PROJECTILES :   MEAN NUMBER OF ELASTIC COLLISIONS =     16.3   MEAN NUMBER OF EL.COLL.(E > EDISPL.) =    7.075
                                                                 MEAN NUMBER OF EL.COLL.(E > SB(1))   =   14.339

                       MEAN        VARIANCE      SKEWNESS      KURTOSIS        SIGMA       ERROR 1.M     ERROR 2.M     ERROR 3.M 
  PENETRATION       2.6940E+01    6.0237E+01    4.0723E-01    3.0033E+00    7.7612E+00    2.4543E-02    2.6961E-01    7.3010E-03
       SPREAD       9.1670E+00    2.4817E+01    7.2433E-01    3.4274E+00    4.9817E+00    1.5754E-02    1.2227E-01    8.2528E-03
   PATHLENGTH       3.1758E+01    6.8116E+01    3.4101E-01    2.9145E+00    8.2532E+00    2.6099E-02    2.9804E-01    7.0027E-03
 ELASTIC LOSS       1.0328E+03    3.2746E+02                                1.8096E+01    1.8096E-04
   INEL. LOSS       5.7156E+01    3.2746E+02                                1.8096E+01    1.8096E-04

                       MEAN        VARIANCE      SKEWNESS      KURTOSIS        SIGMA       ERROR 1.M     ERROR 2.M     ERROR 3.M 
   ELAST.LOSS       5.9471E+01    8.6469E+03    3.3416E+00    1.6608E+01    9.2989E+01    7.2912E-02    2.6786E+01    5.3385E-03
 WEAK EL.LOSS       4.0283E+00    6.7696E+00    8.1569E-01    3.1011E+00    2.6018E+00    2.0401E-03    7.6941E-03    1.4105E-03
 INELAST.LOSS       3.5139E+00    4.7039E+00    7.3392E-03    1.7562E+00    2.1688E+00    1.7006E-03    3.2073E-03    1.1790E-03
  SUBTHR.LOSS       1.3815E+01    5.7301E+01    1.9386E-01    2.2626E+00    7.5698E+00    7.8963E-03    6.7165E-02    1.4277E-03

                     1.MOMENT      2.MOMENT      3.MOMENT      4.MOMENT      5.MOMENT      6.MOMENT 
  PENETRATION       2.6940E+01    7.8601E+02    2.4611E+04    8.2047E+05    2.8923E+07    1.0719E+09



  RECOILES (PER PROJ.)   :   MEAN NUMBER OF ELASTIC COLLISIONS =    200.1   MEAN NUMBER OF EL.COLL.(E > EDISPL.) =      8.297
                                                                            MEAN NUMBER OF EL.COLL.(E > SB(1))   =     60.785

  RECOILES (PER KNOCKON) :   MEAN NUMBER OF ELASTIC COLLISIONS =    1.562   MEAN NUMBER OF EL.COLL.(E > EDISPL.) =      0.065
                                                                            MEAN NUMBER OF EL.COLL.(E > SB(1))   =      0.474

1


     DEPTH(A)  PARTICLES  NORM.DEPTH PATHLENGTH   INLOSS(EV)  TELOSS(EV)  ELLOSS(EV)  DAMAGE(EV)  PHONON(EV)  CASCAD(EV)     DPA

    -SU-    0.         0  0.0000E+00
     0.-    2.         0  0.0000E+00         0    6.1809E+05  1.0111E+07  9.9010E+06  9.2589E+06  6.4206E+05  7.8230E+06   51416
     2.-    4.         0  0.0000E+00         0    6.1346E+05  9.8461E+06  9.6104E+06  8.9585E+06  6.5192E+05  7.5858E+06   53015
     4.-    6.         5  0.5000E-04         0    5.7955E+05  9.4300E+06  9.1624E+06  8.4827E+06  6.7966E+05  7.2014E+06   54505
     6.-    8.        26  0.2600E-03         0    5.4311E+05  9.1539E+06  8.8488E+06  8.1465E+06  7.0229E+05  6.9315E+06   56296
     8.-   10.       225  0.2250E-02         4    5.0556E+05  8.8107E+06  8.4600E+06  7.7173E+06  7.4270E+05  6.5811E+06   57481
    10.-   12.       816  0.8160E-02        62    4.6572E+05  8.3307E+06  7.9284E+06  7.1399E+06  7.8846E+05  6.1048E+06   58171
    12.-   14.      1913  0.1913E-01       284    4.2181E+05  7.7820E+06  7.3329E+06  6.4926E+06  8.4031E+05  5.5638E+06   57109
    14.-   16.      3604  0.3604E-01       840    3.7693E+05  7.1111E+06  6.6200E+06  5.7292E+06  8.9089E+05  4.9217E+06   54807
    16.-   18.      5552  0.5552E-01      1837    3.2980E+05  6.4000E+06  5.8859E+06  4.9667E+06  9.1918E+05  4.2746E+06   50552
    18.-   20.      7330  0.7330E-01      3279    2.8184E+05  5.5666E+06  5.0471E+06  4.1338E+06  9.1325E+05  3.5653E+06   45221
    20.-   22.      8832  0.8832E-01      5046    2.3559E+05  4.7745E+06  4.2755E+06  3.4072E+06  8.6837E+05  2.9438E+06   39508
    22.-   24.      9850  0.9850E-01      6760    1.9264E+05  3.9787E+06  3.5149E+06  2.7056E+06  8.0928E+05  2.3413E+06   33026
    24.-   26.      9926  0.9926E-01      8134    1.5235E+05  3.2108E+06  2.8005E+06  2.0846E+06  7.1585E+05  1.8066E+06   26780
    26.-   28.      9974  0.9974E-01      8995    1.1783E+05  2.5124E+06  2.1580E+06  1.5345E+06  6.2347E+05  1.3318E+06   20750
    28.-   30.      9114  0.9114E-01      9695    8.8223E+04  1.9162E+06  1.6257E+06  1.1157E+06  5.0999E+05  9.6946E+05   15618
    30.-   32.      7951  0.7951E-01      9594    6.3906E+04  1.4095E+06  1.1805E+06  7.7706E+05  4.0341E+05  6.7587E+05   11304
    32.-   34.      6683  0.6683E-01      9223    4.5531E+04  1.0145E+06  8.3798E+05  5.2661E+05  3.1137E+05  4.5862E+05    7955
    34.-   36.      5303  0.5303E-01      8295    3.0936E+04  7.0517E+05  5.7626E+05  3.4885E+05  2.2741E+05  3.0405E+05    5445
    36.-   38.      4072  0.4072E-01      7135    2.0561E+04  4.7063E+05  3.7980E+05  2.1704E+05  1.6276E+05  1.8936E+05    3493
    38.-   40.      3057  0.3057E-01      5774    1.3209E+04  3.0525E+05  2.4284E+05  1.3057E+05  1.1226E+05  1.1401E+05    2171
    40.-   42.      2132  0.2132E-01      4520    8.0715E+03  1.8877E+05  1.4804E+05  7.5511E+04  7.2527E+04  6.6041E+04    1329
    42.-   44.      1444  0.1444E-01      3320    4.8820E+03  1.1329E+05  8.7333E+04  3.9841E+04  4.7492E+04  3.4866E+04     714
    44.-   46.       892  0.8920E-02      2392    2.7784E+03  6.5407E+04  5.0075E+04  2.3100E+04  2.6975E+04  2.0240E+04     427
    46.-   48.       557  0.5570E-02      1722    1.5488E+03  3.6964E+04  2.8003E+04  1.1927E+04  1.6076E+04  1.0465E+04     233
    48.-   50.       351  0.3510E-02      1134    8.2892E+02  2.0614E+04  1.5499E+04  6.4012E+03  9.0982E+03  5.5906E+03     110
    50.-   52.       190  0.1900E-02       820    4.1793E+02  9.9553E+03  7.2423E+03  2.6890E+03  4.5533E+03  2.3701E+03      63
    52.-   54.        92  0.9200E-03       477    1.9314E+02  4.5982E+03  3.2619E+03  7.4613E+02  2.5158E+03  6.5526E+02      15
    54.-   56.        64  0.6400E-03       297    1.0310E+02  2.4079E+03  1.7115E+03  4.6235E+02  1.2492E+03  4.0783E+02      11
    56.-   58.        25  0.2500E-03       204    3.4638E+01  8.2337E+02  5.7090E+02  1.2820E+02  4.4270E+02  1.1308E+02       3
    58.-   60.        11  0.1100E-03        68    1.9357E+01  4.2507E+02  2.9273E+02  4.9629E+01  2.4310E+02  4.3656E+01       1
    60.-   62.         5  0.5000E-04        51    7.1221E+00  1.9464E+02  1.4723E+02  8.7587E+01  5.9643E+01  7.7211E+01       2
    62.-   64.         2  0.2000E-04        19    3.5782E+00  8.2914E+01  5.7834E+01  0.0000E+00  5.7834E+01  0.0000E+00       0
    64.-   66.         0  0.0000E+00        10    8.5562E-01  1.4988E+01  9.2378E+00  0.0000E+00  9.2378E+00  0.0000E+00       0
    66.-   68.         1  0.1000E-04         5    4.7609E-01  9.3533E+00  5.7115E+00  0.0000E+00  5.7115E+00  0.0000E+00       0
    68.-   70.         0  0.0000E+00         2    2.9485E-01  5.3128E+00  2.9759E+00  0.0000E+00  2.9759E+00  0.0000E+00       0
    70.-   72.         0  0.0000E+00         0    0.0000E+00  0.0000E+00  0.0000E+00  0.0000E+00  0.0000E+00  0.0000E+00       0
    72.-   74.         0  0.0000E+00         0    0.0000E+00  0.0000E+00  0.0000E+00  0.0000E+00  0.0000E+00  0.0000E+00       0
    74.-   76.         0  0.0000E+00         1    0.0000E+00  0.0000E+00  0.0000E+00  0.0000E+00  0.0000E+00  0.0000E+00       0
    76.-   78.         0  0.0000E+00         0    0.0000E+00  0.0000E+00  0.0000E+00  0.0000E+00  0.0000E+00  0.0000E+00       0
    78.-   80.         0  0.0000E+00         0    0.0000E+00  0.0000E+00  0.0000E+00  0.0000E+00  0.0000E+00  0.0000E+00       0
    80.-   82.         0  0.0000E+00         0    0.0000E+00  0.0000E+00  0.0000E+00  0.0000E+00  0.0000E+00  0.0000E+00       0
    82.-   84.         0  0.0000E+00         0    0.0000E+00  0.0000E+00  0.0000E+00  0.0000E+00  0.0000E+00  0.0000E+00       0
    84.-   86.         0  0.0000E+00         0    0.0000E+00  0.0000E+00  0.0000E+00  0.0000E+00  0.0000E+00  0.0000E+00       0
    86.-   88.         0  0.0000E+00         0    0.0000E+00  0.0000E+00  0.0000E+00  0.0000E+00  0.0000E+00  0.0000E+00       0
    88.-   90.         0  0.0000E+00         0    0.0000E+00  0.0000E+00  0.0000E+00  0.0000E+00  0.0000E+00  0.0000E+00       0
    90.-   92.         0  0.0000E+00         0    0.0000E+00  0.0000E+00  0.0000E+00  0.0000E+00  0.0000E+00  0.0000E+00       0
    92.-   94.         0  0.0000E+00         0    0.0000E+00  0.0000E+00  0.0000E+00  0.0000E+00  0.0000E+00  0.0000E+00       0
    94.-   96.         0  0.0000E+00         0    0.0000E+00  0.0000E+00  0.0000E+00  0.0000E+00  0.0000E+00  0.0000E+00       0
    96.-   98.         0  0.0000E+00         0    0.0000E+00  0.0000E+00  0.0000E+00  0.0000E+00  0.0000E+00  0.0000E+00       0
    98.-  100.         0  0.0000E+00         0    0.0000E+00  0.0000E+00  0.0000E+00  0.0000E+00  0.0000E+00  0.0000E+00       0
   100.-  102.         0  0.0000E+00         0    0.0000E+00  0.0000E+00  0.0000E+00  0.0000E+00  0.0000E+00  0.0000E+00       0
   102.-  104.         0  0.0000E+00         0    0.0000E+00  0.0000E+00  0.0000E+00  0.0000E+00  0.0000E+00  0.0000E+00       0
   104.-  106.         0  0.0000E+00         0    0.0000E+00  0.0000E+00  0.0000E+00  0.0000E+00  0.0000E+00  0.0000E+00       0
   106.-  108.         0  0.0000E+00         0    0.0000E+00  0.0000E+00  0.0000E+00  0.0000E+00  0.0000E+00  0.0000E+00       0
   108.-  110.         0  0.0000E+00         0    0.0000E+00  0.0000E+00  0.0000E+00  0.0000E+00  0.0000E+00  0.0000E+00       0
   110.-  112.         0  0.0000E+00         0    0.0000E+00  0.0000E+00  0.0000E+00  0.0000E+00  0.0000E+00  0.0000E+00       0
   112.-  114.         0  0.0000E+00         0    0.0000E+00  0.0000E+00  0.0000E+00  0.0000E+00  0.0000E+00  0.0000E+00       0
   114.-  116.         0  0.0000E+00         0    0.0000E+00  0.0000E+00  0.0000E+00  0.0000E+00  0.0000E+00  0.0000E+00       0
   116.-  118.         0  0.0000E+00         0    0.0000E+00  0.0000E+00  0.0000E+00  0.0000E+00  0.0000E+00  0.0000E+00       0
   118.-  120.         0  0.0000E+00         0    0.0000E+00  0.0000E+00  0.0000E+00  0.0000E+00  0.0000E+00  0.0000E+00       0
   120.-  122.         0  0.0000E+00         0    0.0000E+00  0.0000E+00  0.0000E+00  0.0000E+00  0.0000E+00  0.0000E+00       0
   122.-  124.         0  0.0000E+00         0    0.0000E+00  0.0000E+00  0.0000E+00  0.0000E+00  0.0000E+00  0.0000E+00       0
   124.-  126.         0  0.0000E+00         0    0.0000E+00  0.0000E+00  0.0000E+00  0.0000E+00  0.0000E+00  0.0000E+00       0
   126.-  128.         0  0.0000E+00         0    0.0000E+00  0.0000E+00  0.0000E+00  0.0000E+00  0.0000E+00  0.0000E+00       0
   128.-  130.         0  0.0000E+00         0    0.0000E+00  0.0000E+00  0.0000E+00  0.0000E+00  0.0000E+00  0.0000E+00       0
   130.-  132.         0  0.0000E+00         0    0.0000E+00  0.0000E+00  0.0000E+00  0.0000E+00  0.0000E+00  0.0000E+00       0
   132.-  134.         0  0.0000E+00         0    0.0000E+00  0.0000E+00  0.0000E+00  0.0000E+00  0.0000E+00  0.0000E+00       0
   134.-  136.         0  0.0000E+00         0    0.0000E+00  0.0000E+00  0.0000E+00  0.0000E+00  0.0000E+00  0.0000E+00       0
   136.-  138.         0  0.0000E+00         0    0.0000E+00  0.0000E+00  0.0000E+00  0.0000E+00  0.0000E+00  0.0000E+00       0
   138.-  140.         0  0.0000E+00         0    0.0000E+00  0.0000E+00  0.0000E+00  0.0000E+00  0.0000E+00  0.0000E+00       0
   140.-  142.         0  0.0000E+00         0    0.0000E+00  0.0000E+00  0.0000E+00  0.0000E+00  0.0000E+00  0.0000E+00       0
   142.-  144.         0  0.0000E+00         0    0.0000E+00  0.0000E+00  0.0000E+00  0.0000E+00  0.0000E+00  0.0000E+00       0
   144.-  146.         0  0.0000E+00         0    0.0000E+00  0.0000E+00  0.0000E+00  0.0000E+00  0.0000E+00  0.0000E+00       0
   146.-  148.         0  0.0000E+00         0    0.0000E+00  0.0000E+00  0.0000E+00  0.0000E+00  0.0000E+00  0.0000E+00       0
   148.-  150.         0  0.0000E+00         0    0.0000E+00  0.0000E+00  0.0000E+00  0.0000E+00  0.0000E+00  0.0000E+00       0
   150.-  152.         0  0.0000E+00         0    0.0000E+00  0.0000E+00  0.0000E+00  0.0000E+00  0.0000E+00  0.0000E+00       0
   152.-  154.         0  0.0000E+00         0    0.0000E+00  0.0000E+00  0.0000E+00  0.0000E+00  0.0000E+00  0.0000E+00       0
   154.-  156.         0  0.0000E+00         0    0.0000E+00  0.0000E+00  0.0000E+00  0.0000E+00  0.0000E+00  0.0000E+00       0
   156.-  158.         0  0.0000E+00         0    0.0000E+00  0.0000E+00  0.0000E+00  0.0000E+00  0.0000E+00  0.0000E+00       0
   158.-  160.         0  0.0000E+00         0    0.0000E+00  0.0000E+00  0.0000E+00  0.0000E+00  0.0000E+00  0.0000E+00       0
   160.-  162.         0  0.0000E+00         0    0.0000E+00  0.0000E+00  0.0000E+00  0.0000E+00  0.0000E+00  0.0000E+00       0
   162.-  164.         0  0.0000E+00         0    0.0000E+00  0.0000E+00  0.0000E+00  0.0000E+00  0.0000E+00  0.0000E+00       0
   164.-  166.         0  0.0000E+00         0    0.0000E+00  0.0000E+00  0.0000E+00  0.0000E+00  0.0000E+00  0.0000E+00       0
   166.-  168.         0  0.0000E+00         0    0.0000E+00  0.0000E+00  0.0000E+00  0.0000E+00  0.0000E+00  0.0000E+00       0
   168.-  170.         0  0.0000E+00         0    0.0000E+00  0.0000E+00  0.0000E+00  0.0000E+00  0.0000E+00  0.0000E+00       0
   170.-  172.         0  0.0000E+00         0    0.0000E+00  0.0000E+00  0.0000E+00  0.0000E+00  0.0000E+00  0.0000E+00       0
   172.-  174.         0  0.0000E+00         0    0.0000E+00  0.0000E+00  0.0000E+00  0.0000E+00  0.0000E+00  0.0000E+00       0
   174.-  176.         0  0.0000E+00         0    0.0000E+00  0.0000E+00  0.0000E+00  0.0000E+00  0.0000E+00  0.0000E+00       0
   176.-  178.         0  0.0000E+00         0    0.0000E+00  0.0000E+00  0.0000E+00  0.0000E+00  0.0000E+00  0.0000E+00       0
   178.-  180.         0  0.0000E+00         0    0.0000E+00  0.0000E+00  0.0000E+00  0.0000E+00  0.0000E+00  0.0000E+00       0
   180.-  182.         0  0.0000E+00         0    0.0000E+00  0.0000E+00  0.0000E+00  0.0000E+00  0.0000E+00  0.0000E+00       0
   182.-  184.         0  0.0000E+00         0    0.0000E+00  0.0000E+00  0.0000E+00  0.0000E+00  0.0000E+00  0.0000E+00       0
   184.-  186.         0  0.0000E+00         0    0.0000E+00  0.0000E+00  0.0000E+00  0.0000E+00  0.0000E+00  0.0000E+00       0
   186.-  188.         0  0.0000E+00         0    0.0000E+00  0.0000E+00  0.0000E+00  0.0000E+00  0.0000E+00  0.0000E+00       0
   188.-  190.         0  0.0000E+00         0    0.0000E+00  0.0000E+00  0.0000E+00  0.0000E+00  0.0000E+00  0.0000E+00       0
   190.-  192.         0  0.0000E+00         0    0.0000E+00  0.0000E+00  0.0000E+00  0.0000E+00  0.0000E+00  0.0000E+00       0
   192.-  194.         0  0.0000E+00         0    0.0000E+00  0.0000E+00  0.0000E+00  0.0000E+00  0.0000E+00  0.0000E+00       0
   194.-  196.         0  0.0000E+00         0    0.0000E+00  0.0000E+00  0.0000E+00  0.0000E+00  0.0000E+00  0.0000E+00       0
   196.-  198.         0  0.0000E+00         0    0.0000E+00  0.0000E+00  0.0000E+00  0.0000E+00  0.0000E+00  0.0000E+00       0
   198.-  200.         0  0.0000E+00         0    0.0000E+00  0.0000E+00  0.0000E+00  0.0000E+00  0.0000E+00  0.0000E+00       0
   200.-   SUT         0  0.0000E+00

                   99999  1.0000E+00     99999    5.7155E+06  1.0328E+08  9.6731E+07  8.4035E+07  1.2696E+07  7.1829E+07  707531
1
     RECOILS



     DEPTH(A)     INLOSS(EV)   TELOSS(EV)   ELLOSS(EV)   DAMAGE(EV)   PHONON(EV)     DPA  DPA(1)  DPA(2)

     0.-    2.    2.2829E+05   4.3879E+06   3.4333E+06   6.0542E+05   2.8279E+06   11062   11062       0
     2.-    4.    4.3200E+05   7.5850E+06   6.2309E+06   1.9068E+06   4.3240E+06   29773   29773       0
     4.-    6.    6.1324E+05   1.0416E+07   8.6276E+06   2.8497E+06   5.7779E+06   43123   43123       0
     6.-    8.    7.4994E+05   1.2652E+07   1.0489E+07   3.5068E+06   6.9824E+06   52951   52951       0
     8.-   10.    8.5224E+05   1.4419E+07   1.1944E+07   3.9492E+06   7.9947E+06   59826   59826       0
    10.-   12.    9.2602E+05   1.5786E+07   1.3064E+07   4.2851E+06   8.7789E+06   65358   65358       0
    12.-   14.    9.6467E+05   1.6580E+07   1.3682E+07   4.3582E+06   9.3239E+06   67551   67551       0
    14.-   16.    9.7484E+05   1.6919E+07   1.3921E+07   4.3107E+06   9.6108E+06   67727   67727       0
    16.-   18.    9.5584E+05   1.6807E+07   1.3787E+07   4.1462E+06   9.6404E+06   66112   66112       0
    18.-   20.    9.0909E+05   1.6153E+07   1.3199E+07   3.8083E+06   9.3905E+06   61668   61668       0
    20.-   22.    8.4260E+05   1.5143E+07   1.2331E+07   3.4402E+06   8.8905E+06   56582   56582       0
    22.-   24.    7.5785E+05   1.3771E+07   1.1172E+07   2.9924E+06   8.1800E+06   49928   49928       0
    24.-   26.    6.6203E+05   1.2161E+07   9.8246E+06   2.5134E+06   7.3112E+06   42429   42429       0
    26.-   28.    5.6571E+05   1.0508E+07   8.4667E+06   2.1140E+06   6.3527E+06   35985   35985       0
    28.-   30.    4.6901E+05   8.7734E+06   7.0451E+06   1.6988E+06   5.3464E+06   29341   29341       0
    30.-   32.    3.7900E+05   7.1899E+06   5.7616E+06   1.3598E+06   4.4018E+06   23638   23638       0
    32.-   34.    2.9956E+05   5.6981E+06   4.5499E+06   1.0265E+06   3.5234E+06   18065   18065       0
    34.-   36.    2.3021E+05   4.4189E+06   3.5210E+06   7.8250E+05   2.7385E+06   13877   13877       0
    36.-   38.    1.7336E+05   3.3415E+06   2.6556E+06   5.7088E+05   2.0847E+06   10190   10190       0
    38.-   40.    1.2741E+05   2.4675E+06   1.9550E+06   4.0769E+05   1.5473E+06    7251    7251       0
    40.-   42.    9.2286E+04   1.7966E+06   1.4228E+06   2.9854E+05   1.1243E+06    5290    5290       0
    42.-   44.    6.5311E+04   1.2757E+06   1.0099E+06   2.1067E+05   7.9924E+05    3721    3721       0
    44.-   46.    4.6112E+04   8.9465E+05   7.0773E+05   1.4714E+05   5.6059E+05    2646    2646       0
    46.-   48.    3.1599E+04   6.1655E+05   4.8716E+05   9.8880E+04   3.8828E+05    1777    1777       0
    48.-   50.    2.1540E+04   4.2006E+05   3.3259E+05   6.9929E+04   2.6266E+05    1272    1272       0
    50.-   52.    1.4978E+04   2.9278E+05   2.3226E+05   5.0433E+04   1.8183E+05     883     883       0
    52.-   54.    9.9452E+03   1.9438E+05   1.5422E+05   3.3354E+04   1.2087E+05     599     599       0
    54.-   56.    6.6828E+03   1.2967E+05   1.0226E+05   2.0567E+04   8.1696E+04     366     366       0
    56.-   58.    4.3595E+03   8.5333E+04   6.7359E+04   1.4465E+04   5.2894E+04     262     262       0
    58.-   60.    2.8477E+03   5.4883E+04   4.3422E+04   8.5598E+03   3.4862E+04     168     168       0
    60.-   62.    1.8518E+03   3.5775E+04   2.8050E+04   5.3666E+03   2.2683E+04     105     105       0
    62.-   64.    1.2178E+03   2.3541E+04   1.8635E+04   3.4270E+03   1.5208E+04      64      64       0
    64.-   66.    7.8983E+02   1.5543E+04   1.2263E+04   2.3836E+03   9.8790E+03      44      44       0
    66.-   68.    5.5146E+02   1.1075E+04   8.7611E+03   1.9978E+03   6.7633E+03      36      36       0
    68.-   70.    3.3548E+02   6.8016E+03   5.3341E+03   1.1177E+03   4.2164E+03      19      19       0
    70.-   72.    2.2961E+02   4.2098E+03   3.2116E+03   3.9908E+02   2.8125E+03       8       8       0
    72.-   74.    1.4050E+02   2.7803E+03   2.1676E+03   3.8960E+02   1.7780E+03       8       8       0
    74.-   76.    9.2117E+01   1.9770E+03   1.6022E+03   4.6321E+02   1.1390E+03       7       7       0
    76.-   78.    5.3086E+01   1.0427E+03   8.2972E+02   2.4940E+02   5.8033E+02       4       4       0
    78.-   80.    4.5078E+01   7.9381E+02   5.9877E+02   9.9697E+01   4.9907E+02       3       3       0
    80.-   82.    2.9010E+01   4.6306E+02   3.4835E+02   3.2132E+01   3.1621E+02       1       1       0
    82.-   84.    2.0683E+01   4.0208E+02   3.3262E+02   1.0092E+02   2.3170E+02       3       3       0
    84.-   86.    1.4621E+01   2.5912E+02   2.0119E+02   3.2324E+01   1.6887E+02       1       1       0
    86.-   88.    7.0836E+00   1.1027E+02   7.9886E+01   0.0000E+00   7.9886E+01       0       0       0
    88.-   90.    5.0673E+00   1.0190E+02   7.9223E+01   0.0000E+00   7.9223E+01       0       0       0
    90.-   92.    2.9993E+00   6.2047E+01   4.9672E+01   0.0000E+00   4.9672E+01       0       0       0
    92.-   94.    3.6764E+00   5.4797E+01   3.6642E+01   0.0000E+00   3.6642E+01       0       0       0
    94.-   96.    1.2519E+00   2.2377E+01   1.5148E+01   0.0000E+00   1.5148E+01       0       0       0
    96.-   98.    5.0709E-01   9.8962E+00   6.4136E+00   0.0000E+00   6.4136E+00       0       0       0
    98.-  100.    6.0038E-01   8.8166E+00   6.8011E+00   0.0000E+00   6.8011E+00       0       0       0
   100.-  102.    2.2403E-01   4.8000E+00   2.8303E+00   0.0000E+00   2.8303E+00       0       0       0
   102.-  104.    0.0000E+00   0.0000E+00   0.0000E+00   0.0000E+00   0.0000E+00       0       0       0
   104.-  106.    0.0000E+00   0.0000E+00   0.0000E+00   0.0000E+00   0.0000E+00       0       0       0
   106.-  108.    0.0000E+00   0.0000E+00   0.0000E+00   0.0000E+00   0.0000E+00       0       0       0
   108.-  110.    0.0000E+00   0.0000E+00   0.0000E+00   0.0000E+00   0.0000E+00       0       0       0
   110.-  112.    0.0000E+00   0.0000E+00   0.0000E+00   0.0000E+00   0.0000E+00       0       0       0
   112.-  114.    0.0000E+00   0.0000E+00   0.0000E+00   0.0000E+00   0.0000E+00       0       0       0
   114.-  116.    0.0000E+00   0.0000E+00   0.0000E+00   0.0000E+00   0.0000E+00       0       0       0
   116.-  118.    0.0000E+00   0.0000E+00   0.0000E+00   0.0000E+00   0.0000E+00       0       0       0
   118.-  120.    0.0000E+00   0.0000E+00   0.0000E+00   0.0000E+00   0.0000E+00       0       0       0
   120.-  122.    0.0000E+00   0.0000E+00   0.0000E+00   0.0000E+00   0.0000E+00       0       0       0
   122.-  124.    0.0000E+00   0.0000E+00   0.0000E+00   0.0000E+00   0.0000E+00       0       0       0
   124.-  126.    0.0000E+00   0.0000E+00   0.0000E+00   0.0000E+00   0.0000E+00       0       0       0
   126.-  128.    0.0000E+00   0.0000E+00   0.0000E+00   0.0000E+00   0.0000E+00       0       0       0
   128.-  130.    0.0000E+00   0.0000E+00   0.0000E+00   0.0000E+00   0.0000E+00       0       0       0
   130.-  132.    0.0000E+00   0.0000E+00   0.0000E+00   0.0000E+00   0.0000E+00       0       0       0
   132.-  134.    0.0000E+00   0.0000E+00   0.0000E+00   0.0000E+00   0.0000E+00       0       0       0
   134.-  136.    0.0000E+00   0.0000E+00   0.0000E+00   0.0000E+00   0.0000E+00       0       0       0
   136.-  138.    0.0000E+00   0.0000E+00   0.0000E+00   0.0000E+00   0.0000E+00       0       0       0
   138.-  140.    0.0000E+00   0.0000E+00   0.0000E+00   0.0000E+00   0.0000E+00       0       0       0
   140.-  142.    0.0000E+00   0.0000E+00   0.0000E+00   0.0000E+00   0.0000E+00       0       0       0
   142.-  144.    0.0000E+00   0.0000E+00   0.0000E+00   0.0000E+00   0.0000E+00       0       0       0
   144.-  146.    0.0000E+00   0.0000E+00   0.0000E+00   0.0000E+00   0.0000E+00       0       0       0
   146.-  148.    0.0000E+00   0.0000E+00   0.0000E+00   0.0000E+00   0.0000E+00       0       0       0
   148.-  150.    0.0000E+00   0.0000E+00   0.0000E+00   0.0000E+00   0.0000E+00       0       0       0
   150.-  152.    0.0000E+00   0.0000E+00   0.0000E+00   0.0000E+00   0.0000E+00       0       0       0
   152.-  154.    0.0000E+00   0.0000E+00   0.0000E+00   0.0000E+00   0.0000E+00       0       0       0
   154.-  156.    0.0000E+00   0.0000E+00   0.0000E+00   0.0000E+00   0.0000E+00       0       0       0
   156.-  158.    0.0000E+00   0.0000E+00   0.0000E+00   0.0000E+00   0.0000E+00       0       0       0
   158.-  160.    0.0000E+00   0.0000E+00   0.0000E+00   0.0000E+00   0.0000E+00       0       0       0
   160.-  162.    0.0000E+00   0.0000E+00   0.0000E+00   0.0000E+00   0.0000E+00       0       0       0
   162.-  164.    0.0000E+00   0.0000E+00   0.0000E+00   0.0000E+00   0.0000E+00       0       0       0
   164.-  166.    0.0000E+00   0.0000E+00   0.0000E+00   0.0000E+00   0.0000E+00       0       0       0
   166.-  168.    0.0000E+00   0.0000E+00   0.0000E+00   0.0000E+00   0.0000E+00       0       0       0
   168.-  170.    0.0000E+00   0.0000E+00   0.0000E+00   0.0000E+00   0.0000E+00       0       0       0
   170.-  172.    0.0000E+00   0.0000E+00   0.0000E+00   0.0000E+00   0.0000E+00       0       0       0
   172.-  174.    0.0000E+00   0.0000E+00   0.0000E+00   0.0000E+00   0.0000E+00       0       0       0
   174.-  176.    0.0000E+00   0.0000E+00   0.0000E+00   0.0000E+00   0.0000E+00       0       0       0
   176.-  178.    0.0000E+00   0.0000E+00   0.0000E+00   0.0000E+00   0.0000E+00       0       0       0
   178.-  180.    0.0000E+00   0.0000E+00   0.0000E+00   0.0000E+00   0.0000E+00       0       0       0
   180.-  182.    0.0000E+00   0.0000E+00   0.0000E+00   0.0000E+00   0.0000E+00       0       0       0
   182.-  184.    0.0000E+00   0.0000E+00   0.0000E+00   0.0000E+00   0.0000E+00       0       0       0
   184.-  186.    0.0000E+00   0.0000E+00   0.0000E+00   0.0000E+00   0.0000E+00       0       0       0
   186.-  188.    0.0000E+00   0.0000E+00   0.0000E+00   0.0000E+00   0.0000E+00       0       0       0
   188.-  190.    0.0000E+00   0.0000E+00   0.0000E+00   0.0000E+00   0.0000E+00       0       0       0
   190.-  192.    0.0000E+00   0.0000E+00   0.0000E+00   0.0000E+00   0.0000E+00       0       0       0
   192.-  194.    0.0000E+00   0.0000E+00   0.0000E+00   0.0000E+00   0.0000E+00       0       0       0
   194.-  196.    0.0000E+00   0.0000E+00   0.0000E+00   0.0000E+00   0.0000E+00       0       0       0
   196.-  198.    0.0000E+00   0.0000E+00   0.0000E+00   0.0000E+00   0.0000E+00       0       0       0
   198.-  200.    0.0000E+00   0.0000E+00   0.0000E+00   0.0000E+00   0.0000E+00       0       0       0

                  1.2414E+07   2.2104E+08   1.8030E+08   5.1601E+07   1.2870E+08  829724  829724       0
1     BACKWARD SPUTTERING



        ALL SPUTTERED PARTICLES =   29330   TOTAL SPUTTERED ENERGY = 0.4692E+06 EV


        SPUTTERED PARTICLES (1.LAYER) =   29330   SPUTTERED ENERGY = 0.4692E+06 EV


 1.LAYER
         SPUTTERED PARTICLES(1) =   29330     SPUTTERED ENERGY(1) = 0.4692E+06 EV

         ION IN , PRIMARY KO(1) =    6528   0.2226   0.2226    ENERGY = 0.1547E+06 EV   0.3298   0.3298    MEAN ENERGY = 0.2370E+02
         ION IN , SECOND. KO(1) =   22802   0.7774   0.7774    ENERGY = 0.3144E+06 EV   0.6702   0.6702    MEAN ENERGY = 0.1379E+02
        ION OUT , PRIMARY KO(1) =       0   0.0000   0.0000    ENERGY = 0.0000E+00 EV   0.0000   0.0000    MEAN ENERGY = 0.0000E+00
        ION OUT , SECOND. KO(1) =       0   0.0000   0.0000    ENERGY = 0.0000E+00 EV   0.0000   0.0000    MEAN ENERGY = 0.0000E+00


     SPUTTERING YIELD(1) =  2.933E-01  SPUTTERED ENERGY(1) =  4.304E-03  REL.MEAN ENERGY(1) =  1.468E-02  MEAN ENERGY(1) =  1.600E+01

                       MEAN        VARIANCE      SKEWNESS      KURTOSIS        SIGMA       ERROR 1.M     ERROR 2.M     ERROR 3.M 
    ENERGY(1)       1.5997E+01    3.0884E+02    2.7129E+00    1.4031E+01    1.7574E+01    1.0262E-01    6.5097E+00    6.5711E-02
 LOGENERGY(1)       9.8433E-01    2.1468E-01   -3.3653E-01    3.1163E+00    4.6333E-01    2.7059E-03    1.8239E-03    1.4539E-02

                     1.MOMENT      2.MOMENT      3.MOMENT      4.MOMENT      5.MOMENT      6.MOMENT 
    ENERGY(1)       1.5997E+01    5.6474E+02    3.3639E+04    2.8201E+06    2.9807E+08    3.7247E+10
 LOGENERGY(1)       9.8433E-01    1.1836E+00    1.5542E+00    2.1986E+00    3.2804E+00    5.1205E+00



     POLAR ANGULAR DISTRIBUTION OF ALL BACKWARD SPUTTERED PARTICLES


       0.00  0.00  0.00  0.00  0.00  0.00  0.00  0.00  0.00  0.00  0.00  0.00  0.00  0.00  0.00  0.00  0.00  0.00  0.00  0.00

         52   214   329   504   677   844   972  1160  1400  1527  1744  1883  1943  2059  2179  2350  2266  2342  2410  2475
      0.035 0.146 0.224 0.344 0.462 0.576 0.663 0.791 0.955 1.041 1.189 1.284 1.325 1.404 1.486 1.602 1.545 1.597 1.643 1.688
1 LOG ENERGY - COS OF EMISSION ANGLE (0.05 STEPS)   (BACKWARD SPUTTERED PARTICLES) ; 1. LAYER ; SPECIES 1


   0.0000E+00    1    2    3    4    5    6    7    8    9   10   11   12   13   14   15   16   17   18   19   20     0  0.0000E+00
   0.1000E+00    0    0    0    0    0    0    0    1    1    0    1    0    1    0    0    0    2    1    1    1     9  0.9000E-03
   0.1212E+00    0    0    0    0    0    0    0    0    0    0    0    0    0    0    0    0    0    0    0    0     0  0.0000E+00
   0.1468E+00    0    0    0    0    0    0    0    0    0    0    0    0    0    0    0    0    0    0    0    0     0  0.0000E+00
   0.1778E+00    0    0    0    0    0    0    0    0    0    0    0    0    0    0    0    0    0    0    0    0     0  0.0000E+00
   0.2154E+00    0    0    0    0    0    0    0    0    0    0    0    0    0    0    0    0    0    0    0    0     0  0.0000E+00
   0.2610E+00    0    0    0    0    0    0    0    0    0    0    0    0    0    0    0    0    0    0    0    0     0  0.0000E+00
   0.3162E+00    0    0    0    0    0    0    0    0    0    0    0    0    0    0    0    0    0    0    0    0     0  0.0000E+00
   0.3831E+00    0    0    0    0    0    0    0    0    0    0    0    0    0    0    0    0    0    0    0    0     0  0.0000E+00
   0.4642E+00    0    0    0    0    0    0    0    0    0    0    0    0    0    0    0    0    0    0    0    0     0  0.0000E+00
   0.5623E+00    0    0    0    0    0    0    0    0    0    0    0    0    0    0    0    0    0    0    0    0     0  0.0000E+00
   0.6813E+00    0    0    0    0    0    0    0    0    0    0    0    0    0    0    0    0    0    0    0    0     0  0.0000E+00
   0.8254E+00    0    0    0    0    0    0    0    0    0    0    0    0    0    0    0    0    0    0    0    0     0  0.0000E+00
   0.1000E+01    0    0    0    0    0    0    0    0    0    0    0    0    0    0    0    0    0    0    0    0     0  0.0000E+00
   0.1212E+01    0    0    0    0    0    0    0    0    0    0    0    0    0    0    0    0    0    0    0    0     0  0.0000E+00
   0.1468E+01    0    0    0    0    0    0    0    0    0    0    0    0    0    0    0    0    0    0    0    0     0  0.0000E+00
   0.1778E+01    0    0    0    0    0    0    0    0    0    0    0    0    0    0    0    0    0    0    0    0     0  0.0000E+00
   0.2154E+01    0    0    0    0    0    0    0    0    0    0    0    0    0    0    0    0    0    0    0    0     0  0.0000E+00
   0.2610E+01    0    0    0    0    0    0    0    0    0    0    0    0    0    0    0    0    0    0    0    0     0  0.0000E+00
   0.3162E+01    0    0    0    0    0    0    0    0    0    0    0    0    0    0    0    0    0    0    0    0     0  0.0000E+00
   0.3831E+01    0    0    0    0    0    0    0    0    0    0    0    0    0    0    0    0    0    0    0    0     0  0.0000E+00
   0.4642E+01    0    0    0    0    0    0    0    0    0    0    0    0    0    0    0    0    0    0    0    0     0  0.0000E+00
   0.5623E+01    0    0    0    0    0    0    0    0    0    0    0    0    0    0    0    0    0    0    0    0     0  0.0000E+00
   0.6813E+01    0    0    0    0    0    0    0    0    0    0    0    0    0    0    0    0    0    0    0    0     0  0.0000E+00
   0.8254E+01    0    0    0    0    0    0    0    0    0    0    0    0    0    0    0    0    0    0    0    0     0  0.0000E+00
   0.1000E+02    0    0    0    0    0    0    0    0    0    0    0    0    0    0    0    0    0    0    0    0     0  0.0000E+00
   0.1212E+02    0    0    0    0    0    0    0    0    0    0    0    0    0    0    0    0    0    0    0    0     0  0.0000E+00
   0.1468E+02    0    0    0    0    0    0    0    0    0    0    0    0    0    0    0    0    0    0    0    0     0  0.0000E+00
   0.1778E+02    0    0    0    0    0    0    0    0    0    0    0    0    0    0    0    0    0    0    0    0     0  0.0000E+00
   0.2154E+02    0    0    0    0    0    0    0    0    0    0    0    0    0    0    0    0    0    0    0    0     0  0.0000E+00
   0.2610E+02    0    0    0    0    0    0    0    0    0    0    0    0    0    0    0    0    0    0    0    0     0  0.0000E+00
   0.3162E+02    0    0    0    0    0    0    0    0    0    0    0    0    0    0    0    0    0    0    0    0     0  0.0000E+00
   0.3831E+02    0    0    0    0    0    0    0    0    0    0    0    0    0    0    0    0    0    0    0    0     0  0.0000E+00
   0.4642E+02    0    0    0    0    0    0    0    0    0    0    0    0    0    0    0    0    0    0    0    0     0  0.0000E+00
   0.5623E+02    0    0    0    0    0    0    0    0    0    0    0    0    0    0    0    0    0    0    0    0     0  0.0000E+00
   0.6813E+02    0    0    0    0    0    0    0    0    0    0    0    0    0    0    0    0    0    0    0    0     0  0.0000E+00
   0.8254E+02    0    0    0    0    0    0    0    0    0    0    0    0    0    0    0    0    0    0    0    0     0  0.0000E+00
   0.1000E+03    0    0    0    0    0    0    0    0    0    0    0    0    0    0    0    0    0    0    0    0     0  0.0000E+00
   0.1212E+03    0    0    0    0    0    0    0    0    0    0    0    0    0    0    0    0    0    0    0    0     0  0.0000E+00
   0.1468E+03    0    0    0    0    0    0    0    0    0    0    0    0    0    0    0    0    0    0    0    0     0  0.0000E+00
   0.1778E+03    0    0    0    0    0    0    0    0    0    0    0    0    0    0    0    0    0    0    0    0     0  0.0000E+00
   0.2154E+03    0    0    0    0    0    0    0    0    0    0    0    0    0    0    0    0    0    0    0    0     0  0.0000E+00
   0.2610E+03    0    0    0    0    0    0    0    0    0    0    0    0    0    0    0    0    0    0    0    0     0  0.0000E+00
   0.3162E+03    0    0    0    0    0    0    0    0    0    0    0    0    0    0    0    0    0    0    0    0     0  0.0000E+00
   0.3831E+03    0    0    0    0    0    0    0    0    0    0    0    0    0    0    0    0    0    0    0    0     0  0.0000E+00
   0.4642E+03    0    0    0    0    0    0    0    0    0    0    0    0    0    0    0    0    0    0    0    0     0  0.0000E+00
   0.5623E+03    0    0    0    0    0    0    0    0    0    0    0    0    0    0    0    0    0    0    0    0     0  0.0000E+00
   0.6813E+03    0    0    0    0    0    0    0    0    0    0    0    0    0    0    0    0    0    0    0    0     0  0.0000E+00
   0.8254E+03    0    0    0    0    0    0    0    0    0    0    0    0    0    0    0    0    0    0    0    0     0  0.0000E+00
   0.1000E+04    0    0    0    0    0    0    0    0    0    0    0    0    0    0    0    0    0    0    0    0     0  0.0000E+00
   0.1212E+04    0    0    0    0    0    0    0    0    0    0    0    0    0    0    0    0    0    0    0    0     0  0.0000E+00
   0.1468E+04    0    0    0    0    0    0    0    0    0    0    0    0    0    0    0    0    0    0    0    0     0  0.0000E+00
   0.1778E+04    0    0    0    0    0    0    0    0    0    0    0    0    0    0    0    0    0    0    0    0     0  0.0000E+00
   0.2154E+04    0    0    0    0    0    0    0    0    0    0    0    0    0    0    0    0    0    0    0    0     0  0.0000E+00
   0.2610E+04    0    0    0    0    0    0    0    0    0    0    0    0    0    0    0    0    0    0    0    0     0  0.0000E+00
   0.3162E+04    0    0    0    0    0    0    0    0    0    0    0    0    0    0    0    0    0    0    0    0     0  0.0000E+00
   0.3831E+04    0    0    0    0    0    0    0    0    0    0    0    0    0    0    0    0    0    0    0    0     0  0.0000E+00
   0.4642E+04    0    0    0    0    0    0    0    0    0    0    0    0    0    0    0    0    0    0    0    0     0  0.0000E+00
   0.5623E+04    0    0    0    0    0    0    0    0    0    0    0    0    0    0    0    0    0    0    0    0     0  0.0000E+00
   0.6813E+04    0    0    0    0    0    0    0    0    0    0    0    0    0    0    0    0    0    0    0    0     0  0.0000E+00
   0.8254E+04    0    0    0    0    0    0    0    0    0    0    0    0    0    0    0    0    0    0    0    0     0  0.0000E+00
   0.1000E+05    0    0    0    0    0    0    0    0    0    0    0    0    0    0    0    0    0    0    0    0     0  0.0000E+00
   0.1212E+05    0    0    0    0    0    0    0    0    0    0    0    0    0    0    0    0    0    0    0    0     0  0.0000E+00
   0.1468E+05    0    0    0    0    0    0    0    0    0    0    0    0    0    0    0    0    0    0    0    0     0  0.0000E+00
   0.1778E+05    0    0    0    0    0    0    0    0    0    0    0    0    0    0    0    0    0    0    0    0     0  0.0000E+00
   0.2154E+05    0    0    0    0    0    0    0    0    0    0    0    0    0    0    0    0    0    0    0    0     0  0.0000E+00
   0.2610E+05    0    0    0    0    0    0    0    0    0    0    0    0    0    0    0    0    0    0    0    0     0  0.0000E+00
   0.3162E+05    0    0    0    0    0    0    0    0    0    0    0    0    0    0    0    0    0    0    0    0     0  0.0000E+00
   0.3831E+05    0    0    0    0    0    0    0    0    0    0    0    0    0    0    0    0    0    0    0    0     0  0.0000E+00
   0.4642E+05    0    0    0    0    0    0    0    0    0    0    0    0    0    0    0    0    0    0    0    0     0  0.0000E+00
   0.5623E+05    0    0    0    0    0    0    0    0    0    0    0    0    0    0    0    0    0    0    0    0     0  0.0000E+00
   0.6813E+05    0    0    0    0    0    0    0    0    0    0    0    0    0    0    0    0    0    0    0    0     0  0.0000E+00
   0.8254E+05    0    0    0    0    0    0    0    0    0    0    0    0    0    0    0    0    0    0    0    0     0  0.0000E+00
   0.1000E+06    0    0    0    0    0    0    0    0    0    0    0    0    0    0    0    0    0    0    0    0     0  0.0000E+00
   0.0000E+00  104  428  658 1008 1354 1688 1944 2319 2799 3054 3487 3766 3885 4118 4358 4700 4530 4683 4819 4949 58651  0.0000E+00
1ENERGY(E/E0 IN %) - POLAR ANGLE IN COS-INTERVALS (0.05)  (BACKWARD SPUTTERED PARTICLES) , 1.LAYER , SPECIES 1

     0    1    2    3    4    5    6    7    8    9   10   11   12   13   14   15   16   17   18   19   20      0
     1   30  124  158  258  350  461  512  563  690  710  850  943  948 1012 1090 1204 1236 1319 1448 1543  15449
     2   12   53   97  133  182  202  218  284  342  381  430  455  488  481  529  595  571  574  575  542   7144
     3    3   23   35   65   76   87  100  152  143  179  194  208  231  247  243  255  223  226  200  200   3090
     4    4    6   22   18   34   37   63   65   76   95  119  108  113  141  149  135  100   97  105  104   1591
     5    2    5    7   13   13   21   34   42   55   71   64   62   61   78   74   74   56   49   40   49    870
     6    1    1    6    7   11   18   18   20   26   37   32   30   32   32   30   36   34   38   20   16    445
     7    0    1    3    4    6    7   12   17   15   24   17   29   32   21   28   17   17   16   12    6    284
     8    0    0    0    2    2    2    3    5   22    8   13   21   16   12   12   10   11   10    2    5    156
     9    0    0    1    0    1    5    5    7    8   10    8    8    5   14    8   11   11    8    3    4    117
    10    0    0    0    2    0    1    4    3   13    5    9   12    7   11    6    3    3    2    1    4     86
    11    0    1    0    0    2    1    0    0    2    2    2    4    5    2    5    5    0    1    1    1     34
    12    0    0    0    1    0    0    1    1    4    3    2    1    4    4    3    1    2    0    2    0     29
    13    0    0    0    1    0    1    0    0    1    1    3    1    0    1    1    1    1    2    0    0     14
    14    0    0    0    0    0    0    0    1    1    1    1    0    0    1    0    2    1    0    0    0      8
    15    0    0    0    0    0    1    1    0    2    0    0    0    0    0    0    0    0    0    0    1      5
    16    0    0    0    0    0    0    0    0    0    0    0    0    1    2    1    0    0    0    1    0      5
    17    0    0    0    0    0    0    0    0    0    0    0    0    0    0    0    1    0    0    0    0      1
    18    0    0    0    0    0    0    0    0    0    0    0    0    0    0    0    0    0    0    0    0      0
    19    0    0    0    0    0    0    0    0    0    0    0    1    0    0    0    0    0    0    0    0      1
    20    0    0    0    0    0    0    0    0    0    0    0    0    0    0    0    0    0    0    0    0      0
    21    0    0    0    0    0    0    1    0    0    0    0    0    0    0    0    0    0    0    0    0      1
    22    0    0    0    0    0    0    0    0    0    0    0    0    0    0    0    0    0    0    0    0      0
    23    0    0    0    0    0    0    0    0    0    0    0    0    0    0    0    0    0    0    0    0      0
    24    0    0    0    0    0    0    0    0    0    0    0    0    0    0    0    0    0    0    0    0      0
    25    0    0    0    0    0    0    0    0    0    0    0    0    0    0    0    0    0    0    0    0      0
    26    0    0    0    0    0    0    0    0    0    0    0    0    0    0    0    0    0    0    0    0      0
    27    0    0    0    0    0    0    0    0    0    0    0    0    0    0    0    0    0    0    0    0      0
    28    0    0    0    0    0    0    0    0    0    0    0    0    0    0    0    0    0    0    0    0      0
    29    0    0    0    0    0    0    0    0    0    0    0    0    0    0    0    0    0    0    0    0      0
    30    0    0    0    0    0    0    0    0    0    0    0    0    0    0    0    0    0    0    0    0      0
    31    0    0    0    0    0    0    0    0    0    0    0    0    0    0    0    0    0    0    0    0      0
    32    0    0    0    0    0    0    0    0    0    0    0    0    0    0    0    0    0    0    0    0      0
    33    0    0    0    0    0    0    0    0    0    0    0    0    0    0    0    0    0    0    0    0      0
    34    0    0    0    0    0    0    0    0    0    0    0    0    0    0    0    0    0    0    0    0      0
    35    0    0    0    0    0    0    0    0    0    0    0    0    0    0    0    0    0    0    0    0      0
    36    0    0    0    0    0    0    0    0    0    0    0    0    0    0    0    0    0    0    0    0      0
    37    0    0    0    0    0    0    0    0    0    0    0    0    0    0    0    0    0    0    0    0      0
    38    0    0    0    0    0    0    0    0    0    0    0    0    0    0    0    0    0    0    0    0      0
    39    0    0    0    0    0    0    0    0    0    0    0    0    0    0    0    0    0    0    0    0      0
    40    0    0    0    0    0    0    0    0    0    0    0    0    0    0    0    0    0    0    0    0      0
    41    0    0    0    0    0    0    0    0    0    0    0    0    0    0    0    0    0    0    0    0      0
    42    0    0    0    0    0    0    0    0    0    0    0    0    0    0    0    0    0    0    0    0      0
    43    0    0    0    0    0    0    0    0    0    0    0    0    0    0    0    0    0    0    0    0      0
    44    0    0    0    0    0    0    0    0    0    0    0    0    0    0    0    0    0    0    0    0      0
    45    0    0    0    0    0    0    0    0    0    0    0    0    0    0    0    0    0    0    0    0      0
    46    0    0    0    0    0    0    0    0    0    0    0    0    0    0    0    0    0    0    0    0      0
    47    0    0    0    0    0    0    0    0    0    0    0    0    0    0    0    0    0    0    0    0      0
    48    0    0    0    0    0    0    0    0    0    0    0    0    0    0    0    0    0    0    0    0      0
    49    0    0    0    0    0    0    0    0    0    0    0    0    0    0    0    0    0    0    0    0      0
    50    0    0    0    0    0    0    0    0    0    0    0    0    0    0    0    0    0    0    0    0      0
    51    0    0    0    0    0    0    0    0    0    0    0    0    0    0    0    0    0    0    0    0      0
    52    0    0    0    0    0    0    0    0    0    0    0    0    0    0    0    0    0    0    0    0      0
    53    0    0    0    0    0    0    0    0    0    0    0    0    0    0    0    0    0    0    0    0      0
    54    0    0    0    0    0    0    0    0    0    0    0    0    0    0    0    0    0    0    0    0      0
    55    0    0    0    0    0    0    0    0    0    0    0    0    0    0    0    0    0    0    0    0      0
    56    0    0    0    0    0    0    0    0    0    0    0    0    0    0    0    0    0    0    0    0      0
    57    0    0    0    0    0    0    0    0    0    0    0    0    0    0    0    0    0    0    0    0      0
    58    0    0    0    0    0    0    0    0    0    0    0    0    0    0    0    0    0    0    0    0      0
    59    0    0    0    0    0    0    0    0    0    0    0    0    0    0    0    0    0    0    0    0      0
    60    0    0    0    0    0    0    0    0    0    0    0    0    0    0    0    0    0    0    0    0      0
    61    0    0    0    0    0    0    0    0    0    0    0    0    0    0    0    0    0    0    0    0      0
    62    0    0    0    0    0    0    0    0    0    0    0    0    0    0    0    0    0    0    0    0      0
    63    0    0    0    0    0    0    0    0    0    0    0    0    0    0    0    0    0    0    0    0      0
    64    0    0    0    0    0    0    0    0    0    0    0    0    0    0    0    0    0    0    0    0      0
    65    0    0    0    0    0    0    0    0    0    0    0    0    0    0    0    0    0    0    0    0      0
    66    0    0    0    0    0    0    0    0    0    0    0    0    0    0    0    0    0    0    0    0      0
    67    0    0    0    0    0    0    0    0    0    0    0    0    0    0    0    0    0    0    0    0      0
    68    0    0    0    0    0    0    0    0    0    0    0    0    0    0    0    0    0    0    0    0      0
    69    0    0    0    0    0    0    0    0    0    0    0    0    0    0    0    0    0    0    0    0      0
    70    0    0    0    0    0    0    0    0    0    0    0    0    0    0    0    0    0    0    0    0      0
    71    0    0    0    0    0    0    0    0    0    0    0    0    0    0    0    0    0    0    0    0      0
    72    0    0    0    0    0    0    0    0    0    0    0    0    0    0    0    0    0    0    0    0      0
    73    0    0    0    0    0    0    0    0    0    0    0    0    0    0    0    0    0    0    0    0      0
    74    0    0    0    0    0    0    0    0    0    0    0    0    0    0    0    0    0    0    0    0      0
    75    0    0    0    0    0    0    0    0    0    0    0    0    0    0    0    0    0    0    0    0      0
    76    0    0    0    0    0    0    0    0    0    0    0    0    0    0    0    0    0    0    0    0      0
    77    0    0    0    0    0    0    0    0    0    0    0    0    0    0    0    0    0    0    0    0      0
    78    0    0    0    0    0    0    0    0    0    0    0    0    0    0    0    0    0    0    0    0      0
    79    0    0    0    0    0    0    0    0    0    0    0    0    0    0    0    0    0    0    0    0      0
    80    0    0    0    0    0    0    0    0    0    0    0    0    0    0    0    0    0    0    0    0      0
    81    0    0    0    0    0    0    0    0    0    0    0    0    0    0    0    0    0    0    0    0      0
    82    0    0    0    0    0    0    0    0    0    0    0    0    0    0    0    0    0    0    0    0      0
    83    0    0    0    0    0    0    0    0    0    0    0    0    0    0    0    0    0    0    0    0      0
    84    0    0    0    0    0    0    0    0    0    0    0    0    0    0    0    0    0    0    0    0      0
    85    0    0    0    0    0    0    0    0    0    0    0    0    0    0    0    0    0    0    0    0      0
    86    0    0    0    0    0    0    0    0    0    0    0    0    0    0    0    0    0    0    0    0      0
    87    0    0    0    0    0    0    0    0    0    0    0    0    0    0    0    0    0    0    0    0      0
    88    0    0    0    0    0    0    0    0    0    0    0    0    0    0    0    0    0    0    0    0      0
    89    0    0    0    0    0    0    0    0    0    0    0    0    0    0    0    0    0    0    0    0      0
    90    0    0    0    0    0    0    0    0    0    0    0    0    0    0    0    0    0    0    0    0      0
    91    0    0    0    0    0    0    0    0    0    0    0    0    0    0    0    0    0    0    0    0      0
    92    0    0    0    0    0    0    0    0    0    0    0    0    0    0    0    0    0    0    0    0      0
    93    0    0    0    0    0    0    0    0    0    0    0    0    0    0    0    0    0    0    0    0      0
    94    0    0    0    0    0    0    0    0    0    0    0    0    0    0    0    0    0    0    0    0      0
    95    0    0    0    0    0    0    0    0    0    0    0    0    0    0    0    0    0    0    0    0      0
    96    0    0    0    0    0    0    0    0    0    0    0    0    0    0    0    0    0    0    0    0      0
    97    0    0    0    0    0    0    0    0    0    0    0    0    0    0    0    0    0    0    0    0      0
    98    0    0    0    0    0    0    0    0    0    0    0    0    0    0    0    0    0    0    0    0      0
    99    0    0    0    0    0    0    0    0    0    0    0    0    0    0    0    0    0    0    0    0      0
   100    0    0    0    0    0    0    0    0    0    0    0    0    0    0    0    0    0    0    0    0      0
     0   52  214  329  504  677  844  972 1160 1400 1527 1744 1883 1943 2059 2179 2350 2266 2342 2410 2475  29330
1AZIMUTHAL ANGLE - POLAR ANGLE IN COS-INTERVALS (0.05) (BACKWARD SPUTTERED PARTICLES) , 1.LAYER , SPECIES 1

     0    1    2    3    4    5    6    7    8    9   10   11   12   13   14   15   16   17   18   19   20      0
     3    0    6    4   13   19   18   12   15   17   23   34   29   38   36   39   41   45   37   43   48    517
     6    2    6    6   13   12   14   16   20   28   17   24   45   34   27   45   43   37   35   25   29    478
     9    2    3    4    5   15   15   15   19   20   24   30   31   36   42   41   39   36   45   40   44    506
    12    0    7    5   10   11   11   14   26   23   24   17   35   22   46   39   36   50   42   29   40    487
    15    1    3    3   13   12   12   10   19   33   25   27   29   28   30   33   33   33   42   44   44    474
    18    1    6    5    8    5   22   15   10   23   22   26   28   36   30   31   42   33   32   33   38    446
    21    1    4    5    8    6   12   16   33   27   24   23   32   28   36   36   46   42   44   43   38    504
    24    0    6    5   10   12   17   21   14   22   26   27   25   35   26   49   47   39   52   41   39    513
    27    0    2    9   10   11    5   12   11   25   26   30   28   34   32   42   28   38   51   34   45    473
    30    1    2    4    7   16   11   17   27   23   23   30   32   37   35   37   43   26   36   38   53    498
    33    1    8    9   15   13   17   10   24   24   25   34   33   30   33   38   39   32   46   47   38    516
    36    1    2    2   15   12   15   21   17   29   28   33   28   33   34   30   37   38   49   42   32    498
    39    2    3    5    7    7   13   24   19   27   23   38   44   38   39   42   46   45   36   35   29    522
    42    0    5    6    7   18   21   21   19   20   27   25   32   38   33   40   35   39   41   52   56    535
    45    0    5    5    7   13   10   11   22   23   25   22   20   23   32   41   44   40   38   37   40    458
    48    2    2    4    5   17   12   20   18   22   22   37   31   32   35   46   31   26   49   38   45    494
    51    3    4    2    1   13   11   16   18   28   19   26   25   31   28   28   45   32   41   41   47    459
    54    0    6    4    8   11   14   11   20   31   26   33   31   36   29   36   36   44   41   52   32    501
    57    1    3    9    6    7   15   13   19   17   30   31   31   37   31   36   38   39   37   38   41    479
    60    1    4    4    8    8   16   21   18   27   22   24   26   29   32   33   22   42   32   42   36    447
    63    1    4    7    2   12   15   21   21   24   22   26   28   29   35   37   44   28   40   39   38    473
    66    3    1   10   11    9   10   18   20   23   30   30   24   40   33   42   42   34   41   38   43    502
    69    2    7    7    8   11   15   12   17   24   27   25   33   30   42   25   34   37   39   35   36    466
    72    0    4   10    4    9   15   17   22   14   24   39   40   28   27   39   42   37   40   38   52    501
    75    1    3    7    6   12   11   12   33   16   21   32   23   27   42   26   36   40   36   38   29    451
    78    0    3    8    8   13   17    6   21   33   21   38   30   26   25   45   50   32   30   49   39    494
    81    0    2    7   10    9   14   13   19   20   23   32   27   30   33   36   31   36   30   40   35    447
    84    1    3    4    9   11   14   16   18   25   35   26   36   27   35   31   45   40   36   44   51    507
    87    2    3    3    8   10   17   22   16   17   22   27   25   23   37   42   34   37   44   42   37    468
    90    0    2    3    9    8   16   17   13   22   18   25   25   41   27   29   44   39   41   34   35    448
    93    0    2    6    7   11    6   13   28   17   25   29   31   31   37   37   39   29   30   40   52    470
    96    1    4    2    6    9   12   22   23   31   28   25   37   39   40   27   42   36   42   40   41    507
    99    2    4    5    5   13   11   21   19   31   28   23   38   26   32   32   42   38   38   35   43    486
   102    0    5    6    8   20   15   16   18   21   34   26   32   42   44   41   45   28   40   40   49    530
   105    0    5    4    8    6   10   16   14   32   34   21   32   34   31   31   31   41   40   35   45    470
   108    0    2    5    7    8   14    9   18   15   30   31   27   39   29   35   49   39   35   42   44    478
   111    1    3    8   12   10    9   21   27   16   28   28   21   24   34   41   43   30   39   48   33    476
   114    2    5    4    6    8    9   10   14   19   21   35   30   30   33   39   48   33   42   25   40    453
   117    0    3   10    8   10   22   12   17   22   20   37   24   32   30   35   32   38   41   33   50    476
   120    0    2    5    9   11   14   13   17   27   19   34   33   34   37   42   45   41   38   50   48    519
   123    0    6    5    4   11   12   19   19   18   29   18   28   43   46   32   45   49   37   41   44    506
   126    1    4    2    4   12   12   19   18   19   27   29   41   37   41   34   41   38   33   52   41    505
   129    3    5    3    9   11   11   23   15   14   30   27   30   28   43   39   38   35   39   42   42    487
   132    0    6    1    8   17   17   13   23   19   30   30   22   39   31   36   41   29   36   34   45    477
   135    1    2    7    9    9   14   26   11   31   23   25   34   33   30   34   44   40   35   54   37    499
   138    3    2    6    9   10   16    9   18   28   26   30   35   27   43   29   35   38   44   34   43    485
   141    3    1    6    8   10   20   17   13   22   18   28   32   23   31   23   27   38   37   42   51    450
   144    0    2    3   10   12   13   17   16   26   32   30   35   23   34   30   21   41   33   34   47    459
   147    1    1    4    7   16   18   16   17   31   25   38   33   30   27   37   43   37   33   35   30    479
   150    0    3    8   11   12   14   15   21   25   30   34   27   39   32   44   50   42   36   42   44    529
   153    0    1    4   11   11   18   17   15   22   23   29   40   27   36   49   32   46   37   39   41    498
   156    1    2    6    7   14   16   20   17   18   27   22   28   32   32   34   36   46   34   50   47    489
   159    0    4    4   10   11   13   18   28   18   32   35   43   36   33   35   23   44   33   46   39    505
   162    1    2    8    8    7    6   12   22   30   29   35   42   35   29   41   34   37   42   44   37    501
   165    1    3    9   10    9   14   19   18   22   23   25   25   28   36   29   44   35   46   44   29    469
   168    0    3    8    9   15   19   17   18   22   26   30   32   34   48   42   38   51   49   44   39    544
   171    0    2    2   13   16   10   19   17   28   28   32   35   38   30   35   33   36   38   33   46    491
   174    0    5    7   10    7   18   18   24   29   27   25   34   37   34   31   37   38   39   44   42    506
   177    2    4    9    8   12   11   17   23   23   25   32   41   30   39   39   51   41   33   30   34    504
   180    0    2    6   12    7   25   18   24   17   26   30   35   37   35   32   48   36   40   47   43    520
     0   52  214  329  504  677  844  972 1160 1400 1527 1744 1883 1943 2059 2179 2350 2266 2342 2410 2475  29330
