1
      *** PROGRAM TRVMC95 ***


                              * INPUT DATA *


       Z1        M1          E0       ALPHA       EF        ESB      SHEATH     ERC
     18.00     39.95       983.00      0.00      0.10      0.00   2949.00      4.70

       NH        RI           X0        RD        CW        CA       KK0   KK0R   KDEE1  KDEE2  IPOT   IPOTR   IRL
     99999 716381.00         0.00    100.00      2.00      1.00       2      2      3      3      1      1      3


             DX      RHO    CK  Z(,1) Z(,2) Z(,3) Z(,4) Z(,5)  M(,1)  M(,2)  M(,3)  M(,4)  M(,5) C(,1) C(,2) C(,3) C(,4) C(,5)

 1.LAYER 10000.00   2.25   1.00    6.    0.    0.    0.    0.  12.01   0.00   0.00   0.00   0.00 1.000 0.000 0.000 0.000 0.000


                           ***  SBE(LAYER,ELEMENT)  ***     ***     ED(LAYER,ELEMENT)     ***     ***   BE(LAYER,ELEMENT)  ***

 1.LAYER                   7.41  0.00  0.00  0.00  0.00     30.00   0.00   0.00   0.00   0.00     0.10  0.00  0.00  0.00  0.00


       INTERACTION POTENTIAL : PROJECTILE-TARGET : KR-C POTENTIAL     TARGET-TARGET : KR-C POTENTIAL    


       INELASTIC LOSS MODEL  : PROJECTILE-TARGET : 50% LS 50% OR      TARGET-TARGET : 50% LS 50% OR     
1

                              * OUTPUT DATA *


                 HLM       HLMT        SU       SUT        XC        RT       SFE      INEL         L        LJ
               0.0000 10000.000    3.5029 10003.503   -3.5029  9900.000      7.41         0         1         1


                NPROJ       KIB       KIT      MAXA      NALL       NPA       NSA       KIS      KIST
                26658         0         0       273  18423169   1419294  10145141     76495         0


            EPS0(I)       Z2(I)       M2(I)     ARHO(I)       LM(I)     PMAX(I)     ASIG(I)       SB(I)       XX(I)        NJ(I)

 1.LAYER   0.1928E-01  0.6000E+01  0.1201E+02  0.1128E+00  0.2070E+01  0.1168E+01  0.2335E+00  0.7410E+01  0.1000E+05         1


             A1(1)   A1(2)   A1(3)   A1(4)   A1(5)   A1(6)   A1(7)   A1(8)   A1(9)  A1(10)  A1(11)  A1(12)  A1(13)  A1(14)  A1(15)

           0.13193


           KOR1(1) KOR1(2) KOR1(3) KOR1(4) KOR1(5) KOR1(6) KOR1(7) KOR1(8) KOR1(9) KOR1(A) KOR1(B) KOR1(C) KOR1(D) KOR1(E) KOR1(F)

           0.73577


            A(I,1)  A(I,2)  A(I,3)  A(I,4)  A(I,5)  A(I,6)  A(I,7)  A(I,8)  A(I,9) A(I,10) A(I,11) A(I,12) A(I,13) A(I,14) A(I,15)

           0.16242


           KOR(,1) KOR(,2) KOR(,3) KOR(,4) KOR(,5) KOR(,6) KOR(,7) KOR(,8) KOR(,9) KOR(,A) KOR(,B) KOR(,C) KOR(,D) KOR(,E) KOR(,F)

           0.46963
1

         IMPLANTED PARTICLES=  99999     ENERGY=0.9830E+08 EV
     BACKSCATTERED PARTICLES=      0     ENERGY=0.0000E+00 EV
       TRANSMITTED PARTICLES=      0     ENERGY=0.0000E+00 EV
     BACKSPUTTERED PARTICLES=  27195     ENERGY=0.4110E+06 EV
    TRANSM. SPUTT. PARTICLES=      0     ENERGY=0.0000E+00 EV


  PROJECTILES :   MEAN NUMBER OF ELASTIC COLLISIONS =     15.4   MEAN NUMBER OF EL.COLL.(E > EDISPL.) =    6.606
                                                                 MEAN NUMBER OF EL.COLL.(E > SB(1))   =   13.533

                       MEAN        VARIANCE      SKEWNESS      KURTOSIS        SIGMA       ERROR 1.M     ERROR 2.M     ERROR 3.M 
  PENETRATION       2.5266E+01    5.1894E+01    3.9312E-01    2.9605E+00    7.2038E+00    2.2780E-02    2.2977E-01    7.0804E-03
       SPREAD       8.6691E+00    2.2012E+01    7.2520E-01    3.4555E+00    4.6917E+00    1.4837E-02    1.0908E-01    8.6531E-03
   PATHLENGTH       2.9872E+01    5.8715E+01    3.2594E-01    2.8880E+00    7.6626E+00    2.4231E-02    2.5513E-01    6.8791E-03
 ELASTIC LOSS       9.3244E+02    2.4977E+02                                1.5804E+01    1.5804E-04
   INEL. LOSS       5.0555E+01    2.4977E+02                                1.5804E+01    1.5804E-04

                       MEAN        VARIANCE      SKEWNESS      KURTOSIS        SIGMA       ERROR 1.M     ERROR 2.M     ERROR 3.M 
   ELAST.LOSS       5.6578E+01    7.3880E+03    3.2415E+00    1.5721E+01    8.5954E+01    6.9370E-02    2.2877E+01    5.2060E-03
 WEAK EL.LOSS       4.1555E+00    6.8153E+00    7.7160E-01    3.0281E+00    2.6106E+00    2.1069E-03    7.8331E-03    1.4311E-03
 INELAST.LOSS       3.2928E+00    4.1521E+00    4.7367E-03    1.7342E+00    2.0377E+00    1.6445E-03    2.8714E-03    1.2146E-03
  SUBTHR.LOSS       1.3825E+01    5.7832E+01    1.7430E-01    2.2594E+00    7.6047E+00    8.1314E-03    6.9396E-02    1.4475E-03

                     1.MOMENT      2.MOMENT      3.MOMENT      4.MOMENT      5.MOMENT      6.MOMENT 
  PENETRATION       2.5266E+01    6.9025E+02    2.0209E+04    6.2909E+05    2.0679E+07    7.1361E+08



  RECOILES (PER PROJ.)   :   MEAN NUMBER OF ELASTIC COLLISIONS =    179.7   MEAN NUMBER OF EL.COLL.(E > EDISPL.) =      7.251
                                                                            MEAN NUMBER OF EL.COLL.(E > SB(1))   =     54.410

  RECOILES (PER KNOCKON) :   MEAN NUMBER OF ELASTIC COLLISIONS =    1.554   MEAN NUMBER OF EL.COLL.(E > EDISPL.) =      0.063
                                                                            MEAN NUMBER OF EL.COLL.(E > SB(1))   =      0.470

1


     DEPTH(A)  PARTICLES  NORM.DEPTH PATHLENGTH   INLOSS(EV)  TELOSS(EV)  ELLOSS(EV)  DAMAGE(EV)  PHONON(EV)  CASCAD(EV)     DPA

    -SU-    0.         0  0.0000E+00
     0.-    2.         0  0.0000E+00         0    5.8039E+05  9.7181E+06  9.4901E+06  8.8418E+06  6.4831E+05  7.4885E+06   52428
     2.-    4.         0  0.0000E+00         0    5.7530E+05  9.4765E+06  9.2203E+06  8.5593E+06  6.6093E+05  7.2647E+06   54068
     4.-    6.         1  0.1000E-04         0    5.4079E+05  9.1495E+06  8.8578E+06  8.1727E+06  6.8502E+05  6.9528E+06   55799
     6.-    8.        56  0.5600E-03         0    5.0412E+05  8.7166E+06  8.3803E+06  7.6625E+06  7.1781E+05  6.5368E+06   57163
     8.-   10.       327  0.3270E-02         9    4.6517E+05  8.2773E+06  7.8904E+06  7.1211E+06  7.6929E+05  6.0902E+06   57907
    10.-   12.      1175  0.1175E-01        96    4.2485E+05  7.8323E+06  7.3916E+06  6.5660E+06  8.2555E+05  5.6289E+06   57982
    12.-   14.      2758  0.2758E-01       445    3.8088E+05  7.2117E+06  6.7192E+06  5.8379E+06  8.8130E+05  5.0177E+06   56217
    14.-   16.      4764  0.4764E-01      1265    3.3422E+05  6.4818E+06  5.9560E+06  5.0286E+06  9.2744E+05  4.3316E+06   52434
    16.-   18.      6937  0.6937E-01      2675    2.8660E+05  5.7300E+06  5.1934E+06  4.2581E+06  9.3528E+05  3.6749E+06   47364
    18.-   20.      8914  0.8914E-01      4402    2.3973E+05  4.9412E+06  4.4154E+06  3.5090E+06  9.0638E+05  3.0336E+06   41385
    20.-   22.     10272  0.1027E+00      6464    1.9441E+05  4.0711E+06  3.5816E+06  2.7347E+06  8.4687E+05  2.3686E+06   34309
    22.-   24.     10756  0.1076E+00      8071    1.5289E+05  3.2593E+06  2.8229E+06  2.0648E+06  7.5810E+05  1.7912E+06   27377
    24.-   26.     10586  0.1059E+00      9577    1.1684E+05  2.5271E+06  2.1537E+06  1.5012E+06  6.5251E+05  1.3045E+06   21063
    26.-   28.     10047  0.1005E+00     10390    8.5664E+04  1.8889E+06  1.5872E+06  1.0583E+06  5.2885E+05  9.2074E+05   15505
    28.-   30.      8630  0.8630E-01     10481    6.1431E+04  1.3743E+06  1.1377E+06  7.2159E+05  4.1610E+05  6.2856E+05   10958
    30.-   32.      7045  0.7045E-01      9816    4.1959E+04  9.5325E+05  7.7761E+05  4.6589E+05  3.1172E+05  4.0625E+05    7348
    32.-   34.      5634  0.5634E-01      8948    2.7750E+04  6.3950E+05  5.1473E+05  2.9234E+05  2.2240E+05  2.5506E+05    4713
    34.-   36.      4110  0.4110E-01      7459    1.7714E+04  4.0958E+05  3.2430E+05  1.7020E+05  1.5410E+05  1.4871E+05    2892
    36.-   38.      3015  0.3015E-01      6000    1.0918E+04  2.5569E+05  1.9971E+05  9.8460E+04  1.0125E+05  8.6134E+04    1747
    38.-   40.      2008  0.2008E-01      4596    6.4494E+03  1.5367E+05  1.1856E+05  5.5854E+04  6.2703E+04  4.8907E+04    1010
    40.-   42.      1263  0.1263E-01      3318    3.6116E+03  8.5732E+04  6.4619E+04  2.6839E+04  3.7780E+04  2.3522E+04     510
    42.-   44.       767  0.7670E-02      2257    1.9222E+03  4.6840E+04  3.5244E+04  1.4300E+04  2.0944E+04  1.2533E+04     268
    44.-   46.       497  0.4970E-02      1529    9.8424E+02  2.3567E+04  1.7233E+04  5.7513E+03  1.1481E+04  5.0441E+03     110
    46.-   48.       232  0.2320E-02       934    4.4679E+02  1.0804E+04  7.7980E+03  2.1891E+03  5.6089E+03  1.9184E+03      40
    48.-   50.       109  0.1090E-02       584    2.1983E+02  5.4579E+03  4.0035E+03  1.1962E+03  2.8073E+03  1.0470E+03      22
    50.-   52.        58  0.5800E-03       336    8.9311E+01  2.0782E+03  1.4395E+03  3.2355E+02  1.1160E+03  2.8554E+02       8
    52.-   54.        21  0.2100E-03       175    3.7726E+01  9.5731E+02  6.6865E+02  1.6404E+02  5.0461E+02  1.4383E+02       3
    54.-   56.         7  0.7000E-04        86    1.4596E+01  3.5020E+02  2.3470E+02  4.3350E+01  1.9135E+02  3.8236E+01       1
    56.-   58.         8  0.8000E-04        48    6.7775E+00  1.7066E+02  1.0913E+02  0.0000E+00  1.0913E+02  0.0000E+00       0
    58.-   60.         2  0.2000E-04        21    6.5817E-01  1.5750E+01  1.1044E+01  0.0000E+00  1.1044E+01  0.0000E+00       0
    60.-   62.         0  0.0000E+00        13    2.6862E-01  6.6524E+00  4.2901E+00  0.0000E+00  4.2901E+00  0.0000E+00       0
    62.-   64.         0  0.0000E+00         4    0.0000E+00  0.0000E+00  0.0000E+00  0.0000E+00  0.0000E+00  0.0000E+00       0
    64.-   66.         0  0.0000E+00         0    0.0000E+00  0.0000E+00  0.0000E+00  0.0000E+00  0.0000E+00  0.0000E+00       0
    66.-   68.         0  0.0000E+00         0    0.0000E+00  0.0000E+00  0.0000E+00  0.0000E+00  0.0000E+00  0.0000E+00       0
    68.-   70.         0  0.0000E+00         0    0.0000E+00  0.0000E+00  0.0000E+00  0.0000E+00  0.0000E+00  0.0000E+00       0
    70.-   72.         0  0.0000E+00         0    0.0000E+00  0.0000E+00  0.0000E+00  0.0000E+00  0.0000E+00  0.0000E+00       0
    72.-   74.         0  0.0000E+00         0    0.0000E+00  0.0000E+00  0.0000E+00  0.0000E+00  0.0000E+00  0.0000E+00       0
    74.-   76.         0  0.0000E+00         0    0.0000E+00  0.0000E+00  0.0000E+00  0.0000E+00  0.0000E+00  0.0000E+00       0
    76.-   78.         0  0.0000E+00         0    0.0000E+00  0.0000E+00  0.0000E+00  0.0000E+00  0.0000E+00  0.0000E+00       0
    78.-   80.         0  0.0000E+00         0    0.0000E+00  0.0000E+00  0.0000E+00  0.0000E+00  0.0000E+00  0.0000E+00       0
    80.-   82.         0  0.0000E+00         0    0.0000E+00  0.0000E+00  0.0000E+00  0.0000E+00  0.0000E+00  0.0000E+00       0
    82.-   84.         0  0.0000E+00         0    0.0000E+00  0.0000E+00  0.0000E+00  0.0000E+00  0.0000E+00  0.0000E+00       0
    84.-   86.         0  0.0000E+00         0    0.0000E+00  0.0000E+00  0.0000E+00  0.0000E+00  0.0000E+00  0.0000E+00       0
    86.-   88.         0  0.0000E+00         0    0.0000E+00  0.0000E+00  0.0000E+00  0.0000E+00  0.0000E+00  0.0000E+00       0
    88.-   90.         0  0.0000E+00         0    0.0000E+00  0.0000E+00  0.0000E+00  0.0000E+00  0.0000E+00  0.0000E+00       0
    90.-   92.         0  0.0000E+00         0    0.0000E+00  0.0000E+00  0.0000E+00  0.0000E+00  0.0000E+00  0.0000E+00       0
    92.-   94.         0  0.0000E+00         0    0.0000E+00  0.0000E+00  0.0000E+00  0.0000E+00  0.0000E+00  0.0000E+00       0
    94.-   96.         0  0.0000E+00         0    0.0000E+00  0.0000E+00  0.0000E+00  0.0000E+00  0.0000E+00  0.0000E+00       0
    96.-   98.         0  0.0000E+00         0    0.0000E+00  0.0000E+00  0.0000E+00  0.0000E+00  0.0000E+00  0.0000E+00       0
    98.-  100.         0  0.0000E+00         0    0.0000E+00  0.0000E+00  0.0000E+00  0.0000E+00  0.0000E+00  0.0000E+00       0
   100.-  102.         0  0.0000E+00         0    0.0000E+00  0.0000E+00  0.0000E+00  0.0000E+00  0.0000E+00  0.0000E+00       0
   102.-  104.         0  0.0000E+00         0    0.0000E+00  0.0000E+00  0.0000E+00  0.0000E+00  0.0000E+00  0.0000E+00       0
   104.-  106.         0  0.0000E+00         0    0.0000E+00  0.0000E+00  0.0000E+00  0.0000E+00  0.0000E+00  0.0000E+00       0
   106.-  108.         0  0.0000E+00         0    0.0000E+00  0.0000E+00  0.0000E+00  0.0000E+00  0.0000E+00  0.0000E+00       0
   108.-  110.         0  0.0000E+00         0    0.0000E+00  0.0000E+00  0.0000E+00  0.0000E+00  0.0000E+00  0.0000E+00       0
   110.-  112.         0  0.0000E+00         0    0.0000E+00  0.0000E+00  0.0000E+00  0.0000E+00  0.0000E+00  0.0000E+00       0
   112.-  114.         0  0.0000E+00         0    0.0000E+00  0.0000E+00  0.0000E+00  0.0000E+00  0.0000E+00  0.0000E+00       0
   114.-  116.         0  0.0000E+00         0    0.0000E+00  0.0000E+00  0.0000E+00  0.0000E+00  0.0000E+00  0.0000E+00       0
   116.-  118.         0  0.0000E+00         0    0.0000E+00  0.0000E+00  0.0000E+00  0.0000E+00  0.0000E+00  0.0000E+00       0
   118.-  120.         0  0.0000E+00         0    0.0000E+00  0.0000E+00  0.0000E+00  0.0000E+00  0.0000E+00  0.0000E+00       0
   120.-  122.         0  0.0000E+00         0    0.0000E+00  0.0000E+00  0.0000E+00  0.0000E+00  0.0000E+00  0.0000E+00       0
   122.-  124.         0  0.0000E+00         0    0.0000E+00  0.0000E+00  0.0000E+00  0.0000E+00  0.0000E+00  0.0000E+00       0
   124.-  126.         0  0.0000E+00         0    0.0000E+00  0.0000E+00  0.0000E+00  0.0000E+00  0.0000E+00  0.0000E+00       0
   126.-  128.         0  0.0000E+00         0    0.0000E+00  0.0000E+00  0.0000E+00  0.0000E+00  0.0000E+00  0.0000E+00       0
   128.-  130.         0  0.0000E+00         0    0.0000E+00  0.0000E+00  0.0000E+00  0.0000E+00  0.0000E+00  0.0000E+00       0
   130.-  132.         0  0.0000E+00         0    0.0000E+00  0.0000E+00  0.0000E+00  0.0000E+00  0.0000E+00  0.0000E+00       0
   132.-  134.         0  0.0000E+00         0    0.0000E+00  0.0000E+00  0.0000E+00  0.0000E+00  0.0000E+00  0.0000E+00       0
   134.-  136.         0  0.0000E+00         0    0.0000E+00  0.0000E+00  0.0000E+00  0.0000E+00  0.0000E+00  0.0000E+00       0
   136.-  138.         0  0.0000E+00         0    0.0000E+00  0.0000E+00  0.0000E+00  0.0000E+00  0.0000E+00  0.0000E+00       0
   138.-  140.         0  0.0000E+00         0    0.0000E+00  0.0000E+00  0.0000E+00  0.0000E+00  0.0000E+00  0.0000E+00       0
   140.-  142.         0  0.0000E+00         0    0.0000E+00  0.0000E+00  0.0000E+00  0.0000E+00  0.0000E+00  0.0000E+00       0
   142.-  144.         0  0.0000E+00         0    0.0000E+00  0.0000E+00  0.0000E+00  0.0000E+00  0.0000E+00  0.0000E+00       0
   144.-  146.         0  0.0000E+00         0    0.0000E+00  0.0000E+00  0.0000E+00  0.0000E+00  0.0000E+00  0.0000E+00       0
   146.-  148.         0  0.0000E+00         0    0.0000E+00  0.0000E+00  0.0000E+00  0.0000E+00  0.0000E+00  0.0000E+00       0
   148.-  150.         0  0.0000E+00         0    0.0000E+00  0.0000E+00  0.0000E+00  0.0000E+00  0.0000E+00  0.0000E+00       0
   150.-  152.         0  0.0000E+00         0    0.0000E+00  0.0000E+00  0.0000E+00  0.0000E+00  0.0000E+00  0.0000E+00       0
   152.-  154.         0  0.0000E+00         0    0.0000E+00  0.0000E+00  0.0000E+00  0.0000E+00  0.0000E+00  0.0000E+00       0
   154.-  156.         0  0.0000E+00         0    0.0000E+00  0.0000E+00  0.0000E+00  0.0000E+00  0.0000E+00  0.0000E+00       0
   156.-  158.         0  0.0000E+00         0    0.0000E+00  0.0000E+00  0.0000E+00  0.0000E+00  0.0000E+00  0.0000E+00       0
   158.-  160.         0  0.0000E+00         0    0.0000E+00  0.0000E+00  0.0000E+00  0.0000E+00  0.0000E+00  0.0000E+00       0
   160.-  162.         0  0.0000E+00         0    0.0000E+00  0.0000E+00  0.0000E+00  0.0000E+00  0.0000E+00  0.0000E+00       0
   162.-  164.         0  0.0000E+00         0    0.0000E+00  0.0000E+00  0.0000E+00  0.0000E+00  0.0000E+00  0.0000E+00       0
   164.-  166.         0  0.0000E+00         0    0.0000E+00  0.0000E+00  0.0000E+00  0.0000E+00  0.0000E+00  0.0000E+00       0
   166.-  168.         0  0.0000E+00         0    0.0000E+00  0.0000E+00  0.0000E+00  0.0000E+00  0.0000E+00  0.0000E+00       0
   168.-  170.         0  0.0000E+00         0    0.0000E+00  0.0000E+00  0.0000E+00  0.0000E+00  0.0000E+00  0.0000E+00       0
   170.-  172.         0  0.0000E+00         0    0.0000E+00  0.0000E+00  0.0000E+00  0.0000E+00  0.0000E+00  0.0000E+00       0
   172.-  174.         0  0.0000E+00         0    0.0000E+00  0.0000E+00  0.0000E+00  0.0000E+00  0.0000E+00  0.0000E+00       0
   174.-  176.         0  0.0000E+00         0    0.0000E+00  0.0000E+00  0.0000E+00  0.0000E+00  0.0000E+00  0.0000E+00       0
   176.-  178.         0  0.0000E+00         0    0.0000E+00  0.0000E+00  0.0000E+00  0.0000E+00  0.0000E+00  0.0000E+00       0
   178.-  180.         0  0.0000E+00         0    0.0000E+00  0.0000E+00  0.0000E+00  0.0000E+00  0.0000E+00  0.0000E+00       0
   180.-  182.         0  0.0000E+00         0    0.0000E+00  0.0000E+00  0.0000E+00  0.0000E+00  0.0000E+00  0.0000E+00       0
   182.-  184.         0  0.0000E+00         0    0.0000E+00  0.0000E+00  0.0000E+00  0.0000E+00  0.0000E+00  0.0000E+00       0
   184.-  186.         0  0.0000E+00         0    0.0000E+00  0.0000E+00  0.0000E+00  0.0000E+00  0.0000E+00  0.0000E+00       0
   186.-  188.         0  0.0000E+00         0    0.0000E+00  0.0000E+00  0.0000E+00  0.0000E+00  0.0000E+00  0.0000E+00       0
   188.-  190.         0  0.0000E+00         0    0.0000E+00  0.0000E+00  0.0000E+00  0.0000E+00  0.0000E+00  0.0000E+00       0
   190.-  192.         0  0.0000E+00         0    0.0000E+00  0.0000E+00  0.0000E+00  0.0000E+00  0.0000E+00  0.0000E+00       0
   192.-  194.         0  0.0000E+00         0    0.0000E+00  0.0000E+00  0.0000E+00  0.0000E+00  0.0000E+00  0.0000E+00       0
   194.-  196.         0  0.0000E+00         0    0.0000E+00  0.0000E+00  0.0000E+00  0.0000E+00  0.0000E+00  0.0000E+00       0
   196.-  198.         0  0.0000E+00         0    0.0000E+00  0.0000E+00  0.0000E+00  0.0000E+00  0.0000E+00  0.0000E+00       0
   198.-  200.         0  0.0000E+00         0    0.0000E+00  0.0000E+00  0.0000E+00  0.0000E+00  0.0000E+00  0.0000E+00       0
   200.-   SUT         0  0.0000E+00

                   99999  1.0000E+00     99999    5.0554E+06  9.3243E+07  8.6864E+07  7.4771E+07  1.2092E+07  6.4023E+07  660631
1
     RECOILS



     DEPTH(A)     INLOSS(EV)   TELOSS(EV)   ELLOSS(EV)   DAMAGE(EV)   PHONON(EV)     DPA  DPA(1)  DPA(2)

     0.-    2.    2.1800E+05   4.2293E+06   3.3066E+06   5.7097E+05   2.7356E+06   10615   10615       0
     2.-    4.    4.1722E+05   7.4032E+06   6.0730E+06   1.8368E+06   4.2362E+06   29161   29161       0
     4.-    6.    5.9128E+05   1.0130E+07   8.3715E+06   2.6928E+06   5.6786E+06   41888   41888       0
     6.-    8.    7.2218E+05   1.2336E+07   1.0206E+07   3.3212E+06   6.8847E+06   51159   51159       0
     8.-   10.    8.1631E+05   1.4026E+07   1.1592E+07   3.7582E+06   7.8342E+06   58256   58256       0
    10.-   12.    8.7755E+05   1.5170E+07   1.2509E+07   3.9395E+06   8.5692E+06   61741   61741       0
    12.-   14.    9.0744E+05   1.5847E+07   1.3030E+07   3.9991E+06   9.0307E+06   63677   63677       0
    14.-   16.    9.0790E+05   1.6039E+07   1.3147E+07   3.9138E+06   9.2335E+06   63373   63373       0
    16.-   18.    8.7177E+05   1.5588E+07   1.2716E+07   3.5868E+06   9.1295E+06   59089   59089       0
    18.-   20.    8.1594E+05   1.4790E+07   1.2026E+07   3.2906E+06   8.7351E+06   54665   54665       0
    20.-   22.    7.3882E+05   1.3553E+07   1.0979E+07   2.8816E+06   8.0976E+06   48833   48833       0
    22.-   24.    6.4718E+05   1.2010E+07   9.6886E+06   2.4197E+06   7.2689E+06   41584   41584       0
    24.-   26.    5.4941E+05   1.0304E+07   8.2760E+06   1.9854E+06   6.2906E+06   34508   34508       0
    26.-   28.    4.5392E+05   8.6067E+06   6.8924E+06   1.6039E+06   5.2884E+06   28211   28211       0
    28.-   30.    3.6236E+05   6.9371E+06   5.5353E+06   1.2297E+06   4.3055E+06   21783   21783       0
    30.-   32.    2.8157E+05   5.4272E+06   4.3120E+06   9.1162E+05   3.4004E+06   16494   16494       0
    32.-   34.    2.1174E+05   4.1120E+06   3.2586E+06   6.7050E+05   2.5881E+06   12127   12127       0
    34.-   36.    1.5609E+05   3.0515E+06   2.4129E+06   4.8800E+05   1.9249E+06    8900    8900       0
    36.-   38.    1.1160E+05   2.1902E+06   1.7288E+06   3.3870E+05   1.3901E+06    6193    6193       0
    38.-   40.    7.8251E+04   1.5448E+06   1.2171E+06   2.3233E+05   9.8477E+05    4264    4264       0
    40.-   42.    5.3909E+04   1.0615E+06   8.3373E+05   1.5379E+05   6.7994E+05    2859    2859       0
    42.-   44.    3.6494E+04   7.2255E+05   5.6766E+05   1.0546E+05   4.6220E+05    1916    1916       0
    44.-   46.    2.4190E+04   4.8000E+05   3.7754E+05   7.1970E+04   3.0557E+05    1307    1307       0
    46.-   48.    1.5780E+04   3.1330E+05   2.4659E+05   4.7741E+04   1.9885E+05     859     859       0
    48.-   50.    1.0533E+04   2.0751E+05   1.6345E+05   3.0736E+04   1.3272E+05     571     571       0
    50.-   52.    6.8245E+03   1.3551E+05   1.0692E+05   2.1530E+04   8.5390E+04     392     392       0
    52.-   54.    4.2177E+03   8.3461E+04   6.5623E+04   1.2237E+04   5.3387E+04     227     227       0
    54.-   56.    2.8705E+03   5.6535E+04   4.4601E+04   8.9492E+03   3.5651E+04     168     168       0
    56.-   58.    1.8951E+03   3.7422E+04   2.9546E+04   6.1146E+03   2.3432E+04     113     113       0
    58.-   60.    1.2187E+03   2.4276E+04   1.9302E+04   3.8163E+03   1.5485E+04      78      78       0
    60.-   62.    7.5680E+02   1.5153E+04   1.1904E+04   2.3176E+03   9.5866E+03      40      40       0
    62.-   64.    4.6909E+02   9.4786E+03   7.3859E+03   1.2793E+03   6.1066E+03      23      23       0
    64.-   66.    2.9073E+02   5.7297E+03   4.4704E+03   7.8124E+02   3.6892E+03      14      14       0
    66.-   68.    1.7685E+02   3.5644E+03   2.8233E+03   4.8837E+02   2.3349E+03      10      10       0
    68.-   70.    1.1545E+02   2.7138E+03   2.2197E+03   8.4004E+02   1.3797E+03      16      16       0
    70.-   72.    9.8269E+01   1.9822E+03   1.5947E+03   3.6816E+02   1.2265E+03       7       7       0
    72.-   74.    4.8461E+01   9.4525E+02   7.0946E+02   0.0000E+00   7.0946E+02       0       0       0
    74.-   76.    3.1784E+01   6.5340E+02   5.1674E+02   4.2890E+01   4.7385E+02       1       1       0
    76.-   78.    2.0323E+01   3.8088E+02   2.7882E+02   0.0000E+00   2.7882E+02       0       0       0
    78.-   80.    7.3744E+00   1.3416E+02   9.0171E+01   0.0000E+00   9.0171E+01       0       0       0
    80.-   82.    2.5224E+00   2.8259E+01   1.9105E+01   0.0000E+00   1.9105E+01       0       0       0
    82.-   84.    2.2295E+00   3.0215E+01   2.4169E+01   0.0000E+00   2.4169E+01       0       0       0
    84.-   86.    1.7819E+00   3.3302E+01   2.8558E+01   0.0000E+00   2.8558E+01       0       0       0
    86.-   88.    2.2067E+00   4.3979E+01   3.2704E+01   0.0000E+00   3.2704E+01       0       0       0
    88.-   90.    1.2366E+00   2.1240E+01   1.2605E+01   0.0000E+00   1.2605E+01       0       0       0
    90.-   92.    4.4648E-01   6.8533E+00   3.7339E+00   0.0000E+00   3.7339E+00       0       0       0
    92.-   94.    0.0000E+00   0.0000E+00   0.0000E+00   0.0000E+00   0.0000E+00       0       0       0
    94.-   96.    0.0000E+00   0.0000E+00   0.0000E+00   0.0000E+00   0.0000E+00       0       0       0
    96.-   98.    0.0000E+00   0.0000E+00   0.0000E+00   0.0000E+00   0.0000E+00       0       0       0
    98.-  100.    0.0000E+00   0.0000E+00   0.0000E+00   0.0000E+00   0.0000E+00       0       0       0
   100.-  102.    0.0000E+00   0.0000E+00   0.0000E+00   0.0000E+00   0.0000E+00       0       0       0
   102.-  104.    0.0000E+00   0.0000E+00   0.0000E+00   0.0000E+00   0.0000E+00       0       0       0
   104.-  106.    0.0000E+00   0.0000E+00   0.0000E+00   0.0000E+00   0.0000E+00       0       0       0
   106.-  108.    0.0000E+00   0.0000E+00   0.0000E+00   0.0000E+00   0.0000E+00       0       0       0
   108.-  110.    0.0000E+00   0.0000E+00   0.0000E+00   0.0000E+00   0.0000E+00       0       0       0
   110.-  112.    0.0000E+00   0.0000E+00   0.0000E+00   0.0000E+00   0.0000E+00       0       0       0
   112.-  114.    0.0000E+00   0.0000E+00   0.0000E+00   0.0000E+00   0.0000E+00       0       0       0
   114.-  116.    0.0000E+00   0.0000E+00   0.0000E+00   0.0000E+00   0.0000E+00       0       0       0
   116.-  118.    0.0000E+00   0.0000E+00   0.0000E+00   0.0000E+00   0.0000E+00       0       0       0
   118.-  120.    0.0000E+00   0.0000E+00   0.0000E+00   0.0000E+00   0.0000E+00       0       0       0
   120.-  122.    0.0000E+00   0.0000E+00   0.0000E+00   0.0000E+00   0.0000E+00       0       0       0
   122.-  124.    0.0000E+00   0.0000E+00   0.0000E+00   0.0000E+00   0.0000E+00       0       0       0
   124.-  126.    0.0000E+00   0.0000E+00   0.0000E+00   0.0000E+00   0.0000E+00       0       0       0
   126.-  128.    0.0000E+00   0.0000E+00   0.0000E+00   0.0000E+00   0.0000E+00       0       0       0
   128.-  130.    0.0000E+00   0.0000E+00   0.0000E+00   0.0000E+00   0.0000E+00       0       0       0
   130.-  132.    0.0000E+00   0.0000E+00   0.0000E+00   0.0000E+00   0.0000E+00       0       0       0
   132.-  134.    0.0000E+00   0.0000E+00   0.0000E+00   0.0000E+00   0.0000E+00       0       0       0
   134.-  136.    0.0000E+00   0.0000E+00   0.0000E+00   0.0000E+00   0.0000E+00       0       0       0
   136.-  138.    0.0000E+00   0.0000E+00   0.0000E+00   0.0000E+00   0.0000E+00       0       0       0
   138.-  140.    0.0000E+00   0.0000E+00   0.0000E+00   0.0000E+00   0.0000E+00       0       0       0
   140.-  142.    0.0000E+00   0.0000E+00   0.0000E+00   0.0000E+00   0.0000E+00       0       0       0
   142.-  144.    0.0000E+00   0.0000E+00   0.0000E+00   0.0000E+00   0.0000E+00       0       0       0
   144.-  146.    0.0000E+00   0.0000E+00   0.0000E+00   0.0000E+00   0.0000E+00       0       0       0
   146.-  148.    0.0000E+00   0.0000E+00   0.0000E+00   0.0000E+00   0.0000E+00       0       0       0
   148.-  150.    0.0000E+00   0.0000E+00   0.0000E+00   0.0000E+00   0.0000E+00       0       0       0
   150.-  152.    0.0000E+00   0.0000E+00   0.0000E+00   0.0000E+00   0.0000E+00       0       0       0
   152.-  154.    0.0000E+00   0.0000E+00   0.0000E+00   0.0000E+00   0.0000E+00       0       0       0
   154.-  156.    0.0000E+00   0.0000E+00   0.0000E+00   0.0000E+00   0.0000E+00       0       0       0
   156.-  158.    0.0000E+00   0.0000E+00   0.0000E+00   0.0000E+00   0.0000E+00       0       0       0
   158.-  160.    0.0000E+00   0.0000E+00   0.0000E+00   0.0000E+00   0.0000E+00       0       0       0
   160.-  162.    0.0000E+00   0.0000E+00   0.0000E+00   0.0000E+00   0.0000E+00       0       0       0
   162.-  164.    0.0000E+00   0.0000E+00   0.0000E+00   0.0000E+00   0.0000E+00       0       0       0
   164.-  166.    0.0000E+00   0.0000E+00   0.0000E+00   0.0000E+00   0.0000E+00       0       0       0
   166.-  168.    0.0000E+00   0.0000E+00   0.0000E+00   0.0000E+00   0.0000E+00       0       0       0
   168.-  170.    0.0000E+00   0.0000E+00   0.0000E+00   0.0000E+00   0.0000E+00       0       0       0
   170.-  172.    0.0000E+00   0.0000E+00   0.0000E+00   0.0000E+00   0.0000E+00       0       0       0
   172.-  174.    0.0000E+00   0.0000E+00   0.0000E+00   0.0000E+00   0.0000E+00       0       0       0
   174.-  176.    0.0000E+00   0.0000E+00   0.0000E+00   0.0000E+00   0.0000E+00       0       0       0
   176.-  178.    0.0000E+00   0.0000E+00   0.0000E+00   0.0000E+00   0.0000E+00       0       0       0
   178.-  180.    0.0000E+00   0.0000E+00   0.0000E+00   0.0000E+00   0.0000E+00       0       0       0
   180.-  182.    0.0000E+00   0.0000E+00   0.0000E+00   0.0000E+00   0.0000E+00       0       0       0
   182.-  184.    0.0000E+00   0.0000E+00   0.0000E+00   0.0000E+00   0.0000E+00       0       0       0
   184.-  186.    0.0000E+00   0.0000E+00   0.0000E+00   0.0000E+00   0.0000E+00       0       0       0
   186.-  188.    0.0000E+00   0.0000E+00   0.0000E+00   0.0000E+00   0.0000E+00       0       0       0
   188.-  190.    0.0000E+00   0.0000E+00   0.0000E+00   0.0000E+00   0.0000E+00       0       0       0
   190.-  192.    0.0000E+00   0.0000E+00   0.0000E+00   0.0000E+00   0.0000E+00       0       0       0
   192.-  194.    0.0000E+00   0.0000E+00   0.0000E+00   0.0000E+00   0.0000E+00       0       0       0
   194.-  196.    0.0000E+00   0.0000E+00   0.0000E+00   0.0000E+00   0.0000E+00       0       0       0
   196.-  198.    0.0000E+00   0.0000E+00   0.0000E+00   0.0000E+00   0.0000E+00       0       0       0
   198.-  200.    0.0000E+00   0.0000E+00   0.0000E+00   0.0000E+00   0.0000E+00       0       0       0

                  1.0896E+07   1.9646E+08   1.5977E+08   4.4140E+07   1.1563E+08  725122  725122       0
1     BACKWARD SPUTTERING



        ALL SPUTTERED PARTICLES =   27195   TOTAL SPUTTERED ENERGY = 0.4110E+06 EV


        SPUTTERED PARTICLES (1.LAYER) =   27195   SPUTTERED ENERGY = 0.4110E+06 EV


 1.LAYER
         SPUTTERED PARTICLES(1) =   27195     SPUTTERED ENERGY(1) = 0.4110E+06 EV

         ION IN , PRIMARY KO(1) =    6084   0.2237   0.2237    ENERGY = 0.1342E+06 EV   0.3265   0.3265    MEAN ENERGY = 0.2206E+02
         ION IN , SECOND. KO(1) =   21111   0.7763   0.7763    ENERGY = 0.2768E+06 EV   0.6735   0.6735    MEAN ENERGY = 0.1311E+02
        ION OUT , PRIMARY KO(1) =       0   0.0000   0.0000    ENERGY = 0.0000E+00 EV   0.0000   0.0000    MEAN ENERGY = 0.0000E+00
        ION OUT , SECOND. KO(1) =       0   0.0000   0.0000    ENERGY = 0.0000E+00 EV   0.0000   0.0000    MEAN ENERGY = 0.0000E+00


     SPUTTERING YIELD(1) =  2.720E-01  SPUTTERED ENERGY(1) =  4.181E-03  REL.MEAN ENERGY(1) =  1.538E-02  MEAN ENERGY(1) =  1.511E+01

                       MEAN        VARIANCE      SKEWNESS      KURTOSIS        SIGMA       ERROR 1.M     ERROR 2.M     ERROR 3.M 
    ENERGY(1)       1.5114E+01    2.5746E+02    2.5362E+00    1.2525E+01    1.6046E+01    9.7299E-02    5.3000E+00    6.1615E-02
 LOGENERGY(1)       9.6714E-01    2.0949E-01   -3.7059E-01    3.1328E+00    4.5770E-01    2.7762E-03    1.8557E-03    1.5084E-02

                     1.MOMENT      2.MOMENT      3.MOMENT      4.MOMENT      5.MOMENT      6.MOMENT 
    ENERGY(1)       1.5114E+01    4.8590E+02    2.5604E+04    1.8687E+06    1.7105E+08    1.8513E+10
 LOGENERGY(1)       9.6714E-01    1.1448E+00    1.4769E+00    2.0506E+00    2.9987E+00    4.5837E+00



     POLAR ANGULAR DISTRIBUTION OF ALL BACKWARD SPUTTERED PARTICLES


       0.00  0.00  0.00  0.00  0.00  0.00  0.00  0.00  0.00  0.00  0.00  0.00  0.00  0.00  0.00  0.00  0.00  0.00  0.00  0.00

         62   184   346   511   649   789  1002  1107  1287  1433  1607  1678  1884  1945  1975  2074  2076  2145  2188  2253
      0.046 0.135 0.254 0.376 0.477 0.580 0.737 0.814 0.946 1.054 1.182 1.234 1.386 1.430 1.452 1.525 1.527 1.577 1.609 1.657
1 LOG ENERGY - COS OF EMISSION ANGLE (0.05 STEPS)   (BACKWARD SPUTTERED PARTICLES) ; 1. LAYER ; SPECIES 1


   0.0000E+00    1    2    3    4    5    6    7    8    9   10   11   12   13   14   15   16   17   18   19   20     0  0.0000E+00
   0.1000E+00    0    0    0    0    0    0    0    0    2    1    1    2    1    1    1    0    0    2    3    0    14  0.1400E-02
   0.1212E+00    0    0    0    0    0    0    0    0    0    0    0    0    0    0    0    0    0    0    0    0     0  0.0000E+00
   0.1468E+00    0    0    0    0    0    0    0    0    0    0    0    0    0    0    0    0    0    0    0    0     0  0.0000E+00
   0.1778E+00    0    0    0    0    0    0    0    0    0    0    0    0    0    0    0    0    0    0    0    0     0  0.0000E+00
   0.2154E+00    0    0    0    0    0    0    0    0    0    0    0    0    0    0    0    0    0    0    0    0     0  0.0000E+00
   0.2610E+00    0    0    0    0    0    0    0    0    0    0    0    0    0    0    0    0    0    0    0    0     0  0.0000E+00
   0.3162E+00    0    0    0    0    0    0    0    0    0    0    0    0    0    0    0    0    0    0    0    0     0  0.0000E+00
   0.3831E+00    0    0    0    0    0    0    0    0    0    0    0    0    0    0    0    0    0    0    0    0     0  0.0000E+00
   0.4642E+00    0    0    0    0    0    0    0    0    0    0    0    0    0    0    0    0    0    0    0    0     0  0.0000E+00
   0.5623E+00    0    0    0    0    0    0    0    0    0    0    0    0    0    0    0    0    0    0    0    0     0  0.0000E+00
   0.6813E+00    0    0    0    0    0    0    0    0    0    0    0    0    0    0    0    0    0    0    0    0     0  0.0000E+00
   0.8254E+00    0    0    0    0    0    0    0    0    0    0    0    0    0    0    0    0    0    0    0    0     0  0.0000E+00
   0.1000E+01    0    0    0    0    0    0    0    0    0    0    0    0    0    0    0    0    0    0    0    0     0  0.0000E+00
   0.1212E+01    0    0    0    0    0    0    0    0    0    0    0    0    0    0    0    0    0    0    0    0     0  0.0000E+00
   0.1468E+01    0    0    0    0    0    0    0    0    0    0    0    0    0    0    0    0    0    0    0    0     0  0.0000E+00
   0.1778E+01    0    0    0    0    0    0    0    0    0    0    0    0    0    0    0    0    0    0    0    0     0  0.0000E+00
   0.2154E+01    0    0    0    0    0    0    0    0    0    0    0    0    0    0    0    0    0    0    0    0     0  0.0000E+00
   0.2610E+01    0    0    0    0    0    0    0    0    0    0    0    0    0    0    0    0    0    0    0    0     0  0.0000E+00
   0.3162E+01    0    0    0    0    0    0    0    0    0    0    0    0    0    0    0    0    0    0    0    0     0  0.0000E+00
   0.3831E+01    0    0    0    0    0    0    0    0    0    0    0    0    0    0    0    0    0    0    0    0     0  0.0000E+00
   0.4642E+01    0    0    0    0    0    0    0    0    0    0    0    0    0    0    0    0    0    0    0    0     0  0.0000E+00
   0.5623E+01    0    0    0    0    0    0    0    0    0    0    0    0    0    0    0    0    0    0    0    0     0  0.0000E+00
   0.6813E+01    0    0    0    0    0    0    0    0    0    0    0    0    0    0    0    0    0    0    0    0     0  0.0000E+00
   0.8254E+01    0    0    0    0    0    0    0    0    0    0    0    0    0    0    0    0    0    0    0    0     0  0.0000E+00
   0.1000E+02    0    0    0    0    0    0    0    0    0    0    0    0    0    0    0    0    0    0    0    0     0  0.0000E+00
   0.1212E+02    0    0    0    0    0    0    0    0    0    0    0    0    0    0    0    0    0    0    0    0     0  0.0000E+00
   0.1468E+02    0    0    0    0    0    0    0    0    0    0    0    0    0    0    0    0    0    0    0    0     0  0.0000E+00
   0.1778E+02    0    0    0    0    0    0    0    0    0    0    0    0    0    0    0    0    0    0    0    0     0  0.0000E+00
   0.2154E+02    0    0    0    0    0    0    0    0    0    0    0    0    0    0    0    0    0    0    0    0     0  0.0000E+00
   0.2610E+02    0    0    0    0    0    0    0    0    0    0    0    0    0    0    0    0    0    0    0    0     0  0.0000E+00
   0.3162E+02    0    0    0    0    0    0    0    0    0    0    0    0    0    0    0    0    0    0    0    0     0  0.0000E+00
   0.3831E+02    0    0    0    0    0    0    0    0    0    0    0    0    0    0    0    0    0    0    0    0     0  0.0000E+00
   0.4642E+02    0    0    0    0    0    0    0    0    0    0    0    0    0    0    0    0    0    0    0    0     0  0.0000E+00
   0.5623E+02    0    0    0    0    0    0    0    0    0    0    0    0    0    0    0    0    0    0    0    0     0  0.0000E+00
   0.6813E+02    0    0    0    0    0    0    0    0    0    0    0    0    0    0    0    0    0    0    0    0     0  0.0000E+00
   0.8254E+02    0    0    0    0    0    0    0    0    0    0    0    0    0    0    0    0    0    0    0    0     0  0.0000E+00
   0.1000E+03    0    0    0    0    0    0    0    0    0    0    0    0    0    0    0    0    0    0    0    0     0  0.0000E+00
   0.1212E+03    0    0    0    0    0    0    0    0    0    0    0    0    0    0    0    0    0    0    0    0     0  0.0000E+00
   0.1468E+03    0    0    0    0    0    0    0    0    0    0    0    0    0    0    0    0    0    0    0    0     0  0.0000E+00
   0.1778E+03    0    0    0    0    0    0    0    0    0    0    0    0    0    0    0    0    0    0    0    0     0  0.0000E+00
   0.2154E+03    0    0    0    0    0    0    0    0    0    0    0    0    0    0    0    0    0    0    0    0     0  0.0000E+00
   0.2610E+03    0    0    0    0    0    0    0    0    0    0    0    0    0    0    0    0    0    0    0    0     0  0.0000E+00
   0.3162E+03    0    0    0    0    0    0    0    0    0    0    0    0    0    0    0    0    0    0    0    0     0  0.0000E+00
   0.3831E+03    0    0    0    0    0    0    0    0    0    0    0    0    0    0    0    0    0    0    0    0     0  0.0000E+00
   0.4642E+03    0    0    0    0    0    0    0    0    0    0    0    0    0    0    0    0    0    0    0    0     0  0.0000E+00
   0.5623E+03    0    0    0    0    0    0    0    0    0    0    0    0    0    0    0    0    0    0    0    0     0  0.0000E+00
   0.6813E+03    0    0    0    0    0    0    0    0    0    0    0    0    0    0    0    0    0    0    0    0     0  0.0000E+00
   0.8254E+03    0    0    0    0    0    0    0    0    0    0    0    0    0    0    0    0    0    0    0    0     0  0.0000E+00
   0.1000E+04    0    0    0    0    0    0    0    0    0    0    0    0    0    0    0    0    0    0    0    0     0  0.0000E+00
   0.1212E+04    0    0    0    0    0    0    0    0    0    0    0    0    0    0    0    0    0    0    0    0     0  0.0000E+00
   0.1468E+04    0    0    0    0    0    0    0    0    0    0    0    0    0    0    0    0    0    0    0    0     0  0.0000E+00
   0.1778E+04    0    0    0    0    0    0    0    0    0    0    0    0    0    0    0    0    0    0    0    0     0  0.0000E+00
   0.2154E+04    0    0    0    0    0    0    0    0    0    0    0    0    0    0    0    0    0    0    0    0     0  0.0000E+00
   0.2610E+04    0    0    0    0    0    0    0    0    0    0    0    0    0    0    0    0    0    0    0    0     0  0.0000E+00
   0.3162E+04    0    0    0    0    0    0    0    0    0    0    0    0    0    0    0    0    0    0    0    0     0  0.0000E+00
   0.3831E+04    0    0    0    0    0    0    0    0    0    0    0    0    0    0    0    0    0    0    0    0     0  0.0000E+00
   0.4642E+04    0    0    0    0    0    0    0    0    0    0    0    0    0    0    0    0    0    0    0    0     0  0.0000E+00
   0.5623E+04    0    0    0    0    0    0    0    0    0    0    0    0    0    0    0    0    0    0    0    0     0  0.0000E+00
   0.6813E+04    0    0    0    0    0    0    0    0    0    0    0    0    0    0    0    0    0    0    0    0     0  0.0000E+00
   0.8254E+04    0    0    0    0    0    0    0    0    0    0    0    0    0    0    0    0    0    0    0    0     0  0.0000E+00
   0.1000E+05    0    0    0    0    0    0    0    0    0    0    0    0    0    0    0    0    0    0    0    0     0  0.0000E+00
   0.1212E+05    0    0    0    0    0    0    0    0    0    0    0    0    0    0    0    0    0    0    0    0     0  0.0000E+00
   0.1468E+05    0    0    0    0    0    0    0    0    0    0    0    0    0    0    0    0    0    0    0    0     0  0.0000E+00
   0.1778E+05    0    0    0    0    0    0    0    0    0    0    0    0    0    0    0    0    0    0    0    0     0  0.0000E+00
   0.2154E+05    0    0    0    0    0    0    0    0    0    0    0    0    0    0    0    0    0    0    0    0     0  0.0000E+00
   0.2610E+05    0    0    0    0    0    0    0    0    0    0    0    0    0    0    0    0    0    0    0    0     0  0.0000E+00
   0.3162E+05    0    0    0    0    0    0    0    0    0    0    0    0    0    0    0    0    0    0    0    0     0  0.0000E+00
   0.3831E+05    0    0    0    0    0    0    0    0    0    0    0    0    0    0    0    0    0    0    0    0     0  0.0000E+00
   0.4642E+05    0    0    0    0    0    0    0    0    0    0    0    0    0    0    0    0    0    0    0    0     0  0.0000E+00
   0.5623E+05    0    0    0    0    0    0    0    0    0    0    0    0    0    0    0    0    0    0    0    0     0  0.0000E+00
   0.6813E+05    0    0    0    0    0    0    0    0    0    0    0    0    0    0    0    0    0    0    0    0     0  0.0000E+00
   0.8254E+05    0    0    0    0    0    0    0    0    0    0    0    0    0    0    0    0    0    0    0    0     0  0.0000E+00
   0.1000E+06    0    0    0    0    0    0    0    0    0    0    0    0    0    0    0    0    0    0    0    0     0  0.0000E+00
   0.0000E+00  124  368  692 1022 1298 1578 2004 2214 2572 2865 3213 3354 3767 3889 3949 4148 4152 4288 4373 4506 54376  0.0000E+00
1ENERGY(E/E0 IN %) - POLAR ANGLE IN COS-INTERVALS (0.05)  (BACKWARD SPUTTERED PARTICLES) , 1.LAYER , SPECIES 1

     0    1    2    3    4    5    6    7    8    9   10   11   12   13   14   15   16   17   18   19   20      0
     1   35  106  157  275  337  362  478  509  585  664  733  795  887  902  954 1013 1085 1183 1177 1329  13566
     2   17   52  105  135  156  225  247  283  342  361  401  381  465  476  500  516  521  531  615  545   6874
     3    8   12   48   51   76   97  131  132  155  178  201  199  237  262  239  251  225  231  201  213   3147
     4    2    6   17   19   36   47   60   75   88   99   92  122  118  127  122  117  109   90   85   86   1517
     5    0    4    8   17   20   25   40   45   39   60   73   65   66   73   65   77   66   50   54   43    890
     6    0    2    8    8    7   14   20   22   24   33   30   48   37   42   38   35   22   30   29   15    464
     7    0    1    3    4   10   10   11   17   18    9   29   19   32   21   31   27   14   13   11    7    287
     8    0    1    0    1    2    4    5   10   15   12   10   18   19   19   12   17   17    6   12    4    184
     9    0    0    0    1    1    2    6    4    7    8   15   17    8    9    4    4    7    5    2    5    105
    10    0    0    0    0    0    2    4    4    5    5    9    6    8    5    2    7    3    3    1    2     66
    11    0    0    0    0    0    1    0    2    2    2    8    4    3    4    5    5    2    3    0    1     42
    12    0    0    0    0    2    0    0    2    3    2    5    0    4    3    0    1    3    0    1    0     26
    13    0    0    0    0    0    0    0    2    0    0    0    2    0    0    2    2    0    0    0    1      9
    14    0    0    0    0    1    0    0    0    2    0    0    0    0    1    0    2    1    0    0    1      8
    15    0    0    0    0    1    0    0    0    2    0    0    0    0    0    0    0    0    0    0    0      3
    16    0    0    0    0    0    0    0    0    0    0    1    0    0    1    0    0    0    0    0    0      2
    17    0    0    0    0    0    0    0    0    0    0    0    0    0    0    0    0    1    0    0    1      2
    18    0    0    0    0    0    0    0    0    0    0    0    1    0    0    1    0    0    0    0    0      2
    19    0    0    0    0    0    0    0    0    0    0    0    0    0    0    0    0    0    0    0    0      0
    20    0    0    0    0    0    0    0    0    0    0    0    1    0    0    0    0    0    0    0    0      1
    21    0    0    0    0    0    0    0    0    0    0    0    0    0    0    0    0    0    0    0    0      0
    22    0    0    0    0    0    0    0    0    0    0    0    0    0    0    0    0    0    0    0    0      0
    23    0    0    0    0    0    0    0    0    0    0    0    0    0    0    0    0    0    0    0    0      0
    24    0    0    0    0    0    0    0    0    0    0    0    0    0    0    0    0    0    0    0    0      0
    25    0    0    0    0    0    0    0    0    0    0    0    0    0    0    0    0    0    0    0    0      0
    26    0    0    0    0    0    0    0    0    0    0    0    0    0    0    0    0    0    0    0    0      0
    27    0    0    0    0    0    0    0    0    0    0    0    0    0    0    0    0    0    0    0    0      0
    28    0    0    0    0    0    0    0    0    0    0    0    0    0    0    0    0    0    0    0    0      0
    29    0    0    0    0    0    0    0    0    0    0    0    0    0    0    0    0    0    0    0    0      0
    30    0    0    0    0    0    0    0    0    0    0    0    0    0    0    0    0    0    0    0    0      0
    31    0    0    0    0    0    0    0    0    0    0    0    0    0    0    0    0    0    0    0    0      0
    32    0    0    0    0    0    0    0    0    0    0    0    0    0    0    0    0    0    0    0    0      0
    33    0    0    0    0    0    0    0    0    0    0    0    0    0    0    0    0    0    0    0    0      0
    34    0    0    0    0    0    0    0    0    0    0    0    0    0    0    0    0    0    0    0    0      0
    35    0    0    0    0    0    0    0    0    0    0    0    0    0    0    0    0    0    0    0    0      0
    36    0    0    0    0    0    0    0    0    0    0    0    0    0    0    0    0    0    0    0    0      0
    37    0    0    0    0    0    0    0    0    0    0    0    0    0    0    0    0    0    0    0    0      0
    38    0    0    0    0    0    0    0    0    0    0    0    0    0    0    0    0    0    0    0    0      0
    39    0    0    0    0    0    0    0    0    0    0    0    0    0    0    0    0    0    0    0    0      0
    40    0    0    0    0    0    0    0    0    0    0    0    0    0    0    0    0    0    0    0    0      0
    41    0    0    0    0    0    0    0    0    0    0    0    0    0    0    0    0    0    0    0    0      0
    42    0    0    0    0    0    0    0    0    0    0    0    0    0    0    0    0    0    0    0    0      0
    43    0    0    0    0    0    0    0    0    0    0    0    0    0    0    0    0    0    0    0    0      0
    44    0    0    0    0    0    0    0    0    0    0    0    0    0    0    0    0    0    0    0    0      0
    45    0    0    0    0    0    0    0    0    0    0    0    0    0    0    0    0    0    0    0    0      0
    46    0    0    0    0    0    0    0    0    0    0    0    0    0    0    0    0    0    0    0    0      0
    47    0    0    0    0    0    0    0    0    0    0    0    0    0    0    0    0    0    0    0    0      0
    48    0    0    0    0    0    0    0    0    0    0    0    0    0    0    0    0    0    0    0    0      0
    49    0    0    0    0    0    0    0    0    0    0    0    0    0    0    0    0    0    0    0    0      0
    50    0    0    0    0    0    0    0    0    0    0    0    0    0    0    0    0    0    0    0    0      0
    51    0    0    0    0    0    0    0    0    0    0    0    0    0    0    0    0    0    0    0    0      0
    52    0    0    0    0    0    0    0    0    0    0    0    0    0    0    0    0    0    0    0    0      0
    53    0    0    0    0    0    0    0    0    0    0    0    0    0    0    0    0    0    0    0    0      0
    54    0    0    0    0    0    0    0    0    0    0    0    0    0    0    0    0    0    0    0    0      0
    55    0    0    0    0    0    0    0    0    0    0    0    0    0    0    0    0    0    0    0    0      0
    56    0    0    0    0    0    0    0    0    0    0    0    0    0    0    0    0    0    0    0    0      0
    57    0    0    0    0    0    0    0    0    0    0    0    0    0    0    0    0    0    0    0    0      0
    58    0    0    0    0    0    0    0    0    0    0    0    0    0    0    0    0    0    0    0    0      0
    59    0    0    0    0    0    0    0    0    0    0    0    0    0    0    0    0    0    0    0    0      0
    60    0    0    0    0    0    0    0    0    0    0    0    0    0    0    0    0    0    0    0    0      0
    61    0    0    0    0    0    0    0    0    0    0    0    0    0    0    0    0    0    0    0    0      0
    62    0    0    0    0    0    0    0    0    0    0    0    0    0    0    0    0    0    0    0    0      0
    63    0    0    0    0    0    0    0    0    0    0    0    0    0    0    0    0    0    0    0    0      0
    64    0    0    0    0    0    0    0    0    0    0    0    0    0    0    0    0    0    0    0    0      0
    65    0    0    0    0    0    0    0    0    0    0    0    0    0    0    0    0    0    0    0    0      0
    66    0    0    0    0    0    0    0    0    0    0    0    0    0    0    0    0    0    0    0    0      0
    67    0    0    0    0    0    0    0    0    0    0    0    0    0    0    0    0    0    0    0    0      0
    68    0    0    0    0    0    0    0    0    0    0    0    0    0    0    0    0    0    0    0    0      0
    69    0    0    0    0    0    0    0    0    0    0    0    0    0    0    0    0    0    0    0    0      0
    70    0    0    0    0    0    0    0    0    0    0    0    0    0    0    0    0    0    0    0    0      0
    71    0    0    0    0    0    0    0    0    0    0    0    0    0    0    0    0    0    0    0    0      0
    72    0    0    0    0    0    0    0    0    0    0    0    0    0    0    0    0    0    0    0    0      0
    73    0    0    0    0    0    0    0    0    0    0    0    0    0    0    0    0    0    0    0    0      0
    74    0    0    0    0    0    0    0    0    0    0    0    0    0    0    0    0    0    0    0    0      0
    75    0    0    0    0    0    0    0    0    0    0    0    0    0    0    0    0    0    0    0    0      0
    76    0    0    0    0    0    0    0    0    0    0    0    0    0    0    0    0    0    0    0    0      0
    77    0    0    0    0    0    0    0    0    0    0    0    0    0    0    0    0    0    0    0    0      0
    78    0    0    0    0    0    0    0    0    0    0    0    0    0    0    0    0    0    0    0    0      0
    79    0    0    0    0    0    0    0    0    0    0    0    0    0    0    0    0    0    0    0    0      0
    80    0    0    0    0    0    0    0    0    0    0    0    0    0    0    0    0    0    0    0    0      0
    81    0    0    0    0    0    0    0    0    0    0    0    0    0    0    0    0    0    0    0    0      0
    82    0    0    0    0    0    0    0    0    0    0    0    0    0    0    0    0    0    0    0    0      0
    83    0    0    0    0    0    0    0    0    0    0    0    0    0    0    0    0    0    0    0    0      0
    84    0    0    0    0    0    0    0    0    0    0    0    0    0    0    0    0    0    0    0    0      0
    85    0    0    0    0    0    0    0    0    0    0    0    0    0    0    0    0    0    0    0    0      0
    86    0    0    0    0    0    0    0    0    0    0    0    0    0    0    0    0    0    0    0    0      0
    87    0    0    0    0    0    0    0    0    0    0    0    0    0    0    0    0    0    0    0    0      0
    88    0    0    0    0    0    0    0    0    0    0    0    0    0    0    0    0    0    0    0    0      0
    89    0    0    0    0    0    0    0    0    0    0    0    0    0    0    0    0    0    0    0    0      0
    90    0    0    0    0    0    0    0    0    0    0    0    0    0    0    0    0    0    0    0    0      0
    91    0    0    0    0    0    0    0    0    0    0    0    0    0    0    0    0    0    0    0    0      0
    92    0    0    0    0    0    0    0    0    0    0    0    0    0    0    0    0    0    0    0    0      0
    93    0    0    0    0    0    0    0    0    0    0    0    0    0    0    0    0    0    0    0    0      0
    94    0    0    0    0    0    0    0    0    0    0    0    0    0    0    0    0    0    0    0    0      0
    95    0    0    0    0    0    0    0    0    0    0    0    0    0    0    0    0    0    0    0    0      0
    96    0    0    0    0    0    0    0    0    0    0    0    0    0    0    0    0    0    0    0    0      0
    97    0    0    0    0    0    0    0    0    0    0    0    0    0    0    0    0    0    0    0    0      0
    98    0    0    0    0    0    0    0    0    0    0    0    0    0    0    0    0    0    0    0    0      0
    99    0    0    0    0    0    0    0    0    0    0    0    0    0    0    0    0    0    0    0    0      0
   100    0    0    0    0    0    0    0    0    0    0    0    0    0    0    0    0    0    0    0    0      0
     0   62  184  346  511  649  789 1002 1107 1287 1433 1607 1678 1884 1945 1975 2074 2076 2145 2188 2253  27195
1AZIMUTHAL ANGLE - POLAR ANGLE IN COS-INTERVALS (0.05) (BACKWARD SPUTTERED PARTICLES) , 1.LAYER , SPECIES 1

     0    1    2    3    4    5    6    7    8    9   10   11   12   13   14   15   16   17   18   19   20      0
     3    2    7   13   11   13   13   11   15   25   24   29   21   32   35   28   53   33   28   25   38    456
     6    1    2    8    6   18   16   17   19   22   26   25   33   32   24   34   35   38   41   37   38    472
     9    1    2    6   12   19   22   16   23   19   16   29   38   37   34   31   40   36   41   34   32    488
    12    0    2    1    7   14   14   14   16   16   22   31   29   28   32   23   38   32   34   35   31    419
    15    1    3    7    9   12   11   13   14   20   26   27   34   33   34   40   39   39   36   39   36    473
    18    0    4    3   12    8   13   11   17   29   17   29   29   20   45   27   33   38   37   32   34    438
    21    0    5    7    6   18   12   15   21   14   18   23   33   32   40   33   34   41   42   38   38    470
    24    3    4    6   12   12    6   24   17   23   26   26   30   32   28   30   39   30   39   37   35    459
    27    0    3    4    8    7   16   15   14   27   27   32   22   34   22   43   33   28   39   35   32    441
    30    1    4    6    8    9   12   27   16   17   20   31   30   27   42   36   35   42   26   40   33    462
    33    2    1   10    4   11   10   20   16   21   24   41   35   25   22   40   38   38   38   31   36    463
    36    1    5    9   10   10   13   13   11   19   20   22   36   36   33   43   40   39   34   31   35    460
    39    0    5    1   12    8   14   16   17   19   17   21   26   27   33   41   38   26   34   49   39    443
    42    1    8    4    4   12   18   18   19   20   31   18   27   40   32   40   34   33   39   33   39    470
    45    0    1    3    8   10   14   17   17   22   30   31   37   30   39   35   27   22   43   47   43    476
    48    1    6    6    6   13   12   12   19   16   14   17   25   35   30   32   38   37   35   39   34    427
    51    1    4    6    8    8    9   13   26   20   29   22   25   31   28   32   39   35   38   37   40    451
    54    1    1    0   13   18    7   10   21   18   35   25   22   30   35   35   23   45   32   45   38    454
    57    1    2    5    7   10   22   19   23   19   28   30   30   32   29   37   29   41   31   35   37    467
    60    1    1   10    7   10    9   19   17   17   17   29   24   38   40   34   33   41   36   34   32    449
    63    1    4    6   14   14   11   14   27   28   37   35   28   30   34   27   37   30   33   33   47    490
    66    1    5    3    4   10   18   15   22   16   19   23   24   31   36   43   44   40   28   31   48    461
    69    2    1    2   11    8   16   17   18   20   25   24   32   32   34   34   33   36   27   35   38    445
    72    1    1    7    9   12    5   20   20   26   33   37   21   17   28   33   34   34   30   31   39    438
    75    0    2    8    6    9    9   13   22   14   26   25   27   38   32   36   33   37   33   31   27    428
    78    2    5    3   10   14   16   23   19   15   18   28   23   36   23   28   41   28   32   37   34    435
    81    0    2    9   12   19   14   10   13   25   23   26   26   37   28   31   22   35   30   41   40    443
    84    3    3    4    9    8   12   17   16   26   32   23   22   34   31   37   35   29   40   32   42    455
    87    1    2    3    7   10   15   10   25   21   17   35   22   32   36   39   39   37   46   37   36    470
    90    1    2    8    9    4   15   14   16   17   25   42   30   33   22   35   31   47   36   32   42    461
    93    4    0   11   10    6   15   24   22   21   18   20   26   30   45   26   27   39   33   36   36    449
    96    0    5    5    7   14   11   18   21   28   22   28   26   30   24   30   37   37   34   30   31    438
    99    0    2    5    6    9   19   19   15   22   12   26   31   33   36   18   34   38   34   27   36    422
   102    1    2    5   10    6   20   21   12   22   21   27   38   47   38   23   40   32   44   30   29    468
   105    0    0   11    5   12   16   21   22   20   18   19   24   28   32   29   32   41   36   43   38    447
   108    1    9    6    8    8   19   18   28   18   19   25   25   34   41   25   30   28   44   41   31    458
   111    1    1    5    3   16   17   11   21   26   26   34   32   31   38   29   32   48   51   47   36    505
   114    0    4   10   12   11   10   25   16   26   22   34   29   23   23   42   37   34   27   37   29    451
   117    2    2    5    9    6   21   21   14   25   23   21   39   31   31   34   38   39   34   44   41    480
   120    2    3    7   10    5   10   16   19   28   18   18   29   34   30   34   30   31   39   36   35    434
   123    1    3    3    4   11   15   13   12   12   22   26   36   26   30   35   37   30   51   35   32    434
   126    2    2    4   11    7   14   16   17   28   27   35   38   36   25   28   35   27   31   42   46    471
   129    2    2    7   16    8   11   17   21   24   17   26   28   23   26   39   35   28   29   38   37    434
   132    0    4    7    3   10    8   17   17   24   15   25   24   23   32   39   39   33   39   32   40    431
   135    1    3    8   10   11   13    7   17   28   25   21   30   25   31   34   36   36   42   41   33    452
   138    1    5    3   11   10   16   17   11   17   28   28   31   35   29   30   28   20   28   28   33    409
   141    2    5    7    6   11   13   12   18   12   33   23   32   29   27   41   39   36   35   28   39    448
   144    1    2    7    9   14   11   16   25   14   27   26   27   36   26   25   34   30   26   47   44    447
   147    1    5    7    5   12   12   14   24   21   27   31   22   35   37   27   29   33   40   38   39    459
   150    0    4    4   12    9   14   24   21   27   21   30   25   29   37   36   38   33   32   31   41    468
   153    0    2    7   14   12   13   17   23   20   18   20   27   25   37   28   30   38   38   38   39    446
   156    0    5    4    8   13    6   19   22   11   20   22   25   34   32   31   33   32   39   46   32    434
   159    1    1    6    4   14    6   17   15   22   28   23   16   27   32   30   35   43   39   34   38    431
   162    1    3    6    5   14   11   19   22   27   30   24   31   28   38   33   29   29   36   34   36    456
   165    1    3    8   11    8   10   17   16   17   30   28   23   34   43   26   37   36   31   38   43    460
   168    3    4    3   14   13   12   22   17   30   16   23   21   36   29   30   39   40   40   37   50    479
   171    0    2    4    6    5   13   25   16   25   29   24   33   32   30   43   37   34   35   42   49    484
   174    2    1    6    6    7   11   16   16   23   40   27   28   28   46   30   26   32   35   36   40    456
   177    1    1    3    5    7   17   21   12   32   22   32   25   44   28   35   30   28   37   36   42    458
   180    1    2    4   10   12   11    9   19   26   37   25   16   27   31   28   24   24   28   43   45    422
     0   62  184  346  511  649  789 1002 1107 1287 1433 1607 1678 1884 1945 1975 2074 2076 2145 2188 2253  27195
