1
      *** PROGRAM TRVMC95 ***


                              * INPUT DATA *


       Z1        M1          E0       ALPHA       EF        ESB      SHEATH     ERC
     18.00     39.95      1922.00      0.00      0.10      0.00   5766.00      4.70

       NH        RI           X0        RD        CW        CA       KK0   KK0R   KDEE1  KDEE2  IPOT   IPOTR   IRL
     99999 716381.00         0.00    100.00      2.00      1.00       2      2      3      3      1      1      3


             DX      RHO    CK  Z(,1) Z(,2) Z(,3) Z(,4) Z(,5)  M(,1)  M(,2)  M(,3)  M(,4)  M(,5) C(,1) C(,2) C(,3) C(,4) C(,5)

 1.LAYER 10000.00   2.25   1.00    6.    0.    0.    0.    0.  12.01   0.00   0.00   0.00   0.00 1.000 0.000 0.000 0.000 0.000


                           ***  SBE(LAYER,ELEMENT)  ***     ***     ED(LAYER,ELEMENT)     ***     ***   BE(LAYER,ELEMENT)  ***

 1.LAYER                   7.41  0.00  0.00  0.00  0.00     30.00   0.00   0.00   0.00   0.00     0.10  0.00  0.00  0.00  0.00


       INTERACTION POTENTIAL : PROJECTILE-TARGET : KR-C POTENTIAL     TARGET-TARGET : KR-C POTENTIAL    


       INELASTIC LOSS MODEL  : PROJECTILE-TARGET : 50% LS 50% OR      TARGET-TARGET : 50% LS 50% OR     
1

                              * OUTPUT DATA *


                 HLM       HLMT        SU       SUT        XC        RT       SFE      INEL         L        LJ
               0.0000 10000.000    3.5029 10003.503   -3.5029  9900.000      7.41         0         1         1


                NPROJ       KIB       KIT      MAXA      NALL       NPA       NSA       KIS      KIST
                38156         0         0       291  36222099   2124275  20199012     92868         0


            EPS0(I)       Z2(I)       M2(I)     ARHO(I)       LM(I)     PMAX(I)     ASIG(I)       SB(I)       XX(I)        NJ(I)

 1.LAYER   0.3769E-01  0.6000E+01  0.1201E+02  0.1128E+00  0.2070E+01  0.1168E+01  0.2335E+00  0.7410E+01  0.1000E+05         1


             A1(1)   A1(2)   A1(3)   A1(4)   A1(5)   A1(6)   A1(7)   A1(8)   A1(9)  A1(10)  A1(11)  A1(12)  A1(13)  A1(14)  A1(15)

           0.13193


           KOR1(1) KOR1(2) KOR1(3) KOR1(4) KOR1(5) KOR1(6) KOR1(7) KOR1(8) KOR1(9) KOR1(A) KOR1(B) KOR1(C) KOR1(D) KOR1(E) KOR1(F)

           0.73577


            A(I,1)  A(I,2)  A(I,3)  A(I,4)  A(I,5)  A(I,6)  A(I,7)  A(I,8)  A(I,9) A(I,10) A(I,11) A(I,12) A(I,13) A(I,14) A(I,15)

           0.16242


           KOR(,1) KOR(,2) KOR(,3) KOR(,4) KOR(,5) KOR(,6) KOR(,7) KOR(,8) KOR(,9) KOR(,A) KOR(,B) KOR(,C) KOR(,D) KOR(,E) KOR(,F)

           0.46963
1

         IMPLANTED PARTICLES=  99999     ENERGY=0.1922E+09 EV
     BACKSCATTERED PARTICLES=      0     ENERGY=0.0000E+00 EV
       TRANSMITTED PARTICLES=      0     ENERGY=0.0000E+00 EV
     BACKSPUTTERED PARTICLES=  44050     ENERGY=0.9633E+06 EV
    TRANSM. SPUTT. PARTICLES=      0     ENERGY=0.0000E+00 EV


  PROJECTILES :   MEAN NUMBER OF ELASTIC COLLISIONS =     22.7   MEAN NUMBER OF EL.COLL.(E > EDISPL.) =   10.163
                                                                 MEAN NUMBER OF EL.COLL.(E > SB(1))   =   19.575

                       MEAN        VARIANCE      SKEWNESS      KURTOSIS        SIGMA       ERROR 1.M     ERROR 2.M     ERROR 3.M 
  PENETRATION       3.8629E+01    1.3589E+02    4.2771E-01    3.0476E+00    1.1657E+01    3.6864E-02    6.1492E-01    7.5093E-03
       SPREAD       1.2888E+01    5.0035E+01    7.7027E-01    3.5821E+00    7.0736E+00    2.2369E-02    2.5425E-01    8.9311E-03
   PATHLENGTH       4.5092E+01    1.5300E+02    3.6997E-01    2.9734E+00    1.2369E+01    3.9116E-02    6.7969E-01    7.3089E-03
 ELASTIC LOSS       1.8081E+03    1.4488E+03                                3.8063E+01    3.8064E-04
   INEL. LOSS       1.1388E+02    1.4488E+03                                3.8063E+01    3.8064E-04

                       MEAN        VARIANCE      SKEWNESS      KURTOSIS        SIGMA       ERROR 1.M     ERROR 2.M     ERROR 3.M 
   ELAST.LOSS       7.6316E+01    1.9927E+04    3.9706E+00    2.2679E+01    1.4116E+02    9.3665E-02    6.1563E+01    6.1149E-03
 WEAK EL.LOSS       3.2874E+00    6.4572E+00    1.1183E+00    3.7371E+00    2.5411E+00    1.6861E-03    7.0884E-03    1.3583E-03
 INELAST.LOSS       5.0136E+00    9.1951E+00    1.5759E-02    1.8907E+00    3.0323E+00    2.0120E-03    5.7579E-03    1.0061E-03
  SUBTHR.LOSS       1.3324E+01    5.5940E+01    3.5796E-01    2.2644E+00    7.4793E+00    6.6761E-03    5.6148E-02    1.2915E-03

                     1.MOMENT      2.MOMENT      3.MOMENT      4.MOMENT      5.MOMENT      6.MOMENT 
  PENETRATION       3.8629E+01    1.6281E+03    7.4069E+04    3.6044E+06    1.8619E+08    1.0146E+10



  RECOILES (PER PROJ.)   :   MEAN NUMBER OF ELASTIC COLLISIONS =    356.5   MEAN NUMBER OF EL.COLL.(E > EDISPL.) =     16.757
                                                                            MEAN NUMBER OF EL.COLL.(E > SB(1))   =    110.227

  RECOILES (PER KNOCKON) :   MEAN NUMBER OF ELASTIC COLLISIONS =    1.597   MEAN NUMBER OF EL.COLL.(E > EDISPL.) =      0.075
                                                                            MEAN NUMBER OF EL.COLL.(E > SB(1))   =      0.494

1


     DEPTH(A)  PARTICLES  NORM.DEPTH PATHLENGTH   INLOSS(EV)  TELOSS(EV)  ELLOSS(EV)  DAMAGE(EV)  PHONON(EV)  CASCAD(EV)     DPA

    -SU-    0.         0  0.0000E+00
     0.-    2.         0  0.0000E+00         0    8.6780E+05  1.1989E+07  1.1859E+07  1.1259E+07  5.9994E+05  9.3906E+06   45774
     2.-    4.         1  0.1000E-04         0    8.6373E+05  1.1828E+07  1.1686E+07  1.1080E+07  6.0673E+05  9.2562E+06   46922
     4.-    6.         0  0.0000E+00         0    8.3306E+05  1.1567E+07  1.1410E+07  1.0794E+07  6.1597E+05  9.0356E+06   48321
     6.-    8.         3  0.3000E-04         0    8.0015E+05  1.1249E+07  1.1076E+07  1.0445E+07  6.3099E+05  8.7604E+06   49617
     8.-   10.        21  0.2100E-03         0    7.6746E+05  1.1039E+07  1.0844E+07  1.0185E+07  6.5929E+05  8.5567E+06   50604
    10.-   12.        92  0.9200E-03         2    7.3362E+05  1.0907E+07  1.0687E+07  1.0014E+07  6.7222E+05  8.4287E+06   52447
    12.-   14.       225  0.2250E-02        19    6.9655E+05  1.0588E+07  1.0340E+07  9.6425E+06  6.9764E+05  8.1319E+06   53756
    14.-   16.       572  0.5720E-02        66    6.5930E+05  1.0235E+07  9.9548E+06  9.2297E+06  7.2506E+05  7.7996E+06   54710
    16.-   18.      1064  0.1064E-01       196    6.1826E+05  9.8667E+06  9.5542E+06  8.7985E+06  7.5565E+05  7.4472E+06   55112
    18.-   20.      1733  0.1733E-01       418    5.7720E+05  9.3552E+06  9.0083E+06  8.2172E+06  7.9110E+05  6.9694E+06   54938
    20.-   22.      2605  0.2605E-01       814    5.3185E+05  8.8676E+06  8.4954E+06  7.6917E+06  8.0367E+05  6.5350E+06   54100
    22.-   24.      3302  0.3302E-01      1320    4.8802E+05  8.2873E+06  7.8932E+06  7.0735E+06  8.1971E+05  6.0207E+06   52725
    24.-   26.      4263  0.4263E-01      1904    4.4213E+05  7.6587E+06  7.2486E+06  6.4278E+06  8.2086E+05  5.4798E+06   50516
    26.-   28.      4998  0.4998E-01      2753    3.9644E+05  7.0119E+06  6.5987E+06  5.7939E+06  8.0480E+05  4.9466E+06   47606
    28.-   30.      5643  0.5643E-01      3450    3.5206E+05  6.3563E+06  5.9412E+06  5.1432E+06  7.9804E+05  4.3964E+06   44001
    30.-   32.      6259  0.6259E-01      4247    3.0774E+05  5.6166E+06  5.2135E+06  4.4533E+06  7.6020E+05  3.8132E+06   40076
    32.-   34.      6618  0.6618E-01      4956    2.6785E+05  4.9545E+06  4.5679E+06  3.8467E+06  7.2123E+05  3.2982E+06   36051
    34.-   36.      6853  0.6853E-01      5620    2.2886E+05  4.3220E+06  3.9608E+06  3.2993E+06  6.6147E+05  2.8321E+06   32052
    36.-   38.      6741  0.6741E-01      5988    1.9257E+05  3.7195E+06  3.3884E+06  2.7858E+06  6.0261E+05  2.3925E+06   27634
    38.-   40.      6467  0.6467E-01      6331    1.6117E+05  3.1277E+06  2.8287E+06  2.2891E+06  5.3969E+05  1.9692E+06   23822
    40.-   42.      6083  0.6083E-01      6301    1.3291E+05  2.6113E+06  2.3448E+06  1.8647E+06  4.8004E+05  1.6061E+06   20127
    42.-   44.      5799  0.5799E-01      6242    1.0737E+05  2.1429E+06  1.9120E+06  1.4991E+06  4.1293E+05  1.2926E+06   16735
    44.-   46.      5290  0.5290E-01      5829    8.6573E+04  1.7610E+06  1.5618E+06  1.2077E+06  3.5404E+05  1.0417E+06   13706
    46.-   48.      4594  0.4594E-01      5615    6.8548E+04  1.3929E+06  1.2248E+06  9.2683E+05  2.9795E+05  8.0075E+05   11021
    48.-   50.      4038  0.4038E-01      5257    5.3240E+04  1.0979E+06  9.5995E+05  7.1410E+05  2.4585E+05  6.1716E+05    8606
    50.-   52.      3460  0.3460E-01      4840    4.0902E+04  8.5068E+05  7.3765E+05  5.3652E+05  2.0113E+05  4.6411E+05    6649
    52.-   54.      2941  0.2941E-01      4583    3.0912E+04  6.5485E+05  5.6501E+05  4.0415E+05  1.6086E+05  3.4982E+05    5055
    54.-   56.      2465  0.2465E-01      4138    2.3348E+04  4.8875E+05  4.1871E+05  2.9275E+05  1.2596E+05  2.5378E+05    3843
    56.-   58.      1889  0.1889E-01      3659    1.7244E+04  3.7481E+05  3.2056E+05  2.2464E+05  9.5913E+04  1.9459E+05    2899
    58.-   60.      1575  0.1575E-01      3147    1.2551E+04  2.6795E+05  2.2563E+05  1.4929E+05  7.6336E+04  1.2949E+05    2019
    60.-   62.      1209  0.1209E-01      2687    8.7509E+03  1.8848E+05  1.5800E+05  1.0476E+05  5.3238E+04  9.1027E+04    1490
    62.-   64.       878  0.8780E-02      2149    6.1400E+03  1.3451E+05  1.1282E+05  7.5328E+04  3.7491E+04  6.5419E+04    1056
    64.-   66.       615  0.6150E-02      1651    4.4998E+03  9.7511E+04  8.1297E+04  5.2971E+04  2.8325E+04  4.6088E+04     794
    66.-   68.       535  0.5350E-02      1333    2.9796E+03  6.8343E+04  5.6725E+04  3.6444E+04  2.0282E+04  3.1654E+04     516
    68.-   70.       337  0.3370E-02      1148    2.1045E+03  4.7600E+04  3.9272E+04  2.4524E+04  1.4748E+04  2.1328E+04     357
    70.-   72.       273  0.2730E-02       929    1.4001E+03  3.0696E+04  2.4731E+04  1.3948E+04  1.0782E+04  1.2156E+04     228
    72.-   74.       176  0.1760E-02       688    9.0735E+02  2.0787E+04  1.6808E+04  1.0106E+04  6.7026E+03  8.8058E+03     157
    74.-   76.       124  0.1240E-02       514    5.8642E+02  1.2521E+04  9.8072E+03  4.4900E+03  5.3172E+03  3.9228E+03      77
    76.-   78.       115  0.1150E-02       385    3.7489E+02  8.6291E+03  6.8791E+03  3.7226E+03  3.1565E+03  3.2530E+03      64
    78.-   80.        50  0.5000E-03       265    2.1956E+02  5.2063E+03  4.1139E+03  2.3148E+03  1.7991E+03  2.0187E+03      37
    80.-   82.        43  0.4300E-03       192    1.3105E+02  3.1890E+03  2.5807E+03  1.4910E+03  1.0897E+03  1.2965E+03      22
    82.-   84.        19  0.1900E-03       131    7.9014E+01  1.7140E+03  1.3225E+03  6.3333E+02  6.8913E+02  5.5531E+02      12
    84.-   86.         8  0.8000E-04        87    4.6659E+01  1.1195E+03  9.1145E+02  5.2257E+02  3.8888E+02  4.5230E+02       7
    86.-   88.        12  0.1200E-03        61    2.9816E+01  6.7961E+02  5.3077E+02  3.0476E+02  2.2601E+02  2.6758E+02       6
    88.-   90.         2  0.2000E-04        29    2.2435E+01  4.3724E+02  3.3838E+02  2.2433E+02  1.1406E+02  1.9746E+02       5
    90.-   92.         2  0.2000E-04        22    1.1320E+01  2.4697E+02  1.8396E+02  5.4800E+01  1.2916E+02  4.8107E+01       1
    92.-   94.         5  0.5000E-04        11    1.2164E+01  1.8193E+02  1.3944E+02  7.5544E+01  6.3893E+01  6.6801E+01       2
    94.-   96.         1  0.1000E-04        12    4.7424E+00  1.5103E+02  1.3538E+02  1.1611E+02  1.9266E+01  1.0027E+02       1
    96.-   98.         1  0.1000E-04         2    3.3542E+00  7.9320E+01  5.5438E+01  0.0000E+00  5.5438E+01  0.0000E+00       0
    98.-  100.         0  0.0000E+00         5    0.0000E+00  0.0000E+00  0.0000E+00  0.0000E+00  0.0000E+00  0.0000E+00       0
   100.-  102.         0  0.0000E+00         2    0.0000E+00  0.0000E+00  0.0000E+00  0.0000E+00  0.0000E+00  0.0000E+00       0
   102.-  104.         0  0.0000E+00         0    0.0000E+00  0.0000E+00  0.0000E+00  0.0000E+00  0.0000E+00  0.0000E+00       0
   104.-  106.         0  0.0000E+00         0    0.0000E+00  0.0000E+00  0.0000E+00  0.0000E+00  0.0000E+00  0.0000E+00       0
   106.-  108.         0  0.0000E+00         0    0.0000E+00  0.0000E+00  0.0000E+00  0.0000E+00  0.0000E+00  0.0000E+00       0
   108.-  110.         0  0.0000E+00         0    0.0000E+00  0.0000E+00  0.0000E+00  0.0000E+00  0.0000E+00  0.0000E+00       0
   110.-  112.         0  0.0000E+00         0    0.0000E+00  0.0000E+00  0.0000E+00  0.0000E+00  0.0000E+00  0.0000E+00       0
   112.-  114.         0  0.0000E+00         1    0.0000E+00  0.0000E+00  0.0000E+00  0.0000E+00  0.0000E+00  0.0000E+00       0
   114.-  116.         0  0.0000E+00         0    0.0000E+00  0.0000E+00  0.0000E+00  0.0000E+00  0.0000E+00  0.0000E+00       0
   116.-  118.         0  0.0000E+00         0    0.0000E+00  0.0000E+00  0.0000E+00  0.0000E+00  0.0000E+00  0.0000E+00       0
   118.-  120.         0  0.0000E+00         0    0.0000E+00  0.0000E+00  0.0000E+00  0.0000E+00  0.0000E+00  0.0000E+00       0
   120.-  122.         0  0.0000E+00         0    0.0000E+00  0.0000E+00  0.0000E+00  0.0000E+00  0.0000E+00  0.0000E+00       0
   122.-  124.         0  0.0000E+00         0    0.0000E+00  0.0000E+00  0.0000E+00  0.0000E+00  0.0000E+00  0.0000E+00       0
   124.-  126.         0  0.0000E+00         0    0.0000E+00  0.0000E+00  0.0000E+00  0.0000E+00  0.0000E+00  0.0000E+00       0
   126.-  128.         0  0.0000E+00         0    0.0000E+00  0.0000E+00  0.0000E+00  0.0000E+00  0.0000E+00  0.0000E+00       0
   128.-  130.         0  0.0000E+00         0    0.0000E+00  0.0000E+00  0.0000E+00  0.0000E+00  0.0000E+00  0.0000E+00       0
   130.-  132.         0  0.0000E+00         0    0.0000E+00  0.0000E+00  0.0000E+00  0.0000E+00  0.0000E+00  0.0000E+00       0
   132.-  134.         0  0.0000E+00         0    0.0000E+00  0.0000E+00  0.0000E+00  0.0000E+00  0.0000E+00  0.0000E+00       0
   134.-  136.         0  0.0000E+00         0    0.0000E+00  0.0000E+00  0.0000E+00  0.0000E+00  0.0000E+00  0.0000E+00       0
   136.-  138.         0  0.0000E+00         0    0.0000E+00  0.0000E+00  0.0000E+00  0.0000E+00  0.0000E+00  0.0000E+00       0
   138.-  140.         0  0.0000E+00         0    0.0000E+00  0.0000E+00  0.0000E+00  0.0000E+00  0.0000E+00  0.0000E+00       0
   140.-  142.         0  0.0000E+00         0    0.0000E+00  0.0000E+00  0.0000E+00  0.0000E+00  0.0000E+00  0.0000E+00       0
   142.-  144.         0  0.0000E+00         0    0.0000E+00  0.0000E+00  0.0000E+00  0.0000E+00  0.0000E+00  0.0000E+00       0
   144.-  146.         0  0.0000E+00         0    0.0000E+00  0.0000E+00  0.0000E+00  0.0000E+00  0.0000E+00  0.0000E+00       0
   146.-  148.         0  0.0000E+00         0    0.0000E+00  0.0000E+00  0.0000E+00  0.0000E+00  0.0000E+00  0.0000E+00       0
   148.-  150.         0  0.0000E+00         0    0.0000E+00  0.0000E+00  0.0000E+00  0.0000E+00  0.0000E+00  0.0000E+00       0
   150.-  152.         0  0.0000E+00         0    0.0000E+00  0.0000E+00  0.0000E+00  0.0000E+00  0.0000E+00  0.0000E+00       0
   152.-  154.         0  0.0000E+00         0    0.0000E+00  0.0000E+00  0.0000E+00  0.0000E+00  0.0000E+00  0.0000E+00       0
   154.-  156.         0  0.0000E+00         0    0.0000E+00  0.0000E+00  0.0000E+00  0.0000E+00  0.0000E+00  0.0000E+00       0
   156.-  158.         0  0.0000E+00         0    0.0000E+00  0.0000E+00  0.0000E+00  0.0000E+00  0.0000E+00  0.0000E+00       0
   158.-  160.         0  0.0000E+00         0    0.0000E+00  0.0000E+00  0.0000E+00  0.0000E+00  0.0000E+00  0.0000E+00       0
   160.-  162.         0  0.0000E+00         0    0.0000E+00  0.0000E+00  0.0000E+00  0.0000E+00  0.0000E+00  0.0000E+00       0
   162.-  164.         0  0.0000E+00         0    0.0000E+00  0.0000E+00  0.0000E+00  0.0000E+00  0.0000E+00  0.0000E+00       0
   164.-  166.         0  0.0000E+00         0    0.0000E+00  0.0000E+00  0.0000E+00  0.0000E+00  0.0000E+00  0.0000E+00       0
   166.-  168.         0  0.0000E+00         0    0.0000E+00  0.0000E+00  0.0000E+00  0.0000E+00  0.0000E+00  0.0000E+00       0
   168.-  170.         0  0.0000E+00         0    0.0000E+00  0.0000E+00  0.0000E+00  0.0000E+00  0.0000E+00  0.0000E+00       0
   170.-  172.         0  0.0000E+00         0    0.0000E+00  0.0000E+00  0.0000E+00  0.0000E+00  0.0000E+00  0.0000E+00       0
   172.-  174.         0  0.0000E+00         0    0.0000E+00  0.0000E+00  0.0000E+00  0.0000E+00  0.0000E+00  0.0000E+00       0
   174.-  176.         0  0.0000E+00         0    0.0000E+00  0.0000E+00  0.0000E+00  0.0000E+00  0.0000E+00  0.0000E+00       0
   176.-  178.         0  0.0000E+00         0    0.0000E+00  0.0000E+00  0.0000E+00  0.0000E+00  0.0000E+00  0.0000E+00       0
   178.-  180.         0  0.0000E+00         0    0.0000E+00  0.0000E+00  0.0000E+00  0.0000E+00  0.0000E+00  0.0000E+00       0
   180.-  182.         0  0.0000E+00         0    0.0000E+00  0.0000E+00  0.0000E+00  0.0000E+00  0.0000E+00  0.0000E+00       0
   182.-  184.         0  0.0000E+00         0    0.0000E+00  0.0000E+00  0.0000E+00  0.0000E+00  0.0000E+00  0.0000E+00       0
   184.-  186.         0  0.0000E+00         0    0.0000E+00  0.0000E+00  0.0000E+00  0.0000E+00  0.0000E+00  0.0000E+00       0
   186.-  188.         0  0.0000E+00         0    0.0000E+00  0.0000E+00  0.0000E+00  0.0000E+00  0.0000E+00  0.0000E+00       0
   188.-  190.         0  0.0000E+00         0    0.0000E+00  0.0000E+00  0.0000E+00  0.0000E+00  0.0000E+00  0.0000E+00       0
   190.-  192.         0  0.0000E+00         0    0.0000E+00  0.0000E+00  0.0000E+00  0.0000E+00  0.0000E+00  0.0000E+00       0
   192.-  194.         0  0.0000E+00         0    0.0000E+00  0.0000E+00  0.0000E+00  0.0000E+00  0.0000E+00  0.0000E+00       0
   194.-  196.         0  0.0000E+00         0    0.0000E+00  0.0000E+00  0.0000E+00  0.0000E+00  0.0000E+00  0.0000E+00       0
   196.-  198.         0  0.0000E+00         0    0.0000E+00  0.0000E+00  0.0000E+00  0.0000E+00  0.0000E+00  0.0000E+00       0
   198.-  200.         0  0.0000E+00         0    0.0000E+00  0.0000E+00  0.0000E+00  0.0000E+00  0.0000E+00  0.0000E+00       0
   200.-   SUT         0  0.0000E+00

                   99999  1.0000E+00     99999    1.1388E+07  1.8081E+08  1.7334E+08  1.5662E+08  1.6723E+07  1.3250E+08 1016276
1
     RECOILS



     DEPTH(A)     INLOSS(EV)   TELOSS(EV)   ELLOSS(EV)   DAMAGE(EV)   PHONON(EV)     DPA  DPA(1)  DPA(2)

     0.-    2.    2.8188E+05   5.1977E+06   4.1131E+06   8.8604E+05   3.2270E+06   15327   15327       0
     2.-    4.    5.0616E+05   8.4268E+06   6.9747E+06   2.3220E+06   4.6527E+06   34011   34011       0
     4.-    6.    7.0692E+05   1.1322E+07   9.4468E+06   3.3799E+06   6.0669E+06   47491   47491       0
     6.-    8.    8.7321E+05   1.3794E+07   1.1547E+07   4.2480E+06   7.2987E+06   58392   58392       0
     8.-   10.    1.0076E+06   1.5844E+07   1.3270E+07   4.9122E+06   8.3583E+06   67412   67412       0
    10.-   12.    1.1186E+06   1.7593E+07   1.4738E+07   5.4664E+06   9.2717E+06   74814   74814       0
    12.-   14.    1.2037E+06   1.8958E+07   1.5871E+07   5.8508E+06   1.0020E+07   80155   80155       0
    14.-   16.    1.2758E+06   2.0166E+07   1.6877E+07   6.2094E+06   1.0667E+07   85448   85448       0
    16.-   18.    1.3243E+06   2.1039E+07   1.7586E+07   6.3919E+06   1.1195E+07   89078   89078       0
    18.-   20.    1.3495E+06   2.1561E+07   1.7995E+07   6.4392E+06   1.1555E+07   90054   90054       0
    20.-   22.    1.3587E+06   2.1822E+07   1.8176E+07   6.3975E+06   1.1779E+07   90783   90783       0
    22.-   24.    1.3501E+06   2.1913E+07   1.8240E+07   6.3873E+06   1.1853E+07   90994   90994       0
    24.-   26.    1.3205E+06   2.1556E+07   1.7905E+07   6.1202E+06   1.1785E+07   88203   88203       0
    26.-   28.    1.2741E+06   2.0970E+07   1.7391E+07   5.8762E+06   1.1515E+07   85584   85584       0
    28.-   30.    1.2113E+06   2.0097E+07   1.6640E+07   5.5451E+06   1.1095E+07   81152   81152       0
    30.-   32.    1.1374E+06   1.9005E+07   1.5703E+07   5.1360E+06   1.0567E+07   75642   75642       0
    32.-   34.    1.0573E+06   1.7771E+07   1.4658E+07   4.7167E+06   9.9409E+06   70515   70515       0
    34.-   36.    9.6797E+05   1.6388E+07   1.3499E+07   4.2964E+06   9.2027E+06   64415   64415       0
    36.-   38.    8.7340E+05   1.4871E+07   1.2224E+07   3.8148E+06   8.4095E+06   57680   57680       0
    38.-   40.    7.7927E+05   1.3315E+07   1.0927E+07   3.3536E+06   7.5735E+06   51022   51022       0
    40.-   42.    6.8994E+05   1.1861E+07   9.7256E+06   2.9761E+06   6.7495E+06   45224   45224       0
    42.-   44.    6.0346E+05   1.0433E+07   8.5475E+06   2.5839E+06   5.9636E+06   39455   39455       0
    44.-   46.    5.1885E+05   9.0158E+06   7.3725E+06   2.1856E+06   5.1869E+06   33708   33708       0
    46.-   48.    4.4529E+05   7.7589E+06   6.3399E+06   1.8772E+06   4.4627E+06   29092   29092       0
    48.-   50.    3.7550E+05   6.5729E+06   5.3634E+06   1.5654E+06   3.7980E+06   24240   24240       0
    50.-   52.    3.1390E+05   5.4992E+06   4.4830E+06   1.2900E+06   3.1930E+06   20122   20122       0
    52.-   54.    2.6132E+05   4.5960E+06   3.7453E+06   1.0821E+06   2.6632E+06   16832   16832       0
    54.-   56.    2.1490E+05   3.7904E+06   3.0887E+06   8.9353E+05   2.1952E+06   13884   13884       0
    56.-   58.    1.7453E+05   3.0798E+06   2.5092E+06   7.2492E+05   1.7843E+06   11290   11290       0
    58.-   60.    1.4064E+05   2.4811E+06   2.0197E+06   5.7975E+05   1.4400E+06    9031    9031       0
    60.-   62.    1.1281E+05   1.9877E+06   1.6173E+06   4.6207E+05   1.1553E+06    7176    7176       0
    62.-   64.    8.9980E+04   1.5759E+06   1.2805E+06   3.6296E+05   9.1752E+05    5748    5748       0
    64.-   66.    7.1889E+04   1.2633E+06   1.0292E+06   2.9696E+05   7.3223E+05    4610    4610       0
    66.-   68.    5.6894E+04   1.0021E+06   8.1701E+05   2.3665E+05   5.8036E+05    3643    3643       0
    68.-   70.    4.4614E+04   7.7710E+05   6.3156E+05   1.7484E+05   4.5672E+05    2776    2776       0
    70.-   72.    3.4786E+04   6.0656E+05   4.9429E+05   1.4234E+05   3.5194E+05    2181    2181       0
    72.-   74.    2.7847E+04   4.8539E+05   3.9683E+05   1.2028E+05   2.7655E+05    1866    1866       0
    74.-   76.    2.1981E+04   3.8279E+05   3.1351E+05   9.5367E+04   2.1815E+05    1446    1446       0
    76.-   78.    1.7457E+04   2.9882E+05   2.4445E+05   7.3853E+04   1.7059E+05    1161    1161       0
    78.-   80.    1.3676E+04   2.3783E+05   1.9491E+05   6.1118E+04   1.3379E+05     947     947       0
    80.-   82.    1.0810E+04   1.8660E+05   1.5287E+05   4.5304E+04   1.0757E+05     716     716       0
    82.-   84.    8.1969E+03   1.4128E+05   1.1521E+05   3.4413E+04   8.0800E+04     537     537       0
    84.-   86.    6.3330E+03   1.1015E+05   9.0280E+04   2.8266E+04   6.2014E+04     441     441       0
    86.-   88.    4.9973E+03   8.8686E+04   7.3089E+04   2.3826E+04   4.9263E+04     377     377       0
    88.-   90.    3.8699E+03   6.7721E+04   5.5539E+04   1.7037E+04   3.8501E+04     256     256       0
    90.-   92.    3.1811E+03   5.4474E+04   4.4765E+04   1.4122E+04   3.0643E+04     228     228       0
    92.-   94.    2.4682E+03   4.4142E+04   3.6231E+04   1.1323E+04   2.4908E+04     163     163       0
    94.-   96.    1.8998E+03   3.2430E+04   2.6476E+04   7.3853E+03   1.9091E+04     127     127       0
    96.-   98.    1.4349E+03   2.3920E+04   1.9541E+04   5.9172E+03   1.3623E+04     105     105       0
    98.-  100.    1.0347E+03   1.6977E+04   1.3787E+04   3.7110E+03   1.0076E+04      61      61       0
   100.-  102.    5.5638E+02   9.2705E+03   7.7666E+03   2.9142E+03   4.8524E+03      45      45       0
   102.-  104.    2.7237E+01   2.5236E+02   2.0319E+02   3.0565E+01   1.7263E+02       1       1       0
   104.-  106.    0.0000E+00   0.0000E+00   0.0000E+00   0.0000E+00   0.0000E+00       0       0       0
   106.-  108.    0.0000E+00   0.0000E+00   0.0000E+00   0.0000E+00   0.0000E+00       0       0       0
   108.-  110.    0.0000E+00   0.0000E+00   0.0000E+00   0.0000E+00   0.0000E+00       0       0       0
   110.-  112.    0.0000E+00   0.0000E+00   0.0000E+00   0.0000E+00   0.0000E+00       0       0       0
   112.-  114.    0.0000E+00   0.0000E+00   0.0000E+00   0.0000E+00   0.0000E+00       0       0       0
   114.-  116.    0.0000E+00   0.0000E+00   0.0000E+00   0.0000E+00   0.0000E+00       0       0       0
   116.-  118.    0.0000E+00   0.0000E+00   0.0000E+00   0.0000E+00   0.0000E+00       0       0       0
   118.-  120.    0.0000E+00   0.0000E+00   0.0000E+00   0.0000E+00   0.0000E+00       0       0       0
   120.-  122.    0.0000E+00   0.0000E+00   0.0000E+00   0.0000E+00   0.0000E+00       0       0       0
   122.-  124.    0.0000E+00   0.0000E+00   0.0000E+00   0.0000E+00   0.0000E+00       0       0       0
   124.-  126.    0.0000E+00   0.0000E+00   0.0000E+00   0.0000E+00   0.0000E+00       0       0       0
   126.-  128.    0.0000E+00   0.0000E+00   0.0000E+00   0.0000E+00   0.0000E+00       0       0       0
   128.-  130.    0.0000E+00   0.0000E+00   0.0000E+00   0.0000E+00   0.0000E+00       0       0       0
   130.-  132.    0.0000E+00   0.0000E+00   0.0000E+00   0.0000E+00   0.0000E+00       0       0       0
   132.-  134.    0.0000E+00   0.0000E+00   0.0000E+00   0.0000E+00   0.0000E+00       0       0       0
   134.-  136.    0.0000E+00   0.0000E+00   0.0000E+00   0.0000E+00   0.0000E+00       0       0       0
   136.-  138.    0.0000E+00   0.0000E+00   0.0000E+00   0.0000E+00   0.0000E+00       0       0       0
   138.-  140.    0.0000E+00   0.0000E+00   0.0000E+00   0.0000E+00   0.0000E+00       0       0       0
   140.-  142.    0.0000E+00   0.0000E+00   0.0000E+00   0.0000E+00   0.0000E+00       0       0       0
   142.-  144.    0.0000E+00   0.0000E+00   0.0000E+00   0.0000E+00   0.0000E+00       0       0       0
   144.-  146.    0.0000E+00   0.0000E+00   0.0000E+00   0.0000E+00   0.0000E+00       0       0       0
   146.-  148.    0.0000E+00   0.0000E+00   0.0000E+00   0.0000E+00   0.0000E+00       0       0       0
   148.-  150.    0.0000E+00   0.0000E+00   0.0000E+00   0.0000E+00   0.0000E+00       0       0       0
   150.-  152.    0.0000E+00   0.0000E+00   0.0000E+00   0.0000E+00   0.0000E+00       0       0       0
   152.-  154.    0.0000E+00   0.0000E+00   0.0000E+00   0.0000E+00   0.0000E+00       0       0       0
   154.-  156.    0.0000E+00   0.0000E+00   0.0000E+00   0.0000E+00   0.0000E+00       0       0       0
   156.-  158.    0.0000E+00   0.0000E+00   0.0000E+00   0.0000E+00   0.0000E+00       0       0       0
   158.-  160.    0.0000E+00   0.0000E+00   0.0000E+00   0.0000E+00   0.0000E+00       0       0       0
   160.-  162.    0.0000E+00   0.0000E+00   0.0000E+00   0.0000E+00   0.0000E+00       0       0       0
   162.-  164.    0.0000E+00   0.0000E+00   0.0000E+00   0.0000E+00   0.0000E+00       0       0       0
   164.-  166.    0.0000E+00   0.0000E+00   0.0000E+00   0.0000E+00   0.0000E+00       0       0       0
   166.-  168.    0.0000E+00   0.0000E+00   0.0000E+00   0.0000E+00   0.0000E+00       0       0       0
   168.-  170.    0.0000E+00   0.0000E+00   0.0000E+00   0.0000E+00   0.0000E+00       0       0       0
   170.-  172.    0.0000E+00   0.0000E+00   0.0000E+00   0.0000E+00   0.0000E+00       0       0       0
   172.-  174.    0.0000E+00   0.0000E+00   0.0000E+00   0.0000E+00   0.0000E+00       0       0       0
   174.-  176.    0.0000E+00   0.0000E+00   0.0000E+00   0.0000E+00   0.0000E+00       0       0       0
   176.-  178.    0.0000E+00   0.0000E+00   0.0000E+00   0.0000E+00   0.0000E+00       0       0       0
   178.-  180.    0.0000E+00   0.0000E+00   0.0000E+00   0.0000E+00   0.0000E+00       0       0       0
   180.-  182.    0.0000E+00   0.0000E+00   0.0000E+00   0.0000E+00   0.0000E+00       0       0       0
   182.-  184.    0.0000E+00   0.0000E+00   0.0000E+00   0.0000E+00   0.0000E+00       0       0       0
   184.-  186.    0.0000E+00   0.0000E+00   0.0000E+00   0.0000E+00   0.0000E+00       0       0       0
   186.-  188.    0.0000E+00   0.0000E+00   0.0000E+00   0.0000E+00   0.0000E+00       0       0       0
   188.-  190.    0.0000E+00   0.0000E+00   0.0000E+00   0.0000E+00   0.0000E+00       0       0       0
   190.-  192.    0.0000E+00   0.0000E+00   0.0000E+00   0.0000E+00   0.0000E+00       0       0       0
   192.-  194.    0.0000E+00   0.0000E+00   0.0000E+00   0.0000E+00   0.0000E+00       0       0       0
   194.-  196.    0.0000E+00   0.0000E+00   0.0000E+00   0.0000E+00   0.0000E+00       0       0       0
   196.-  198.    0.0000E+00   0.0000E+00   0.0000E+00   0.0000E+00   0.0000E+00       0       0       0
   198.-  200.    0.0000E+00   0.0000E+00   0.0000E+00   0.0000E+00   0.0000E+00       0       0       0

                  2.5253E+07   4.1609E+08   3.4463E+08   1.1573E+08   2.2890E+08 1675661 1675661       0
1     BACKWARD SPUTTERING



        ALL SPUTTERED PARTICLES =   44050   TOTAL SPUTTERED ENERGY = 0.9633E+06 EV


        SPUTTERED PARTICLES (1.LAYER) =   44050   SPUTTERED ENERGY = 0.9633E+06 EV


 1.LAYER
         SPUTTERED PARTICLES(1) =   44050     SPUTTERED ENERGY(1) = 0.9633E+06 EV

         ION IN , PRIMARY KO(1) =    9373   0.2128   0.2128    ENERGY = 0.3302E+06 EV   0.3428   0.3428    MEAN ENERGY = 0.3523E+02
         ION IN , SECOND. KO(1) =   34677   0.7872   0.7872    ENERGY = 0.6331E+06 EV   0.6572   0.6572    MEAN ENERGY = 0.1826E+02
        ION OUT , PRIMARY KO(1) =       0   0.0000   0.0000    ENERGY = 0.0000E+00 EV   0.0000   0.0000    MEAN ENERGY = 0.0000E+00
        ION OUT , SECOND. KO(1) =       0   0.0000   0.0000    ENERGY = 0.0000E+00 EV   0.0000   0.0000    MEAN ENERGY = 0.0000E+00


     SPUTTERING YIELD(1) =  4.405E-01  SPUTTERED ENERGY(1) =  5.012E-03  REL.MEAN ENERGY(1) =  1.138E-02  MEAN ENERGY(1) =  2.187E+01

                       MEAN        VARIANCE      SKEWNESS      KURTOSIS        SIGMA       ERROR 1.M     ERROR 2.M     ERROR 3.M 
    ENERGY(1)       2.1868E+01    7.4151E+02    3.0841E+00    1.6817E+01    2.7231E+01    1.2974E-01    1.4051E+01    5.6042E-02
 LOGENERGY(1)       1.0800E+00    2.4962E-01   -2.4896E-01    3.0372E+00    4.9962E-01    2.3810E-03    1.6979E-03    1.1491E-02

                     1.MOMENT      2.MOMENT      3.MOMENT      4.MOMENT      5.MOMENT      6.MOMENT 
    ENERGY(1)       2.1868E+01    1.2197E+03    1.2138E+05    1.7050E+07    2.9772E+09    6.0283E+11
 LOGENERGY(1)       1.0800E+00    1.4160E+00    2.0374E+00    3.1625E+00    5.1901E+00    8.9195E+00



     POLAR ANGULAR DISTRIBUTION OF ALL BACKWARD SPUTTERED PARTICLES


       0.00  0.00  0.00  0.00  0.00  0.00  0.00  0.00  0.00  0.00  0.00  0.00  0.00  0.00  0.00  0.00  0.00  0.00  0.00  0.00

         85   288   498   672   915  1143  1377  1677  1995  2240  2511  2746  2962  3102  3266  3418  3565  3697  3831  4062
      0.039 0.131 0.226 0.305 0.415 0.519 0.625 0.761 0.906 1.017 1.140 1.247 1.345 1.408 1.483 1.552 1.619 1.679 1.739 1.844
1 LOG ENERGY - COS OF EMISSION ANGLE (0.05 STEPS)   (BACKWARD SPUTTERED PARTICLES) ; 1. LAYER ; SPECIES 1


   0.0000E+00    1    2    3    4    5    6    7    8    9   10   11   12   13   14   15   16   17   18   19   20     0  0.0000E+00
   0.1000E+00    0    0    0    0    1    1    1    1    1    0    1    3    1    1    1    2    1    0    0    3    18  0.1800E-02
   0.1212E+00    0    0    0    0    0    0    0    0    0    0    0    0    0    0    0    0    0    0    0    0     0  0.0000E+00
   0.1468E+00    0    0    0    0    0    0    0    0    0    0    0    0    0    0    0    0    0    0    0    0     0  0.0000E+00
   0.1778E+00    0    0    0    0    0    0    0    0    0    0    0    0    0    0    0    0    0    0    0    0     0  0.0000E+00
   0.2154E+00    0    0    0    0    0    0    0    0    0    0    0    0    0    0    0    0    0    0    0    0     0  0.0000E+00
   0.2610E+00    0    0    0    0    0    0    0    0    0    0    0    0    0    0    0    0    0    0    0    0     0  0.0000E+00
   0.3162E+00    0    0    0    0    0    0    0    0    0    0    0    0    0    0    0    0    0    0    0    0     0  0.0000E+00
   0.3831E+00    0    0    0    0    0    0    0    0    0    0    0    0    0    0    0    0    0    0    0    0     0  0.0000E+00
   0.4642E+00    0    0    0    0    0    0    0    0    0    0    0    0    0    0    0    0    0    0    0    0     0  0.0000E+00
   0.5623E+00    0    0    0    0    0    0    0    0    0    0    0    0    0    0    0    0    0    0    0    0     0  0.0000E+00
   0.6813E+00    0    0    0    0    0    0    0    0    0    0    0    0    0    0    0    0    0    0    0    0     0  0.0000E+00
   0.8254E+00    0    0    0    0    0    0    0    0    0    0    0    0    0    0    0    0    0    0    0    0     0  0.0000E+00
   0.1000E+01    0    0    0    0    0    0    0    0    0    0    0    0    0    0    0    0    0    0    0    0     0  0.0000E+00
   0.1212E+01    0    0    0    0    0    0    0    0    0    0    0    0    0    0    0    0    0    0    0    0     0  0.0000E+00
   0.1468E+01    0    0    0    0    0    0    0    0    0    0    0    0    0    0    0    0    0    0    0    0     0  0.0000E+00
   0.1778E+01    0    0    0    0    0    0    0    0    0    0    0    0    0    0    0    0    0    0    0    0     0  0.0000E+00
   0.2154E+01    0    0    0    0    0    0    0    0    0    0    0    0    0    0    0    0    0    0    0    0     0  0.0000E+00
   0.2610E+01    0    0    0    0    0    0    0    0    0    0    0    0    0    0    0    0    0    0    0    0     0  0.0000E+00
   0.3162E+01    0    0    0    0    0    0    0    0    0    0    0    0    0    0    0    0    0    0    0    0     0  0.0000E+00
   0.3831E+01    0    0    0    0    0    0    0    0    0    0    0    0    0    0    0    0    0    0    0    0     0  0.0000E+00
   0.4642E+01    0    0    0    0    0    0    0    0    0    0    0    0    0    0    0    0    0    0    0    0     0  0.0000E+00
   0.5623E+01    0    0    0    0    0    0    0    0    0    0    0    0    0    0    0    0    0    0    0    0     0  0.0000E+00
   0.6813E+01    0    0    0    0    0    0    0    0    0    0    0    0    0    0    0    0    0    0    0    0     0  0.0000E+00
   0.8254E+01    0    0    0    0    0    0    0    0    0    0    0    0    0    0    0    0    0    0    0    0     0  0.0000E+00
   0.1000E+02    0    0    0    0    0    0    0    0    0    0    0    0    0    0    0    0    0    0    0    0     0  0.0000E+00
   0.1212E+02    0    0    0    0    0    0    0    0    0    0    0    0    0    0    0    0    0    0    0    0     0  0.0000E+00
   0.1468E+02    0    0    0    0    0    0    0    0    0    0    0    0    0    0    0    0    0    0    0    0     0  0.0000E+00
   0.1778E+02    0    0    0    0    0    0    0    0    0    0    0    0    0    0    0    0    0    0    0    0     0  0.0000E+00
   0.2154E+02    0    0    0    0    0    0    0    0    0    0    0    0    0    0    0    0    0    0    0    0     0  0.0000E+00
   0.2610E+02    0    0    0    0    0    0    0    0    0    0    0    0    0    0    0    0    0    0    0    0     0  0.0000E+00
   0.3162E+02    0    0    0    0    0    0    0    0    0    0    0    0    0    0    0    0    0    0    0    0     0  0.0000E+00
   0.3831E+02    0    0    0    0    0    0    0    0    0    0    0    0    0    0    0    0    0    0    0    0     0  0.0000E+00
   0.4642E+02    0    0    0    0    0    0    0    0    0    0    0    0    0    0    0    0    0    0    0    0     0  0.0000E+00
   0.5623E+02    0    0    0    0    0    0    0    0    0    0    0    0    0    0    0    0    0    0    0    0     0  0.0000E+00
   0.6813E+02    0    0    0    0    0    0    0    0    0    0    0    0    0    0    0    0    0    0    0    0     0  0.0000E+00
   0.8254E+02    0    0    0    0    0    0    0    0    0    0    0    0    0    0    0    0    0    0    0    0     0  0.0000E+00
   0.1000E+03    0    0    0    0    0    0    0    0    0    0    0    0    0    0    0    0    0    0    0    0     0  0.0000E+00
   0.1212E+03    0    0    0    0    0    0    0    0    0    0    0    0    0    0    0    0    0    0    0    0     0  0.0000E+00
   0.1468E+03    0    0    0    0    0    0    0    0    0    0    0    0    0    0    0    0    0    0    0    0     0  0.0000E+00
   0.1778E+03    0    0    0    0    0    0    0    0    0    0    0    0    0    0    0    0    0    0    0    0     0  0.0000E+00
   0.2154E+03    0    0    0    0    0    0    0    0    0    0    0    0    0    0    0    0    0    0    0    0     0  0.0000E+00
   0.2610E+03    0    0    0    0    0    0    0    0    0    0    0    0    0    0    0    0    0    0    0    0     0  0.0000E+00
   0.3162E+03    0    0    0    0    0    0    0    0    0    0    0    0    0    0    0    0    0    0    0    0     0  0.0000E+00
   0.3831E+03    0    0    0    0    0    0    0    0    0    0    0    0    0    0    0    0    0    0    0    0     0  0.0000E+00
   0.4642E+03    0    0    0    0    0    0    0    0    0    0    0    0    0    0    0    0    0    0    0    0     0  0.0000E+00
   0.5623E+03    0    0    0    0    0    0    0    0    0    0    0    0    0    0    0    0    0    0    0    0     0  0.0000E+00
   0.6813E+03    0    0    0    0    0    0    0    0    0    0    0    0    0    0    0    0    0    0    0    0     0  0.0000E+00
   0.8254E+03    0    0    0    0    0    0    0    0    0    0    0    0    0    0    0    0    0    0    0    0     0  0.0000E+00
   0.1000E+04    0    0    0    0    0    0    0    0    0    0    0    0    0    0    0    0    0    0    0    0     0  0.0000E+00
   0.1212E+04    0    0    0    0    0    0    0    0    0    0    0    0    0    0    0    0    0    0    0    0     0  0.0000E+00
   0.1468E+04    0    0    0    0    0    0    0    0    0    0    0    0    0    0    0    0    0    0    0    0     0  0.0000E+00
   0.1778E+04    0    0    0    0    0    0    0    0    0    0    0    0    0    0    0    0    0    0    0    0     0  0.0000E+00
   0.2154E+04    0    0    0    0    0    0    0    0    0    0    0    0    0    0    0    0    0    0    0    0     0  0.0000E+00
   0.2610E+04    0    0    0    0    0    0    0    0    0    0    0    0    0    0    0    0    0    0    0    0     0  0.0000E+00
   0.3162E+04    0    0    0    0    0    0    0    0    0    0    0    0    0    0    0    0    0    0    0    0     0  0.0000E+00
   0.3831E+04    0    0    0    0    0    0    0    0    0    0    0    0    0    0    0    0    0    0    0    0     0  0.0000E+00
   0.4642E+04    0    0    0    0    0    0    0    0    0    0    0    0    0    0    0    0    0    0    0    0     0  0.0000E+00
   0.5623E+04    0    0    0    0    0    0    0    0    0    0    0    0    0    0    0    0    0    0    0    0     0  0.0000E+00
   0.6813E+04    0    0    0    0    0    0    0    0    0    0    0    0    0    0    0    0    0    0    0    0     0  0.0000E+00
   0.8254E+04    0    0    0    0    0    0    0    0    0    0    0    0    0    0    0    0    0    0    0    0     0  0.0000E+00
   0.1000E+05    0    0    0    0    0    0    0    0    0    0    0    0    0    0    0    0    0    0    0    0     0  0.0000E+00
   0.1212E+05    0    0    0    0    0    0    0    0    0    0    0    0    0    0    0    0    0    0    0    0     0  0.0000E+00
   0.1468E+05    0    0    0    0    0    0    0    0    0    0    0    0    0    0    0    0    0    0    0    0     0  0.0000E+00
   0.1778E+05    0    0    0    0    0    0    0    0    0    0    0    0    0    0    0    0    0    0    0    0     0  0.0000E+00
   0.2154E+05    0    0    0    0    0    0    0    0    0    0    0    0    0    0    0    0    0    0    0    0     0  0.0000E+00
   0.2610E+05    0    0    0    0    0    0    0    0    0    0    0    0    0    0    0    0    0    0    0    0     0  0.0000E+00
   0.3162E+05    0    0    0    0    0    0    0    0    0    0    0    0    0    0    0    0    0    0    0    0     0  0.0000E+00
   0.3831E+05    0    0    0    0    0    0    0    0    0    0    0    0    0    0    0    0    0    0    0    0     0  0.0000E+00
   0.4642E+05    0    0    0    0    0    0    0    0    0    0    0    0    0    0    0    0    0    0    0    0     0  0.0000E+00
   0.5623E+05    0    0    0    0    0    0    0    0    0    0    0    0    0    0    0    0    0    0    0    0     0  0.0000E+00
   0.6813E+05    0    0    0    0    0    0    0    0    0    0    0    0    0    0    0    0    0    0    0    0     0  0.0000E+00
   0.8254E+05    0    0    0    0    0    0    0    0    0    0    0    0    0    0    0    0    0    0    0    0     0  0.0000E+00
   0.1000E+06    0    0    0    0    0    0    0    0    0    0    0    0    0    0    0    0    0    0    0    0     0  0.0000E+00
   0.0000E+00  170  576  996 1344 1829 2285 2753 3353 3989 4480 5021 5489 5923 6203 6531 6834 7129 7394 7662 8121 88082  0.0000E+00
1ENERGY(E/E0 IN %) - POLAR ANGLE IN COS-INTERVALS (0.05)  (BACKWARD SPUTTERED PARTICLES) , 1.LAYER , SPECIES 1

     0    1    2    3    4    5    6    7    8    9   10   11   12   13   14   15   16   17   18   19   20      0
     1   70  210  357  464  590  743  868 1055 1192 1338 1506 1658 1802 1872 2077 2212 2397 2517 2663 2929  28520
     2   12   49   82  115  200  231  259  315  381  466  505  576  589  635  616  661  661  752  706  702   8513
     3    1   17   36   52   63   87  106  149  202  201  225  243  243  260  268  266  260  221  249  244   3393
     4    1    9   11   18   27   36   64   62   79   85   99   94  141  149  116  110  106  100  109   92   1508
     5    0    2    6    7   19   17   27   44   52   55   63   68   74   65   81   75   63   40   51   49    858
     6    0    1    4    6    6   16   20   22   31   42   46   34   40   50   41   33   36   33   20   20    501
     7    1    0    2    6    5    7   15   12   13   22   21   33   31   18   31   29   22   12   10   10    300
     8    0    0    0    1    2    5    5    5   16   12   20   14   15   27   14   15    9   11   14    9    194
     9    0    0    0    1    1    1    5    4   13    3   10   12    8   11   10    6    1    2    3    3     94
    10    0    0    0    1    1    0    6    5    5    9    7    3   10   10    4    4    4    5    2    0     76
    11    0    0    0    1    1    0    1    2    3    1    2    3    4    2    3    4    3    1    2    1     34
    12    0    0    0    0    0    0    0    1    3    4    3    2    2    2    2    2    3    2    1    1     28
    13    0    0    0    0    0    0    0    1    0    0    0    4    2    0    1    0    0    0    1    2     11
    14    0    0    0    0    0    0    0    0    3    2    1    2    1    1    0    0    0    0    0    0     10
    15    0    0    0    0    0    0    1    0    2    0    2    0    0    0    1    1    0    0    0    0      7
    16    0    0    0    0    0    0    0    0    0    0    0    0    0    0    0    0    0    1    0    0      1
    17    0    0    0    0    0    0    0    0    0    0    0    0    0    0    1    0    0    0    0    0      1
    18    0    0    0    0    0    0    0    0    0    0    0    0    0    0    0    0    0    0    0    0      0
    19    0    0    0    0    0    0    0    0    0    0    1    0    0    0    0    0    0    0    0    0      1
    20    0    0    0    0    0    0    0    0    0    0    0    0    0    0    0    0    0    0    0    0      0
    21    0    0    0    0    0    0    0    0    0    0    0    0    0    0    0    0    0    0    0    0      0
    22    0    0    0    0    0    0    0    0    0    0    0    0    0    0    0    0    0    0    0    0      0
    23    0    0    0    0    0    0    0    0    0    0    0    0    0    0    0    0    0    0    0    0      0
    24    0    0    0    0    0    0    0    0    0    0    0    0    0    0    0    0    0    0    0    0      0
    25    0    0    0    0    0    0    0    0    0    0    0    0    0    0    0    0    0    0    0    0      0
    26    0    0    0    0    0    0    0    0    0    0    0    0    0    0    0    0    0    0    0    0      0
    27    0    0    0    0    0    0    0    0    0    0    0    0    0    0    0    0    0    0    0    0      0
    28    0    0    0    0    0    0    0    0    0    0    0    0    0    0    0    0    0    0    0    0      0
    29    0    0    0    0    0    0    0    0    0    0    0    0    0    0    0    0    0    0    0    0      0
    30    0    0    0    0    0    0    0    0    0    0    0    0    0    0    0    0    0    0    0    0      0
    31    0    0    0    0    0    0    0    0    0    0    0    0    0    0    0    0    0    0    0    0      0
    32    0    0    0    0    0    0    0    0    0    0    0    0    0    0    0    0    0    0    0    0      0
    33    0    0    0    0    0    0    0    0    0    0    0    0    0    0    0    0    0    0    0    0      0
    34    0    0    0    0    0    0    0    0    0    0    0    0    0    0    0    0    0    0    0    0      0
    35    0    0    0    0    0    0    0    0    0    0    0    0    0    0    0    0    0    0    0    0      0
    36    0    0    0    0    0    0    0    0    0    0    0    0    0    0    0    0    0    0    0    0      0
    37    0    0    0    0    0    0    0    0    0    0    0    0    0    0    0    0    0    0    0    0      0
    38    0    0    0    0    0    0    0    0    0    0    0    0    0    0    0    0    0    0    0    0      0
    39    0    0    0    0    0    0    0    0    0    0    0    0    0    0    0    0    0    0    0    0      0
    40    0    0    0    0    0    0    0    0    0    0    0    0    0    0    0    0    0    0    0    0      0
    41    0    0    0    0    0    0    0    0    0    0    0    0    0    0    0    0    0    0    0    0      0
    42    0    0    0    0    0    0    0    0    0    0    0    0    0    0    0    0    0    0    0    0      0
    43    0    0    0    0    0    0    0    0    0    0    0    0    0    0    0    0    0    0    0    0      0
    44    0    0    0    0    0    0    0    0    0    0    0    0    0    0    0    0    0    0    0    0      0
    45    0    0    0    0    0    0    0    0    0    0    0    0    0    0    0    0    0    0    0    0      0
    46    0    0    0    0    0    0    0    0    0    0    0    0    0    0    0    0    0    0    0    0      0
    47    0    0    0    0    0    0    0    0    0    0    0    0    0    0    0    0    0    0    0    0      0
    48    0    0    0    0    0    0    0    0    0    0    0    0    0    0    0    0    0    0    0    0      0
    49    0    0    0    0    0    0    0    0    0    0    0    0    0    0    0    0    0    0    0    0      0
    50    0    0    0    0    0    0    0    0    0    0    0    0    0    0    0    0    0    0    0    0      0
    51    0    0    0    0    0    0    0    0    0    0    0    0    0    0    0    0    0    0    0    0      0
    52    0    0    0    0    0    0    0    0    0    0    0    0    0    0    0    0    0    0    0    0      0
    53    0    0    0    0    0    0    0    0    0    0    0    0    0    0    0    0    0    0    0    0      0
    54    0    0    0    0    0    0    0    0    0    0    0    0    0    0    0    0    0    0    0    0      0
    55    0    0    0    0    0    0    0    0    0    0    0    0    0    0    0    0    0    0    0    0      0
    56    0    0    0    0    0    0    0    0    0    0    0    0    0    0    0    0    0    0    0    0      0
    57    0    0    0    0    0    0    0    0    0    0    0    0    0    0    0    0    0    0    0    0      0
    58    0    0    0    0    0    0    0    0    0    0    0    0    0    0    0    0    0    0    0    0      0
    59    0    0    0    0    0    0    0    0    0    0    0    0    0    0    0    0    0    0    0    0      0
    60    0    0    0    0    0    0    0    0    0    0    0    0    0    0    0    0    0    0    0    0      0
    61    0    0    0    0    0    0    0    0    0    0    0    0    0    0    0    0    0    0    0    0      0
    62    0    0    0    0    0    0    0    0    0    0    0    0    0    0    0    0    0    0    0    0      0
    63    0    0    0    0    0    0    0    0    0    0    0    0    0    0    0    0    0    0    0    0      0
    64    0    0    0    0    0    0    0    0    0    0    0    0    0    0    0    0    0    0    0    0      0
    65    0    0    0    0    0    0    0    0    0    0    0    0    0    0    0    0    0    0    0    0      0
    66    0    0    0    0    0    0    0    0    0    0    0    0    0    0    0    0    0    0    0    0      0
    67    0    0    0    0    0    0    0    0    0    0    0    0    0    0    0    0    0    0    0    0      0
    68    0    0    0    0    0    0    0    0    0    0    0    0    0    0    0    0    0    0    0    0      0
    69    0    0    0    0    0    0    0    0    0    0    0    0    0    0    0    0    0    0    0    0      0
    70    0    0    0    0    0    0    0    0    0    0    0    0    0    0    0    0    0    0    0    0      0
    71    0    0    0    0    0    0    0    0    0    0    0    0    0    0    0    0    0    0    0    0      0
    72    0    0    0    0    0    0    0    0    0    0    0    0    0    0    0    0    0    0    0    0      0
    73    0    0    0    0    0    0    0    0    0    0    0    0    0    0    0    0    0    0    0    0      0
    74    0    0    0    0    0    0    0    0    0    0    0    0    0    0    0    0    0    0    0    0      0
    75    0    0    0    0    0    0    0    0    0    0    0    0    0    0    0    0    0    0    0    0      0
    76    0    0    0    0    0    0    0    0    0    0    0    0    0    0    0    0    0    0    0    0      0
    77    0    0    0    0    0    0    0    0    0    0    0    0    0    0    0    0    0    0    0    0      0
    78    0    0    0    0    0    0    0    0    0    0    0    0    0    0    0    0    0    0    0    0      0
    79    0    0    0    0    0    0    0    0    0    0    0    0    0    0    0    0    0    0    0    0      0
    80    0    0    0    0    0    0    0    0    0    0    0    0    0    0    0    0    0    0    0    0      0
    81    0    0    0    0    0    0    0    0    0    0    0    0    0    0    0    0    0    0    0    0      0
    82    0    0    0    0    0    0    0    0    0    0    0    0    0    0    0    0    0    0    0    0      0
    83    0    0    0    0    0    0    0    0    0    0    0    0    0    0    0    0    0    0    0    0      0
    84    0    0    0    0    0    0    0    0    0    0    0    0    0    0    0    0    0    0    0    0      0
    85    0    0    0    0    0    0    0    0    0    0    0    0    0    0    0    0    0    0    0    0      0
    86    0    0    0    0    0    0    0    0    0    0    0    0    0    0    0    0    0    0    0    0      0
    87    0    0    0    0    0    0    0    0    0    0    0    0    0    0    0    0    0    0    0    0      0
    88    0    0    0    0    0    0    0    0    0    0    0    0    0    0    0    0    0    0    0    0      0
    89    0    0    0    0    0    0    0    0    0    0    0    0    0    0    0    0    0    0    0    0      0
    90    0    0    0    0    0    0    0    0    0    0    0    0    0    0    0    0    0    0    0    0      0
    91    0    0    0    0    0    0    0    0    0    0    0    0    0    0    0    0    0    0    0    0      0
    92    0    0    0    0    0    0    0    0    0    0    0    0    0    0    0    0    0    0    0    0      0
    93    0    0    0    0    0    0    0    0    0    0    0    0    0    0    0    0    0    0    0    0      0
    94    0    0    0    0    0    0    0    0    0    0    0    0    0    0    0    0    0    0    0    0      0
    95    0    0    0    0    0    0    0    0    0    0    0    0    0    0    0    0    0    0    0    0      0
    96    0    0    0    0    0    0    0    0    0    0    0    0    0    0    0    0    0    0    0    0      0
    97    0    0    0    0    0    0    0    0    0    0    0    0    0    0    0    0    0    0    0    0      0
    98    0    0    0    0    0    0    0    0    0    0    0    0    0    0    0    0    0    0    0    0      0
    99    0    0    0    0    0    0    0    0    0    0    0    0    0    0    0    0    0    0    0    0      0
   100    0    0    0    0    0    0    0    0    0    0    0    0    0    0    0    0    0    0    0    0      0
     0   85  288  498  672  915 1143 1377 1677 1995 2240 2511 2746 2962 3102 3266 3418 3565 3697 3831 4062  44050
1AZIMUTHAL ANGLE - POLAR ANGLE IN COS-INTERVALS (0.05) (BACKWARD SPUTTERED PARTICLES) , 1.LAYER , SPECIES 1

     0    1    2    3    4    5    6    7    8    9   10   11   12   13   14   15   16   17   18   19   20      0
     3    1    7   10   13   16   17   34   32   19   46   43   39   62   56   61   53   71   71   74   67    792
     6    0    4    9   15   13   15   23   24   37   42   44   39   42   58   56   52   52   75   60   69    729
     9    3    5    9   13   10   24   19   26   39   49   36   48   53   56   55   59   50   68   75   64    761
    12    1    3   10    9    7   23   28   28   26   38   45   55   43   48   59   48   63   54   70   67    725
    15    1    5    7   12   15   10   22   24   37   27   56   50   48   58   46   53   56   53   65   74    719
    18    4    4    7    7   17   19   20   36   39   32   52   40   59   47   54   54   75   56   61   72    755
    21    2    5    8   14   19   18   20   32   42   37   56   52   56   56   52   62   60   77   81   64    813
    24    1    4    6   16   10   26   26   23   28   45   45   61   52   57   61   50   53   62   79   83    788
    27    1    3    9   17   11   22   25   27   39   30   49   43   46   55   52   63   59   71   57   64    743
    30    1    4   10    6   23   11   27   30   27   32   46   47   63   63   55   49   55   65   68   67    749
    33    0    3    8   11   14   18   33   31   37   37   33   52   51   51   47   66   75   61   52   76    756
    36    3    5   10   11   10   20   24   30   42   33   38   49   52   46   55   73   45   76   68   63    753
    39    1    4    3    9   13   11   24   27   29   38   43   38   55   44   54   47   50   61   73   78    702
    42    3    4    9   11   17   25   23   32   38   39   48   36   50   41   46   63   60   59   52   50    706
    45    1    1    8   10   12   17   32   27   35   35   45   53   47   63   62   67   62   62   69   76    784
    48    1    4   10   10    9   16   29   21   27   35   33   46   58   34   55   54   68   51   67   59    687
    51    0    6    4   13   14   12   17   19   36   45   39   50   37   53   63   69   64   55   62   63    721
    54    3    5    8   16   11   18   23   23   30   30   48   48   42   44   52   63   52   61   58   66    701
    57    2    4   11   13   21   24   19   27   34   36   39   49   38   51   51   55   62   72   61   66    735
    60    0    6   12   11   12   16   13   34   32   42   42   40   50   53   54   56   63   70   52   71    729
    63    1    4   14    8   17   27   17   30   37   49   41   34   56   54   61   61   59   49   53   61    733
    66    3    2   11   12   12   21   21   28   37   33   37   56   44   58   53   54   67   64   45   80    738
    69    0    2    7   12   13   19   18   30   33   34   39   48   54   34   58   54   53   62   56   53    679
    72    0    6    8    6   20   19   27   25   34   34   42   46   59   59   55   63   66   65   65   75    774
    75    0    4    7   11   19   20   15   26   32   44   32   40   43   52   45   62   57   67   62   59    697
    78    4    5    8   22   14   20   36   49   33   26   32   49   44   50   51   68   68   46   56   62    743
    81    1    8    6   10   13   18   26   37   42   40   48   33   57   53   37   51   68   57   67   66    738
    84    0    5    7    4   19   19   24   22   32   42   36   48   56   55   53   63   55   48   61   85    734
    87    1    6   15    5   16   19   17   28   35   28   35   56   50   57   64   71   65   63   67   62    760
    90    0    5    5   13   16   26   26   33   34   40   33   35   33   55   56   62   70   63   65   65    735
    93    1    8    2   10   21   23   26   38   31   37   34   44   46   53   57   46   53   61   63   59    713
    96    1    3    6    7   16   17   20   33   33   34   43   50   49   48   57   61   61   79   71   60    749
    99    3    5    9   12   11   19   31   33   28   29   38   47   57   50   54   49   53   56   57   77    718
   102    3    2   15    6   15   17   14   24   37   40   47   49   51   54   65   63   58   64   59   85    768
   105    0    7   11    9   14   16   18   27   25   34   41   53   55   56   54   47   57   72   60   70    726
   108    1    8    5   13   13   20   25   20   36   41   46   43   44   43   47   60   61   66   62   65    719
   111    3    5   10   17   19   19   20   34   42   28   47   47   44   53   57   58   63   70   70   59    765
   114    3   14    4   10   17   20   19   19   34   47   37   46   51   50   40   58   61   44   58   60    692
   117    4    7    6    9   12   20   26   16   28   41   45   41   43   61   57   57   43   70   64   75    725
   120    1    4    9   10   19   16   24   29   31   35   42   47   48   45   57   69   67   63   73   74    763
   123    2    2    7   10   14   19   22   33   26   33   43   50   49   47   34   46   53   59   62   72    683
   126    2    8    5    9   19   12   22   33   32   28   42   34   43   56   70   58   58   48   69   45    693
   129    1    7   11   13   12   16   21   30   46   35   45   61   56   69   49   60   60   60   65   80    797
   132    3    2    9   10   23   22   33   25   30   38   33   46   53   46   61   58   69   41   55   63    720
   135    1    5    7    9   20   16   29   29   30   31   47   44   45   51   61   50   69   62   65   51    722
   138    1    1    8   14   13   18   24   29   36   46   36   38   44   34   48   49   57   59   60   51    666
   141    2    4    6   15   23   16   16   18   36   25   42   37   49   55   56   51   57   59   66   71    704
   144    1    4    7   16   19   16   21   21   28   40   45   39   47   59   43   54   64   63   73   75    735
   147    1    8    7   10    7   26   14   26   32   41   42   51   36   49   55   53   56   44   64   67    689
   150    2    4    8    7   13   22   21   29   32   41   30   51   58   45   45   49   46   67   60   68    698
   153    0    4   14   12   15   20   26   19   29   45   40   57   53   62   55   69   55   79   80   73    807
   156    1    4    7   16   12   26   23   20   28   36   44   56   50   46   63   55   46   61   64   54    712
   159    0    5    8   15   14   22   26   31   41   40   52   41   55   54   53   53   51   66   66   69    762
   162    4    3    3   10   18   18   24   26   40   40   44   35   50   69   49   52   75   70   66   79    775
   165    3    3   12   11   13   22   17   27   25   34   48   39   44   52   72   65   68   62   47   60    724
   168    0    8   11   10   14   19   23   37   36   52   34   41   45   60   70   51   61   61   61   75    769
   171    0    5    5    8   17   12   22   30   37   38   37   44   42   39   60   57   54   60   80   82    729
   174    2    7   13   11   10   26   21   28   27   43   48   56   59   43   63   52   63   46   74   65    757
   177    0    3    7   12   26   17   21   22   24   45   31   40   50   45   41   47   57   59   59   74    680
   180    0    5   10   11   23   21   20   30   33   25   53   39   46   47   50   56   46   62   57   77    711
     0   85  288  498  672  915 1143 1377 1677 1995 2240 2511 2746 2962 3102 3266 3418 3565 3697 3831 4062  44050
