mktextfm ec-mlmr12
mktextfm rm-mlmr12
mktextfm rm-mlmr8
mktextfm rm-mlmr6
mktextfm mlmmi12
mktextfm mlmmi8
mktextfm mlmmi6
mktextfm mlmsy10
mktextfm mlmsy8
mktextfm mlmsy6
mktextfm mlmex10
mktextfm mlmex10
mktextfm mlmex10
mktextfm rm-mlmss12
mktextfm rm-mlmss8
mktextfm rm-mlmss8
mktextfm rm-mlmtt12
mktextfm rm-mlmtt8
mktextfm rm-mlmtt8
mktextfm ec-mlmr17
mktextfm ec-mlmr12
mktextfm rm-mlmr12
mktextfm rm-mlmr10
mktextfm rm-mlmr7
mktextfm mlmmi12
mktextfm mlmmi10
mktextfm mlmmi7
mktextfm mlmsy10
mktextfm mlmsy10
mktextfm mlmsy7
mktextfm mlmex10
mktextfm mlmex10
mktextfm mlmex10
mktextfm rm-mlmss12
mktextfm rm-mlmss10
mktextfm rm-mlmss8
mktextfm rm-mlmtt12
mktextfm rm-mlmtt10
mktextfm rm-mlmtt8
mktextfm ec-mlmr17
mktextfm ec-mlmb10
mktextfm ec-mlmb10
mktextfm ec-mlmb10
mktextfm ec-mlmr10
mktextfm ec-mlmr12
mktextfm rm-mlmr12
mktextfm rm-mlmr8
mktextfm rm-mlmr6
mktextfm mlmmi12
mktextfm mlmmi8
mktextfm mlmmi6
mktextfm mlmsy10
mktextfm mlmsy8
mktextfm mlmsy6
mktextfm mlmex10
mktextfm mlmex10
mktextfm mlmex10
mktextfm rm-mlmss12
mktextfm rm-mlmss8
mktextfm rm-mlmss8
mktextfm rm-mlmtt12
mktextfm rm-mlmtt8
mktextfm rm-mlmtt8
mktextfm ec-mlmr17
mktextfm ec-mlmr12
mktextfm rm-mlmr12
mktextfm rm-mlmr10
mktextfm rm-mlmr7
mktextfm mlmmi12
mktextfm mlmmi10
mktextfm mlmmi7
mktextfm mlmsy10
mktextfm mlmsy10
mktextfm mlmsy7
mktextfm mlmex10
mktextfm mlmex10
mktextfm mlmex10
mktextfm rm-mlmss12
mktextfm rm-mlmss10
mktextfm rm-mlmss8
mktextfm rm-mlmtt12
mktextfm rm-mlmtt10
mktextfm rm-mlmtt8
mktextfm ec-mlmr17
mktextfm ec-mlmb10
mktextfm ec-mlmb10
mktextfm ec-mlmb10
mktextfm ec-mlmr10
mktextfm ec-mlmr12
mktextfm rm-mlmr12
mktextfm rm-mlmr8
mktextfm rm-mlmr6
mktextfm mlmmi12
mktextfm mlmmi8
mktextfm mlmmi6
mktextfm mlmsy10
mktextfm mlmsy8
mktextfm mlmsy6
mktextfm mlmex10
mktextfm mlmex10
mktextfm mlmex10
mktextfm rm-mlmss12
mktextfm rm-mlmss8
mktextfm rm-mlmss8
mktextfm rm-mlmtt12
mktextfm rm-mlmtt8
mktextfm rm-mlmtt8
mktextfm ec-mlmr17
mktextfm ec-mlmr12
mktextfm rm-mlmr12
mktextfm rm-mlmr10
mktextfm rm-mlmr7
mktextfm mlmmi12
mktextfm mlmmi10
mktextfm mlmmi7
mktextfm mlmsy10
mktextfm mlmsy10
mktextfm mlmsy7
mktextfm mlmex10
mktextfm mlmex10
mktextfm mlmex10
mktextfm rm-mlmss12
mktextfm rm-mlmss10
mktextfm rm-mlmss8
mktextfm rm-mlmtt12
mktextfm rm-mlmtt10
mktextfm rm-mlmtt8
mktextfm ec-mlmr17
mktextfm ec-mlmb10
mktextfm ec-mlmb10
mktextfm ec-mlmb10
mktextfm ec-mlmr10
mktextfm ec-mlmr12
mktextfm rm-mlmr12
mktextfm rm-mlmr8
mktextfm rm-mlmr6
mktextfm mlmmi12
mktextfm mlmmi8
mktextfm mlmmi6
mktextfm mlmsy10
mktextfm mlmsy8
mktextfm mlmsy6
mktextfm mlmex10
mktextfm mlmex10
mktextfm mlmex10
mktextfm rm-mlmss12
mktextfm rm-mlmss8
mktextfm rm-mlmss8
mktextfm rm-mlmtt12
mktextfm rm-mlmtt8
mktextfm rm-mlmtt8
mktextfm ec-mlmr17
mktextfm ec-mlmr12
mktextfm rm-mlmr12
mktextfm rm-mlmr10
mktextfm rm-mlmr7
mktextfm mlmmi12
mktextfm mlmmi10
mktextfm mlmmi7
mktextfm mlmsy10
mktextfm mlmsy10
mktextfm mlmsy7
mktextfm mlmex10
mktextfm mlmex10
mktextfm mlmex10
mktextfm rm-mlmss12
mktextfm rm-mlmss10
mktextfm rm-mlmss8
mktextfm rm-mlmtt12
mktextfm rm-mlmtt10
mktextfm rm-mlmtt8
mktextfm ec-mlmr17
mktextfm ec-mlmb10
mktextfm ec-mlmb10
mktextfm ec-mlmb10
mktextfm ec-mlmr10
