1
      *** PROGRAM TRVMC95 ***


                              * INPUT DATA *


       Z1        M1          E0       ALPHA       EF        ESB      SHEATH     ERC
     18.00     39.95      3217.00      0.00      0.10      0.00   9651.00      4.70

       NH        RI           X0        RD        CW        CA       KK0   KK0R   KDEE1  KDEE2  IPOT   IPOTR   IRL
     99999 716381.00         0.00    100.00      2.00      1.00       2      2      3      3      1      1      3


             DX      RHO    CK  Z(,1) Z(,2) Z(,3) Z(,4) Z(,5)  M(,1)  M(,2)  M(,3)  M(,4)  M(,5) C(,1) C(,2) C(,3) C(,4) C(,5)

 1.LAYER 10000.00   2.25   1.00    6.    0.    0.    0.    0.  12.01   0.00   0.00   0.00   0.00 1.000 0.000 0.000 0.000 0.000


                           ***  SBE(LAYER,ELEMENT)  ***     ***     ED(LAYER,ELEMENT)     ***     ***   BE(LAYER,ELEMENT)  ***

 1.LAYER                   7.41  0.00  0.00  0.00  0.00     30.00   0.00   0.00   0.00   0.00     0.10  0.00  0.00  0.00  0.00


       INTERACTION POTENTIAL : PROJECTILE-TARGET : KR-C POTENTIAL     TARGET-TARGET : KR-C POTENTIAL    


       INELASTIC LOSS MODEL  : PROJECTILE-TARGET : 50% LS 50% OR      TARGET-TARGET : 50% LS 50% OR     
1

                              * OUTPUT DATA *


                 HLM       HLMT        SU       SUT        XC        RT       SFE      INEL         L        LJ
               0.0000 10000.000    3.5029 10003.503   -3.5029  9900.000      7.41         0         1         1


                NPROJ       KIB       KIT      MAXA      NALL       NPA       NSA       KIS      KIST
                51675         0         0       304  59653786   2829000  33430821    101104         0


            EPS0(I)       Z2(I)       M2(I)     ARHO(I)       LM(I)     PMAX(I)     ASIG(I)       SB(I)       XX(I)        NJ(I)

 1.LAYER   0.6308E-01  0.6000E+01  0.1201E+02  0.1128E+00  0.2070E+01  0.1168E+01  0.2335E+00  0.7410E+01  0.1000E+05         1


             A1(1)   A1(2)   A1(3)   A1(4)   A1(5)   A1(6)   A1(7)   A1(8)   A1(9)  A1(10)  A1(11)  A1(12)  A1(13)  A1(14)  A1(15)

           0.13193


           KOR1(1) KOR1(2) KOR1(3) KOR1(4) KOR1(5) KOR1(6) KOR1(7) KOR1(8) KOR1(9) KOR1(A) KOR1(B) KOR1(C) KOR1(D) KOR1(E) KOR1(F)

           0.73577


            A(I,1)  A(I,2)  A(I,3)  A(I,4)  A(I,5)  A(I,6)  A(I,7)  A(I,8)  A(I,9) A(I,10) A(I,11) A(I,12) A(I,13) A(I,14) A(I,15)

           0.16242


           KOR(,1) KOR(,2) KOR(,3) KOR(,4) KOR(,5) KOR(,6) KOR(,7) KOR(,8) KOR(,9) KOR(,A) KOR(,B) KOR(,C) KOR(,D) KOR(,E) KOR(,F)

           0.46963
1

         IMPLANTED PARTICLES=  99999     ENERGY=0.3217E+09 EV
     BACKSCATTERED PARTICLES=      0     ENERGY=0.0000E+00 EV
       TRANSMITTED PARTICLES=      0     ENERGY=0.0000E+00 EV
     BACKSPUTTERED PARTICLES=  57256     ENERGY=0.1646E+07 EV
    TRANSM. SPUTT. PARTICLES=      0     ENERGY=0.0000E+00 EV


  PROJECTILES :   MEAN NUMBER OF ELASTIC COLLISIONS =     31.4   MEAN NUMBER OF EL.COLL.(E > EDISPL.) =   13.813
                                                                 MEAN NUMBER OF EL.COLL.(E > SB(1))   =   25.687

                       MEAN        VARIANCE      SKEWNESS      KURTOSIS        SIGMA       ERROR 1.M     ERROR 2.M     ERROR 3.M 
  PENETRATION       5.4412E+01    2.8911E+02    4.4770E-01    3.1038E+00    1.7003E+01    5.3769E-02    1.3260E+00    7.6547E-03
       SPREAD       1.7711E+01    9.6258E+01    8.0777E-01    3.6813E+00    9.8111E+00    3.1026E-02    4.9844E-01    9.1233E-03
   PATHLENGTH       6.2978E+01    3.2429E+02    3.9058E-01    3.0222E+00    1.8008E+01    5.6947E-02    1.4583E+00    7.3842E-03
 ELASTIC LOSS       3.0010E+03    5.5884E+03                                7.4756E+01    7.4756E-04
   INEL. LOSS       2.1596E+02    5.5884E+03                                7.4756E+01    7.4756E-04

                       MEAN        VARIANCE      SKEWNESS      KURTOSIS        SIGMA       ERROR 1.M     ERROR 2.M     ERROR 3.M 
   ELAST.LOSS       9.3070E+01    4.1062E+04    4.6948E+00    3.0985E+01    2.0264E+02    1.1443E-01    1.2697E+02    7.0608E-03
 WEAK EL.LOSS       2.6261E+00    5.9202E+00    1.4512E+00    4.6952E+00    2.4331E+00    1.3740E-03    6.4264E-03    1.3735E-03
 INELAST.LOSS       6.8864E+00    1.6509E+01    3.5309E-02    2.0580E+00    4.0631E+00    2.2944E-03    9.5889E-03    8.8207E-04
  SUBTHR.LOSS       1.2344E+01    5.6906E+01    5.2580E-01    2.3085E+00    7.5436E+00    5.6947E-03    4.9139E-02    1.1377E-03

                     1.MOMENT      2.MOMENT      3.MOMENT      4.MOMENT      5.MOMENT      6.MOMENT 
  PENETRATION       5.4412E+01    3.2498E+03    2.1049E+05    1.4640E+07    1.0845E+09    8.4992E+10



  RECOILES (PER PROJ.)   :   MEAN NUMBER OF ELASTIC COLLISIONS =    590.0   MEAN NUMBER OF EL.COLL.(E > EDISPL.) =     30.098
                                                                            MEAN NUMBER OF EL.COLL.(E > SB(1))   =    184.429

  RECOILES (PER KNOCKON) :   MEAN NUMBER OF ELASTIC COLLISIONS =    1.627   MEAN NUMBER OF EL.COLL.(E > EDISPL.) =      0.083
                                                                            MEAN NUMBER OF EL.COLL.(E > SB(1))   =      0.509

1


     DEPTH(A)  PARTICLES  NORM.DEPTH PATHLENGTH   INLOSS(EV)  TELOSS(EV)  ELLOSS(EV)  DAMAGE(EV)  PHONON(EV)  CASCAD(EV)     DPA

    -SU-    0.         0  0.0000E+00
     0.-    2.         0  0.0000E+00         0    1.1676E+06  1.3656E+07  1.3574E+07  1.3021E+07  5.5289E+05  1.0720E+07   40174
     2.-    4.         0  0.0000E+00         0    1.1618E+06  1.3401E+07  1.3314E+07  1.2755E+07  5.5873E+05  1.0515E+07   40768
     4.-    6.         0  0.0000E+00         0    1.1351E+06  1.3306E+07  1.3213E+07  1.2647E+07  5.6562E+05  1.0442E+07   41832
     6.-    8.         0  0.0000E+00         0    1.1093E+06  1.3310E+07  1.3209E+07  1.2635E+07  5.7414E+05  1.0444E+07   42831
     8.-   10.         5  0.5000E-04         0    1.0799E+06  1.3085E+07  1.2975E+07  1.2391E+07  5.8453E+05  1.0259E+07   43837
    10.-   12.        10  0.1000E-03         1    1.0479E+06  1.2833E+07  1.2714E+07  1.2119E+07  5.9419E+05  1.0051E+07   44861
    12.-   14.        25  0.2500E-03         0    1.0212E+06  1.2804E+07  1.2673E+07  1.2065E+07  6.0709E+05  1.0020E+07   46102
    14.-   16.        86  0.8600E-03         3    9.8637E+05  1.2669E+07  1.2523E+07  1.1901E+07  6.2200E+05  9.8957E+06   47110
    16.-   18.       151  0.1510E-02        15    9.5564E+05  1.2438E+07  1.2277E+07  1.1639E+07  6.3734E+05  9.6940E+06   48355
    18.-   20.       312  0.3120E-02        43    9.1846E+05  1.2028E+07  1.1848E+07  1.1194E+07  6.5446E+05  9.3416E+06   49353
    20.-   22.       526  0.5260E-02        92    8.8568E+05  1.2066E+07  1.1867E+07  1.1195E+07  6.7197E+05  9.3506E+06   50342
    22.-   24.       761  0.7610E-02       175    8.4781E+05  1.1658E+07  1.1442E+07  1.0749E+07  6.9244E+05  8.9902E+06   50585
    24.-   26.      1028  0.1028E-01       333    8.0744E+05  1.1348E+07  1.1112E+07  1.0405E+07  7.0682E+05  8.7171E+06   51126
    26.-   28.      1333  0.1333E-01       474    7.6867E+05  1.1039E+07  1.0784E+07  1.0064E+07  7.2034E+05  8.4422E+06   51423
    28.-   30.      1730  0.1730E-01       684    7.2829E+05  1.0645E+07  1.0371E+07  9.6362E+06  7.3514E+05  8.0968E+06   51579
    30.-   32.      2172  0.2172E-01       966    6.8752E+05  1.0235E+07  9.9437E+06  9.1955E+06  7.4814E+05  7.7346E+06   50803
    32.-   34.      2548  0.2548E-01      1307    6.4421E+05  9.7106E+06  9.4050E+06  8.6518E+06  7.5316E+05  7.2876E+06   50075
    34.-   36.      3067  0.3067E-01      1580    6.0148E+05  9.2335E+06  8.9176E+06  8.1680E+06  7.4965E+05  6.8886E+06   48919
    36.-   38.      3342  0.3342E-01      1919    5.5712E+05  8.5956E+06  8.2717E+06  7.5310E+06  7.4065E+05  6.3633E+06   47517
    38.-   40.      3738  0.3738E-01      2296    5.1522E+05  8.0812E+06  7.7537E+06  7.0197E+06  7.3399E+05  5.9373E+06   45553
    40.-   42.      3998  0.3998E-01      2567    4.7147E+05  7.4935E+06  7.1655E+06  6.4523E+06  7.1324E+05  5.4642E+06   43494
    42.-   44.      4366  0.4366E-01      2977    4.3216E+05  6.9441E+06  6.6185E+06  5.9216E+06  6.9691E+05  5.0200E+06   41162
    44.-   46.      4413  0.4413E-01      3060    3.9201E+05  6.4407E+06  6.1240E+06  5.4615E+06  6.6251E+05  4.6333E+06   38814
    46.-   48.      4590  0.4590E-01      3342    3.5404E+05  5.8778E+06  5.5675E+06  4.9309E+06  6.3667E+05  4.1873E+06   36147
    48.-   50.      4744  0.4744E-01      3531    3.1790E+05  5.3369E+06  5.0391E+06  4.4319E+06  6.0716E+05  3.7678E+06   33446
    50.-   52.      4626  0.4626E-01      3883    2.8357E+05  4.8432E+06  4.5577E+06  3.9911E+06  5.6652E+05  3.3961E+06   30937
    52.-   54.      4573  0.4573E-01      3923    2.5018E+05  4.2942E+06  4.0278E+06  3.5009E+06  5.2680E+05  2.9817E+06   27895
    54.-   56.      4530  0.4530E-01      4259    2.2097E+05  3.8988E+06  3.6484E+06  3.1596E+06  4.8886E+05  2.6922E+06   25405
    56.-   58.      4308  0.4308E-01      4175    1.9346E+05  3.4032E+06  3.1708E+06  2.7208E+06  4.5004E+05  2.3217E+06   22799
    58.-   60.      4077  0.4077E-01      4292    1.6859E+05  2.9822E+06  2.7686E+06  2.3596E+06  4.0897E+05  2.0151E+06   20348
    60.-   62.      3944  0.3944E-01      4319    1.4449E+05  2.5924E+06  2.3994E+06  2.0284E+06  3.7099E+05  1.7328E+06   17637
    62.-   64.      3713  0.3713E-01      4224    1.2476E+05  2.2583E+06  2.0830E+06  1.7532E+06  3.2983E+05  1.4995E+06   15749
    64.-   66.      3402  0.3402E-01      3743    1.0683E+05  1.9631E+06  1.8063E+06  1.5114E+06  2.9490E+05  1.2927E+06   13635
    66.-   68.      3145  0.3145E-01      3649    9.0352E+04  1.6663E+06  1.5268E+06  1.2679E+06  2.5894E+05  1.0862E+06   11889
    68.-   70.      2830  0.2830E-01      3974    7.6267E+04  1.4178E+06  1.2946E+06  1.0700E+06  2.2460E+05  9.1762E+05   10283
    70.-   72.      2519  0.2519E-01      3893    6.3609E+04  1.1614E+06  1.0540E+06  8.5462E+05  1.9941E+05  7.3377E+05    8508
    72.-   74.      2299  0.2299E-01      3616    5.3242E+04  1.0123E+06  9.1839E+05  7.4513E+05  1.7325E+05  6.3932E+05    7306
    74.-   76.      2049  0.2049E-01      3279    4.4038E+04  8.3953E+05  7.5875E+05  6.1185E+05  1.4690E+05  5.2552E+05    6195
    76.-   78.      1871  0.1871E-01      3069    3.6131E+04  6.7927E+05  6.1139E+05  4.8573E+05  1.2566E+05  4.1748E+05    4994
    78.-   80.      1520  0.1520E-01      2743    2.9210E+04  5.6236E+05  5.0571E+05  4.0155E+05  1.0416E+05  3.4498E+05    4133
    80.-   82.      1302  0.1302E-01      2582    2.4360E+04  4.7397E+05  4.2532E+05  3.3720E+05  8.8121E+04  2.9002E+05    3506
    82.-   84.      1107  0.1107E-01      2280    1.9240E+04  3.6877E+05  3.2881E+05  2.5587E+05  7.2938E+04  2.2038E+05    2790
    84.-   86.       931  0.9310E-02      1941    1.5914E+04  3.1396E+05  2.8011E+05  2.1869E+05  6.1424E+04  1.8833E+05    2379
    86.-   88.       772  0.7720E-02      1745    1.2701E+04  2.5768E+05  2.2929E+05  1.7815E+05  5.1132E+04  1.5326E+05    1928
    88.-   90.       698  0.6980E-02      1499    9.8858E+03  1.9821E+05  1.7504E+05  1.3422E+05  4.0816E+04  1.1563E+05    1505
    90.-   92.       579  0.5790E-02      1275    7.7550E+03  1.5109E+05  1.3263E+05  9.9127E+04  3.3505E+04  8.5536E+04    1157
    92.-   94.       438  0.4380E-02      1112    6.0855E+03  1.2036E+05  1.0560E+05  7.9431E+04  2.6170E+04  6.8599E+04     934
    94.-   96.       386  0.3860E-02       939    4.6711E+03  9.5349E+04  8.3700E+04  6.2940E+04  2.0760E+04  5.4290E+04     734
    96.-   98.       284  0.2840E-02       797    3.7212E+03  7.4077E+04  6.4527E+04  4.7916E+04  1.6611E+04  4.1428E+04     592
    98.-  100.       246  0.2460E-02       643    2.9161E+03  5.6412E+04  4.8720E+04  3.4170E+04  1.4550E+04  2.9585E+04     435
   100.-  102.       224  0.2240E-02       547    2.2321E+03  4.8153E+04  4.2094E+04  3.1310E+04  1.0784E+04  2.7014E+04     366
   102.-  104.       157  0.1570E-02       450    1.7019E+03  3.4997E+04  3.0283E+04  2.1364E+04  8.9183E+03  1.8448E+04     259
   104.-  106.       115  0.1150E-02       333    1.2606E+03  2.7428E+04  2.3771E+04  1.7213E+04  6.5588E+03  1.4855E+04     201
   106.-  108.       110  0.1100E-02       291    9.5993E+02  2.2411E+04  1.9546E+04  1.4722E+04  4.8241E+03  1.2713E+04     172
   108.-  110.        74  0.7400E-03       242    6.6432E+02  1.4833E+04  1.2792E+04  8.9885E+03  3.8030E+03  7.7851E+03     110
   110.-  112.        67  0.6700E-03       215    4.4119E+02  8.8794E+03  7.3684E+03  4.7417E+03  2.6266E+03  4.1289E+03      75
   112.-  114.        35  0.3500E-03       151    3.2687E+02  7.8739E+03  6.8538E+03  5.0707E+03  1.7831E+03  4.3772E+03      59
   114.-  116.        34  0.3400E-03       123    2.5089E+02  5.8150E+03  4.9259E+03  3.1088E+03  1.8172E+03  2.6759E+03      35
   116.-  118.        23  0.2300E-03        96    1.5961E+02  3.7870E+03  3.1441E+03  2.2525E+03  8.9160E+02  1.9618E+03      34
   118.-  120.        19  0.1900E-03        94    1.2030E+02  2.5329E+03  2.0918E+03  1.2997E+03  7.9210E+02  1.1324E+03      20
   120.-  122.        14  0.1400E-03        50    7.6777E+01  1.4975E+03  1.1656E+03  4.9588E+02  6.6972E+02  4.3554E+02      10
   122.-  124.        11  0.1100E-03        43    5.6537E+01  1.3231E+03  1.0970E+03  7.0560E+02  3.9137E+02  6.1627E+02      11
   124.-  126.         5  0.5000E-04        35    3.5575E+01  6.9835E+02  5.3854E+02  2.0668E+02  3.3186E+02  1.8007E+02       3
   126.-  128.         8  0.8000E-04        34    2.2314E+01  5.9918E+02  5.0683E+02  3.7045E+02  1.3637E+02  3.1944E+02       4
   128.-  130.         4  0.4000E-04        25    1.5811E+01  3.0678E+02  2.3640E+02  1.1158E+02  1.2482E+02  9.7716E+01       2
   130.-  132.         3  0.3000E-04        15    8.3130E+00  1.4325E+02  1.0771E+02  0.0000E+00  1.0771E+02  0.0000E+00       0
   132.-  134.         0  0.0000E+00        15    5.3832E+00  1.0425E+02  8.4367E+01  5.3524E+01  3.0842E+01  4.7010E+01       1
   134.-  136.         1  0.1000E-04         5    4.0952E+00  8.2287E+01  7.1819E+01  5.9832E+01  1.1987E+01  5.2429E+01       1
   136.-  138.         0  0.0000E+00         6    2.8689E+00  1.3298E+01  1.1035E+01  0.0000E+00  1.1035E+01  0.0000E+00       0
   138.-  140.         0  0.0000E+00         1    2.9885E+00  1.7416E+02  1.7117E+02  1.7117E+02  0.0000E+00  1.4645E+02       1
   140.-  142.         0  0.0000E+00         1    1.5688E+00  3.0873E+01  2.6152E+01  0.0000E+00  2.6152E+01  0.0000E+00       0
   142.-  144.         0  0.0000E+00         3    1.2331E+00  1.8367E+01  1.2890E+01  0.0000E+00  1.2890E+01  0.0000E+00       0
   144.-  146.         0  0.0000E+00         2    1.7428E+00  3.3970E+01  2.2246E+01  0.0000E+00  2.2246E+01  0.0000E+00       0
   146.-  148.         1  0.1000E-04         2    4.6089E-01  1.0787E+01  5.4334E+00  0.0000E+00  5.4334E+00  0.0000E+00       0
   148.-  150.         0  0.0000E+00         0    8.5133E-02  2.9533E+00  2.1522E+00  0.0000E+00  2.1522E+00  0.0000E+00       0
   150.-  152.         0  0.0000E+00         0    0.0000E+00  0.0000E+00  0.0000E+00  0.0000E+00  0.0000E+00  0.0000E+00       0
   152.-  154.         0  0.0000E+00         1    0.0000E+00  0.0000E+00  0.0000E+00  0.0000E+00  0.0000E+00  0.0000E+00       0
   154.-  156.         0  0.0000E+00         0    0.0000E+00  0.0000E+00  0.0000E+00  0.0000E+00  0.0000E+00  0.0000E+00       0
   156.-  158.         0  0.0000E+00         0    0.0000E+00  0.0000E+00  0.0000E+00  0.0000E+00  0.0000E+00  0.0000E+00       0
   158.-  160.         0  0.0000E+00         0    0.0000E+00  0.0000E+00  0.0000E+00  0.0000E+00  0.0000E+00  0.0000E+00       0
   160.-  162.         0  0.0000E+00         0    0.0000E+00  0.0000E+00  0.0000E+00  0.0000E+00  0.0000E+00  0.0000E+00       0
   162.-  164.         0  0.0000E+00         0    0.0000E+00  0.0000E+00  0.0000E+00  0.0000E+00  0.0000E+00  0.0000E+00       0
   164.-  166.         0  0.0000E+00         0    0.0000E+00  0.0000E+00  0.0000E+00  0.0000E+00  0.0000E+00  0.0000E+00       0
   166.-  168.         0  0.0000E+00         0    0.0000E+00  0.0000E+00  0.0000E+00  0.0000E+00  0.0000E+00  0.0000E+00       0
   168.-  170.         0  0.0000E+00         0    0.0000E+00  0.0000E+00  0.0000E+00  0.0000E+00  0.0000E+00  0.0000E+00       0
   170.-  172.         0  0.0000E+00         0    0.0000E+00  0.0000E+00  0.0000E+00  0.0000E+00  0.0000E+00  0.0000E+00       0
   172.-  174.         0  0.0000E+00         0    0.0000E+00  0.0000E+00  0.0000E+00  0.0000E+00  0.0000E+00  0.0000E+00       0
   174.-  176.         0  0.0000E+00         0    0.0000E+00  0.0000E+00  0.0000E+00  0.0000E+00  0.0000E+00  0.0000E+00       0
   176.-  178.         0  0.0000E+00         0    0.0000E+00  0.0000E+00  0.0000E+00  0.0000E+00  0.0000E+00  0.0000E+00       0
   178.-  180.         0  0.0000E+00         0    0.0000E+00  0.0000E+00  0.0000E+00  0.0000E+00  0.0000E+00  0.0000E+00       0
   180.-  182.         0  0.0000E+00         0    0.0000E+00  0.0000E+00  0.0000E+00  0.0000E+00  0.0000E+00  0.0000E+00       0
   182.-  184.         0  0.0000E+00         0    0.0000E+00  0.0000E+00  0.0000E+00  0.0000E+00  0.0000E+00  0.0000E+00       0
   184.-  186.         0  0.0000E+00         0    0.0000E+00  0.0000E+00  0.0000E+00  0.0000E+00  0.0000E+00  0.0000E+00       0
   186.-  188.         0  0.0000E+00         0    0.0000E+00  0.0000E+00  0.0000E+00  0.0000E+00  0.0000E+00  0.0000E+00       0
   188.-  190.         0  0.0000E+00         0    0.0000E+00  0.0000E+00  0.0000E+00  0.0000E+00  0.0000E+00  0.0000E+00       0
   190.-  192.         0  0.0000E+00         0    0.0000E+00  0.0000E+00  0.0000E+00  0.0000E+00  0.0000E+00  0.0000E+00       0
   192.-  194.         0  0.0000E+00         0    0.0000E+00  0.0000E+00  0.0000E+00  0.0000E+00  0.0000E+00  0.0000E+00       0
   194.-  196.         0  0.0000E+00         0    0.0000E+00  0.0000E+00  0.0000E+00  0.0000E+00  0.0000E+00  0.0000E+00       0
   196.-  198.         0  0.0000E+00         0    0.0000E+00  0.0000E+00  0.0000E+00  0.0000E+00  0.0000E+00  0.0000E+00       0
   198.-  200.         0  0.0000E+00         0    0.0000E+00  0.0000E+00  0.0000E+00  0.0000E+00  0.0000E+00  0.0000E+00       0
   200.-   SUT         0  0.0000E+00

                   99999  1.0000E+00     99999    2.1596E+07  3.0010E+08  2.9187E+08  2.7021E+08  2.1660E+07  2.2620E+08 1381245
1
     RECOILS



     DEPTH(A)     INLOSS(EV)   TELOSS(EV)   ELLOSS(EV)   DAMAGE(EV)   PHONON(EV)     DPA  DPA(1)  DPA(2)

     0.-    2.    3.3050E+05   5.8125E+06   4.6483E+06   1.1570E+06   3.4913E+06   18981   18981       0
     2.-    4.    5.6429E+05   8.9852E+06   7.4878E+06   2.6598E+06   4.8280E+06   37054   37054       0
     4.-    6.    7.7398E+05   1.1751E+07   9.8651E+06   3.7374E+06   6.1277E+06   49999   49999       0
     6.-    8.    9.5738E+05   1.4228E+07   1.1986E+07   4.6649E+06   7.3207E+06   60264   60264       0
     8.-   10.    1.1131E+06   1.6339E+07   1.3785E+07   5.4377E+06   8.3474E+06   69204   69204       0
    10.-   12.    1.2425E+06   1.8154E+07   1.5324E+07   6.0917E+06   9.2321E+06   77641   77641       0
    12.-   14.    1.3588E+06   1.9873E+07   1.6792E+07   6.7326E+06   1.0059E+07   84690   84690       0
    14.-   16.    1.4640E+06   2.1330E+07   1.8033E+07   7.2560E+06   1.0776E+07   91814   91814       0
    16.-   18.    1.5504E+06   2.2523E+07   1.9022E+07   7.5662E+06   1.1456E+07   96728   96728       0
    18.-   20.    1.6253E+06   2.3686E+07   2.0009E+07   7.9757E+06   1.2033E+07  101353  101353       0
    20.-   22.    1.6771E+06   2.4612E+07   2.0788E+07   8.2916E+06   1.2497E+07  105233  105233       0
    22.-   24.    1.7264E+06   2.5406E+07   2.1447E+07   8.5229E+06   1.2924E+07  108602  108602       0
    24.-   26.    1.7545E+06   2.5871E+07   2.1816E+07   8.5799E+06   1.3236E+07  109981  109981       0
    26.-   28.    1.7752E+06   2.6386E+07   2.2252E+07   8.7751E+06   1.3477E+07  111928  111928       0
    28.-   30.    1.7800E+06   2.6518E+07   2.2335E+07   8.6939E+06   1.3641E+07  112204  112204       0
    30.-   32.    1.7846E+06   2.6690E+07   2.2466E+07   8.7060E+06   1.3760E+07  113256  113256       0
    32.-   34.    1.7690E+06   2.6594E+07   2.2367E+07   8.6006E+06   1.3766E+07  112449  112449       0
    34.-   36.    1.7433E+06   2.6355E+07   2.2145E+07   8.4673E+06   1.3678E+07  111270  111270       0
    36.-   38.    1.7036E+06   2.5888E+07   2.1730E+07   8.2145E+06   1.3515E+07  108437  108437       0
    38.-   40.    1.6563E+06   2.5346E+07   2.1263E+07   8.0209E+06   1.3242E+07  106105  106105       0
    40.-   42.    1.6017E+06   2.4600E+07   2.0617E+07   7.7082E+06   1.2909E+07  102811  102811       0
    42.-   44.    1.5322E+06   2.3635E+07   1.9784E+07   7.3181E+06   1.2466E+07   98199   98199       0
    44.-   46.    1.4592E+06   2.2645E+07   1.8938E+07   6.9541E+06   1.1984E+07   93502   93502       0
    46.-   48.    1.3847E+06   2.1546E+07   1.8012E+07   6.5861E+06   1.1426E+07   88898   88898       0
    48.-   50.    1.3002E+06   2.0376E+07   1.7016E+07   6.1784E+06   1.0838E+07   83655   83655       0
    50.-   52.    1.2200E+06   1.9127E+07   1.5961E+07   5.7310E+06   1.0230E+07   78103   78103       0
    52.-   54.    1.1338E+06   1.7875E+07   1.4910E+07   5.3536E+06   9.5562E+06   72878   72878       0
    54.-   56.    1.0464E+06   1.6530E+07   1.3770E+07   4.8949E+06   8.8753E+06   67347   67347       0
    56.-   58.    9.6350E+05   1.5258E+07   1.2702E+07   4.4847E+06   8.2176E+06   61894   61894       0
    58.-   60.    8.8143E+05   1.4022E+07   1.1672E+07   4.1259E+06   7.5459E+06   57077   57077       0
    60.-   62.    8.0219E+05   1.2791E+07   1.0640E+07   3.7396E+06   6.9003E+06   51599   51599       0
    62.-   64.    7.2443E+05   1.1581E+07   9.6266E+06   3.3716E+06   6.2550E+06   46576   46576       0
    64.-   66.    6.5254E+05   1.0423E+07   8.6598E+06   3.0024E+06   5.6574E+06   41904   41904       0
    66.-   68.    5.8501E+05   9.3816E+06   7.7921E+06   2.7065E+06   5.0856E+06   37752   37752       0
    68.-   70.    5.2441E+05   8.3827E+06   6.9602E+06   2.4077E+06   4.5525E+06   33741   33741       0
    70.-   72.    4.6381E+05   7.4632E+06   6.1975E+06   2.1484E+06   4.0491E+06   29716   29716       0
    72.-   74.    4.1014E+05   6.6045E+06   5.4830E+06   1.9009E+06   3.5821E+06   26339   26339       0
    74.-   76.    3.6172E+05   5.8275E+06   4.8385E+06   1.6791E+06   3.1595E+06   23280   23280       0
    76.-   78.    3.1552E+05   5.0750E+06   4.2133E+06   1.4604E+06   2.7529E+06   20461   20461       0
    78.-   80.    2.7440E+05   4.4183E+06   3.6654E+06   1.2547E+06   2.4106E+06   17559   17559       0
    80.-   82.    2.4067E+05   3.8735E+06   3.2171E+06   1.1187E+06   2.0983E+06   15635   15635       0
    82.-   84.    2.0763E+05   3.3546E+06   2.7863E+06   9.6772E+05   1.8186E+06   13422   13422       0
    84.-   86.    1.8053E+05   2.9128E+06   2.4198E+06   8.4710E+05   1.5727E+06   11785   11785       0
    86.-   88.    1.5634E+05   2.5065E+06   2.0823E+06   7.2689E+05   1.3554E+06   10114   10114       0
    88.-   90.    1.3390E+05   2.1376E+06   1.7735E+06   6.1469E+05   1.1588E+06    8541    8541       0
    90.-   92.    1.1523E+05   1.8306E+06   1.5213E+06   5.3244E+05   9.8891E+05    7397    7397       0
    92.-   94.    9.8385E+04   1.5673E+06   1.3031E+06   4.5910E+05   8.4405E+05    6400    6400       0
    94.-   96.    8.3929E+04   1.3212E+06   1.0992E+06   3.9014E+05   7.0904E+05    5437    5437       0
    96.-   98.    7.0241E+04   1.1029E+06   9.2123E+05   3.3609E+05   5.8514E+05    4548    4548       0
    98.-  100.    5.6473E+04   8.6157E+05   7.2505E+05   2.7433E+05   4.5072E+05    3701    3701       0
   100.-  102.    3.2057E+04   4.5784E+05   3.9143E+05   1.6952E+05   2.2191E+05    2209    2209       0
   102.-  104.    1.2557E+03   1.4153E+04   1.1640E+04   3.7846E+03   7.8552E+03      54      54       0
   104.-  106.    0.0000E+00   0.0000E+00   0.0000E+00   0.0000E+00   0.0000E+00       0       0       0
   106.-  108.    0.0000E+00   0.0000E+00   0.0000E+00   0.0000E+00   0.0000E+00       0       0       0
   108.-  110.    0.0000E+00   0.0000E+00   0.0000E+00   0.0000E+00   0.0000E+00       0       0       0
   110.-  112.    0.0000E+00   0.0000E+00   0.0000E+00   0.0000E+00   0.0000E+00       0       0       0
   112.-  114.    0.0000E+00   0.0000E+00   0.0000E+00   0.0000E+00   0.0000E+00       0       0       0
   114.-  116.    0.0000E+00   0.0000E+00   0.0000E+00   0.0000E+00   0.0000E+00       0       0       0
   116.-  118.    0.0000E+00   0.0000E+00   0.0000E+00   0.0000E+00   0.0000E+00       0       0       0
   118.-  120.    0.0000E+00   0.0000E+00   0.0000E+00   0.0000E+00   0.0000E+00       0       0       0
   120.-  122.    0.0000E+00   0.0000E+00   0.0000E+00   0.0000E+00   0.0000E+00       0       0       0
   122.-  124.    0.0000E+00   0.0000E+00   0.0000E+00   0.0000E+00   0.0000E+00       0       0       0
   124.-  126.    0.0000E+00   0.0000E+00   0.0000E+00   0.0000E+00   0.0000E+00       0       0       0
   126.-  128.    0.0000E+00   0.0000E+00   0.0000E+00   0.0000E+00   0.0000E+00       0       0       0
   128.-  130.    0.0000E+00   0.0000E+00   0.0000E+00   0.0000E+00   0.0000E+00       0       0       0
   130.-  132.    0.0000E+00   0.0000E+00   0.0000E+00   0.0000E+00   0.0000E+00       0       0       0
   132.-  134.    0.0000E+00   0.0000E+00   0.0000E+00   0.0000E+00   0.0000E+00       0       0       0
   134.-  136.    0.0000E+00   0.0000E+00   0.0000E+00   0.0000E+00   0.0000E+00       0       0       0
   136.-  138.    0.0000E+00   0.0000E+00   0.0000E+00   0.0000E+00   0.0000E+00       0       0       0
   138.-  140.    0.0000E+00   0.0000E+00   0.0000E+00   0.0000E+00   0.0000E+00       0       0       0
   140.-  142.    0.0000E+00   0.0000E+00   0.0000E+00   0.0000E+00   0.0000E+00       0       0       0
   142.-  144.    0.0000E+00   0.0000E+00   0.0000E+00   0.0000E+00   0.0000E+00       0       0       0
   144.-  146.    0.0000E+00   0.0000E+00   0.0000E+00   0.0000E+00   0.0000E+00       0       0       0
   146.-  148.    0.0000E+00   0.0000E+00   0.0000E+00   0.0000E+00   0.0000E+00       0       0       0
   148.-  150.    0.0000E+00   0.0000E+00   0.0000E+00   0.0000E+00   0.0000E+00       0       0       0
   150.-  152.    0.0000E+00   0.0000E+00   0.0000E+00   0.0000E+00   0.0000E+00       0       0       0
   152.-  154.    0.0000E+00   0.0000E+00   0.0000E+00   0.0000E+00   0.0000E+00       0       0       0
   154.-  156.    0.0000E+00   0.0000E+00   0.0000E+00   0.0000E+00   0.0000E+00       0       0       0
   156.-  158.    0.0000E+00   0.0000E+00   0.0000E+00   0.0000E+00   0.0000E+00       0       0       0
   158.-  160.    0.0000E+00   0.0000E+00   0.0000E+00   0.0000E+00   0.0000E+00       0       0       0
   160.-  162.    0.0000E+00   0.0000E+00   0.0000E+00   0.0000E+00   0.0000E+00       0       0       0
   162.-  164.    0.0000E+00   0.0000E+00   0.0000E+00   0.0000E+00   0.0000E+00       0       0       0
   164.-  166.    0.0000E+00   0.0000E+00   0.0000E+00   0.0000E+00   0.0000E+00       0       0       0
   166.-  168.    0.0000E+00   0.0000E+00   0.0000E+00   0.0000E+00   0.0000E+00       0       0       0
   168.-  170.    0.0000E+00   0.0000E+00   0.0000E+00   0.0000E+00   0.0000E+00       0       0       0
   170.-  172.    0.0000E+00   0.0000E+00   0.0000E+00   0.0000E+00   0.0000E+00       0       0       0
   172.-  174.    0.0000E+00   0.0000E+00   0.0000E+00   0.0000E+00   0.0000E+00       0       0       0
   174.-  176.    0.0000E+00   0.0000E+00   0.0000E+00   0.0000E+00   0.0000E+00       0       0       0
   176.-  178.    0.0000E+00   0.0000E+00   0.0000E+00   0.0000E+00   0.0000E+00       0       0       0
   178.-  180.    0.0000E+00   0.0000E+00   0.0000E+00   0.0000E+00   0.0000E+00       0       0       0
   180.-  182.    0.0000E+00   0.0000E+00   0.0000E+00   0.0000E+00   0.0000E+00       0       0       0
   182.-  184.    0.0000E+00   0.0000E+00   0.0000E+00   0.0000E+00   0.0000E+00       0       0       0
   184.-  186.    0.0000E+00   0.0000E+00   0.0000E+00   0.0000E+00   0.0000E+00       0       0       0
   186.-  188.    0.0000E+00   0.0000E+00   0.0000E+00   0.0000E+00   0.0000E+00       0       0       0
   188.-  190.    0.0000E+00   0.0000E+00   0.0000E+00   0.0000E+00   0.0000E+00       0       0       0
   190.-  192.    0.0000E+00   0.0000E+00   0.0000E+00   0.0000E+00   0.0000E+00       0       0       0
   192.-  194.    0.0000E+00   0.0000E+00   0.0000E+00   0.0000E+00   0.0000E+00       0       0       0
   194.-  196.    0.0000E+00   0.0000E+00   0.0000E+00   0.0000E+00   0.0000E+00       0       0       0
   196.-  198.    0.0000E+00   0.0000E+00   0.0000E+00   0.0000E+00   0.0000E+00       0       0       0
   198.-  200.    0.0000E+00   0.0000E+00   0.0000E+00   0.0000E+00   0.0000E+00       0       0       0

                  4.7364E+07   7.2185E+08   6.0527E+08   2.2760E+08   3.7767E+08 3009727 3009727       0
1     BACKWARD SPUTTERING



        ALL SPUTTERED PARTICLES =   57256   TOTAL SPUTTERED ENERGY = 0.1646E+07 EV


        SPUTTERED PARTICLES (1.LAYER) =   57256   SPUTTERED ENERGY = 0.1646E+07 EV


 1.LAYER
         SPUTTERED PARTICLES(1) =   57256     SPUTTERED ENERGY(1) = 0.1646E+07 EV

         ION IN , PRIMARY KO(1) =   11930   0.2084   0.2084    ENERGY = 0.6016E+06 EV   0.3656   0.3656    MEAN ENERGY = 0.5043E+02
         ION IN , SECOND. KO(1) =   45326   0.7916   0.7916    ENERGY = 0.1044E+07 EV   0.6344   0.6344    MEAN ENERGY = 0.2304E+02
        ION OUT , PRIMARY KO(1) =       0   0.0000   0.0000    ENERGY = 0.0000E+00 EV   0.0000   0.0000    MEAN ENERGY = 0.0000E+00
        ION OUT , SECOND. KO(1) =       0   0.0000   0.0000    ENERGY = 0.0000E+00 EV   0.0000   0.0000    MEAN ENERGY = 0.0000E+00


     SPUTTERING YIELD(1) =  5.726E-01  SPUTTERED ENERGY(1) =  5.116E-03  REL.MEAN ENERGY(1) =  8.935E-03  MEAN ENERGY(1) =  2.875E+01

                       MEAN        VARIANCE      SKEWNESS      KURTOSIS        SIGMA       ERROR 1.M     ERROR 2.M     ERROR 3.M 
    ENERGY(1)       2.8745E+01    1.7540E+03    3.9109E+00    2.6393E+01    4.1881E+01    1.7503E-01    3.6937E+01    8.2825E-02
 LOGENERGY(1)       1.1495E+00    2.8779E-01   -1.3020E-01    2.9419E+00    5.3646E-01    2.2422E-03    1.6762E-03    9.7335E-03

                     1.MOMENT      2.MOMENT      3.MOMENT      4.MOMENT      5.MOMENT      6.MOMENT 
    ENERGY(1)       2.8745E+01    2.5803E+03    4.6229E+05    1.2361E+08    4.2248E+10    1.6897E+13
 LOGENERGY(1)       1.1495E+00    1.6091E+00    2.4911E+00    4.1786E+00    7.4433E+00    1.3927E+01



     POLAR ANGULAR DISTRIBUTION OF ALL BACKWARD SPUTTERED PARTICLES


       0.00  0.00  0.00  0.00  0.00  0.00  0.00  0.00  0.00  0.00  0.00  0.00  0.00  0.00  0.00  0.00  0.00  0.00  0.00  0.00

        124   336   569   880  1146  1415  1739  2096  2506  2688  3200  3546  3841  4099  4207  4476  4678  4870  5256  5584
      0.043 0.117 0.199 0.307 0.400 0.494 0.607 0.732 0.875 0.939 1.118 1.239 1.342 1.432 1.470 1.564 1.634 1.701 1.836 1.951
1 LOG ENERGY - COS OF EMISSION ANGLE (0.05 STEPS)   (BACKWARD SPUTTERED PARTICLES) ; 1. LAYER ; SPECIES 1


   0.0000E+00    1    2    3    4    5    6    7    8    9   10   11   12   13   14   15   16   17   18   19   20     0  0.0000E+00
   0.1000E+00    0    0    0    1    2    0    0    1    0    2    1    0    2    0    0    0    1    2    1    0    13  0.1300E-02
   0.1212E+00    0    0    0    0    0    0    0    0    0    0    0    0    0    0    0    0    0    0    0    0     0  0.0000E+00
   0.1468E+00    0    0    0    0    0    0    0    0    0    0    0    0    0    0    0    0    0    0    0    0     0  0.0000E+00
   0.1778E+00    0    0    0    0    0    0    0    0    0    0    0    0    0    0    0    0    0    0    0    0     0  0.0000E+00
   0.2154E+00    0    0    0    0    0    0    0    0    0    0    0    0    0    0    0    0    0    0    0    0     0  0.0000E+00
   0.2610E+00    0    0    0    0    0    0    0    0    0    0    0    0    0    0    0    0    0    0    0    0     0  0.0000E+00
   0.3162E+00    0    0    0    0    0    0    0    0    0    0    0    0    0    0    0    0    0    0    0    0     0  0.0000E+00
   0.3831E+00    0    0    0    0    0    0    0    0    0    0    0    0    0    0    0    0    0    0    0    0     0  0.0000E+00
   0.4642E+00    0    0    0    0    0    0    0    0    0    0    0    0    0    0    0    0    0    0    0    0     0  0.0000E+00
   0.5623E+00    0    0    0    0    0    0    0    0    0    0    0    0    0    0    0    0    0    0    0    0     0  0.0000E+00
   0.6813E+00    0    0    0    0    0    0    0    0    0    0    0    0    0    0    0    0    0    0    0    0     0  0.0000E+00
   0.8254E+00    0    0    0    0    0    0    0    0    0    0    0    0    0    0    0    0    0    0    0    0     0  0.0000E+00
   0.1000E+01    0    0    0    0    0    0    0    0    0    0    0    0    0    0    0    0    0    0    0    0     0  0.0000E+00
   0.1212E+01    0    0    0    0    0    0    0    0    0    0    0    0    0    0    0    0    0    0    0    0     0  0.0000E+00
   0.1468E+01    0    0    0    0    0    0    0    0    0    0    0    0    0    0    0    0    0    0    0    0     0  0.0000E+00
   0.1778E+01    0    0    0    0    0    0    0    0    0    0    0    0    0    0    0    0    0    0    0    0     0  0.0000E+00
   0.2154E+01    0    0    0    0    0    0    0    0    0    0    0    0    0    0    0    0    0    0    0    0     0  0.0000E+00
   0.2610E+01    0    0    0    0    0    0    0    0    0    0    0    0    0    0    0    0    0    0    0    0     0  0.0000E+00
   0.3162E+01    0    0    0    0    0    0    0    0    0    0    0    0    0    0    0    0    0    0    0    0     0  0.0000E+00
   0.3831E+01    0    0    0    0    0    0    0    0    0    0    0    0    0    0    0    0    0    0    0    0     0  0.0000E+00
   0.4642E+01    0    0    0    0    0    0    0    0    0    0    0    0    0    0    0    0    0    0    0    0     0  0.0000E+00
   0.5623E+01    0    0    0    0    0    0    0    0    0    0    0    0    0    0    0    0    0    0    0    0     0  0.0000E+00
   0.6813E+01    0    0    0    0    0    0    0    0    0    0    0    0    0    0    0    0    0    0    0    0     0  0.0000E+00
   0.8254E+01    0    0    0    0    0    0    0    0    0    0    0    0    0    0    0    0    0    0    0    0     0  0.0000E+00
   0.1000E+02    0    0    0    0    0    0    0    0    0    0    0    0    0    0    0    0    0    0    0    0     0  0.0000E+00
   0.1212E+02    0    0    0    0    0    0    0    0    0    0    0    0    0    0    0    0    0    0    0    0     0  0.0000E+00
   0.1468E+02    0    0    0    0    0    0    0    0    0    0    0    0    0    0    0    0    0    0    0    0     0  0.0000E+00
   0.1778E+02    0    0    0    0    0    0    0    0    0    0    0    0    0    0    0    0    0    0    0    0     0  0.0000E+00
   0.2154E+02    0    0    0    0    0    0    0    0    0    0    0    0    0    0    0    0    0    0    0    0     0  0.0000E+00
   0.2610E+02    0    0    0    0    0    0    0    0    0    0    0    0    0    0    0    0    0    0    0    0     0  0.0000E+00
   0.3162E+02    0    0    0    0    0    0    0    0    0    0    0    0    0    0    0    0    0    0    0    0     0  0.0000E+00
   0.3831E+02    0    0    0    0    0    0    0    0    0    0    0    0    0    0    0    0    0    0    0    0     0  0.0000E+00
   0.4642E+02    0    0    0    0    0    0    0    0    0    0    0    0    0    0    0    0    0    0    0    0     0  0.0000E+00
   0.5623E+02    0    0    0    0    0    0    0    0    0    0    0    0    0    0    0    0    0    0    0    0     0  0.0000E+00
   0.6813E+02    0    0    0    0    0    0    0    0    0    0    0    0    0    0    0    0    0    0    0    0     0  0.0000E+00
   0.8254E+02    0    0    0    0    0    0    0    0    0    0    0    0    0    0    0    0    0    0    0    0     0  0.0000E+00
   0.1000E+03    0    0    0    0    0    0    0    0    0    0    0    0    0    0    0    0    0    0    0    0     0  0.0000E+00
   0.1212E+03    0    0    0    0    0    0    0    0    0    0    0    0    0    0    0    0    0    0    0    0     0  0.0000E+00
   0.1468E+03    0    0    0    0    0    0    0    0    0    0    0    0    0    0    0    0    0    0    0    0     0  0.0000E+00
   0.1778E+03    0    0    0    0    0    0    0    0    0    0    0    0    0    0    0    0    0    0    0    0     0  0.0000E+00
   0.2154E+03    0    0    0    0    0    0    0    0    0    0    0    0    0    0    0    0    0    0    0    0     0  0.0000E+00
   0.2610E+03    0    0    0    0    0    0    0    0    0    0    0    0    0    0    0    0    0    0    0    0     0  0.0000E+00
   0.3162E+03    0    0    0    0    0    0    0    0    0    0    0    0    0    0    0    0    0    0    0    0     0  0.0000E+00
   0.3831E+03    0    0    0    0    0    0    0    0    0    0    0    0    0    0    0    0    0    0    0    0     0  0.0000E+00
   0.4642E+03    0    0    0    0    0    0    0    0    0    0    0    0    0    0    0    0    0    0    0    0     0  0.0000E+00
   0.5623E+03    0    0    0    0    0    0    0    0    0    0    0    0    0    0    0    0    0    0    0    0     0  0.0000E+00
   0.6813E+03    0    0    0    0    0    0    0    0    0    0    0    0    0    0    0    0    0    0    0    0     0  0.0000E+00
   0.8254E+03    0    0    0    0    0    0    0    0    0    0    0    0    0    0    0    0    0    0    0    0     0  0.0000E+00
   0.1000E+04    0    0    0    0    0    0    0    0    0    0    0    0    0    0    0    0    0    0    0    0     0  0.0000E+00
   0.1212E+04    0    0    0    0    0    0    0    0    0    0    0    0    0    0    0    0    0    0    0    0     0  0.0000E+00
   0.1468E+04    0    0    0    0    0    0    0    0    0    0    0    0    0    0    0    0    0    0    0    0     0  0.0000E+00
   0.1778E+04    0    0    0    0    0    0    0    0    0    0    0    0    0    0    0    0    0    0    0    0     0  0.0000E+00
   0.2154E+04    0    0    0    0    0    0    0    0    0    0    0    0    0    0    0    0    0    0    0    0     0  0.0000E+00
   0.2610E+04    0    0    0    0    0    0    0    0    0    0    0    0    0    0    0    0    0    0    0    0     0  0.0000E+00
   0.3162E+04    0    0    0    0    0    0    0    0    0    0    0    0    0    0    0    0    0    0    0    0     0  0.0000E+00
   0.3831E+04    0    0    0    0    0    0    0    0    0    0    0    0    0    0    0    0    0    0    0    0     0  0.0000E+00
   0.4642E+04    0    0    0    0    0    0    0    0    0    0    0    0    0    0    0    0    0    0    0    0     0  0.0000E+00
   0.5623E+04    0    0    0    0    0    0    0    0    0    0    0    0    0    0    0    0    0    0    0    0     0  0.0000E+00
   0.6813E+04    0    0    0    0    0    0    0    0    0    0    0    0    0    0    0    0    0    0    0    0     0  0.0000E+00
   0.8254E+04    0    0    0    0    0    0    0    0    0    0    0    0    0    0    0    0    0    0    0    0     0  0.0000E+00
   0.1000E+05    0    0    0    0    0    0    0    0    0    0    0    0    0    0    0    0    0    0    0    0     0  0.0000E+00
   0.1212E+05    0    0    0    0    0    0    0    0    0    0    0    0    0    0    0    0    0    0    0    0     0  0.0000E+00
   0.1468E+05    0    0    0    0    0    0    0    0    0    0    0    0    0    0    0    0    0    0    0    0     0  0.0000E+00
   0.1778E+05    0    0    0    0    0    0    0    0    0    0    0    0    0    0    0    0    0    0    0    0     0  0.0000E+00
   0.2154E+05    0    0    0    0    0    0    0    0    0    0    0    0    0    0    0    0    0    0    0    0     0  0.0000E+00
   0.2610E+05    0    0    0    0    0    0    0    0    0    0    0    0    0    0    0    0    0    0    0    0     0  0.0000E+00
   0.3162E+05    0    0    0    0    0    0    0    0    0    0    0    0    0    0    0    0    0    0    0    0     0  0.0000E+00
   0.3831E+05    0    0    0    0    0    0    0    0    0    0    0    0    0    0    0    0    0    0    0    0     0  0.0000E+00
   0.4642E+05    0    0    0    0    0    0    0    0    0    0    0    0    0    0    0    0    0    0    0    0     0  0.0000E+00
   0.5623E+05    0    0    0    0    0    0    0    0    0    0    0    0    0    0    0    0    0    0    0    0     0  0.0000E+00
   0.6813E+05    0    0    0    0    0    0    0    0    0    0    0    0    0    0    0    0    0    0    0    0     0  0.0000E+00
   0.8254E+05    0    0    0    0    0    0    0    0    0    0    0    0    0    0    0    0    0    0    0    0     0  0.0000E+00
   0.1000E+06    0    0    0    0    0    0    0    0    0    0    0    0    0    0    0    0    0    0    0    0     0  0.0000E+00
   0.0000E+00  248  672 1138 1759 2290 2830 3478 4191 5012 5374 6399 7092 7680 8198 8414 8952 9355 97381051111168114499  0.0000E+00
1ENERGY(E/E0 IN %) - POLAR ANGLE IN COS-INTERVALS (0.05)  (BACKWARD SPUTTERED PARTICLES) , 1.LAYER , SPECIES 1

     0    1    2    3    4    5    6    7    8    9   10   11   12   13   14   15   16   17   18   19   20      0
     1   99  279  451  679  888 1040 1223 1483 1746 1856 2221 2480 2701 2926 3052 3344 3547 3791 4146 4510  42462
     2   18   42   65  125  137  202  267  305  393  407  526  559  604  668  667  665  679  663  724  715   8431
     3    5    6   27   36   52   68  108  138  152  186  196  206  214  234  229  219  235  211  219  216   2957
     4    2    3   17   17   30   37   54   67   88  108  100  111  142  102  117   96  103   95   89   63   1441
     5    0    2    4   10   17   25   30   35   49   52   56   66   64   74   61   57   53   45   34   42    776
     6    0    2    3    8   14    8   19   21   29   22   35   45   41   40   38   26   28   30   16   17    442
     7    0    2    0    2    3   11   12   16   18   20   23   28   32   22   18   26   11   20   14   12    290
     8    0    0    0    1    3    3    8   13   11   15   21   15   16   15    9   13    8    8    7    3    169
     9    0    0    0    1    1    7    8    5    5    9    9   15    9    4    4   16    9    5    2    2    111
    10    0    0    1    1    0    3    4    4    4    6    4    8    5    5    4    4    0    1    4    2     60
    11    0    0    1    0    0    5    0    2    4    3    3    4    2    5    2    3    2    0    0    1     37
    12    0    0    0    0    1    3    2    1    2    0    2    5    3    2    0    2    1    0    0    0     24
    13    0    0    0    0    0    1    2    2    2    0    0    0    2    0    1    2    1    0    0    0     13
    14    0    0    0    0    0    1    1    1    1    1    2    1    2    1    0    2    0    0    0    1     14
    15    0    0    0    0    0    0    1    2    1    1    1    2    3    1    1    0    0    0    0    0     13
    16    0    0    0    0    0    0    0    0    1    0    1    0    1    0    1    1    1    0    0    0      6
    17    0    0    0    0    0    1    0    0    0    1    0    0    0    0    1    0    0    1    0    0      4
    18    0    0    0    0    0    0    0    1    0    1    0    0    0    0    2    0    0    0    1    0      5
    19    0    0    0    0    0    0    0    0    0    0    0    0    0    0    0    0    0    0    0    0      0
    20    0    0    0    0    0    0    0    0    0    0    0    0    0    0    0    0    0    0    0    0      0
    21    0    0    0    0    0    0    0    0    0    0    0    1    0    0    0    0    0    0    0    0      1
    22    0    0    0    0    0    0    0    0    0    0    0    0    0    0    0    0    0    0    0    0      0
    23    0    0    0    0    0    0    0    0    0    0    0    0    0    0    0    0    0    0    0    0      0
    24    0    0    0    0    0    0    0    0    0    0    0    0    0    0    0    0    0    0    0    0      0
    25    0    0    0    0    0    0    0    0    0    0    0    0    0    0    0    0    0    0    0    0      0
    26    0    0    0    0    0    0    0    0    0    0    0    0    0    0    0    0    0    0    0    0      0
    27    0    0    0    0    0    0    0    0    0    0    0    0    0    0    0    0    0    0    0    0      0
    28    0    0    0    0    0    0    0    0    0    0    0    0    0    0    0    0    0    0    0    0      0
    29    0    0    0    0    0    0    0    0    0    0    0    0    0    0    0    0    0    0    0    0      0
    30    0    0    0    0    0    0    0    0    0    0    0    0    0    0    0    0    0    0    0    0      0
    31    0    0    0    0    0    0    0    0    0    0    0    0    0    0    0    0    0    0    0    0      0
    32    0    0    0    0    0    0    0    0    0    0    0    0    0    0    0    0    0    0    0    0      0
    33    0    0    0    0    0    0    0    0    0    0    0    0    0    0    0    0    0    0    0    0      0
    34    0    0    0    0    0    0    0    0    0    0    0    0    0    0    0    0    0    0    0    0      0
    35    0    0    0    0    0    0    0    0    0    0    0    0    0    0    0    0    0    0    0    0      0
    36    0    0    0    0    0    0    0    0    0    0    0    0    0    0    0    0    0    0    0    0      0
    37    0    0    0    0    0    0    0    0    0    0    0    0    0    0    0    0    0    0    0    0      0
    38    0    0    0    0    0    0    0    0    0    0    0    0    0    0    0    0    0    0    0    0      0
    39    0    0    0    0    0    0    0    0    0    0    0    0    0    0    0    0    0    0    0    0      0
    40    0    0    0    0    0    0    0    0    0    0    0    0    0    0    0    0    0    0    0    0      0
    41    0    0    0    0    0    0    0    0    0    0    0    0    0    0    0    0    0    0    0    0      0
    42    0    0    0    0    0    0    0    0    0    0    0    0    0    0    0    0    0    0    0    0      0
    43    0    0    0    0    0    0    0    0    0    0    0    0    0    0    0    0    0    0    0    0      0
    44    0    0    0    0    0    0    0    0    0    0    0    0    0    0    0    0    0    0    0    0      0
    45    0    0    0    0    0    0    0    0    0    0    0    0    0    0    0    0    0    0    0    0      0
    46    0    0    0    0    0    0    0    0    0    0    0    0    0    0    0    0    0    0    0    0      0
    47    0    0    0    0    0    0    0    0    0    0    0    0    0    0    0    0    0    0    0    0      0
    48    0    0    0    0    0    0    0    0    0    0    0    0    0    0    0    0    0    0    0    0      0
    49    0    0    0    0    0    0    0    0    0    0    0    0    0    0    0    0    0    0    0    0      0
    50    0    0    0    0    0    0    0    0    0    0    0    0    0    0    0    0    0    0    0    0      0
    51    0    0    0    0    0    0    0    0    0    0    0    0    0    0    0    0    0    0    0    0      0
    52    0    0    0    0    0    0    0    0    0    0    0    0    0    0    0    0    0    0    0    0      0
    53    0    0    0    0    0    0    0    0    0    0    0    0    0    0    0    0    0    0    0    0      0
    54    0    0    0    0    0    0    0    0    0    0    0    0    0    0    0    0    0    0    0    0      0
    55    0    0    0    0    0    0    0    0    0    0    0    0    0    0    0    0    0    0    0    0      0
    56    0    0    0    0    0    0    0    0    0    0    0    0    0    0    0    0    0    0    0    0      0
    57    0    0    0    0    0    0    0    0    0    0    0    0    0    0    0    0    0    0    0    0      0
    58    0    0    0    0    0    0    0    0    0    0    0    0    0    0    0    0    0    0    0    0      0
    59    0    0    0    0    0    0    0    0    0    0    0    0    0    0    0    0    0    0    0    0      0
    60    0    0    0    0    0    0    0    0    0    0    0    0    0    0    0    0    0    0    0    0      0
    61    0    0    0    0    0    0    0    0    0    0    0    0    0    0    0    0    0    0    0    0      0
    62    0    0    0    0    0    0    0    0    0    0    0    0    0    0    0    0    0    0    0    0      0
    63    0    0    0    0    0    0    0    0    0    0    0    0    0    0    0    0    0    0    0    0      0
    64    0    0    0    0    0    0    0    0    0    0    0    0    0    0    0    0    0    0    0    0      0
    65    0    0    0    0    0    0    0    0    0    0    0    0    0    0    0    0    0    0    0    0      0
    66    0    0    0    0    0    0    0    0    0    0    0    0    0    0    0    0    0    0    0    0      0
    67    0    0    0    0    0    0    0    0    0    0    0    0    0    0    0    0    0    0    0    0      0
    68    0    0    0    0    0    0    0    0    0    0    0    0    0    0    0    0    0    0    0    0      0
    69    0    0    0    0    0    0    0    0    0    0    0    0    0    0    0    0    0    0    0    0      0
    70    0    0    0    0    0    0    0    0    0    0    0    0    0    0    0    0    0    0    0    0      0
    71    0    0    0    0    0    0    0    0    0    0    0    0    0    0    0    0    0    0    0    0      0
    72    0    0    0    0    0    0    0    0    0    0    0    0    0    0    0    0    0    0    0    0      0
    73    0    0    0    0    0    0    0    0    0    0    0    0    0    0    0    0    0    0    0    0      0
    74    0    0    0    0    0    0    0    0    0    0    0    0    0    0    0    0    0    0    0    0      0
    75    0    0    0    0    0    0    0    0    0    0    0    0    0    0    0    0    0    0    0    0      0
    76    0    0    0    0    0    0    0    0    0    0    0    0    0    0    0    0    0    0    0    0      0
    77    0    0    0    0    0    0    0    0    0    0    0    0    0    0    0    0    0    0    0    0      0
    78    0    0    0    0    0    0    0    0    0    0    0    0    0    0    0    0    0    0    0    0      0
    79    0    0    0    0    0    0    0    0    0    0    0    0    0    0    0    0    0    0    0    0      0
    80    0    0    0    0    0    0    0    0    0    0    0    0    0    0    0    0    0    0    0    0      0
    81    0    0    0    0    0    0    0    0    0    0    0    0    0    0    0    0    0    0    0    0      0
    82    0    0    0    0    0    0    0    0    0    0    0    0    0    0    0    0    0    0    0    0      0
    83    0    0    0    0    0    0    0    0    0    0    0    0    0    0    0    0    0    0    0    0      0
    84    0    0    0    0    0    0    0    0    0    0    0    0    0    0    0    0    0    0    0    0      0
    85    0    0    0    0    0    0    0    0    0    0    0    0    0    0    0    0    0    0    0    0      0
    86    0    0    0    0    0    0    0    0    0    0    0    0    0    0    0    0    0    0    0    0      0
    87    0    0    0    0    0    0    0    0    0    0    0    0    0    0    0    0    0    0    0    0      0
    88    0    0    0    0    0    0    0    0    0    0    0    0    0    0    0    0    0    0    0    0      0
    89    0    0    0    0    0    0    0    0    0    0    0    0    0    0    0    0    0    0    0    0      0
    90    0    0    0    0    0    0    0    0    0    0    0    0    0    0    0    0    0    0    0    0      0
    91    0    0    0    0    0    0    0    0    0    0    0    0    0    0    0    0    0    0    0    0      0
    92    0    0    0    0    0    0    0    0    0    0    0    0    0    0    0    0    0    0    0    0      0
    93    0    0    0    0    0    0    0    0    0    0    0    0    0    0    0    0    0    0    0    0      0
    94    0    0    0    0    0    0    0    0    0    0    0    0    0    0    0    0    0    0    0    0      0
    95    0    0    0    0    0    0    0    0    0    0    0    0    0    0    0    0    0    0    0    0      0
    96    0    0    0    0    0    0    0    0    0    0    0    0    0    0    0    0    0    0    0    0      0
    97    0    0    0    0    0    0    0    0    0    0    0    0    0    0    0    0    0    0    0    0      0
    98    0    0    0    0    0    0    0    0    0    0    0    0    0    0    0    0    0    0    0    0      0
    99    0    0    0    0    0    0    0    0    0    0    0    0    0    0    0    0    0    0    0    0      0
   100    0    0    0    0    0    0    0    0    0    0    0    0    0    0    0    0    0    0    0    0      0
     0  124  336  569  880 1146 1415 1739 2096 2506 2688 3200 3546 3841 4099 4207 4476 4678 4870 5256 5584  57256
1AZIMUTHAL ANGLE - POLAR ANGLE IN COS-INTERVALS (0.05) (BACKWARD SPUTTERED PARTICLES) , 1.LAYER , SPECIES 1

     0    1    2    3    4    5    6    7    8    9   10   11   12   13   14   15   16   17   18   19   20      0
     3    0   11    8    9   21   21   26   27   33   51   51   52   65   62   69   75   83   68  101   91    924
     6    3    3   16   16   18   22   26   36   43   46   61   64   77   73   55   76   72   83   90  101    981
     9    1    5    8   10   25   18   28   27   42   49   52   71   60   55   62   60   78   94   88   91    924
    12    2    7    9   16   21   31   31   34   37   51   58   62   65   49   67   79  104   68   96   94    981
    15    1    4    7   12   19   22   33   42   52   37   54   56   59   69   63   73   74   79   76   86    918
    18    6    5   13   17   18   28   22   38   37   49   48   58   52   59   61   84   86   71   90   94    936
    21    3    6    8   14   15   18   28   37   59   41   54   68   59   69   70   61   84   97   64   82    937
    24    2    9    7   13   12   36   31   27   55   48   61   65   42   68   51   85   88   95   81  113    989
    27    0    1   13   13   17   20   28   38   65   48   56   61   60   71   74   63   74   72   95  110    979
    30    1    5    9   14   21   36   30   38   52   51   57   57   75   72   65   68   94   80   92  105   1022
    33    5    5    9   13   24   19   32   34   40   33   50   56   40   72   71   93   90   79   92   91    948
    36    5    5    8   10   18   23   28   39   43   47   52   72   71   66   73   84   72   81   85   80    962
    39    3    4   13   20   22   26   27   29   32   48   65   72   50   70   80   78   70   81  101  100    991
    42    0    6    5   11   19   29   34   35   34   45   52   62   65   72   68   86   67   68   92  106    956
    45    0    3   12   11   13   30   34   23   42   44   46   55   52   56   68   75   83   84   86   93    910
    48    1   10   14   12   15   15   29   29   43   49   49   51   64   82   67   79   80   90   82   73    934
    51    2    4    5   17   19   26   28   32   35   50   48   51   62   90   74   80   78   69   88  100    958
    54    1    9    9   14   24   23   24   37   43   51   51   61   66   70   62   78   86   78   84   77    948
    57    0    6    5   15   17   13   28   33   37   48   59   68   81   69   72   56   70   77   79  115    948
    60    6    3    4   20   21   27   32   32   40   49   48   59   71   66   74   78   72   85   83   75    945
    63    3    3   10   16   23   24   23   28   40   47   41   63   62   74   73   91   83  102   78   99    983
    66    2   11    7   14   19   25   31   39   29   41   48   73   43   47   76   65   74   64   84  106    898
    69    0    8    8   17   20   17   32   43   42   40   60   50   56   62   61   78   67   72   82   94    909
    72    0    4    7   14   25   33   20   30   30   35   41   55   67   61   74   71   79  107   90   89    932
    75    2    9   10   17   25   26   30   43   36   39   58   68   63   62   61   73   75   69   87   84    937
    78    0    1   16   15   20   15   43   35   37   42   60   58   71   63   82   66   77   86   86   87    960
    81    1    1   17   19   15   33   32   30   38   58   72   55   63   65   72   71   71   93   87   95    988
    84    2    8   12   14   18   19   32   37   47   48   51   41   67   71   72   73   81   74   79   78    924
    87    3    9    5   21   19   19   32   29   30   46   46   68   60   80   78   70   79   82   70   87    933
    90    0    5    7   18   20   27   26   46   46   46   60   59   57   68   72   69   90   88   75   90    969
    93    2    5    7   13   14   16   34   36   40   56   39   49   48   73   67   71   95   83  109   93    950
    96    4    9    6   15   12   14   21   32   27   47   55   66   57   72   68   58   81   72  102  100    918
    99    5    7   12   12   21   22   24   39   40   41   58   44   65   70   63   73   81   80   95   82    934
   102    0    3   10   20   23   27   34   36   47   37   63   72   71   71   83   77   69   81   87   96   1007
   105    1    5   13   13   13   32   31   35   43   38   56   59   62   76   70   67   84   88  101  111    998
   108    2    4   11   19   11   23   30   37   41   48   44   65   63   63   77   84   82   77  107   81    969
   111    1    6    7   11   22   23   27   40   25   42   56   63   53   62   64   80   61   76   84   93    896
   114    0    5    6   16   21   24   22   45   37   41   51   60   67   76   72   71   74  108  102  102   1000
   117    4    5   13   14   19   28   30   34   36   33   41   65   52   66   75   87   73   89  105   91    960
   120    6    8    5   24   18   26   35   32   37   52   64   57   69   63   81   72   72   84   74  103    982
   123    2    5    9   14   13   21   31   34   37   40   59   56   66   79   76   74   82   88   88   69    943
   126    3    4   14   15   25   20   26   33   44   46   47   80   74   76   74   82   84   68   80   87    982
   129    1    1   10   12   15   22   31   41   49   44   60   58   69   47   61   79   81   82   87  103    953
   132    1    5   13   15   25   27   26   27   48   41   63   62   60   72   74   66   61   84   73  100    943
   135    1    7   18   10   17   17   25   33   41   38   54   52   65   64   65   79   75   75   74  104    914
   138    1    5   10   13   28   31   31   36   50   40   68   52   74   67   67   78   74   80   98   81    984
   141    2    5   10   15   19   19   32   45   51   41   52   67   73   60   79   83   68   73   85   84    963
   144    2    1   14   20   20   30   29   30   45   50   53   53   85   75   69   72   75   79   88  100    990
   147    3    7    6   13   13   20   27   34   42   35   38   49   56   58   86   80   68   82   95   98    910
   150    2    7    7   17   18   16   25   40   41   37   37   52   69   84   72   76   80   87   93  106    966
   153    2    5    9   10   21   22   28   42   44   55   63   47   63   67   71   73   79   76   91   92    960
   156    4    5    9   12   21   29   29   32   39   43   67   64   74  110   63   71   69   92   87  102   1022
   159    5    8   12   13   23   25   26   31   44   40   42   47   72   81   61   85   82   74   83   81    935
   162    2    7    5   10   16   28   34   30   49   41   53   62   73   66   62   74   73   90   85  100    960
   165    1    6   11   11   18   15   31   33   48   43   53   72   52   63   87   56   88   72   92   82    934
   168    0    7    8   18   19   27   30   37   40   55   45   59   71   67   83   66   79   79   85   84    959
   171    4    7    9   21   19   22   23   44   45   49   56   58   63   66   76   82   77   81   85   98    985
   174    4    8    7   13   16   21   27   35   41   51   48   43   78   67   59   73   67   70   95  105    928
   177    2    5    8   15   22   17   35   29   44   45   56   48   81   73   62   70   80   80   77   82    931
   180    2    4    9   14   21   30   25   37   52   42   50   54   71   52   73   79   83   84   86   88    956
     0  124  336  569  880 1146 1415 1739 2096 2506 2688 3200 3546 3841 4099 4207 4476 4678 4870 5256 5584  57256
