1
      *** PROGRAM TRVMC95 ***


                              * INPUT DATA *


       Z1        M1          E0       ALPHA       EF        ESB      SHEATH     ERC
     18.00     39.95      2130.00      0.00      0.10      0.00   6390.00      4.70

       NH        RI           X0        RD        CW        CA       KK0   KK0R   KDEE1  KDEE2  IPOT   IPOTR   IRL
     99999 716381.00         0.00    100.00      2.00      1.00       2      2      3      3      1      1      3


             DX      RHO    CK  Z(,1) Z(,2) Z(,3) Z(,4) Z(,5)  M(,1)  M(,2)  M(,3)  M(,4)  M(,5) C(,1) C(,2) C(,3) C(,4) C(,5)

 1.LAYER 10000.00   2.25   1.00    6.    0.    0.    0.    0.  12.01   0.00   0.00   0.00   0.00 1.000 0.000 0.000 0.000 0.000


                           ***  SBE(LAYER,ELEMENT)  ***     ***     ED(LAYER,ELEMENT)     ***     ***   BE(LAYER,ELEMENT)  ***

 1.LAYER                   7.41  0.00  0.00  0.00  0.00     30.00   0.00   0.00   0.00   0.00     0.10  0.00  0.00  0.00  0.00


       INTERACTION POTENTIAL : PROJECTILE-TARGET : KR-C POTENTIAL     TARGET-TARGET : KR-C POTENTIAL    


       INELASTIC LOSS MODEL  : PROJECTILE-TARGET : 50% LS 50% OR      TARGET-TARGET : 50% LS 50% OR     
1

                              * OUTPUT DATA *


                 HLM       HLMT        SU       SUT        XC        RT       SFE      INEL         L        LJ
               0.0000 10000.000    3.5029 10003.503   -3.5029  9900.000      7.41         0         1         1


                NPROJ       KIB       KIT      MAXA      NALL       NPA       NSA       KIS      KIST
                40461         0         0       285  40091641   2252072  22390562     94020         0


            EPS0(I)       Z2(I)       M2(I)     ARHO(I)       LM(I)     PMAX(I)     ASIG(I)       SB(I)       XX(I)        NJ(I)

 1.LAYER   0.4177E-01  0.6000E+01  0.1201E+02  0.1128E+00  0.2070E+01  0.1168E+01  0.2335E+00  0.7410E+01  0.1000E+05         1


             A1(1)   A1(2)   A1(3)   A1(4)   A1(5)   A1(6)   A1(7)   A1(8)   A1(9)  A1(10)  A1(11)  A1(12)  A1(13)  A1(14)  A1(15)

           0.13193


           KOR1(1) KOR1(2) KOR1(3) KOR1(4) KOR1(5) KOR1(6) KOR1(7) KOR1(8) KOR1(9) KOR1(A) KOR1(B) KOR1(C) KOR1(D) KOR1(E) KOR1(F)

           0.73577


            A(I,1)  A(I,2)  A(I,3)  A(I,4)  A(I,5)  A(I,6)  A(I,7)  A(I,8)  A(I,9) A(I,10) A(I,11) A(I,12) A(I,13) A(I,14) A(I,15)

           0.16242


           KOR(,1) KOR(,2) KOR(,3) KOR(,4) KOR(,5) KOR(,6) KOR(,7) KOR(,8) KOR(,9) KOR(,A) KOR(,B) KOR(,C) KOR(,D) KOR(,E) KOR(,F)

           0.46963
1

         IMPLANTED PARTICLES=  99999     ENERGY=0.2130E+09 EV
     BACKSCATTERED PARTICLES=      0     ENERGY=0.0000E+00 EV
       TRANSMITTED PARTICLES=      0     ENERGY=0.0000E+00 EV
     BACKSPUTTERED PARTICLES=  46868     ENERGY=0.1076E+07 EV
    TRANSM. SPUTT. PARTICLES=      0     ENERGY=0.0000E+00 EV


  PROJECTILES :   MEAN NUMBER OF ELASTIC COLLISIONS =     24.2   MEAN NUMBER OF EL.COLL.(E > EDISPL.) =   10.827
                                                                 MEAN NUMBER OF EL.COLL.(E > SB(1))   =   20.676

                       MEAN        VARIANCE      SKEWNESS      KURTOSIS        SIGMA       ERROR 1.M     ERROR 2.M     ERROR 3.M 
  PENETRATION       4.1310E+01    1.5655E+02    4.1199E-01    2.9992E+00    1.2512E+01    3.9566E-02    6.9997E-01    7.3516E-03
       SPREAD       1.3713E+01    5.6540E+01    7.6612E-01    3.5692E+00    7.5193E+00    2.3778E-02    2.8658E-01    8.8695E-03
   PATHLENGTH       4.8145E+01    1.7557E+02    3.5674E-01    2.9138E+00    1.3250E+01    4.1901E-02    7.6807E-01    6.9738E-03
 ELASTIC LOSS       2.0007E+03    1.8782E+03                                4.3338E+01    4.3339E-04
   INEL. LOSS       1.2926E+02    1.8782E+03                                4.3338E+01    4.3339E-04

                       MEAN        VARIANCE      SKEWNESS      KURTOSIS        SIGMA       ERROR 1.M     ERROR 2.M     ERROR 3.M 
   ELAST.LOSS       7.9557E+01    2.3098E+04    4.0985E+00    2.3996E+01    1.5198E+02    9.7718E-02    7.1216E+01    6.2352E-03
 WEAK EL.LOSS       3.1544E+00    6.3735E+00    1.1796E+00    3.8941E+00    2.5246E+00    1.6232E-03    6.9715E-03    1.3600E-03
 INELAST.LOSS       5.3434E+00    1.0344E+01    1.9095E-02    1.9225E+00    3.2163E+00    2.0679E-03    6.3883E-03    9.7846E-04
  SUBTHR.LOSS       1.3152E+01    5.6029E+01    3.9411E-01    2.2677E+00    7.4852E+00    6.4753E-03    5.4572E-02    1.2619E-03

                     1.MOMENT      2.MOMENT      3.MOMENT      4.MOMENT      5.MOMENT      6.MOMENT 
  PENETRATION       4.1310E+01    1.8630E+03    9.0703E+04    4.7219E+06    2.6077E+08    1.5178E+10



  RECOILES (PER PROJ.)   :   MEAN NUMBER OF ELASTIC COLLISIONS =    395.0   MEAN NUMBER OF EL.COLL.(E > EDISPL.) =     18.921
                                                                            MEAN NUMBER OF EL.COLL.(E > SB(1))   =    122.464

  RECOILES (PER KNOCKON) :   MEAN NUMBER OF ELASTIC COLLISIONS =    1.603   MEAN NUMBER OF EL.COLL.(E > EDISPL.) =      0.077
                                                                            MEAN NUMBER OF EL.COLL.(E > SB(1))   =      0.497

1


     DEPTH(A)  PARTICLES  NORM.DEPTH PATHLENGTH   INLOSS(EV)  TELOSS(EV)  ELLOSS(EV)  DAMAGE(EV)  PHONON(EV)  CASCAD(EV)     DPA

    -SU-    0.         0  0.0000E+00
     0.-    2.         0  0.0000E+00         0    9.2176E+05  1.2297E+07  1.2178E+07  1.1588E+07  5.9044E+05  9.6408E+06   44452
     2.-    4.         0  0.0000E+00         0    9.1571E+05  1.2076E+07  1.1947E+07  1.1348E+07  5.9942E+05  9.4553E+06   45384
     4.-    6.         0  0.0000E+00         0    8.8738E+05  1.1888E+07  1.1746E+07  1.1138E+07  6.0780E+05  9.2993E+06   47011
     6.-    8.         2  0.2000E-04         0    8.5768E+05  1.1842E+07  1.1686E+07  1.1064E+07  6.2189E+05  9.2500E+06   48329
     8.-   10.        10  0.1000E-03         0    8.2376E+05  1.1519E+07  1.1346E+07  1.0704E+07  6.4108E+05  8.9675E+06   49383
    10.-   12.        64  0.6400E-03         0    7.9030E+05  1.1220E+07  1.1025E+07  1.0370E+07  6.5528E+05  8.7051E+06   50954
    12.-   14.       170  0.1700E-02         9    7.5274E+05  1.0981E+07  1.0763E+07  1.0088E+07  6.7489E+05  8.4811E+06   51948
    14.-   16.       386  0.3860E-02        37    7.1894E+05  1.0754E+07  1.0506E+07  9.8056E+06  7.0065E+05  8.2607E+06   53561
    16.-   18.       720  0.7200E-02       106    6.8123E+05  1.0448E+07  1.0170E+07  9.4461E+06  7.2437E+05  7.9718E+06   54629
    18.-   20.      1274  0.1274E-01       274    6.3813E+05  9.9746E+06  9.6674E+06  8.9123E+06  7.5509E+05  7.5336E+06   54416
    20.-   22.      1854  0.1854E-01       522    5.9648E+05  9.5215E+06  9.1851E+06  8.4052E+06  7.7993E+05  7.1175E+06   54221
    22.-   24.      2571  0.2571E-01       901    5.5312E+05  9.0241E+06  8.6637E+06  7.8686E+06  7.9507E+05  6.6759E+06   53535
    24.-   26.      3295  0.3295E-01      1388    5.0869E+05  8.4244E+06  8.0456E+06  7.2336E+06  8.1199E+05  6.1465E+06   51908
    26.-   28.      4087  0.4087E-01      1935    4.6371E+05  7.8312E+06  7.4391E+06  6.6277E+06  8.1140E+05  5.6401E+06   49746
    28.-   30.      4796  0.4796E-01      2629    4.1942E+05  7.2444E+06  6.8452E+06  6.0426E+06  8.0262E+05  5.1489E+06   47223
    30.-   32.      5345  0.5345E-01      3410    3.7499E+05  6.6260E+06  6.2297E+06  5.4510E+06  7.7868E+05  4.6500E+06   44148
    32.-   34.      5689  0.5689E-01      3872    3.3129E+05  5.9180E+06  5.5312E+06  4.7873E+06  7.4394E+05  4.0909E+06   40832
    34.-   36.      6111  0.6111E-01      4653    2.9074E+05  5.2792E+06  4.9048E+06  4.1977E+06  7.0706E+05  3.5910E+06   37124
    36.-   38.      6254  0.6254E-01      5099    2.5122E+05  4.6308E+06  4.2788E+06  3.6236E+06  6.5517E+05  3.1039E+06   33202
    38.-   40.      6239  0.6239E-01      5397    2.1552E+05  4.0701E+06  3.7422E+06  3.1377E+06  6.0452E+05  2.6903E+06   29495
    40.-   42.      6180  0.6180E-01      5806    1.8311E+05  3.4799E+06  3.1777E+06  2.6270E+06  5.5078E+05  2.2553E+06   25837
    42.-   44.      5967  0.5967E-01      5715    1.5330E+05  2.9500E+06  2.6784E+06  2.1871E+06  4.9136E+05  1.8798E+06   22222
    44.-   46.      5454  0.5454E-01      5638    1.2687E+05  2.4961E+06  2.2549E+06  1.8255E+06  4.2946E+05  1.5699E+06   18954
    46.-   48.      5084  0.5084E-01      5536    1.0382E+05  2.0515E+06  1.8404E+06  1.4617E+06  3.7873E+05  1.2583E+06   15674
    48.-   50.      4628  0.4628E-01      5284    8.3990E+04  1.6781E+06  1.4963E+06  1.1710E+06  3.2528E+05  1.0091E+06   12957
    50.-   52.      4248  0.4248E-01      5256    6.7180E+04  1.3515E+06  1.1973E+06  9.2208E+05  2.7517E+05  7.9562E+05   10545
    52.-   54.      3662  0.3662E-01      4921    5.3137E+04  1.0805E+06  9.5207E+05  7.2254E+05  2.2953E+05  6.2354E+05    8381
    54.-   56.      3092  0.3092E-01      4544    4.1233E+04  8.4779E+05  7.4231E+05  5.5598E+05  1.8633E+05  4.8023E+05    6632
    56.-   58.      2720  0.2720E-01      4234    3.1892E+04  6.6481E+05  5.7863E+05  4.2539E+05  1.5324E+05  3.6771E+05    5162
    58.-   60.      2183  0.2183E-01      3894    2.4212E+04  5.1843E+05  4.4992E+05  3.2845E+05  1.2147E+05  2.8392E+05    4024
    60.-   62.      1799  0.1799E-01      3422    1.8282E+04  3.8424E+05  3.2985E+05  2.3363E+05  9.6213E+04  2.0240E+05    3047
    62.-   64.      1497  0.1497E-01      2913    1.3477E+04  2.9080E+05  2.4859E+05  1.7418E+05  7.4411E+04  1.5096E+05    2293
    64.-   66.      1184  0.1184E-01      2367    9.8174E+03  2.1461E+05  1.8257E+05  1.2692E+05  5.5646E+04  1.1001E+05    1676
    66.-   68.       921  0.9210E-02      1870    6.8950E+03  1.4960E+05  1.2596E+05  8.4505E+04  4.1458E+04  7.3399E+04    1187
    68.-   70.       662  0.6620E-02      1876    4.9337E+03  1.0812E+05  9.0562E+04  5.9537E+04  3.1025E+04  5.1702E+04     825
    70.-   72.       543  0.5430E-02      1597    3.5037E+03  8.0331E+04  6.7254E+04  4.4478E+04  2.2777E+04  3.8584E+04     607
    72.-   74.       411  0.4110E-02      1219    2.3651E+03  5.3124E+04  4.3980E+04  2.7936E+04  1.6044E+04  2.4280E+04     396
    74.-   76.       283  0.2830E-02       971    1.5981E+03  3.5564E+04  2.9222E+04  1.7549E+04  1.1672E+04  1.5234E+04     249
    76.-   78.       189  0.1890E-02       757    1.0899E+03  2.4993E+04  2.0375E+04  1.2197E+04  8.1779E+03  1.0616E+04     185
    78.-   80.       144  0.1440E-02       583    6.8757E+02  1.5879E+04  1.2996E+04  7.9563E+03  5.0397E+03  6.9260E+03     123
    80.-   82.        91  0.9100E-03       403    4.5699E+02  1.0585E+04  8.5554E+03  4.9907E+03  3.5647E+03  4.3506E+03      80
    82.-   84.        64  0.6400E-03       310    2.6624E+02  6.6018E+03  5.3383E+03  3.2019E+03  2.1364E+03  2.7922E+03      49
    84.-   86.        50  0.5000E-03       227    1.8007E+02  4.3386E+03  3.4741E+03  1.8374E+03  1.6367E+03  1.6046E+03      31
    86.-   88.        32  0.3200E-03       128    9.9920E+01  2.3723E+03  1.8749E+03  1.0256E+03  8.4924E+02  8.9952E+02      19
    88.-   90.         9  0.9000E-04       115    6.2241E+01  1.4181E+03  1.1159E+03  5.4741E+02  5.6847E+02  4.7473E+02       7
    90.-   92.        20  0.2000E-03        73    3.4995E+01  7.5884E+02  5.5963E+02  2.2761E+02  3.3201E+02  2.0049E+02       5
    92.-   94.         5  0.5000E-04        44    1.6756E+01  2.9168E+02  2.0268E+02  7.5613E+01  1.2706E+02  6.6871E+01       2
    94.-   96.         6  0.6000E-04        28    1.7448E+01  3.1580E+02  2.3450E+02  0.0000E+00  2.3450E+02  0.0000E+00       0
    96.-   98.         2  0.2000E-04        15    7.2019E+00  1.0823E+02  8.7263E+01  4.7629E+01  3.9634E+01  4.1932E+01       1
    98.-  100.         0  0.0000E+00        12    6.4044E+00  1.3191E+02  1.0547E+02  6.9005E+01  3.6464E+01  6.0285E+01       1
   100.-  102.         0  0.0000E+00         2    4.0240E+00  6.1478E+01  5.3261E+01  4.5286E+01  7.9757E+00  3.9909E+01       1
   102.-  104.         1  0.1000E-04         3    3.6661E+00  1.4932E+02  1.3705E+02  1.2000E+02  1.7052E+01  1.0355E+02       1
   104.-  106.         0  0.0000E+00         1    1.8823E+00  2.7902E+01  2.3239E+01  0.0000E+00  2.3239E+01  0.0000E+00       0
   106.-  108.         0  0.0000E+00         0    1.5778E+00  5.9599E+01  5.6370E+01  5.6370E+01  0.0000E+00  4.9456E+01       1
   108.-  110.         0  0.0000E+00         1    9.5730E-01  1.9232E+01  1.3599E+01  0.0000E+00  1.3599E+01  0.0000E+00       0
   110.-  112.         0  0.0000E+00         0    6.7626E-01  1.1729E+01  6.4829E+00  0.0000E+00  6.4829E+00  0.0000E+00       0
   112.-  114.         1  0.1000E-04         1    3.9457E-01  1.3066E+01  9.0166E+00  0.0000E+00  9.0166E+00  0.0000E+00       0
   114.-  116.         0  0.0000E+00         0    1.7366E-02  1.7763E-01  1.3690E-01  0.0000E+00  1.3690E-01  0.0000E+00       0
   116.-  118.         0  0.0000E+00         1    0.0000E+00  0.0000E+00  0.0000E+00  0.0000E+00  0.0000E+00  0.0000E+00       0
   118.-  120.         0  0.0000E+00         0    0.0000E+00  0.0000E+00  0.0000E+00  0.0000E+00  0.0000E+00  0.0000E+00       0
   120.-  122.         0  0.0000E+00         0    0.0000E+00  0.0000E+00  0.0000E+00  0.0000E+00  0.0000E+00  0.0000E+00       0
   122.-  124.         0  0.0000E+00         0    0.0000E+00  0.0000E+00  0.0000E+00  0.0000E+00  0.0000E+00  0.0000E+00       0
   124.-  126.         0  0.0000E+00         0    0.0000E+00  0.0000E+00  0.0000E+00  0.0000E+00  0.0000E+00  0.0000E+00       0
   126.-  128.         0  0.0000E+00         0    0.0000E+00  0.0000E+00  0.0000E+00  0.0000E+00  0.0000E+00  0.0000E+00       0
   128.-  130.         0  0.0000E+00         0    0.0000E+00  0.0000E+00  0.0000E+00  0.0000E+00  0.0000E+00  0.0000E+00       0
   130.-  132.         0  0.0000E+00         0    0.0000E+00  0.0000E+00  0.0000E+00  0.0000E+00  0.0000E+00  0.0000E+00       0
   132.-  134.         0  0.0000E+00         0    0.0000E+00  0.0000E+00  0.0000E+00  0.0000E+00  0.0000E+00  0.0000E+00       0
   134.-  136.         0  0.0000E+00         0    0.0000E+00  0.0000E+00  0.0000E+00  0.0000E+00  0.0000E+00  0.0000E+00       0
   136.-  138.         0  0.0000E+00         0    0.0000E+00  0.0000E+00  0.0000E+00  0.0000E+00  0.0000E+00  0.0000E+00       0
   138.-  140.         0  0.0000E+00         0    0.0000E+00  0.0000E+00  0.0000E+00  0.0000E+00  0.0000E+00  0.0000E+00       0
   140.-  142.         0  0.0000E+00         0    0.0000E+00  0.0000E+00  0.0000E+00  0.0000E+00  0.0000E+00  0.0000E+00       0
   142.-  144.         0  0.0000E+00         0    0.0000E+00  0.0000E+00  0.0000E+00  0.0000E+00  0.0000E+00  0.0000E+00       0
   144.-  146.         0  0.0000E+00         0    0.0000E+00  0.0000E+00  0.0000E+00  0.0000E+00  0.0000E+00  0.0000E+00       0
   146.-  148.         0  0.0000E+00         0    0.0000E+00  0.0000E+00  0.0000E+00  0.0000E+00  0.0000E+00  0.0000E+00       0
   148.-  150.         0  0.0000E+00         0    0.0000E+00  0.0000E+00  0.0000E+00  0.0000E+00  0.0000E+00  0.0000E+00       0
   150.-  152.         0  0.0000E+00         0    0.0000E+00  0.0000E+00  0.0000E+00  0.0000E+00  0.0000E+00  0.0000E+00       0
   152.-  154.         0  0.0000E+00         0    0.0000E+00  0.0000E+00  0.0000E+00  0.0000E+00  0.0000E+00  0.0000E+00       0
   154.-  156.         0  0.0000E+00         0    0.0000E+00  0.0000E+00  0.0000E+00  0.0000E+00  0.0000E+00  0.0000E+00       0
   156.-  158.         0  0.0000E+00         0    0.0000E+00  0.0000E+00  0.0000E+00  0.0000E+00  0.0000E+00  0.0000E+00       0
   158.-  160.         0  0.0000E+00         0    0.0000E+00  0.0000E+00  0.0000E+00  0.0000E+00  0.0000E+00  0.0000E+00       0
   160.-  162.         0  0.0000E+00         0    0.0000E+00  0.0000E+00  0.0000E+00  0.0000E+00  0.0000E+00  0.0000E+00       0
   162.-  164.         0  0.0000E+00         0    0.0000E+00  0.0000E+00  0.0000E+00  0.0000E+00  0.0000E+00  0.0000E+00       0
   164.-  166.         0  0.0000E+00         0    0.0000E+00  0.0000E+00  0.0000E+00  0.0000E+00  0.0000E+00  0.0000E+00       0
   166.-  168.         0  0.0000E+00         0    0.0000E+00  0.0000E+00  0.0000E+00  0.0000E+00  0.0000E+00  0.0000E+00       0
   168.-  170.         0  0.0000E+00         0    0.0000E+00  0.0000E+00  0.0000E+00  0.0000E+00  0.0000E+00  0.0000E+00       0
   170.-  172.         0  0.0000E+00         0    0.0000E+00  0.0000E+00  0.0000E+00  0.0000E+00  0.0000E+00  0.0000E+00       0
   172.-  174.         0  0.0000E+00         0    0.0000E+00  0.0000E+00  0.0000E+00  0.0000E+00  0.0000E+00  0.0000E+00       0
   174.-  176.         0  0.0000E+00         0    0.0000E+00  0.0000E+00  0.0000E+00  0.0000E+00  0.0000E+00  0.0000E+00       0
   176.-  178.         0  0.0000E+00         0    0.0000E+00  0.0000E+00  0.0000E+00  0.0000E+00  0.0000E+00  0.0000E+00       0
   178.-  180.         0  0.0000E+00         0    0.0000E+00  0.0000E+00  0.0000E+00  0.0000E+00  0.0000E+00  0.0000E+00       0
   180.-  182.         0  0.0000E+00         0    0.0000E+00  0.0000E+00  0.0000E+00  0.0000E+00  0.0000E+00  0.0000E+00       0
   182.-  184.         0  0.0000E+00         0    0.0000E+00  0.0000E+00  0.0000E+00  0.0000E+00  0.0000E+00  0.0000E+00       0
   184.-  186.         0  0.0000E+00         0    0.0000E+00  0.0000E+00  0.0000E+00  0.0000E+00  0.0000E+00  0.0000E+00       0
   186.-  188.         0  0.0000E+00         0    0.0000E+00  0.0000E+00  0.0000E+00  0.0000E+00  0.0000E+00  0.0000E+00       0
   188.-  190.         0  0.0000E+00         0    0.0000E+00  0.0000E+00  0.0000E+00  0.0000E+00  0.0000E+00  0.0000E+00       0
   190.-  192.         0  0.0000E+00         0    0.0000E+00  0.0000E+00  0.0000E+00  0.0000E+00  0.0000E+00  0.0000E+00       0
   192.-  194.         0  0.0000E+00         0    0.0000E+00  0.0000E+00  0.0000E+00  0.0000E+00  0.0000E+00  0.0000E+00       0
   194.-  196.         0  0.0000E+00         0    0.0000E+00  0.0000E+00  0.0000E+00  0.0000E+00  0.0000E+00  0.0000E+00       0
   196.-  198.         0  0.0000E+00         0    0.0000E+00  0.0000E+00  0.0000E+00  0.0000E+00  0.0000E+00  0.0000E+00       0
   198.-  200.         0  0.0000E+00         0    0.0000E+00  0.0000E+00  0.0000E+00  0.0000E+00  0.0000E+00  0.0000E+00       0
   200.-   SUT         0  0.0000E+00

                   99999  1.0000E+00     99999    1.2925E+07  2.0007E+08  1.9244E+08  1.7487E+08  1.7575E+07  1.4764E+08 1082675
1
     RECOILS



     DEPTH(A)     INLOSS(EV)   TELOSS(EV)   ELLOSS(EV)   DAMAGE(EV)   PHONON(EV)     DPA  DPA(1)  DPA(2)

     0.-    2.    2.9098E+05   5.3248E+06   4.2281E+06   9.5323E+05   3.2749E+06   16222   16222       0
     2.-    4.    5.1541E+05   8.5213E+06   7.0590E+06   2.3828E+06   4.6762E+06   34471   34471       0
     4.-    6.    7.2235E+05   1.1452E+07   9.5726E+06   3.4772E+06   6.0954E+06   47952   47952       0
     6.-    8.    8.9038E+05   1.3849E+07   1.1597E+07   4.2855E+06   7.3114E+06   58822   58822       0
     8.-   10.    1.0320E+06   1.5961E+07   1.3384E+07   4.9947E+06   8.3890E+06   67641   67641       0
    10.-   12.    1.1511E+06   1.7811E+07   1.4952E+07   5.6639E+06   9.2877E+06   76594   76594       0
    12.-   14.    1.2420E+06   1.9283E+07   1.6185E+07   6.1060E+06   1.0079E+07   81905   81905       0
    14.-   16.    1.3194E+06   2.0487E+07   1.7180E+07   6.4341E+06   1.0746E+07   87112   87112       0
    16.-   18.    1.3776E+06   2.1465E+07   1.7987E+07   6.6763E+06   1.1311E+07   90913   90913       0
    18.-   20.    1.4149E+06   2.2251E+07   1.8632E+07   6.8826E+06   1.1750E+07   94463   94463       0
    20.-   22.    1.4314E+06   2.2650E+07   1.8938E+07   6.9058E+06   1.2032E+07   95220   95220       0
    22.-   24.    1.4387E+06   2.2881E+07   1.9106E+07   6.8849E+06   1.2221E+07   95966   95966       0
    24.-   26.    1.4230E+06   2.2800E+07   1.9013E+07   6.7778E+06   1.2235E+07   95113   95113       0
    26.-   28.    1.3918E+06   2.2447E+07   1.8686E+07   6.5532E+06   1.2133E+07   92490   92490       0
    28.-   30.    1.3430E+06   2.1828E+07   1.8145E+07   6.2831E+06   1.1862E+07   89165   89165       0
    30.-   32.    1.2855E+06   2.0995E+07   1.7420E+07   5.9283E+06   1.1492E+07   85138   85138       0
    32.-   34.    1.2119E+06   1.9956E+07   1.6542E+07   5.5818E+06   1.0960E+07   80665   80665       0
    34.-   36.    1.1295E+06   1.8722E+07   1.5491E+07   5.1463E+06   1.0345E+07   74734   74734       0
    36.-   38.    1.0453E+06   1.7397E+07   1.4370E+07   4.7048E+06   9.6652E+06   68973   68973       0
    38.-   40.    9.5564E+05   1.6044E+07   1.3244E+07   4.3069E+06   8.9371E+06   63381   63381       0
    40.-   42.    8.6349E+05   1.4567E+07   1.2008E+07   3.8602E+06   8.1476E+06   57260   57260       0
    42.-   44.    7.7249E+05   1.3110E+07   1.0797E+07   3.4449E+06   7.3517E+06   50890   50890       0
    44.-   46.    6.8300E+05   1.1614E+07   9.5454E+06   2.9873E+06   6.5581E+06   44858   44858       0
    46.-   48.    6.0034E+05   1.0254E+07   8.4197E+06   2.6044E+06   5.8153E+06   39134   39134       0
    48.-   50.    5.2076E+05   8.9405E+06   7.3330E+06   2.2392E+06   5.0938E+06   33788   33788       0
    50.-   52.    4.4634E+05   7.6801E+06   6.2928E+06   1.9156E+06   4.3772E+06   28973   28973       0
    52.-   54.    3.8136E+05   6.5567E+06   5.3678E+06   1.6148E+06   3.7530E+06   24551   24551       0
    54.-   56.    3.2206E+05   5.5430E+06   4.5330E+06   1.3537E+06   3.1792E+06   20646   20646       0
    56.-   58.    2.7085E+05   4.6824E+06   3.8305E+06   1.1505E+06   2.6800E+06   17481   17481       0
    58.-   60.    2.2655E+05   3.9243E+06   3.2127E+06   9.7875E+05   2.2340E+06   14746   14746       0
    60.-   62.    1.8760E+05   3.2540E+06   2.6625E+06   8.0000E+05   1.8625E+06   12050   12050       0
    62.-   64.    1.5446E+05   2.6706E+06   2.1834E+06   6.5155E+05   1.5319E+06   10008   10008       0
    64.-   66.    1.2618E+05   2.1853E+06   1.7870E+06   5.3414E+05   1.2529E+06    8128    8128       0
    66.-   68.    1.0171E+05   1.7640E+06   1.4411E+06   4.2996E+05   1.0112E+06    6596    6596       0
    68.-   70.    8.2489E+04   1.4207E+06   1.1611E+06   3.4533E+05   8.1574E+05    5330    5330       0
    70.-   72.    6.6291E+04   1.1442E+06   9.3570E+05   2.8041E+05   6.5529E+05    4277    4277       0
    72.-   74.    5.3346E+04   9.3056E+05   7.6368E+05   2.4134E+05   5.2234E+05    3594    3594       0
    74.-   76.    4.2240E+04   7.2560E+05   5.9352E+05   1.7969E+05   4.1383E+05    2785    2785       0
    76.-   78.    3.3424E+04   5.7541E+05   4.7081E+05   1.4108E+05   3.2973E+05    2116    2116       0
    78.-   80.    2.6430E+04   4.5282E+05   3.7068E+05   1.1338E+05   2.5730E+05    1716    1716       0
    80.-   82.    2.1038E+04   3.5476E+05   2.9048E+05   8.9829E+04   2.0065E+05    1338    1338       0
    82.-   84.    1.7048E+04   2.8713E+05   2.3616E+05   7.4369E+04   1.6179E+05    1118    1118       0
    84.-   86.    1.3528E+04   2.2897E+05   1.8775E+05   5.7532E+04   1.3022E+05     876     876       0
    86.-   88.    1.0925E+04   1.8631E+05   1.5342E+05   4.8803E+04   1.0462E+05     746     746       0
    88.-   90.    8.6846E+03   1.4625E+05   1.1993E+05   3.7097E+04   8.2834E+04     582     582       0
    90.-   92.    6.8351E+03   1.1704E+05   9.6539E+04   3.1910E+04   6.4629E+04     453     453       0
    92.-   94.    5.3842E+03   9.1854E+04   7.5680E+04   2.4617E+04   5.1063E+04     366     366       0
    94.-   96.    4.3122E+03   7.2625E+04   5.9975E+04   1.9555E+04   4.0420E+04     273     273       0
    96.-   98.    3.3759E+03   5.6077E+04   4.6394E+04   1.5444E+04   3.0951E+04     242     242       0
    98.-  100.    2.5439E+03   4.3443E+04   3.6260E+04   1.2736E+04   2.3524E+04     178     178       0
   100.-  102.    1.4153E+03   2.0919E+04   1.7375E+04   5.4945E+03   1.1881E+04      89      89       0
   102.-  104.    5.2248E+01   6.2819E+02   5.0327E+02   1.4103E+02   3.6224E+02       3       3       0
   104.-  106.    0.0000E+00   0.0000E+00   0.0000E+00   0.0000E+00   0.0000E+00       0       0       0
   106.-  108.    0.0000E+00   0.0000E+00   0.0000E+00   0.0000E+00   0.0000E+00       0       0       0
   108.-  110.    0.0000E+00   0.0000E+00   0.0000E+00   0.0000E+00   0.0000E+00       0       0       0
   110.-  112.    0.0000E+00   0.0000E+00   0.0000E+00   0.0000E+00   0.0000E+00       0       0       0
   112.-  114.    0.0000E+00   0.0000E+00   0.0000E+00   0.0000E+00   0.0000E+00       0       0       0
   114.-  116.    0.0000E+00   0.0000E+00   0.0000E+00   0.0000E+00   0.0000E+00       0       0       0
   116.-  118.    0.0000E+00   0.0000E+00   0.0000E+00   0.0000E+00   0.0000E+00       0       0       0
   118.-  120.    0.0000E+00   0.0000E+00   0.0000E+00   0.0000E+00   0.0000E+00       0       0       0
   120.-  122.    0.0000E+00   0.0000E+00   0.0000E+00   0.0000E+00   0.0000E+00       0       0       0
   122.-  124.    0.0000E+00   0.0000E+00   0.0000E+00   0.0000E+00   0.0000E+00       0       0       0
   124.-  126.    0.0000E+00   0.0000E+00   0.0000E+00   0.0000E+00   0.0000E+00       0       0       0
   126.-  128.    0.0000E+00   0.0000E+00   0.0000E+00   0.0000E+00   0.0000E+00       0       0       0
   128.-  130.    0.0000E+00   0.0000E+00   0.0000E+00   0.0000E+00   0.0000E+00       0       0       0
   130.-  132.    0.0000E+00   0.0000E+00   0.0000E+00   0.0000E+00   0.0000E+00       0       0       0
   132.-  134.    0.0000E+00   0.0000E+00   0.0000E+00   0.0000E+00   0.0000E+00       0       0       0
   134.-  136.    0.0000E+00   0.0000E+00   0.0000E+00   0.0000E+00   0.0000E+00       0       0       0
   136.-  138.    0.0000E+00   0.0000E+00   0.0000E+00   0.0000E+00   0.0000E+00       0       0       0
   138.-  140.    0.0000E+00   0.0000E+00   0.0000E+00   0.0000E+00   0.0000E+00       0       0       0
   140.-  142.    0.0000E+00   0.0000E+00   0.0000E+00   0.0000E+00   0.0000E+00       0       0       0
   142.-  144.    0.0000E+00   0.0000E+00   0.0000E+00   0.0000E+00   0.0000E+00       0       0       0
   144.-  146.    0.0000E+00   0.0000E+00   0.0000E+00   0.0000E+00   0.0000E+00       0       0       0
   146.-  148.    0.0000E+00   0.0000E+00   0.0000E+00   0.0000E+00   0.0000E+00       0       0       0
   148.-  150.    0.0000E+00   0.0000E+00   0.0000E+00   0.0000E+00   0.0000E+00       0       0       0
   150.-  152.    0.0000E+00   0.0000E+00   0.0000E+00   0.0000E+00   0.0000E+00       0       0       0
   152.-  154.    0.0000E+00   0.0000E+00   0.0000E+00   0.0000E+00   0.0000E+00       0       0       0
   154.-  156.    0.0000E+00   0.0000E+00   0.0000E+00   0.0000E+00   0.0000E+00       0       0       0
   156.-  158.    0.0000E+00   0.0000E+00   0.0000E+00   0.0000E+00   0.0000E+00       0       0       0
   158.-  160.    0.0000E+00   0.0000E+00   0.0000E+00   0.0000E+00   0.0000E+00       0       0       0
   160.-  162.    0.0000E+00   0.0000E+00   0.0000E+00   0.0000E+00   0.0000E+00       0       0       0
   162.-  164.    0.0000E+00   0.0000E+00   0.0000E+00   0.0000E+00   0.0000E+00       0       0       0
   164.-  166.    0.0000E+00   0.0000E+00   0.0000E+00   0.0000E+00   0.0000E+00       0       0       0
   166.-  168.    0.0000E+00   0.0000E+00   0.0000E+00   0.0000E+00   0.0000E+00       0       0       0
   168.-  170.    0.0000E+00   0.0000E+00   0.0000E+00   0.0000E+00   0.0000E+00       0       0       0
   170.-  172.    0.0000E+00   0.0000E+00   0.0000E+00   0.0000E+00   0.0000E+00       0       0       0
   172.-  174.    0.0000E+00   0.0000E+00   0.0000E+00   0.0000E+00   0.0000E+00       0       0       0
   174.-  176.    0.0000E+00   0.0000E+00   0.0000E+00   0.0000E+00   0.0000E+00       0       0       0
   176.-  178.    0.0000E+00   0.0000E+00   0.0000E+00   0.0000E+00   0.0000E+00       0       0       0
   178.-  180.    0.0000E+00   0.0000E+00   0.0000E+00   0.0000E+00   0.0000E+00       0       0       0
   180.-  182.    0.0000E+00   0.0000E+00   0.0000E+00   0.0000E+00   0.0000E+00       0       0       0
   182.-  184.    0.0000E+00   0.0000E+00   0.0000E+00   0.0000E+00   0.0000E+00       0       0       0
   184.-  186.    0.0000E+00   0.0000E+00   0.0000E+00   0.0000E+00   0.0000E+00       0       0       0
   186.-  188.    0.0000E+00   0.0000E+00   0.0000E+00   0.0000E+00   0.0000E+00       0       0       0
   188.-  190.    0.0000E+00   0.0000E+00   0.0000E+00   0.0000E+00   0.0000E+00       0       0       0
   190.-  192.    0.0000E+00   0.0000E+00   0.0000E+00   0.0000E+00   0.0000E+00       0       0       0
   192.-  194.    0.0000E+00   0.0000E+00   0.0000E+00   0.0000E+00   0.0000E+00       0       0       0
   194.-  196.    0.0000E+00   0.0000E+00   0.0000E+00   0.0000E+00   0.0000E+00       0       0       0
   196.-  198.    0.0000E+00   0.0000E+00   0.0000E+00   0.0000E+00   0.0000E+00       0       0       0
   198.-  200.    0.0000E+00   0.0000E+00   0.0000E+00   0.0000E+00   0.0000E+00       0       0       0

                  2.8668E+07   4.6573E+08   3.8676E+08   1.3321E+08   2.5355E+08 1892131 1892131       0
1     BACKWARD SPUTTERING



        ALL SPUTTERED PARTICLES =   46868   TOTAL SPUTTERED ENERGY = 0.1076E+07 EV


        SPUTTERED PARTICLES (1.LAYER) =   46868   SPUTTERED ENERGY = 0.1076E+07 EV


 1.LAYER
         SPUTTERED PARTICLES(1) =   46868     SPUTTERED ENERGY(1) = 0.1076E+07 EV

         ION IN , PRIMARY KO(1) =    9943   0.2121   0.2121    ENERGY = 0.3679E+06 EV   0.3418   0.3418    MEAN ENERGY = 0.3700E+02
         ION IN , SECOND. KO(1) =   36925   0.7879   0.7879    ENERGY = 0.7085E+06 EV   0.6582   0.6582    MEAN ENERGY = 0.1919E+02
        ION OUT , PRIMARY KO(1) =       0   0.0000   0.0000    ENERGY = 0.0000E+00 EV   0.0000   0.0000    MEAN ENERGY = 0.0000E+00
        ION OUT , SECOND. KO(1) =       0   0.0000   0.0000    ENERGY = 0.0000E+00 EV   0.0000   0.0000    MEAN ENERGY = 0.0000E+00


     SPUTTERING YIELD(1) =  4.687E-01  SPUTTERED ENERGY(1) =  5.053E-03  REL.MEAN ENERGY(1) =  1.078E-02  MEAN ENERGY(1) =  2.297E+01

                       MEAN        VARIANCE      SKEWNESS      KURTOSIS        SIGMA       ERROR 1.M     ERROR 2.M     ERROR 3.M 
    ENERGY(1)       2.2966E+01    8.7540E+02    3.2742E+00    1.9141E+01    2.9587E+01    1.3667E-01    1.7223E+01    7.1242E-02
 LOGENERGY(1)       1.0908E+00    2.5751E-01   -2.1109E-01    2.9803E+00    5.0745E-01    2.3443E-03    1.6741E-03    1.0912E-02

                     1.MOMENT      2.MOMENT      3.MOMENT      4.MOMENT      5.MOMENT      6.MOMENT 
    ENERGY(1)       2.2966E+01    1.4028E+03    1.5723E+05    2.5507E+07    5.2767E+09    1.2976E+12
 LOGENERGY(1)       1.0908E+00    1.4473E+00    2.1128E+00    3.3311E+00    5.5583E+00    9.7178E+00



     POLAR ANGULAR DISTRIBUTION OF ALL BACKWARD SPUTTERED PARTICLES


       0.00  0.00  0.00  0.00  0.00  0.00  0.00  0.00  0.00  0.00  0.00  0.00  0.00  0.00  0.00  0.00  0.00  0.00  0.00  0.00

         88   273   479   718   998  1184  1512  1727  2121  2475  2734  2852  3162  3257  3464  3676  3817  3922  4106  4303
      0.038 0.116 0.204 0.306 0.426 0.505 0.645 0.737 0.905 1.056 1.167 1.217 1.349 1.390 1.478 1.569 1.629 1.674 1.752 1.836
1 LOG ENERGY - COS OF EMISSION ANGLE (0.05 STEPS)   (BACKWARD SPUTTERED PARTICLES) ; 1. LAYER ; SPECIES 1


   0.0000E+00    1    2    3    4    5    6    7    8    9   10   11   12   13   14   15   16   17   18   19   20     0  0.0000E+00
   0.1000E+00    0    0    1    0    1    1    0    1    1    0    1    0    0    0    0    2    2    2    1    0    13  0.1300E-02
   0.1212E+00    0    0    0    0    0    0    0    0    0    0    0    0    0    0    0    0    0    0    0    0     0  0.0000E+00
   0.1468E+00    0    0    0    0    0    0    0    0    0    0    0    0    0    0    0    0    0    0    0    0     0  0.0000E+00
   0.1778E+00    0    0    0    0    0    0    0    0    0    0    0    0    0    0    0    0    0    0    0    0     0  0.0000E+00
   0.2154E+00    0    0    0    0    0    0    0    0    0    0    0    0    0    0    0    0    0    0    0    0     0  0.0000E+00
   0.2610E+00    0    0    0    0    0    0    0    0    0    0    0    0    0    0    0    0    0    0    0    0     0  0.0000E+00
   0.3162E+00    0    0    0    0    0    0    0    0    0    0    0    0    0    0    0    0    0    0    0    0     0  0.0000E+00
   0.3831E+00    0    0    0    0    0    0    0    0    0    0    0    0    0    0    0    0    0    0    0    0     0  0.0000E+00
   0.4642E+00    0    0    0    0    0    0    0    0    0    0    0    0    0    0    0    0    0    0    0    0     0  0.0000E+00
   0.5623E+00    0    0    0    0    0    0    0    0    0    0    0    0    0    0    0    0    0    0    0    0     0  0.0000E+00
   0.6813E+00    0    0    0    0    0    0    0    0    0    0    0    0    0    0    0    0    0    0    0    0     0  0.0000E+00
   0.8254E+00    0    0    0    0    0    0    0    0    0    0    0    0    0    0    0    0    0    0    0    0     0  0.0000E+00
   0.1000E+01    0    0    0    0    0    0    0    0    0    0    0    0    0    0    0    0    0    0    0    0     0  0.0000E+00
   0.1212E+01    0    0    0    0    0    0    0    0    0    0    0    0    0    0    0    0    0    0    0    0     0  0.0000E+00
   0.1468E+01    0    0    0    0    0    0    0    0    0    0    0    0    0    0    0    0    0    0    0    0     0  0.0000E+00
   0.1778E+01    0    0    0    0    0    0    0    0    0    0    0    0    0    0    0    0    0    0    0    0     0  0.0000E+00
   0.2154E+01    0    0    0    0    0    0    0    0    0    0    0    0    0    0    0    0    0    0    0    0     0  0.0000E+00
   0.2610E+01    0    0    0    0    0    0    0    0    0    0    0    0    0    0    0    0    0    0    0    0     0  0.0000E+00
   0.3162E+01    0    0    0    0    0    0    0    0    0    0    0    0    0    0    0    0    0    0    0    0     0  0.0000E+00
   0.3831E+01    0    0    0    0    0    0    0    0    0    0    0    0    0    0    0    0    0    0    0    0     0  0.0000E+00
   0.4642E+01    0    0    0    0    0    0    0    0    0    0    0    0    0    0    0    0    0    0    0    0     0  0.0000E+00
   0.5623E+01    0    0    0    0    0    0    0    0    0    0    0    0    0    0    0    0    0    0    0    0     0  0.0000E+00
   0.6813E+01    0    0    0    0    0    0    0    0    0    0    0    0    0    0    0    0    0    0    0    0     0  0.0000E+00
   0.8254E+01    0    0    0    0    0    0    0    0    0    0    0    0    0    0    0    0    0    0    0    0     0  0.0000E+00
   0.1000E+02    0    0    0    0    0    0    0    0    0    0    0    0    0    0    0    0    0    0    0    0     0  0.0000E+00
   0.1212E+02    0    0    0    0    0    0    0    0    0    0    0    0    0    0    0    0    0    0    0    0     0  0.0000E+00
   0.1468E+02    0    0    0    0    0    0    0    0    0    0    0    0    0    0    0    0    0    0    0    0     0  0.0000E+00
   0.1778E+02    0    0    0    0    0    0    0    0    0    0    0    0    0    0    0    0    0    0    0    0     0  0.0000E+00
   0.2154E+02    0    0    0    0    0    0    0    0    0    0    0    0    0    0    0    0    0    0    0    0     0  0.0000E+00
   0.2610E+02    0    0    0    0    0    0    0    0    0    0    0    0    0    0    0    0    0    0    0    0     0  0.0000E+00
   0.3162E+02    0    0    0    0    0    0    0    0    0    0    0    0    0    0    0    0    0    0    0    0     0  0.0000E+00
   0.3831E+02    0    0    0    0    0    0    0    0    0    0    0    0    0    0    0    0    0    0    0    0     0  0.0000E+00
   0.4642E+02    0    0    0    0    0    0    0    0    0    0    0    0    0    0    0    0    0    0    0    0     0  0.0000E+00
   0.5623E+02    0    0    0    0    0    0    0    0    0    0    0    0    0    0    0    0    0    0    0    0     0  0.0000E+00
   0.6813E+02    0    0    0    0    0    0    0    0    0    0    0    0    0    0    0    0    0    0    0    0     0  0.0000E+00
   0.8254E+02    0    0    0    0    0    0    0    0    0    0    0    0    0    0    0    0    0    0    0    0     0  0.0000E+00
   0.1000E+03    0    0    0    0    0    0    0    0    0    0    0    0    0    0    0    0    0    0    0    0     0  0.0000E+00
   0.1212E+03    0    0    0    0    0    0    0    0    0    0    0    0    0    0    0    0    0    0    0    0     0  0.0000E+00
   0.1468E+03    0    0    0    0    0    0    0    0    0    0    0    0    0    0    0    0    0    0    0    0     0  0.0000E+00
   0.1778E+03    0    0    0    0    0    0    0    0    0    0    0    0    0    0    0    0    0    0    0    0     0  0.0000E+00
   0.2154E+03    0    0    0    0    0    0    0    0    0    0    0    0    0    0    0    0    0    0    0    0     0  0.0000E+00
   0.2610E+03    0    0    0    0    0    0    0    0    0    0    0    0    0    0    0    0    0    0    0    0     0  0.0000E+00
   0.3162E+03    0    0    0    0    0    0    0    0    0    0    0    0    0    0    0    0    0    0    0    0     0  0.0000E+00
   0.3831E+03    0    0    0    0    0    0    0    0    0    0    0    0    0    0    0    0    0    0    0    0     0  0.0000E+00
   0.4642E+03    0    0    0    0    0    0    0    0    0    0    0    0    0    0    0    0    0    0    0    0     0  0.0000E+00
   0.5623E+03    0    0    0    0    0    0    0    0    0    0    0    0    0    0    0    0    0    0    0    0     0  0.0000E+00
   0.6813E+03    0    0    0    0    0    0    0    0    0    0    0    0    0    0    0    0    0    0    0    0     0  0.0000E+00
   0.8254E+03    0    0    0    0    0    0    0    0    0    0    0    0    0    0    0    0    0    0    0    0     0  0.0000E+00
   0.1000E+04    0    0    0    0    0    0    0    0    0    0    0    0    0    0    0    0    0    0    0    0     0  0.0000E+00
   0.1212E+04    0    0    0    0    0    0    0    0    0    0    0    0    0    0    0    0    0    0    0    0     0  0.0000E+00
   0.1468E+04    0    0    0    0    0    0    0    0    0    0    0    0    0    0    0    0    0    0    0    0     0  0.0000E+00
   0.1778E+04    0    0    0    0    0    0    0    0    0    0    0    0    0    0    0    0    0    0    0    0     0  0.0000E+00
   0.2154E+04    0    0    0    0    0    0    0    0    0    0    0    0    0    0    0    0    0    0    0    0     0  0.0000E+00
   0.2610E+04    0    0    0    0    0    0    0    0    0    0    0    0    0    0    0    0    0    0    0    0     0  0.0000E+00
   0.3162E+04    0    0    0    0    0    0    0    0    0    0    0    0    0    0    0    0    0    0    0    0     0  0.0000E+00
   0.3831E+04    0    0    0    0    0    0    0    0    0    0    0    0    0    0    0    0    0    0    0    0     0  0.0000E+00
   0.4642E+04    0    0    0    0    0    0    0    0    0    0    0    0    0    0    0    0    0    0    0    0     0  0.0000E+00
   0.5623E+04    0    0    0    0    0    0    0    0    0    0    0    0    0    0    0    0    0    0    0    0     0  0.0000E+00
   0.6813E+04    0    0    0    0    0    0    0    0    0    0    0    0    0    0    0    0    0    0    0    0     0  0.0000E+00
   0.8254E+04    0    0    0    0    0    0    0    0    0    0    0    0    0    0    0    0    0    0    0    0     0  0.0000E+00
   0.1000E+05    0    0    0    0    0    0    0    0    0    0    0    0    0    0    0    0    0    0    0    0     0  0.0000E+00
   0.1212E+05    0    0    0    0    0    0    0    0    0    0    0    0    0    0    0    0    0    0    0    0     0  0.0000E+00
   0.1468E+05    0    0    0    0    0    0    0    0    0    0    0    0    0    0    0    0    0    0    0    0     0  0.0000E+00
   0.1778E+05    0    0    0    0    0    0    0    0    0    0    0    0    0    0    0    0    0    0    0    0     0  0.0000E+00
   0.2154E+05    0    0    0    0    0    0    0    0    0    0    0    0    0    0    0    0    0    0    0    0     0  0.0000E+00
   0.2610E+05    0    0    0    0    0    0    0    0    0    0    0    0    0    0    0    0    0    0    0    0     0  0.0000E+00
   0.3162E+05    0    0    0    0    0    0    0    0    0    0    0    0    0    0    0    0    0    0    0    0     0  0.0000E+00
   0.3831E+05    0    0    0    0    0    0    0    0    0    0    0    0    0    0    0    0    0    0    0    0     0  0.0000E+00
   0.4642E+05    0    0    0    0    0    0    0    0    0    0    0    0    0    0    0    0    0    0    0    0     0  0.0000E+00
   0.5623E+05    0    0    0    0    0    0    0    0    0    0    0    0    0    0    0    0    0    0    0    0     0  0.0000E+00
   0.6813E+05    0    0    0    0    0    0    0    0    0    0    0    0    0    0    0    0    0    0    0    0     0  0.0000E+00
   0.8254E+05    0    0    0    0    0    0    0    0    0    0    0    0    0    0    0    0    0    0    0    0     0  0.0000E+00
   0.1000E+06    0    0    0    0    0    0    0    0    0    0    0    0    0    0    0    0    0    0    0    0     0  0.0000E+00
   0.0000E+00  176  546  957 1436 1995 2367 3024 3453 4241 4950 5467 5704 6324 6514 6928 7350 7632 7842 8211 8606 93723  0.0000E+00
1ENERGY(E/E0 IN %) - POLAR ANGLE IN COS-INTERVALS (0.05)  (BACKWARD SPUTTERED PARTICLES) , 1.LAYER , SPECIES 1

     0    1    2    3    4    5    6    7    8    9   10   11   12   13   14   15   16   17   18   19   20      0
     1   62  201  356  518  681  803 1006 1096 1356 1517 1693 1791 2007 2100 2289 2502 2557 2748 2904 3191  31378
     2   17   51   78  114  185  206  274  310  396  492  514  537  617  574  650  677  713  690  732  712   8539
     3    5   11   28   46   71   79  101  134  158  217  232  230  251  296  234  248  261  255  269  204   3330
     4    2    4    7   19   27   33   54   73   85  105  129  113  111  128  130  116  142   92   95  109   1574
     5    1    3    6   10   21   29   24   43   45   47   73   72   69   65   72   54   53   64   40   45    836
     6    1    2    1    5    6   16   21   24   26   34   36   35   44   42   40   43   38   30   36   17    497
     7    0    1    2    4    4    7    8   16   17   15   31   30   19   19   21   16   17   11    9   16    263
     8    0    0    0    0    0    2    8   10    9   17   12   15   17   15    8    5   22   16    9    4    169
     9    0    0    1    1    2    4    7   10    4    6    7   11    9    9    9    8    8    9    4    2    111
    10    0    0    0    1    1    2    6    4    9    9    1    3    8    4    5    3    2    1    5    2     66
    11    0    0    0    0    0    1    1    3    7    7    4    6    4    3    3    1    2    3    0    0     45
    12    0    0    0    0    0    2    1    1    3    3    2    2    2    1    2    1    2    3    2    0     27
    13    0    0    0    0    0    0    0    0    3    4    0    2    1    0    1    0    0    0    0    1     12
    14    0    0    0    0    0    0    0    1    0    0    0    2    1    0    0    2    0    0    0    0      6
    15    0    0    0    0    0    0    0    1    2    1    0    1    0    0    0    0    0    0    1    0      6
    16    0    0    0    0    0    0    0    1    0    1    0    2    1    0    0    0    0    0    0    0      5
    17    0    0    0    0    0    0    0    0    1    0    0    0    0    0    0    0    0    0    0    0      1
    18    0    0    0    0    0    0    0    0    0    0    0    0    1    0    0    0    0    0    0    0      1
    19    0    0    0    0    0    0    1    0    0    0    0    0    0    0    0    0    0    0    0    0      1
    20    0    0    0    0    0    0    0    0    0    0    0    0    0    0    0    0    0    0    0    0      0
    21    0    0    0    0    0    0    0    0    0    0    0    0    0    1    0    0    0    0    0    0      1
    22    0    0    0    0    0    0    0    0    0    0    0    0    0    0    0    0    0    0    0    0      0
    23    0    0    0    0    0    0    0    0    0    0    0    0    0    0    0    0    0    0    0    0      0
    24    0    0    0    0    0    0    0    0    0    0    0    0    0    0    0    0    0    0    0    0      0
    25    0    0    0    0    0    0    0    0    0    0    0    0    0    0    0    0    0    0    0    0      0
    26    0    0    0    0    0    0    0    0    0    0    0    0    0    0    0    0    0    0    0    0      0
    27    0    0    0    0    0    0    0    0    0    0    0    0    0    0    0    0    0    0    0    0      0
    28    0    0    0    0    0    0    0    0    0    0    0    0    0    0    0    0    0    0    0    0      0
    29    0    0    0    0    0    0    0    0    0    0    0    0    0    0    0    0    0    0    0    0      0
    30    0    0    0    0    0    0    0    0    0    0    0    0    0    0    0    0    0    0    0    0      0
    31    0    0    0    0    0    0    0    0    0    0    0    0    0    0    0    0    0    0    0    0      0
    32    0    0    0    0    0    0    0    0    0    0    0    0    0    0    0    0    0    0    0    0      0
    33    0    0    0    0    0    0    0    0    0    0    0    0    0    0    0    0    0    0    0    0      0
    34    0    0    0    0    0    0    0    0    0    0    0    0    0    0    0    0    0    0    0    0      0
    35    0    0    0    0    0    0    0    0    0    0    0    0    0    0    0    0    0    0    0    0      0
    36    0    0    0    0    0    0    0    0    0    0    0    0    0    0    0    0    0    0    0    0      0
    37    0    0    0    0    0    0    0    0    0    0    0    0    0    0    0    0    0    0    0    0      0
    38    0    0    0    0    0    0    0    0    0    0    0    0    0    0    0    0    0    0    0    0      0
    39    0    0    0    0    0    0    0    0    0    0    0    0    0    0    0    0    0    0    0    0      0
    40    0    0    0    0    0    0    0    0    0    0    0    0    0    0    0    0    0    0    0    0      0
    41    0    0    0    0    0    0    0    0    0    0    0    0    0    0    0    0    0    0    0    0      0
    42    0    0    0    0    0    0    0    0    0    0    0    0    0    0    0    0    0    0    0    0      0
    43    0    0    0    0    0    0    0    0    0    0    0    0    0    0    0    0    0    0    0    0      0
    44    0    0    0    0    0    0    0    0    0    0    0    0    0    0    0    0    0    0    0    0      0
    45    0    0    0    0    0    0    0    0    0    0    0    0    0    0    0    0    0    0    0    0      0
    46    0    0    0    0    0    0    0    0    0    0    0    0    0    0    0    0    0    0    0    0      0
    47    0    0    0    0    0    0    0    0    0    0    0    0    0    0    0    0    0    0    0    0      0
    48    0    0    0    0    0    0    0    0    0    0    0    0    0    0    0    0    0    0    0    0      0
    49    0    0    0    0    0    0    0    0    0    0    0    0    0    0    0    0    0    0    0    0      0
    50    0    0    0    0    0    0    0    0    0    0    0    0    0    0    0    0    0    0    0    0      0
    51    0    0    0    0    0    0    0    0    0    0    0    0    0    0    0    0    0    0    0    0      0
    52    0    0    0    0    0    0    0    0    0    0    0    0    0    0    0    0    0    0    0    0      0
    53    0    0    0    0    0    0    0    0    0    0    0    0    0    0    0    0    0    0    0    0      0
    54    0    0    0    0    0    0    0    0    0    0    0    0    0    0    0    0    0    0    0    0      0
    55    0    0    0    0    0    0    0    0    0    0    0    0    0    0    0    0    0    0    0    0      0
    56    0    0    0    0    0    0    0    0    0    0    0    0    0    0    0    0    0    0    0    0      0
    57    0    0    0    0    0    0    0    0    0    0    0    0    0    0    0    0    0    0    0    0      0
    58    0    0    0    0    0    0    0    0    0    0    0    0    0    0    0    0    0    0    0    0      0
    59    0    0    0    0    0    0    0    0    0    0    0    0    0    0    0    0    0    0    0    0      0
    60    0    0    0    0    0    0    0    0    0    0    0    0    0    0    0    0    0    0    0    0      0
    61    0    0    0    0    0    0    0    0    0    0    0    0    0    0    0    0    0    0    0    0      0
    62    0    0    0    0    0    0    0    0    0    0    0    0    0    0    0    0    0    0    0    0      0
    63    0    0    0    0    0    0    0    0    0    0    0    0    0    0    0    0    0    0    0    0      0
    64    0    0    0    0    0    0    0    0    0    0    0    0    0    0    0    0    0    0    0    0      0
    65    0    0    0    0    0    0    0    0    0    0    0    0    0    0    0    0    0    0    0    0      0
    66    0    0    0    0    0    0    0    0    0    0    0    0    0    0    0    0    0    0    0    0      0
    67    0    0    0    0    0    0    0    0    0    0    0    0    0    0    0    0    0    0    0    0      0
    68    0    0    0    0    0    0    0    0    0    0    0    0    0    0    0    0    0    0    0    0      0
    69    0    0    0    0    0    0    0    0    0    0    0    0    0    0    0    0    0    0    0    0      0
    70    0    0    0    0    0    0    0    0    0    0    0    0    0    0    0    0    0    0    0    0      0
    71    0    0    0    0    0    0    0    0    0    0    0    0    0    0    0    0    0    0    0    0      0
    72    0    0    0    0    0    0    0    0    0    0    0    0    0    0    0    0    0    0    0    0      0
    73    0    0    0    0    0    0    0    0    0    0    0    0    0    0    0    0    0    0    0    0      0
    74    0    0    0    0    0    0    0    0    0    0    0    0    0    0    0    0    0    0    0    0      0
    75    0    0    0    0    0    0    0    0    0    0    0    0    0    0    0    0    0    0    0    0      0
    76    0    0    0    0    0    0    0    0    0    0    0    0    0    0    0    0    0    0    0    0      0
    77    0    0    0    0    0    0    0    0    0    0    0    0    0    0    0    0    0    0    0    0      0
    78    0    0    0    0    0    0    0    0    0    0    0    0    0    0    0    0    0    0    0    0      0
    79    0    0    0    0    0    0    0    0    0    0    0    0    0    0    0    0    0    0    0    0      0
    80    0    0    0    0    0    0    0    0    0    0    0    0    0    0    0    0    0    0    0    0      0
    81    0    0    0    0    0    0    0    0    0    0    0    0    0    0    0    0    0    0    0    0      0
    82    0    0    0    0    0    0    0    0    0    0    0    0    0    0    0    0    0    0    0    0      0
    83    0    0    0    0    0    0    0    0    0    0    0    0    0    0    0    0    0    0    0    0      0
    84    0    0    0    0    0    0    0    0    0    0    0    0    0    0    0    0    0    0    0    0      0
    85    0    0    0    0    0    0    0    0    0    0    0    0    0    0    0    0    0    0    0    0      0
    86    0    0    0    0    0    0    0    0    0    0    0    0    0    0    0    0    0    0    0    0      0
    87    0    0    0    0    0    0    0    0    0    0    0    0    0    0    0    0    0    0    0    0      0
    88    0    0    0    0    0    0    0    0    0    0    0    0    0    0    0    0    0    0    0    0      0
    89    0    0    0    0    0    0    0    0    0    0    0    0    0    0    0    0    0    0    0    0      0
    90    0    0    0    0    0    0    0    0    0    0    0    0    0    0    0    0    0    0    0    0      0
    91    0    0    0    0    0    0    0    0    0    0    0    0    0    0    0    0    0    0    0    0      0
    92    0    0    0    0    0    0    0    0    0    0    0    0    0    0    0    0    0    0    0    0      0
    93    0    0    0    0    0    0    0    0    0    0    0    0    0    0    0    0    0    0    0    0      0
    94    0    0    0    0    0    0    0    0    0    0    0    0    0    0    0    0    0    0    0    0      0
    95    0    0    0    0    0    0    0    0    0    0    0    0    0    0    0    0    0    0    0    0      0
    96    0    0    0    0    0    0    0    0    0    0    0    0    0    0    0    0    0    0    0    0      0
    97    0    0    0    0    0    0    0    0    0    0    0    0    0    0    0    0    0    0    0    0      0
    98    0    0    0    0    0    0    0    0    0    0    0    0    0    0    0    0    0    0    0    0      0
    99    0    0    0    0    0    0    0    0    0    0    0    0    0    0    0    0    0    0    0    0      0
   100    0    0    0    0    0    0    0    0    0    0    0    0    0    0    0    0    0    0    0    0      0
     0   88  273  479  718  998 1184 1512 1727 2121 2475 2734 2852 3162 3257 3464 3676 3817 3922 4106 4303  46868
1AZIMUTHAL ANGLE - POLAR ANGLE IN COS-INTERVALS (0.05) (BACKWARD SPUTTERED PARTICLES) , 1.LAYER , SPECIES 1

     0    1    2    3    4    5    6    7    8    9   10   11   12   13   14   15   16   17   18   19   20      0
     3    4    3    8    3   18   19   30   41   27   47   46   47   58   53   51   75   69   54   74   95    822
     6    3    5   10    9   15   22   24   34   40   39   51   39   65   59   50   61   79   76   75   74    830
     9    0    6    6   10   16   18   24   25   37   26   59   50   63   46   59   68   50   73   53   78    767
    12    1    0    6   15   16   23   29   20   30   32   42   42   50   66   59   71   65   74   63   66    770
    15    4    4    6   21   19   20   20   32   39   52   45   48   55   49   58   67   65   66   89   67    826
    18    3    4    4   15   11   22   29   25   36   40   44   44   57   54   60   55   69   54   74   66    766
    21    2    4    1   11   12   34   19   35   32   46   46   52   56   49   70   65   73   63   62   64    796
    24    0    4    8    5   15   20   28   32   35   50   43   52   45   45   54   64   61   54   55   62    732
    27    0    6    6   16   10   27   15   27   42   41   58   43   52   44   57   52   69   71   72   69    777
    30    0    4   12    7    8   17   25   28   42   33   43   50   48   63   65   71   62   69   70   80    797
    33    0    6    5   15   18   23   24   30   48   36   36   48   63   52   61   65   64   66   65   75    800
    36    1    4    9   12   26   19   26   23   28   41   43   46   49   56   52   76   64   57   75   65    772
    39    1    5    8   15   14   21   24   33   32   37   34   53   56   54   53   53   71   78   77   73    792
    42    0   10    5   12   19   24   24   22   38   45   45   50   49   52   77   44   76   59   62   79    792
    45    2    2    7    7   18   16   23   31   32   44   51   48   59   51   55   63   54   62   57   68    750
    48    1    2   11   14   15   21   28   25   33   37   60   51   52   52   41   63   44   75   66   67    758
    51    1    4   10   11   13   27   23   44   36   28   45   45   44   80   45   62   60   63   42   79    762
    54    0    2    9   12   25   10   16   33   36   43   52   45   51   49   57   58   64   74   73   64    773
    57    0    3    9   16   17   34   35   28   37   40   51   39   53   58   63   45   62   58   66   75    789
    60    3    9   14    6   17   22   19   31   31   53   48   44   51   56   58   61   71   71   67   83    815
    63    1    7   10   11   19   15   23   25   44   43   39   40   56   48   63   75   40   62   63   82    766
    66    1    2    7   13   20    8   31   29   34   40   38   43   42   50   53   48   62   56   66   70    713
    69    2    5   10   16   12   17   24   39   36   40   44   53   35   50   69   56   57   75   74   69    783
    72    2    4    8   11   14   12   29   25   32   46   47   30   68   40   51   56   65   67   73   76    756
    75    3    6   13   13   20   15   33   27   34   44   47   51   58   59   63   63   64   68   72   92    845
    78    1    5    9   19   18   16   21   24   38   43   37   56   56   60   48   58   65   48   70   69    761
    81    5    5    8   18   17   16   26   32   44   38   53   48   61   47   46   65   72   63   66   77    807
    84    1    2   10    8   15   19   26   35   35   37   41   53   54   59   42   56   71   54   66   86    770
    87    1    3    8   10   20   21   25   26   40   36   37   51   61   62   60   59   46   61   74   68    769
    90    2    4   11    8   13   21   22   43   29   47   32   37   53   62   65   50   66   60   69   68    762
    93    1    3    4    8   22   15   28   25   32   41   46   51   40   54   58   56   65   61   71   64    745
    96    1    4    9   11   18   19   22   28   26   47   47   46   54   58   53   67   76   67   67   71    791
    99    1   10    8   14   15   20   27   30   38   37   39   59   51   63   51   62   60   57   70   59    771
   102    0    4   11   12   14   25   26   28   32   55   55   55   40   39   60   58   59   64   76   65    778
   105    0    6    5   15   17   14   27   25   37   42   54   33   53   56   64   57   57   70   68   83    783
   108    2    9   10    9   19   19   24   35   37   37   47   47   49   49   64   68   55   65   62   72    779
   111    6    4    7   12   22   23   21   23   30   44   41   55   60   64   65   68   59   62   66   68    800
   114    2    4    6   15   11   15   36   27   42   37   51   51   54   68   60   76   53   56   74   67    805
   117    3    6   11   10   16   13   23   32   30   51   42   53   66   54   53   67   65   79   58   73    805
   120    2    2    7   13   18   21   21   28   41   35   45   53   47   51   55   69   64   68   73   75    788
   123    2    6   12   13   23   21   23   32   35   36   36   55   46   61   67   51   66   66   66   48    765
   126    2    4   10    5   20   24   18   29   35   45   47   47   68   51   62   53   68   76   54   66    784
   129    1    3   10   16   17   19   30   30   23   47   47   47   50   53   45   68   64   67   72   73    782
   132    0    7    6   17   19   18   32   18   34   48   44   36   43   42   66   64   74   67   68   81    784
   135    1    6   12   12   26   23   33   17   38   40   42   42   63   65   41   67   61   68   79   78    814
   138    0    3    6   15   13   13   28   37   45   44   56   47   54   51   59   62   57   67   61   72    790
   141    1    4    6   14   10   24   27   22   38   42   49   44   45   63   58   57   61   63   61   53    742
   144    5    5    8   15   14   19   19   36   36   40   52   48   44   72   64   68   66   73   83   61    828
   147    1    3    7   14   17   15   21   19   24   51   48   54   53   47   57   60   61   66   63   71    752
   150    0    5    7   10   18   16   35   24   45   41   45   57   45   58   62   58   83   60   81   73    823
   153    0    5   11   16   11   18   19   28   44   32   47   47   60   58   43   69   67   64   61   81    781
   156    0    1    1   13   14   25   32   35   35   60   37   45   47   47   50   55   67   78   78   66    786
   159    0    4    9   13   12   27   26   18   40   44   47   51   45   43   63   45   64   78   72   84    785
   162    3    6    8    4   19   18   28   30   38   34   59   52   49   50   68   64   62   66   75   70    803
   165    1    6    4    7   14   11   27   30   32   37   54   51   56   57   65   71   65   63   76   58    785
   168    3    2    7    7   19   12   24   25   29   47   48   49   54   43   61   65   64   63   64   76    762
   171    1    3    8   17   15   22   25   25   28   34   33   44   42   54   69   54   57   75   60   77    743
   174    1    2    5   11   24   23   19   27   31   31   41   52   55   52   49   58   73   62   70   71    757
   177    2    8    4   13   17   16   21   28   30   40   37   46   50   57   64   60   60   50   77   71    751
   180    1    8   12    8   14   37   25   32   39   32   41   37   59   52   63   54   64   70   70   70    788
     0   88  273  479  718  998 1184 1512 1727 2121 2475 2734 2852 3162 3257 3464 3676 3817 3922 4106 4303  46868
