1
      *** PROGRAM TRVMC95 ***


                              * INPUT DATA *


       Z1        M1          E0       ALPHA       EF        ESB      SHEATH     ERC
     18.00     39.95       842.00      0.00      0.10      0.00   2526.00      4.70

       NH        RI           X0        RD        CW        CA       KK0   KK0R   KDEE1  KDEE2  IPOT   IPOTR   IRL
     99999 716381.00         0.00    100.00      2.00      1.00       2      2      3      3      1      1      3


             DX      RHO    CK  Z(,1) Z(,2) Z(,3) Z(,4) Z(,5)  M(,1)  M(,2)  M(,3)  M(,4)  M(,5) C(,1) C(,2) C(,3) C(,4) C(,5)

 1.LAYER 10000.00   2.25   1.00    6.    0.    0.    0.    0.  12.01   0.00   0.00   0.00   0.00 1.000 0.000 0.000 0.000 0.000


                           ***  SBE(LAYER,ELEMENT)  ***     ***     ED(LAYER,ELEMENT)     ***     ***   BE(LAYER,ELEMENT)  ***

 1.LAYER                   7.41  0.00  0.00  0.00  0.00     30.00   0.00   0.00   0.00   0.00     0.10  0.00  0.00  0.00  0.00


       INTERACTION POTENTIAL : PROJECTILE-TARGET : KR-C POTENTIAL     TARGET-TARGET : KR-C POTENTIAL    


       INELASTIC LOSS MODEL  : PROJECTILE-TARGET : 50% LS 50% OR      TARGET-TARGET : 50% LS 50% OR     
1

                              * OUTPUT DATA *


                 HLM       HLMT        SU       SUT        XC        RT       SFE      INEL         L        LJ
               0.0000 10000.000    3.5029 10003.503   -3.5029  9900.000      7.41         0         1         1


                NPROJ       KIB       KIT      MAXA      NALL       NPA       NSA       KIS      KIST
                24661         0         0       293  15715539   1291968   8617365     72191         0


            EPS0(I)       Z2(I)       M2(I)     ARHO(I)       LM(I)     PMAX(I)     ASIG(I)       SB(I)       XX(I)        NJ(I)

 1.LAYER   0.1651E-01  0.6000E+01  0.1201E+02  0.1128E+00  0.2070E+01  0.1168E+01  0.2335E+00  0.7410E+01  0.1000E+05         1


             A1(1)   A1(2)   A1(3)   A1(4)   A1(5)   A1(6)   A1(7)   A1(8)   A1(9)  A1(10)  A1(11)  A1(12)  A1(13)  A1(14)  A1(15)

           0.13193


           KOR1(1) KOR1(2) KOR1(3) KOR1(4) KOR1(5) KOR1(6) KOR1(7) KOR1(8) KOR1(9) KOR1(A) KOR1(B) KOR1(C) KOR1(D) KOR1(E) KOR1(F)

           0.73577


            A(I,1)  A(I,2)  A(I,3)  A(I,4)  A(I,5)  A(I,6)  A(I,7)  A(I,8)  A(I,9) A(I,10) A(I,11) A(I,12) A(I,13) A(I,14) A(I,15)

           0.16242


           KOR(,1) KOR(,2) KOR(,3) KOR(,4) KOR(,5) KOR(,6) KOR(,7) KOR(,8) KOR(,9) KOR(,A) KOR(,B) KOR(,C) KOR(,D) KOR(,E) KOR(,F)

           0.46963
1

         IMPLANTED PARTICLES=  99999     ENERGY=0.8420E+08 EV
     BACKSCATTERED PARTICLES=      0     ENERGY=0.0000E+00 EV
       TRANSMITTED PARTICLES=      0     ENERGY=0.0000E+00 EV
     BACKSPUTTERED PARTICLES=  23389     ENERGY=0.3276E+06 EV
    TRANSM. SPUTT. PARTICLES=      0     ENERGY=0.0000E+00 EV


  PROJECTILES :   MEAN NUMBER OF ELASTIC COLLISIONS =     14.1   MEAN NUMBER OF EL.COLL.(E > EDISPL.) =    5.937
                                                                 MEAN NUMBER OF EL.COLL.(E > SB(1))   =   12.380

                       MEAN        VARIANCE      SKEWNESS      KURTOSIS        SIGMA       ERROR 1.M     ERROR 2.M     ERROR 3.M 
  PENETRATION       2.2984E+01    4.1512E+01    3.7127E-01    2.9396E+00    6.4430E+00    2.0375E-02    1.8282E-01    7.0251E-03
       SPREAD       7.8922E+00    1.8294E+01    7.1195E-01    3.4374E+00    4.2772E+00    1.3526E-02    9.0320E-02    8.5818E-03
   PATHLENGTH       2.7241E+01    4.6922E+01    3.0270E-01    2.8681E+00    6.8499E+00    2.1661E-02    2.0280E-01    6.8192E-03
 ELASTIC LOSS       7.9997E+02    1.6515E+02                                1.2851E+01    1.2851E-04
   INEL. LOSS       4.2030E+01    1.6515E+02                                1.2851E+01    1.2851E-04

                       MEAN        VARIANCE      SKEWNESS      KURTOSIS        SIGMA       ERROR 1.M     ERROR 2.M     ERROR 3.M 
   ELAST.LOSS       5.2474E+01    5.8058E+03    3.0914E+00    1.4507E+01    7.6195E+01    6.4212E-02    1.7982E+01    5.0637E-03
 WEAK EL.LOSS       4.3383E+00    6.8612E+00    7.0523E-01    2.9233E+00    2.6194E+00    2.2074E-03    8.0188E-03    1.4643E-03
 INELAST.LOSS       2.9849E+00    3.4319E+00    2.6786E-03    1.7098E+00    1.8525E+00    1.5612E-03    2.4366E-03    1.2684E-03
  SUBTHR.LOSS       1.3825E+01    5.8812E+01    1.4555E-01    2.2441E+00    7.6689E+00    8.4981E-03    7.2691E-02    1.4774E-03

                     1.MOMENT      2.MOMENT      3.MOMENT      4.MOMENT      5.MOMENT      6.MOMENT 
  PENETRATION       2.2984E+01    5.6979E+02    1.5104E+04    4.2485E+05    1.2598E+07    3.9163E+08



  RECOILES (PER PROJ.)   :   MEAN NUMBER OF ELASTIC COLLISIONS =    153.0   MEAN NUMBER OF EL.COLL.(E > EDISPL.) =      5.876
                                                                            MEAN NUMBER OF EL.COLL.(E > SB(1))   =     45.955

  RECOILES (PER KNOCKON) :   MEAN NUMBER OF ELASTIC COLLISIONS =    1.544   MEAN NUMBER OF EL.COLL.(E > EDISPL.) =      0.059
                                                                            MEAN NUMBER OF EL.COLL.(E > SB(1))   =      0.464

1


     DEPTH(A)  PARTICLES  NORM.DEPTH PATHLENGTH   INLOSS(EV)  TELOSS(EV)  ELLOSS(EV)  DAMAGE(EV)  PHONON(EV)  CASCAD(EV)     DPA

    -SU-    0.         0  0.0000E+00
     0.-    2.         0  0.0000E+00         0    5.2790E+05  9.2665E+06  9.0096E+06  8.3496E+06  6.5994E+05  7.0942E+06   53857
     2.-    4.         0  0.0000E+00         0    5.2205E+05  8.9388E+06  8.6488E+06  7.9766E+06  6.7217E+05  6.7939E+06   55608
     4.-    6.        13  0.1300E-03         0    4.8648E+05  8.5523E+06  8.2192E+06  7.5161E+06  7.0305E+05  6.4183E+06   57056
     6.-    8.       101  0.1010E-02         0    4.4943E+05  8.1025E+06  7.7178E+06  6.9700E+06  7.4786E+05  5.9690E+06   58298
     8.-   10.       640  0.6400E-02        20    4.0915E+05  7.6309E+06  7.1911E+06  6.3838E+06  8.0723E+05  5.4811E+06   58439
    10.-   12.      1965  0.1965E-01       206    3.6758E+05  7.0698E+06  6.5697E+06  5.6917E+06  8.7795E+05  4.8997E+06   57134
    12.-   14.      4309  0.4309E-01       888    3.2109E+05  6.3950E+06  5.8507E+06  4.9153E+06  9.3543E+05  4.2408E+06   53385
    14.-   16.      7069  0.7069E-01      2240    2.7433E+05  5.5976E+06  5.0321E+06  4.0635E+06  9.6865E+05  3.5138E+06   47745
    16.-   18.      9362  0.9362E-01      4344    2.2635E+05  4.7135E+06  4.1611E+06  3.2125E+06  9.4857E+05  2.7841E+06   40812
    18.-   20.     11174  0.1117E+00      6580    1.8049E+05  3.8621E+06  3.3504E+06  2.4664E+06  8.8404E+05  2.1412E+06   33268
    20.-   22.     12129  0.1213E+00      8914    1.3896E+05  3.0441E+06  2.5938E+06  1.8111E+06  7.8268E+05  1.5748E+06   25746
    22.-   24.     11884  0.1188E+00     10604    1.0249E+05  2.2892E+06  1.9169E+06  1.2650E+06  6.5195E+05  1.1014E+06   18917
    24.-   26.     10632  0.1063E+00     11495    7.2112E+04  1.6283E+06  1.3367E+06  8.1796E+05  5.1871E+05  7.1344E+05   12957
    26.-   28.      9069  0.9069E-01     11626    4.9226E+04  1.1296E+06  9.1095E+05  5.2246E+05  3.8849E+05  4.5619E+05    8620
    28.-   30.      7278  0.7278E-01     10544    3.1706E+04  7.3665E+05  5.8432E+05  3.1166E+05  2.7266E+05  2.7239E+05    5319
    30.-   32.      5342  0.5342E-01      9360    1.9521E+04  4.5971E+05  3.5804E+05  1.7621E+05  1.8183E+05  1.5418E+05    3140
    32.-   34.      3625  0.3625E-01      7575    1.1479E+04  2.7421E+05  2.1015E+05  9.5993E+04  1.1416E+05  8.4060E+04    1757
    34.-   36.      2365  0.2365E-01      5641    6.3376E+03  1.5264E+05  1.1471E+05  4.6473E+04  6.8240E+04  4.0780E+04     914
    36.-   38.      1411  0.1411E-01      4005    3.3533E+03  8.0889E+04  5.9893E+04  2.2060E+04  3.7834E+04  1.9367E+04     445
    38.-   40.       821  0.8210E-02      2554    1.6568E+03  4.0439E+04  2.9259E+04  8.9766E+03  2.0282E+04  7.8760E+03     179
    40.-   42.       460  0.4600E-02      1543    7.7298E+02  1.8376E+04  1.2937E+04  2.8416E+03  1.0096E+04  2.4995E+03      62
    42.-   44.       187  0.1870E-02       916    3.3189E+02  8.1851E+03  5.8148E+03  1.3642E+03  4.4507E+03  1.1997E+03      29
    44.-   46.       107  0.1070E-02       483    1.3299E+02  3.2897E+03  2.2867E+03  4.1056E+02  1.8762E+03  3.6161E+02       9
    46.-   48.        36  0.3600E-03       256    4.2098E+01  1.0373E+03  7.0397E+02  1.3164E+02  5.7233E+02  1.1606E+02       3
    48.-   50.        14  0.1400E-03       109    1.7525E+01  4.7323E+02  3.2453E+02  1.0380E+02  2.2073E+02  9.1193E+01       2
    50.-   52.         6  0.6000E-04        58    3.8405E+00  8.3488E+01  5.1350E+01  0.0000E+00  5.1350E+01  0.0000E+00       0
    52.-   54.         0  0.0000E+00        27    7.5717E-01  1.8926E+01  1.1456E+01  0.0000E+00  1.1456E+01  0.0000E+00       0
    54.-   56.         0  0.0000E+00         9    0.0000E+00  0.0000E+00  0.0000E+00  0.0000E+00  0.0000E+00  0.0000E+00       0
    56.-   58.         0  0.0000E+00         2    0.0000E+00  0.0000E+00  0.0000E+00  0.0000E+00  0.0000E+00  0.0000E+00       0
    58.-   60.         0  0.0000E+00         0    0.0000E+00  0.0000E+00  0.0000E+00  0.0000E+00  0.0000E+00  0.0000E+00       0
    60.-   62.         0  0.0000E+00         0    0.0000E+00  0.0000E+00  0.0000E+00  0.0000E+00  0.0000E+00  0.0000E+00       0
    62.-   64.         0  0.0000E+00         0    0.0000E+00  0.0000E+00  0.0000E+00  0.0000E+00  0.0000E+00  0.0000E+00       0
    64.-   66.         0  0.0000E+00         0    0.0000E+00  0.0000E+00  0.0000E+00  0.0000E+00  0.0000E+00  0.0000E+00       0
    66.-   68.         0  0.0000E+00         0    0.0000E+00  0.0000E+00  0.0000E+00  0.0000E+00  0.0000E+00  0.0000E+00       0
    68.-   70.         0  0.0000E+00         0    0.0000E+00  0.0000E+00  0.0000E+00  0.0000E+00  0.0000E+00  0.0000E+00       0
    70.-   72.         0  0.0000E+00         0    0.0000E+00  0.0000E+00  0.0000E+00  0.0000E+00  0.0000E+00  0.0000E+00       0
    72.-   74.         0  0.0000E+00         0    0.0000E+00  0.0000E+00  0.0000E+00  0.0000E+00  0.0000E+00  0.0000E+00       0
    74.-   76.         0  0.0000E+00         0    0.0000E+00  0.0000E+00  0.0000E+00  0.0000E+00  0.0000E+00  0.0000E+00       0
    76.-   78.         0  0.0000E+00         0    0.0000E+00  0.0000E+00  0.0000E+00  0.0000E+00  0.0000E+00  0.0000E+00       0
    78.-   80.         0  0.0000E+00         0    0.0000E+00  0.0000E+00  0.0000E+00  0.0000E+00  0.0000E+00  0.0000E+00       0
    80.-   82.         0  0.0000E+00         0    0.0000E+00  0.0000E+00  0.0000E+00  0.0000E+00  0.0000E+00  0.0000E+00       0
    82.-   84.         0  0.0000E+00         0    0.0000E+00  0.0000E+00  0.0000E+00  0.0000E+00  0.0000E+00  0.0000E+00       0
    84.-   86.         0  0.0000E+00         0    0.0000E+00  0.0000E+00  0.0000E+00  0.0000E+00  0.0000E+00  0.0000E+00       0
    86.-   88.         0  0.0000E+00         0    0.0000E+00  0.0000E+00  0.0000E+00  0.0000E+00  0.0000E+00  0.0000E+00       0
    88.-   90.         0  0.0000E+00         0    0.0000E+00  0.0000E+00  0.0000E+00  0.0000E+00  0.0000E+00  0.0000E+00       0
    90.-   92.         0  0.0000E+00         0    0.0000E+00  0.0000E+00  0.0000E+00  0.0000E+00  0.0000E+00  0.0000E+00       0
    92.-   94.         0  0.0000E+00         0    0.0000E+00  0.0000E+00  0.0000E+00  0.0000E+00  0.0000E+00  0.0000E+00       0
    94.-   96.         0  0.0000E+00         0    0.0000E+00  0.0000E+00  0.0000E+00  0.0000E+00  0.0000E+00  0.0000E+00       0
    96.-   98.         0  0.0000E+00         0    0.0000E+00  0.0000E+00  0.0000E+00  0.0000E+00  0.0000E+00  0.0000E+00       0
    98.-  100.         0  0.0000E+00         0    0.0000E+00  0.0000E+00  0.0000E+00  0.0000E+00  0.0000E+00  0.0000E+00       0
   100.-  102.         0  0.0000E+00         0    0.0000E+00  0.0000E+00  0.0000E+00  0.0000E+00  0.0000E+00  0.0000E+00       0
   102.-  104.         0  0.0000E+00         0    0.0000E+00  0.0000E+00  0.0000E+00  0.0000E+00  0.0000E+00  0.0000E+00       0
   104.-  106.         0  0.0000E+00         0    0.0000E+00  0.0000E+00  0.0000E+00  0.0000E+00  0.0000E+00  0.0000E+00       0
   106.-  108.         0  0.0000E+00         0    0.0000E+00  0.0000E+00  0.0000E+00  0.0000E+00  0.0000E+00  0.0000E+00       0
   108.-  110.         0  0.0000E+00         0    0.0000E+00  0.0000E+00  0.0000E+00  0.0000E+00  0.0000E+00  0.0000E+00       0
   110.-  112.         0  0.0000E+00         0    0.0000E+00  0.0000E+00  0.0000E+00  0.0000E+00  0.0000E+00  0.0000E+00       0
   112.-  114.         0  0.0000E+00         0    0.0000E+00  0.0000E+00  0.0000E+00  0.0000E+00  0.0000E+00  0.0000E+00       0
   114.-  116.         0  0.0000E+00         0    0.0000E+00  0.0000E+00  0.0000E+00  0.0000E+00  0.0000E+00  0.0000E+00       0
   116.-  118.         0  0.0000E+00         0    0.0000E+00  0.0000E+00  0.0000E+00  0.0000E+00  0.0000E+00  0.0000E+00       0
   118.-  120.         0  0.0000E+00         0    0.0000E+00  0.0000E+00  0.0000E+00  0.0000E+00  0.0000E+00  0.0000E+00       0
   120.-  122.         0  0.0000E+00         0    0.0000E+00  0.0000E+00  0.0000E+00  0.0000E+00  0.0000E+00  0.0000E+00       0
   122.-  124.         0  0.0000E+00         0    0.0000E+00  0.0000E+00  0.0000E+00  0.0000E+00  0.0000E+00  0.0000E+00       0
   124.-  126.         0  0.0000E+00         0    0.0000E+00  0.0000E+00  0.0000E+00  0.0000E+00  0.0000E+00  0.0000E+00       0
   126.-  128.         0  0.0000E+00         0    0.0000E+00  0.0000E+00  0.0000E+00  0.0000E+00  0.0000E+00  0.0000E+00       0
   128.-  130.         0  0.0000E+00         0    0.0000E+00  0.0000E+00  0.0000E+00  0.0000E+00  0.0000E+00  0.0000E+00       0
   130.-  132.         0  0.0000E+00         0    0.0000E+00  0.0000E+00  0.0000E+00  0.0000E+00  0.0000E+00  0.0000E+00       0
   132.-  134.         0  0.0000E+00         0    0.0000E+00  0.0000E+00  0.0000E+00  0.0000E+00  0.0000E+00  0.0000E+00       0
   134.-  136.         0  0.0000E+00         0    0.0000E+00  0.0000E+00  0.0000E+00  0.0000E+00  0.0000E+00  0.0000E+00       0
   136.-  138.         0  0.0000E+00         0    0.0000E+00  0.0000E+00  0.0000E+00  0.0000E+00  0.0000E+00  0.0000E+00       0
   138.-  140.         0  0.0000E+00         0    0.0000E+00  0.0000E+00  0.0000E+00  0.0000E+00  0.0000E+00  0.0000E+00       0
   140.-  142.         0  0.0000E+00         0    0.0000E+00  0.0000E+00  0.0000E+00  0.0000E+00  0.0000E+00  0.0000E+00       0
   142.-  144.         0  0.0000E+00         0    0.0000E+00  0.0000E+00  0.0000E+00  0.0000E+00  0.0000E+00  0.0000E+00       0
   144.-  146.         0  0.0000E+00         0    0.0000E+00  0.0000E+00  0.0000E+00  0.0000E+00  0.0000E+00  0.0000E+00       0
   146.-  148.         0  0.0000E+00         0    0.0000E+00  0.0000E+00  0.0000E+00  0.0000E+00  0.0000E+00  0.0000E+00       0
   148.-  150.         0  0.0000E+00         0    0.0000E+00  0.0000E+00  0.0000E+00  0.0000E+00  0.0000E+00  0.0000E+00       0
   150.-  152.         0  0.0000E+00         0    0.0000E+00  0.0000E+00  0.0000E+00  0.0000E+00  0.0000E+00  0.0000E+00       0
   152.-  154.         0  0.0000E+00         0    0.0000E+00  0.0000E+00  0.0000E+00  0.0000E+00  0.0000E+00  0.0000E+00       0
   154.-  156.         0  0.0000E+00         0    0.0000E+00  0.0000E+00  0.0000E+00  0.0000E+00  0.0000E+00  0.0000E+00       0
   156.-  158.         0  0.0000E+00         0    0.0000E+00  0.0000E+00  0.0000E+00  0.0000E+00  0.0000E+00  0.0000E+00       0
   158.-  160.         0  0.0000E+00         0    0.0000E+00  0.0000E+00  0.0000E+00  0.0000E+00  0.0000E+00  0.0000E+00       0
   160.-  162.         0  0.0000E+00         0    0.0000E+00  0.0000E+00  0.0000E+00  0.0000E+00  0.0000E+00  0.0000E+00       0
   162.-  164.         0  0.0000E+00         0    0.0000E+00  0.0000E+00  0.0000E+00  0.0000E+00  0.0000E+00  0.0000E+00       0
   164.-  166.         0  0.0000E+00         0    0.0000E+00  0.0000E+00  0.0000E+00  0.0000E+00  0.0000E+00  0.0000E+00       0
   166.-  168.         0  0.0000E+00         0    0.0000E+00  0.0000E+00  0.0000E+00  0.0000E+00  0.0000E+00  0.0000E+00       0
   168.-  170.         0  0.0000E+00         0    0.0000E+00  0.0000E+00  0.0000E+00  0.0000E+00  0.0000E+00  0.0000E+00       0
   170.-  172.         0  0.0000E+00         0    0.0000E+00  0.0000E+00  0.0000E+00  0.0000E+00  0.0000E+00  0.0000E+00       0
   172.-  174.         0  0.0000E+00         0    0.0000E+00  0.0000E+00  0.0000E+00  0.0000E+00  0.0000E+00  0.0000E+00       0
   174.-  176.         0  0.0000E+00         0    0.0000E+00  0.0000E+00  0.0000E+00  0.0000E+00  0.0000E+00  0.0000E+00       0
   176.-  178.         0  0.0000E+00         0    0.0000E+00  0.0000E+00  0.0000E+00  0.0000E+00  0.0000E+00  0.0000E+00       0
   178.-  180.         0  0.0000E+00         0    0.0000E+00  0.0000E+00  0.0000E+00  0.0000E+00  0.0000E+00  0.0000E+00       0
   180.-  182.         0  0.0000E+00         0    0.0000E+00  0.0000E+00  0.0000E+00  0.0000E+00  0.0000E+00  0.0000E+00       0
   182.-  184.         0  0.0000E+00         0    0.0000E+00  0.0000E+00  0.0000E+00  0.0000E+00  0.0000E+00  0.0000E+00       0
   184.-  186.         0  0.0000E+00         0    0.0000E+00  0.0000E+00  0.0000E+00  0.0000E+00  0.0000E+00  0.0000E+00       0
   186.-  188.         0  0.0000E+00         0    0.0000E+00  0.0000E+00  0.0000E+00  0.0000E+00  0.0000E+00  0.0000E+00       0
   188.-  190.         0  0.0000E+00         0    0.0000E+00  0.0000E+00  0.0000E+00  0.0000E+00  0.0000E+00  0.0000E+00       0
   190.-  192.         0  0.0000E+00         0    0.0000E+00  0.0000E+00  0.0000E+00  0.0000E+00  0.0000E+00  0.0000E+00       0
   192.-  194.         0  0.0000E+00         0    0.0000E+00  0.0000E+00  0.0000E+00  0.0000E+00  0.0000E+00  0.0000E+00       0
   194.-  196.         0  0.0000E+00         0    0.0000E+00  0.0000E+00  0.0000E+00  0.0000E+00  0.0000E+00  0.0000E+00       0
   196.-  198.         0  0.0000E+00         0    0.0000E+00  0.0000E+00  0.0000E+00  0.0000E+00  0.0000E+00  0.0000E+00       0
   198.-  200.         0  0.0000E+00         0    0.0000E+00  0.0000E+00  0.0000E+00  0.0000E+00  0.0000E+00  0.0000E+00       0
   200.-   SUT         0  0.0000E+00

                   99999  1.0000E+00     99999    4.2030E+06  7.9996E+07  7.3887E+07  6.2628E+07  1.1259E+07  5.3765E+07  593701
1
     RECOILS



     DEPTH(A)     INLOSS(EV)   TELOSS(EV)   ELLOSS(EV)   DAMAGE(EV)   PHONON(EV)     DPA  DPA(1)  DPA(2)

     0.-    2.    2.0327E+05   3.9736E+06   3.0935E+06   4.9634E+05   2.5971E+06    9404    9404       0
     2.-    4.    3.9714E+05   7.1284E+06   5.8349E+06   1.7105E+06   4.1244E+06   27629   27629       0
     4.-    6.    5.6128E+05   9.7782E+06   8.0593E+06   2.5253E+06   5.5340E+06   39981   39981       0
     6.-    8.    6.8370E+05   1.1890E+07   9.8038E+06   3.0730E+06   6.7308E+06   48827   48827       0
     8.-   10.    7.6785E+05   1.3435E+07   1.1053E+07   3.3944E+06   7.6590E+06   54813   54813       0
    10.-   12.    8.1483E+05   1.4405E+07   1.1819E+07   3.5155E+06   8.3038E+06   57397   57397       0
    12.-   14.    8.2609E+05   1.4783E+07   1.2079E+07   3.4517E+06   8.6275E+06   57262   57262       0
    14.-   16.    8.0245E+05   1.4581E+07   1.1863E+07   3.2389E+06   8.6238E+06   54711   54711       0
    16.-   18.    7.5068E+05   1.3848E+07   1.1214E+07   2.9127E+06   8.3017E+06   50159   50159       0
    18.-   20.    6.7395E+05   1.2609E+07   1.0161E+07   2.4924E+06   7.6685E+06   43543   43543       0
    20.-   22.    5.8217E+05   1.1042E+07   8.8532E+06   2.0654E+06   6.7879E+06   36769   36769       0
    22.-   24.    4.8650E+05   9.3292E+06   7.4484E+06   1.6568E+06   5.7915E+06   29918   29918       0
    24.-   26.    3.8830E+05   7.5372E+06   5.9864E+06   1.2458E+06   4.7406E+06   22788   22788       0
    26.-   28.    3.0042E+05   5.8936E+06   4.6607E+06   9.1725E+05   3.7435E+06   16970   16970       0
    28.-   30.    2.2460E+05   4.4579E+06   3.5157E+06   6.7043E+05   2.8453E+06   12519   12519       0
    30.-   32.    1.6093E+05   3.2215E+06   2.5301E+06   4.5798E+05   2.0721E+06    8577    8577       0
    32.-   34.    1.1132E+05   2.2450E+06   1.7579E+06   3.0157E+05   1.4563E+06    5693    5693       0
    34.-   36.    7.4873E+04   1.5172E+06   1.1843E+06   1.9957E+05   9.8470E+05    3814    3814       0
    36.-   38.    4.9744E+04   1.0089E+06   7.8706E+05   1.3327E+05   6.5379E+05    2542    2542       0
    38.-   40.    3.1801E+04   6.4837E+05   5.0438E+05   8.3913E+04   4.2047E+05    1592    1592       0
    40.-   42.    2.0166E+04   4.0816E+05   3.1769E+05   5.3181E+04   2.6451E+05    1010    1010       0
    42.-   44.    1.2534E+04   2.5455E+05   1.9821E+05   3.3376E+04   1.6483E+05     643     643       0
    44.-   46.    7.6801E+03   1.5581E+05   1.2168E+05   2.1532E+04   1.0015E+05     410     410       0
    46.-   48.    4.8774E+03   9.8062E+04   7.6654E+04   1.3183E+04   6.3471E+04     259     259       0
    48.-   50.    3.0032E+03   6.0861E+04   4.7693E+04   9.1352E+03   3.8558E+04     158     158       0
    50.-   52.    1.8460E+03   3.8300E+04   3.0018E+04   5.7675E+03   2.4251E+04     114     114       0
    52.-   54.    1.1050E+03   2.2465E+04   1.7477E+04   2.5691E+03   1.4908E+04      54      54       0
    54.-   56.    6.6254E+02   1.3575E+04   1.0593E+04   1.7597E+03   8.8337E+03      35      35       0
    56.-   58.    3.9375E+02   8.4097E+03   6.6044E+03   1.1442E+03   5.4602E+03      17      17       0
    58.-   60.    2.0899E+02   4.5009E+03   3.4629E+03   5.5289E+02   2.9100E+03      11      11       0
    60.-   62.    1.5697E+02   3.0418E+03   2.3620E+03   3.8927E+02   1.9727E+03       9       9       0
    62.-   64.    8.3296E+01   1.7728E+03   1.3937E+03   2.2663E+02   1.1670E+03       5       5       0
    64.-   66.    3.7923E+01   7.9526E+02   6.0703E+02   3.5011E+01   5.7202E+02       1       1       0
    66.-   68.    2.8172E+01   6.2909E+02   4.8312E+02   3.1524E+01   4.5160E+02       1       1       0
    68.-   70.    1.5235E+01   3.2927E+02   2.4524E+02   0.0000E+00   2.4524E+02       0       0       0
    70.-   72.    6.4727E+00   1.7232E+02   1.2500E+02   0.0000E+00   1.2500E+02       0       0       0
    72.-   74.    2.0305E+00   4.9624E+01   3.2299E+01   0.0000E+00   3.2299E+01       0       0       0
    74.-   76.    2.2165E-01   4.8648E+00   3.0710E+00   0.0000E+00   3.0710E+00       0       0       0
    76.-   78.    0.0000E+00   0.0000E+00   0.0000E+00   0.0000E+00   0.0000E+00       0       0       0
    78.-   80.    0.0000E+00   0.0000E+00   0.0000E+00   0.0000E+00   0.0000E+00       0       0       0
    80.-   82.    0.0000E+00   0.0000E+00   0.0000E+00   0.0000E+00   0.0000E+00       0       0       0
    82.-   84.    0.0000E+00   0.0000E+00   0.0000E+00   0.0000E+00   0.0000E+00       0       0       0
    84.-   86.    0.0000E+00   0.0000E+00   0.0000E+00   0.0000E+00   0.0000E+00       0       0       0
    86.-   88.    0.0000E+00   0.0000E+00   0.0000E+00   0.0000E+00   0.0000E+00       0       0       0
    88.-   90.    0.0000E+00   0.0000E+00   0.0000E+00   0.0000E+00   0.0000E+00       0       0       0
    90.-   92.    0.0000E+00   0.0000E+00   0.0000E+00   0.0000E+00   0.0000E+00       0       0       0
    92.-   94.    0.0000E+00   0.0000E+00   0.0000E+00   0.0000E+00   0.0000E+00       0       0       0
    94.-   96.    0.0000E+00   0.0000E+00   0.0000E+00   0.0000E+00   0.0000E+00       0       0       0
    96.-   98.    0.0000E+00   0.0000E+00   0.0000E+00   0.0000E+00   0.0000E+00       0       0       0
    98.-  100.    0.0000E+00   0.0000E+00   0.0000E+00   0.0000E+00   0.0000E+00       0       0       0
   100.-  102.    0.0000E+00   0.0000E+00   0.0000E+00   0.0000E+00   0.0000E+00       0       0       0
   102.-  104.    0.0000E+00   0.0000E+00   0.0000E+00   0.0000E+00   0.0000E+00       0       0       0
   104.-  106.    0.0000E+00   0.0000E+00   0.0000E+00   0.0000E+00   0.0000E+00       0       0       0
   106.-  108.    0.0000E+00   0.0000E+00   0.0000E+00   0.0000E+00   0.0000E+00       0       0       0
   108.-  110.    0.0000E+00   0.0000E+00   0.0000E+00   0.0000E+00   0.0000E+00       0       0       0
   110.-  112.    0.0000E+00   0.0000E+00   0.0000E+00   0.0000E+00   0.0000E+00       0       0       0
   112.-  114.    0.0000E+00   0.0000E+00   0.0000E+00   0.0000E+00   0.0000E+00       0       0       0
   114.-  116.    0.0000E+00   0.0000E+00   0.0000E+00   0.0000E+00   0.0000E+00       0       0       0
   116.-  118.    0.0000E+00   0.0000E+00   0.0000E+00   0.0000E+00   0.0000E+00       0       0       0
   118.-  120.    0.0000E+00   0.0000E+00   0.0000E+00   0.0000E+00   0.0000E+00       0       0       0
   120.-  122.    0.0000E+00   0.0000E+00   0.0000E+00   0.0000E+00   0.0000E+00       0       0       0
   122.-  124.    0.0000E+00   0.0000E+00   0.0000E+00   0.0000E+00   0.0000E+00       0       0       0
   124.-  126.    0.0000E+00   0.0000E+00   0.0000E+00   0.0000E+00   0.0000E+00       0       0       0
   126.-  128.    0.0000E+00   0.0000E+00   0.0000E+00   0.0000E+00   0.0000E+00       0       0       0
   128.-  130.    0.0000E+00   0.0000E+00   0.0000E+00   0.0000E+00   0.0000E+00       0       0       0
   130.-  132.    0.0000E+00   0.0000E+00   0.0000E+00   0.0000E+00   0.0000E+00       0       0       0
   132.-  134.    0.0000E+00   0.0000E+00   0.0000E+00   0.0000E+00   0.0000E+00       0       0       0
   134.-  136.    0.0000E+00   0.0000E+00   0.0000E+00   0.0000E+00   0.0000E+00       0       0       0
   136.-  138.    0.0000E+00   0.0000E+00   0.0000E+00   0.0000E+00   0.0000E+00       0       0       0
   138.-  140.    0.0000E+00   0.0000E+00   0.0000E+00   0.0000E+00   0.0000E+00       0       0       0
   140.-  142.    0.0000E+00   0.0000E+00   0.0000E+00   0.0000E+00   0.0000E+00       0       0       0
   142.-  144.    0.0000E+00   0.0000E+00   0.0000E+00   0.0000E+00   0.0000E+00       0       0       0
   144.-  146.    0.0000E+00   0.0000E+00   0.0000E+00   0.0000E+00   0.0000E+00       0       0       0
   146.-  148.    0.0000E+00   0.0000E+00   0.0000E+00   0.0000E+00   0.0000E+00       0       0       0
   148.-  150.    0.0000E+00   0.0000E+00   0.0000E+00   0.0000E+00   0.0000E+00       0       0       0
   150.-  152.    0.0000E+00   0.0000E+00   0.0000E+00   0.0000E+00   0.0000E+00       0       0       0
   152.-  154.    0.0000E+00   0.0000E+00   0.0000E+00   0.0000E+00   0.0000E+00       0       0       0
   154.-  156.    0.0000E+00   0.0000E+00   0.0000E+00   0.0000E+00   0.0000E+00       0       0       0
   156.-  158.    0.0000E+00   0.0000E+00   0.0000E+00   0.0000E+00   0.0000E+00       0       0       0
   158.-  160.    0.0000E+00   0.0000E+00   0.0000E+00   0.0000E+00   0.0000E+00       0       0       0
   160.-  162.    0.0000E+00   0.0000E+00   0.0000E+00   0.0000E+00   0.0000E+00       0       0       0
   162.-  164.    0.0000E+00   0.0000E+00   0.0000E+00   0.0000E+00   0.0000E+00       0       0       0
   164.-  166.    0.0000E+00   0.0000E+00   0.0000E+00   0.0000E+00   0.0000E+00       0       0       0
   166.-  168.    0.0000E+00   0.0000E+00   0.0000E+00   0.0000E+00   0.0000E+00       0       0       0
   168.-  170.    0.0000E+00   0.0000E+00   0.0000E+00   0.0000E+00   0.0000E+00       0       0       0
   170.-  172.    0.0000E+00   0.0000E+00   0.0000E+00   0.0000E+00   0.0000E+00       0       0       0
   172.-  174.    0.0000E+00   0.0000E+00   0.0000E+00   0.0000E+00   0.0000E+00       0       0       0
   174.-  176.    0.0000E+00   0.0000E+00   0.0000E+00   0.0000E+00   0.0000E+00       0       0       0
   176.-  178.    0.0000E+00   0.0000E+00   0.0000E+00   0.0000E+00   0.0000E+00       0       0       0
   178.-  180.    0.0000E+00   0.0000E+00   0.0000E+00   0.0000E+00   0.0000E+00       0       0       0
   180.-  182.    0.0000E+00   0.0000E+00   0.0000E+00   0.0000E+00   0.0000E+00       0       0       0
   182.-  184.    0.0000E+00   0.0000E+00   0.0000E+00   0.0000E+00   0.0000E+00       0       0       0
   184.-  186.    0.0000E+00   0.0000E+00   0.0000E+00   0.0000E+00   0.0000E+00       0       0       0
   186.-  188.    0.0000E+00   0.0000E+00   0.0000E+00   0.0000E+00   0.0000E+00       0       0       0
   188.-  190.    0.0000E+00   0.0000E+00   0.0000E+00   0.0000E+00   0.0000E+00       0       0       0
   190.-  192.    0.0000E+00   0.0000E+00   0.0000E+00   0.0000E+00   0.0000E+00       0       0       0
   192.-  194.    0.0000E+00   0.0000E+00   0.0000E+00   0.0000E+00   0.0000E+00       0       0       0
   194.-  196.    0.0000E+00   0.0000E+00   0.0000E+00   0.0000E+00   0.0000E+00       0       0       0
   196.-  198.    0.0000E+00   0.0000E+00   0.0000E+00   0.0000E+00   0.0000E+00       0       0       0
   198.-  200.    0.0000E+00   0.0000E+00   0.0000E+00   0.0000E+00   0.0000E+00       0       0       0

                  8.9447E+06   1.6440E+08   1.3304E+08   3.4686E+07   9.8359E+07  587635  587635       0
1     BACKWARD SPUTTERING



        ALL SPUTTERED PARTICLES =   23389   TOTAL SPUTTERED ENERGY = 0.3276E+06 EV


        SPUTTERED PARTICLES (1.LAYER) =   23389   SPUTTERED ENERGY = 0.3276E+06 EV


 1.LAYER
         SPUTTERED PARTICLES(1) =   23389     SPUTTERED ENERGY(1) = 0.3276E+06 EV

         ION IN , PRIMARY KO(1) =    5305   0.2268   0.2268    ENERGY = 0.1049E+06 EV   0.3201   0.3201    MEAN ENERGY = 0.1977E+02
         ION IN , SECOND. KO(1) =   18084   0.7732   0.7732    ENERGY = 0.2227E+06 EV   0.6799   0.6799    MEAN ENERGY = 0.1232E+02
        ION OUT , PRIMARY KO(1) =       0   0.0000   0.0000    ENERGY = 0.0000E+00 EV   0.0000   0.0000    MEAN ENERGY = 0.0000E+00
        ION OUT , SECOND. KO(1) =       0   0.0000   0.0000    ENERGY = 0.0000E+00 EV   0.0000   0.0000    MEAN ENERGY = 0.0000E+00


     SPUTTERING YIELD(1) =  2.339E-01  SPUTTERED ENERGY(1) =  3.891E-03  REL.MEAN ENERGY(1) =  1.663E-02  MEAN ENERGY(1) =  1.401E+01

                       MEAN        VARIANCE      SKEWNESS      KURTOSIS        SIGMA       ERROR 1.M     ERROR 2.M     ERROR 3.M 
    ENERGY(1)       1.4007E+01    2.0743E+02    2.4531E+00    1.1862E+01    1.4402E+01    9.4173E-02    4.4702E+00    5.6280E-02
 LOGENERGY(1)       9.4428E-01    1.9931E-01   -3.8703E-01    3.1834E+00    4.4645E-01    2.9195E-03    1.9260E-03    1.6699E-02

                     1.MOMENT      2.MOMENT      3.MOMENT      4.MOMENT      5.MOMENT      6.MOMENT 
    ENERGY(1)       1.4007E+01    4.0361E+02    1.8792E+04    1.2036E+06    9.5570E+07    8.7956E+09
 LOGENERGY(1)       9.4428E-01    1.0910E+00    1.3722E+00    1.8578E+00    2.6480E+00    3.9449E+00



     POLAR ANGULAR DISTRIBUTION OF ALL BACKWARD SPUTTERED PARTICLES


       0.00  0.00  0.00  0.00  0.00  0.00  0.00  0.00  0.00  0.00  0.00  0.00  0.00  0.00  0.00  0.00  0.00  0.00  0.00  0.00

         48   165   298   429   529   686   804   982  1088  1274  1417  1495  1591  1675  1782  1778  1831  1790  1881  1846
      0.041 0.141 0.255 0.367 0.452 0.587 0.688 0.840 0.930 1.089 1.212 1.278 1.360 1.432 1.524 1.520 1.566 1.531 1.608 1.579
1 LOG ENERGY - COS OF EMISSION ANGLE (0.05 STEPS)   (BACKWARD SPUTTERED PARTICLES) ; 1. LAYER ; SPECIES 1


   0.0000E+00    1    2    3    4    5    6    7    8    9   10   11   12   13   14   15   16   17   18   19   20     0  0.0000E+00
   0.1000E+00    0    0    0    0    0    1    1    0    0    1    0    0    1    0    1    0    0    0    0    0     5  0.5000E-03
   0.1212E+00    0    0    0    0    0    0    0    0    0    0    0    0    0    0    0    0    0    0    0    0     0  0.0000E+00
   0.1468E+00    0    0    0    0    0    0    0    0    0    0    0    0    0    0    0    0    0    0    0    0     0  0.0000E+00
   0.1778E+00    0    0    0    0    0    0    0    0    0    0    0    0    0    0    0    0    0    0    0    0     0  0.0000E+00
   0.2154E+00    0    0    0    0    0    0    0    0    0    0    0    0    0    0    0    0    0    0    0    0     0  0.0000E+00
   0.2610E+00    0    0    0    0    0    0    0    0    0    0    0    0    0    0    0    0    0    0    0    0     0  0.0000E+00
   0.3162E+00    0    0    0    0    0    0    0    0    0    0    0    0    0    0    0    0    0    0    0    0     0  0.0000E+00
   0.3831E+00    0    0    0    0    0    0    0    0    0    0    0    0    0    0    0    0    0    0    0    0     0  0.0000E+00
   0.4642E+00    0    0    0    0    0    0    0    0    0    0    0    0    0    0    0    0    0    0    0    0     0  0.0000E+00
   0.5623E+00    0    0    0    0    0    0    0    0    0    0    0    0    0    0    0    0    0    0    0    0     0  0.0000E+00
   0.6813E+00    0    0    0    0    0    0    0    0    0    0    0    0    0    0    0    0    0    0    0    0     0  0.0000E+00
   0.8254E+00    0    0    0    0    0    0    0    0    0    0    0    0    0    0    0    0    0    0    0    0     0  0.0000E+00
   0.1000E+01    0    0    0    0    0    0    0    0    0    0    0    0    0    0    0    0    0    0    0    0     0  0.0000E+00
   0.1212E+01    0    0    0    0    0    0    0    0    0    0    0    0    0    0    0    0    0    0    0    0     0  0.0000E+00
   0.1468E+01    0    0    0    0    0    0    0    0    0    0    0    0    0    0    0    0    0    0    0    0     0  0.0000E+00
   0.1778E+01    0    0    0    0    0    0    0    0    0    0    0    0    0    0    0    0    0    0    0    0     0  0.0000E+00
   0.2154E+01    0    0    0    0    0    0    0    0    0    0    0    0    0    0    0    0    0    0    0    0     0  0.0000E+00
   0.2610E+01    0    0    0    0    0    0    0    0    0    0    0    0    0    0    0    0    0    0    0    0     0  0.0000E+00
   0.3162E+01    0    0    0    0    0    0    0    0    0    0    0    0    0    0    0    0    0    0    0    0     0  0.0000E+00
   0.3831E+01    0    0    0    0    0    0    0    0    0    0    0    0    0    0    0    0    0    0    0    0     0  0.0000E+00
   0.4642E+01    0    0    0    0    0    0    0    0    0    0    0    0    0    0    0    0    0    0    0    0     0  0.0000E+00
   0.5623E+01    0    0    0    0    0    0    0    0    0    0    0    0    0    0    0    0    0    0    0    0     0  0.0000E+00
   0.6813E+01    0    0    0    0    0    0    0    0    0    0    0    0    0    0    0    0    0    0    0    0     0  0.0000E+00
   0.8254E+01    0    0    0    0    0    0    0    0    0    0    0    0    0    0    0    0    0    0    0    0     0  0.0000E+00
   0.1000E+02    0    0    0    0    0    0    0    0    0    0    0    0    0    0    0    0    0    0    0    0     0  0.0000E+00
   0.1212E+02    0    0    0    0    0    0    0    0    0    0    0    0    0    0    0    0    0    0    0    0     0  0.0000E+00
   0.1468E+02    0    0    0    0    0    0    0    0    0    0    0    0    0    0    0    0    0    0    0    0     0  0.0000E+00
   0.1778E+02    0    0    0    0    0    0    0    0    0    0    0    0    0    0    0    0    0    0    0    0     0  0.0000E+00
   0.2154E+02    0    0    0    0    0    0    0    0    0    0    0    0    0    0    0    0    0    0    0    0     0  0.0000E+00
   0.2610E+02    0    0    0    0    0    0    0    0    0    0    0    0    0    0    0    0    0    0    0    0     0  0.0000E+00
   0.3162E+02    0    0    0    0    0    0    0    0    0    0    0    0    0    0    0    0    0    0    0    0     0  0.0000E+00
   0.3831E+02    0    0    0    0    0    0    0    0    0    0    0    0    0    0    0    0    0    0    0    0     0  0.0000E+00
   0.4642E+02    0    0    0    0    0    0    0    0    0    0    0    0    0    0    0    0    0    0    0    0     0  0.0000E+00
   0.5623E+02    0    0    0    0    0    0    0    0    0    0    0    0    0    0    0    0    0    0    0    0     0  0.0000E+00
   0.6813E+02    0    0    0    0    0    0    0    0    0    0    0    0    0    0    0    0    0    0    0    0     0  0.0000E+00
   0.8254E+02    0    0    0    0    0    0    0    0    0    0    0    0    0    0    0    0    0    0    0    0     0  0.0000E+00
   0.1000E+03    0    0    0    0    0    0    0    0    0    0    0    0    0    0    0    0    0    0    0    0     0  0.0000E+00
   0.1212E+03    0    0    0    0    0    0    0    0    0    0    0    0    0    0    0    0    0    0    0    0     0  0.0000E+00
   0.1468E+03    0    0    0    0    0    0    0    0    0    0    0    0    0    0    0    0    0    0    0    0     0  0.0000E+00
   0.1778E+03    0    0    0    0    0    0    0    0    0    0    0    0    0    0    0    0    0    0    0    0     0  0.0000E+00
   0.2154E+03    0    0    0    0    0    0    0    0    0    0    0    0    0    0    0    0    0    0    0    0     0  0.0000E+00
   0.2610E+03    0    0    0    0    0    0    0    0    0    0    0    0    0    0    0    0    0    0    0    0     0  0.0000E+00
   0.3162E+03    0    0    0    0    0    0    0    0    0    0    0    0    0    0    0    0    0    0    0    0     0  0.0000E+00
   0.3831E+03    0    0    0    0    0    0    0    0    0    0    0    0    0    0    0    0    0    0    0    0     0  0.0000E+00
   0.4642E+03    0    0    0    0    0    0    0    0    0    0    0    0    0    0    0    0    0    0    0    0     0  0.0000E+00
   0.5623E+03    0    0    0    0    0    0    0    0    0    0    0    0    0    0    0    0    0    0    0    0     0  0.0000E+00
   0.6813E+03    0    0    0    0    0    0    0    0    0    0    0    0    0    0    0    0    0    0    0    0     0  0.0000E+00
   0.8254E+03    0    0    0    0    0    0    0    0    0    0    0    0    0    0    0    0    0    0    0    0     0  0.0000E+00
   0.1000E+04    0    0    0    0    0    0    0    0    0    0    0    0    0    0    0    0    0    0    0    0     0  0.0000E+00
   0.1212E+04    0    0    0    0    0    0    0    0    0    0    0    0    0    0    0    0    0    0    0    0     0  0.0000E+00
   0.1468E+04    0    0    0    0    0    0    0    0    0    0    0    0    0    0    0    0    0    0    0    0     0  0.0000E+00
   0.1778E+04    0    0    0    0    0    0    0    0    0    0    0    0    0    0    0    0    0    0    0    0     0  0.0000E+00
   0.2154E+04    0    0    0    0    0    0    0    0    0    0    0    0    0    0    0    0    0    0    0    0     0  0.0000E+00
   0.2610E+04    0    0    0    0    0    0    0    0    0    0    0    0    0    0    0    0    0    0    0    0     0  0.0000E+00
   0.3162E+04    0    0    0    0    0    0    0    0    0    0    0    0    0    0    0    0    0    0    0    0     0  0.0000E+00
   0.3831E+04    0    0    0    0    0    0    0    0    0    0    0    0    0    0    0    0    0    0    0    0     0  0.0000E+00
   0.4642E+04    0    0    0    0    0    0    0    0    0    0    0    0    0    0    0    0    0    0    0    0     0  0.0000E+00
   0.5623E+04    0    0    0    0    0    0    0    0    0    0    0    0    0    0    0    0    0    0    0    0     0  0.0000E+00
   0.6813E+04    0    0    0    0    0    0    0    0    0    0    0    0    0    0    0    0    0    0    0    0     0  0.0000E+00
   0.8254E+04    0    0    0    0    0    0    0    0    0    0    0    0    0    0    0    0    0    0    0    0     0  0.0000E+00
   0.1000E+05    0    0    0    0    0    0    0    0    0    0    0    0    0    0    0    0    0    0    0    0     0  0.0000E+00
   0.1212E+05    0    0    0    0    0    0    0    0    0    0    0    0    0    0    0    0    0    0    0    0     0  0.0000E+00
   0.1468E+05    0    0    0    0    0    0    0    0    0    0    0    0    0    0    0    0    0    0    0    0     0  0.0000E+00
   0.1778E+05    0    0    0    0    0    0    0    0    0    0    0    0    0    0    0    0    0    0    0    0     0  0.0000E+00
   0.2154E+05    0    0    0    0    0    0    0    0    0    0    0    0    0    0    0    0    0    0    0    0     0  0.0000E+00
   0.2610E+05    0    0    0    0    0    0    0    0    0    0    0    0    0    0    0    0    0    0    0    0     0  0.0000E+00
   0.3162E+05    0    0    0    0    0    0    0    0    0    0    0    0    0    0    0    0    0    0    0    0     0  0.0000E+00
   0.3831E+05    0    0    0    0    0    0    0    0    0    0    0    0    0    0    0    0    0    0    0    0     0  0.0000E+00
   0.4642E+05    0    0    0    0    0    0    0    0    0    0    0    0    0    0    0    0    0    0    0    0     0  0.0000E+00
   0.5623E+05    0    0    0    0    0    0    0    0    0    0    0    0    0    0    0    0    0    0    0    0     0  0.0000E+00
   0.6813E+05    0    0    0    0    0    0    0    0    0    0    0    0    0    0    0    0    0    0    0    0     0  0.0000E+00
   0.8254E+05    0    0    0    0    0    0    0    0    0    0    0    0    0    0    0    0    0    0    0    0     0  0.0000E+00
   0.1000E+06    0    0    0    0    0    0    0    0    0    0    0    0    0    0    0    0    0    0    0    0     0  0.0000E+00
   0.0000E+00   96  330  596  858 1058 1371 1607 1964 2176 2547 2834 2990 3181 3350 3563 3556 3662 3580 3762 3692 46773  0.0000E+00
1ENERGY(E/E0 IN %) - POLAR ANGLE IN COS-INTERVALS (0.05)  (BACKWARD SPUTTERED PARTICLES) , 1.LAYER , SPECIES 1

     0    1    2    3    4    5    6    7    8    9   10   11   12   13   14   15   16   17   18   19   20      0
     1   22   78  145  203  235  312  336  437  456  544  587  585  659  771  807  788  852  921  995 1022  10755
     2   12   55   80  111  131  185  219  255  289  305  394  414  441  399  446  494  504  466  500  472   6172
     3    5   14   39   54   83   91  101  118  139  180  175  217  201  220  212  216  217  213  195  184   2874
     4    5   15   14   22   41   40   63   77   81  109  105  118  115  102  134  122  110   79   75   95   1522
     5    2    0    9   23   13   27   37   41   48   62   57   74   66   71   81   74   59   54   50   42    890
     6    2    1    5   10    8   18   26   22   26   24   38   26   44   38   37   27   29   24   37   11    453
     7    0    0    1    4    8    3   10   15   26   24   19   20   21   23   26   24   20   14   18   11    287
     8    0    1    3    0    3    7    4    8    7   10   21   13   16   25   13    8   12    4    7    4    166
     9    0    1    2    1    3    2    3    5    4    7    8   12   11   10    8   11    6    6    1    1    102
    10    0    0    0    1    1    0    1    1    5    2    3    6    6    6    7    6   11    5    2    1     64
    11    0    0    0    0    0    1    1    2    3    1    4    4    5    3    2    2    3    2    0    2     35
    12    0    0    0    0    2    0    1    1    2    2    4    4    1    3    4    3    2    1    0    1     31
    13    0    0    0    0    0    0    1    0    2    1    0    0    3    2    2    0    2    0    1    0     14
    14    0    0    0    0    1    0    0    0    0    2    2    2    0    0    0    2    1    0    0    0     10
    15    0    0    0    0    0    0    0    0    0    1    0    0    2    1    1    1    2    0    0    0      8
    16    0    0    0    0    0    0    1    0    0    0    0    0    0    1    0    0    1    0    0    0      3
    17    0    0    0    0    0    0    0    0    0    0    0    0    0    0    1    0    0    1    0    0      2
    18    0    0    0    0    0    0    0    0    0    0    0    0    0    0    0    0    0    0    0    0      0
    19    0    0    0    0    0    0    0    0    0    0    0    0    0    0    1    0    0    0    0    0      1
    20    0    0    0    0    0    0    0    0    0    0    0    0    0    0    0    0    0    0    0    0      0
    21    0    0    0    0    0    0    0    0    0    0    0    0    0    0    0    0    0    0    0    0      0
    22    0    0    0    0    0    0    0    0    0    0    0    0    0    0    0    0    0    0    0    0      0
    23    0    0    0    0    0    0    0    0    0    0    0    0    0    0    0    0    0    0    0    0      0
    24    0    0    0    0    0    0    0    0    0    0    0    0    0    0    0    0    0    0    0    0      0
    25    0    0    0    0    0    0    0    0    0    0    0    0    0    0    0    0    0    0    0    0      0
    26    0    0    0    0    0    0    0    0    0    0    0    0    0    0    0    0    0    0    0    0      0
    27    0    0    0    0    0    0    0    0    0    0    0    0    0    0    0    0    0    0    0    0      0
    28    0    0    0    0    0    0    0    0    0    0    0    0    0    0    0    0    0    0    0    0      0
    29    0    0    0    0    0    0    0    0    0    0    0    0    0    0    0    0    0    0    0    0      0
    30    0    0    0    0    0    0    0    0    0    0    0    0    0    0    0    0    0    0    0    0      0
    31    0    0    0    0    0    0    0    0    0    0    0    0    0    0    0    0    0    0    0    0      0
    32    0    0    0    0    0    0    0    0    0    0    0    0    0    0    0    0    0    0    0    0      0
    33    0    0    0    0    0    0    0    0    0    0    0    0    0    0    0    0    0    0    0    0      0
    34    0    0    0    0    0    0    0    0    0    0    0    0    0    0    0    0    0    0    0    0      0
    35    0    0    0    0    0    0    0    0    0    0    0    0    0    0    0    0    0    0    0    0      0
    36    0    0    0    0    0    0    0    0    0    0    0    0    0    0    0    0    0    0    0    0      0
    37    0    0    0    0    0    0    0    0    0    0    0    0    0    0    0    0    0    0    0    0      0
    38    0    0    0    0    0    0    0    0    0    0    0    0    0    0    0    0    0    0    0    0      0
    39    0    0    0    0    0    0    0    0    0    0    0    0    0    0    0    0    0    0    0    0      0
    40    0    0    0    0    0    0    0    0    0    0    0    0    0    0    0    0    0    0    0    0      0
    41    0    0    0    0    0    0    0    0    0    0    0    0    0    0    0    0    0    0    0    0      0
    42    0    0    0    0    0    0    0    0    0    0    0    0    0    0    0    0    0    0    0    0      0
    43    0    0    0    0    0    0    0    0    0    0    0    0    0    0    0    0    0    0    0    0      0
    44    0    0    0    0    0    0    0    0    0    0    0    0    0    0    0    0    0    0    0    0      0
    45    0    0    0    0    0    0    0    0    0    0    0    0    0    0    0    0    0    0    0    0      0
    46    0    0    0    0    0    0    0    0    0    0    0    0    0    0    0    0    0    0    0    0      0
    47    0    0    0    0    0    0    0    0    0    0    0    0    0    0    0    0    0    0    0    0      0
    48    0    0    0    0    0    0    0    0    0    0    0    0    0    0    0    0    0    0    0    0      0
    49    0    0    0    0    0    0    0    0    0    0    0    0    0    0    0    0    0    0    0    0      0
    50    0    0    0    0    0    0    0    0    0    0    0    0    0    0    0    0    0    0    0    0      0
    51    0    0    0    0    0    0    0    0    0    0    0    0    0    0    0    0    0    0    0    0      0
    52    0    0    0    0    0    0    0    0    0    0    0    0    0    0    0    0    0    0    0    0      0
    53    0    0    0    0    0    0    0    0    0    0    0    0    0    0    0    0    0    0    0    0      0
    54    0    0    0    0    0    0    0    0    0    0    0    0    0    0    0    0    0    0    0    0      0
    55    0    0    0    0    0    0    0    0    0    0    0    0    0    0    0    0    0    0    0    0      0
    56    0    0    0    0    0    0    0    0    0    0    0    0    0    0    0    0    0    0    0    0      0
    57    0    0    0    0    0    0    0    0    0    0    0    0    0    0    0    0    0    0    0    0      0
    58    0    0    0    0    0    0    0    0    0    0    0    0    0    0    0    0    0    0    0    0      0
    59    0    0    0    0    0    0    0    0    0    0    0    0    0    0    0    0    0    0    0    0      0
    60    0    0    0    0    0    0    0    0    0    0    0    0    0    0    0    0    0    0    0    0      0
    61    0    0    0    0    0    0    0    0    0    0    0    0    0    0    0    0    0    0    0    0      0
    62    0    0    0    0    0    0    0    0    0    0    0    0    0    0    0    0    0    0    0    0      0
    63    0    0    0    0    0    0    0    0    0    0    0    0    0    0    0    0    0    0    0    0      0
    64    0    0    0    0    0    0    0    0    0    0    0    0    0    0    0    0    0    0    0    0      0
    65    0    0    0    0    0    0    0    0    0    0    0    0    0    0    0    0    0    0    0    0      0
    66    0    0    0    0    0    0    0    0    0    0    0    0    0    0    0    0    0    0    0    0      0
    67    0    0    0    0    0    0    0    0    0    0    0    0    0    0    0    0    0    0    0    0      0
    68    0    0    0    0    0    0    0    0    0    0    0    0    0    0    0    0    0    0    0    0      0
    69    0    0    0    0    0    0    0    0    0    0    0    0    0    0    0    0    0    0    0    0      0
    70    0    0    0    0    0    0    0    0    0    0    0    0    0    0    0    0    0    0    0    0      0
    71    0    0    0    0    0    0    0    0    0    0    0    0    0    0    0    0    0    0    0    0      0
    72    0    0    0    0    0    0    0    0    0    0    0    0    0    0    0    0    0    0    0    0      0
    73    0    0    0    0    0    0    0    0    0    0    0    0    0    0    0    0    0    0    0    0      0
    74    0    0    0    0    0    0    0    0    0    0    0    0    0    0    0    0    0    0    0    0      0
    75    0    0    0    0    0    0    0    0    0    0    0    0    0    0    0    0    0    0    0    0      0
    76    0    0    0    0    0    0    0    0    0    0    0    0    0    0    0    0    0    0    0    0      0
    77    0    0    0    0    0    0    0    0    0    0    0    0    0    0    0    0    0    0    0    0      0
    78    0    0    0    0    0    0    0    0    0    0    0    0    0    0    0    0    0    0    0    0      0
    79    0    0    0    0    0    0    0    0    0    0    0    0    0    0    0    0    0    0    0    0      0
    80    0    0    0    0    0    0    0    0    0    0    0    0    0    0    0    0    0    0    0    0      0
    81    0    0    0    0    0    0    0    0    0    0    0    0    0    0    0    0    0    0    0    0      0
    82    0    0    0    0    0    0    0    0    0    0    0    0    0    0    0    0    0    0    0    0      0
    83    0    0    0    0    0    0    0    0    0    0    0    0    0    0    0    0    0    0    0    0      0
    84    0    0    0    0    0    0    0    0    0    0    0    0    0    0    0    0    0    0    0    0      0
    85    0    0    0    0    0    0    0    0    0    0    0    0    0    0    0    0    0    0    0    0      0
    86    0    0    0    0    0    0    0    0    0    0    0    0    0    0    0    0    0    0    0    0      0
    87    0    0    0    0    0    0    0    0    0    0    0    0    0    0    0    0    0    0    0    0      0
    88    0    0    0    0    0    0    0    0    0    0    0    0    0    0    0    0    0    0    0    0      0
    89    0    0    0    0    0    0    0    0    0    0    0    0    0    0    0    0    0    0    0    0      0
    90    0    0    0    0    0    0    0    0    0    0    0    0    0    0    0    0    0    0    0    0      0
    91    0    0    0    0    0    0    0    0    0    0    0    0    0    0    0    0    0    0    0    0      0
    92    0    0    0    0    0    0    0    0    0    0    0    0    0    0    0    0    0    0    0    0      0
    93    0    0    0    0    0    0    0    0    0    0    0    0    0    0    0    0    0    0    0    0      0
    94    0    0    0    0    0    0    0    0    0    0    0    0    0    0    0    0    0    0    0    0      0
    95    0    0    0    0    0    0    0    0    0    0    0    0    0    0    0    0    0    0    0    0      0
    96    0    0    0    0    0    0    0    0    0    0    0    0    0    0    0    0    0    0    0    0      0
    97    0    0    0    0    0    0    0    0    0    0    0    0    0    0    0    0    0    0    0    0      0
    98    0    0    0    0    0    0    0    0    0    0    0    0    0    0    0    0    0    0    0    0      0
    99    0    0    0    0    0    0    0    0    0    0    0    0    0    0    0    0    0    0    0    0      0
   100    0    0    0    0    0    0    0    0    0    0    0    0    0    0    0    0    0    0    0    0      0
     0   48  165  298  429  529  686  804  982 1088 1274 1417 1495 1591 1675 1782 1778 1831 1790 1881 1846  23389
1AZIMUTHAL ANGLE - POLAR ANGLE IN COS-INTERVALS (0.05) (BACKWARD SPUTTERED PARTICLES) , 1.LAYER , SPECIES 1

     0    1    2    3    4    5    6    7    8    9   10   11   12   13   14   15   16   17   18   19   20      0
     3    1    2    3    4    8   13   15   21   21   29   17   30   21   28   29   25   31   24   27   25    374
     6    1    1    7    9    9    8   10   10   18   19   24   22   28   32   30   31   19   40   31   26    375
     9    1    1    3    6    8   16   10   15   15   20   18   26   20   17   24   25   25   24   29   42    345
    12    0    2    4    3   13   12   11   15   14   28   34   22   21   34   29   31   33   16   42   25    389
    15    2    4    4    8    9   11   14   15   20   34   18   21   23   36   41   49   24   29   31   33    426
    18    1    2    3   13    7   11   10   22   13   14   24   19   30   23   44   27   21   30   27   28    369
    21    0    1    3    6   13   10   13   14   16   18   15   17   29   22   37   25   31   31   27   35    363
    24    0    1    5    8   11   17   17   14   27   20   28   16   29   31   37   35   29   31   29   25    410
    27    0    0    6    7    3   13   10   11   22   19   24   18   28   21   29   28   40   33   40   29    381
    30    0    4    8    5   10   13   17   22   24   30   25   15   29   29   20   19   34   28   26   48    406
    33    1    1    6    8   12   10   17   22   18   20   25   38   27   33   17   30   20   32   33   19    389
    36    0    4    3    8    7   11   10   10   11   18   19   23   37   23   43   30   28   22   36   28    371
    39    0    4    6   11   13    7   12   19   10   21   21   25   36   31   28   31   37   25   29   38    404
    42    0    3    4    4    8    6   11   22   13   26   24   22   21   26   25   37   34   27   33   32    378
    45    3    2    4    9    9    9   11   13   21   26   33   30   27   28   30   19   28   34   33   26    395
    48    0    2    2    8    9   12   19   21   13   19   25   27   36   24   35   23   34   35   33   21    398
    51    2    6    1    3    8   11   11   14   26   23   15   23   21   35   43   34   40   29   29   25    399
    54    1    2    2    3   12   11   15   15   14   22   25   25   25   39   26   29   23   40   29   30    388
    57    1    2    5   11    4   10   13   21   13   21   12   24   22   28   28   36   38   27   32   28    376
    60    1    1    6   11    9   13   15   13   21   22   27   35   28   31   39   27   30   31   32   46    438
    63    3    2    5   11   15    5   14   17   17   22   20   26   29   30   27   24   44   40   39   37    427
    66    0    4    3    6   11    6    8   23   15   36   32   23   23   27   29   27   33   30   32   33    401
    69    0    5    9    9   12   11   17   14   16   18   26   32   25   21   36   29   34   36   25   26    401
    72    1    4   10    7   11   11   11   14   19   14   18   27   23   29   23   29   25   26   39   39    380
    75    1    6    7    4   10    6   13   19   20   20   24   27   24   25   25   24   27   26   31   39    378
    78    1    1    8    5    5    6   13   20   16   25   22   21   25   29   25   39   36   21   29   30    377
    81    1    3    7    3    8    6   16   13   15   18   25   26   34   31   32   29   35   32   33   36    403
    84    0    1    3    6   10   10   12   17   25   17   20   31   26   22   37   24   26   26   36   42    391
    87    1    4    7    7    7   10   15    7   18   21   28   22   27   29   25   33   22   27   38   25    373
    90    0    3    5    8    6    9   11   16   24   14   30   31   34   31   23   32   28   30   25   28    388
    93    2    1    6   10    4   17   14   20   16   17   21   20   39   25   19   28   33   33   29   31    385
    96    1    2    1    9    9   16   13   19   35   21   24   23   19   34   22   29   26   42   33   28    406
    99    0    4    6   12   10   16   11   12   17   20   16   25   24   24   38   34   33   26   34   36    398
   102    0    1    2    6   13   14   18   23   13   32   20   30   26   24   26   36   35   39   28   28    414
   105    0    3   10    7   11   11   18   18   28   23   24   25   24   33   30   22   25   27   26   33    398
   108    2    3    5    7    9   11   10   20   25   15   29   22   33   42   34   32   34   30   24   38    425
   111    2    2   10    6    7    9    9   16   13   18   25   24   25   27   26   29   29   45   38   23    383
   114    0    2   10   11   13   11    8   18   18   17   24   26   21   25   34   28   24   31   35   26    382
   117    0    4    3    7    8    5   17   17   21   23   22   25   22   26   30   37   42   32   27   24    392
   120    1    3    0    6   12   14   18   17   17   23   21   22   24   34   30   36   29   33   32   32    404
   123    1    4    2    9   12   11   18   21   20   18   25   23   29   22   40   40   32   45   27   28    427
   126    1    1    7    5   10   14   17   12   25   23   23   29   27   29   28   25   38   33   25   35    407
   129    1    4    4    5    7   16   11   18   14   16   30   24   25   24   32   26   26   22   32   27    364
   132    1    3    3    9    5   10   15   15   16   19   27   27   30   30   25   27   32   37   25   36    392
   135    1    1    4    6    9   20    8   14   20   21   32   40   17   28   23   32   33   38   26   27    400
   138    2    6    4    8    9   14   12   17   21   24   19   24   22   26   37   33   22   20   33   27    380
   141    1    1    5    3    8   17   14   17   17   18   18   22   21   24   39   39   26   24   44   26    384
   144    2    3    9    7    4   11   11   20   21   27   21   37   39   23   34   29   34   18   30   29    409
   147    0    2    4    5    8    8   12   15   14   23   24   33   24   24   21   26   29   30   31   29    362
   150    0    2    3    5    5    9   16   16   12   15   25   25   26   30   28   23   35   35   28   30    368
   153    0    3    4    6    7   15   19   17   20   20   18   25   17   30   24   27   29   17   28   31    357
   156    1    1    6   10    5    7   12   13   14   19   28   27   22   29   25   37   35   32   34   35    392
   159    1    3    7    6    8   11   16   14   23   20   17   27   23   25   29   30   24   38   34   23    379
   162    2    5    3    5    8    9   16   10   16   17   20   22   32   23   29   23   24   25   26   31    346
   165    1    4    5   12   10   19   17   19   18   22   27   24   35   20   28   23   33   32   24   42    415
   168    0    3    3    2   10   17   12   18   13   19   27   13   25   24   20   27   37   29   38   29    366
   171    1    6    5    8   15   15   11   11   22   18   17   16   29   41   27   25   43   28   40   33    411
   174    0    3    8    7    6   11   14   16   18   28   30   22   24   36   31   32   21   26   36   25    394
   177    1    4    4    7    6   11   14   16   13   24   33   26   30   23   30   31   29   21   29   26    378
   180    0    3    6   12    4   13   12   14   13   20   32   23   29   25   27   31   30   20   30   34    378
     0   48  165  298  429  529  686  804  982 1088 1274 1417 1495 1591 1675 1782 1778 1831 1790 1881 1846  23389
