1
      *** PROGRAM TRVMC95 ***


                              * INPUT DATA *


       Z1        M1          E0       ALPHA       EF        ESB      SHEATH     ERC
     18.00     39.95      1208.00      0.00      0.10      0.00   3624.00      4.70

       NH        RI           X0        RD        CW        CA       KK0   KK0R   KDEE1  KDEE2  IPOT   IPOTR   IRL
     99999 716381.00         0.00    100.00      2.00      1.00       2      2      3      3      1      1      3


             DX      RHO    CK  Z(,1) Z(,2) Z(,3) Z(,4) Z(,5)  M(,1)  M(,2)  M(,3)  M(,4)  M(,5) C(,1) C(,2) C(,3) C(,4) C(,5)

 1.LAYER 10000.00   2.25   1.00    6.    0.    0.    0.    0.  12.01   0.00   0.00   0.00   0.00 1.000 0.000 0.000 0.000 0.000


                           ***  SBE(LAYER,ELEMENT)  ***     ***     ED(LAYER,ELEMENT)     ***     ***   BE(LAYER,ELEMENT)  ***

 1.LAYER                   7.41  0.00  0.00  0.00  0.00     30.00   0.00   0.00   0.00   0.00     0.10  0.00  0.00  0.00  0.00


       INTERACTION POTENTIAL : PROJECTILE-TARGET : KR-C POTENTIAL     TARGET-TARGET : KR-C POTENTIAL    


       INELASTIC LOSS MODEL  : PROJECTILE-TARGET : 50% LS 50% OR      TARGET-TARGET : 50% LS 50% OR     
1

                              * OUTPUT DATA *


                 HLM       HLMT        SU       SUT        XC        RT       SFE      INEL         L        LJ
               0.0000 10000.000    3.5029 10003.503   -3.5029  9900.000      7.41         0         1         1


                NPROJ       KIB       KIT      MAXA      NALL       NPA       NSA       KIS      KIST
                29629         0         0       267  22737969   1609656  12583675     81614         0


            EPS0(I)       Z2(I)       M2(I)     ARHO(I)       LM(I)     PMAX(I)     ASIG(I)       SB(I)       XX(I)        NJ(I)

 1.LAYER   0.2369E-01  0.6000E+01  0.1201E+02  0.1128E+00  0.2070E+01  0.1168E+01  0.2335E+00  0.7410E+01  0.1000E+05         1


             A1(1)   A1(2)   A1(3)   A1(4)   A1(5)   A1(6)   A1(7)   A1(8)   A1(9)  A1(10)  A1(11)  A1(12)  A1(13)  A1(14)  A1(15)

           0.13193


           KOR1(1) KOR1(2) KOR1(3) KOR1(4) KOR1(5) KOR1(6) KOR1(7) KOR1(8) KOR1(9) KOR1(A) KOR1(B) KOR1(C) KOR1(D) KOR1(E) KOR1(F)

           0.73577


            A(I,1)  A(I,2)  A(I,3)  A(I,4)  A(I,5)  A(I,6)  A(I,7)  A(I,8)  A(I,9) A(I,10) A(I,11) A(I,12) A(I,13) A(I,14) A(I,15)

           0.16242


           KOR(,1) KOR(,2) KOR(,3) KOR(,4) KOR(,5) KOR(,6) KOR(,7) KOR(,8) KOR(,9) KOR(,A) KOR(,B) KOR(,C) KOR(,D) KOR(,E) KOR(,F)

           0.46963
1

         IMPLANTED PARTICLES=  99999     ENERGY=0.1208E+09 EV
     BACKSCATTERED PARTICLES=      0     ENERGY=0.0000E+00 EV
       TRANSMITTED PARTICLES=      0     ENERGY=0.0000E+00 EV
     BACKSPUTTERED PARTICLES=  31902     ENERGY=0.5412E+06 EV
    TRANSM. SPUTT. PARTICLES=      0     ENERGY=0.0000E+00 EV


  PROJECTILES :   MEAN NUMBER OF ELASTIC COLLISIONS =     17.3   MEAN NUMBER OF EL.COLL.(E > EDISPL.) =    7.580
                                                                 MEAN NUMBER OF EL.COLL.(E > SB(1))   =   15.193

                       MEAN        VARIANCE      SKEWNESS      KURTOSIS        SIGMA       ERROR 1.M     ERROR 2.M     ERROR 3.M 
  PENETRATION       2.8697E+01    6.9207E+01    3.9975E-01    2.9719E+00    8.3191E+00    2.6307E-02    3.0732E-01    7.1979E-03
       SPREAD       9.8071E+00    2.8566E+01    7.3839E-01    3.4794E+00    5.3447E+00    1.6902E-02    1.4224E-01    8.4712E-03
   PATHLENGTH       3.3812E+01    7.8743E+01    3.3765E-01    2.8978E+00    8.8737E+00    2.8061E-02    3.4304E-01    6.9679E-03
 ELASTIC LOSS       1.1433E+03    4.2859E+02                                2.0702E+01    2.0703E-04
   INEL. LOSS       6.4715E+01    4.2859E+02                                2.0702E+01    2.0703E-04

                       MEAN        VARIANCE      SKEWNESS      KURTOSIS        SIGMA       ERROR 1.M     ERROR 2.M     ERROR 3.M 
   ELAST.LOSS       6.2345E+01    1.0092E+04    3.4479E+00    1.7545E+01    1.0046E+02    7.6469E-02    3.1248E+01    5.4488E-03
 WEAK EL.LOSS       3.8960E+00    6.7211E+00    8.6496E-01    3.1907E+00    2.5925E+00    1.9734E-03    7.5721E-03    1.3936E-03
 INELAST.LOSS       3.7495E+00    5.3201E+00    7.5464E-03    1.7785E+00    2.3065E+00    1.7557E-03    3.5730E-03    1.1447E-03
  SUBTHR.LOSS       1.3757E+01    5.6812E+01    2.2164E-01    2.2676E+00    7.5374E+00    7.6611E-03    6.5013E-02    1.4078E-03

                     1.MOMENT      2.MOMENT      3.MOMENT      4.MOMENT      5.MOMENT      6.MOMENT 
  PENETRATION       2.8697E+01    8.9275E+02    2.9822E+04    1.0608E+06    3.9901E+07    1.5773E+09



  RECOILES (PER PROJ.)   :   MEAN NUMBER OF ELASTIC COLLISIONS =    222.5   MEAN NUMBER OF EL.COLL.(E > EDISPL.) =      9.460
                                                                            MEAN NUMBER OF EL.COLL.(E > SB(1))   =     67.858

  RECOILES (PER KNOCKON) :   MEAN NUMBER OF ELASTIC COLLISIONS =    1.568   MEAN NUMBER OF EL.COLL.(E > EDISPL.) =      0.067
                                                                            MEAN NUMBER OF EL.COLL.(E > SB(1))   =      0.478

1


     DEPTH(A)  PARTICLES  NORM.DEPTH PATHLENGTH   INLOSS(EV)  TELOSS(EV)  ELLOSS(EV)  DAMAGE(EV)  PHONON(EV)  CASCAD(EV)     DPA

    -SU-    0.         0  0.0000E+00
     0.-    2.         0  0.0000E+00         0    6.5918E+05  1.0493E+07  1.0299E+07  9.6665E+06  6.3224E+05  8.1496E+06   50723
     2.-    4.         0  0.0000E+00         0    6.5230E+05  1.0140E+07  9.9242E+06  9.2808E+06  6.4338E+05  7.8400E+06   51814
     4.-    6.         2  0.2000E-04         0    6.2020E+05  9.8730E+06  9.6297E+06  8.9610E+06  6.6875E+05  7.5865E+06   53343
     6.-    8.        15  0.1500E-03         0    5.8429E+05  9.5830E+06  9.3054E+06  8.6174E+06  6.8800E+05  7.3131E+06   55161
     8.-   10.       126  0.1260E-02         3    5.4754E+05  9.1942E+06  8.8769E+06  8.1577E+06  7.1916E+05  6.9397E+06   56715
    10.-   12.       573  0.5730E-02        28    5.0788E+05  8.7290E+06  8.3652E+06  7.6017E+06  7.6346E+05  6.4828E+06   57574
    12.-   14.      1350  0.1350E-01       161    4.6642E+05  8.2753E+06  7.8654E+06  7.0555E+06  8.0992E+05  6.0300E+06   57350
    14.-   16.      2717  0.2717E-01       584    4.2212E+05  7.6960E+06  7.2435E+06  6.3862E+06  8.5731E+05  5.4698E+06   55753
    16.-   18.      4297  0.4297E-01      1277    3.7773E+05  7.0466E+06  6.5607E+06  5.6657E+06  8.9498E+05  4.8632E+06   53311
    18.-   20.      5834  0.5834E-01      2439    3.2936E+05  6.3001E+06  5.8006E+06  4.9061E+06  8.9450E+05  4.2195E+06   49233
    20.-   22.      7478  0.7478E-01      3681    2.8254E+05  5.5608E+06  5.0646E+06  4.1817E+06  8.8287E+05  3.6021E+06   44029
    22.-   24.      8585  0.8585E-01      5269    2.3812E+05  4.7610E+06  4.2833E+06  3.4401E+06  8.4328E+05  2.9684E+06   38458
    24.-   26.      9176  0.9176E-01      6669    1.9422E+05  3.9742E+06  3.5345E+06  2.7711E+06  7.6344E+05  2.3948E+06   32589
    26.-   28.      9520  0.9520E-01      7719    1.5605E+05  3.2545E+06  2.8606E+06  2.1726E+06  6.8802E+05  1.8801E+06   26741
    28.-   30.      9113  0.9113E-01      8775    1.2204E+05  2.5961E+06  2.2575E+06  1.6672E+06  5.9025E+05  1.4442E+06   21190
    30.-   32.      8431  0.8431E-01      8954    9.2817E+04  1.9930E+06  1.7098E+06  1.2118E+06  4.9800E+05  1.0515E+06   16306
    32.-   34.      7353  0.7353E-01      9016    6.8726E+04  1.4811E+06  1.2530E+06  8.5077E+05  4.0225E+05  7.3931E+05   11951
    34.-   36.      6316  0.6316E-01      8559    5.0119E+04  1.1066E+06  9.2710E+05  6.0981E+05  3.1729E+05  5.3025E+05    8801
    36.-   38.      5236  0.5236E-01      7584    3.5018E+04  7.8045E+05  6.4572E+05  4.0672E+05  2.3900E+05  3.5401E+05    6082
    38.-   40.      4115  0.4115E-01      6832    2.3805E+04  5.3841E+05  4.4004E+05  2.6576E+05  1.7428E+05  2.3151E+05    4078
    40.-   42.      3105  0.3105E-01      5687    1.5853E+04  3.6191E+05  2.9247E+05  1.6836E+05  1.2411E+05  1.4680E+05    2675
    42.-   44.      2247  0.2247E-01      4380    1.0126E+04  2.3372E+05  1.8681E+05  1.0321E+05  8.3600E+04  9.0104E+04    1698
    44.-   46.      1618  0.1618E-01      3434    6.4479E+03  1.5120E+05  1.2012E+05  6.4625E+04  5.5498E+04  5.6398E+04    1057
    46.-   48.      1103  0.1103E-01      2709    3.8407E+03  9.0859E+04  7.1168E+04  3.6179E+04  3.4989E+04  3.1605E+04     614
    48.-   50.       693  0.6930E-02      2064    2.1523E+03  5.1523E+04  3.9728E+04  1.8707E+04  2.1022E+04  1.6386E+04     347
    50.-   52.       439  0.4390E-02      1454    1.2392E+03  2.9488E+04  2.2570E+04  1.0570E+04  1.2000E+04  9.2611E+03     198
    52.-   54.       261  0.2610E-02      1000    6.5785E+02  1.5604E+04  1.1598E+04  4.4989E+03  7.0996E+03  3.9423E+03      86
    54.-   56.       142  0.1420E-02       699    3.4330E+02  8.3049E+03  6.2278E+03  2.5228E+03  3.7050E+03  2.2103E+03      47
    56.-   58.        64  0.6400E-03       413    1.6133E+02  3.7052E+03  2.6658E+03  6.3051E+02  2.0353E+03  5.5516E+02      14
    58.-   60.        47  0.4700E-03       278    9.2848E+01  2.3100E+03  1.7534E+03  7.8551E+02  9.6791E+02  6.8636E+02      13
    60.-   62.        24  0.2400E-03       158    4.3734E+01  1.0039E+03  7.0990E+02  1.8121E+02  5.2868E+02  1.5963E+02       4
    62.-   64.        11  0.1100E-03        81    1.8768E+01  4.2821E+02  3.0223E+02  8.5011E+01  2.1721E+02  7.4962E+01       2
    64.-   66.         5  0.5000E-04        42    7.6833E+00  2.4113E+02  1.9892E+02  1.5101E+02  4.7911E+01  1.3276E+02       3
    66.-   68.         1  0.1000E-04        26    3.9463E+00  1.0479E+02  7.6375E+01  4.0581E+01  3.5794E+01  3.5841E+01       1
    68.-   70.         1  0.1000E-04         9    1.5891E+00  3.4563E+01  2.2596E+01  0.0000E+00  2.2596E+01  0.0000E+00       0
    70.-   72.         1  0.1000E-04         7    4.9532E-01  1.6699E+01  1.2050E+01  0.0000E+00  1.2050E+01  0.0000E+00       0
    72.-   74.         0  0.0000E+00         5    5.7373E-02  1.3483E+00  9.8542E-01  0.0000E+00  9.8542E-01  0.0000E+00       0
    74.-   76.         0  0.0000E+00         3    0.0000E+00  0.0000E+00  0.0000E+00  0.0000E+00  0.0000E+00  0.0000E+00       0
    76.-   78.         0  0.0000E+00         0    0.0000E+00  0.0000E+00  0.0000E+00  0.0000E+00  0.0000E+00  0.0000E+00       0
    78.-   80.         0  0.0000E+00         0    0.0000E+00  0.0000E+00  0.0000E+00  0.0000E+00  0.0000E+00  0.0000E+00       0
    80.-   82.         0  0.0000E+00         0    0.0000E+00  0.0000E+00  0.0000E+00  0.0000E+00  0.0000E+00  0.0000E+00       0
    82.-   84.         0  0.0000E+00         0    0.0000E+00  0.0000E+00  0.0000E+00  0.0000E+00  0.0000E+00  0.0000E+00       0
    84.-   86.         0  0.0000E+00         0    0.0000E+00  0.0000E+00  0.0000E+00  0.0000E+00  0.0000E+00  0.0000E+00       0
    86.-   88.         0  0.0000E+00         0    0.0000E+00  0.0000E+00  0.0000E+00  0.0000E+00  0.0000E+00  0.0000E+00       0
    88.-   90.         0  0.0000E+00         0    0.0000E+00  0.0000E+00  0.0000E+00  0.0000E+00  0.0000E+00  0.0000E+00       0
    90.-   92.         0  0.0000E+00         0    0.0000E+00  0.0000E+00  0.0000E+00  0.0000E+00  0.0000E+00  0.0000E+00       0
    92.-   94.         0  0.0000E+00         0    0.0000E+00  0.0000E+00  0.0000E+00  0.0000E+00  0.0000E+00  0.0000E+00       0
    94.-   96.         0  0.0000E+00         0    0.0000E+00  0.0000E+00  0.0000E+00  0.0000E+00  0.0000E+00  0.0000E+00       0
    96.-   98.         0  0.0000E+00         0    0.0000E+00  0.0000E+00  0.0000E+00  0.0000E+00  0.0000E+00  0.0000E+00       0
    98.-  100.         0  0.0000E+00         0    0.0000E+00  0.0000E+00  0.0000E+00  0.0000E+00  0.0000E+00  0.0000E+00       0
   100.-  102.         0  0.0000E+00         0    0.0000E+00  0.0000E+00  0.0000E+00  0.0000E+00  0.0000E+00  0.0000E+00       0
   102.-  104.         0  0.0000E+00         0    0.0000E+00  0.0000E+00  0.0000E+00  0.0000E+00  0.0000E+00  0.0000E+00       0
   104.-  106.         0  0.0000E+00         0    0.0000E+00  0.0000E+00  0.0000E+00  0.0000E+00  0.0000E+00  0.0000E+00       0
   106.-  108.         0  0.0000E+00         0    0.0000E+00  0.0000E+00  0.0000E+00  0.0000E+00  0.0000E+00  0.0000E+00       0
   108.-  110.         0  0.0000E+00         0    0.0000E+00  0.0000E+00  0.0000E+00  0.0000E+00  0.0000E+00  0.0000E+00       0
   110.-  112.         0  0.0000E+00         0    0.0000E+00  0.0000E+00  0.0000E+00  0.0000E+00  0.0000E+00  0.0000E+00       0
   112.-  114.         0  0.0000E+00         0    0.0000E+00  0.0000E+00  0.0000E+00  0.0000E+00  0.0000E+00  0.0000E+00       0
   114.-  116.         0  0.0000E+00         0    0.0000E+00  0.0000E+00  0.0000E+00  0.0000E+00  0.0000E+00  0.0000E+00       0
   116.-  118.         0  0.0000E+00         0    0.0000E+00  0.0000E+00  0.0000E+00  0.0000E+00  0.0000E+00  0.0000E+00       0
   118.-  120.         0  0.0000E+00         0    0.0000E+00  0.0000E+00  0.0000E+00  0.0000E+00  0.0000E+00  0.0000E+00       0
   120.-  122.         0  0.0000E+00         0    0.0000E+00  0.0000E+00  0.0000E+00  0.0000E+00  0.0000E+00  0.0000E+00       0
   122.-  124.         0  0.0000E+00         0    0.0000E+00  0.0000E+00  0.0000E+00  0.0000E+00  0.0000E+00  0.0000E+00       0
   124.-  126.         0  0.0000E+00         0    0.0000E+00  0.0000E+00  0.0000E+00  0.0000E+00  0.0000E+00  0.0000E+00       0
   126.-  128.         0  0.0000E+00         0    0.0000E+00  0.0000E+00  0.0000E+00  0.0000E+00  0.0000E+00  0.0000E+00       0
   128.-  130.         0  0.0000E+00         0    0.0000E+00  0.0000E+00  0.0000E+00  0.0000E+00  0.0000E+00  0.0000E+00       0
   130.-  132.         0  0.0000E+00         0    0.0000E+00  0.0000E+00  0.0000E+00  0.0000E+00  0.0000E+00  0.0000E+00       0
   132.-  134.         0  0.0000E+00         0    0.0000E+00  0.0000E+00  0.0000E+00  0.0000E+00  0.0000E+00  0.0000E+00       0
   134.-  136.         0  0.0000E+00         0    0.0000E+00  0.0000E+00  0.0000E+00  0.0000E+00  0.0000E+00  0.0000E+00       0
   136.-  138.         0  0.0000E+00         0    0.0000E+00  0.0000E+00  0.0000E+00  0.0000E+00  0.0000E+00  0.0000E+00       0
   138.-  140.         0  0.0000E+00         0    0.0000E+00  0.0000E+00  0.0000E+00  0.0000E+00  0.0000E+00  0.0000E+00       0
   140.-  142.         0  0.0000E+00         0    0.0000E+00  0.0000E+00  0.0000E+00  0.0000E+00  0.0000E+00  0.0000E+00       0
   142.-  144.         0  0.0000E+00         0    0.0000E+00  0.0000E+00  0.0000E+00  0.0000E+00  0.0000E+00  0.0000E+00       0
   144.-  146.         0  0.0000E+00         0    0.0000E+00  0.0000E+00  0.0000E+00  0.0000E+00  0.0000E+00  0.0000E+00       0
   146.-  148.         0  0.0000E+00         0    0.0000E+00  0.0000E+00  0.0000E+00  0.0000E+00  0.0000E+00  0.0000E+00       0
   148.-  150.         0  0.0000E+00         0    0.0000E+00  0.0000E+00  0.0000E+00  0.0000E+00  0.0000E+00  0.0000E+00       0
   150.-  152.         0  0.0000E+00         0    0.0000E+00  0.0000E+00  0.0000E+00  0.0000E+00  0.0000E+00  0.0000E+00       0
   152.-  154.         0  0.0000E+00         0    0.0000E+00  0.0000E+00  0.0000E+00  0.0000E+00  0.0000E+00  0.0000E+00       0
   154.-  156.         0  0.0000E+00         0    0.0000E+00  0.0000E+00  0.0000E+00  0.0000E+00  0.0000E+00  0.0000E+00       0
   156.-  158.         0  0.0000E+00         0    0.0000E+00  0.0000E+00  0.0000E+00  0.0000E+00  0.0000E+00  0.0000E+00       0
   158.-  160.         0  0.0000E+00         0    0.0000E+00  0.0000E+00  0.0000E+00  0.0000E+00  0.0000E+00  0.0000E+00       0
   160.-  162.         0  0.0000E+00         0    0.0000E+00  0.0000E+00  0.0000E+00  0.0000E+00  0.0000E+00  0.0000E+00       0
   162.-  164.         0  0.0000E+00         0    0.0000E+00  0.0000E+00  0.0000E+00  0.0000E+00  0.0000E+00  0.0000E+00       0
   164.-  166.         0  0.0000E+00         0    0.0000E+00  0.0000E+00  0.0000E+00  0.0000E+00  0.0000E+00  0.0000E+00       0
   166.-  168.         0  0.0000E+00         0    0.0000E+00  0.0000E+00  0.0000E+00  0.0000E+00  0.0000E+00  0.0000E+00       0
   168.-  170.         0  0.0000E+00         0    0.0000E+00  0.0000E+00  0.0000E+00  0.0000E+00  0.0000E+00  0.0000E+00       0
   170.-  172.         0  0.0000E+00         0    0.0000E+00  0.0000E+00  0.0000E+00  0.0000E+00  0.0000E+00  0.0000E+00       0
   172.-  174.         0  0.0000E+00         0    0.0000E+00  0.0000E+00  0.0000E+00  0.0000E+00  0.0000E+00  0.0000E+00       0
   174.-  176.         0  0.0000E+00         0    0.0000E+00  0.0000E+00  0.0000E+00  0.0000E+00  0.0000E+00  0.0000E+00       0
   176.-  178.         0  0.0000E+00         0    0.0000E+00  0.0000E+00  0.0000E+00  0.0000E+00  0.0000E+00  0.0000E+00       0
   178.-  180.         0  0.0000E+00         0    0.0000E+00  0.0000E+00  0.0000E+00  0.0000E+00  0.0000E+00  0.0000E+00       0
   180.-  182.         0  0.0000E+00         0    0.0000E+00  0.0000E+00  0.0000E+00  0.0000E+00  0.0000E+00  0.0000E+00       0
   182.-  184.         0  0.0000E+00         0    0.0000E+00  0.0000E+00  0.0000E+00  0.0000E+00  0.0000E+00  0.0000E+00       0
   184.-  186.         0  0.0000E+00         0    0.0000E+00  0.0000E+00  0.0000E+00  0.0000E+00  0.0000E+00  0.0000E+00       0
   186.-  188.         0  0.0000E+00         0    0.0000E+00  0.0000E+00  0.0000E+00  0.0000E+00  0.0000E+00  0.0000E+00       0
   188.-  190.         0  0.0000E+00         0    0.0000E+00  0.0000E+00  0.0000E+00  0.0000E+00  0.0000E+00  0.0000E+00       0
   190.-  192.         0  0.0000E+00         0    0.0000E+00  0.0000E+00  0.0000E+00  0.0000E+00  0.0000E+00  0.0000E+00       0
   192.-  194.         0  0.0000E+00         0    0.0000E+00  0.0000E+00  0.0000E+00  0.0000E+00  0.0000E+00  0.0000E+00       0
   194.-  196.         0  0.0000E+00         0    0.0000E+00  0.0000E+00  0.0000E+00  0.0000E+00  0.0000E+00  0.0000E+00       0
   196.-  198.         0  0.0000E+00         0    0.0000E+00  0.0000E+00  0.0000E+00  0.0000E+00  0.0000E+00  0.0000E+00       0
   198.-  200.         0  0.0000E+00         0    0.0000E+00  0.0000E+00  0.0000E+00  0.0000E+00  0.0000E+00  0.0000E+00       0
   200.-   SUT         0  0.0000E+00

                   99999  1.0000E+00     99999    6.4715E+06  1.1433E+08  1.0760E+08  9.4287E+07  1.3316E+07  8.0449E+07  757961
1
     RECOILS



     DEPTH(A)     INLOSS(EV)   TELOSS(EV)   ELLOSS(EV)   DAMAGE(EV)   PHONON(EV)     DPA  DPA(1)  DPA(2)

     0.-    2.    2.3827E+05   4.5480E+06   3.5662E+06   6.6260E+05   2.9036E+06   12055   12055       0
     2.-    4.    4.4691E+05   7.7440E+06   6.3637E+06   1.9658E+06   4.3980E+06   30628   30628       0
     4.-    6.    6.2953E+05   1.0601E+07   8.7992E+06   2.9838E+06   5.8154E+06   44177   44177       0
     6.-    8.    7.7410E+05   1.2902E+07   1.0721E+07   3.6644E+06   7.0562E+06   54336   54336       0
     8.-   10.    8.8538E+05   1.4803E+07   1.2299E+07   4.1985E+06   8.1009E+06   61958   61958       0
    10.-   12.    9.6372E+05   1.6178E+07   1.3417E+07   4.4866E+06   8.9301E+06   66967   66967       0
    12.-   14.    1.0134E+06   1.7111E+07   1.4157E+07   4.6336E+06   9.5232E+06   70231   70231       0
    14.-   16.    1.0362E+06   1.7682E+07   1.4600E+07   4.6959E+06   9.9043E+06   71608   71608       0
    16.-   18.    1.0288E+06   1.7764E+07   1.4634E+07   4.6076E+06   1.0026E+07   71253   71253       0
    18.-   20.    9.9634E+05   1.7334E+07   1.4225E+07   4.2882E+06   9.9369E+06   67913   67913       0
    20.-   22.    9.4224E+05   1.6576E+07   1.3563E+07   3.9751E+06   9.5879E+06   63523   63523       0
    22.-   24.    8.6979E+05   1.5492E+07   1.2644E+07   3.6214E+06   9.0223E+06   58386   58386       0
    24.-   26.    7.8512E+05   1.4101E+07   1.1468E+07   3.1737E+06   8.2943E+06   51848   51848       0
    26.-   28.    6.9081E+05   1.2534E+07   1.0164E+07   2.7248E+06   7.4394E+06   45138   45138       0
    28.-   30.    5.9377E+05   1.0876E+07   8.7946E+06   2.2897E+06   6.5049E+06   38336   38336       0
    30.-   32.    4.9874E+05   9.1926E+06   7.4084E+06   1.8603E+06   5.5481E+06   31520   31520       0
    32.-   34.    4.1039E+05   7.6423E+06   6.1475E+06   1.5217E+06   4.6258E+06   25655   25655       0
    34.-   36.    3.2877E+05   6.1674E+06   4.9482E+06   1.1894E+06   3.7588E+06   20311   20311       0
    36.-   38.    2.5822E+05   4.8654E+06   3.8958E+06   9.1111E+05   2.9847E+06   15647   15647       0
    38.-   40.    1.9934E+05   3.7840E+06   3.0254E+06   7.0693E+05   2.3185E+06   12150   12150       0
    40.-   42.    1.5112E+05   2.8729E+06   2.2934E+06   5.2265E+05   1.7707E+06    9172    9172       0
    42.-   44.    1.1234E+05   2.1403E+06   1.7037E+06   3.7570E+05   1.3280E+06    6554    6554       0
    44.-   46.    8.2248E+04   1.5787E+06   1.2573E+06   2.7951E+05   9.7778E+05    4854    4854       0
    46.-   48.    5.9321E+04   1.1378E+06   9.0558E+05   2.0290E+05   7.0268E+05    3587    3587       0
    48.-   50.    4.2251E+04   8.1008E+05   6.4401E+05   1.4245E+05   5.0156E+05    2506    2506       0
    50.-   52.    2.9482E+04   5.6577E+05   4.4988E+05   9.8668E+04   3.5121E+05    1746    1746       0
    52.-   54.    2.0804E+04   3.9487E+05   3.1388E+05   6.8553E+04   2.4533E+05    1191    1191       0
    54.-   56.    1.4529E+04   2.7819E+05   2.2170E+05   4.9920E+04   1.7178E+05     846     846       0
    56.-   58.    9.9530E+03   1.8980E+05   1.5111E+05   3.3334E+04   1.1777E+05     579     579       0
    58.-   60.    6.9154E+03   1.2961E+05   1.0322E+05   2.1723E+04   8.1500E+04     389     389       0
    60.-   62.    4.7863E+03   9.1163E+04   7.2802E+04   1.7127E+04   5.5675E+04     303     303       0
    62.-   64.    3.2927E+03   6.4646E+04   5.1913E+04   1.3172E+04   3.8741E+04     232     232       0
    64.-   66.    2.2402E+03   4.3313E+04   3.4546E+04   8.1802E+03   2.6366E+04     151     151       0
    66.-   68.    1.5503E+03   3.0104E+04   2.3914E+04   5.2319E+03   1.8682E+04      92      92       0
    68.-   70.    1.0708E+03   2.0303E+04   1.6126E+04   3.5104E+03   1.2615E+04      64      64       0
    70.-   72.    7.0574E+02   1.3324E+04   1.0489E+04   1.9275E+03   8.5612E+03      38      38       0
    72.-   74.    4.6012E+02   9.3399E+03   7.5173E+03   2.0152E+03   5.5021E+03      40      40       0
    74.-   76.    3.1728E+02   6.3791E+03   5.1033E+03   1.1458E+03   3.9575E+03      19      19       0
    76.-   78.    2.2256E+02   4.1240E+03   3.2308E+03   5.6393E+02   2.6669E+03      13      13       0
    78.-   80.    1.4563E+02   2.6335E+03   2.0713E+03   3.5910E+02   1.7122E+03       9       9       0
    80.-   82.    9.1488E+01   1.7696E+03   1.3848E+03   2.2340E+02   1.1614E+03       3       3       0
    82.-   84.    6.9905E+01   1.3812E+03   1.0882E+03   2.0351E+02   8.8473E+02       4       4       0
    84.-   86.    6.0154E+01   1.2815E+03   1.0868E+03   4.2105E+02   6.6572E+02       7       7       0
    86.-   88.    2.9119E+01   6.4379E+02   4.8733E+02   0.0000E+00   4.8733E+02       0       0       0
    88.-   90.    1.3669E+01   2.7329E+02   1.8849E+02   0.0000E+00   1.8849E+02       0       0       0
    90.-   92.    6.2913E+00   1.5881E+02   1.1921E+02   0.0000E+00   1.1921E+02       0       0       0
    92.-   94.    2.9211E+00   7.1879E+01   5.1681E+01   0.0000E+00   5.1681E+01       0       0       0
    94.-   96.    1.0615E+00   2.8244E+01   1.7014E+01   0.0000E+00   1.7014E+01       0       0       0
    96.-   98.    0.0000E+00   0.0000E+00   0.0000E+00   0.0000E+00   0.0000E+00       0       0       0
    98.-  100.    0.0000E+00   0.0000E+00   0.0000E+00   0.0000E+00   0.0000E+00       0       0       0
   100.-  102.    0.0000E+00   0.0000E+00   0.0000E+00   0.0000E+00   0.0000E+00       0       0       0
   102.-  104.    0.0000E+00   0.0000E+00   0.0000E+00   0.0000E+00   0.0000E+00       0       0       0
   104.-  106.    0.0000E+00   0.0000E+00   0.0000E+00   0.0000E+00   0.0000E+00       0       0       0
   106.-  108.    0.0000E+00   0.0000E+00   0.0000E+00   0.0000E+00   0.0000E+00       0       0       0
   108.-  110.    0.0000E+00   0.0000E+00   0.0000E+00   0.0000E+00   0.0000E+00       0       0       0
   110.-  112.    0.0000E+00   0.0000E+00   0.0000E+00   0.0000E+00   0.0000E+00       0       0       0
   112.-  114.    0.0000E+00   0.0000E+00   0.0000E+00   0.0000E+00   0.0000E+00       0       0       0
   114.-  116.    0.0000E+00   0.0000E+00   0.0000E+00   0.0000E+00   0.0000E+00       0       0       0
   116.-  118.    0.0000E+00   0.0000E+00   0.0000E+00   0.0000E+00   0.0000E+00       0       0       0
   118.-  120.    0.0000E+00   0.0000E+00   0.0000E+00   0.0000E+00   0.0000E+00       0       0       0
   120.-  122.    0.0000E+00   0.0000E+00   0.0000E+00   0.0000E+00   0.0000E+00       0       0       0
   122.-  124.    0.0000E+00   0.0000E+00   0.0000E+00   0.0000E+00   0.0000E+00       0       0       0
   124.-  126.    0.0000E+00   0.0000E+00   0.0000E+00   0.0000E+00   0.0000E+00       0       0       0
   126.-  128.    0.0000E+00   0.0000E+00   0.0000E+00   0.0000E+00   0.0000E+00       0       0       0
   128.-  130.    0.0000E+00   0.0000E+00   0.0000E+00   0.0000E+00   0.0000E+00       0       0       0
   130.-  132.    0.0000E+00   0.0000E+00   0.0000E+00   0.0000E+00   0.0000E+00       0       0       0
   132.-  134.    0.0000E+00   0.0000E+00   0.0000E+00   0.0000E+00   0.0000E+00       0       0       0
   134.-  136.    0.0000E+00   0.0000E+00   0.0000E+00   0.0000E+00   0.0000E+00       0       0       0
   136.-  138.    0.0000E+00   0.0000E+00   0.0000E+00   0.0000E+00   0.0000E+00       0       0       0
   138.-  140.    0.0000E+00   0.0000E+00   0.0000E+00   0.0000E+00   0.0000E+00       0       0       0
   140.-  142.    0.0000E+00   0.0000E+00   0.0000E+00   0.0000E+00   0.0000E+00       0       0       0
   142.-  144.    0.0000E+00   0.0000E+00   0.0000E+00   0.0000E+00   0.0000E+00       0       0       0
   144.-  146.    0.0000E+00   0.0000E+00   0.0000E+00   0.0000E+00   0.0000E+00       0       0       0
   146.-  148.    0.0000E+00   0.0000E+00   0.0000E+00   0.0000E+00   0.0000E+00       0       0       0
   148.-  150.    0.0000E+00   0.0000E+00   0.0000E+00   0.0000E+00   0.0000E+00       0       0       0
   150.-  152.    0.0000E+00   0.0000E+00   0.0000E+00   0.0000E+00   0.0000E+00       0       0       0
   152.-  154.    0.0000E+00   0.0000E+00   0.0000E+00   0.0000E+00   0.0000E+00       0       0       0
   154.-  156.    0.0000E+00   0.0000E+00   0.0000E+00   0.0000E+00   0.0000E+00       0       0       0
   156.-  158.    0.0000E+00   0.0000E+00   0.0000E+00   0.0000E+00   0.0000E+00       0       0       0
   158.-  160.    0.0000E+00   0.0000E+00   0.0000E+00   0.0000E+00   0.0000E+00       0       0       0
   160.-  162.    0.0000E+00   0.0000E+00   0.0000E+00   0.0000E+00   0.0000E+00       0       0       0
   162.-  164.    0.0000E+00   0.0000E+00   0.0000E+00   0.0000E+00   0.0000E+00       0       0       0
   164.-  166.    0.0000E+00   0.0000E+00   0.0000E+00   0.0000E+00   0.0000E+00       0       0       0
   166.-  168.    0.0000E+00   0.0000E+00   0.0000E+00   0.0000E+00   0.0000E+00       0       0       0
   168.-  170.    0.0000E+00   0.0000E+00   0.0000E+00   0.0000E+00   0.0000E+00       0       0       0
   170.-  172.    0.0000E+00   0.0000E+00   0.0000E+00   0.0000E+00   0.0000E+00       0       0       0
   172.-  174.    0.0000E+00   0.0000E+00   0.0000E+00   0.0000E+00   0.0000E+00       0       0       0
   174.-  176.    0.0000E+00   0.0000E+00   0.0000E+00   0.0000E+00   0.0000E+00       0       0       0
   176.-  178.    0.0000E+00   0.0000E+00   0.0000E+00   0.0000E+00   0.0000E+00       0       0       0
   178.-  180.    0.0000E+00   0.0000E+00   0.0000E+00   0.0000E+00   0.0000E+00       0       0       0
   180.-  182.    0.0000E+00   0.0000E+00   0.0000E+00   0.0000E+00   0.0000E+00       0       0       0
   182.-  184.    0.0000E+00   0.0000E+00   0.0000E+00   0.0000E+00   0.0000E+00       0       0       0
   184.-  186.    0.0000E+00   0.0000E+00   0.0000E+00   0.0000E+00   0.0000E+00       0       0       0
   186.-  188.    0.0000E+00   0.0000E+00   0.0000E+00   0.0000E+00   0.0000E+00       0       0       0
   188.-  190.    0.0000E+00   0.0000E+00   0.0000E+00   0.0000E+00   0.0000E+00       0       0       0
   190.-  192.    0.0000E+00   0.0000E+00   0.0000E+00   0.0000E+00   0.0000E+00       0       0       0
   192.-  194.    0.0000E+00   0.0000E+00   0.0000E+00   0.0000E+00   0.0000E+00       0       0       0
   194.-  196.    0.0000E+00   0.0000E+00   0.0000E+00   0.0000E+00   0.0000E+00       0       0       0
   196.-  198.    0.0000E+00   0.0000E+00   0.0000E+00   0.0000E+00   0.0000E+00       0       0       0
   198.-  200.    0.0000E+00   0.0000E+00   0.0000E+00   0.0000E+00   0.0000E+00       0       0       0

                  1.4134E+07   2.4829E+08   2.0312E+08   6.0011E+07   1.4311E+08  946039  946039       0
1     BACKWARD SPUTTERING



        ALL SPUTTERED PARTICLES =   31902   TOTAL SPUTTERED ENERGY = 0.5412E+06 EV


        SPUTTERED PARTICLES (1.LAYER) =   31902   SPUTTERED ENERGY = 0.5412E+06 EV


 1.LAYER
         SPUTTERED PARTICLES(1) =   31902     SPUTTERED ENERGY(1) = 0.5412E+06 EV

         ION IN , PRIMARY KO(1) =    6986   0.2190   0.2190    ENERGY = 0.1757E+06 EV   0.3246   0.3246    MEAN ENERGY = 0.2514E+02
         ION IN , SECOND. KO(1) =   24916   0.7810   0.7810    ENERGY = 0.3656E+06 EV   0.6754   0.6754    MEAN ENERGY = 0.1467E+02
        ION OUT , PRIMARY KO(1) =       0   0.0000   0.0000    ENERGY = 0.0000E+00 EV   0.0000   0.0000    MEAN ENERGY = 0.0000E+00
        ION OUT , SECOND. KO(1) =       0   0.0000   0.0000    ENERGY = 0.0000E+00 EV   0.0000   0.0000    MEAN ENERGY = 0.0000E+00


     SPUTTERING YIELD(1) =  3.190E-01  SPUTTERED ENERGY(1) =  4.480E-03  REL.MEAN ENERGY(1) =  1.404E-02  MEAN ENERGY(1) =  1.697E+01

                       MEAN        VARIANCE      SKEWNESS      KURTOSIS        SIGMA       ERROR 1.M     ERROR 2.M     ERROR 3.M 
    ENERGY(1)       1.6965E+01    3.5945E+02    2.7549E+00    1.4354E+01    1.8959E+01    1.0615E-01    7.3542E+00    6.3932E-02
 LOGENERGY(1)       1.0024E+00    2.2296E-01   -3.4280E-01    3.1055E+00    4.7219E-01    2.6439E-03    1.8115E-03    1.3842E-02

                     1.MOMENT      2.MOMENT      3.MOMENT      4.MOMENT      5.MOMENT      6.MOMENT 
    ENERGY(1)       1.6965E+01    6.4727E+02    4.1952E+04    3.8322E+06    4.4109E+08    5.9963E+10
 LOGENERGY(1)       1.0024E+00    1.2279E+00    1.6418E+00    2.3638E+00    3.5881E+00    5.6965E+00



     POLAR ANGULAR DISTRIBUTION OF ALL BACKWARD SPUTTERED PARTICLES


       0.00  0.00  0.00  0.00  0.00  0.00  0.00  0.00  0.00  0.00  0.00  0.00  0.00  0.00  0.00  0.00  0.00  0.00  0.00  0.00

         81   220   359   511   739   886  1046  1308  1417  1633  1878  2001  2153  2317  2367  2403  2581  2640  2643  2719
      0.051 0.138 0.225 0.320 0.463 0.555 0.656 0.820 0.888 1.024 1.177 1.254 1.350 1.453 1.484 1.506 1.618 1.655 1.657 1.705
1 LOG ENERGY - COS OF EMISSION ANGLE (0.05 STEPS)   (BACKWARD SPUTTERED PARTICLES) ; 1. LAYER ; SPECIES 1


   0.0000E+00    1    2    3    4    5    6    7    8    9   10   11   12   13   14   15   16   17   18   19   20     0  0.0000E+00
   0.1000E+00    0    0    0    0    0    0    1    1    0    0    1    0    0    0    1    0    0    0    1    0     5  0.5000E-03
   0.1212E+00    0    0    0    0    0    0    0    0    0    0    0    0    0    0    0    0    0    0    0    0     0  0.0000E+00
   0.1468E+00    0    0    0    0    0    0    0    0    0    0    0    0    0    0    0    0    0    0    0    0     0  0.0000E+00
   0.1778E+00    0    0    0    0    0    0    0    0    0    0    0    0    0    0    0    0    0    0    0    0     0  0.0000E+00
   0.2154E+00    0    0    0    0    0    0    0    0    0    0    0    0    0    0    0    0    0    0    0    0     0  0.0000E+00
   0.2610E+00    0    0    0    0    0    0    0    0    0    0    0    0    0    0    0    0    0    0    0    0     0  0.0000E+00
   0.3162E+00    0    0    0    0    0    0    0    0    0    0    0    0    0    0    0    0    0    0    0    0     0  0.0000E+00
   0.3831E+00    0    0    0    0    0    0    0    0    0    0    0    0    0    0    0    0    0    0    0    0     0  0.0000E+00
   0.4642E+00    0    0    0    0    0    0    0    0    0    0    0    0    0    0    0    0    0    0    0    0     0  0.0000E+00
   0.5623E+00    0    0    0    0    0    0    0    0    0    0    0    0    0    0    0    0    0    0    0    0     0  0.0000E+00
   0.6813E+00    0    0    0    0    0    0    0    0    0    0    0    0    0    0    0    0    0    0    0    0     0  0.0000E+00
   0.8254E+00    0    0    0    0    0    0    0    0    0    0    0    0    0    0    0    0    0    0    0    0     0  0.0000E+00
   0.1000E+01    0    0    0    0    0    0    0    0    0    0    0    0    0    0    0    0    0    0    0    0     0  0.0000E+00
   0.1212E+01    0    0    0    0    0    0    0    0    0    0    0    0    0    0    0    0    0    0    0    0     0  0.0000E+00
   0.1468E+01    0    0    0    0    0    0    0    0    0    0    0    0    0    0    0    0    0    0    0    0     0  0.0000E+00
   0.1778E+01    0    0    0    0    0    0    0    0    0    0    0    0    0    0    0    0    0    0    0    0     0  0.0000E+00
   0.2154E+01    0    0    0    0    0    0    0    0    0    0    0    0    0    0    0    0    0    0    0    0     0  0.0000E+00
   0.2610E+01    0    0    0    0    0    0    0    0    0    0    0    0    0    0    0    0    0    0    0    0     0  0.0000E+00
   0.3162E+01    0    0    0    0    0    0    0    0    0    0    0    0    0    0    0    0    0    0    0    0     0  0.0000E+00
   0.3831E+01    0    0    0    0    0    0    0    0    0    0    0    0    0    0    0    0    0    0    0    0     0  0.0000E+00
   0.4642E+01    0    0    0    0    0    0    0    0    0    0    0    0    0    0    0    0    0    0    0    0     0  0.0000E+00
   0.5623E+01    0    0    0    0    0    0    0    0    0    0    0    0    0    0    0    0    0    0    0    0     0  0.0000E+00
   0.6813E+01    0    0    0    0    0    0    0    0    0    0    0    0    0    0    0    0    0    0    0    0     0  0.0000E+00
   0.8254E+01    0    0    0    0    0    0    0    0    0    0    0    0    0    0    0    0    0    0    0    0     0  0.0000E+00
   0.1000E+02    0    0    0    0    0    0    0    0    0    0    0    0    0    0    0    0    0    0    0    0     0  0.0000E+00
   0.1212E+02    0    0    0    0    0    0    0    0    0    0    0    0    0    0    0    0    0    0    0    0     0  0.0000E+00
   0.1468E+02    0    0    0    0    0    0    0    0    0    0    0    0    0    0    0    0    0    0    0    0     0  0.0000E+00
   0.1778E+02    0    0    0    0    0    0    0    0    0    0    0    0    0    0    0    0    0    0    0    0     0  0.0000E+00
   0.2154E+02    0    0    0    0    0    0    0    0    0    0    0    0    0    0    0    0    0    0    0    0     0  0.0000E+00
   0.2610E+02    0    0    0    0    0    0    0    0    0    0    0    0    0    0    0    0    0    0    0    0     0  0.0000E+00
   0.3162E+02    0    0    0    0    0    0    0    0    0    0    0    0    0    0    0    0    0    0    0    0     0  0.0000E+00
   0.3831E+02    0    0    0    0    0    0    0    0    0    0    0    0    0    0    0    0    0    0    0    0     0  0.0000E+00
   0.4642E+02    0    0    0    0    0    0    0    0    0    0    0    0    0    0    0    0    0    0    0    0     0  0.0000E+00
   0.5623E+02    0    0    0    0    0    0    0    0    0    0    0    0    0    0    0    0    0    0    0    0     0  0.0000E+00
   0.6813E+02    0    0    0    0    0    0    0    0    0    0    0    0    0    0    0    0    0    0    0    0     0  0.0000E+00
   0.8254E+02    0    0    0    0    0    0    0    0    0    0    0    0    0    0    0    0    0    0    0    0     0  0.0000E+00
   0.1000E+03    0    0    0    0    0    0    0    0    0    0    0    0    0    0    0    0    0    0    0    0     0  0.0000E+00
   0.1212E+03    0    0    0    0    0    0    0    0    0    0    0    0    0    0    0    0    0    0    0    0     0  0.0000E+00
   0.1468E+03    0    0    0    0    0    0    0    0    0    0    0    0    0    0    0    0    0    0    0    0     0  0.0000E+00
   0.1778E+03    0    0    0    0    0    0    0    0    0    0    0    0    0    0    0    0    0    0    0    0     0  0.0000E+00
   0.2154E+03    0    0    0    0    0    0    0    0    0    0    0    0    0    0    0    0    0    0    0    0     0  0.0000E+00
   0.2610E+03    0    0    0    0    0    0    0    0    0    0    0    0    0    0    0    0    0    0    0    0     0  0.0000E+00
   0.3162E+03    0    0    0    0    0    0    0    0    0    0    0    0    0    0    0    0    0    0    0    0     0  0.0000E+00
   0.3831E+03    0    0    0    0    0    0    0    0    0    0    0    0    0    0    0    0    0    0    0    0     0  0.0000E+00
   0.4642E+03    0    0    0    0    0    0    0    0    0    0    0    0    0    0    0    0    0    0    0    0     0  0.0000E+00
   0.5623E+03    0    0    0    0    0    0    0    0    0    0    0    0    0    0    0    0    0    0    0    0     0  0.0000E+00
   0.6813E+03    0    0    0    0    0    0    0    0    0    0    0    0    0    0    0    0    0    0    0    0     0  0.0000E+00
   0.8254E+03    0    0    0    0    0    0    0    0    0    0    0    0    0    0    0    0    0    0    0    0     0  0.0000E+00
   0.1000E+04    0    0    0    0    0    0    0    0    0    0    0    0    0    0    0    0    0    0    0    0     0  0.0000E+00
   0.1212E+04    0    0    0    0    0    0    0    0    0    0    0    0    0    0    0    0    0    0    0    0     0  0.0000E+00
   0.1468E+04    0    0    0    0    0    0    0    0    0    0    0    0    0    0    0    0    0    0    0    0     0  0.0000E+00
   0.1778E+04    0    0    0    0    0    0    0    0    0    0    0    0    0    0    0    0    0    0    0    0     0  0.0000E+00
   0.2154E+04    0    0    0    0    0    0    0    0    0    0    0    0    0    0    0    0    0    0    0    0     0  0.0000E+00
   0.2610E+04    0    0    0    0    0    0    0    0    0    0    0    0    0    0    0    0    0    0    0    0     0  0.0000E+00
   0.3162E+04    0    0    0    0    0    0    0    0    0    0    0    0    0    0    0    0    0    0    0    0     0  0.0000E+00
   0.3831E+04    0    0    0    0    0    0    0    0    0    0    0    0    0    0    0    0    0    0    0    0     0  0.0000E+00
   0.4642E+04    0    0    0    0    0    0    0    0    0    0    0    0    0    0    0    0    0    0    0    0     0  0.0000E+00
   0.5623E+04    0    0    0    0    0    0    0    0    0    0    0    0    0    0    0    0    0    0    0    0     0  0.0000E+00
   0.6813E+04    0    0    0    0    0    0    0    0    0    0    0    0    0    0    0    0    0    0    0    0     0  0.0000E+00
   0.8254E+04    0    0    0    0    0    0    0    0    0    0    0    0    0    0    0    0    0    0    0    0     0  0.0000E+00
   0.1000E+05    0    0    0    0    0    0    0    0    0    0    0    0    0    0    0    0    0    0    0    0     0  0.0000E+00
   0.1212E+05    0    0    0    0    0    0    0    0    0    0    0    0    0    0    0    0    0    0    0    0     0  0.0000E+00
   0.1468E+05    0    0    0    0    0    0    0    0    0    0    0    0    0    0    0    0    0    0    0    0     0  0.0000E+00
   0.1778E+05    0    0    0    0    0    0    0    0    0    0    0    0    0    0    0    0    0    0    0    0     0  0.0000E+00
   0.2154E+05    0    0    0    0    0    0    0    0    0    0    0    0    0    0    0    0    0    0    0    0     0  0.0000E+00
   0.2610E+05    0    0    0    0    0    0    0    0    0    0    0    0    0    0    0    0    0    0    0    0     0  0.0000E+00
   0.3162E+05    0    0    0    0    0    0    0    0    0    0    0    0    0    0    0    0    0    0    0    0     0  0.0000E+00
   0.3831E+05    0    0    0    0    0    0    0    0    0    0    0    0    0    0    0    0    0    0    0    0     0  0.0000E+00
   0.4642E+05    0    0    0    0    0    0    0    0    0    0    0    0    0    0    0    0    0    0    0    0     0  0.0000E+00
   0.5623E+05    0    0    0    0    0    0    0    0    0    0    0    0    0    0    0    0    0    0    0    0     0  0.0000E+00
   0.6813E+05    0    0    0    0    0    0    0    0    0    0    0    0    0    0    0    0    0    0    0    0     0  0.0000E+00
   0.8254E+05    0    0    0    0    0    0    0    0    0    0    0    0    0    0    0    0    0    0    0    0     0  0.0000E+00
   0.1000E+06    0    0    0    0    0    0    0    0    0    0    0    0    0    0    0    0    0    0    0    0     0  0.0000E+00
   0.0000E+00  162  440  718 1022 1478 1772 2091 2615 2834 3266 3755 4002 4306 4634 4733 4806 5162 5280 5285 5438 63799  0.0000E+00
1ENERGY(E/E0 IN %) - POLAR ANGLE IN COS-INTERVALS (0.05)  (BACKWARD SPUTTERED PARTICLES) , 1.LAYER , SPECIES 1

     0    1    2    3    4    5    6    7    8    9   10   11   12   13   14   15   16   17   18   19   20      0
     1   39  118  205  260  414  466  536  682  713  801  937  994 1131 1224 1276 1321 1460 1541 1614 1723  17455
     2   26   63   87  122  184  226  252  294  329  384  455  477  513  554  562  555  603  632  581  598   7497
     3    8   18   38   57   74  102  130  159  175  175  229  216  208  254  249  257  257  254  233  225   3318
     4    3   14   16   38   33   41   61   67   67  118  102  128  110  115  125  122  113  100   87   86   1546
     5    2    2    5   17    9   27   33   49   42   54   58   69   76   79   62   61   60   60   60   46    871
     6    1    5    4    9    8   11   14   19   37   41   43   33   49   27   30   35   28   26   34   16    470
     7    0    0    3    5    6    7    9   15   18   28   23   29   35   25   21   21   26   10   11    9    301
     8    0    0    1    2    4    3    4    8   10   13   15   19   10   10   14    8   16    8    8    9    162
     9    0    0    0    0    3    2    4    8    9   10    4   16    6   13   15    9    3    3   10    2    117
    10    1    0    0    0    0    0    1    4    6    2    6    8    4    5    8    5    4    3    3    0     60
    11    0    0    0    1    2    1    1    2    8    3    3    4    4    5    1    2    7    2    0    2     48
    12    0    0    0    0    1    0    0    0    0    2    1    3    0    2    1    3    2    0    0    1     16
    13    1    0    0    0    0    0    0    0    2    2    0    2    3    2    2    4    1    0    0    1     20
    14    0    0    0    0    1    0    0    0    1    0    0    1    2    0    1    0    1    0    0    1      8
    15    0    0    0    0    0    0    0    0    0    0    0    1    2    0    0    0    0    0    1    0      4
    16    0    0    0    0    0    0    1    1    0    0    2    1    0    1    0    0    0    1    0    0      7
    17    0    0    0    0    0    0    0    0    0    0    0    0    0    1    0    0    0    0    0    0      1
    18    0    0    0    0    0    0    0    0    0    0    0    0    0    0    0    0    0    0    0    0      0
    19    0    0    0    0    0    0    0    0    0    0    0    0    0    0    0    0    0    0    0    0      0
    20    0    0    0    0    0    0    0    0    0    0    0    0    0    0    0    0    0    0    0    0      0
    21    0    0    0    0    0    0    0    0    0    0    0    0    0    0    0    0    0    0    1    0      1
    22    0    0    0    0    0    0    0    0    0    0    0    0    0    0    0    0    0    0    0    0      0
    23    0    0    0    0    0    0    0    0    0    0    0    0    0    0    0    0    0    0    0    0      0
    24    0    0    0    0    0    0    0    0    0    0    0    0    0    0    0    0    0    0    0    0      0
    25    0    0    0    0    0    0    0    0    0    0    0    0    0    0    0    0    0    0    0    0      0
    26    0    0    0    0    0    0    0    0    0    0    0    0    0    0    0    0    0    0    0    0      0
    27    0    0    0    0    0    0    0    0    0    0    0    0    0    0    0    0    0    0    0    0      0
    28    0    0    0    0    0    0    0    0    0    0    0    0    0    0    0    0    0    0    0    0      0
    29    0    0    0    0    0    0    0    0    0    0    0    0    0    0    0    0    0    0    0    0      0
    30    0    0    0    0    0    0    0    0    0    0    0    0    0    0    0    0    0    0    0    0      0
    31    0    0    0    0    0    0    0    0    0    0    0    0    0    0    0    0    0    0    0    0      0
    32    0    0    0    0    0    0    0    0    0    0    0    0    0    0    0    0    0    0    0    0      0
    33    0    0    0    0    0    0    0    0    0    0    0    0    0    0    0    0    0    0    0    0      0
    34    0    0    0    0    0    0    0    0    0    0    0    0    0    0    0    0    0    0    0    0      0
    35    0    0    0    0    0    0    0    0    0    0    0    0    0    0    0    0    0    0    0    0      0
    36    0    0    0    0    0    0    0    0    0    0    0    0    0    0    0    0    0    0    0    0      0
    37    0    0    0    0    0    0    0    0    0    0    0    0    0    0    0    0    0    0    0    0      0
    38    0    0    0    0    0    0    0    0    0    0    0    0    0    0    0    0    0    0    0    0      0
    39    0    0    0    0    0    0    0    0    0    0    0    0    0    0    0    0    0    0    0    0      0
    40    0    0    0    0    0    0    0    0    0    0    0    0    0    0    0    0    0    0    0    0      0
    41    0    0    0    0    0    0    0    0    0    0    0    0    0    0    0    0    0    0    0    0      0
    42    0    0    0    0    0    0    0    0    0    0    0    0    0    0    0    0    0    0    0    0      0
    43    0    0    0    0    0    0    0    0    0    0    0    0    0    0    0    0    0    0    0    0      0
    44    0    0    0    0    0    0    0    0    0    0    0    0    0    0    0    0    0    0    0    0      0
    45    0    0    0    0    0    0    0    0    0    0    0    0    0    0    0    0    0    0    0    0      0
    46    0    0    0    0    0    0    0    0    0    0    0    0    0    0    0    0    0    0    0    0      0
    47    0    0    0    0    0    0    0    0    0    0    0    0    0    0    0    0    0    0    0    0      0
    48    0    0    0    0    0    0    0    0    0    0    0    0    0    0    0    0    0    0    0    0      0
    49    0    0    0    0    0    0    0    0    0    0    0    0    0    0    0    0    0    0    0    0      0
    50    0    0    0    0    0    0    0    0    0    0    0    0    0    0    0    0    0    0    0    0      0
    51    0    0    0    0    0    0    0    0    0    0    0    0    0    0    0    0    0    0    0    0      0
    52    0    0    0    0    0    0    0    0    0    0    0    0    0    0    0    0    0    0    0    0      0
    53    0    0    0    0    0    0    0    0    0    0    0    0    0    0    0    0    0    0    0    0      0
    54    0    0    0    0    0    0    0    0    0    0    0    0    0    0    0    0    0    0    0    0      0
    55    0    0    0    0    0    0    0    0    0    0    0    0    0    0    0    0    0    0    0    0      0
    56    0    0    0    0    0    0    0    0    0    0    0    0    0    0    0    0    0    0    0    0      0
    57    0    0    0    0    0    0    0    0    0    0    0    0    0    0    0    0    0    0    0    0      0
    58    0    0    0    0    0    0    0    0    0    0    0    0    0    0    0    0    0    0    0    0      0
    59    0    0    0    0    0    0    0    0    0    0    0    0    0    0    0    0    0    0    0    0      0
    60    0    0    0    0    0    0    0    0    0    0    0    0    0    0    0    0    0    0    0    0      0
    61    0    0    0    0    0    0    0    0    0    0    0    0    0    0    0    0    0    0    0    0      0
    62    0    0    0    0    0    0    0    0    0    0    0    0    0    0    0    0    0    0    0    0      0
    63    0    0    0    0    0    0    0    0    0    0    0    0    0    0    0    0    0    0    0    0      0
    64    0    0    0    0    0    0    0    0    0    0    0    0    0    0    0    0    0    0    0    0      0
    65    0    0    0    0    0    0    0    0    0    0    0    0    0    0    0    0    0    0    0    0      0
    66    0    0    0    0    0    0    0    0    0    0    0    0    0    0    0    0    0    0    0    0      0
    67    0    0    0    0    0    0    0    0    0    0    0    0    0    0    0    0    0    0    0    0      0
    68    0    0    0    0    0    0    0    0    0    0    0    0    0    0    0    0    0    0    0    0      0
    69    0    0    0    0    0    0    0    0    0    0    0    0    0    0    0    0    0    0    0    0      0
    70    0    0    0    0    0    0    0    0    0    0    0    0    0    0    0    0    0    0    0    0      0
    71    0    0    0    0    0    0    0    0    0    0    0    0    0    0    0    0    0    0    0    0      0
    72    0    0    0    0    0    0    0    0    0    0    0    0    0    0    0    0    0    0    0    0      0
    73    0    0    0    0    0    0    0    0    0    0    0    0    0    0    0    0    0    0    0    0      0
    74    0    0    0    0    0    0    0    0    0    0    0    0    0    0    0    0    0    0    0    0      0
    75    0    0    0    0    0    0    0    0    0    0    0    0    0    0    0    0    0    0    0    0      0
    76    0    0    0    0    0    0    0    0    0    0    0    0    0    0    0    0    0    0    0    0      0
    77    0    0    0    0    0    0    0    0    0    0    0    0    0    0    0    0    0    0    0    0      0
    78    0    0    0    0    0    0    0    0    0    0    0    0    0    0    0    0    0    0    0    0      0
    79    0    0    0    0    0    0    0    0    0    0    0    0    0    0    0    0    0    0    0    0      0
    80    0    0    0    0    0    0    0    0    0    0    0    0    0    0    0    0    0    0    0    0      0
    81    0    0    0    0    0    0    0    0    0    0    0    0    0    0    0    0    0    0    0    0      0
    82    0    0    0    0    0    0    0    0    0    0    0    0    0    0    0    0    0    0    0    0      0
    83    0    0    0    0    0    0    0    0    0    0    0    0    0    0    0    0    0    0    0    0      0
    84    0    0    0    0    0    0    0    0    0    0    0    0    0    0    0    0    0    0    0    0      0
    85    0    0    0    0    0    0    0    0    0    0    0    0    0    0    0    0    0    0    0    0      0
    86    0    0    0    0    0    0    0    0    0    0    0    0    0    0    0    0    0    0    0    0      0
    87    0    0    0    0    0    0    0    0    0    0    0    0    0    0    0    0    0    0    0    0      0
    88    0    0    0    0    0    0    0    0    0    0    0    0    0    0    0    0    0    0    0    0      0
    89    0    0    0    0    0    0    0    0    0    0    0    0    0    0    0    0    0    0    0    0      0
    90    0    0    0    0    0    0    0    0    0    0    0    0    0    0    0    0    0    0    0    0      0
    91    0    0    0    0    0    0    0    0    0    0    0    0    0    0    0    0    0    0    0    0      0
    92    0    0    0    0    0    0    0    0    0    0    0    0    0    0    0    0    0    0    0    0      0
    93    0    0    0    0    0    0    0    0    0    0    0    0    0    0    0    0    0    0    0    0      0
    94    0    0    0    0    0    0    0    0    0    0    0    0    0    0    0    0    0    0    0    0      0
    95    0    0    0    0    0    0    0    0    0    0    0    0    0    0    0    0    0    0    0    0      0
    96    0    0    0    0    0    0    0    0    0    0    0    0    0    0    0    0    0    0    0    0      0
    97    0    0    0    0    0    0    0    0    0    0    0    0    0    0    0    0    0    0    0    0      0
    98    0    0    0    0    0    0    0    0    0    0    0    0    0    0    0    0    0    0    0    0      0
    99    0    0    0    0    0    0    0    0    0    0    0    0    0    0    0    0    0    0    0    0      0
   100    0    0    0    0    0    0    0    0    0    0    0    0    0    0    0    0    0    0    0    0      0
     0   81  220  359  511  739  886 1046 1308 1417 1633 1878 2001 2153 2317 2367 2403 2581 2640 2643 2719  31902
1AZIMUTHAL ANGLE - POLAR ANGLE IN COS-INTERVALS (0.05) (BACKWARD SPUTTERED PARTICLES) , 1.LAYER , SPECIES 1

     0    1    2    3    4    5    6    7    8    9   10   11   12   13   14   15   16   17   18   19   20      0
     3    2    5    5   15   12   19   17   21   20   26   21   36   37   35   45   28   38   44   35   50    511
     6    1    2    3    8    9   10   15   20   27   25   34   47   30   39   37   34   43   42   44   50    520
     9    3    3   12    6   11   16   14   25   28   23   34   30   25   34   43   31   58   41   37   52    526
    12    0    4    8   10    7   24   17   19   22   34   43   30   30   40   30   34   36   48   43   47    526
    15    1    4    5    7   18   15   16   22   25   30   28   33   33   32   29   38   44   45   48   45    518
    18    2    7    3   11    7   13   19   30   29   22   40   31   43   34   39   49   38   48   41   51    557
    21    0    3    2    9    8   10   16   13   21   28   31   43   29   42   44   50   42   40   44   54    529
    24    0    4    8   11   11   16   17   22   16   28   21   22   38   36   34   45   56   40   50   53    528
    27    1    5    6   12   14   12   31   21   24   26   30   30   37   43   45   43   44   50   43   53    570
    30    0    1    8    3   17   12   17   20   25   20   31   39   35   35   49   49   35   44   46   38    524
    33    0    2    7    8   10   20   18   23   19   32   29   27   32   41   25   37   63   40   41   40    514
    36    1    2    6   11   16   15   15   17   15   23   30   33   35   40   31   48   37   40   43   44    502
    39    1    2    7    8    7   17   14   20   19   29   33   28   38   39   45   37   41   39   37   54    515
    42    4    3   10    6   10   16   21   24   13   28   39   29   44   39   34   46   46   43   35   55    545
    45    1    3    8    2    7   11   14   30   25   22   28   50   38   34   42   38   44   58   44   39    538
    48    1    7    6    9   12   15   12   24   13   26   14   29   33   41   29   44   47   49   44   54    509
    51    1    7    8    6    7   21   17   23   18   22   35   29   38   46   35   36   46   40   27   40    502
    54    3    4    6    8    9   11   13   19   32   35   27   31   36   38   43   46   43   43   37   53    537
    57    1    6    4    8   15   15   11   26   14   24   37   33   38   40   42   53   33   37   36   53    526
    60    5    1    5    4    9   19   12   14   20   26   29   28   43   48   27   45   37   40   55   43    510
    63    0    4    5    6   11   10   19   18   26   29   32   25   37   41   42   39   53   51   40   41    529
    66    1    2    3    8   11   11   17   20   18   28   30   42   32   46   41   30   57   45   48   37    527
    69    1    2   10    8   12   14    8   24   21   22   40   25   33   30   46   34   46   37   53   45    511
    72    2    1    4   11    9   18   19   19   18   33   28   34   33   46   44   35   43   39   38   34    508
    75    0    6    8   10   12   11   17   29   30   21   25   21   34   41   41   42   36   36   34   56    510
    78    1    4    4    9   13   14   23   22   20   31   32   36   25   44   43   35   54   33   38   45    526
    81    0    4    5    5    9    9   20   28   30   25   30   26   39   38   42   32   33   53   42   54    524
    84    0    5    7    5   13    7   10   25   18   34   36   37   39   47   47   44   48   38   40   43    543
    87    1    6    4    7   11   10   20   18   27   38   31   33   40   42   38   39   43   41   45   43    537
    90    3    2    9   13   21   19   15   35   25   22   28   32   29   25   37   25   41   41   45   45    512
    93    2    5    7    9   14   18   20   18   26   30   29   36   34   34   40   37   37   48   55   54    553
    96    1    7    4    8   11   18   21   18   28   31   34   29   36   40   53   43   31   53   35   42    543
    99    1    4   10    7   10   15   27   19   25   28   34   32   34   51   31   36   47   49   52   40    552
   102    2    4    6    8   13   11   19   16   24   22   19   36   32   34   40   36   38   48   41   40    489
   105    1    4    7    6    8   17   22   32   20   19   30   24   37   30   41   48   37   36   57   34    510
   108    1    4    3    7   14   18   15   24   27   26   30   30   42   41   46   45   41   45   47   48    554
   111    3    3    5   10   19   13   24   20   26   23   33   33   39   36   20   39   50   46   40   36    518
   114    3    1    3    8   15   16   13   22   23   25   38   38   39   48   47   43   42   56   39   48    567
   117    1    5    5    9   11    8   19   18   29   29   48   39   35   34   26   41   44   36   47   51    535
   120    3    3    6    9   14   16   24   25   17   31   36   42   41   39   44   42   47   46   35   36    556
   123    2    3    6   17   19   16   12   21   32   26   29   39   42   29   45   39   38   44   51   41    551
   126    0    1    3    9   15   18   14   19   24   25   24   32   37   38   35   40   45   46   45   51    521
   129    1    6    4    8   13   20   20   19   27   24   32   37   43   42   50   39   52   46   52   40    575
   132    1    6    8   11   16   20   20   14   24   29   25   38   26   38   35   41   44   45   46   41    528
   135    2    3    8   13   10   14   16   22   16   29   35   41   39   40   39   41   58   53   44   52    575
   138    0    7    3    8    6    9   20   32   32   22   38   37   32   42   41   45   37   42   46   48    547
   141    1    2   11    8   14   17   13   27   24   44   24   39   36   31   46   42   36   48   41   52    556
   144    1    4    7    9   16    9   19   16   27   22   23   29   32   46   25   41   32   36   40   33    467
   147    3    4    3    9   17   13   25   18   24   27   39   25   37   38   61   54   49   44   58   42    590
   150    1    4    3    4   23   18   21   21   29   26   35   26   37   46   43   38   30   31   43   41    520
   153    2    5    5    7    9   25   19   23   30   25   34   30   34   34   42   36   47   46   48   49    550
   156    0    4   12    7   15   16   16   25   27   30   25   37   39   39   36   27   38   40   46   45    524
   159    1    0    4    6   13    7   17   11   16   21   33   40   33   38   47   45   41   42   50   52    517
   162    3    4    4    9    9   10   18   22   17   42   39   34   32   37   43   39   44   44   47   57    554
   165    0    6    3    6   13   18   16   26   26   31   36   33   41   38   33   34   42   35   47   35    519
   168    2    2    6   10   12    9   16   22   32   22   29   34   46   38   34   35   36   57   38   47    527
   171    2    2    6   13   13   15   16   23   32   22   32   44   37   36   52   39   40   57   52   38    571
   174    0    3    9   12   15   16   15   24   23   22   40   31   48   36   35   46   44   36   57   33    545
   177    1    2    9   10   18   18   16   22   29   35   26   45   27   30   33   45   51   48   42   48    555
   180    3    1    3   10    6   18   19   18   23   33   23   22   33   38   35   41   38   52   49   34    499
     0   81  220  359  511  739  886 1046 1308 1417 1633 1878 2001 2153 2317 2367 2403 2581 2640 2643 2719  31902
