1
      *** PROGRAM TRVMC95 ***


                              * INPUT DATA *


       Z1        M1          E0       ALPHA       EF        ESB      SHEATH     ERC
     18.00     39.95      1340.00      0.00      0.10      0.00   4020.00      4.70

       NH        RI           X0        RD        CW        CA       KK0   KK0R   KDEE1  KDEE2  IPOT   IPOTR   IRL
     99999 716381.00         0.00    100.00      2.00      1.00       2      2      3      3      1      1      3


             DX      RHO    CK  Z(,1) Z(,2) Z(,3) Z(,4) Z(,5)  M(,1)  M(,2)  M(,3)  M(,4)  M(,5) C(,1) C(,2) C(,3) C(,4) C(,5)

 1.LAYER 10000.00   2.25   1.00    6.    0.    0.    0.    0.  12.01   0.00   0.00   0.00   0.00 1.000 0.000 0.000 0.000 0.000


                           ***  SBE(LAYER,ELEMENT)  ***     ***     ED(LAYER,ELEMENT)     ***     ***   BE(LAYER,ELEMENT)  ***

 1.LAYER                   7.41  0.00  0.00  0.00  0.00     30.00   0.00   0.00   0.00   0.00     0.10  0.00  0.00  0.00  0.00


       INTERACTION POTENTIAL : PROJECTILE-TARGET : KR-C POTENTIAL     TARGET-TARGET : KR-C POTENTIAL    


       INELASTIC LOSS MODEL  : PROJECTILE-TARGET : 50% LS 50% OR      TARGET-TARGET : 50% LS 50% OR     
1

                              * OUTPUT DATA *


                 HLM       HLMT        SU       SUT        XC        RT       SFE      INEL         L        LJ
               0.0000 10000.000    3.5029 10003.503   -3.5029  9900.000      7.41         0         1         1


                NPROJ       KIB       KIT      MAXA      NALL       NPA       NSA       KIS      KIST
                31302         0         0       269  25248882   1716390  13996379     85014         0


            EPS0(I)       Z2(I)       M2(I)     ARHO(I)       LM(I)     PMAX(I)     ASIG(I)       SB(I)       XX(I)        NJ(I)

 1.LAYER   0.2628E-01  0.6000E+01  0.1201E+02  0.1128E+00  0.2070E+01  0.1168E+01  0.2335E+00  0.7410E+01  0.1000E+05         1


             A1(1)   A1(2)   A1(3)   A1(4)   A1(5)   A1(6)   A1(7)   A1(8)   A1(9)  A1(10)  A1(11)  A1(12)  A1(13)  A1(14)  A1(15)

           0.13193


           KOR1(1) KOR1(2) KOR1(3) KOR1(4) KOR1(5) KOR1(6) KOR1(7) KOR1(8) KOR1(9) KOR1(A) KOR1(B) KOR1(C) KOR1(D) KOR1(E) KOR1(F)

           0.73577


            A(I,1)  A(I,2)  A(I,3)  A(I,4)  A(I,5)  A(I,6)  A(I,7)  A(I,8)  A(I,9) A(I,10) A(I,11) A(I,12) A(I,13) A(I,14) A(I,15)

           0.16242


           KOR(,1) KOR(,2) KOR(,3) KOR(,4) KOR(,5) KOR(,6) KOR(,7) KOR(,8) KOR(,9) KOR(,A) KOR(,B) KOR(,C) KOR(,D) KOR(,E) KOR(,F)

           0.46963
1

         IMPLANTED PARTICLES=  99999     ENERGY=0.1340E+09 EV
     BACKSCATTERED PARTICLES=      0     ENERGY=0.0000E+00 EV
       TRANSMITTED PARTICLES=      0     ENERGY=0.0000E+00 EV
     BACKSPUTTERED PARTICLES=  34905     ENERGY=0.6310E+06 EV
    TRANSM. SPUTT. PARTICLES=      0     ENERGY=0.0000E+00 EV


  PROJECTILES :   MEAN NUMBER OF ELASTIC COLLISIONS =     18.3   MEAN NUMBER OF EL.COLL.(E > EDISPL.) =    8.107
                                                                 MEAN NUMBER OF EL.COLL.(E > SB(1))   =   16.092

                       MEAN        VARIANCE      SKEWNESS      KURTOSIS        SIGMA       ERROR 1.M     ERROR 2.M     ERROR 3.M 
  PENETRATION       3.0646E+01    8.0252E+01    4.0549E-01    2.9845E+00    8.9583E+00    2.8329E-02    3.5750E-01    7.2486E-03
       SPREAD       1.0397E+01    3.1972E+01    7.3789E-01    3.4870E+00    5.6544E+00    1.7881E-02    1.5944E-01    8.5843E-03
   PATHLENGTH       3.6022E+01    9.0484E+01    3.4245E-01    2.9179E+00    9.5123E+00    3.0081E-02    3.9626E-01    7.1059E-03
 ELASTIC LOSS       1.2667E+03    5.5983E+02                                2.3661E+01    2.3661E-04
   INEL. LOSS       7.3315E+01    5.5983E+02                                2.3661E+01    2.3661E-04

                       MEAN        VARIANCE      SKEWNESS      KURTOSIS        SIGMA       ERROR 1.M     ERROR 2.M     ERROR 3.M 
   ELAST.LOSS       6.5351E+01    1.1799E+04    3.5605E+00    1.8565E+01    1.0862E+02    8.0237E-02    3.6528E+01    5.5621E-03
 WEAK EL.LOSS       3.7619E+00    6.6727E+00    9.1783E-01    3.2944E+00    2.5832E+00    1.9081E-03    7.4660E-03    1.3836E-03
 INELAST.LOSS       4.0002E+00    6.0254E+00    1.0938E-02    1.7998E+00    2.4547E+00    1.8132E-03    3.9804E-03    1.1116E-03
  SUBTHR.LOSS       1.3706E+01    5.6497E+01    2.4874E-01    2.2667E+00    7.5165E+00    7.4350E-03    6.2897E-02    1.3853E-03

                     1.MOMENT      2.MOMENT      3.MOMENT      4.MOMENT      5.MOMENT      6.MOMENT 
  PENETRATION       3.0646E+01    1.0194E+03    3.6452E+04    1.3893E+06    5.6026E+07    2.3762E+09



  RECOILES (PER PROJ.)   :   MEAN NUMBER OF ELASTIC COLLISIONS =    247.4   MEAN NUMBER OF EL.COLL.(E > EDISPL.) =     10.793
                                                                            MEAN NUMBER OF EL.COLL.(E > SB(1))   =     75.698

  RECOILES (PER KNOCKON) :   MEAN NUMBER OF ELASTIC COLLISIONS =    1.574   MEAN NUMBER OF EL.COLL.(E > EDISPL.) =      0.069
                                                                            MEAN NUMBER OF EL.COLL.(E > SB(1))   =      0.482

1


     DEPTH(A)  PARTICLES  NORM.DEPTH PATHLENGTH   INLOSS(EV)  TELOSS(EV)  ELLOSS(EV)  DAMAGE(EV)  PHONON(EV)  CASCAD(EV)     DPA

    -SU-    0.         0  0.0000E+00
     0.-    2.         0  0.0000E+00         0    7.0103E+05  1.0711E+07  1.0534E+07  9.9023E+06  6.3132E+05  8.3298E+06   49355
     2.-    4.         0  0.0000E+00         0    6.9596E+05  1.0591E+07  1.0395E+07  9.7583E+06  6.3634E+05  8.2225E+06   50883
     4.-    6.         0  0.0000E+00         0    6.6375E+05  1.0289E+07  1.0068E+07  9.4119E+06  6.5594E+05  7.9480E+06   52492
     6.-    8.        10  0.1000E-03         0    6.2895E+05  9.9960E+06  9.7450E+06  9.0718E+06  6.7321E+05  7.6777E+06   54190
     8.-   10.        98  0.9800E-03         1    5.9145E+05  9.6420E+06  9.3562E+06  8.6538E+06  7.0238E+05  7.3415E+06   55582
    10.-   12.       349  0.3490E-02        12    5.5327E+05  9.2675E+06  8.9417E+06  8.2011E+06  7.4058E+05  6.9728E+06   56586
    12.-   14.       950  0.9500E-02        93    5.1473E+05  8.8402E+06  8.4659E+06  7.6798E+06  7.8606E+05  6.5454E+06   57529
    14.-   16.      1969  0.1969E-01       333    4.7036E+05  8.2566E+06  7.8420E+06  7.0139E+06  8.2809E+05  5.9910E+06   56394
    16.-   18.      3240  0.3240E-01       856    4.2546E+05  7.6387E+06  7.1903E+06  6.3301E+06  8.6024E+05  5.4185E+06   54680
    18.-   20.      4563  0.4563E-01      1733    3.7950E+05  7.0635E+06  6.5926E+06  5.7155E+06  8.7703E+05  4.8992E+06   51810
    20.-   22.      6119  0.6119E-01      2737    3.3302E+05  6.2975E+06  5.8123E+06  4.9271E+06  8.8515E+05  4.2324E+06   47899
    22.-   24.      7216  0.7216E-01      4024    2.8572E+05  5.5252E+06  5.0496E+06  4.1939E+06  8.5572E+05  3.6084E+06   43046
    24.-   26.      8245  0.8245E-01      5192    2.4231E+05  4.8079E+06  4.3509E+06  3.5429E+06  8.0805E+05  3.0528E+06   38147
    26.-   28.      8639  0.8639E-01      6586    1.9949E+05  4.0170E+06  3.5961E+06  2.8567E+06  7.3939E+05  2.4653E+06   32264
    28.-   30.      8698  0.8698E-01      7398    1.6214E+05  3.3163E+06  2.9386E+06  2.2760E+06  6.6263E+05  1.9669E+06   26977
    30.-   32.      8518  0.8518E-01      7968    1.2802E+05  2.6676E+06  2.3382E+06  1.7593E+06  5.7897E+05  1.5222E+06   21605
    32.-   34.      7900  0.7900E-01      8319    9.9356E+04  2.1070E+06  1.8300E+06  1.3434E+06  4.8656E+05  1.1633E+06   16955
    34.-   36.      6888  0.6888E-01      8608    7.5722E+04  1.6155E+06  1.3853E+06  9.8381E+05  4.0145E+05  8.5355E+05   13202
    36.-   38.      6172  0.6172E-01      8061    5.6157E+04  1.2119E+06  1.0284E+06  7.0363E+05  3.2481E+05  6.1103E+05    9731
    38.-   40.      5060  0.5060E-01      7198    4.0939E+04  8.9880E+05  7.5604E+05  5.0395E+05  2.5210E+05  4.3794E+05    7146
    40.-   42.      4156  0.4156E-01      6404    2.8696E+04  6.3900E+05  5.3100E+05  3.4052E+05  1.9048E+05  2.9618E+05    4981
    42.-   44.      3242  0.3242E-01      5545    1.9836E+04  4.5055E+05  3.7219E+05  2.3415E+05  1.3804E+05  2.0379E+05    3481
    44.-   46.      2456  0.2456E-01      4409    1.3310E+04  3.0144E+05  2.4499E+05  1.4346E+05  1.0153E+05  1.2493E+05    2199
    46.-   48.      1817  0.1817E-01      3692    8.7091E+03  1.9966E+05  1.6067E+05  9.1435E+04  6.9239E+04  7.9730E+04    1452
    48.-   50.      1313  0.1313E-01      2940    5.5637E+03  1.2985E+05  1.0367E+05  5.6415E+04  4.7252E+04  4.9270E+04     946
    50.-   52.       896  0.8960E-02      2343    3.3594E+03  7.9495E+04  6.2837E+04  3.3450E+04  2.9387E+04  2.9196E+04     558
    52.-   54.       576  0.5760E-02      1767    1.9998E+03  4.5910E+04  3.5388E+04  1.6192E+04  1.9196E+04  1.4145E+04     277
    54.-   56.       368  0.3680E-02      1264    1.1904E+03  2.7029E+04  2.0755E+04  9.1122E+03  1.1643E+04  7.9823E+03     171
    56.-   58.       234  0.2340E-02       905    6.5709E+02  1.5359E+04  1.1693E+04  4.9522E+03  6.7407E+03  4.3334E+03      90
    58.-   60.       132  0.1320E-02       580    3.8431E+02  9.6890E+03  7.4332E+03  3.4036E+03  4.0296E+03  2.9780E+03      61
    60.-   62.        79  0.7900E-03       421    1.9066E+02  4.2880E+03  3.0937E+03  7.1472E+02  2.3790E+03  6.2843E+02      16
    62.-   64.        63  0.6300E-03       231    8.9437E+01  2.2472E+03  1.6588E+03  6.1349E+02  1.0453E+03  5.3994E+02      13
    64.-   66.        14  0.1400E-03       156    3.9864E+01  8.0749E+02  5.9754E+02  2.1369E+02  3.8385E+02  1.8737E+02       4
    66.-   68.         9  0.9000E-04        90    2.8360E+01  5.6983E+02  4.2389E+02  1.7683E+02  2.4705E+02  1.5431E+02       3
    68.-   70.         3  0.3000E-04        67    1.3302E+01  3.1791E+02  2.3137E+02  9.2598E+01  1.3877E+02  8.0378E+01       1
    70.-   72.         2  0.2000E-04        31    1.1493E+01  3.0537E+02  2.5640E+02  1.5723E+02  9.9172E+01  1.3803E+02       3
    72.-   74.         3  0.3000E-04        20    5.0902E+00  1.6562E+02  1.3118E+02  9.3312E+01  3.7871E+01  8.0984E+01       1
    74.-   76.         1  0.1000E-04         7    6.2242E-01  1.3982E+01  7.9535E+00  0.0000E+00  7.9535E+00  0.0000E+00       0
    76.-   78.         1  0.1000E-04         3    1.1282E+00  2.2268E+01  1.2292E+01  0.0000E+00  1.2292E+01  0.0000E+00       0
    78.-   80.         0  0.0000E+00         2    7.0774E-02  2.3194E+00  1.6952E+00  0.0000E+00  1.6952E+00  0.0000E+00       0
    80.-   82.         0  0.0000E+00         1    0.0000E+00  0.0000E+00  0.0000E+00  0.0000E+00  0.0000E+00  0.0000E+00       0
    82.-   84.         0  0.0000E+00         2    0.0000E+00  0.0000E+00  0.0000E+00  0.0000E+00  0.0000E+00  0.0000E+00       0
    84.-   86.         0  0.0000E+00         0    0.0000E+00  0.0000E+00  0.0000E+00  0.0000E+00  0.0000E+00  0.0000E+00       0
    86.-   88.         0  0.0000E+00         0    0.0000E+00  0.0000E+00  0.0000E+00  0.0000E+00  0.0000E+00  0.0000E+00       0
    88.-   90.         0  0.0000E+00         0    0.0000E+00  0.0000E+00  0.0000E+00  0.0000E+00  0.0000E+00  0.0000E+00       0
    90.-   92.         0  0.0000E+00         0    0.0000E+00  0.0000E+00  0.0000E+00  0.0000E+00  0.0000E+00  0.0000E+00       0
    92.-   94.         0  0.0000E+00         0    0.0000E+00  0.0000E+00  0.0000E+00  0.0000E+00  0.0000E+00  0.0000E+00       0
    94.-   96.         0  0.0000E+00         0    0.0000E+00  0.0000E+00  0.0000E+00  0.0000E+00  0.0000E+00  0.0000E+00       0
    96.-   98.         0  0.0000E+00         0    0.0000E+00  0.0000E+00  0.0000E+00  0.0000E+00  0.0000E+00  0.0000E+00       0
    98.-  100.         0  0.0000E+00         0    0.0000E+00  0.0000E+00  0.0000E+00  0.0000E+00  0.0000E+00  0.0000E+00       0
   100.-  102.         0  0.0000E+00         0    0.0000E+00  0.0000E+00  0.0000E+00  0.0000E+00  0.0000E+00  0.0000E+00       0
   102.-  104.         0  0.0000E+00         0    0.0000E+00  0.0000E+00  0.0000E+00  0.0000E+00  0.0000E+00  0.0000E+00       0
   104.-  106.         0  0.0000E+00         0    0.0000E+00  0.0000E+00  0.0000E+00  0.0000E+00  0.0000E+00  0.0000E+00       0
   106.-  108.         0  0.0000E+00         0    0.0000E+00  0.0000E+00  0.0000E+00  0.0000E+00  0.0000E+00  0.0000E+00       0
   108.-  110.         0  0.0000E+00         0    0.0000E+00  0.0000E+00  0.0000E+00  0.0000E+00  0.0000E+00  0.0000E+00       0
   110.-  112.         0  0.0000E+00         0    0.0000E+00  0.0000E+00  0.0000E+00  0.0000E+00  0.0000E+00  0.0000E+00       0
   112.-  114.         0  0.0000E+00         0    0.0000E+00  0.0000E+00  0.0000E+00  0.0000E+00  0.0000E+00  0.0000E+00       0
   114.-  116.         0  0.0000E+00         0    0.0000E+00  0.0000E+00  0.0000E+00  0.0000E+00  0.0000E+00  0.0000E+00       0
   116.-  118.         0  0.0000E+00         0    0.0000E+00  0.0000E+00  0.0000E+00  0.0000E+00  0.0000E+00  0.0000E+00       0
   118.-  120.         0  0.0000E+00         0    0.0000E+00  0.0000E+00  0.0000E+00  0.0000E+00  0.0000E+00  0.0000E+00       0
   120.-  122.         0  0.0000E+00         0    0.0000E+00  0.0000E+00  0.0000E+00  0.0000E+00  0.0000E+00  0.0000E+00       0
   122.-  124.         0  0.0000E+00         0    0.0000E+00  0.0000E+00  0.0000E+00  0.0000E+00  0.0000E+00  0.0000E+00       0
   124.-  126.         0  0.0000E+00         0    0.0000E+00  0.0000E+00  0.0000E+00  0.0000E+00  0.0000E+00  0.0000E+00       0
   126.-  128.         0  0.0000E+00         0    0.0000E+00  0.0000E+00  0.0000E+00  0.0000E+00  0.0000E+00  0.0000E+00       0
   128.-  130.         0  0.0000E+00         0    0.0000E+00  0.0000E+00  0.0000E+00  0.0000E+00  0.0000E+00  0.0000E+00       0
   130.-  132.         0  0.0000E+00         0    0.0000E+00  0.0000E+00  0.0000E+00  0.0000E+00  0.0000E+00  0.0000E+00       0
   132.-  134.         0  0.0000E+00         0    0.0000E+00  0.0000E+00  0.0000E+00  0.0000E+00  0.0000E+00  0.0000E+00       0
   134.-  136.         0  0.0000E+00         0    0.0000E+00  0.0000E+00  0.0000E+00  0.0000E+00  0.0000E+00  0.0000E+00       0
   136.-  138.         0  0.0000E+00         0    0.0000E+00  0.0000E+00  0.0000E+00  0.0000E+00  0.0000E+00  0.0000E+00       0
   138.-  140.         0  0.0000E+00         0    0.0000E+00  0.0000E+00  0.0000E+00  0.0000E+00  0.0000E+00  0.0000E+00       0
   140.-  142.         0  0.0000E+00         0    0.0000E+00  0.0000E+00  0.0000E+00  0.0000E+00  0.0000E+00  0.0000E+00       0
   142.-  144.         0  0.0000E+00         0    0.0000E+00  0.0000E+00  0.0000E+00  0.0000E+00  0.0000E+00  0.0000E+00       0
   144.-  146.         0  0.0000E+00         0    0.0000E+00  0.0000E+00  0.0000E+00  0.0000E+00  0.0000E+00  0.0000E+00       0
   146.-  148.         0  0.0000E+00         0    0.0000E+00  0.0000E+00  0.0000E+00  0.0000E+00  0.0000E+00  0.0000E+00       0
   148.-  150.         0  0.0000E+00         0    0.0000E+00  0.0000E+00  0.0000E+00  0.0000E+00  0.0000E+00  0.0000E+00       0
   150.-  152.         0  0.0000E+00         0    0.0000E+00  0.0000E+00  0.0000E+00  0.0000E+00  0.0000E+00  0.0000E+00       0
   152.-  154.         0  0.0000E+00         0    0.0000E+00  0.0000E+00  0.0000E+00  0.0000E+00  0.0000E+00  0.0000E+00       0
   154.-  156.         0  0.0000E+00         0    0.0000E+00  0.0000E+00  0.0000E+00  0.0000E+00  0.0000E+00  0.0000E+00       0
   156.-  158.         0  0.0000E+00         0    0.0000E+00  0.0000E+00  0.0000E+00  0.0000E+00  0.0000E+00  0.0000E+00       0
   158.-  160.         0  0.0000E+00         0    0.0000E+00  0.0000E+00  0.0000E+00  0.0000E+00  0.0000E+00  0.0000E+00       0
   160.-  162.         0  0.0000E+00         0    0.0000E+00  0.0000E+00  0.0000E+00  0.0000E+00  0.0000E+00  0.0000E+00       0
   162.-  164.         0  0.0000E+00         0    0.0000E+00  0.0000E+00  0.0000E+00  0.0000E+00  0.0000E+00  0.0000E+00       0
   164.-  166.         0  0.0000E+00         0    0.0000E+00  0.0000E+00  0.0000E+00  0.0000E+00  0.0000E+00  0.0000E+00       0
   166.-  168.         0  0.0000E+00         0    0.0000E+00  0.0000E+00  0.0000E+00  0.0000E+00  0.0000E+00  0.0000E+00       0
   168.-  170.         0  0.0000E+00         0    0.0000E+00  0.0000E+00  0.0000E+00  0.0000E+00  0.0000E+00  0.0000E+00       0
   170.-  172.         0  0.0000E+00         0    0.0000E+00  0.0000E+00  0.0000E+00  0.0000E+00  0.0000E+00  0.0000E+00       0
   172.-  174.         0  0.0000E+00         0    0.0000E+00  0.0000E+00  0.0000E+00  0.0000E+00  0.0000E+00  0.0000E+00       0
   174.-  176.         0  0.0000E+00         0    0.0000E+00  0.0000E+00  0.0000E+00  0.0000E+00  0.0000E+00  0.0000E+00       0
   176.-  178.         0  0.0000E+00         0    0.0000E+00  0.0000E+00  0.0000E+00  0.0000E+00  0.0000E+00  0.0000E+00       0
   178.-  180.         0  0.0000E+00         0    0.0000E+00  0.0000E+00  0.0000E+00  0.0000E+00  0.0000E+00  0.0000E+00       0
   180.-  182.         0  0.0000E+00         0    0.0000E+00  0.0000E+00  0.0000E+00  0.0000E+00  0.0000E+00  0.0000E+00       0
   182.-  184.         0  0.0000E+00         0    0.0000E+00  0.0000E+00  0.0000E+00  0.0000E+00  0.0000E+00  0.0000E+00       0
   184.-  186.         0  0.0000E+00         0    0.0000E+00  0.0000E+00  0.0000E+00  0.0000E+00  0.0000E+00  0.0000E+00       0
   186.-  188.         0  0.0000E+00         0    0.0000E+00  0.0000E+00  0.0000E+00  0.0000E+00  0.0000E+00  0.0000E+00       0
   188.-  190.         0  0.0000E+00         0    0.0000E+00  0.0000E+00  0.0000E+00  0.0000E+00  0.0000E+00  0.0000E+00       0
   190.-  192.         0  0.0000E+00         0    0.0000E+00  0.0000E+00  0.0000E+00  0.0000E+00  0.0000E+00  0.0000E+00       0
   192.-  194.         0  0.0000E+00         0    0.0000E+00  0.0000E+00  0.0000E+00  0.0000E+00  0.0000E+00  0.0000E+00       0
   194.-  196.         0  0.0000E+00         0    0.0000E+00  0.0000E+00  0.0000E+00  0.0000E+00  0.0000E+00  0.0000E+00       0
   196.-  198.         0  0.0000E+00         0    0.0000E+00  0.0000E+00  0.0000E+00  0.0000E+00  0.0000E+00  0.0000E+00       0
   198.-  200.         0  0.0000E+00         0    0.0000E+00  0.0000E+00  0.0000E+00  0.0000E+00  0.0000E+00  0.0000E+00       0
   200.-   SUT         0  0.0000E+00

                   99999  1.0000E+00     99999    7.3314E+06  1.2667E+08  1.1977E+08  1.0576E+08  1.4008E+07  9.0075E+07  810730
1
     RECOILS



     DEPTH(A)     INLOSS(EV)   TELOSS(EV)   ELLOSS(EV)   DAMAGE(EV)   PHONON(EV)     DPA  DPA(1)  DPA(2)

     0.-    2.    2.4915E+05   4.7168E+06   3.7051E+06   7.0730E+05   2.9978E+06   12805   12805       0
     2.-    4.    4.5952E+05   7.9400E+06   6.5422E+06   2.0768E+06   4.4653E+06   31714   31714       0
     4.-    6.    6.4623E+05   1.0731E+07   8.9060E+06   3.0279E+06   5.8781E+06   44588   44588       0
     6.-    8.    7.9790E+05   1.3132E+07   1.0928E+07   3.8079E+06   7.1204E+06   55212   55212       0
     8.-   10.    9.1323E+05   1.5035E+07   1.2513E+07   4.3572E+06   8.1560E+06   63489   63489       0
    10.-   12.    1.0016E+06   1.6529E+07   1.3742E+07   4.7241E+06   9.0181E+06   69125   69125       0
    12.-   14.    1.0649E+06   1.7705E+07   1.4706E+07   5.0081E+06   9.6980E+06   73905   73905       0
    14.-   16.    1.0990E+06   1.8395E+07   1.5242E+07   5.0707E+06   1.0171E+07   75778   75778       0
    16.-   18.    1.1051E+06   1.8723E+07   1.5486E+07   5.0678E+06   1.0418E+07   76231   76231       0
    18.-   20.    1.0857E+06   1.8550E+07   1.5291E+07   4.8364E+06   1.0454E+07   74195   74195       0
    20.-   22.    1.0444E+06   1.8063E+07   1.4856E+07   4.6146E+06   1.0242E+07   71253   71253       0
    22.-   24.    9.8292E+05   1.7139E+07   1.4050E+07   4.2195E+06   9.8309E+06   66289   66289       0
    24.-   26.    9.0705E+05   1.5971E+07   1.3058E+07   3.8296E+06   9.2286E+06   60772   60772       0
    26.-   28.    8.1931E+05   1.4534E+07   1.1853E+07   3.3862E+06   8.4669E+06   54600   54600       0
    28.-   30.    7.2515E+05   1.2977E+07   1.0554E+07   2.9254E+06   7.6284E+06   47508   47508       0
    30.-   32.    6.2764E+05   1.1318E+07   9.1813E+06   2.4815E+06   6.6999E+06   40844   40844       0
    32.-   34.    5.3246E+05   9.6893E+06   7.8430E+06   2.0831E+06   5.7599E+06   34228   34228       0
    34.-   36.    4.4277E+05   8.0996E+06   6.5384E+06   1.6834E+06   4.8550E+06   28024   28024       0
    36.-   38.    3.6445E+05   6.7025E+06   5.4026E+06   1.3659E+06   4.0367E+06   22760   22760       0
    38.-   40.    2.9285E+05   5.4206E+06   4.3619E+06   1.0885E+06   3.2733E+06   18183   18183       0
    40.-   42.    2.3134E+05   4.2891E+06   3.4440E+06   8.4590E+05   2.5981E+06   14166   14166       0
    42.-   44.    1.8082E+05   3.3811E+06   2.7165E+06   6.7929E+05   2.0372E+06   11327   11327       0
    44.-   46.    1.3854E+05   2.5888E+06   2.0766E+06   5.0485E+05   1.5718E+06    8667    8667       0
    46.-   48.    1.0492E+05   1.9681E+06   1.5767E+06   3.7422E+05   1.2025E+06    6387    6387       0
    48.-   50.    7.7694E+04   1.4596E+06   1.1665E+06   2.7423E+05   8.9223E+05    4723    4723       0
    50.-   52.    5.7500E+04   1.0813E+06   8.6467E+05   2.0185E+05   6.6281E+05    3419    3419       0
    52.-   54.    4.1870E+04   7.8808E+05   6.3162E+05   1.5181E+05   4.7982E+05    2537    2537       0
    54.-   56.    3.0368E+04   5.6762E+05   4.5388E+05   1.0761E+05   3.4627E+05    1812    1812       0
    56.-   58.    2.1949E+04   4.0852E+05   3.2773E+05   8.0853E+04   2.4688E+05    1378    1378       0
    58.-   60.    1.5702E+04   2.9458E+05   2.3646E+05   5.8016E+04   1.7844E+05     975     975       0
    60.-   62.    1.1490E+04   2.1492E+05   1.7276E+05   4.3547E+04   1.2922E+05     745     745       0
    62.-   64.    8.1823E+03   1.5017E+05   1.2034E+05   2.8450E+04   9.1894E+04     501     501       0
    64.-   66.    5.7793E+03   1.0807E+05   8.6813E+04   2.1265E+04   6.5548E+04     347     347       0
    66.-   68.    4.0289E+03   7.4648E+04   5.9532E+04   1.3542E+04   4.5990E+04     245     245       0
    68.-   70.    2.8882E+03   5.3382E+04   4.2765E+04   1.0768E+04   3.1996E+04     172     172       0
    70.-   72.    2.0462E+03   3.8390E+04   3.0891E+04   7.7731E+03   2.3118E+04     125     125       0
    72.-   74.    1.4975E+03   2.7192E+04   2.1932E+04   5.2027E+03   1.6730E+04      80      80       0
    74.-   76.    1.0067E+03   1.8711E+04   1.4877E+04   3.2964E+03   1.1580E+04      61      61       0
    76.-   78.    7.4179E+02   1.3815E+04   1.1095E+04   2.7272E+03   8.3681E+03      48      48       0
    78.-   80.    5.1703E+02   1.0015E+04   8.1210E+03   2.2168E+03   5.9042E+03      34      34       0
    80.-   82.    3.8574E+02   7.1125E+03   5.7429E+03   1.3247E+03   4.4183E+03      23      23       0
    82.-   84.    2.7830E+02   5.0428E+03   3.9686E+03   6.5834E+02   3.3103E+03      12      12       0
    84.-   86.    1.8520E+02   3.6853E+03   2.9479E+03   9.2977E+02   2.0182E+03      16      16       0
    86.-   88.    1.4123E+02   2.9523E+03   2.4081E+03   6.7322E+02   1.7349E+03       8       8       0
    88.-   90.    7.9602E+01   1.5009E+03   1.1460E+03   1.6123E+02   9.8474E+02       3       3       0
    90.-   92.    6.3354E+01   1.3076E+03   1.0222E+03   1.8052E+02   8.4165E+02       3       3       0
    92.-   94.    3.3653E+01   6.5403E+02   5.1946E+02   1.1431E+02   4.0515E+02       2       2       0
    94.-   96.    2.4368E+01   5.1968E+02   4.3697E+02   1.4134E+02   2.9563E+02       3       3       0
    96.-   98.    1.9073E+01   4.4703E+02   3.6954E+02   1.3003E+02   2.3950E+02       2       2       0
    98.-  100.    8.1948E+00   1.7157E+02   1.2254E+02   0.0000E+00   1.2254E+02       0       0       0
   100.-  102.    3.3417E+00   8.3389E+01   6.9904E+01   3.1469E+01   3.8435E+01       1       1       0
   102.-  104.    2.0149E-01   6.5535E+00   4.2140E+00   0.0000E+00   4.2140E+00       0       0       0
   104.-  106.    0.0000E+00   0.0000E+00   0.0000E+00   0.0000E+00   0.0000E+00       0       0       0
   106.-  108.    0.0000E+00   0.0000E+00   0.0000E+00   0.0000E+00   0.0000E+00       0       0       0
   108.-  110.    0.0000E+00   0.0000E+00   0.0000E+00   0.0000E+00   0.0000E+00       0       0       0
   110.-  112.    0.0000E+00   0.0000E+00   0.0000E+00   0.0000E+00   0.0000E+00       0       0       0
   112.-  114.    0.0000E+00   0.0000E+00   0.0000E+00   0.0000E+00   0.0000E+00       0       0       0
   114.-  116.    0.0000E+00   0.0000E+00   0.0000E+00   0.0000E+00   0.0000E+00       0       0       0
   116.-  118.    0.0000E+00   0.0000E+00   0.0000E+00   0.0000E+00   0.0000E+00       0       0       0
   118.-  120.    0.0000E+00   0.0000E+00   0.0000E+00   0.0000E+00   0.0000E+00       0       0       0
   120.-  122.    0.0000E+00   0.0000E+00   0.0000E+00   0.0000E+00   0.0000E+00       0       0       0
   122.-  124.    0.0000E+00   0.0000E+00   0.0000E+00   0.0000E+00   0.0000E+00       0       0       0
   124.-  126.    0.0000E+00   0.0000E+00   0.0000E+00   0.0000E+00   0.0000E+00       0       0       0
   126.-  128.    0.0000E+00   0.0000E+00   0.0000E+00   0.0000E+00   0.0000E+00       0       0       0
   128.-  130.    0.0000E+00   0.0000E+00   0.0000E+00   0.0000E+00   0.0000E+00       0       0       0
   130.-  132.    0.0000E+00   0.0000E+00   0.0000E+00   0.0000E+00   0.0000E+00       0       0       0
   132.-  134.    0.0000E+00   0.0000E+00   0.0000E+00   0.0000E+00   0.0000E+00       0       0       0
   134.-  136.    0.0000E+00   0.0000E+00   0.0000E+00   0.0000E+00   0.0000E+00       0       0       0
   136.-  138.    0.0000E+00   0.0000E+00   0.0000E+00   0.0000E+00   0.0000E+00       0       0       0
   138.-  140.    0.0000E+00   0.0000E+00   0.0000E+00   0.0000E+00   0.0000E+00       0       0       0
   140.-  142.    0.0000E+00   0.0000E+00   0.0000E+00   0.0000E+00   0.0000E+00       0       0       0
   142.-  144.    0.0000E+00   0.0000E+00   0.0000E+00   0.0000E+00   0.0000E+00       0       0       0
   144.-  146.    0.0000E+00   0.0000E+00   0.0000E+00   0.0000E+00   0.0000E+00       0       0       0
   146.-  148.    0.0000E+00   0.0000E+00   0.0000E+00   0.0000E+00   0.0000E+00       0       0       0
   148.-  150.    0.0000E+00   0.0000E+00   0.0000E+00   0.0000E+00   0.0000E+00       0       0       0
   150.-  152.    0.0000E+00   0.0000E+00   0.0000E+00   0.0000E+00   0.0000E+00       0       0       0
   152.-  154.    0.0000E+00   0.0000E+00   0.0000E+00   0.0000E+00   0.0000E+00       0       0       0
   154.-  156.    0.0000E+00   0.0000E+00   0.0000E+00   0.0000E+00   0.0000E+00       0       0       0
   156.-  158.    0.0000E+00   0.0000E+00   0.0000E+00   0.0000E+00   0.0000E+00       0       0       0
   158.-  160.    0.0000E+00   0.0000E+00   0.0000E+00   0.0000E+00   0.0000E+00       0       0       0
   160.-  162.    0.0000E+00   0.0000E+00   0.0000E+00   0.0000E+00   0.0000E+00       0       0       0
   162.-  164.    0.0000E+00   0.0000E+00   0.0000E+00   0.0000E+00   0.0000E+00       0       0       0
   164.-  166.    0.0000E+00   0.0000E+00   0.0000E+00   0.0000E+00   0.0000E+00       0       0       0
   166.-  168.    0.0000E+00   0.0000E+00   0.0000E+00   0.0000E+00   0.0000E+00       0       0       0
   168.-  170.    0.0000E+00   0.0000E+00   0.0000E+00   0.0000E+00   0.0000E+00       0       0       0
   170.-  172.    0.0000E+00   0.0000E+00   0.0000E+00   0.0000E+00   0.0000E+00       0       0       0
   172.-  174.    0.0000E+00   0.0000E+00   0.0000E+00   0.0000E+00   0.0000E+00       0       0       0
   174.-  176.    0.0000E+00   0.0000E+00   0.0000E+00   0.0000E+00   0.0000E+00       0       0       0
   176.-  178.    0.0000E+00   0.0000E+00   0.0000E+00   0.0000E+00   0.0000E+00       0       0       0
   178.-  180.    0.0000E+00   0.0000E+00   0.0000E+00   0.0000E+00   0.0000E+00       0       0       0
   180.-  182.    0.0000E+00   0.0000E+00   0.0000E+00   0.0000E+00   0.0000E+00       0       0       0
   182.-  184.    0.0000E+00   0.0000E+00   0.0000E+00   0.0000E+00   0.0000E+00       0       0       0
   184.-  186.    0.0000E+00   0.0000E+00   0.0000E+00   0.0000E+00   0.0000E+00       0       0       0
   186.-  188.    0.0000E+00   0.0000E+00   0.0000E+00   0.0000E+00   0.0000E+00       0       0       0
   188.-  190.    0.0000E+00   0.0000E+00   0.0000E+00   0.0000E+00   0.0000E+00       0       0       0
   190.-  192.    0.0000E+00   0.0000E+00   0.0000E+00   0.0000E+00   0.0000E+00       0       0       0
   192.-  194.    0.0000E+00   0.0000E+00   0.0000E+00   0.0000E+00   0.0000E+00       0       0       0
   194.-  196.    0.0000E+00   0.0000E+00   0.0000E+00   0.0000E+00   0.0000E+00       0       0       0
   196.-  198.    0.0000E+00   0.0000E+00   0.0000E+00   0.0000E+00   0.0000E+00       0       0       0
   198.-  200.    0.0000E+00   0.0000E+00   0.0000E+00   0.0000E+00   0.0000E+00       0       0       0

                  1.6101E+07   2.7893E+08   2.2884E+08   6.9784E+07   1.5906E+08 1079325 1079325       0
1     BACKWARD SPUTTERING



        ALL SPUTTERED PARTICLES =   34905   TOTAL SPUTTERED ENERGY = 0.6310E+06 EV


        SPUTTERED PARTICLES (1.LAYER) =   34905   SPUTTERED ENERGY = 0.6310E+06 EV


 1.LAYER
         SPUTTERED PARTICLES(1) =   34905     SPUTTERED ENERGY(1) = 0.6310E+06 EV

         ION IN , PRIMARY KO(1) =    7635   0.2187   0.2187    ENERGY = 0.2123E+06 EV   0.3365   0.3365    MEAN ENERGY = 0.2781E+02
         ION IN , SECOND. KO(1) =   27270   0.7813   0.7813    ENERGY = 0.4187E+06 EV   0.6635   0.6635    MEAN ENERGY = 0.1535E+02
        ION OUT , PRIMARY KO(1) =       0   0.0000   0.0000    ENERGY = 0.0000E+00 EV   0.0000   0.0000    MEAN ENERGY = 0.0000E+00
        ION OUT , SECOND. KO(1) =       0   0.0000   0.0000    ENERGY = 0.0000E+00 EV   0.0000   0.0000    MEAN ENERGY = 0.0000E+00


     SPUTTERING YIELD(1) =  3.491E-01  SPUTTERED ENERGY(1) =  4.709E-03  REL.MEAN ENERGY(1) =  1.349E-02  MEAN ENERGY(1) =  1.808E+01

                       MEAN        VARIANCE      SKEWNESS      KURTOSIS        SIGMA       ERROR 1.M     ERROR 2.M     ERROR 3.M 
    ENERGY(1)       1.8079E+01    4.3423E+02    2.9091E+00    1.5755E+01    2.0838E+01    1.1154E-01    8.9277E+00    6.7789E-02
 LOGENERGY(1)       1.0219E+00    2.3043E-01   -3.3677E-01    3.1354E+00    4.8003E-01    2.5695E-03    1.8025E-03    1.3497E-02

                     1.MOMENT      2.MOMENT      3.MOMENT      4.MOMENT      5.MOMENT      6.MOMENT 
    ENERGY(1)       1.8079E+01    7.6106E+02    5.5782E+04    5.8325E+06    7.7273E+08    1.2132E+11
 LOGENERGY(1)       1.0219E+00    1.2747E+00    1.7363E+00    2.5485E+00    3.9464E+00    6.3963E+00



     POLAR ANGULAR DISTRIBUTION OF ALL BACKWARD SPUTTERED PARTICLES


       0.00  0.00  0.00  0.00  0.00  0.00  0.00  0.00  0.00  0.00  0.00  0.00  0.00  0.00  0.00  0.00  0.00  0.00  0.00  0.00

         68   230   366   591   792   974  1241  1396  1640  1800  1965  2197  2358  2555  2603  2686  2780  2767  2864  3032
      0.039 0.132 0.210 0.339 0.454 0.558 0.711 0.800 0.940 1.031 1.126 1.259 1.351 1.464 1.491 1.539 1.593 1.585 1.641 1.737
1 LOG ENERGY - COS OF EMISSION ANGLE (0.05 STEPS)   (BACKWARD SPUTTERED PARTICLES) ; 1. LAYER ; SPECIES 1


   0.0000E+00    1    2    3    4    5    6    7    8    9   10   11   12   13   14   15   16   17   18   19   20     0  0.0000E+00
   0.1000E+00    0    0    0    0    0    1    1    0    0    0    0    1    1    0    0    0    1    0    0    0     5  0.5000E-03
   0.1212E+00    0    0    0    0    0    0    0    0    0    0    0    0    0    0    0    0    0    0    0    0     0  0.0000E+00
   0.1468E+00    0    0    0    0    0    0    0    0    0    0    0    0    0    0    0    0    0    0    0    0     0  0.0000E+00
   0.1778E+00    0    0    0    0    0    0    0    0    0    0    0    0    0    0    0    0    0    0    0    0     0  0.0000E+00
   0.2154E+00    0    0    0    0    0    0    0    0    0    0    0    0    0    0    0    0    0    0    0    0     0  0.0000E+00
   0.2610E+00    0    0    0    0    0    0    0    0    0    0    0    0    0    0    0    0    0    0    0    0     0  0.0000E+00
   0.3162E+00    0    0    0    0    0    0    0    0    0    0    0    0    0    0    0    0    0    0    0    0     0  0.0000E+00
   0.3831E+00    0    0    0    0    0    0    0    0    0    0    0    0    0    0    0    0    0    0    0    0     0  0.0000E+00
   0.4642E+00    0    0    0    0    0    0    0    0    0    0    0    0    0    0    0    0    0    0    0    0     0  0.0000E+00
   0.5623E+00    0    0    0    0    0    0    0    0    0    0    0    0    0    0    0    0    0    0    0    0     0  0.0000E+00
   0.6813E+00    0    0    0    0    0    0    0    0    0    0    0    0    0    0    0    0    0    0    0    0     0  0.0000E+00
   0.8254E+00    0    0    0    0    0    0    0    0    0    0    0    0    0    0    0    0    0    0    0    0     0  0.0000E+00
   0.1000E+01    0    0    0    0    0    0    0    0    0    0    0    0    0    0    0    0    0    0    0    0     0  0.0000E+00
   0.1212E+01    0    0    0    0    0    0    0    0    0    0    0    0    0    0    0    0    0    0    0    0     0  0.0000E+00
   0.1468E+01    0    0    0    0    0    0    0    0    0    0    0    0    0    0    0    0    0    0    0    0     0  0.0000E+00
   0.1778E+01    0    0    0    0    0    0    0    0    0    0    0    0    0    0    0    0    0    0    0    0     0  0.0000E+00
   0.2154E+01    0    0    0    0    0    0    0    0    0    0    0    0    0    0    0    0    0    0    0    0     0  0.0000E+00
   0.2610E+01    0    0    0    0    0    0    0    0    0    0    0    0    0    0    0    0    0    0    0    0     0  0.0000E+00
   0.3162E+01    0    0    0    0    0    0    0    0    0    0    0    0    0    0    0    0    0    0    0    0     0  0.0000E+00
   0.3831E+01    0    0    0    0    0    0    0    0    0    0    0    0    0    0    0    0    0    0    0    0     0  0.0000E+00
   0.4642E+01    0    0    0    0    0    0    0    0    0    0    0    0    0    0    0    0    0    0    0    0     0  0.0000E+00
   0.5623E+01    0    0    0    0    0    0    0    0    0    0    0    0    0    0    0    0    0    0    0    0     0  0.0000E+00
   0.6813E+01    0    0    0    0    0    0    0    0    0    0    0    0    0    0    0    0    0    0    0    0     0  0.0000E+00
   0.8254E+01    0    0    0    0    0    0    0    0    0    0    0    0    0    0    0    0    0    0    0    0     0  0.0000E+00
   0.1000E+02    0    0    0    0    0    0    0    0    0    0    0    0    0    0    0    0    0    0    0    0     0  0.0000E+00
   0.1212E+02    0    0    0    0    0    0    0    0    0    0    0    0    0    0    0    0    0    0    0    0     0  0.0000E+00
   0.1468E+02    0    0    0    0    0    0    0    0    0    0    0    0    0    0    0    0    0    0    0    0     0  0.0000E+00
   0.1778E+02    0    0    0    0    0    0    0    0    0    0    0    0    0    0    0    0    0    0    0    0     0  0.0000E+00
   0.2154E+02    0    0    0    0    0    0    0    0    0    0    0    0    0    0    0    0    0    0    0    0     0  0.0000E+00
   0.2610E+02    0    0    0    0    0    0    0    0    0    0    0    0    0    0    0    0    0    0    0    0     0  0.0000E+00
   0.3162E+02    0    0    0    0    0    0    0    0    0    0    0    0    0    0    0    0    0    0    0    0     0  0.0000E+00
   0.3831E+02    0    0    0    0    0    0    0    0    0    0    0    0    0    0    0    0    0    0    0    0     0  0.0000E+00
   0.4642E+02    0    0    0    0    0    0    0    0    0    0    0    0    0    0    0    0    0    0    0    0     0  0.0000E+00
   0.5623E+02    0    0    0    0    0    0    0    0    0    0    0    0    0    0    0    0    0    0    0    0     0  0.0000E+00
   0.6813E+02    0    0    0    0    0    0    0    0    0    0    0    0    0    0    0    0    0    0    0    0     0  0.0000E+00
   0.8254E+02    0    0    0    0    0    0    0    0    0    0    0    0    0    0    0    0    0    0    0    0     0  0.0000E+00
   0.1000E+03    0    0    0    0    0    0    0    0    0    0    0    0    0    0    0    0    0    0    0    0     0  0.0000E+00
   0.1212E+03    0    0    0    0    0    0    0    0    0    0    0    0    0    0    0    0    0    0    0    0     0  0.0000E+00
   0.1468E+03    0    0    0    0    0    0    0    0    0    0    0    0    0    0    0    0    0    0    0    0     0  0.0000E+00
   0.1778E+03    0    0    0    0    0    0    0    0    0    0    0    0    0    0    0    0    0    0    0    0     0  0.0000E+00
   0.2154E+03    0    0    0    0    0    0    0    0    0    0    0    0    0    0    0    0    0    0    0    0     0  0.0000E+00
   0.2610E+03    0    0    0    0    0    0    0    0    0    0    0    0    0    0    0    0    0    0    0    0     0  0.0000E+00
   0.3162E+03    0    0    0    0    0    0    0    0    0    0    0    0    0    0    0    0    0    0    0    0     0  0.0000E+00
   0.3831E+03    0    0    0    0    0    0    0    0    0    0    0    0    0    0    0    0    0    0    0    0     0  0.0000E+00
   0.4642E+03    0    0    0    0    0    0    0    0    0    0    0    0    0    0    0    0    0    0    0    0     0  0.0000E+00
   0.5623E+03    0    0    0    0    0    0    0    0    0    0    0    0    0    0    0    0    0    0    0    0     0  0.0000E+00
   0.6813E+03    0    0    0    0    0    0    0    0    0    0    0    0    0    0    0    0    0    0    0    0     0  0.0000E+00
   0.8254E+03    0    0    0    0    0    0    0    0    0    0    0    0    0    0    0    0    0    0    0    0     0  0.0000E+00
   0.1000E+04    0    0    0    0    0    0    0    0    0    0    0    0    0    0    0    0    0    0    0    0     0  0.0000E+00
   0.1212E+04    0    0    0    0    0    0    0    0    0    0    0    0    0    0    0    0    0    0    0    0     0  0.0000E+00
   0.1468E+04    0    0    0    0    0    0    0    0    0    0    0    0    0    0    0    0    0    0    0    0     0  0.0000E+00
   0.1778E+04    0    0    0    0    0    0    0    0    0    0    0    0    0    0    0    0    0    0    0    0     0  0.0000E+00
   0.2154E+04    0    0    0    0    0    0    0    0    0    0    0    0    0    0    0    0    0    0    0    0     0  0.0000E+00
   0.2610E+04    0    0    0    0    0    0    0    0    0    0    0    0    0    0    0    0    0    0    0    0     0  0.0000E+00
   0.3162E+04    0    0    0    0    0    0    0    0    0    0    0    0    0    0    0    0    0    0    0    0     0  0.0000E+00
   0.3831E+04    0    0    0    0    0    0    0    0    0    0    0    0    0    0    0    0    0    0    0    0     0  0.0000E+00
   0.4642E+04    0    0    0    0    0    0    0    0    0    0    0    0    0    0    0    0    0    0    0    0     0  0.0000E+00
   0.5623E+04    0    0    0    0    0    0    0    0    0    0    0    0    0    0    0    0    0    0    0    0     0  0.0000E+00
   0.6813E+04    0    0    0    0    0    0    0    0    0    0    0    0    0    0    0    0    0    0    0    0     0  0.0000E+00
   0.8254E+04    0    0    0    0    0    0    0    0    0    0    0    0    0    0    0    0    0    0    0    0     0  0.0000E+00
   0.1000E+05    0    0    0    0    0    0    0    0    0    0    0    0    0    0    0    0    0    0    0    0     0  0.0000E+00
   0.1212E+05    0    0    0    0    0    0    0    0    0    0    0    0    0    0    0    0    0    0    0    0     0  0.0000E+00
   0.1468E+05    0    0    0    0    0    0    0    0    0    0    0    0    0    0    0    0    0    0    0    0     0  0.0000E+00
   0.1778E+05    0    0    0    0    0    0    0    0    0    0    0    0    0    0    0    0    0    0    0    0     0  0.0000E+00
   0.2154E+05    0    0    0    0    0    0    0    0    0    0    0    0    0    0    0    0    0    0    0    0     0  0.0000E+00
   0.2610E+05    0    0    0    0    0    0    0    0    0    0    0    0    0    0    0    0    0    0    0    0     0  0.0000E+00
   0.3162E+05    0    0    0    0    0    0    0    0    0    0    0    0    0    0    0    0    0    0    0    0     0  0.0000E+00
   0.3831E+05    0    0    0    0    0    0    0    0    0    0    0    0    0    0    0    0    0    0    0    0     0  0.0000E+00
   0.4642E+05    0    0    0    0    0    0    0    0    0    0    0    0    0    0    0    0    0    0    0    0     0  0.0000E+00
   0.5623E+05    0    0    0    0    0    0    0    0    0    0    0    0    0    0    0    0    0    0    0    0     0  0.0000E+00
   0.6813E+05    0    0    0    0    0    0    0    0    0    0    0    0    0    0    0    0    0    0    0    0     0  0.0000E+00
   0.8254E+05    0    0    0    0    0    0    0    0    0    0    0    0    0    0    0    0    0    0    0    0     0  0.0000E+00
   0.1000E+06    0    0    0    0    0    0    0    0    0    0    0    0    0    0    0    0    0    0    0    0     0  0.0000E+00
   0.0000E+00  136  460  732 1182 1584 1947 2481 2792 3280 3600 3930 4393 4715 5110 5206 5372 5559 5534 5728 6064 69805  0.0000E+00
1ENERGY(E/E0 IN %) - POLAR ANGLE IN COS-INTERVALS (0.05)  (BACKWARD SPUTTERED PARTICLES) , 1.LAYER , SPECIES 1

     0    1    2    3    4    5    6    7    8    9   10   11   12   13   14   15   16   17   18   19   20      0
     1   33  142  228  339  466  548  703  790  845  963 1030 1141 1274 1400 1419 1489 1601 1649 1770 1976  19806
     2   22   60   86  160  178  237  278  291  390  410  442  523  536  575  608  615  654  649  650  652   8016
     3    8   18   31   49   73   91  128  142  193  195  224  204  249  237  262  274  274  231  231  224   3338
     4    1    6   13   17   49   42   46   72   79   97   87  121  130  146  122  143  123  113  103  107   1617
     5    2    1    5   16    8   24   34   44   50   53   72   81   66   81   69   59   70   51   57   38    881
     6    1    1    0    4    6    8   19   19   32   27   40   48   37   37   55   35   19   31   29   17    465
     7    1    1    2    2    2    7   12   18   16   14   26   26   30   26   22   32   15   16    7    8    283
     8    0    1    0    0    6    6    7    7   14   12   14   19   12   16   22   16   12    8    9    6    187
     9    0    0    1    0    2    4    7    6    9    9    6   15    8   12    9    9    3   10    3    1    114
    10    0    0    0    1    1    4    5    0    6    9    7    9    2    9    7    4    4    2    2    3     75
    11    0    0    0    2    0    3    1    3    2    5    7    3    5    8    6    4    0    3    0    0     52
    12    0    0    0    0    1    0    1    2    1    4    5    2    5    2    0    3    3    4    1    0     34
    13    0    0    0    1    0    0    0    0    2    1    1    3    2    4    1    2    0    0    0    0     17
    14    0    0    0    0    0    0    0    0    0    1    2    0    0    0    0    1    0    0    0    0      4
    15    0    0    0    0    0    0    0    2    1    0    0    0    0    0    1    0    1    0    2    0      7
    16    0    0    0    0    0    0    0    0    0    0    1    1    1    0    0    0    1    0    0    0      4
    17    0    0    0    0    0    0    0    0    0    0    0    0    0    0    0    0    0    0    0    0      0
    18    0    0    0    0    0    0    0    0    0    0    0    0    1    1    0    0    0    0    0    0      2
    19    0    0    0    0    0    0    0    0    0    0    1    0    0    1    0    0    0    0    0    0      2
    20    0    0    0    0    0    0    0    0    0    0    0    0    0    0    0    0    0    0    0    0      0
    21    0    0    0    0    0    0    0    0    0    0    0    1    0    0    0    0    0    0    0    0      1
    22    0    0    0    0    0    0    0    0    0    0    0    0    0    0    0    0    0    0    0    0      0
    23    0    0    0    0    0    0    0    0    0    0    0    0    0    0    0    0    0    0    0    0      0
    24    0    0    0    0    0    0    0    0    0    0    0    0    0    0    0    0    0    0    0    0      0
    25    0    0    0    0    0    0    0    0    0    0    0    0    0    0    0    0    0    0    0    0      0
    26    0    0    0    0    0    0    0    0    0    0    0    0    0    0    0    0    0    0    0    0      0
    27    0    0    0    0    0    0    0    0    0    0    0    0    0    0    0    0    0    0    0    0      0
    28    0    0    0    0    0    0    0    0    0    0    0    0    0    0    0    0    0    0    0    0      0
    29    0    0    0    0    0    0    0    0    0    0    0    0    0    0    0    0    0    0    0    0      0
    30    0    0    0    0    0    0    0    0    0    0    0    0    0    0    0    0    0    0    0    0      0
    31    0    0    0    0    0    0    0    0    0    0    0    0    0    0    0    0    0    0    0    0      0
    32    0    0    0    0    0    0    0    0    0    0    0    0    0    0    0    0    0    0    0    0      0
    33    0    0    0    0    0    0    0    0    0    0    0    0    0    0    0    0    0    0    0    0      0
    34    0    0    0    0    0    0    0    0    0    0    0    0    0    0    0    0    0    0    0    0      0
    35    0    0    0    0    0    0    0    0    0    0    0    0    0    0    0    0    0    0    0    0      0
    36    0    0    0    0    0    0    0    0    0    0    0    0    0    0    0    0    0    0    0    0      0
    37    0    0    0    0    0    0    0    0    0    0    0    0    0    0    0    0    0    0    0    0      0
    38    0    0    0    0    0    0    0    0    0    0    0    0    0    0    0    0    0    0    0    0      0
    39    0    0    0    0    0    0    0    0    0    0    0    0    0    0    0    0    0    0    0    0      0
    40    0    0    0    0    0    0    0    0    0    0    0    0    0    0    0    0    0    0    0    0      0
    41    0    0    0    0    0    0    0    0    0    0    0    0    0    0    0    0    0    0    0    0      0
    42    0    0    0    0    0    0    0    0    0    0    0    0    0    0    0    0    0    0    0    0      0
    43    0    0    0    0    0    0    0    0    0    0    0    0    0    0    0    0    0    0    0    0      0
    44    0    0    0    0    0    0    0    0    0    0    0    0    0    0    0    0    0    0    0    0      0
    45    0    0    0    0    0    0    0    0    0    0    0    0    0    0    0    0    0    0    0    0      0
    46    0    0    0    0    0    0    0    0    0    0    0    0    0    0    0    0    0    0    0    0      0
    47    0    0    0    0    0    0    0    0    0    0    0    0    0    0    0    0    0    0    0    0      0
    48    0    0    0    0    0    0    0    0    0    0    0    0    0    0    0    0    0    0    0    0      0
    49    0    0    0    0    0    0    0    0    0    0    0    0    0    0    0    0    0    0    0    0      0
    50    0    0    0    0    0    0    0    0    0    0    0    0    0    0    0    0    0    0    0    0      0
    51    0    0    0    0    0    0    0    0    0    0    0    0    0    0    0    0    0    0    0    0      0
    52    0    0    0    0    0    0    0    0    0    0    0    0    0    0    0    0    0    0    0    0      0
    53    0    0    0    0    0    0    0    0    0    0    0    0    0    0    0    0    0    0    0    0      0
    54    0    0    0    0    0    0    0    0    0    0    0    0    0    0    0    0    0    0    0    0      0
    55    0    0    0    0    0    0    0    0    0    0    0    0    0    0    0    0    0    0    0    0      0
    56    0    0    0    0    0    0    0    0    0    0    0    0    0    0    0    0    0    0    0    0      0
    57    0    0    0    0    0    0    0    0    0    0    0    0    0    0    0    0    0    0    0    0      0
    58    0    0    0    0    0    0    0    0    0    0    0    0    0    0    0    0    0    0    0    0      0
    59    0    0    0    0    0    0    0    0    0    0    0    0    0    0    0    0    0    0    0    0      0
    60    0    0    0    0    0    0    0    0    0    0    0    0    0    0    0    0    0    0    0    0      0
    61    0    0    0    0    0    0    0    0    0    0    0    0    0    0    0    0    0    0    0    0      0
    62    0    0    0    0    0    0    0    0    0    0    0    0    0    0    0    0    0    0    0    0      0
    63    0    0    0    0    0    0    0    0    0    0    0    0    0    0    0    0    0    0    0    0      0
    64    0    0    0    0    0    0    0    0    0    0    0    0    0    0    0    0    0    0    0    0      0
    65    0    0    0    0    0    0    0    0    0    0    0    0    0    0    0    0    0    0    0    0      0
    66    0    0    0    0    0    0    0    0    0    0    0    0    0    0    0    0    0    0    0    0      0
    67    0    0    0    0    0    0    0    0    0    0    0    0    0    0    0    0    0    0    0    0      0
    68    0    0    0    0    0    0    0    0    0    0    0    0    0    0    0    0    0    0    0    0      0
    69    0    0    0    0    0    0    0    0    0    0    0    0    0    0    0    0    0    0    0    0      0
    70    0    0    0    0    0    0    0    0    0    0    0    0    0    0    0    0    0    0    0    0      0
    71    0    0    0    0    0    0    0    0    0    0    0    0    0    0    0    0    0    0    0    0      0
    72    0    0    0    0    0    0    0    0    0    0    0    0    0    0    0    0    0    0    0    0      0
    73    0    0    0    0    0    0    0    0    0    0    0    0    0    0    0    0    0    0    0    0      0
    74    0    0    0    0    0    0    0    0    0    0    0    0    0    0    0    0    0    0    0    0      0
    75    0    0    0    0    0    0    0    0    0    0    0    0    0    0    0    0    0    0    0    0      0
    76    0    0    0    0    0    0    0    0    0    0    0    0    0    0    0    0    0    0    0    0      0
    77    0    0    0    0    0    0    0    0    0    0    0    0    0    0    0    0    0    0    0    0      0
    78    0    0    0    0    0    0    0    0    0    0    0    0    0    0    0    0    0    0    0    0      0
    79    0    0    0    0    0    0    0    0    0    0    0    0    0    0    0    0    0    0    0    0      0
    80    0    0    0    0    0    0    0    0    0    0    0    0    0    0    0    0    0    0    0    0      0
    81    0    0    0    0    0    0    0    0    0    0    0    0    0    0    0    0    0    0    0    0      0
    82    0    0    0    0    0    0    0    0    0    0    0    0    0    0    0    0    0    0    0    0      0
    83    0    0    0    0    0    0    0    0    0    0    0    0    0    0    0    0    0    0    0    0      0
    84    0    0    0    0    0    0    0    0    0    0    0    0    0    0    0    0    0    0    0    0      0
    85    0    0    0    0    0    0    0    0    0    0    0    0    0    0    0    0    0    0    0    0      0
    86    0    0    0    0    0    0    0    0    0    0    0    0    0    0    0    0    0    0    0    0      0
    87    0    0    0    0    0    0    0    0    0    0    0    0    0    0    0    0    0    0    0    0      0
    88    0    0    0    0    0    0    0    0    0    0    0    0    0    0    0    0    0    0    0    0      0
    89    0    0    0    0    0    0    0    0    0    0    0    0    0    0    0    0    0    0    0    0      0
    90    0    0    0    0    0    0    0    0    0    0    0    0    0    0    0    0    0    0    0    0      0
    91    0    0    0    0    0    0    0    0    0    0    0    0    0    0    0    0    0    0    0    0      0
    92    0    0    0    0    0    0    0    0    0    0    0    0    0    0    0    0    0    0    0    0      0
    93    0    0    0    0    0    0    0    0    0    0    0    0    0    0    0    0    0    0    0    0      0
    94    0    0    0    0    0    0    0    0    0    0    0    0    0    0    0    0    0    0    0    0      0
    95    0    0    0    0    0    0    0    0    0    0    0    0    0    0    0    0    0    0    0    0      0
    96    0    0    0    0    0    0    0    0    0    0    0    0    0    0    0    0    0    0    0    0      0
    97    0    0    0    0    0    0    0    0    0    0    0    0    0    0    0    0    0    0    0    0      0
    98    0    0    0    0    0    0    0    0    0    0    0    0    0    0    0    0    0    0    0    0      0
    99    0    0    0    0    0    0    0    0    0    0    0    0    0    0    0    0    0    0    0    0      0
   100    0    0    0    0    0    0    0    0    0    0    0    0    0    0    0    0    0    0    0    0      0
     0   68  230  366  591  792  974 1241 1396 1640 1800 1965 2197 2358 2555 2603 2686 2780 2767 2864 3032  34905
1AZIMUTHAL ANGLE - POLAR ANGLE IN COS-INTERVALS (0.05) (BACKWARD SPUTTERED PARTICLES) , 1.LAYER , SPECIES 1

     0    1    2    3    4    5    6    7    8    9   10   11   12   13   14   15   16   17   18   19   20      0
     3    1    2    9   13   12   13   16   25   20   32   36   28   26   49   47   34   56   53   52   62    586
     6    0    3    6   10   13   17   25   28   25   33   24   37   31   47   41   48   35   42   50   52    567
     9    0    5    8    9   21   17   22   22   25   32   27   26   47   42   39   54   37   57   44   52    586
    12    5    1    3   11   17   17   24   28   28   26   33   51   43   34   41   53   51   44   49   45    604
    15    1    5    5    9    8   23   15   28   21   37   38   33   38   35   49   37   59   49   59   52    601
    18    1    4    5   16   11   20   18   31   28   28   41   48   46   45   33   46   42   37   46   46    592
    21    3    5    7    9   20   19   19   25   26   29   38   35   33   53   45   45   53   46   43   58    611
    24    1    3    2    8   15   10   33   23   25   26   45   21   38   44   46   49   54   43   45   53    584
    27    2    6    3   11   19   17   21   18   21   33   35   42   36   39   37   43   54   39   40   56    572
    30    0    3    9   12   11   13   18   13   24   29   28   36   42   44   44   50   46   54   30   47    553
    33    0    4    7   10    7   15   24   27   30   35   28   47   40   41   35   37   39   41   41   44    552
    36    0    4    5    9   14   20   23   31   23   22   37   32   41   36   40   55   46   52   42   40    572
    39    1    3    6   16   12   15   19   20   30   20   22   42   39   48   41   26   35   45   52   37    529
    42    0    3    5    5    6   12   18   18   21   34   32   35   45   55   41   52   60   36   53   63    594
    45    0    3    4    7   12   15   23   30   14   31   26   40   44   44   49   48   38   55   44   52    579
    48    2    2    4   10   12   13   16   12   28   27   28   38   33   42   33   50   43   53   38   49    533
    51    1    5    8    6   19   22   25   33   29   26   35   41   51   41   53   36   41   37   55   56    620
    54    1    5    7   11   15   15   21   18   25   32   35   36   43   45   37   50   55   45   55   55    606
    57    1    5    5   10   14   14   17   20   25   36   31   34   42   45   47   47   37   53   52   55    590
    60    2    2    7    8    8   14   19   28   26   22   39   43   32   41   27   46   55   43   51   49    562
    63    0    1    8    7   21   20   21   25   32   39   37   40   38   45   49   45   34   54   50   51    617
    66    0    6   11    9    9   15   17   32   25   28   34   37   33   50   40   34   36   41   60   59    576
    69    2    4    6   10   14   20   24   23   28   27   38   37   32   46   46   48   45   41   43   62    596
    72    2    4    8    7   15   14   25   18   25   32   34   30   46   45   51   53   38   44   36   55    582
    75    3    5    7   12   18   12   18   23   36   32   33   40   38   39   29   46   46   40   46   47    570
    78    1    4    5    9   16   14   25   23   25   28   31   38   31   39   48   45   48   45   49   65    589
    81    1    1    6   11   10   11   17   17   28   37   39   52   42   47   38   43   54   46   59   52    611
    84    2    4    6   13   16   15   27   25   35   33   21   27   38   46   54   49   38   44   60   57    610
    87    1    0    8    9   15   22   16   27   24   28   30   38   46   43   47   42   49   46   50   47    588
    90    0    9   10   11   20   20   18   27   33   34   28   33   33   34   51   57   46   54   58   40    616
    93    2    7    9    9    8   13   15   30   27   30   23   40   34   37   43   47   65   38   38   44    559
    96    2    5    7    9   14   14   22   22   28   31   32   31   39   51   43   50   50   50   44   53    597
    99    1    3    7   10   16   12   20   27   21   28   29   41   31   44   46   42   46   36   46   51    557
   102    1    1    6    9   12   17   22   16   36   35   43   39   33   41   40   57   49   53   42   54    606
   105    1    6    6    7   15   15   22   28   24   31   31   36   36   49   30   51   37   38   46   50    559
   108    0    4    6   11   12   19   23   26   20   27   28   39   45   52   54   37   44   52   50   53    602
   111    0    4    7   14    5   20   20   26   26   33   38   35   31   41   47   41   42   48   44   46    568
   114    0    1    4   10   10    9   14   23   35   34   22   36   44   47   45   55   37   50   40   82    598
   117    2    3    6    3   14   17   19   24   30   19   26   28   43   39   31   47   53   51   34   51    540
   120    0    2    4   15   14   21   19   17   24   25   39   34   31   41   48   39   46   45   47   46    557
   123    2    2    4   10   10   18   18   23   32   32   35   35   41   42   39   49   53   54   49   54    602
   126    0    5   10   12    8    9   16   22   35   31   38   28   35   44   44   42   45   48   51   55    578
   129    2    5   14   16   11   13   16   22   33   34   34   41   46   36   46   52   49   50   54   54    628
   132    6    2    3    8   12   18   27   22   30   25   30   35   37   30   37   40   62   44   65   60    593
   135    1    3    4    8   12   13   26   21   32   28   28   28   37   46   44   37   49   49   47   47    560
   138    2    3    7    8   17   19   19   24   23   36   29   31   48   45   39   50   55   50   50   43    598
   141    1    5    6    7   10   17   19   27   25   31   36   42   41   39   41   30   42   39   41   38    537
   144    1    4    2    9   12   22   28   20   31   18   30   34   46   35   38   36   43   43   46   50    548
   147    2    5    4    9   11   12   22   22   30   30   31   28   27   30   51   43   56   39   43   47    542
   150    0    8    7    9   14   21   17   19   24   31   29   35   41   38   46   44   56   48   32   52    571
   153    1    6    5    8   11   19   25   12   34   18   34   33   44   39   42   40   46   43   56   35    551
   156    1    4    4    8   12   20   16   24   25   29   37   36   45   37   54   31   40   54   42   51    570
   159    0    1    5   10   17   18   18   26   33   28   34   45   30   29   51   53   52   53   55   38    596
   162    0    6    6    8   14   14   28   25   19   28   35   42   45   41   45   40   50   40   45   37    568
   165    0    5    4    7   14   18   34   19   36   32   39   35   47   48   43   35   48   51   54   48    617
   168    1    2    5   11   16   18   23   14   29   45   36   39   48   50   50   57   38   52   54   48    636
   171    2    6    9   15   12   19   16   23   21   39   29   39   40   42   52   33   34   46   53   51    581
   174    1    6    4   12   14   13   15   27   32   31   39   44   39   31   50   42   40   41   40   44    565
   177    0    2    5   12   12   16   20   21   36   30   31   42   47   60   38   55   40   45   54   38    604
   180    2    3    6    9   13   16   18   26   24   23   37   29   40   47   48   43   43   38   50   54    569
     0   68  230  366  591  792  974 1241 1396 1640 1800 1965 2197 2358 2555 2603 2686 2780 2767 2864 3032  34905
