1
      *** PROGRAM TRVMC95 ***


                              * INPUT DATA *


       Z1        M1          E0       ALPHA       EF        ESB      SHEATH     ERC
     18.00     39.95      5387.00      0.00      0.10      0.00  16161.00      4.70

       NH        RI           X0        RD        CW        CA       KK0   KK0R   KDEE1  KDEE2  IPOT   IPOTR   IRL
     99999 716381.00         0.00    100.00      2.00      1.00       2      2      3      3      1      1      3


             DX      RHO    CK  Z(,1) Z(,2) Z(,3) Z(,4) Z(,5)  M(,1)  M(,2)  M(,3)  M(,4)  M(,5) C(,1) C(,2) C(,3) C(,4) C(,5)

 1.LAYER 10000.00   2.25   1.00    6.    0.    0.    0.    0.  12.01   0.00   0.00   0.00   0.00 1.000 0.000 0.000 0.000 0.000


                           ***  SBE(LAYER,ELEMENT)  ***     ***     ED(LAYER,ELEMENT)     ***     ***   BE(LAYER,ELEMENT)  ***

 1.LAYER                   7.41  0.00  0.00  0.00  0.00     30.00   0.00   0.00   0.00   0.00     0.10  0.00  0.00  0.00  0.00


       INTERACTION POTENTIAL : PROJECTILE-TARGET : KR-C POTENTIAL     TARGET-TARGET : KR-C POTENTIAL    


       INELASTIC LOSS MODEL  : PROJECTILE-TARGET : 50% LS 50% OR      TARGET-TARGET : 50% LS 50% OR     
1

                              * OUTPUT DATA *


                 HLM       HLMT        SU       SUT        XC        RT       SFE      INEL         L        LJ
               0.0000 10000.000    3.5029 10003.503   -3.5029  9900.000      7.41         0         1         1


                NPROJ       KIB       KIT      MAXA      NALL       NPA       NSA       KIS      KIST
                71995         0         0       300  90115697   3567140  50443737    105338         0


            EPS0(I)       Z2(I)       M2(I)     ARHO(I)       LM(I)     PMAX(I)     ASIG(I)       SB(I)       XX(I)        NJ(I)

 1.LAYER   0.1056E+00  0.6000E+01  0.1201E+02  0.1128E+00  0.2070E+01  0.1168E+01  0.2335E+00  0.7410E+01  0.1000E+05         1


             A1(1)   A1(2)   A1(3)   A1(4)   A1(5)   A1(6)   A1(7)   A1(8)   A1(9)  A1(10)  A1(11)  A1(12)  A1(13)  A1(14)  A1(15)

           0.13193


           KOR1(1) KOR1(2) KOR1(3) KOR1(4) KOR1(5) KOR1(6) KOR1(7) KOR1(8) KOR1(9) KOR1(A) KOR1(B) KOR1(C) KOR1(D) KOR1(E) KOR1(F)

           0.73577


            A(I,1)  A(I,2)  A(I,3)  A(I,4)  A(I,5)  A(I,6)  A(I,7)  A(I,8)  A(I,9) A(I,10) A(I,11) A(I,12) A(I,13) A(I,14) A(I,15)

           0.16242


           KOR(,1) KOR(,2) KOR(,3) KOR(,4) KOR(,5) KOR(,6) KOR(,7) KOR(,8) KOR(,9) KOR(,A) KOR(,B) KOR(,C) KOR(,D) KOR(,E) KOR(,F)

           0.46963
1

         IMPLANTED PARTICLES=  99999     ENERGY=0.5387E+09 EV
     BACKSCATTERED PARTICLES=      0     ENERGY=0.0000E+00 EV
       TRANSMITTED PARTICLES=      0     ENERGY=0.0000E+00 EV
     BACKSPUTTERED PARTICLES=  68309     ENERGY=0.2585E+07 EV
    TRANSM. SPUTT. PARTICLES=      0     ENERGY=0.0000E+00 EV


  PROJECTILES :   MEAN NUMBER OF ELASTIC COLLISIONS =     44.3   MEAN NUMBER OF EL.COLL.(E > EDISPL.) =   18.560
                                                                 MEAN NUMBER OF EL.COLL.(E > SB(1))   =   33.645

                       MEAN        VARIANCE      SKEWNESS      KURTOSIS        SIGMA       ERROR 1.M     ERROR 2.M     ERROR 3.M 
  PENETRATION       7.8254E+01    6.1926E+02    4.1401E-01    3.0241E+00    2.4885E+01    7.8694E-02    2.7861E+00    7.4859E-03
       SPREAD       2.4722E+01    1.9172E+02    8.2632E-01    3.6912E+00    1.3846E+01    4.3786E-02    9.9459E-01    9.0368E-03
   PATHLENGTH       8.9851E+01    6.9015E+02    3.6426E-01    2.9553E+00    2.6271E+01    8.3075E-02    3.0517E+00    7.1928E-03
 ELASTIC LOSS       4.9691E+03    2.1574E+04                                1.4688E+02    1.4688E-03
   INEL. LOSS       4.1790E+02    2.1574E+04                                1.4688E+02    1.4688E-03

                       MEAN        VARIANCE      SKEWNESS      KURTOSIS        SIGMA       ERROR 1.M     ERROR 2.M     ERROR 3.M 
   ELAST.LOSS       1.1003E+02    8.0286E+04    5.5965E+00    4.3409E+01    2.8335E+02    1.3455E-01    2.4827E+02    8.3741E-03
 WEAK EL.LOSS       2.0203E+00    5.1229E+00    1.8537E+00    6.2293E+00    2.2634E+00    1.0748E-03    5.5629E-03    1.4335E-03
 INELAST.LOSS       9.4231E+00    2.9019E+01    6.1173E-02    2.2615E+00    5.3869E+00    2.5580E-03    1.5477E-02    7.8733E-04
  SUBTHR.LOSS       1.1038E+01    5.8500E+01    6.9898E-01    2.4662E+00    7.6486E+00    4.7629E-03    4.4111E-02    9.9777E-04

                     1.MOMENT      2.MOMENT      3.MOMENT      4.MOMENT      5.MOMENT      6.MOMENT 
  PENETRATION       7.8254E+01    6.7429E+03    6.3095E+05    6.3408E+07    6.7834E+09    7.6706E+11



  RECOILES (PER PROJ.)   :   MEAN NUMBER OF ELASTIC COLLISIONS =    894.1   MEAN NUMBER OF EL.COLL.(E > EDISPL.) =     48.509
                                                                            MEAN NUMBER OF EL.COLL.(E > SB(1))   =    281.647

  RECOILES (PER KNOCKON) :   MEAN NUMBER OF ELASTIC COLLISIONS =    1.655   MEAN NUMBER OF EL.COLL.(E > EDISPL.) =      0.090
                                                                            MEAN NUMBER OF EL.COLL.(E > SB(1))   =      0.521

1


     DEPTH(A)  PARTICLES  NORM.DEPTH PATHLENGTH   INLOSS(EV)  TELOSS(EV)  ELLOSS(EV)  DAMAGE(EV)  PHONON(EV)  CASCAD(EV)     DPA

    -SU-    0.         0  0.0000E+00
     0.-    2.         0  0.0000E+00         0    1.5547E+06  1.5120E+07  1.5070E+07  1.4573E+07  4.9745E+05  1.1827E+07   34636
     2.-    4.         0  0.0000E+00         0    1.5486E+06  1.4540E+07  1.4488E+07  1.3984E+07  5.0403E+05  1.1373E+07   34968
     4.-    6.         1  0.1000E-04         0    1.5286E+06  1.4575E+07  1.4521E+07  1.4009E+07  5.1191E+05  1.1400E+07   35599
     6.-    8.         0  0.0000E+00         0    1.5056E+06  1.4815E+07  1.4757E+07  1.4242E+07  5.1481E+05  1.1597E+07   36175
     8.-   10.         1  0.1000E-04         0    1.4800E+06  1.4517E+07  1.4457E+07  1.3933E+07  5.2411E+05  1.1363E+07   36587
    10.-   12.         1  0.1000E-04         0    1.4574E+06  1.4591E+07  1.4527E+07  1.3997E+07  5.2989E+05  1.1423E+07   37319
    12.-   14.         4  0.4000E-04         0    1.4302E+06  1.4430E+07  1.4362E+07  1.3822E+07  5.3956E+05  1.1296E+07   37878
    14.-   16.         3  0.3000E-04         0    1.4069E+06  1.4423E+07  1.4350E+07  1.3805E+07  5.4505E+05  1.1294E+07   38883
    16.-   18.        17  0.1700E-03         1    1.3808E+06  1.4507E+07  1.4428E+07  1.3882E+07  5.4654E+05  1.1368E+07   39820
    18.-   20.        29  0.2900E-03         2    1.3525E+06  1.4405E+07  1.4320E+07  1.3759E+07  5.6165E+05  1.1275E+07   40314
    20.-   22.        59  0.5900E-03         2    1.3229E+06  1.4061E+07  1.3968E+07  1.3396E+07  5.7218E+05  1.0998E+07   41022
    22.-   24.       119  0.1190E-02        11    1.2951E+06  1.4128E+07  1.4028E+07  1.3446E+07  5.8205E+05  1.1044E+07   41971
    24.-   26.       179  0.1790E-02        21    1.2673E+06  1.4159E+07  1.4050E+07  1.3460E+07  5.9014E+05  1.1066E+07   42773
    26.-   28.       229  0.2290E-02        51    1.2340E+06  1.3984E+07  1.3865E+07  1.3260E+07  6.0435E+05  1.0914E+07   43293
    28.-   30.       321  0.3210E-02        85    1.2020E+06  1.3664E+07  1.3535E+07  1.2922E+07  6.1315E+05  1.0653E+07   44262
    30.-   32.       459  0.4590E-02       112    1.1701E+06  1.3416E+07  1.3277E+07  1.2648E+07  6.2842E+05  1.0439E+07   44693
    32.-   34.       577  0.5770E-02       179    1.1368E+06  1.3362E+07  1.3211E+07  1.2576E+07  6.3557E+05  1.0390E+07   45568
    34.-   36.       690  0.6900E-02       271    1.1026E+06  1.3039E+07  1.2878E+07  1.2235E+07  6.4343E+05  1.0121E+07   46053
    36.-   38.       883  0.8830E-02       334    1.0674E+06  1.2878E+07  1.2707E+07  1.2054E+07  6.5291E+05  9.9799E+06   46325
    38.-   40.      1024  0.1024E-01       419    1.0320E+06  1.2601E+07  1.2417E+07  1.1752E+07  6.6584E+05  9.7432E+06   46745
    40.-   42.      1188  0.1188E-01       538    9.9542E+05  1.2396E+07  1.2202E+07  1.1534E+07  6.6821E+05  9.5710E+06   46981
    42.-   44.      1431  0.1431E-01       615    9.5754E+05  1.2138E+07  1.1934E+07  1.1263E+07  6.7044E+05  9.3571E+06   47339
    44.-   46.      1533  0.1533E-01       759    9.1757E+05  1.1654E+07  1.1441E+07  1.0764E+07  6.7745E+05  8.9548E+06   46976
    46.-   48.      1780  0.1780E-01       839    8.7795E+05  1.1200E+07  1.0979E+07  1.0300E+07  6.7865E+05  8.5836E+06   46496
    48.-   50.      2010  0.2010E-01       983    8.4147E+05  1.1081E+07  1.0852E+07  1.0174E+07  6.7780E+05  8.4775E+06   46246
    50.-   52.      2159  0.2159E-01      1123    7.9981E+05  1.0563E+07  1.0329E+07  9.6485E+06  6.8012E+05  8.0499E+06   45260
    52.-   54.      2335  0.2335E-01      1326    7.6165E+05  1.0186E+07  9.9450E+06  9.2709E+06  6.7406E+05  7.7429E+06   44705
    54.-   56.      2491  0.2491E-01      1484    7.2229E+05  9.8841E+06  9.6399E+06  8.9735E+06  6.6641E+05  7.4973E+06   43824
    56.-   58.      2635  0.2635E-01      1662    6.8213E+05  9.3249E+06  9.0785E+06  8.4208E+06  6.5771E+05  7.0461E+06   42630
    58.-   60.      2755  0.2755E-01      1789    6.4481E+05  8.9377E+06  8.6901E+06  8.0430E+06  6.4717E+05  6.7332E+06   41461
    60.-   62.      2885  0.2885E-01      1947    6.0424E+05  8.3907E+06  8.1438E+06  7.5131E+06  6.3064E+05  6.2988E+06   40016
    62.-   64.      2883  0.2883E-01      2054    5.6758E+05  7.9876E+06  7.7424E+06  7.1286E+06  6.1379E+05  5.9780E+06   38592
    64.-   66.      2998  0.2998E-01      2056    5.3411E+05  7.6885E+06  7.4435E+06  6.8451E+06  5.9846E+05  5.7455E+06   37595
    66.-   68.      3073  0.3073E-01      2085    4.9778E+05  7.1414E+06  6.8996E+06  6.3170E+06  5.8255E+05  5.3073E+06   35841
    68.-   70.      3079  0.3079E-01      2529    4.6122E+05  6.8616E+06  6.6264E+06  6.0732E+06  5.5317E+05  5.1014E+06   34351
    70.-   72.      3195  0.3195E-01      2685    4.2868E+05  6.2966E+06  6.0637E+06  5.5232E+06  5.4051E+05  4.6482E+06   32594
    72.-   74.      3219  0.3219E-01      2833    3.9599E+05  5.8520E+06  5.6277E+06  5.1042E+06  5.2348E+05  4.2973E+06   30544
    74.-   76.      3115  0.3115E-01      2910    3.6628E+05  5.5322E+06  5.3155E+06  4.8261E+06  4.8935E+05  4.0661E+06   29332
    76.-   78.      3149  0.3149E-01      2989    3.3775E+05  5.1986E+06  4.9895E+06  4.5209E+06  4.6854E+05  3.8080E+06   27529
    78.-   80.      3058  0.3058E-01      2978    3.0899E+05  4.7086E+06  4.5065E+06  4.0584E+06  4.4815E+05  3.4245E+06   25814
    80.-   82.      2995  0.2995E-01      3038    2.8186E+05  4.3347E+06  4.1419E+06  3.7256E+06  4.1625E+05  3.1471E+06   24234
    82.-   84.      2905  0.2905E-01      3085    2.5820E+05  4.0268E+06  3.8434E+06  3.4470E+06  3.9643E+05  2.9120E+06   22624
    84.-   86.      2813  0.2813E-01      3072    2.3486E+05  3.7153E+06  3.5410E+06  3.1704E+06  3.7056E+05  2.6799E+06   21131
    86.-   88.      2727  0.2727E-01      3075    2.1326E+05  3.4322E+06  3.2674E+06  2.9222E+06  3.4514E+05  2.4722E+06   19718
    88.-   90.      2623  0.2623E-01      3107    1.9041E+05  3.0414E+06  2.8882E+06  2.5647E+06  3.2350E+05  2.1713E+06   17769
    90.-   92.      2574  0.2574E-01      2925    1.7319E+05  2.7584E+06  2.6137E+06  2.3124E+06  3.0126E+05  1.9600E+06   16463
    92.-   94.      2317  0.2317E-01      2939    1.5442E+05  2.4720E+06  2.3382E+06  2.0624E+06  2.7576E+05  1.7496E+06   14930
    94.-   96.      2220  0.2220E-01      2842    1.3899E+05  2.2729E+06  2.1482E+06  1.8926E+06  2.5568E+05  1.6049E+06   13703
    96.-   98.      2106  0.2106E-01      2846    1.2346E+05  2.0565E+06  1.9400E+06  1.7041E+06  2.3586E+05  1.4446E+06   12382
    98.-  100.      2039  0.2039E-01      2596    1.1033E+05  1.8207E+06  1.7136E+06  1.4979E+06  2.1564E+05  1.2721E+06   11305
   100.-  102.      1862  0.1862E-01      2386    9.7581E+04  1.6714E+06  1.5721E+06  1.3757E+06  1.9640E+05  1.1674E+06   10280
   102.-  104.      1746  0.1746E-01      2383    8.6689E+04  1.4497E+06  1.3596E+06  1.1807E+06  1.7889E+05  1.0037E+06    9132
   104.-  106.      1666  0.1666E-01      2189    7.5968E+04  1.2943E+06  1.2115E+06  1.0490E+06  1.6249E+05  8.9201E+05    8198
   106.-  108.      1447  0.1447E-01      2055    6.6229E+04  1.1295E+06  1.0562E+06  9.1231E+05  1.4391E+05  7.7599E+05    7190
   108.-  110.      1361  0.1361E-01      2020    5.8102E+04  9.8573E+05  9.1818E+05  7.8676E+05  1.3142E+05  6.7004E+05    6407
   110.-  112.      1244  0.1244E-01      1935    5.0509E+04  8.7550E+05  8.1515E+05  6.9816E+05  1.1699E+05  5.9450E+05    5683
   112.-  114.      1162  0.1162E-01      1779    4.4179E+04  7.7755E+05  7.2399E+05  6.1838E+05  1.0561E+05  5.2636E+05    4942
   114.-  116.      1099  0.1099E-01      1653    3.7986E+04  6.7483E+05  6.2745E+05  5.3596E+05  9.1495E+04  4.5670E+05    4397
   116.-  118.       947  0.9470E-02      1545    3.2906E+04  5.8481E+05  5.4277E+05  4.6132E+05  8.1455E+04  3.9320E+05    3854
   118.-  120.       853  0.8530E-02      1466    2.8403E+04  4.9495E+05  4.5704E+05  3.8524E+05  7.1798E+04  3.2889E+05    3343
   120.-  122.       746  0.7460E-02      1406    2.4083E+04  4.1260E+05  3.7981E+05  3.1701E+05  6.2799E+04  2.7096E+05    2847
   122.-  124.       647  0.6470E-02      1269    2.0458E+04  3.6843E+05  3.3984E+05  2.8552E+05  5.4312E+04  2.4361E+05    2433
   124.-  126.       558  0.5580E-02      1095    1.7862E+04  3.2656E+05  3.0190E+05  2.5418E+05  4.7717E+04  2.1687E+05    2149
   126.-  128.       532  0.5320E-02      1032    1.5119E+04  2.7239E+05  2.5070E+05  2.1050E+05  4.0203E+04  1.7990E+05    1891
   128.-  130.       442  0.4420E-02      1069    1.2735E+04  2.3357E+05  2.1493E+05  1.7965E+05  3.5281E+04  1.5350E+05    1606
   130.-  132.       374  0.3740E-02       923    1.0884E+04  1.9876E+05  1.8244E+05  1.5202E+05  3.0422E+04  1.3017E+05    1412
   132.-  134.       392  0.3920E-02       818    9.1541E+03  1.7745E+05  1.6303E+05  1.3722E+05  2.5813E+04  1.1726E+05    1207
   134.-  136.       284  0.2840E-02       771    7.5429E+03  1.4522E+05  1.3293E+05  1.0977E+05  2.3157E+04  9.3784E+04     950
   136.-  138.       253  0.2530E-02       670    6.2450E+03  1.1180E+05  1.0115E+05  8.1529E+04  1.9623E+04  6.9980E+04     826
   138.-  140.       250  0.2500E-02       561    5.3856E+03  9.6117E+04  8.6977E+04  6.9673E+04  1.7304E+04  5.9861E+04     713
   140.-  142.       211  0.2110E-02       518    4.3806E+03  8.4138E+04  7.6299E+04  6.1331E+04  1.4968E+04  5.2391E+04     553
   142.-  144.       185  0.1850E-02       428    3.6329E+03  7.2349E+04  6.5768E+04  5.4175E+04  1.1593E+04  4.6344E+04     499
   144.-  146.       130  0.1300E-02       455    2.9059E+03  5.7987E+04  5.2635E+04  4.2863E+04  9.7723E+03  3.6722E+04     405
   146.-  148.       134  0.1340E-02       356    2.3878E+03  4.4515E+04  4.0027E+04  3.1781E+04  8.2465E+03  2.7335E+04     325
   148.-  150.        97  0.9700E-03       327    1.9210E+03  3.5950E+04  3.2287E+04  2.5882E+04  6.4041E+03  2.2223E+04     263
   150.-  152.        85  0.8500E-03       246    1.5940E+03  3.0388E+04  2.7256E+04  2.1517E+04  5.7386E+03  1.8456E+04     221
   152.-  154.        75  0.7500E-03       233    1.3338E+03  2.5806E+04  2.3175E+04  1.8561E+04  4.6144E+03  1.5963E+04     194
   154.-  156.        57  0.5700E-03       194    1.0587E+03  1.9209E+04  1.7041E+04  1.3112E+04  3.9292E+03  1.1319E+04     150
   156.-  158.        52  0.5200E-03       164    8.2915E+02  1.5586E+04  1.3920E+04  1.0856E+04  3.0640E+03  9.3393E+03     120
   158.-  160.        44  0.4400E-03       144    7.4800E+02  1.3517E+04  1.2097E+04  9.3323E+03  2.7650E+03  8.0143E+03      98
   160.-  162.        26  0.2600E-03       128    5.5803E+02  9.5992E+03  8.4684E+03  6.1418E+03  2.3266E+03  5.2885E+03      73
   162.-  164.        25  0.2500E-03        90    4.3460E+02  8.4312E+03  7.5885E+03  6.2005E+03  1.3880E+03  5.3326E+03      66
   164.-  166.        23  0.2300E-03        90    3.9460E+02  6.8739E+03  6.0968E+03  4.5996E+03  1.4972E+03  3.9509E+03      48
   166.-  168.        23  0.2300E-03        62    3.2784E+02  6.9129E+03  6.2556E+03  4.9499E+03  1.3057E+03  4.2283E+03      44
   168.-  170.        13  0.1300E-03        55    2.4031E+02  4.9558E+03  4.4292E+03  3.6647E+03  7.6446E+02  3.1647E+03      43
   170.-  172.        15  0.1500E-03        48    2.1154E+02  3.9245E+03  3.4290E+03  2.4468E+03  9.8227E+02  2.1056E+03      26
   172.-  174.        14  0.1400E-03        48    1.5306E+02  3.2076E+03  2.8719E+03  2.2577E+03  6.1420E+02  1.9470E+03      24
   174.-  176.         6  0.6000E-04        35    1.1810E+02  3.1814E+03  2.9354E+03  2.4917E+03  4.4372E+02  2.1052E+03      18
   176.-  178.         6  0.6000E-04        30    9.1179E+01  1.7989E+03  1.5962E+03  1.2636E+03  3.3261E+02  1.0979E+03      19
   178.-  180.         7  0.7000E-04        25    6.5928E+01  1.5276E+03  1.3617E+03  1.0892E+03  2.7250E+02  9.3669E+02      12
   180.-  182.         3  0.3000E-04        13    5.9141E+01  1.1085E+03  9.4575E+02  6.6905E+02  2.7670E+02  5.8320E+02      10
   182.-  184.         3  0.3000E-04        19    4.0954E+01  6.9340E+02  6.1454E+02  4.8163E+02  1.3291E+02  4.2029E+02       8
   184.-  186.         2  0.2000E-04        11    3.1646E+01  4.0373E+02  3.1789E+02  1.1453E+02  2.0336E+02  1.0122E+02       3
   186.-  188.         3  0.3000E-04        13    2.9290E+01  9.4840E+02  8.7541E+02  7.4504E+02  1.3037E+02  6.3085E+02       3
   188.-  190.         1  0.1000E-04         9    1.8481E+01  3.3225E+02  2.6887E+02  1.8361E+02  8.5258E+01  1.6161E+02       4
   190.-  192.         4  0.4000E-04         7    2.5018E+01  6.6251E+02  5.8175E+02  4.6988E+02  1.1187E+02  4.0763E+02       6
   192.-  194.         1  0.1000E-04         7    8.0801E+00  1.5983E+02  1.3055E+02  7.9404E+01  5.1143E+01  7.0141E+01       2
   194.-  196.         1  0.1000E-04         7    4.2422E+00  1.7421E+02  1.6133E+02  1.4992E+02  1.1410E+01  1.2868E+02       1
   196.-  198.         1  0.1000E-04         4    2.3704E+00  4.0664E+01  3.2086E+01  0.0000E+00  3.2086E+01  0.0000E+00       0
   198.-  200.         0  0.0000E+00        11    4.9242E+00  1.0556E+02  7.9119E+01  0.0000E+00  7.9119E+01  0.0000E+00       0
   200.-   SUT         1  0.1000E-04

                   99999  1.0000E+00     99999    4.1789E+07  4.9691E+08  4.8795E+08  4.5948E+08  2.8465E+07  3.8029E+08 1855967
1
     RECOILS



     DEPTH(A)     INLOSS(EV)   TELOSS(EV)   ELLOSS(EV)   DAMAGE(EV)   PHONON(EV)     DPA  DPA(1)  DPA(2)

     0.-    2.    3.7467E+05   6.2729E+06   5.0669E+06   1.4225E+06   3.6444E+06   21995   21995       0
     2.-    4.    6.1228E+05   9.2817E+06   7.7792E+06   2.9030E+06   4.8762E+06   38758   38758       0
     4.-    6.    8.3124E+05   1.2006E+07   1.0143E+07   4.0485E+06   6.0949E+06   51238   51238       0
     6.-    8.    1.0152E+06   1.4321E+07   1.2137E+07   4.9786E+06   7.1585E+06   61206   61206       0
     8.-   10.    1.1726E+06   1.6222E+07   1.3761E+07   5.6839E+06   8.0770E+06   69567   69567       0
    10.-   12.    1.3112E+06   1.8009E+07   1.5291E+07   6.3760E+06   8.9147E+06   76644   76644       0
    12.-   14.    1.4423E+06   1.9662E+07   1.6727E+07   7.0784E+06   9.6486E+06   83772   83772       0
    14.-   16.    1.5590E+06   2.1095E+07   1.7952E+07   7.6168E+06   1.0335E+07   90330   90330       0
    16.-   18.    1.6586E+06   2.2390E+07   1.9060E+07   8.0958E+06   1.0964E+07   95589   95589       0
    18.-   20.    1.7560E+06   2.3547E+07   2.0042E+07   8.4977E+06   1.1544E+07  100648  100648       0
    20.-   22.    1.8452E+06   2.4843E+07   2.1175E+07   9.0878E+06   1.2087E+07  106189  106189       0
    22.-   24.    1.9162E+06   2.5814E+07   2.1999E+07   9.4540E+06   1.2545E+07  110338  110338       0
    24.-   26.    1.9873E+06   2.6675E+07   2.2720E+07   9.7074E+06   1.3012E+07  114127  114127       0
    26.-   28.    2.0463E+06   2.7441E+07   2.3364E+07   9.9426E+06   1.3421E+07  116977  116977       0
    28.-   30.    2.1113E+06   2.8422E+07   2.4219E+07   1.0375E+07   1.3844E+07  121480  121480       0
    30.-   32.    2.1532E+06   2.8995E+07   2.4686E+07   1.0511E+07   1.4175E+07  123771  123771       0
    32.-   34.    2.1939E+06   2.9655E+07   2.5251E+07   1.0762E+07   1.4489E+07  126878  126878       0
    34.-   36.    2.2270E+06   3.0136E+07   2.5646E+07   1.0890E+07   1.4756E+07  129289  129289       0
    36.-   38.    2.2431E+06   3.0488E+07   2.5925E+07   1.0931E+07   1.4994E+07  129822  129822       0
    38.-   40.    2.2629E+06   3.0952E+07   2.6323E+07   1.1126E+07   1.5197E+07  132044  132044       0
    40.-   42.    2.2733E+06   3.1181E+07   2.6510E+07   1.1166E+07   1.5344E+07  133024  133024       0
    42.-   44.    2.2767E+06   3.1230E+07   2.6525E+07   1.1098E+07   1.5427E+07  133235  133235       0
    44.-   46.    2.2735E+06   3.1315E+07   2.6595E+07   1.1106E+07   1.5488E+07  133588  133588       0
    46.-   48.    2.2677E+06   3.1278E+07   2.6548E+07   1.1023E+07   1.5524E+07  133022  133022       0
    48.-   50.    2.2482E+06   3.1121E+07   2.6407E+07   1.0933E+07   1.5473E+07  132282  132282       0
    50.-   52.    2.2187E+06   3.0795E+07   2.6111E+07   1.0756E+07   1.5355E+07  130457  130457       0
    52.-   54.    2.1882E+06   3.0516E+07   2.5863E+07   1.0632E+07   1.5231E+07  128910  128910       0
    54.-   56.    2.1495E+06   3.0070E+07   2.5479E+07   1.0442E+07   1.5037E+07  127708  127708       0
    56.-   58.    2.1078E+06   2.9654E+07   2.5131E+07   1.0335E+07   1.4796E+07  125238  125238       0
    58.-   60.    2.0600E+06   2.9024E+07   2.4575E+07   1.0014E+07   1.4561E+07  122760  122760       0
    60.-   62.    2.0028E+06   2.8317E+07   2.3967E+07   9.7363E+06   1.4231E+07  119630  119630       0
    62.-   64.    1.9451E+06   2.7619E+07   2.3367E+07   9.4844E+06   1.3883E+07  117045  117045       0
    64.-   66.    1.8854E+06   2.6860E+07   2.2726E+07   9.2176E+06   1.3508E+07  113382  113382       0
    66.-   68.    1.8194E+06   2.5953E+07   2.1944E+07   8.8443E+06   1.3100E+07  109453  109453       0
    68.-   70.    1.7495E+06   2.5067E+07   2.1191E+07   8.5537E+06   1.2638E+07  105500  105500       0
    70.-   72.    1.6743E+06   2.3995E+07   2.0260E+07   8.0895E+06   1.2171E+07  100480  100480       0
    72.-   74.    1.6062E+06   2.3064E+07   1.9478E+07   7.7842E+06   1.1694E+07   96380   96380       0
    74.-   76.    1.5309E+06   2.1986E+07   1.8555E+07   7.3771E+06   1.1178E+07   91993   91993       0
    76.-   78.    1.4597E+06   2.1083E+07   1.7805E+07   7.1216E+06   1.0683E+07   88159   88159       0
    78.-   80.    1.3846E+06   2.0023E+07   1.6894E+07   6.6977E+06   1.0196E+07   83657   83657       0
    80.-   82.    1.3118E+06   1.8972E+07   1.6000E+07   6.3247E+06   9.6752E+06   78969   78969       0
    82.-   84.    1.2376E+06   1.7916E+07   1.5104E+07   5.9524E+06   9.1520E+06   75127   75127       0
    84.-   86.    1.1667E+06   1.6948E+07   1.4294E+07   5.6537E+06   8.6400E+06   70697   70697       0
    86.-   88.    1.0958E+06   1.5935E+07   1.3433E+07   5.2952E+06   8.1374E+06   66204   66204       0
    88.-   90.    1.0278E+06   1.4921E+07   1.2579E+07   4.9563E+06   7.6225E+06   62555   62555       0
    90.-   92.    9.6192E+05   1.3959E+07   1.1772E+07   4.6505E+06   7.1213E+06   58593   58593       0
    92.-   94.    8.9412E+05   1.2976E+07   1.0954E+07   4.3582E+06   6.5959E+06   54577   54577       0
    94.-   96.    8.1755E+05   1.1831E+07   9.9974E+06   4.0040E+06   5.9934E+06   50173   50173       0
    96.-   98.    7.3772E+05   1.0522E+07   8.9185E+06   3.6294E+06   5.2892E+06   45322   45322       0
    98.-  100.    6.2486E+05   8.6745E+06   7.4223E+06   3.2143E+06   4.2079E+06   39130   39130       0
   100.-  102.    3.6780E+05   4.7162E+06   4.0981E+06   1.9858E+06   2.1123E+06   22511   22511       0
   102.-  104.    1.2337E+04   1.2097E+05   9.8180E+04   2.8142E+04   7.0038E+04     439     439       0
   104.-  106.    0.0000E+00   0.0000E+00   0.0000E+00   0.0000E+00   0.0000E+00       0       0       0
   106.-  108.    0.0000E+00   0.0000E+00   0.0000E+00   0.0000E+00   0.0000E+00       0       0       0
   108.-  110.    0.0000E+00   0.0000E+00   0.0000E+00   0.0000E+00   0.0000E+00       0       0       0
   110.-  112.    0.0000E+00   0.0000E+00   0.0000E+00   0.0000E+00   0.0000E+00       0       0       0
   112.-  114.    0.0000E+00   0.0000E+00   0.0000E+00   0.0000E+00   0.0000E+00       0       0       0
   114.-  116.    0.0000E+00   0.0000E+00   0.0000E+00   0.0000E+00   0.0000E+00       0       0       0
   116.-  118.    0.0000E+00   0.0000E+00   0.0000E+00   0.0000E+00   0.0000E+00       0       0       0
   118.-  120.    0.0000E+00   0.0000E+00   0.0000E+00   0.0000E+00   0.0000E+00       0       0       0
   120.-  122.    0.0000E+00   0.0000E+00   0.0000E+00   0.0000E+00   0.0000E+00       0       0       0
   122.-  124.    0.0000E+00   0.0000E+00   0.0000E+00   0.0000E+00   0.0000E+00       0       0       0
   124.-  126.    0.0000E+00   0.0000E+00   0.0000E+00   0.0000E+00   0.0000E+00       0       0       0
   126.-  128.    0.0000E+00   0.0000E+00   0.0000E+00   0.0000E+00   0.0000E+00       0       0       0
   128.-  130.    0.0000E+00   0.0000E+00   0.0000E+00   0.0000E+00   0.0000E+00       0       0       0
   130.-  132.    0.0000E+00   0.0000E+00   0.0000E+00   0.0000E+00   0.0000E+00       0       0       0
   132.-  134.    0.0000E+00   0.0000E+00   0.0000E+00   0.0000E+00   0.0000E+00       0       0       0
   134.-  136.    0.0000E+00   0.0000E+00   0.0000E+00   0.0000E+00   0.0000E+00       0       0       0
   136.-  138.    0.0000E+00   0.0000E+00   0.0000E+00   0.0000E+00   0.0000E+00       0       0       0
   138.-  140.    0.0000E+00   0.0000E+00   0.0000E+00   0.0000E+00   0.0000E+00       0       0       0
   140.-  142.    0.0000E+00   0.0000E+00   0.0000E+00   0.0000E+00   0.0000E+00       0       0       0
   142.-  144.    0.0000E+00   0.0000E+00   0.0000E+00   0.0000E+00   0.0000E+00       0       0       0
   144.-  146.    0.0000E+00   0.0000E+00   0.0000E+00   0.0000E+00   0.0000E+00       0       0       0
   146.-  148.    0.0000E+00   0.0000E+00   0.0000E+00   0.0000E+00   0.0000E+00       0       0       0
   148.-  150.    0.0000E+00   0.0000E+00   0.0000E+00   0.0000E+00   0.0000E+00       0       0       0
   150.-  152.    0.0000E+00   0.0000E+00   0.0000E+00   0.0000E+00   0.0000E+00       0       0       0
   152.-  154.    0.0000E+00   0.0000E+00   0.0000E+00   0.0000E+00   0.0000E+00       0       0       0
   154.-  156.    0.0000E+00   0.0000E+00   0.0000E+00   0.0000E+00   0.0000E+00       0       0       0
   156.-  158.    0.0000E+00   0.0000E+00   0.0000E+00   0.0000E+00   0.0000E+00       0       0       0
   158.-  160.    0.0000E+00   0.0000E+00   0.0000E+00   0.0000E+00   0.0000E+00       0       0       0
   160.-  162.    0.0000E+00   0.0000E+00   0.0000E+00   0.0000E+00   0.0000E+00       0       0       0
   162.-  164.    0.0000E+00   0.0000E+00   0.0000E+00   0.0000E+00   0.0000E+00       0       0       0
   164.-  166.    0.0000E+00   0.0000E+00   0.0000E+00   0.0000E+00   0.0000E+00       0       0       0
   166.-  168.    0.0000E+00   0.0000E+00   0.0000E+00   0.0000E+00   0.0000E+00       0       0       0
   168.-  170.    0.0000E+00   0.0000E+00   0.0000E+00   0.0000E+00   0.0000E+00       0       0       0
   170.-  172.    0.0000E+00   0.0000E+00   0.0000E+00   0.0000E+00   0.0000E+00       0       0       0
   172.-  174.    0.0000E+00   0.0000E+00   0.0000E+00   0.0000E+00   0.0000E+00       0       0       0
   174.-  176.    0.0000E+00   0.0000E+00   0.0000E+00   0.0000E+00   0.0000E+00       0       0       0
   176.-  178.    0.0000E+00   0.0000E+00   0.0000E+00   0.0000E+00   0.0000E+00       0       0       0
   178.-  180.    0.0000E+00   0.0000E+00   0.0000E+00   0.0000E+00   0.0000E+00       0       0       0
   180.-  182.    0.0000E+00   0.0000E+00   0.0000E+00   0.0000E+00   0.0000E+00       0       0       0
   182.-  184.    0.0000E+00   0.0000E+00   0.0000E+00   0.0000E+00   0.0000E+00       0       0       0
   184.-  186.    0.0000E+00   0.0000E+00   0.0000E+00   0.0000E+00   0.0000E+00       0       0       0
   186.-  188.    0.0000E+00   0.0000E+00   0.0000E+00   0.0000E+00   0.0000E+00       0       0       0
   188.-  190.    0.0000E+00   0.0000E+00   0.0000E+00   0.0000E+00   0.0000E+00       0       0       0
   190.-  192.    0.0000E+00   0.0000E+00   0.0000E+00   0.0000E+00   0.0000E+00       0       0       0
   192.-  194.    0.0000E+00   0.0000E+00   0.0000E+00   0.0000E+00   0.0000E+00       0       0       0
   194.-  196.    0.0000E+00   0.0000E+00   0.0000E+00   0.0000E+00   0.0000E+00       0       0       0
   196.-  198.    0.0000E+00   0.0000E+00   0.0000E+00   0.0000E+00   0.0000E+00       0       0       0
   198.-  200.    0.0000E+00   0.0000E+00   0.0000E+00   0.0000E+00   0.0000E+00       0       0       0

                  8.2097E+07   1.1439E+09   9.6987E+08   3.9995E+08   5.6992E+08 4850862 4850862       0
1     BACKWARD SPUTTERING



        ALL SPUTTERED PARTICLES =   68309   TOTAL SPUTTERED ENERGY = 0.2585E+07 EV


        SPUTTERED PARTICLES (1.LAYER) =   68309   SPUTTERED ENERGY = 0.2585E+07 EV


 1.LAYER
         SPUTTERED PARTICLES(1) =   68309     SPUTTERED ENERGY(1) = 0.2585E+07 EV

         ION IN , PRIMARY KO(1) =   13904   0.2035   0.2035    ENERGY = 0.9962E+06 EV   0.3853   0.3853    MEAN ENERGY = 0.7165E+02
         ION IN , SECOND. KO(1) =   54402   0.7964   0.7964    ENERGY = 0.1589E+07 EV   0.6147   0.6147    MEAN ENERGY = 0.2921E+02
        ION OUT , PRIMARY KO(1) =       1   0.0000   0.0000    ENERGY = 0.5768E+01 EV   0.0000   0.0000    MEAN ENERGY = 0.5768E+01
        ION OUT , SECOND. KO(1) =       2   0.0000   0.0000    ENERGY = 0.1400E+02 EV   0.0000   0.0000    MEAN ENERGY = 0.6998E+01


     SPUTTERING YIELD(1) =  6.831E-01  SPUTTERED ENERGY(1) =  4.799E-03  REL.MEAN ENERGY(1) =  7.026E-03  MEAN ENERGY(1) =  3.785E+01

                       MEAN        VARIANCE      SKEWNESS      KURTOSIS        SIGMA       ERROR 1.M     ERROR 2.M     ERROR 3.M 
    ENERGY(1)       3.7847E+01    3.8680E+03    4.5203E+00    3.5100E+01    6.2194E+01    2.3796E-01    8.6423E+01    1.1111E-01
 LOGENERGY(1)       1.2192E+00    3.2830E-01   -5.0276E-02    2.8634E+00    5.7297E-01    2.1926E-03    1.7149E-03    8.5159E-03

                     1.MOMENT      2.MOMENT      3.MOMENT      4.MOMENT      5.MOMENT      6.MOMENT 
    ENERGY(1)       3.7847E+01    5.3005E+03    1.5808E+06    7.2508E+08    4.3367E+11    3.0818E+14
 LOGENERGY(1)       1.2192E+00    1.8149E+00    3.0039E+00    5.4006E+00    1.0333E+01    2.0792E+01



     POLAR ANGULAR DISTRIBUTION OF ALL BACKWARD SPUTTERED PARTICLES


       0.00  0.00  0.00  0.00  0.00  0.00  0.00  0.00  0.00  0.00  0.00  0.00  0.00  0.00  0.00  0.00  0.00  0.00  0.00  0.00

        116   335   630   956  1317  1598  2013  2433  2713  3305  3805  4120  4550  4925  5156  5498  5664  6056  6305  6814
      0.034 0.098 0.184 0.280 0.386 0.468 0.589 0.712 0.794 0.968 1.114 1.206 1.332 1.442 1.510 1.610 1.658 1.773 1.846 1.995
1 LOG ENERGY - COS OF EMISSION ANGLE (0.05 STEPS)   (BACKWARD SPUTTERED PARTICLES) ; 1. LAYER ; SPECIES 1


   0.0000E+00    1    2    3    4    5    6    7    8    9   10   11   12   13   14   15   16   17   18   19   20     0  0.0000E+00
   0.1000E+00    0    0    0    0    0    0    0    1    0    1    3    0    1    3    0    2    1    2    2    1    17  0.1700E-02
   0.1212E+00    0    0    0    0    0    0    0    0    0    0    0    0    0    0    0    0    0    0    0    0     0  0.0000E+00
   0.1468E+00    0    0    0    0    0    0    0    0    0    0    0    0    0    0    0    0    0    0    0    0     0  0.0000E+00
   0.1778E+00    0    0    0    0    0    0    0    0    0    0    0    0    0    0    0    0    0    0    0    0     0  0.0000E+00
   0.2154E+00    0    0    0    0    0    0    0    0    0    0    0    0    0    0    0    0    0    0    0    0     0  0.0000E+00
   0.2610E+00    0    0    0    0    0    0    0    0    0    0    0    0    0    0    0    0    0    0    0    0     0  0.0000E+00
   0.3162E+00    0    0    0    0    0    0    0    0    0    0    0    0    0    0    0    0    0    0    0    0     0  0.0000E+00
   0.3831E+00    0    0    0    0    0    0    0    0    0    0    0    0    0    0    0    0    0    0    0    0     0  0.0000E+00
   0.4642E+00    0    0    0    0    0    0    0    0    0    0    0    0    0    0    0    0    0    0    0    0     0  0.0000E+00
   0.5623E+00    0    0    0    0    0    0    0    0    0    0    0    0    0    0    0    0    0    0    0    0     0  0.0000E+00
   0.6813E+00    0    0    0    0    0    0    0    0    0    0    0    0    0    0    0    0    0    0    0    0     0  0.0000E+00
   0.8254E+00    0    0    0    0    0    0    0    0    0    0    0    0    0    0    0    0    0    0    0    0     0  0.0000E+00
   0.1000E+01    0    0    0    0    0    0    0    0    0    0    0    0    0    0    0    0    0    0    0    0     0  0.0000E+00
   0.1212E+01    0    0    0    0    0    0    0    0    0    0    0    0    0    0    0    0    0    0    0    0     0  0.0000E+00
   0.1468E+01    0    0    0    0    0    0    0    0    0    0    0    0    0    0    0    0    0    0    0    0     0  0.0000E+00
   0.1778E+01    0    0    0    0    0    0    0    0    0    0    0    0    0    0    0    0    0    0    0    0     0  0.0000E+00
   0.2154E+01    0    0    0    0    0    0    0    0    0    0    0    0    0    0    0    0    0    0    0    0     0  0.0000E+00
   0.2610E+01    0    0    0    0    0    0    0    0    0    0    0    0    0    0    0    0    0    0    0    0     0  0.0000E+00
   0.3162E+01    0    0    0    0    0    0    0    0    0    0    0    0    0    0    0    0    0    0    0    0     0  0.0000E+00
   0.3831E+01    0    0    0    0    0    0    0    0    0    0    0    0    0    0    0    0    0    0    0    0     0  0.0000E+00
   0.4642E+01    0    0    0    0    0    0    0    0    0    0    0    0    0    0    0    0    0    0    0    0     0  0.0000E+00
   0.5623E+01    0    0    0    0    0    0    0    0    0    0    0    0    0    0    0    0    0    0    0    0     0  0.0000E+00
   0.6813E+01    0    0    0    0    0    0    0    0    0    0    0    0    0    0    0    0    0    0    0    0     0  0.0000E+00
   0.8254E+01    0    0    0    0    0    0    0    0    0    0    0    0    0    0    0    0    0    0    0    0     0  0.0000E+00
   0.1000E+02    0    0    0    0    0    0    0    0    0    0    0    0    0    0    0    0    0    0    0    0     0  0.0000E+00
   0.1212E+02    0    0    0    0    0    0    0    0    0    0    0    0    0    0    0    0    0    0    0    0     0  0.0000E+00
   0.1468E+02    0    0    0    0    0    0    0    0    0    0    0    0    0    0    0    0    0    0    0    0     0  0.0000E+00
   0.1778E+02    0    0    0    0    0    0    0    0    0    0    0    0    0    0    0    0    0    0    0    0     0  0.0000E+00
   0.2154E+02    0    0    0    0    0    0    0    0    0    0    0    0    0    0    0    0    0    0    0    0     0  0.0000E+00
   0.2610E+02    0    0    0    0    0    0    0    0    0    0    0    0    0    0    0    0    0    0    0    0     0  0.0000E+00
   0.3162E+02    0    0    0    0    0    0    0    0    0    0    0    0    0    0    0    0    0    0    0    0     0  0.0000E+00
   0.3831E+02    0    0    0    0    0    0    0    0    0    0    0    0    0    0    0    0    0    0    0    0     0  0.0000E+00
   0.4642E+02    0    0    0    0    0    0    0    0    0    0    0    0    0    0    0    0    0    0    0    0     0  0.0000E+00
   0.5623E+02    0    0    0    0    0    0    0    0    0    0    0    0    0    0    0    0    0    0    0    0     0  0.0000E+00
   0.6813E+02    0    0    0    0    0    0    0    0    0    0    0    0    0    0    0    0    0    0    0    0     0  0.0000E+00
   0.8254E+02    0    0    0    0    0    0    0    0    0    0    0    0    0    0    0    0    0    0    0    0     0  0.0000E+00
   0.1000E+03    0    0    0    0    0    0    0    0    0    0    0    0    0    0    0    0    0    0    0    0     0  0.0000E+00
   0.1212E+03    0    0    0    0    0    0    0    0    0    0    0    0    0    0    0    0    0    0    0    0     0  0.0000E+00
   0.1468E+03    0    0    0    0    0    0    0    0    0    0    0    0    0    0    0    0    0    0    0    0     0  0.0000E+00
   0.1778E+03    0    0    0    0    0    0    0    0    0    0    0    0    0    0    0    0    0    0    0    0     0  0.0000E+00
   0.2154E+03    0    0    0    0    0    0    0    0    0    0    0    0    0    0    0    0    0    0    0    0     0  0.0000E+00
   0.2610E+03    0    0    0    0    0    0    0    0    0    0    0    0    0    0    0    0    0    0    0    0     0  0.0000E+00
   0.3162E+03    0    0    0    0    0    0    0    0    0    0    0    0    0    0    0    0    0    0    0    0     0  0.0000E+00
   0.3831E+03    0    0    0    0    0    0    0    0    0    0    0    0    0    0    0    0    0    0    0    0     0  0.0000E+00
   0.4642E+03    0    0    0    0    0    0    0    0    0    0    0    0    0    0    0    0    0    0    0    0     0  0.0000E+00
   0.5623E+03    0    0    0    0    0    0    0    0    0    0    0    0    0    0    0    0    0    0    0    0     0  0.0000E+00
   0.6813E+03    0    0    0    0    0    0    0    0    0    0    0    0    0    0    0    0    0    0    0    0     0  0.0000E+00
   0.8254E+03    0    0    0    0    0    0    0    0    0    0    0    0    0    0    0    0    0    0    0    0     0  0.0000E+00
   0.1000E+04    0    0    0    0    0    0    0    0    0    0    0    0    0    0    0    0    0    0    0    0     0  0.0000E+00
   0.1212E+04    0    0    0    0    0    0    0    0    0    0    0    0    0    0    0    0    0    0    0    0     0  0.0000E+00
   0.1468E+04    0    0    0    0    0    0    0    0    0    0    0    0    0    0    0    0    0    0    0    0     0  0.0000E+00
   0.1778E+04    0    0    0    0    0    0    0    0    0    0    0    0    0    0    0    0    0    0    0    0     0  0.0000E+00
   0.2154E+04    0    0    0    0    0    0    0    0    0    0    0    0    0    0    0    0    0    0    0    0     0  0.0000E+00
   0.2610E+04    0    0    0    0    0    0    0    0    0    0    0    0    0    0    0    0    0    0    0    0     0  0.0000E+00
   0.3162E+04    0    0    0    0    0    0    0    0    0    0    0    0    0    0    0    0    0    0    0    0     0  0.0000E+00
   0.3831E+04    0    0    0    0    0    0    0    0    0    0    0    0    0    0    0    0    0    0    0    0     0  0.0000E+00
   0.4642E+04    0    0    0    0    0    0    0    0    0    0    0    0    0    0    0    0    0    0    0    0     0  0.0000E+00
   0.5623E+04    0    0    0    0    0    0    0    0    0    0    0    0    0    0    0    0    0    0    0    0     0  0.0000E+00
   0.6813E+04    0    0    0    0    0    0    0    0    0    0    0    0    0    0    0    0    0    0    0    0     0  0.0000E+00
   0.8254E+04    0    0    0    0    0    0    0    0    0    0    0    0    0    0    0    0    0    0    0    0     0  0.0000E+00
   0.1000E+05    0    0    0    0    0    0    0    0    0    0    0    0    0    0    0    0    0    0    0    0     0  0.0000E+00
   0.1212E+05    0    0    0    0    0    0    0    0    0    0    0    0    0    0    0    0    0    0    0    0     0  0.0000E+00
   0.1468E+05    0    0    0    0    0    0    0    0    0    0    0    0    0    0    0    0    0    0    0    0     0  0.0000E+00
   0.1778E+05    0    0    0    0    0    0    0    0    0    0    0    0    0    0    0    0    0    0    0    0     0  0.0000E+00
   0.2154E+05    0    0    0    0    0    0    0    0    0    0    0    0    0    0    0    0    0    0    0    0     0  0.0000E+00
   0.2610E+05    0    0    0    0    0    0    0    0    0    0    0    0    0    0    0    0    0    0    0    0     0  0.0000E+00
   0.3162E+05    0    0    0    0    0    0    0    0    0    0    0    0    0    0    0    0    0    0    0    0     0  0.0000E+00
   0.3831E+05    0    0    0    0    0    0    0    0    0    0    0    0    0    0    0    0    0    0    0    0     0  0.0000E+00
   0.4642E+05    0    0    0    0    0    0    0    0    0    0    0    0    0    0    0    0    0    0    0    0     0  0.0000E+00
   0.5623E+05    0    0    0    0    0    0    0    0    0    0    0    0    0    0    0    0    0    0    0    0     0  0.0000E+00
   0.6813E+05    0    0    0    0    0    0    0    0    0    0    0    0    0    0    0    0    0    0    0    0     0  0.0000E+00
   0.8254E+05    0    0    0    0    0    0    0    0    0    0    0    0    0    0    0    0    0    0    0    0     0  0.0000E+00
   0.1000E+06    0    0    0    0    0    0    0    0    0    0    0    0    0    0    0    0    0    0    0    0     0  0.0000E+00
   0.0000E+00  232  670 1260 1912 2634 3196 4026 4865 5426 6609 7607 8240 9099 9847103121099411327121101260813627136601  0.0000E+00
1ENERGY(E/E0 IN %) - POLAR ANGLE IN COS-INTERVALS (0.05)  (BACKWARD SPUTTERED PARTICLES) , 1.LAYER , SPECIES 1

     0    1    2    3    4    5    6    7    8    9   10   11   12   13   14   15   16   17   18   19   20      0
     1  108  292  556  816 1084 1266 1520 1883 2021 2571 2912 3171 3569 3863 4116 4465 4677 5089 5356 5919  55254
     2    7   30   51   84  143  187  251  262  354  344  468  490  533  589  608  578  589  582  603  618   7371
     3    1    9   13   34   44   65  106  120  146  172  191  216  206  236  208  227  213  188  194  164   2753
     4    0    3    5   13   16   34   52   64   87   84   90  103   96  115  111  106   89   94   70   66   1298
     5    0    1    3    3   11   26   26   44   28   50   55   51   57   61   46   54   44   45   33   22    660
     6    0    0    0    2    8    4   19   22   24   26   31   33   31   26   29   29   24   29   27   11    375
     7    0    0    1    2    2    6   12   18   14   19   21   22   24   10   15   15    9   11   10    8    219
     8    0    0    0    2    3    1   11    6    8    7    4    8   12   10    7   16   10    8    8    2    123
     9    0    0    0    0    2    2    3    4    6   13   10    8    6    4    4    5    5    2    2    1     77
    10    0    0    0    0    1    0    7    4    6    7    7    8    9    5    4    1    2    4    2    3     70
    11    0    0    1    0    1    2    2    2    9    4    7    5    5    1    4    0    0    1    0    0     44
    12    0    0    0    0    0    3    2    0    2    2    2    1    0    0    3    1    0    0    0    0     16
    13    0    0    0    0    0    2    2    1    0    3    5    1    1    0    0    0    0    2    0    0     17
    14    0    0    0    0    1    0    0    0    3    0    2    0    0    1    1    1    1    1    0    0     11
    15    0    0    0    0    1    0    0    1    1    1    0    0    1    1    0    0    0    0    0    0      6
    16    0    0    0    0    0    0    0    1    2    0    0    0    0    1    0    0    1    0    0    0      5
    17    0    0    0    0    0    0    0    1    1    0    0    1    0    1    0    0    0    0    0    0      4
    18    0    0    0    0    0    0    0    0    0    1    0    0    0    1    0    0    0    0    0    0      2
    19    0    0    0    0    0    0    0    0    0    0    0    1    0    0    0    0    0    0    0    0      1
    20    0    0    0    0    0    0    0    0    0    1    0    0    0    0    0    0    0    0    0    0      1
    21    0    0    0    0    0    0    0    0    1    0    0    1    0    0    0    0    0    0    0    0      2
    22    0    0    0    0    0    0    0    0    0    0    0    0    0    0    0    0    0    0    0    0      0
    23    0    0    0    0    0    0    0    0    0    0    0    0    0    0    0    0    0    0    0    0      0
    24    0    0    0    0    0    0    0    0    0    0    0    0    0    0    0    0    0    0    0    0      0
    25    0    0    0    0    0    0    0    0    0    0    0    0    0    0    0    0    0    0    0    0      0
    26    0    0    0    0    0    0    0    0    0    0    0    0    0    0    0    0    0    0    0    0      0
    27    0    0    0    0    0    0    0    0    0    0    0    0    0    0    0    0    0    0    0    0      0
    28    0    0    0    0    0    0    0    0    0    0    0    0    0    0    0    0    0    0    0    0      0
    29    0    0    0    0    0    0    0    0    0    0    0    0    0    0    0    0    0    0    0    0      0
    30    0    0    0    0    0    0    0    0    0    0    0    0    0    0    0    0    0    0    0    0      0
    31    0    0    0    0    0    0    0    0    0    0    0    0    0    0    0    0    0    0    0    0      0
    32    0    0    0    0    0    0    0    0    0    0    0    0    0    0    0    0    0    0    0    0      0
    33    0    0    0    0    0    0    0    0    0    0    0    0    0    0    0    0    0    0    0    0      0
    34    0    0    0    0    0    0    0    0    0    0    0    0    0    0    0    0    0    0    0    0      0
    35    0    0    0    0    0    0    0    0    0    0    0    0    0    0    0    0    0    0    0    0      0
    36    0    0    0    0    0    0    0    0    0    0    0    0    0    0    0    0    0    0    0    0      0
    37    0    0    0    0    0    0    0    0    0    0    0    0    0    0    0    0    0    0    0    0      0
    38    0    0    0    0    0    0    0    0    0    0    0    0    0    0    0    0    0    0    0    0      0
    39    0    0    0    0    0    0    0    0    0    0    0    0    0    0    0    0    0    0    0    0      0
    40    0    0    0    0    0    0    0    0    0    0    0    0    0    0    0    0    0    0    0    0      0
    41    0    0    0    0    0    0    0    0    0    0    0    0    0    0    0    0    0    0    0    0      0
    42    0    0    0    0    0    0    0    0    0    0    0    0    0    0    0    0    0    0    0    0      0
    43    0    0    0    0    0    0    0    0    0    0    0    0    0    0    0    0    0    0    0    0      0
    44    0    0    0    0    0    0    0    0    0    0    0    0    0    0    0    0    0    0    0    0      0
    45    0    0    0    0    0    0    0    0    0    0    0    0    0    0    0    0    0    0    0    0      0
    46    0    0    0    0    0    0    0    0    0    0    0    0    0    0    0    0    0    0    0    0      0
    47    0    0    0    0    0    0    0    0    0    0    0    0    0    0    0    0    0    0    0    0      0
    48    0    0    0    0    0    0    0    0    0    0    0    0    0    0    0    0    0    0    0    0      0
    49    0    0    0    0    0    0    0    0    0    0    0    0    0    0    0    0    0    0    0    0      0
    50    0    0    0    0    0    0    0    0    0    0    0    0    0    0    0    0    0    0    0    0      0
    51    0    0    0    0    0    0    0    0    0    0    0    0    0    0    0    0    0    0    0    0      0
    52    0    0    0    0    0    0    0    0    0    0    0    0    0    0    0    0    0    0    0    0      0
    53    0    0    0    0    0    0    0    0    0    0    0    0    0    0    0    0    0    0    0    0      0
    54    0    0    0    0    0    0    0    0    0    0    0    0    0    0    0    0    0    0    0    0      0
    55    0    0    0    0    0    0    0    0    0    0    0    0    0    0    0    0    0    0    0    0      0
    56    0    0    0    0    0    0    0    0    0    0    0    0    0    0    0    0    0    0    0    0      0
    57    0    0    0    0    0    0    0    0    0    0    0    0    0    0    0    0    0    0    0    0      0
    58    0    0    0    0    0    0    0    0    0    0    0    0    0    0    0    0    0    0    0    0      0
    59    0    0    0    0    0    0    0    0    0    0    0    0    0    0    0    0    0    0    0    0      0
    60    0    0    0    0    0    0    0    0    0    0    0    0    0    0    0    0    0    0    0    0      0
    61    0    0    0    0    0    0    0    0    0    0    0    0    0    0    0    0    0    0    0    0      0
    62    0    0    0    0    0    0    0    0    0    0    0    0    0    0    0    0    0    0    0    0      0
    63    0    0    0    0    0    0    0    0    0    0    0    0    0    0    0    0    0    0    0    0      0
    64    0    0    0    0    0    0    0    0    0    0    0    0    0    0    0    0    0    0    0    0      0
    65    0    0    0    0    0    0    0    0    0    0    0    0    0    0    0    0    0    0    0    0      0
    66    0    0    0    0    0    0    0    0    0    0    0    0    0    0    0    0    0    0    0    0      0
    67    0    0    0    0    0    0    0    0    0    0    0    0    0    0    0    0    0    0    0    0      0
    68    0    0    0    0    0    0    0    0    0    0    0    0    0    0    0    0    0    0    0    0      0
    69    0    0    0    0    0    0    0    0    0    0    0    0    0    0    0    0    0    0    0    0      0
    70    0    0    0    0    0    0    0    0    0    0    0    0    0    0    0    0    0    0    0    0      0
    71    0    0    0    0    0    0    0    0    0    0    0    0    0    0    0    0    0    0    0    0      0
    72    0    0    0    0    0    0    0    0    0    0    0    0    0    0    0    0    0    0    0    0      0
    73    0    0    0    0    0    0    0    0    0    0    0    0    0    0    0    0    0    0    0    0      0
    74    0    0    0    0    0    0    0    0    0    0    0    0    0    0    0    0    0    0    0    0      0
    75    0    0    0    0    0    0    0    0    0    0    0    0    0    0    0    0    0    0    0    0      0
    76    0    0    0    0    0    0    0    0    0    0    0    0    0    0    0    0    0    0    0    0      0
    77    0    0    0    0    0    0    0    0    0    0    0    0    0    0    0    0    0    0    0    0      0
    78    0    0    0    0    0    0    0    0    0    0    0    0    0    0    0    0    0    0    0    0      0
    79    0    0    0    0    0    0    0    0    0    0    0    0    0    0    0    0    0    0    0    0      0
    80    0    0    0    0    0    0    0    0    0    0    0    0    0    0    0    0    0    0    0    0      0
    81    0    0    0    0    0    0    0    0    0    0    0    0    0    0    0    0    0    0    0    0      0
    82    0    0    0    0    0    0    0    0    0    0    0    0    0    0    0    0    0    0    0    0      0
    83    0    0    0    0    0    0    0    0    0    0    0    0    0    0    0    0    0    0    0    0      0
    84    0    0    0    0    0    0    0    0    0    0    0    0    0    0    0    0    0    0    0    0      0
    85    0    0    0    0    0    0    0    0    0    0    0    0    0    0    0    0    0    0    0    0      0
    86    0    0    0    0    0    0    0    0    0    0    0    0    0    0    0    0    0    0    0    0      0
    87    0    0    0    0    0    0    0    0    0    0    0    0    0    0    0    0    0    0    0    0      0
    88    0    0    0    0    0    0    0    0    0    0    0    0    0    0    0    0    0    0    0    0      0
    89    0    0    0    0    0    0    0    0    0    0    0    0    0    0    0    0    0    0    0    0      0
    90    0    0    0    0    0    0    0    0    0    0    0    0    0    0    0    0    0    0    0    0      0
    91    0    0    0    0    0    0    0    0    0    0    0    0    0    0    0    0    0    0    0    0      0
    92    0    0    0    0    0    0    0    0    0    0    0    0    0    0    0    0    0    0    0    0      0
    93    0    0    0    0    0    0    0    0    0    0    0    0    0    0    0    0    0    0    0    0      0
    94    0    0    0    0    0    0    0    0    0    0    0    0    0    0    0    0    0    0    0    0      0
    95    0    0    0    0    0    0    0    0    0    0    0    0    0    0    0    0    0    0    0    0      0
    96    0    0    0    0    0    0    0    0    0    0    0    0    0    0    0    0    0    0    0    0      0
    97    0    0    0    0    0    0    0    0    0    0    0    0    0    0    0    0    0    0    0    0      0
    98    0    0    0    0    0    0    0    0    0    0    0    0    0    0    0    0    0    0    0    0      0
    99    0    0    0    0    0    0    0    0    0    0    0    0    0    0    0    0    0    0    0    0      0
   100    0    0    0    0    0    0    0    0    0    0    0    0    0    0    0    0    0    0    0    0      0
     0  116  335  630  956 1317 1598 2013 2433 2713 3305 3805 4120 4550 4925 5156 5498 5664 6056 6305 6814  68309
1AZIMUTHAL ANGLE - POLAR ANGLE IN COS-INTERVALS (0.05) (BACKWARD SPUTTERED PARTICLES) , 1.LAYER , SPECIES 1

     0    1    2    3    4    5    6    7    8    9   10   11   12   13   14   15   16   17   18   19   20      0
     3    0    5   13   13   33   24   33   47   49   45   67   72   74   85   98   84  107  106   95  114   1164
     6    2    7    7   13   23   34   37   55   59   65   63   67   67   72   98   89   84  101  107   93   1143
     9    3    6   11   23   22   35   39   39   45   47   62   78   76   88   86   83  103  126  103  109   1184
    12    2    7   14   11   26   20   36   39   48   75   64   61   64   88   77   90   94  114  127  104   1161
    15    5    3   12   10   24   33   32   43   39   59   68   63   86   74  111   91  100  103  101  117   1174
    18    1    4   10   25   29   28   41   34   50   62   67   64   73   81   73   91   85   94   98  116   1126
    21    5    5    3   18   18   29   37   38   38   49   56   73   61   82   81  100  101   77  103  108   1082
    24    1    3    8   12   16   28   29   49   43   62   51   70   80   77   86   79  100   74  104  125   1097
    27    2    6    7   23   23   33   22   33   54   68   61   78   76   94   79   81   85   95  113  109   1142
    30    2    4   15   18   24   20   40   41   46   48   57   68   65   81   97   93   82  107  104  115   1127
    33    3    9   10   16   21   18   39   34   48   60   64   58   94   73   93   87   91  110   88  120   1136
    36    0    7   15   14   26   31   38   32   33   49   49   72   81   91   82  100   80  112  101  117   1130
    39    0    6    9   18   18   28   33   49   41   56   70   64   79   72   87   96   90  118  126  125   1185
    42    0    6   12   21   25   34   41   52   44   63   65   54   68   81   81   87  103   88   93  109   1127
    45    1    6   12   18   20   25   41   43   44   61   73   69   77   85   79   77  101  106  100  100   1138
    48    1    8   15   12   27   28   38   35   45   46   66   64   82   85   88  105   95   98  103   92   1133
    51    2    6    8   16   21   26   34   36   53   59   75   75   85   83   89   95   95   84   99  115   1156
    54    1   16    8   13   24   21   22   39   52   53   68   84   69   78  103   93   92  106  112  114   1168
    57    3    7    8   17   23   23   31   48   45   56   61   79   91  101   76  103  112   99  121  126   1230
    60    2    4   13   16   18   23   36   38   42   54   51   62   78   88   84   91   84   93  106  108   1091
    63    3    2   11   18   24   25   39   38   34   63   73   66   85   87   72   86  100  111  105  104   1146
    66    2    4   18   11   12   30   35   45   51   52   72   78   66   83   97   87   84  100  101  110   1138
    69    2   10   11   15   14   23   33   40   53   64   86   65   73   85   80   84  109  110  100  100   1157
    72    2    3   15   18   26   24   27   48   33   52   79   71   83   68   78   94   92  104   94  124   1135
    75    2    2   11   20   33   32   39   36   40   45   56   71   80   81   73   99   91  101   80  122   1114
    78    4    4   12   21   19   25   27   38   55   55   64   76   87   74   86  117   89   86  107  109   1155
    81    0    3   13   13   25   18   26   39   44   56   61   60   87   70   72  102  103   78  101  118   1089
    84    2    6   15   10   16   27   41   45   38   59   59   75   71   76  103   93  107   90  112  106   1151
    87    1    1   11   18   19   19   34   37   37   57   69   67   83   88   79   83   90  107  107  101   1108
    90    3    8   10   13   25   23   33   34   38   63   51   65   61   68   97   79   92   85  116  116   1080
    93    2    6    9   11   20   34   39   35   45   62   55   70   79   80   77   79   82  103  107  127   1122
    96    2    4    8   17   20   29   21   41   47   50   63   78   79   76   88  102   90  116   88  112   1131
    99    1    4   10   18   16   15   34   41   53   57   57   68   73  100   74  111   97   95  104  132   1160
   102    1    4   13   12   23   23   33   34   52   57   60   73   71   72   84   80   94   92  109  116   1103
   105    3    5   12   23   21   28   28   41   35   63   76   60   73   67   85  107  113   89  108  116   1153
   108    2    3    8   15   27   30   34   45   50   57   77   62   74   94   82   72   81  102   89  111   1115
   111    1    4    8   14   24   35   28   37   56   55   66   55   76   71   81   84   89  113  106  139   1142
   114    2    2    8   20   20   26   35   37   45   50   55   83   82   93   96   85   98  103  105  110   1155
   117    3    6   15   15   20   23   35   41   49   58   58   65   81   70   87   78   87  103  105  115   1114
   120    2    3    6   12   21   29   28   32   41   45   53   80   64   79  101   99   81  110   89  109   1084
   123    5    5    6   15   21   24   35   43   51   48   57   84   67   82   97   76   95   93  118  108   1130
   126    2   10   10   12   19   25   29   45   49   50   55   67   84   96   82  104   94   81   97  112   1123
   129    0    7    7   16   20   31   38   50   52   62   72   69   72   83   81   83   88   98  115  118   1162
   132    1    4    9   16   27   23   32   38   50   59   47   53   63   69   92  104   93   93  112  118   1103
   135    4    9   14   11   17   22   31   35   37   52   68   64   62   85   62   90  104   98  101  105   1071
   138    2    3    9   13   19   24   42   29   33   46   58   82  107   75   88   83  103  106   96  138   1156
   141    0    6   15   10   19   32   21   41   40   51   66   52   83   95   86  112   90  111  111  108   1149
   144    1    5   10   14   23   27   33   41   39   37   74   70   69   97  111   94  111  124   96  101   1177
   147    0    7    6   15   23   36   39   46   35   54   60   60   79   69   85   78   95  105  102  106   1100
   150    1    7   14   11   23   35   20   44   53   45   72   75   65   92   78   93  100  103  132  128   1191
   153    3    6    7   13   29   30   36   48   48   49   72   66   78   72   74   86   90  100  122  133   1162
   156    4    5   13   13   19   25   28   37   39   52   67   77   69   90   90   90   90   99   95  115   1117
   159    1    7    8   28   21   17   38   36   42   54   69   72   58   91   87   88   84  103  105  109   1118
   162    3   10    8   22   17   17   33   36   60   58   56   61   77   90   94  109   96   96   99  118   1160
   165    3    5   12   22   21   31   38   37   38   62   51   71   79   87   93  113  102  103  106  107   1181
   168    0    7   13   17   26   32   36   47   49   65   61   62   86   84   75  103  100  108  116   94   1181
   171    6    5   13   21   21   29   33   35   50   53   61   71   81   70   89  113   96  107  107  129   1190
   174    3    7    7   20   21   30   43   54   49   50   65   63   72   87   81   79   92  102  112  116   1153
   177    1    5   10   16   24   23   28   43   39   62   62   63   75   81   79   82   87   98  117  103   1098
   180    0    6    5   10   21   26   32   40   46   39   64   75   70   89   92   82  101  119  109  115   1141
     0  116  335  630  956 1317 1598 2013 2433 2713 3305 3805 4120 4550 4925 5156 5498 5664 6056 6305 6814  68309
