1
      *** PROGRAM TRVMC95 ***


                              * INPUT DATA *


       Z1        M1          E0       ALPHA       EF        ESB      SHEATH     ERC
     18.00     39.95        56.50      0.00      0.10      0.00    169.50      4.70

       NH        RI           X0        RD        CW        CA       KK0   KK0R   KDEE1  KDEE2  IPOT   IPOTR   IRL
   9999999 716381.00         0.00    100.00      2.00      1.00       2      2      3      3      1      1      3


             DX      RHO    CK  Z(,1) Z(,2) Z(,3) Z(,4) Z(,5)  M(,1)  M(,2)  M(,3)  M(,4)  M(,5) C(,1) C(,2) C(,3) C(,4) C(,5)

 1.LAYER 10000.00   2.25   1.00    6.    0.    0.    0.    0.  12.01   0.00   0.00   0.00   0.00 1.000 0.000 0.000 0.000 0.000


                           ***  SBE(LAYER,ELEMENT)  ***     ***     ED(LAYER,ELEMENT)     ***     ***   BE(LAYER,ELEMENT)  ***

 1.LAYER                   7.41  0.00  0.00  0.00  0.00     30.00   0.00   0.00   0.00   0.00     0.10  0.00  0.00  0.00  0.00


       INTERACTION POTENTIAL : PROJECTILE-TARGET : KR-C POTENTIAL     TARGET-TARGET : KR-C POTENTIAL    


       INELASTIC LOSS MODEL  : PROJECTILE-TARGET : 50% LS 50% OR      TARGET-TARGET : 50% LS 50% OR     
1

                              * OUTPUT DATA *


                 HLM       HLMT        SU       SUT        XC        RT       SFE      INEL         L        LJ
               0.0000 10000.000    3.5029 10003.503   -3.5029  9900.000      7.41         0         1         1


                NPROJ       KIB       KIT      MAXA      NALL       NPA       NSA       KIS      KIST
               836047         0         0       162  71852076  24974774  33788960     67160         0


            EPS0(I)       Z2(I)       M2(I)     ARHO(I)       LM(I)     PMAX(I)     ASIG(I)       SB(I)       XX(I)        NJ(I)

 1.LAYER   0.1108E-02  0.6000E+01  0.1201E+02  0.1128E+00  0.2070E+01  0.1168E+01  0.2335E+00  0.7410E+01  0.1000E+05         1


             A1(1)   A1(2)   A1(3)   A1(4)   A1(5)   A1(6)   A1(7)   A1(8)   A1(9)  A1(10)  A1(11)  A1(12)  A1(13)  A1(14)  A1(15)

           0.13193


           KOR1(1) KOR1(2) KOR1(3) KOR1(4) KOR1(5) KOR1(6) KOR1(7) KOR1(8) KOR1(9) KOR1(A) KOR1(B) KOR1(C) KOR1(D) KOR1(E) KOR1(F)

           0.73577


            A(I,1)  A(I,2)  A(I,3)  A(I,4)  A(I,5)  A(I,6)  A(I,7)  A(I,8)  A(I,9) A(I,10) A(I,11) A(I,12) A(I,13) A(I,14) A(I,15)

           0.16242


           KOR(,1) KOR(,2) KOR(,3) KOR(,4) KOR(,5) KOR(,6) KOR(,7) KOR(,8) KOR(,9) KOR(,A) KOR(,B) KOR(,C) KOR(,D) KOR(,E) KOR(,F)

           0.46963
1

         IMPLANTED PARTICLES=9999996     ENERGY=0.5650E+09 EV
     BACKSCATTERED PARTICLES=      3     ENERGY=0.2949E+00 EV
       TRANSMITTED PARTICLES=      0     ENERGY=0.0000E+00 EV
     BACKSPUTTERED PARTICLES=     51     ENERGY=0.8712E+02 EV
    TRANSM. SPUTT. PARTICLES=      0     ENERGY=0.0000E+00 EV


  PROJECTILES :   MEAN NUMBER OF ELASTIC COLLISIONS =      3.7   MEAN NUMBER OF EL.COLL.(E > EDISPL.) =    0.169
                                                                 MEAN NUMBER OF EL.COLL.(E > SB(1))   =    2.029

                       MEAN        VARIANCE      SKEWNESS      KURTOSIS        SIGMA       ERROR 1.M     ERROR 2.M     ERROR 3.M 
  PENETRATION       4.2613E+00    1.6026E+00    5.2449E-02    2.8044E+00    1.2659E+00    4.0033E-04    6.8075E-04    6.7985E-04
       SPREAD       1.4889E+00    6.9696E-01    7.3916E-01    3.3593E+00    8.3484E-01    2.6400E-04    3.3853E-04    7.8368E-04
   PATHLENGTH       5.7591E+00    1.5694E+00   -3.2686E-02    2.6993E+00    1.2527E+00    3.9615E-04    6.4693E-04    6.4054E-04
 ELASTIC LOSS       5.4579E+01    1.5966E-01                                3.9958E-01    3.9958E-08
   INEL. LOSS       1.9197E+00    1.5950E-01                                3.9938E-01    3.9938E-08

                       MEAN        VARIANCE      SKEWNESS      KURTOSIS        SIGMA       ERROR 1.M     ERROR 2.M     ERROR 3.M 
   ELAST.LOSS       1.0454E+01    7.8702E+01    1.1621E+00    3.9848E+00    8.8714E+00    1.4667E-03    2.2480E-02    3.2053E-04
 WEAK EL.LOSS       4.4655E+00    6.6417E+00    1.1989E-01    2.4407E+00    2.5771E+00    4.2609E-04    1.3180E-03    2.4186E-04
 INELAST.LOSS       5.2475E-01    8.1579E-02   -4.0754E-01    1.6585E+00    2.8562E-01    4.7223E-05    1.0945E-05    2.7621E-04
  SUBTHR.LOSS       9.2629E+00    5.1451E+01    7.7775E-01    2.8770E+00    7.1729E+00    1.2144E-03    1.1934E-02    2.7772E-04

                     1.MOMENT      2.MOMENT      3.MOMENT      4.MOMENT      5.MOMENT      6.MOMENT 
  PENETRATION       4.2613E+00    1.9762E+01    9.7976E+01    5.1337E+02    2.8196E+03    1.6131E+04



  RECOILES (PER PROJ.)   :   MEAN NUMBER OF ELASTIC COLLISIONS =      7.1   MEAN NUMBER OF EL.COLL.(E > EDISPL.) =      0.009
                                                                            MEAN NUMBER OF EL.COLL.(E > SB(1))   =      1.368

  RECOILES (PER KNOCKON) :   MEAN NUMBER OF ELASTIC COLLISIONS =    1.216   MEAN NUMBER OF EL.COLL.(E > EDISPL.) =      0.002
                                                                            MEAN NUMBER OF EL.COLL.(E > SB(1))   =      0.233

1


     DEPTH(A)  PARTICLES  NORM.DEPTH PATHLENGTH   INLOSS(EV)  TELOSS(EV)  ELLOSS(EV)  DAMAGE(EV)  PHONON(EV)  CASCAD(EV)     DPA

    -SU-    0.         0  0.0000E+00
     0.-    2.    274435  0.2744E-01         1    8.2477E+06  2.6994E+08  2.0176E+08  5.7255E+07  1.4451E+08  5.0709E+07 1636486
     2.-    4.   3943892  0.3944E+00    282081    7.0692E+06  1.8226E+08  1.2357E+08  1.9903E+06  1.2158E+08  1.7627E+06   56885
     4.-    6.   4982278  0.4982E+00   3691421    3.2329E+06  7.9192E+07  4.8600E+07  2.4115E+02  4.8599E+07  2.1421E+02       8
     6.-    8.    794167  0.7942E-01   5188911    6.2064E+05  1.3894E+07  8.1896E+06  0.0000E+00  8.1896E+06  0.0000E+00       0
     8.-   10.      5224  0.5224E-03    836514    2.6463E+04  4.9957E+05  3.0592E+05  0.0000E+00  3.0592E+05  0.0000E+00       0
    10.-   12.         0  0.0000E+00      1068    1.1643E+02  2.0081E+03  1.2015E+03  0.0000E+00  1.2015E+03  0.0000E+00       0
    12.-   14.         0  0.0000E+00         0    0.0000E+00  0.0000E+00  0.0000E+00  0.0000E+00  0.0000E+00  0.0000E+00       0
    14.-   16.         0  0.0000E+00         0    0.0000E+00  0.0000E+00  0.0000E+00  0.0000E+00  0.0000E+00  0.0000E+00       0
    16.-   18.         0  0.0000E+00         0    0.0000E+00  0.0000E+00  0.0000E+00  0.0000E+00  0.0000E+00  0.0000E+00       0
    18.-   20.         0  0.0000E+00         0    0.0000E+00  0.0000E+00  0.0000E+00  0.0000E+00  0.0000E+00  0.0000E+00       0
    20.-   22.         0  0.0000E+00         0    0.0000E+00  0.0000E+00  0.0000E+00  0.0000E+00  0.0000E+00  0.0000E+00       0
    22.-   24.         0  0.0000E+00         0    0.0000E+00  0.0000E+00  0.0000E+00  0.0000E+00  0.0000E+00  0.0000E+00       0
    24.-   26.         0  0.0000E+00         0    0.0000E+00  0.0000E+00  0.0000E+00  0.0000E+00  0.0000E+00  0.0000E+00       0
    26.-   28.         0  0.0000E+00         0    0.0000E+00  0.0000E+00  0.0000E+00  0.0000E+00  0.0000E+00  0.0000E+00       0
    28.-   30.         0  0.0000E+00         0    0.0000E+00  0.0000E+00  0.0000E+00  0.0000E+00  0.0000E+00  0.0000E+00       0
    30.-   32.         0  0.0000E+00         0    0.0000E+00  0.0000E+00  0.0000E+00  0.0000E+00  0.0000E+00  0.0000E+00       0
    32.-   34.         0  0.0000E+00         0    0.0000E+00  0.0000E+00  0.0000E+00  0.0000E+00  0.0000E+00  0.0000E+00       0
    34.-   36.         0  0.0000E+00         0    0.0000E+00  0.0000E+00  0.0000E+00  0.0000E+00  0.0000E+00  0.0000E+00       0
    36.-   38.         0  0.0000E+00         0    0.0000E+00  0.0000E+00  0.0000E+00  0.0000E+00  0.0000E+00  0.0000E+00       0
    38.-   40.         0  0.0000E+00         0    0.0000E+00  0.0000E+00  0.0000E+00  0.0000E+00  0.0000E+00  0.0000E+00       0
    40.-   42.         0  0.0000E+00         0    0.0000E+00  0.0000E+00  0.0000E+00  0.0000E+00  0.0000E+00  0.0000E+00       0
    42.-   44.         0  0.0000E+00         0    0.0000E+00  0.0000E+00  0.0000E+00  0.0000E+00  0.0000E+00  0.0000E+00       0
    44.-   46.         0  0.0000E+00         0    0.0000E+00  0.0000E+00  0.0000E+00  0.0000E+00  0.0000E+00  0.0000E+00       0
    46.-   48.         0  0.0000E+00         0    0.0000E+00  0.0000E+00  0.0000E+00  0.0000E+00  0.0000E+00  0.0000E+00       0
    48.-   50.         0  0.0000E+00         0    0.0000E+00  0.0000E+00  0.0000E+00  0.0000E+00  0.0000E+00  0.0000E+00       0
    50.-   52.         0  0.0000E+00         0    0.0000E+00  0.0000E+00  0.0000E+00  0.0000E+00  0.0000E+00  0.0000E+00       0
    52.-   54.         0  0.0000E+00         0    0.0000E+00  0.0000E+00  0.0000E+00  0.0000E+00  0.0000E+00  0.0000E+00       0
    54.-   56.         0  0.0000E+00         0    0.0000E+00  0.0000E+00  0.0000E+00  0.0000E+00  0.0000E+00  0.0000E+00       0
    56.-   58.         0  0.0000E+00         0    0.0000E+00  0.0000E+00  0.0000E+00  0.0000E+00  0.0000E+00  0.0000E+00       0
    58.-   60.         0  0.0000E+00         0    0.0000E+00  0.0000E+00  0.0000E+00  0.0000E+00  0.0000E+00  0.0000E+00       0
    60.-   62.         0  0.0000E+00         0    0.0000E+00  0.0000E+00  0.0000E+00  0.0000E+00  0.0000E+00  0.0000E+00       0
    62.-   64.         0  0.0000E+00         0    0.0000E+00  0.0000E+00  0.0000E+00  0.0000E+00  0.0000E+00  0.0000E+00       0
    64.-   66.         0  0.0000E+00         0    0.0000E+00  0.0000E+00  0.0000E+00  0.0000E+00  0.0000E+00  0.0000E+00       0
    66.-   68.         0  0.0000E+00         0    0.0000E+00  0.0000E+00  0.0000E+00  0.0000E+00  0.0000E+00  0.0000E+00       0
    68.-   70.         0  0.0000E+00         0    0.0000E+00  0.0000E+00  0.0000E+00  0.0000E+00  0.0000E+00  0.0000E+00       0
    70.-   72.         0  0.0000E+00         0    0.0000E+00  0.0000E+00  0.0000E+00  0.0000E+00  0.0000E+00  0.0000E+00       0
    72.-   74.         0  0.0000E+00         0    0.0000E+00  0.0000E+00  0.0000E+00  0.0000E+00  0.0000E+00  0.0000E+00       0
    74.-   76.         0  0.0000E+00         0    0.0000E+00  0.0000E+00  0.0000E+00  0.0000E+00  0.0000E+00  0.0000E+00       0
    76.-   78.         0  0.0000E+00         0    0.0000E+00  0.0000E+00  0.0000E+00  0.0000E+00  0.0000E+00  0.0000E+00       0
    78.-   80.         0  0.0000E+00         0    0.0000E+00  0.0000E+00  0.0000E+00  0.0000E+00  0.0000E+00  0.0000E+00       0
    80.-   82.         0  0.0000E+00         0    0.0000E+00  0.0000E+00  0.0000E+00  0.0000E+00  0.0000E+00  0.0000E+00       0
    82.-   84.         0  0.0000E+00         0    0.0000E+00  0.0000E+00  0.0000E+00  0.0000E+00  0.0000E+00  0.0000E+00       0
    84.-   86.         0  0.0000E+00         0    0.0000E+00  0.0000E+00  0.0000E+00  0.0000E+00  0.0000E+00  0.0000E+00       0
    86.-   88.         0  0.0000E+00         0    0.0000E+00  0.0000E+00  0.0000E+00  0.0000E+00  0.0000E+00  0.0000E+00       0
    88.-   90.         0  0.0000E+00         0    0.0000E+00  0.0000E+00  0.0000E+00  0.0000E+00  0.0000E+00  0.0000E+00       0
    90.-   92.         0  0.0000E+00         0    0.0000E+00  0.0000E+00  0.0000E+00  0.0000E+00  0.0000E+00  0.0000E+00       0
    92.-   94.         0  0.0000E+00         0    0.0000E+00  0.0000E+00  0.0000E+00  0.0000E+00  0.0000E+00  0.0000E+00       0
    94.-   96.         0  0.0000E+00         0    0.0000E+00  0.0000E+00  0.0000E+00  0.0000E+00  0.0000E+00  0.0000E+00       0
    96.-   98.         0  0.0000E+00         0    0.0000E+00  0.0000E+00  0.0000E+00  0.0000E+00  0.0000E+00  0.0000E+00       0
    98.-  100.         0  0.0000E+00         0    0.0000E+00  0.0000E+00  0.0000E+00  0.0000E+00  0.0000E+00  0.0000E+00       0
   100.-  102.         0  0.0000E+00         0    0.0000E+00  0.0000E+00  0.0000E+00  0.0000E+00  0.0000E+00  0.0000E+00       0
   102.-  104.         0  0.0000E+00         0    0.0000E+00  0.0000E+00  0.0000E+00  0.0000E+00  0.0000E+00  0.0000E+00       0
   104.-  106.         0  0.0000E+00         0    0.0000E+00  0.0000E+00  0.0000E+00  0.0000E+00  0.0000E+00  0.0000E+00       0
   106.-  108.         0  0.0000E+00         0    0.0000E+00  0.0000E+00  0.0000E+00  0.0000E+00  0.0000E+00  0.0000E+00       0
   108.-  110.         0  0.0000E+00         0    0.0000E+00  0.0000E+00  0.0000E+00  0.0000E+00  0.0000E+00  0.0000E+00       0
   110.-  112.         0  0.0000E+00         0    0.0000E+00  0.0000E+00  0.0000E+00  0.0000E+00  0.0000E+00  0.0000E+00       0
   112.-  114.         0  0.0000E+00         0    0.0000E+00  0.0000E+00  0.0000E+00  0.0000E+00  0.0000E+00  0.0000E+00       0
   114.-  116.         0  0.0000E+00         0    0.0000E+00  0.0000E+00  0.0000E+00  0.0000E+00  0.0000E+00  0.0000E+00       0
   116.-  118.         0  0.0000E+00         0    0.0000E+00  0.0000E+00  0.0000E+00  0.0000E+00  0.0000E+00  0.0000E+00       0
   118.-  120.         0  0.0000E+00         0    0.0000E+00  0.0000E+00  0.0000E+00  0.0000E+00  0.0000E+00  0.0000E+00       0
   120.-  122.         0  0.0000E+00         0    0.0000E+00  0.0000E+00  0.0000E+00  0.0000E+00  0.0000E+00  0.0000E+00       0
   122.-  124.         0  0.0000E+00         0    0.0000E+00  0.0000E+00  0.0000E+00  0.0000E+00  0.0000E+00  0.0000E+00       0
   124.-  126.         0  0.0000E+00         0    0.0000E+00  0.0000E+00  0.0000E+00  0.0000E+00  0.0000E+00  0.0000E+00       0
   126.-  128.         0  0.0000E+00         0    0.0000E+00  0.0000E+00  0.0000E+00  0.0000E+00  0.0000E+00  0.0000E+00       0
   128.-  130.         0  0.0000E+00         0    0.0000E+00  0.0000E+00  0.0000E+00  0.0000E+00  0.0000E+00  0.0000E+00       0
   130.-  132.         0  0.0000E+00         0    0.0000E+00  0.0000E+00  0.0000E+00  0.0000E+00  0.0000E+00  0.0000E+00       0
   132.-  134.         0  0.0000E+00         0    0.0000E+00  0.0000E+00  0.0000E+00  0.0000E+00  0.0000E+00  0.0000E+00       0
   134.-  136.         0  0.0000E+00         0    0.0000E+00  0.0000E+00  0.0000E+00  0.0000E+00  0.0000E+00  0.0000E+00       0
   136.-  138.         0  0.0000E+00         0    0.0000E+00  0.0000E+00  0.0000E+00  0.0000E+00  0.0000E+00  0.0000E+00       0
   138.-  140.         0  0.0000E+00         0    0.0000E+00  0.0000E+00  0.0000E+00  0.0000E+00  0.0000E+00  0.0000E+00       0
   140.-  142.         0  0.0000E+00         0    0.0000E+00  0.0000E+00  0.0000E+00  0.0000E+00  0.0000E+00  0.0000E+00       0
   142.-  144.         0  0.0000E+00         0    0.0000E+00  0.0000E+00  0.0000E+00  0.0000E+00  0.0000E+00  0.0000E+00       0
   144.-  146.         0  0.0000E+00         0    0.0000E+00  0.0000E+00  0.0000E+00  0.0000E+00  0.0000E+00  0.0000E+00       0
   146.-  148.         0  0.0000E+00         0    0.0000E+00  0.0000E+00  0.0000E+00  0.0000E+00  0.0000E+00  0.0000E+00       0
   148.-  150.         0  0.0000E+00         0    0.0000E+00  0.0000E+00  0.0000E+00  0.0000E+00  0.0000E+00  0.0000E+00       0
   150.-  152.         0  0.0000E+00         0    0.0000E+00  0.0000E+00  0.0000E+00  0.0000E+00  0.0000E+00  0.0000E+00       0
   152.-  154.         0  0.0000E+00         0    0.0000E+00  0.0000E+00  0.0000E+00  0.0000E+00  0.0000E+00  0.0000E+00       0
   154.-  156.         0  0.0000E+00         0    0.0000E+00  0.0000E+00  0.0000E+00  0.0000E+00  0.0000E+00  0.0000E+00       0
   156.-  158.         0  0.0000E+00         0    0.0000E+00  0.0000E+00  0.0000E+00  0.0000E+00  0.0000E+00  0.0000E+00       0
   158.-  160.         0  0.0000E+00         0    0.0000E+00  0.0000E+00  0.0000E+00  0.0000E+00  0.0000E+00  0.0000E+00       0
   160.-  162.         0  0.0000E+00         0    0.0000E+00  0.0000E+00  0.0000E+00  0.0000E+00  0.0000E+00  0.0000E+00       0
   162.-  164.         0  0.0000E+00         0    0.0000E+00  0.0000E+00  0.0000E+00  0.0000E+00  0.0000E+00  0.0000E+00       0
   164.-  166.         0  0.0000E+00         0    0.0000E+00  0.0000E+00  0.0000E+00  0.0000E+00  0.0000E+00  0.0000E+00       0
   166.-  168.         0  0.0000E+00         0    0.0000E+00  0.0000E+00  0.0000E+00  0.0000E+00  0.0000E+00  0.0000E+00       0
   168.-  170.         0  0.0000E+00         0    0.0000E+00  0.0000E+00  0.0000E+00  0.0000E+00  0.0000E+00  0.0000E+00       0
   170.-  172.         0  0.0000E+00         0    0.0000E+00  0.0000E+00  0.0000E+00  0.0000E+00  0.0000E+00  0.0000E+00       0
   172.-  174.         0  0.0000E+00         0    0.0000E+00  0.0000E+00  0.0000E+00  0.0000E+00  0.0000E+00  0.0000E+00       0
   174.-  176.         0  0.0000E+00         0    0.0000E+00  0.0000E+00  0.0000E+00  0.0000E+00  0.0000E+00  0.0000E+00       0
   176.-  178.         0  0.0000E+00         0    0.0000E+00  0.0000E+00  0.0000E+00  0.0000E+00  0.0000E+00  0.0000E+00       0
   178.-  180.         0  0.0000E+00         0    0.0000E+00  0.0000E+00  0.0000E+00  0.0000E+00  0.0000E+00  0.0000E+00       0
   180.-  182.         0  0.0000E+00         0    0.0000E+00  0.0000E+00  0.0000E+00  0.0000E+00  0.0000E+00  0.0000E+00       0
   182.-  184.         0  0.0000E+00         0    0.0000E+00  0.0000E+00  0.0000E+00  0.0000E+00  0.0000E+00  0.0000E+00       0
   184.-  186.         0  0.0000E+00         0    0.0000E+00  0.0000E+00  0.0000E+00  0.0000E+00  0.0000E+00  0.0000E+00       0
   186.-  188.         0  0.0000E+00         0    0.0000E+00  0.0000E+00  0.0000E+00  0.0000E+00  0.0000E+00  0.0000E+00       0
   188.-  190.         0  0.0000E+00         0    0.0000E+00  0.0000E+00  0.0000E+00  0.0000E+00  0.0000E+00  0.0000E+00       0
   190.-  192.         0  0.0000E+00         0    0.0000E+00  0.0000E+00  0.0000E+00  0.0000E+00  0.0000E+00  0.0000E+00       0
   192.-  194.         0  0.0000E+00         0    0.0000E+00  0.0000E+00  0.0000E+00  0.0000E+00  0.0000E+00  0.0000E+00       0
   194.-  196.         0  0.0000E+00         0    0.0000E+00  0.0000E+00  0.0000E+00  0.0000E+00  0.0000E+00  0.0000E+00       0
   196.-  198.         0  0.0000E+00         0    0.0000E+00  0.0000E+00  0.0000E+00  0.0000E+00  0.0000E+00  0.0000E+00       0
   198.-  200.         0  0.0000E+00         0    0.0000E+00  0.0000E+00  0.0000E+00  0.0000E+00  0.0000E+00  0.0000E+00       0
   200.-   SUT         0  0.0000E+00

                 9999996  1.0000E+00   9999996    1.9197E+07  5.4579E+08  3.8243E+08  5.9245E+07  3.2318E+08  5.2472E+07 1693379
1
     RECOILS



     DEPTH(A)     INLOSS(EV)   TELOSS(EV)   ELLOSS(EV)   DAMAGE(EV)   PHONON(EV)     DPA  DPA(1)  DPA(2)

     0.-    2.    1.9326E+06   4.6460E+07   3.4091E+07   6.5102E+04   3.4026E+07    2053    2053       0
     2.-    4.    7.7055E+06   1.8255E+08   1.3744E+08   2.8310E+06   1.3461E+08   85224   85224       0
     4.-    6.    7.5885E+06   1.8612E+08   1.3580E+08   2.0622E+05   1.3560E+08    6271    6271       0
     6.-    8.    3.8008E+06   9.8787E+07   7.0128E+07   5.7205E+03   7.0122E+07     177     177       0
     8.-   10.    1.0399E+06   2.8502E+07   1.9929E+07   1.9915E+02   1.9929E+07       6       6       0
    10.-   12.    2.0707E+05   5.9140E+06   4.1070E+06   3.2939E+01   4.1069E+06       1       1       0
    12.-   14.    3.4226E+04   1.0022E+06   6.9303E+05   0.0000E+00   6.9303E+05       0       0       0
    14.-   16.    4.8487E+03   1.4469E+05   1.0009E+05   0.0000E+00   1.0009E+05       0       0       0
    16.-   18.    6.3420E+02   1.9080E+04   1.3147E+04   0.0000E+00   1.3147E+04       0       0       0
    18.-   20.    7.1883E+01   2.1864E+03   1.5103E+03   0.0000E+00   1.5103E+03       0       0       0
    20.-   22.    8.3207E+00   2.5016E+02   1.7721E+02   0.0000E+00   1.7721E+02       0       0       0
    22.-   24.    9.5665E-01   2.8835E+01   1.8792E+01   0.0000E+00   1.8792E+01       0       0       0
    24.-   26.    0.0000E+00   0.0000E+00   0.0000E+00   0.0000E+00   0.0000E+00       0       0       0
    26.-   28.    0.0000E+00   0.0000E+00   0.0000E+00   0.0000E+00   0.0000E+00       0       0       0
    28.-   30.    0.0000E+00   0.0000E+00   0.0000E+00   0.0000E+00   0.0000E+00       0       0       0
    30.-   32.    0.0000E+00   0.0000E+00   0.0000E+00   0.0000E+00   0.0000E+00       0       0       0
    32.-   34.    0.0000E+00   0.0000E+00   0.0000E+00   0.0000E+00   0.0000E+00       0       0       0
    34.-   36.    0.0000E+00   0.0000E+00   0.0000E+00   0.0000E+00   0.0000E+00       0       0       0
    36.-   38.    0.0000E+00   0.0000E+00   0.0000E+00   0.0000E+00   0.0000E+00       0       0       0
    38.-   40.    0.0000E+00   0.0000E+00   0.0000E+00   0.0000E+00   0.0000E+00       0       0       0
    40.-   42.    0.0000E+00   0.0000E+00   0.0000E+00   0.0000E+00   0.0000E+00       0       0       0
    42.-   44.    0.0000E+00   0.0000E+00   0.0000E+00   0.0000E+00   0.0000E+00       0       0       0
    44.-   46.    0.0000E+00   0.0000E+00   0.0000E+00   0.0000E+00   0.0000E+00       0       0       0
    46.-   48.    0.0000E+00   0.0000E+00   0.0000E+00   0.0000E+00   0.0000E+00       0       0       0
    48.-   50.    0.0000E+00   0.0000E+00   0.0000E+00   0.0000E+00   0.0000E+00       0       0       0
    50.-   52.    0.0000E+00   0.0000E+00   0.0000E+00   0.0000E+00   0.0000E+00       0       0       0
    52.-   54.    0.0000E+00   0.0000E+00   0.0000E+00   0.0000E+00   0.0000E+00       0       0       0
    54.-   56.    0.0000E+00   0.0000E+00   0.0000E+00   0.0000E+00   0.0000E+00       0       0       0
    56.-   58.    0.0000E+00   0.0000E+00   0.0000E+00   0.0000E+00   0.0000E+00       0       0       0
    58.-   60.    0.0000E+00   0.0000E+00   0.0000E+00   0.0000E+00   0.0000E+00       0       0       0
    60.-   62.    0.0000E+00   0.0000E+00   0.0000E+00   0.0000E+00   0.0000E+00       0       0       0
    62.-   64.    0.0000E+00   0.0000E+00   0.0000E+00   0.0000E+00   0.0000E+00       0       0       0
    64.-   66.    0.0000E+00   0.0000E+00   0.0000E+00   0.0000E+00   0.0000E+00       0       0       0
    66.-   68.    0.0000E+00   0.0000E+00   0.0000E+00   0.0000E+00   0.0000E+00       0       0       0
    68.-   70.    0.0000E+00   0.0000E+00   0.0000E+00   0.0000E+00   0.0000E+00       0       0       0
    70.-   72.    0.0000E+00   0.0000E+00   0.0000E+00   0.0000E+00   0.0000E+00       0       0       0
    72.-   74.    0.0000E+00   0.0000E+00   0.0000E+00   0.0000E+00   0.0000E+00       0       0       0
    74.-   76.    0.0000E+00   0.0000E+00   0.0000E+00   0.0000E+00   0.0000E+00       0       0       0
    76.-   78.    0.0000E+00   0.0000E+00   0.0000E+00   0.0000E+00   0.0000E+00       0       0       0
    78.-   80.    0.0000E+00   0.0000E+00   0.0000E+00   0.0000E+00   0.0000E+00       0       0       0
    80.-   82.    0.0000E+00   0.0000E+00   0.0000E+00   0.0000E+00   0.0000E+00       0       0       0
    82.-   84.    0.0000E+00   0.0000E+00   0.0000E+00   0.0000E+00   0.0000E+00       0       0       0
    84.-   86.    0.0000E+00   0.0000E+00   0.0000E+00   0.0000E+00   0.0000E+00       0       0       0
    86.-   88.    0.0000E+00   0.0000E+00   0.0000E+00   0.0000E+00   0.0000E+00       0       0       0
    88.-   90.    0.0000E+00   0.0000E+00   0.0000E+00   0.0000E+00   0.0000E+00       0       0       0
    90.-   92.    0.0000E+00   0.0000E+00   0.0000E+00   0.0000E+00   0.0000E+00       0       0       0
    92.-   94.    0.0000E+00   0.0000E+00   0.0000E+00   0.0000E+00   0.0000E+00       0       0       0
    94.-   96.    0.0000E+00   0.0000E+00   0.0000E+00   0.0000E+00   0.0000E+00       0       0       0
    96.-   98.    0.0000E+00   0.0000E+00   0.0000E+00   0.0000E+00   0.0000E+00       0       0       0
    98.-  100.    0.0000E+00   0.0000E+00   0.0000E+00   0.0000E+00   0.0000E+00       0       0       0
   100.-  102.    0.0000E+00   0.0000E+00   0.0000E+00   0.0000E+00   0.0000E+00       0       0       0
   102.-  104.    0.0000E+00   0.0000E+00   0.0000E+00   0.0000E+00   0.0000E+00       0       0       0
   104.-  106.    0.0000E+00   0.0000E+00   0.0000E+00   0.0000E+00   0.0000E+00       0       0       0
   106.-  108.    0.0000E+00   0.0000E+00   0.0000E+00   0.0000E+00   0.0000E+00       0       0       0
   108.-  110.    0.0000E+00   0.0000E+00   0.0000E+00   0.0000E+00   0.0000E+00       0       0       0
   110.-  112.    0.0000E+00   0.0000E+00   0.0000E+00   0.0000E+00   0.0000E+00       0       0       0
   112.-  114.    0.0000E+00   0.0000E+00   0.0000E+00   0.0000E+00   0.0000E+00       0       0       0
   114.-  116.    0.0000E+00   0.0000E+00   0.0000E+00   0.0000E+00   0.0000E+00       0       0       0
   116.-  118.    0.0000E+00   0.0000E+00   0.0000E+00   0.0000E+00   0.0000E+00       0       0       0
   118.-  120.    0.0000E+00   0.0000E+00   0.0000E+00   0.0000E+00   0.0000E+00       0       0       0
   120.-  122.    0.0000E+00   0.0000E+00   0.0000E+00   0.0000E+00   0.0000E+00       0       0       0
   122.-  124.    0.0000E+00   0.0000E+00   0.0000E+00   0.0000E+00   0.0000E+00       0       0       0
   124.-  126.    0.0000E+00   0.0000E+00   0.0000E+00   0.0000E+00   0.0000E+00       0       0       0
   126.-  128.    0.0000E+00   0.0000E+00   0.0000E+00   0.0000E+00   0.0000E+00       0       0       0
   128.-  130.    0.0000E+00   0.0000E+00   0.0000E+00   0.0000E+00   0.0000E+00       0       0       0
   130.-  132.    0.0000E+00   0.0000E+00   0.0000E+00   0.0000E+00   0.0000E+00       0       0       0
   132.-  134.    0.0000E+00   0.0000E+00   0.0000E+00   0.0000E+00   0.0000E+00       0       0       0
   134.-  136.    0.0000E+00   0.0000E+00   0.0000E+00   0.0000E+00   0.0000E+00       0       0       0
   136.-  138.    0.0000E+00   0.0000E+00   0.0000E+00   0.0000E+00   0.0000E+00       0       0       0
   138.-  140.    0.0000E+00   0.0000E+00   0.0000E+00   0.0000E+00   0.0000E+00       0       0       0
   140.-  142.    0.0000E+00   0.0000E+00   0.0000E+00   0.0000E+00   0.0000E+00       0       0       0
   142.-  144.    0.0000E+00   0.0000E+00   0.0000E+00   0.0000E+00   0.0000E+00       0       0       0
   144.-  146.    0.0000E+00   0.0000E+00   0.0000E+00   0.0000E+00   0.0000E+00       0       0       0
   146.-  148.    0.0000E+00   0.0000E+00   0.0000E+00   0.0000E+00   0.0000E+00       0       0       0
   148.-  150.    0.0000E+00   0.0000E+00   0.0000E+00   0.0000E+00   0.0000E+00       0       0       0
   150.-  152.    0.0000E+00   0.0000E+00   0.0000E+00   0.0000E+00   0.0000E+00       0       0       0
   152.-  154.    0.0000E+00   0.0000E+00   0.0000E+00   0.0000E+00   0.0000E+00       0       0       0
   154.-  156.    0.0000E+00   0.0000E+00   0.0000E+00   0.0000E+00   0.0000E+00       0       0       0
   156.-  158.    0.0000E+00   0.0000E+00   0.0000E+00   0.0000E+00   0.0000E+00       0       0       0
   158.-  160.    0.0000E+00   0.0000E+00   0.0000E+00   0.0000E+00   0.0000E+00       0       0       0
   160.-  162.    0.0000E+00   0.0000E+00   0.0000E+00   0.0000E+00   0.0000E+00       0       0       0
   162.-  164.    0.0000E+00   0.0000E+00   0.0000E+00   0.0000E+00   0.0000E+00       0       0       0
   164.-  166.    0.0000E+00   0.0000E+00   0.0000E+00   0.0000E+00   0.0000E+00       0       0       0
   166.-  168.    0.0000E+00   0.0000E+00   0.0000E+00   0.0000E+00   0.0000E+00       0       0       0
   168.-  170.    0.0000E+00   0.0000E+00   0.0000E+00   0.0000E+00   0.0000E+00       0       0       0
   170.-  172.    0.0000E+00   0.0000E+00   0.0000E+00   0.0000E+00   0.0000E+00       0       0       0
   172.-  174.    0.0000E+00   0.0000E+00   0.0000E+00   0.0000E+00   0.0000E+00       0       0       0
   174.-  176.    0.0000E+00   0.0000E+00   0.0000E+00   0.0000E+00   0.0000E+00       0       0       0
   176.-  178.    0.0000E+00   0.0000E+00   0.0000E+00   0.0000E+00   0.0000E+00       0       0       0
   178.-  180.    0.0000E+00   0.0000E+00   0.0000E+00   0.0000E+00   0.0000E+00       0       0       0
   180.-  182.    0.0000E+00   0.0000E+00   0.0000E+00   0.0000E+00   0.0000E+00       0       0       0
   182.-  184.    0.0000E+00   0.0000E+00   0.0000E+00   0.0000E+00   0.0000E+00       0       0       0
   184.-  186.    0.0000E+00   0.0000E+00   0.0000E+00   0.0000E+00   0.0000E+00       0       0       0
   186.-  188.    0.0000E+00   0.0000E+00   0.0000E+00   0.0000E+00   0.0000E+00       0       0       0
   188.-  190.    0.0000E+00   0.0000E+00   0.0000E+00   0.0000E+00   0.0000E+00       0       0       0
   190.-  192.    0.0000E+00   0.0000E+00   0.0000E+00   0.0000E+00   0.0000E+00       0       0       0
   192.-  194.    0.0000E+00   0.0000E+00   0.0000E+00   0.0000E+00   0.0000E+00       0       0       0
   194.-  196.    0.0000E+00   0.0000E+00   0.0000E+00   0.0000E+00   0.0000E+00       0       0       0
   196.-  198.    0.0000E+00   0.0000E+00   0.0000E+00   0.0000E+00   0.0000E+00       0       0       0
   198.-  200.    0.0000E+00   0.0000E+00   0.0000E+00   0.0000E+00   0.0000E+00       0       0       0

                  2.2314E+07   5.4950E+08   4.0230E+08   3.1083E+06   3.9919E+08   93732   93732       0
1

     BACKSCATTERING OF PROJECTILES


     PART.REFL.COEF.= 3.0000E-07  ENERGY REFL.COEF.= 5.2195E-10  REL.MEAN ENERGY = 1.7398E-03  MEAN ENERGY = 9.8300E-02

                       MEAN        VARIANCE      SKEWNESS      KURTOSIS        SIGMA       ERROR 1.M     ERROR 2.M     ERROR 3.M 
       ENERGY       9.8300E-02    4.8521E-03   -6.9360E-01    1.5000E+00    6.9657E-02    4.0217E-02    1.9809E-03    1.2853E+00
   PATHLENGTH       9.0447E+00    2.6614E+00   -7.0710E-01    1.5000E+00    1.6314E+00    9.4188E-01    1.0865E+00    1.2990E+00
 ELASTIC LOSS       5.3986E+01    9.2345E-02                                3.0388E-01    1.0129E-01
   INEL. LOSS       2.4160E+00    5.4863E-02                                2.3423E-01    7.8076E-02

                     1.MOMENT      2.MOMENT      3.MOMENT      4.MOMENT      5.MOMENT      6.MOMENT 
       ENERGY       9.8300E-02    1.4515E-02    2.1463E-03    3.1783E-04    4.7128E-05    6.9980E-06
    LOGENERGY      -8.3166E-01    6.9193E-01   -5.7590E-01    4.7951E-01   -3.9941E-01    3.3282E-01
   PATHLENGTH       9.0447E+00    8.4468E+01    8.0906E+02    7.8981E+03    7.8170E+04    7.8118E+05


     POLAR ANGULAR DISTRIBUTION OF BACKSCATTERED PROJECTILES


       0.05  0.10  0.15  0.20  0.25  0.30  0.35  0.40  0.45  0.50  0.55  0.60  0.65  0.70  0.75  0.80  0.85  0.90  0.95  1.00

          0     0     0     0     0     0     0     0     0     0     0     0     0     0     0     0     2     1     0     0
      0.000 0.000 0.000 0.000 0.000 0.000 0.000 0.000 0.000 0.000 0.000 0.000 0.000 0.000 0.000 0.00013.333 6.667 0.000 0.000
1     BACKWARD SPUTTERING



        ALL SPUTTERED PARTICLES =      51   TOTAL SPUTTERED ENERGY = 0.8712E+02 EV


        SPUTTERED PARTICLES (1.LAYER) =      51   SPUTTERED ENERGY = 0.8712E+02 EV


 1.LAYER
         SPUTTERED PARTICLES(1) =      51     SPUTTERED ENERGY(1) = 0.8712E+02 EV

         ION IN , PRIMARY KO(1) =       1   0.0196   0.0196    ENERGY = 0.2834E+01 EV   0.0325   0.0325    MEAN ENERGY = 0.2834E+01
         ION IN , SECOND. KO(1) =      50   0.9804   0.9804    ENERGY = 0.8429E+02 EV   0.9675   0.9675    MEAN ENERGY = 0.1686E+01
        ION OUT , PRIMARY KO(1) =       0   0.0000   0.0000    ENERGY = 0.0000E+00 EV   0.0000   0.0000    MEAN ENERGY = 0.0000E+00
        ION OUT , SECOND. KO(1) =       0   0.0000   0.0000    ENERGY = 0.0000E+00 EV   0.0000   0.0000    MEAN ENERGY = 0.0000E+00


     SPUTTERING YIELD(1) =  5.100E-06  SPUTTERED ENERGY(1) =  1.542E-07  REL.MEAN ENERGY(1) =  3.024E-02  MEAN ENERGY(1) =  1.708E+00

                       MEAN        VARIANCE      SKEWNESS      KURTOSIS        SIGMA       ERROR 1.M     ERROR 2.M     ERROR 3.M 
    ENERGY(1)       1.7083E+00    1.1240E+00    1.5318E+00    6.9417E+00    1.0602E+00    1.4846E-01    3.8365E-01    5.0519E-01
 LOGENERGY(1)       1.6142E-01    8.1485E-02   -9.9745E-01    5.3002E+00    2.8546E-01    4.0369E-02    2.3897E-02    4.3465E-01

                     1.MOMENT      2.MOMENT      3.MOMENT      4.MOMENT      5.MOMENT      6.MOMENT 
    ENERGY(1)       1.7083E+00    4.0424E+00    1.2572E+01    4.9442E+01    2.3138E+02    1.2111E+03
 LOGENERGY(1)       1.6142E-01    1.0754E-01    2.0464E-02    3.3630E-02    1.6292E-03    1.6194E-02



     POLAR ANGULAR DISTRIBUTION OF ALL BACKWARD SPUTTERED PARTICLES


       0.05  0.10  0.15  0.20  0.25  0.30  0.35  0.40  0.45  0.50  0.55  0.60  0.65  0.70  0.75  0.80  0.85  0.90  0.95  1.00

          0     0     3     2     2     1     2     1     5     2     1     5     3     4     2     2     8     2     2     4
      0.000 0.000 1.176 0.784 0.784 0.392 0.784 0.392 1.961 0.784 0.392 1.961 1.176 1.569 0.784 0.784 3.137 0.784 0.784 1.569
