1
      *** PROGRAM TRVMC95 ***


                              * INPUT DATA *


       Z1        M1          E0       ALPHA       EF        ESB      SHEATH     ERC
     18.00     39.95      8137.00      0.00      0.10      0.00  24411.00      4.70

       NH        RI           X0        RD        CW        CA       KK0   KK0R   KDEE1  KDEE2  IPOT   IPOTR   IRL
     99999 716381.00         0.00    100.00      2.00      1.00       2      2      3      3      1      1      3


             DX      RHO    CK  Z(,1) Z(,2) Z(,3) Z(,4) Z(,5)  M(,1)  M(,2)  M(,3)  M(,4)  M(,5) C(,1) C(,2) C(,3) C(,4) C(,5)

 1.LAYER 10000.00   2.25   1.00    6.    0.    0.    0.    0.  12.01   0.00   0.00   0.00   0.00 1.000 0.000 0.000 0.000 0.000


                           ***  SBE(LAYER,ELEMENT)  ***     ***     ED(LAYER,ELEMENT)     ***     ***   BE(LAYER,ELEMENT)  ***

 1.LAYER                   7.41  0.00  0.00  0.00  0.00     30.00   0.00   0.00   0.00   0.00     0.10  0.00  0.00  0.00  0.00


       INTERACTION POTENTIAL : PROJECTILE-TARGET : KR-C POTENTIAL     TARGET-TARGET : KR-C POTENTIAL    


       INELASTIC LOSS MODEL  : PROJECTILE-TARGET : 50% LS 50% OR      TARGET-TARGET : 50% LS 50% OR     
1

                              * OUTPUT DATA *


                 HLM       HLMT        SU       SUT        XC        RT       SFE      INEL         L        LJ
               0.0000 10000.000    3.5029 10003.503   -3.5029  9900.000      7.41         0         1         1


                NPROJ       KIB       KIT      MAXA      NALL       NPA       NSA       KIS      KIST
                95819         0         0       303 106073337   3705266  59069963    106557         0


            EPS0(I)       Z2(I)       M2(I)     ARHO(I)       LM(I)     PMAX(I)     ASIG(I)       SB(I)       XX(I)        NJ(I)

 1.LAYER   0.1596E+00  0.6000E+01  0.1201E+02  0.1128E+00  0.2070E+01  0.1168E+01  0.2335E+00  0.7410E+01  0.1000E+05         1


             A1(1)   A1(2)   A1(3)   A1(4)   A1(5)   A1(6)   A1(7)   A1(8)   A1(9)  A1(10)  A1(11)  A1(12)  A1(13)  A1(14)  A1(15)

           0.13193


           KOR1(1) KOR1(2) KOR1(3) KOR1(4) KOR1(5) KOR1(6) KOR1(7) KOR1(8) KOR1(9) KOR1(A) KOR1(B) KOR1(C) KOR1(D) KOR1(E) KOR1(F)

           0.73577


            A(I,1)  A(I,2)  A(I,3)  A(I,4)  A(I,5)  A(I,6)  A(I,7)  A(I,8)  A(I,9) A(I,10) A(I,11) A(I,12) A(I,13) A(I,14) A(I,15)

           0.16242


           KOR(,1) KOR(,2) KOR(,3) KOR(,4) KOR(,5) KOR(,6) KOR(,7) KOR(,8) KOR(,9) KOR(,A) KOR(,B) KOR(,C) KOR(,D) KOR(,E) KOR(,F)

           0.46963
1

         IMPLANTED PARTICLES=  99999     ENERGY=0.8137E+09 EV
     BACKSCATTERED PARTICLES=      0     ENERGY=0.0000E+00 EV
       TRANSMITTED PARTICLES=      0     ENERGY=0.0000E+00 EV
     BACKSPUTTERED PARTICLES=  75618     ENERGY=0.3552E+07 EV
    TRANSM. SPUTT. PARTICLES=      0     ENERGY=0.0000E+00 EV


  PROJECTILES :   MEAN NUMBER OF ELASTIC COLLISIONS =     59.6   MEAN NUMBER OF EL.COLL.(E > EDISPL.) =   23.403
                                                                 MEAN NUMBER OF EL.COLL.(E > SB(1))   =   41.797

                       MEAN        VARIANCE      SKEWNESS      KURTOSIS        SIGMA       ERROR 1.M     ERROR 2.M     ERROR 3.M 
  PENETRATION       1.0644E+02    1.1687E+03    3.8132E-01    2.9705E+00    3.4186E+01    1.0811E-01    5.1878E+00    7.2371E-03
       SPREAD       3.2862E+01    3.4175E+02    8.4088E-01    3.8139E+00    1.8486E+01    5.8459E-02    1.8129E+00    9.8414E-03
   PATHLENGTH       1.2140E+02    1.3030E+03    3.3111E-01    2.9086E+00    3.6097E+01    1.1415E-01    5.6924E+00    7.0266E-03
 ELASTIC LOSS       7.4185E+03    6.4693E+04                                2.5435E+02    2.5435E-03
   INEL. LOSS       7.1851E+02    6.4693E+04                                2.5435E+02    2.5435E-03

                       MEAN        VARIANCE      SKEWNESS      KURTOSIS        SIGMA       ERROR 1.M     ERROR 2.M     ERROR 3.M 
   ELAST.LOSS       1.2289E+02    1.3376E+05    6.5632E+00    5.9282E+01    3.6573E+02    1.4982E-01    4.1830E+02    9.9066E-03
 WEAK EL.LOSS       1.5935E+00    4.3502E+00    2.2503E+00    8.1509E+00    2.0857E+00    8.5439E-04    4.7654E-03    1.5243E-03
 INELAST.LOSS       1.2057E+01    4.4911E+01    9.2162E-02    2.4499E+00    6.7016E+00    2.7452E-03    2.2153E-02    7.2845E-04
  SUBTHR.LOSS       9.8790E+00    5.8999E+01    8.5455E-01    2.6981E+00    7.6811E+00    4.0376E-03    4.0414E-02    9.0118E-04

                     1.MOMENT      2.MOMENT      3.MOMENT      4.MOMENT      5.MOMENT      6.MOMENT 
  PENETRATION       1.0644E+02    1.2499E+04    1.5944E+06    2.1836E+08    3.1808E+10    4.8924E+12



  RECOILES (PER PROJ.)   :   MEAN NUMBER OF ELASTIC COLLISIONS =   1053.3   MEAN NUMBER OF EL.COLL.(E > EDISPL.) =     59.469
                                                                            MEAN NUMBER OF EL.COLL.(E > SB(1))   =    332.966

  RECOILES (PER KNOCKON) :   MEAN NUMBER OF ELASTIC COLLISIONS =    1.678   MEAN NUMBER OF EL.COLL.(E > EDISPL.) =      0.095
                                                                            MEAN NUMBER OF EL.COLL.(E > SB(1))   =      0.530

1


     DEPTH(A)  PARTICLES  NORM.DEPTH PATHLENGTH   INLOSS(EV)  TELOSS(EV)  ELLOSS(EV)  DAMAGE(EV)  PHONON(EV)  CASCAD(EV)     DPA

    -SU-    0.         0  0.0000E+00
     0.-    2.         0  0.0000E+00         0    1.9431E+06  1.5731E+07  1.5698E+07  1.5236E+07  4.6157E+05  1.2223E+07   30370
     2.-    4.         0  0.0000E+00         0    1.9411E+06  1.5777E+07  1.5742E+07  1.5278E+07  4.6379E+05  1.2259E+07   30727
     4.-    6.         0  0.0000E+00         0    1.9194E+06  1.5556E+07  1.5520E+07  1.5053E+07  4.6730E+05  1.2087E+07   30898
     6.-    8.         0  0.0000E+00         0    1.8993E+06  1.5432E+07  1.5395E+07  1.4924E+07  4.7042E+05  1.2001E+07   31393
     8.-   10.         0  0.0000E+00         0    1.8782E+06  1.5276E+07  1.5237E+07  1.4763E+07  4.7461E+05  1.1883E+07   31516
    10.-   12.         0  0.0000E+00         0    1.8590E+06  1.5510E+07  1.5470E+07  1.4992E+07  4.7791E+05  1.2069E+07   32153
    12.-   14.         0  0.0000E+00         0    1.8374E+06  1.5479E+07  1.5437E+07  1.4955E+07  4.8249E+05  1.2055E+07   32629
    14.-   16.         2  0.2000E-04         0    1.8169E+06  1.5507E+07  1.5464E+07  1.4974E+07  4.9001E+05  1.2076E+07   32985
    16.-   18.         2  0.2000E-04         0    1.7977E+06  1.5736E+07  1.5690E+07  1.5197E+07  4.9354E+05  1.2261E+07   33700
    18.-   20.         7  0.7000E-04         0    1.7708E+06  1.5518E+07  1.5470E+07  1.4970E+07  5.0012E+05  1.2090E+07   33902
    20.-   22.        12  0.1200E-03         0    1.7496E+06  1.5380E+07  1.5329E+07  1.4825E+07  5.0394E+05  1.1988E+07   34430
    22.-   24.        24  0.2400E-03         0    1.7261E+06  1.5495E+07  1.5441E+07  1.4935E+07  5.0573E+05  1.2088E+07   35082
    24.-   26.        31  0.3100E-03         3    1.6997E+06  1.5329E+07  1.5272E+07  1.4754E+07  5.1737E+05  1.1953E+07   35293
    26.-   28.        39  0.3900E-03         7    1.6767E+06  1.5113E+07  1.5052E+07  1.4527E+07  5.2533E+05  1.1784E+07   36004
    28.-   30.        79  0.7900E-03         8    1.6519E+06  1.5167E+07  1.5102E+07  1.4572E+07  5.2978E+05  1.1827E+07   36673
    30.-   32.        94  0.9400E-03        12    1.6263E+06  1.4956E+07  1.4887E+07  1.4352E+07  5.3490E+05  1.1668E+07   37082
    32.-   34.       109  0.1090E-02        28    1.6007E+06  1.5095E+07  1.5021E+07  1.4473E+07  5.4804E+05  1.1767E+07   37592
    34.-   36.       152  0.1520E-02        58    1.5758E+06  1.5152E+07  1.5072E+07  1.4522E+07  5.5052E+05  1.1815E+07   38424
    36.-   38.       190  0.1900E-02        66    1.5472E+06  1.4996E+07  1.4911E+07  1.4351E+07  5.5969E+05  1.1686E+07   38876
    38.-   40.       279  0.2790E-02        54    1.5207E+06  1.4936E+07  1.4845E+07  1.4277E+07  5.6804E+05  1.1637E+07   39372
    40.-   42.       304  0.3040E-02       111    1.4855E+06  1.4541E+07  1.4444E+07  1.3872E+07  5.7239E+05  1.1324E+07   39634
    42.-   44.       398  0.3980E-02       113    1.4628E+06  1.4830E+07  1.4726E+07  1.4147E+07  5.7954E+05  1.1547E+07   40516
    44.-   46.       470  0.4700E-02       163    1.4283E+06  1.4469E+07  1.4359E+07  1.3772E+07  5.8762E+05  1.1258E+07   40822
    46.-   48.       533  0.5330E-02       211    1.4014E+06  1.4192E+07  1.4076E+07  1.3479E+07  5.9609E+05  1.1033E+07   41301
    48.-   50.       610  0.6100E-02       218    1.3679E+06  1.4153E+07  1.4030E+07  1.3430E+07  5.9989E+05  1.1000E+07   41790
    50.-   52.       688  0.6880E-02       253    1.3379E+06  1.3919E+07  1.3790E+07  1.3182E+07  6.0793E+05  1.0808E+07   42014
    52.-   54.       795  0.7950E-02       311    1.3042E+06  1.3779E+07  1.3645E+07  1.3039E+07  6.0638E+05  1.0695E+07   42313
    54.-   56.       919  0.9190E-02       407    1.2706E+06  1.3518E+07  1.3376E+07  1.2760E+07  6.1610E+05  1.0479E+07   42380
    56.-   58.       936  0.9360E-02       454    1.2370E+06  1.3377E+07  1.3231E+07  1.2617E+07  6.1329E+05  1.0368E+07   42608
    58.-   60.      1046  0.1046E-01       525    1.2027E+06  1.3171E+07  1.3017E+07  1.2396E+07  6.2093E+05  1.0197E+07   42832
    60.-   62.      1167  0.1167E-01       624    1.1678E+06  1.2922E+07  1.2763E+07  1.2141E+07  6.2269E+05  9.9936E+06   42873
    62.-   64.      1281  0.1281E-01       641    1.1340E+06  1.2849E+07  1.2685E+07  1.2057E+07  6.2778E+05  9.9248E+06   42577
    64.-   66.      1437  0.1437E-01       643    1.0961E+06  1.2116E+07  1.1948E+07  1.1321E+07  6.2677E+05  9.3419E+06   42302
    66.-   68.      1428  0.1428E-01       727    1.0615E+06  1.2198E+07  1.2026E+07  1.1402E+07  6.2418E+05  9.4043E+06   42041
    68.-   70.      1505  0.1505E-01       953    1.0263E+06  1.1891E+07  1.1715E+07  1.1100E+07  6.1535E+05  9.1655E+06   42058
    70.-   72.      1630  0.1630E-01      1017    9.8955E+05  1.1453E+07  1.1272E+07  1.0652E+07  6.2049E+05  8.8015E+06   41359
    72.-   74.      1684  0.1684E-01      1142    9.5331E+05  1.1104E+07  1.0920E+07  1.0308E+07  6.1159E+05  8.5287E+06   41107
    74.-   76.      1781  0.1781E-01      1109    9.1831E+05  1.0899E+07  1.0711E+07  1.0102E+07  6.0891E+05  8.3605E+06   40754
    76.-   78.      1841  0.1841E-01      1280    8.8439E+05  1.0591E+07  1.0401E+07  9.7989E+06  6.0241E+05  8.1154E+06   40277
    78.-   80.      2001  0.2001E-01      1352    8.4709E+05  1.0252E+07  1.0061E+07  9.4630E+06  5.9787E+05  7.8420E+06   39345
    80.-   82.      2034  0.2034E-01      1389    8.1132E+05  9.8430E+06  9.6501E+06  9.0595E+06  5.9058E+05  7.5153E+06   38414
    82.-   84.      2101  0.2101E-01      1507    7.7721E+05  9.5798E+06  9.3866E+06  8.8081E+06  5.7855E+05  7.3069E+06   37878
    84.-   86.      2144  0.2144E-01      1633    7.4399E+05  9.3725E+06  9.1796E+06  8.6124E+06  5.6718E+05  7.1490E+06   37166
    86.-   88.      2078  0.2078E-01      1732    7.0921E+05  8.8378E+06  8.6447E+06  8.0844E+06  5.6030E+05  6.7216E+06   36016
    88.-   90.      2228  0.2228E-01      1741    6.7471E+05  8.5046E+06  8.3133E+06  7.7656E+06  5.4764E+05  6.4570E+06   34992
    90.-   92.      2261  0.2261E-01      1827    6.4250E+05  8.1809E+06  7.9905E+06  7.4585E+06  5.3204E+05  6.2061E+06   34316
    92.-   94.      2229  0.2229E-01      1825    6.1100E+05  7.8857E+06  7.6989E+06  7.1817E+06  5.1719E+05  5.9784E+06   33193
    94.-   96.      2250  0.2250E-01      1996    5.8181E+05  7.6227E+06  7.4370E+06  6.9314E+06  5.0558E+05  5.7721E+06   32371
    96.-   98.      2297  0.2297E-01      2016    5.4769E+05  7.0077E+06  6.8232E+06  6.3244E+06  4.9879E+05  5.2783E+06   31048
    98.-  100.      2236  0.2236E-01      2051    5.2063E+05  6.8153E+06  6.6367E+06  6.1551E+06  4.8156E+05  5.1326E+06   29893
   100.-  102.      2321  0.2321E-01      2009    4.8930E+05  6.4547E+06  6.2797E+06  5.8205E+06  4.5924E+05  4.8582E+06   28825
   102.-  104.      2246  0.2246E-01      2021    4.6247E+05  6.1965E+06  6.0240E+06  5.5777E+06  4.4629E+05  4.6566E+06   27929
   104.-  106.      2207  0.2207E-01      1994    4.3647E+05  5.9201E+06  5.7519E+06  5.3209E+06  4.3099E+05  4.4463E+06   26929
   106.-  108.      2156  0.2156E-01      2023    4.1069E+05  5.6570E+06  5.4922E+06  5.0773E+06  4.1491E+05  4.2424E+06   25842
   108.-  110.      2194  0.2194E-01      1960    3.8382E+05  5.2603E+06  5.0988E+06  4.6996E+06  3.9921E+05  3.9330E+06   24793
   110.-  112.      2173  0.2173E-01      2076    3.6031E+05  4.9813E+06  4.8257E+06  4.4385E+06  3.8723E+05  3.7146E+06   23391
   112.-  114.      2116  0.2116E-01      2103    3.3691E+05  4.6519E+06  4.5009E+06  4.1346E+06  3.6629E+05  3.4660E+06   22528
   114.-  116.      2076  0.2076E-01      2084    3.1397E+05  4.4380E+06  4.2922E+06  3.9391E+06  3.5304E+05  3.2990E+06   21293
   116.-  118.      2102  0.2102E-01      2095    2.9182E+05  4.1139E+06  3.9729E+06  3.6373E+06  3.3564E+05  3.0489E+06   20186
   118.-  120.      1953  0.1953E-01      2040    2.7106E+05  3.8379E+06  3.7031E+06  3.3859E+06  3.1724E+05  2.8410E+06   19132
   120.-  122.      1892  0.1892E-01      2057    2.5172E+05  3.5952E+06  3.4646E+06  3.1578E+06  3.0677E+05  2.6509E+06   17821
   122.-  124.      1851  0.1851E-01      2046    2.3418E+05  3.3968E+06  3.2730E+06  2.9872E+06  2.8579E+05  2.5071E+06   17005
   124.-  126.      1899  0.1899E-01      1830    2.1538E+05  3.1107E+06  2.9927E+06  2.7203E+06  2.7238E+05  2.2864E+06   15908
   126.-  128.      1783  0.1783E-01      1850    1.9993E+05  2.9389E+06  2.8266E+06  2.5676E+06  2.5904E+05  2.1566E+06   14810
   128.-  130.      1676  0.1676E-01      2046    1.8403E+05  2.7178E+06  2.6123E+06  2.3742E+06  2.3805E+05  1.9962E+06   14072
   130.-  132.      1609  0.1609E-01      2080    1.6920E+05  2.5477E+06  2.4465E+06  2.2223E+06  2.2414E+05  1.8691E+06   13344
   132.-  134.      1542  0.1542E-01      2042    1.5572E+05  2.3256E+06  2.2314E+06  2.0205E+06  2.1087E+05  1.7000E+06   12285
   134.-  136.      1463  0.1463E-01      1948    1.4277E+05  2.1506E+06  2.0604E+06  1.8615E+06  1.9888E+05  1.5676E+06   11386
   136.-  138.      1372  0.1372E-01      1918    1.3121E+05  1.9992E+06  1.9143E+06  1.7266E+06  1.8764E+05  1.4536E+06   10549
   138.-  140.      1362  0.1362E-01      1852    1.1786E+05  1.7739E+06  1.6942E+06  1.5209E+06  1.7331E+05  1.2823E+06    9739
   140.-  142.      1331  0.1331E-01      1760    1.0872E+05  1.6665E+06  1.5915E+06  1.4307E+06  1.6079E+05  1.2065E+06    9134
   142.-  144.      1199  0.1199E-01      1774    9.7999E+04  1.5191E+06  1.4497E+06  1.2996E+06  1.5013E+05  1.0951E+06    8287
   144.-  146.      1164  0.1164E-01      1774    8.9804E+04  1.3848E+06  1.3203E+06  1.1812E+06  1.3906E+05  9.9671E+05    7674
   146.-  148.      1075  0.1075E-01      1614    8.1832E+04  1.2527E+06  1.1923E+06  1.0639E+06  1.2837E+05  8.9852E+05    7097
   148.-  150.       967  0.9670E-02      1541    7.3874E+04  1.1313E+06  1.0753E+06  9.5529E+05  1.2006E+05  8.0809E+05    6455
   150.-  152.       916  0.9160E-02      1527    6.6250E+04  1.0432E+06  9.9187E+05  8.8338E+05  1.0849E+05  7.4612E+05    5856
   152.-  154.       878  0.8780E-02      1419    5.9730E+04  9.4044E+05  8.9294E+05  7.9404E+05  9.8896E+04  6.7124E+05    5402
   154.-  156.       808  0.8080E-02      1381    5.3467E+04  8.3564E+05  7.9239E+05  7.0235E+05  9.0047E+04  5.9420E+05    4877
   156.-  158.       741  0.7410E-02      1321    4.8488E+04  7.5991E+05  7.1997E+05  6.3615E+05  8.3815E+04  5.3835E+05    4429
   158.-  160.       725  0.7250E-02      1145    4.3724E+04  7.0157E+05  6.6450E+05  5.8909E+05  7.5411E+04  4.9858E+05    4125
   160.-  162.       655  0.6550E-02      1061    3.9192E+04  6.1375E+05  5.7997E+05  5.0996E+05  7.0009E+04  4.3225E+05    3649
   162.-  164.       589  0.5890E-02      1034    3.5001E+04  5.6448E+05  5.3347E+05  4.7025E+05  6.3220E+04  3.9809E+05    3295
   164.-  166.       610  0.6100E-02      1008    3.0821E+04  5.0515E+05  4.7753E+05  4.2179E+05  5.5745E+04  3.5708E+05    2994
   166.-  168.       463  0.4630E-02       850    2.7996E+04  4.4685E+05  4.2166E+05  3.6952E+05  5.2140E+04  3.1328E+05    2695
   168.-  170.       433  0.4330E-02       848    2.4842E+04  4.1485E+05  3.9165E+05  3.4296E+05  4.8689E+04  2.9008E+05    2391
   170.-  172.       414  0.4140E-02       811    2.2000E+04  3.7162E+05  3.5056E+05  3.0831E+05  4.2252E+04  2.6071E+05    2186
   172.-  174.       386  0.3860E-02       757    1.9435E+04  3.2861E+05  3.0941E+05  2.7123E+05  3.8174E+04  2.2979E+05    1964
   174.-  176.       370  0.3700E-02       683    1.7482E+04  2.8487E+05  2.6724E+05  2.3159E+05  3.5644E+04  1.9679E+05    1769
   176.-  178.       324  0.3240E-02       644    1.5257E+04  2.5469E+05  2.3895E+05  2.0725E+05  3.1693E+04  1.7598E+05    1570
   178.-  180.       280  0.2800E-02       617    1.3660E+04  2.3172E+05  2.1824E+05  1.9145E+05  2.6784E+04  1.6238E+05    1441
   180.-  182.       239  0.2390E-02       585    1.1715E+04  1.9628E+05  1.8377E+05  1.5947E+05  2.4300E+04  1.3561E+05    1279
   182.-  184.       238  0.2380E-02       514    1.0489E+04  1.7440E+05  1.6340E+05  1.4110E+05  2.2305E+04  1.2005E+05    1116
   184.-  186.       232  0.2320E-02       418    9.1397E+03  1.5130E+05  1.4101E+05  1.2119E+05  1.9822E+04  1.0323E+05     998
   186.-  188.       193  0.1930E-02       438    7.7288E+03  1.2676E+05  1.1781E+05  1.0066E+05  1.7150E+04  8.5852E+04     864
   188.-  190.       161  0.1610E-02       399    6.8904E+03  1.1919E+05  1.1149E+05  9.7057E+04  1.4431E+04  8.2583E+04     797
   190.-  192.       154  0.1540E-02       417    5.8964E+03  1.0165E+05  9.4732E+04  8.0819E+04  1.3913E+04  6.8760E+04     643
   192.-  194.       142  0.1420E-02       352    5.0882E+03  8.4397E+04  7.8381E+04  6.6313E+04  1.2067E+04  5.6382E+04     532
   194.-  196.       107  0.1070E-02       319    4.4719E+03  7.8752E+04  7.3319E+04  6.2783E+04  1.0536E+04  5.3414E+04     504
   196.-  198.       106  0.1060E-02       298    3.9284E+03  6.6603E+04  6.1754E+04  5.2153E+04  9.6006E+03  4.4430E+04     450
   198.-  200.        93  0.9300E-03      2409    2.2238E+04  4.0333E+05  3.7110E+05  3.1195E+05  5.9158E+04  2.6634E+05    2752
   200.-   SUT       681  0.6810E-02

                   99999  1.0000E+00     99999    7.1850E+07  7.4184E+08  7.3235E+08  6.9659E+08  3.5752E+07  5.7079E+08 2340283
1
     RECOILS



     DEPTH(A)     INLOSS(EV)   TELOSS(EV)   ELLOSS(EV)   DAMAGE(EV)   PHONON(EV)     DPA  DPA(1)  DPA(2)

     0.-    2.    4.0481E+05   6.5420E+06   5.3323E+06   1.6449E+06   3.6874E+06   24053   24053       0
     2.-    4.    6.3839E+05   9.3312E+06   7.8561E+06   3.0449E+06   4.8112E+06   39349   39349       0
     4.-    6.    8.5810E+05   1.1933E+07   1.0125E+07   4.1868E+06   5.9377E+06   51205   51205       0
     6.-    8.    1.0372E+06   1.3995E+07   1.1897E+07   4.9915E+06   6.9059E+06   60044   60044       0
     8.-   10.    1.1935E+06   1.5855E+07   1.3499E+07   5.7451E+06   7.7539E+06   67706   67706       0
    10.-   12.    1.3329E+06   1.7372E+07   1.4800E+07   6.3378E+06   8.4625E+06   74339   74339       0
    12.-   14.    1.4594E+06   1.8919E+07   1.6145E+07   7.0087E+06   9.1363E+06   80772   80772       0
    14.-   16.    1.5793E+06   2.0276E+07   1.7320E+07   7.5825E+06   9.7374E+06   86843   86843       0
    16.-   18.    1.6843E+06   2.1475E+07   1.8355E+07   8.0651E+06   1.0290E+07   91442   91442       0
    18.-   20.    1.7791E+06   2.2564E+07   1.9290E+07   8.4945E+06   1.0796E+07   95770   95770       0
    20.-   22.    1.8709E+06   2.3615E+07   2.0203E+07   8.9476E+06   1.1255E+07  100284  100284       0
    22.-   24.    1.9589E+06   2.4575E+07   2.1028E+07   9.3108E+06   1.1718E+07  104879  104879       0
    24.-   26.    2.0411E+06   2.5541E+07   2.1866E+07   9.7290E+06   1.2137E+07  108908  108908       0
    26.-   28.    2.1207E+06   2.6485E+07   2.2678E+07   1.0094E+07   1.2584E+07  112637  112637       0
    28.-   30.    2.1931E+06   2.7283E+07   2.3362E+07   1.0390E+07   1.2972E+07  116524  116524       0
    30.-   32.    2.2545E+06   2.8088E+07   2.4057E+07   1.0731E+07   1.3327E+07  119380  119380       0
    32.-   34.    2.3130E+06   2.8852E+07   2.4717E+07   1.1040E+07   1.3677E+07  122711  122711       0
    34.-   36.    2.3739E+06   2.9578E+07   2.5333E+07   1.1293E+07   1.4040E+07  126202  126202       0
    36.-   38.    2.4289E+06   3.0253E+07   2.5911E+07   1.1562E+07   1.4350E+07  128723  128723       0
    38.-   40.    2.4748E+06   3.0886E+07   2.6457E+07   1.1800E+07   1.4657E+07  131854  131854       0
    40.-   42.    2.5134E+06   3.1414E+07   2.6905E+07   1.1990E+07   1.4916E+07  133805  133805       0
    42.-   44.    2.5576E+06   3.1946E+07   2.7359E+07   1.2178E+07   1.5181E+07  135297  135297       0
    44.-   46.    2.5962E+06   3.2462E+07   2.7796E+07   1.2374E+07   1.5422E+07  138500  138500       0
    46.-   48.    2.6244E+06   3.2949E+07   2.8209E+07   1.2553E+07   1.5656E+07  140100  140100       0
    48.-   50.    2.6499E+06   3.3263E+07   2.8469E+07   1.2619E+07   1.5850E+07  141997  141997       0
    50.-   52.    2.6679E+06   3.3580E+07   2.8724E+07   1.2684E+07   1.6040E+07  143091  143091       0
    52.-   54.    2.6891E+06   3.3949E+07   2.9042E+07   1.2844E+07   1.6198E+07  144631  144631       0
    54.-   56.    2.7015E+06   3.4180E+07   2.9238E+07   1.2902E+07   1.6336E+07  145326  145326       0
    56.-   58.    2.7103E+06   3.4426E+07   2.9447E+07   1.3016E+07   1.6432E+07  146409  146409       0
    58.-   60.    2.7127E+06   3.4561E+07   2.9563E+07   1.3051E+07   1.6511E+07  146863  146863       0
    60.-   62.    2.7094E+06   3.4562E+07   2.9557E+07   1.3032E+07   1.6525E+07  147151  147151       0
    62.-   64.    2.7011E+06   3.4499E+07   2.9485E+07   1.2915E+07   1.6570E+07  146343  146343       0
    64.-   66.    2.6937E+06   3.4527E+07   2.9504E+07   1.2935E+07   1.6569E+07  147018  147018       0
    66.-   68.    2.6695E+06   3.4218E+07   2.9215E+07   1.2704E+07   1.6511E+07  144847  144847       0
    68.-   70.    2.6555E+06   3.4166E+07   2.9181E+07   1.2755E+07   1.6426E+07  145173  145173       0
    70.-   72.    2.6367E+06   3.4024E+07   2.9065E+07   1.2726E+07   1.6339E+07  144597  144597       0
    72.-   74.    2.6053E+06   3.3613E+07   2.8696E+07   1.2468E+07   1.6228E+07  142358  142358       0
    74.-   76.    2.5698E+06   3.3347E+07   2.8462E+07   1.2372E+07   1.6090E+07  141109  141109       0
    76.-   78.    2.5427E+06   3.3012E+07   2.8179E+07   1.2257E+07   1.5921E+07  139980  139980       0
    78.-   80.    2.5039E+06   3.2596E+07   2.7831E+07   1.2131E+07   1.5700E+07  138273  138273       0
    80.-   82.    2.4584E+06   3.2048E+07   2.7343E+07   1.1844E+07   1.5498E+07  135569  135569       0
    82.-   84.    2.4095E+06   3.1488E+07   2.6857E+07   1.1620E+07   1.5237E+07  133539  133539       0
    84.-   86.    2.3545E+06   3.0857E+07   2.6321E+07   1.1385E+07   1.4936E+07  130715  130715       0
    86.-   88.    2.2962E+06   3.0016E+07   2.5581E+07   1.0990E+07   1.4591E+07  128348  128348       0
    88.-   90.    2.2394E+06   2.9235E+07   2.4920E+07   1.0695E+07   1.4225E+07  124011  124011       0
    90.-   92.    2.1714E+06   2.8416E+07   2.4244E+07   1.0486E+07   1.3759E+07  120726  120726       0
    92.-   94.    2.0906E+06   2.7275E+07   2.3293E+07   1.0125E+07   1.3168E+07  116842  116842       0
    94.-   96.    1.9934E+06   2.5743E+07   2.2022E+07   9.6546E+06   1.2368E+07  111119  111119       0
    96.-   98.    1.8627E+06   2.3644E+07   2.0326E+07   9.1897E+06   1.1136E+07  104858  104858       0
    98.-  100.    1.6316E+06   1.9920E+07   1.7296E+07   8.3079E+06   8.9878E+06   92330   92330       0
   100.-  102.    9.7054E+05   1.0757E+07   9.4725E+06   4.9966E+06   4.4760E+06   51437   51437       0
   102.-  104.    2.7826E+04   2.4945E+05   2.0294E+05   6.0169E+04   1.4277E+05     876     876       0
   104.-  106.    0.0000E+00   0.0000E+00   0.0000E+00   0.0000E+00   0.0000E+00       0       0       0
   106.-  108.    0.0000E+00   0.0000E+00   0.0000E+00   0.0000E+00   0.0000E+00       0       0       0
   108.-  110.    0.0000E+00   0.0000E+00   0.0000E+00   0.0000E+00   0.0000E+00       0       0       0
   110.-  112.    0.0000E+00   0.0000E+00   0.0000E+00   0.0000E+00   0.0000E+00       0       0       0
   112.-  114.    0.0000E+00   0.0000E+00   0.0000E+00   0.0000E+00   0.0000E+00       0       0       0
   114.-  116.    0.0000E+00   0.0000E+00   0.0000E+00   0.0000E+00   0.0000E+00       0       0       0
   116.-  118.    0.0000E+00   0.0000E+00   0.0000E+00   0.0000E+00   0.0000E+00       0       0       0
   118.-  120.    0.0000E+00   0.0000E+00   0.0000E+00   0.0000E+00   0.0000E+00       0       0       0
   120.-  122.    0.0000E+00   0.0000E+00   0.0000E+00   0.0000E+00   0.0000E+00       0       0       0
   122.-  124.    0.0000E+00   0.0000E+00   0.0000E+00   0.0000E+00   0.0000E+00       0       0       0
   124.-  126.    0.0000E+00   0.0000E+00   0.0000E+00   0.0000E+00   0.0000E+00       0       0       0
   126.-  128.    0.0000E+00   0.0000E+00   0.0000E+00   0.0000E+00   0.0000E+00       0       0       0
   128.-  130.    0.0000E+00   0.0000E+00   0.0000E+00   0.0000E+00   0.0000E+00       0       0       0
   130.-  132.    0.0000E+00   0.0000E+00   0.0000E+00   0.0000E+00   0.0000E+00       0       0       0
   132.-  134.    0.0000E+00   0.0000E+00   0.0000E+00   0.0000E+00   0.0000E+00       0       0       0
   134.-  136.    0.0000E+00   0.0000E+00   0.0000E+00   0.0000E+00   0.0000E+00       0       0       0
   136.-  138.    0.0000E+00   0.0000E+00   0.0000E+00   0.0000E+00   0.0000E+00       0       0       0
   138.-  140.    0.0000E+00   0.0000E+00   0.0000E+00   0.0000E+00   0.0000E+00       0       0       0
   140.-  142.    0.0000E+00   0.0000E+00   0.0000E+00   0.0000E+00   0.0000E+00       0       0       0
   142.-  144.    0.0000E+00   0.0000E+00   0.0000E+00   0.0000E+00   0.0000E+00       0       0       0
   144.-  146.    0.0000E+00   0.0000E+00   0.0000E+00   0.0000E+00   0.0000E+00       0       0       0
   146.-  148.    0.0000E+00   0.0000E+00   0.0000E+00   0.0000E+00   0.0000E+00       0       0       0
   148.-  150.    0.0000E+00   0.0000E+00   0.0000E+00   0.0000E+00   0.0000E+00       0       0       0
   150.-  152.    0.0000E+00   0.0000E+00   0.0000E+00   0.0000E+00   0.0000E+00       0       0       0
   152.-  154.    0.0000E+00   0.0000E+00   0.0000E+00   0.0000E+00   0.0000E+00       0       0       0
   154.-  156.    0.0000E+00   0.0000E+00   0.0000E+00   0.0000E+00   0.0000E+00       0       0       0
   156.-  158.    0.0000E+00   0.0000E+00   0.0000E+00   0.0000E+00   0.0000E+00       0       0       0
   158.-  160.    0.0000E+00   0.0000E+00   0.0000E+00   0.0000E+00   0.0000E+00       0       0       0
   160.-  162.    0.0000E+00   0.0000E+00   0.0000E+00   0.0000E+00   0.0000E+00       0       0       0
   162.-  164.    0.0000E+00   0.0000E+00   0.0000E+00   0.0000E+00   0.0000E+00       0       0       0
   164.-  166.    0.0000E+00   0.0000E+00   0.0000E+00   0.0000E+00   0.0000E+00       0       0       0
   166.-  168.    0.0000E+00   0.0000E+00   0.0000E+00   0.0000E+00   0.0000E+00       0       0       0
   168.-  170.    0.0000E+00   0.0000E+00   0.0000E+00   0.0000E+00   0.0000E+00       0       0       0
   170.-  172.    0.0000E+00   0.0000E+00   0.0000E+00   0.0000E+00   0.0000E+00       0       0       0
   172.-  174.    0.0000E+00   0.0000E+00   0.0000E+00   0.0000E+00   0.0000E+00       0       0       0
   174.-  176.    0.0000E+00   0.0000E+00   0.0000E+00   0.0000E+00   0.0000E+00       0       0       0
   176.-  178.    0.0000E+00   0.0000E+00   0.0000E+00   0.0000E+00   0.0000E+00       0       0       0
   178.-  180.    0.0000E+00   0.0000E+00   0.0000E+00   0.0000E+00   0.0000E+00       0       0       0
   180.-  182.    0.0000E+00   0.0000E+00   0.0000E+00   0.0000E+00   0.0000E+00       0       0       0
   182.-  184.    0.0000E+00   0.0000E+00   0.0000E+00   0.0000E+00   0.0000E+00       0       0       0
   184.-  186.    0.0000E+00   0.0000E+00   0.0000E+00   0.0000E+00   0.0000E+00       0       0       0
   186.-  188.    0.0000E+00   0.0000E+00   0.0000E+00   0.0000E+00   0.0000E+00       0       0       0
   188.-  190.    0.0000E+00   0.0000E+00   0.0000E+00   0.0000E+00   0.0000E+00       0       0       0
   190.-  192.    0.0000E+00   0.0000E+00   0.0000E+00   0.0000E+00   0.0000E+00       0       0       0
   192.-  194.    0.0000E+00   0.0000E+00   0.0000E+00   0.0000E+00   0.0000E+00       0       0       0
   194.-  196.    0.0000E+00   0.0000E+00   0.0000E+00   0.0000E+00   0.0000E+00       0       0       0
   196.-  198.    0.0000E+00   0.0000E+00   0.0000E+00   0.0000E+00   0.0000E+00       0       0       0
   198.-  200.    0.0000E+00   0.0000E+00   0.0000E+00   0.0000E+00   0.0000E+00       0       0       0

                  1.0921E+08   1.3944E+09   1.1920E+09   5.2386E+08   6.6818E+08 5946863 5946863       0
1     BACKWARD SPUTTERING



        ALL SPUTTERED PARTICLES =   75618   TOTAL SPUTTERED ENERGY = 0.3552E+07 EV


        SPUTTERED PARTICLES (1.LAYER) =   75618   SPUTTERED ENERGY = 0.3552E+07 EV


 1.LAYER
         SPUTTERED PARTICLES(1) =   75618     SPUTTERED ENERGY(1) = 0.3552E+07 EV

         ION IN , PRIMARY KO(1) =   15151   0.2004   0.2004    ENERGY = 0.1415E+07 EV   0.3983   0.3983    MEAN ENERGY = 0.9338E+02
         ION IN , SECOND. KO(1) =   60467   0.7996   0.7996    ENERGY = 0.2137E+07 EV   0.6017   0.6017    MEAN ENERGY = 0.3535E+02
        ION OUT , PRIMARY KO(1) =       0   0.0000   0.0000    ENERGY = 0.0000E+00 EV   0.0000   0.0000    MEAN ENERGY = 0.0000E+00
        ION OUT , SECOND. KO(1) =       0   0.0000   0.0000    ENERGY = 0.0000E+00 EV   0.0000   0.0000    MEAN ENERGY = 0.0000E+00


     SPUTTERING YIELD(1) =  7.562E-01  SPUTTERED ENERGY(1) =  4.366E-03  REL.MEAN ENERGY(1) =  5.773E-03  MEAN ENERGY(1) =  4.698E+01

                       MEAN        VARIANCE      SKEWNESS      KURTOSIS        SIGMA       ERROR 1.M     ERROR 2.M     ERROR 3.M 
    ENERGY(1)       4.6976E+01    7.1456E+03    4.8710E+00    3.9644E+01    8.4532E+01    3.0740E-01    1.6154E+02    1.1777E-01
 LOGENERGY(1)       1.2719E+00    3.5940E-01    1.3876E-02    2.8448E+00    5.9950E-01    2.1804E-03    1.7754E-03    7.9488E-03

                     1.MOMENT      2.MOMENT      3.MOMENT      4.MOMENT      5.MOMENT      6.MOMENT 
    ENERGY(1)       4.6976E+01    9.3524E+03    4.0529E+06    2.6766E+09    2.2928E+12    2.3390E+15
 LOGENERGY(1)       1.2719E+00    1.9772E+00    3.4322E+00    6.4888E+00    1.3083E+01    2.7776E+01



     POLAR ANGULAR DISTRIBUTION OF ALL BACKWARD SPUTTERED PARTICLES


       0.00  0.00  0.00  0.00  0.00  0.00  0.00  0.00  0.00  0.00  0.00  0.00  0.00  0.00  0.00  0.00  0.00  0.00  0.00  0.00

        116   390   628   970  1350  1837  2129  2657  3089  3600  3984  4540  4959  5459  5811  6149  6489  6636  7181  7644
      0.031 0.103 0.166 0.257 0.357 0.486 0.563 0.703 0.817 0.952 1.054 1.201 1.312 1.444 1.537 1.626 1.716 1.755 1.899 2.022
1 LOG ENERGY - COS OF EMISSION ANGLE (0.05 STEPS)   (BACKWARD SPUTTERED PARTICLES) ; 1. LAYER ; SPECIES 1


   0.0000E+00    1    2    3    4    5    6    7    8    9   10   11   12   13   14   15   16   17   18   19   20     0  0.0000E+00
   0.1000E+00    0    0    0    1    0    0    0    1    1    0    1    0    4    1    1    0    0    0    5    5    20  0.2000E-02
   0.1212E+00    0    0    0    0    0    0    0    0    0    0    0    0    0    0    0    0    0    0    0    0     0  0.0000E+00
   0.1468E+00    0    0    0    0    0    0    0    0    0    0    0    0    0    0    0    0    0    0    0    0     0  0.0000E+00
   0.1778E+00    0    0    0    0    0    0    0    0    0    0    0    0    0    0    0    0    0    0    0    0     0  0.0000E+00
   0.2154E+00    0    0    0    0    0    0    0    0    0    0    0    0    0    0    0    0    0    0    0    0     0  0.0000E+00
   0.2610E+00    0    0    0    0    0    0    0    0    0    0    0    0    0    0    0    0    0    0    0    0     0  0.0000E+00
   0.3162E+00    0    0    0    0    0    0    0    0    0    0    0    0    0    0    0    0    0    0    0    0     0  0.0000E+00
   0.3831E+00    0    0    0    0    0    0    0    0    0    0    0    0    0    0    0    0    0    0    0    0     0  0.0000E+00
   0.4642E+00    0    0    0    0    0    0    0    0    0    0    0    0    0    0    0    0    0    0    0    0     0  0.0000E+00
   0.5623E+00    0    0    0    0    0    0    0    0    0    0    0    0    0    0    0    0    0    0    0    0     0  0.0000E+00
   0.6813E+00    0    0    0    0    0    0    0    0    0    0    0    0    0    0    0    0    0    0    0    0     0  0.0000E+00
   0.8254E+00    0    0    0    0    0    0    0    0    0    0    0    0    0    0    0    0    0    0    0    0     0  0.0000E+00
   0.1000E+01    0    0    0    0    0    0    0    0    0    0    0    0    0    0    0    0    0    0    0    0     0  0.0000E+00
   0.1212E+01    0    0    0    0    0    0    0    0    0    0    0    0    0    0    0    0    0    0    0    0     0  0.0000E+00
   0.1468E+01    0    0    0    0    0    0    0    0    0    0    0    0    0    0    0    0    0    0    0    0     0  0.0000E+00
   0.1778E+01    0    0    0    0    0    0    0    0    0    0    0    0    0    0    0    0    0    0    0    0     0  0.0000E+00
   0.2154E+01    0    0    0    0    0    0    0    0    0    0    0    0    0    0    0    0    0    0    0    0     0  0.0000E+00
   0.2610E+01    0    0    0    0    0    0    0    0    0    0    0    0    0    0    0    0    0    0    0    0     0  0.0000E+00
   0.3162E+01    0    0    0    0    0    0    0    0    0    0    0    0    0    0    0    0    0    0    0    0     0  0.0000E+00
   0.3831E+01    0    0    0    0    0    0    0    0    0    0    0    0    0    0    0    0    0    0    0    0     0  0.0000E+00
   0.4642E+01    0    0    0    0    0    0    0    0    0    0    0    0    0    0    0    0    0    0    0    0     0  0.0000E+00
   0.5623E+01    0    0    0    0    0    0    0    0    0    0    0    0    0    0    0    0    0    0    0    0     0  0.0000E+00
   0.6813E+01    0    0    0    0    0    0    0    0    0    0    0    0    0    0    0    0    0    0    0    0     0  0.0000E+00
   0.8254E+01    0    0    0    0    0    0    0    0    0    0    0    0    0    0    0    0    0    0    0    0     0  0.0000E+00
   0.1000E+02    0    0    0    0    0    0    0    0    0    0    0    0    0    0    0    0    0    0    0    0     0  0.0000E+00
   0.1212E+02    0    0    0    0    0    0    0    0    0    0    0    0    0    0    0    0    0    0    0    0     0  0.0000E+00
   0.1468E+02    0    0    0    0    0    0    0    0    0    0    0    0    0    0    0    0    0    0    0    0     0  0.0000E+00
   0.1778E+02    0    0    0    0    0    0    0    0    0    0    0    0    0    0    0    0    0    0    0    0     0  0.0000E+00
   0.2154E+02    0    0    0    0    0    0    0    0    0    0    0    0    0    0    0    0    0    0    0    0     0  0.0000E+00
   0.2610E+02    0    0    0    0    0    0    0    0    0    0    0    0    0    0    0    0    0    0    0    0     0  0.0000E+00
   0.3162E+02    0    0    0    0    0    0    0    0    0    0    0    0    0    0    0    0    0    0    0    0     0  0.0000E+00
   0.3831E+02    0    0    0    0    0    0    0    0    0    0    0    0    0    0    0    0    0    0    0    0     0  0.0000E+00
   0.4642E+02    0    0    0    0    0    0    0    0    0    0    0    0    0    0    0    0    0    0    0    0     0  0.0000E+00
   0.5623E+02    0    0    0    0    0    0    0    0    0    0    0    0    0    0    0    0    0    0    0    0     0  0.0000E+00
   0.6813E+02    0    0    0    0    0    0    0    0    0    0    0    0    0    0    0    0    0    0    0    0     0  0.0000E+00
   0.8254E+02    0    0    0    0    0    0    0    0    0    0    0    0    0    0    0    0    0    0    0    0     0  0.0000E+00
   0.1000E+03    0    0    0    0    0    0    0    0    0    0    0    0    0    0    0    0    0    0    0    0     0  0.0000E+00
   0.1212E+03    0    0    0    0    0    0    0    0    0    0    0    0    0    0    0    0    0    0    0    0     0  0.0000E+00
   0.1468E+03    0    0    0    0    0    0    0    0    0    0    0    0    0    0    0    0    0    0    0    0     0  0.0000E+00
   0.1778E+03    0    0    0    0    0    0    0    0    0    0    0    0    0    0    0    0    0    0    0    0     0  0.0000E+00
   0.2154E+03    0    0    0    0    0    0    0    0    0    0    0    0    0    0    0    0    0    0    0    0     0  0.0000E+00
   0.2610E+03    0    0    0    0    0    0    0    0    0    0    0    0    0    0    0    0    0    0    0    0     0  0.0000E+00
   0.3162E+03    0    0    0    0    0    0    0    0    0    0    0    0    0    0    0    0    0    0    0    0     0  0.0000E+00
   0.3831E+03    0    0    0    0    0    0    0    0    0    0    0    0    0    0    0    0    0    0    0    0     0  0.0000E+00
   0.4642E+03    0    0    0    0    0    0    0    0    0    0    0    0    0    0    0    0    0    0    0    0     0  0.0000E+00
   0.5623E+03    0    0    0    0    0    0    0    0    0    0    0    0    0    0    0    0    0    0    0    0     0  0.0000E+00
   0.6813E+03    0    0    0    0    0    0    0    0    0    0    0    0    0    0    0    0    0    0    0    0     0  0.0000E+00
   0.8254E+03    0    0    0    0    0    0    0    0    0    0    0    0    0    0    0    0    0    0    0    0     0  0.0000E+00
   0.1000E+04    0    0    0    0    0    0    0    0    0    0    0    0    0    0    0    0    0    0    0    0     0  0.0000E+00
   0.1212E+04    0    0    0    0    0    0    0    0    0    0    0    0    0    0    0    0    0    0    0    0     0  0.0000E+00
   0.1468E+04    0    0    0    0    0    0    0    0    0    0    0    0    0    0    0    0    0    0    0    0     0  0.0000E+00
   0.1778E+04    0    0    0    0    0    0    0    0    0    0    0    0    0    0    0    0    0    0    0    0     0  0.0000E+00
   0.2154E+04    0    0    0    0    0    0    0    0    0    0    0    0    0    0    0    0    0    0    0    0     0  0.0000E+00
   0.2610E+04    0    0    0    0    0    0    0    0    0    0    0    0    0    0    0    0    0    0    0    0     0  0.0000E+00
   0.3162E+04    0    0    0    0    0    0    0    0    0    0    0    0    0    0    0    0    0    0    0    0     0  0.0000E+00
   0.3831E+04    0    0    0    0    0    0    0    0    0    0    0    0    0    0    0    0    0    0    0    0     0  0.0000E+00
   0.4642E+04    0    0    0    0    0    0    0    0    0    0    0    0    0    0    0    0    0    0    0    0     0  0.0000E+00
   0.5623E+04    0    0    0    0    0    0    0    0    0    0    0    0    0    0    0    0    0    0    0    0     0  0.0000E+00
   0.6813E+04    0    0    0    0    0    0    0    0    0    0    0    0    0    0    0    0    0    0    0    0     0  0.0000E+00
   0.8254E+04    0    0    0    0    0    0    0    0    0    0    0    0    0    0    0    0    0    0    0    0     0  0.0000E+00
   0.1000E+05    0    0    0    0    0    0    0    0    0    0    0    0    0    0    0    0    0    0    0    0     0  0.0000E+00
   0.1212E+05    0    0    0    0    0    0    0    0    0    0    0    0    0    0    0    0    0    0    0    0     0  0.0000E+00
   0.1468E+05    0    0    0    0    0    0    0    0    0    0    0    0    0    0    0    0    0    0    0    0     0  0.0000E+00
   0.1778E+05    0    0    0    0    0    0    0    0    0    0    0    0    0    0    0    0    0    0    0    0     0  0.0000E+00
   0.2154E+05    0    0    0    0    0    0    0    0    0    0    0    0    0    0    0    0    0    0    0    0     0  0.0000E+00
   0.2610E+05    0    0    0    0    0    0    0    0    0    0    0    0    0    0    0    0    0    0    0    0     0  0.0000E+00
   0.3162E+05    0    0    0    0    0    0    0    0    0    0    0    0    0    0    0    0    0    0    0    0     0  0.0000E+00
   0.3831E+05    0    0    0    0    0    0    0    0    0    0    0    0    0    0    0    0    0    0    0    0     0  0.0000E+00
   0.4642E+05    0    0    0    0    0    0    0    0    0    0    0    0    0    0    0    0    0    0    0    0     0  0.0000E+00
   0.5623E+05    0    0    0    0    0    0    0    0    0    0    0    0    0    0    0    0    0    0    0    0     0  0.0000E+00
   0.6813E+05    0    0    0    0    0    0    0    0    0    0    0    0    0    0    0    0    0    0    0    0     0  0.0000E+00
   0.8254E+05    0    0    0    0    0    0    0    0    0    0    0    0    0    0    0    0    0    0    0    0     0  0.0000E+00
   0.1000E+06    0    0    0    0    0    0    0    0    0    0    0    0    0    0    0    0    0    0    0    0     0  0.0000E+00
   0.0000E+00  232  780 1256 1939 2700 3674 4258 5313 6177 7200 7967 9080 991410917116211229812978132721435715283151216  0.0000E+00
1ENERGY(E/E0 IN %) - POLAR ANGLE IN COS-INTERVALS (0.05)  (BACKWARD SPUTTERED PARTICLES) , 1.LAYER , SPECIES 1

     0    1    2    3    4    5    6    7    8    9   10   11   12   13   14   15   16   17   18   19   20      0
     1  108  363  574  853 1148 1526 1742 2132 2485 2921 3241 3698 4076 4549 4891 5261 5597 5768 6376 6913  64222
     2    6   22   34   70  111  144  197  270  320  323  388  440  473  498  537  539  553  560  519  495   6499
     3    2    4   10   24   34   77   82  112  128  152  158  180  216  203  185  188  170  149  158  131   2363
     4    0    1    5    7   15   38   35   57   64   84   77   90   84   87   91   70   82   88   57   62   1094
     5    0    0    3    3   18   21   31   30   38   52   49   50   50   51   36   38   40   31   39   22    602
     6    0    0    0    5   10   12   11   24   13   27   27   32   17   35   30   22   16   21   12   13    327
     7    0    0    1    2    5    6    9   17   12   16   13   19   18   13   15   16   15    8    8    7    200
     8    0    0    1    2    3    8    4    7   14    7   11   11    5   12   10    3    4    1    4    0    107
     9    0    0    0    1    3    1    5    3    6    6    4    2    9    2    8    3    7    5    3    0     68
    10    0    0    0    2    0    2    5    3    2    3    6    7    3    2    3    2    1    1    3    1     46
    11    0    0    0    0    0    1    1    1    3    5    4    2    3    1    3    4    2    1    1    0     32
    12    0    0    0    1    2    0    2    1    2    1    1    2    1    2    2    1    2    2    1    0     23
    13    0    0    0    0    0    0    0    0    1    2    3    0    2    3    0    1    0    0    0    0     12
    14    0    0    0    0    0    1    1    0    0    0    0    6    1    0    0    1    0    1    0    0     11
    15    0    0    0    0    0    0    1    0    1    1    1    0    0    1    0    0    0    0    0    0      5
    16    0    0    0    0    0    0    1    0    0    0    0    0    0    0    0    0    0    0    0    0      1
    17    0    0    0    0    1    0    0    0    0    0    0    0    0    0    0    0    0    0    0    0      1
    18    0    0    0    0    0    0    2    0    0    0    0    1    0    0    0    0    0    0    0    0      3
    19    0    0    0    0    0    0    0    0    0    0    0    0    0    0    0    0    0    0    0    0      0
    20    0    0    0    0    0    0    0    0    0    0    1    0    0    0    0    0    0    0    0    0      1
    21    0    0    0    0    0    0    0    0    0    0    0    0    1    0    0    0    0    0    0    0      1
    22    0    0    0    0    0    0    0    0    0    0    0    0    0    0    0    0    0    0    0    0      0
    23    0    0    0    0    0    0    0    0    0    0    0    0    0    0    0    0    0    0    0    0      0
    24    0    0    0    0    0    0    0    0    0    0    0    0    0    0    0    0    0    0    0    0      0
    25    0    0    0    0    0    0    0    0    0    0    0    0    0    0    0    0    0    0    0    0      0
    26    0    0    0    0    0    0    0    0    0    0    0    0    0    0    0    0    0    0    0    0      0
    27    0    0    0    0    0    0    0    0    0    0    0    0    0    0    0    0    0    0    0    0      0
    28    0    0    0    0    0    0    0    0    0    0    0    0    0    0    0    0    0    0    0    0      0
    29    0    0    0    0    0    0    0    0    0    0    0    0    0    0    0    0    0    0    0    0      0
    30    0    0    0    0    0    0    0    0    0    0    0    0    0    0    0    0    0    0    0    0      0
    31    0    0    0    0    0    0    0    0    0    0    0    0    0    0    0    0    0    0    0    0      0
    32    0    0    0    0    0    0    0    0    0    0    0    0    0    0    0    0    0    0    0    0      0
    33    0    0    0    0    0    0    0    0    0    0    0    0    0    0    0    0    0    0    0    0      0
    34    0    0    0    0    0    0    0    0    0    0    0    0    0    0    0    0    0    0    0    0      0
    35    0    0    0    0    0    0    0    0    0    0    0    0    0    0    0    0    0    0    0    0      0
    36    0    0    0    0    0    0    0    0    0    0    0    0    0    0    0    0    0    0    0    0      0
    37    0    0    0    0    0    0    0    0    0    0    0    0    0    0    0    0    0    0    0    0      0
    38    0    0    0    0    0    0    0    0    0    0    0    0    0    0    0    0    0    0    0    0      0
    39    0    0    0    0    0    0    0    0    0    0    0    0    0    0    0    0    0    0    0    0      0
    40    0    0    0    0    0    0    0    0    0    0    0    0    0    0    0    0    0    0    0    0      0
    41    0    0    0    0    0    0    0    0    0    0    0    0    0    0    0    0    0    0    0    0      0
    42    0    0    0    0    0    0    0    0    0    0    0    0    0    0    0    0    0    0    0    0      0
    43    0    0    0    0    0    0    0    0    0    0    0    0    0    0    0    0    0    0    0    0      0
    44    0    0    0    0    0    0    0    0    0    0    0    0    0    0    0    0    0    0    0    0      0
    45    0    0    0    0    0    0    0    0    0    0    0    0    0    0    0    0    0    0    0    0      0
    46    0    0    0    0    0    0    0    0    0    0    0    0    0    0    0    0    0    0    0    0      0
    47    0    0    0    0    0    0    0    0    0    0    0    0    0    0    0    0    0    0    0    0      0
    48    0    0    0    0    0    0    0    0    0    0    0    0    0    0    0    0    0    0    0    0      0
    49    0    0    0    0    0    0    0    0    0    0    0    0    0    0    0    0    0    0    0    0      0
    50    0    0    0    0    0    0    0    0    0    0    0    0    0    0    0    0    0    0    0    0      0
    51    0    0    0    0    0    0    0    0    0    0    0    0    0    0    0    0    0    0    0    0      0
    52    0    0    0    0    0    0    0    0    0    0    0    0    0    0    0    0    0    0    0    0      0
    53    0    0    0    0    0    0    0    0    0    0    0    0    0    0    0    0    0    0    0    0      0
    54    0    0    0    0    0    0    0    0    0    0    0    0    0    0    0    0    0    0    0    0      0
    55    0    0    0    0    0    0    0    0    0    0    0    0    0    0    0    0    0    0    0    0      0
    56    0    0    0    0    0    0    0    0    0    0    0    0    0    0    0    0    0    0    0    0      0
    57    0    0    0    0    0    0    0    0    0    0    0    0    0    0    0    0    0    0    0    0      0
    58    0    0    0    0    0    0    0    0    0    0    0    0    0    0    0    0    0    0    0    0      0
    59    0    0    0    0    0    0    0    0    0    0    0    0    0    0    0    0    0    0    0    0      0
    60    0    0    0    0    0    0    0    0    0    0    0    0    0    0    0    0    0    0    0    0      0
    61    0    0    0    0    0    0    0    0    0    0    0    0    0    0    0    0    0    0    0    0      0
    62    0    0    0    0    0    0    0    0    0    0    0    0    0    0    0    0    0    0    0    0      0
    63    0    0    0    0    0    0    0    0    0    0    0    0    0    0    0    0    0    0    0    0      0
    64    0    0    0    0    0    0    0    0    0    0    0    0    0    0    0    0    0    0    0    0      0
    65    0    0    0    0    0    0    0    0    0    0    0    0    0    0    0    0    0    0    0    0      0
    66    0    0    0    0    0    0    0    0    0    0    0    0    0    0    0    0    0    0    0    0      0
    67    0    0    0    0    0    0    0    0    0    0    0    0    0    0    0    0    0    0    0    0      0
    68    0    0    0    0    0    0    0    0    0    0    0    0    0    0    0    0    0    0    0    0      0
    69    0    0    0    0    0    0    0    0    0    0    0    0    0    0    0    0    0    0    0    0      0
    70    0    0    0    0    0    0    0    0    0    0    0    0    0    0    0    0    0    0    0    0      0
    71    0    0    0    0    0    0    0    0    0    0    0    0    0    0    0    0    0    0    0    0      0
    72    0    0    0    0    0    0    0    0    0    0    0    0    0    0    0    0    0    0    0    0      0
    73    0    0    0    0    0    0    0    0    0    0    0    0    0    0    0    0    0    0    0    0      0
    74    0    0    0    0    0    0    0    0    0    0    0    0    0    0    0    0    0    0    0    0      0
    75    0    0    0    0    0    0    0    0    0    0    0    0    0    0    0    0    0    0    0    0      0
    76    0    0    0    0    0    0    0    0    0    0    0    0    0    0    0    0    0    0    0    0      0
    77    0    0    0    0    0    0    0    0    0    0    0    0    0    0    0    0    0    0    0    0      0
    78    0    0    0    0    0    0    0    0    0    0    0    0    0    0    0    0    0    0    0    0      0
    79    0    0    0    0    0    0    0    0    0    0    0    0    0    0    0    0    0    0    0    0      0
    80    0    0    0    0    0    0    0    0    0    0    0    0    0    0    0    0    0    0    0    0      0
    81    0    0    0    0    0    0    0    0    0    0    0    0    0    0    0    0    0    0    0    0      0
    82    0    0    0    0    0    0    0    0    0    0    0    0    0    0    0    0    0    0    0    0      0
    83    0    0    0    0    0    0    0    0    0    0    0    0    0    0    0    0    0    0    0    0      0
    84    0    0    0    0    0    0    0    0    0    0    0    0    0    0    0    0    0    0    0    0      0
    85    0    0    0    0    0    0    0    0    0    0    0    0    0    0    0    0    0    0    0    0      0
    86    0    0    0    0    0    0    0    0    0    0    0    0    0    0    0    0    0    0    0    0      0
    87    0    0    0    0    0    0    0    0    0    0    0    0    0    0    0    0    0    0    0    0      0
    88    0    0    0    0    0    0    0    0    0    0    0    0    0    0    0    0    0    0    0    0      0
    89    0    0    0    0    0    0    0    0    0    0    0    0    0    0    0    0    0    0    0    0      0
    90    0    0    0    0    0    0    0    0    0    0    0    0    0    0    0    0    0    0    0    0      0
    91    0    0    0    0    0    0    0    0    0    0    0    0    0    0    0    0    0    0    0    0      0
    92    0    0    0    0    0    0    0    0    0    0    0    0    0    0    0    0    0    0    0    0      0
    93    0    0    0    0    0    0    0    0    0    0    0    0    0    0    0    0    0    0    0    0      0
    94    0    0    0    0    0    0    0    0    0    0    0    0    0    0    0    0    0    0    0    0      0
    95    0    0    0    0    0    0    0    0    0    0    0    0    0    0    0    0    0    0    0    0      0
    96    0    0    0    0    0    0    0    0    0    0    0    0    0    0    0    0    0    0    0    0      0
    97    0    0    0    0    0    0    0    0    0    0    0    0    0    0    0    0    0    0    0    0      0
    98    0    0    0    0    0    0    0    0    0    0    0    0    0    0    0    0    0    0    0    0      0
    99    0    0    0    0    0    0    0    0    0    0    0    0    0    0    0    0    0    0    0    0      0
   100    0    0    0    0    0    0    0    0    0    0    0    0    0    0    0    0    0    0    0    0      0
     0  116  390  628  970 1350 1837 2129 2657 3089 3600 3984 4540 4959 5459 5811 6149 6489 6636 7181 7644  75618
1AZIMUTHAL ANGLE - POLAR ANGLE IN COS-INTERVALS (0.05) (BACKWARD SPUTTERED PARTICLES) , 1.LAYER , SPECIES 1

     0    1    2    3    4    5    6    7    8    9   10   11   12   13   14   15   16   17   18   19   20      0
     3    1    3   11   15   22   24   25   40   57   61   67   60   84   98   97  102  100  111  120  141   1239
     6    5    5   11   16   25   44   41   42   51   62   61   73   86   92   82  112   88  107  120  144   1267
     9    4    4   10   23   25   30   43   41   48   62   67   63   94   93  113  101  106  116  129  137   1309
    12    1    6    8   18   20   34   44   42   57   61   49   74   74   87  110   95   83  111  106  111   1191
    15    4    7    7   12   20   25   26   54   41   56   61   72   99   86   93   81   91   98  115  124   1172
    18    1    5   16   13   16   22   32   40   61   67   50   65   74  104   96  111  109  104  117  128   1231
    21    6    6   13   18   24   23   36   33   55   69   55   93   85   95   87  112   96  113  116  133   1268
    24    3    3   10   15   27   24   25   48   52   65   66   59   94   96   79  127  110  116  120  137   1276
    27    2    3   11   27   24   34   32   50   52   56   73   85   90   79  109  104  100   93  116  119   1259
    30    2    5   13   18   25   27   39   47   49   64   79   77   84  103  109  103  119  106  124  129   1322
    33    2    7    6   20   29   26   37   40   48   72   62   79   87   94   93   87  107   96  129  121   1242
    36    3    6    9   28   24   30   30   40   48   71   63   65   88   72  114   99  115  116  116  129   1266
    39    2   10   11   17   20   42   26   44   56   57   70   82   66   83  100   97  113   97  114  143   1250
    42    0    8    7   16   21   18   29   58   46   68   74   89   96   93   92  102  102   97  135  131   1282
    45    0    7    9   15   24   33   29   41   50   56   74   85   79  109   81  110  110   94  113  125   1244
    48    1    5   12   16   23   41   44   37   42   56   58   73   86   91   86  103  129  106  116  144   1269
    51    3    5   13   16   18   21   43   44   60   58   72   78   68   98  112  114  118  130  119  128   1318
    54    1    6   12   20   24   25   37   44   48   62   72   62   78  100   95   84   98  100  134  139   1241
    57    1    6   11   13   15   36   40   57   51   71   54   86   77   69  102   98  110  108  125  115   1245
    60    2    8   14    9   15   43   36   65   53   65   68   74   83   88  108  110  112  108  110  125   1296
    63    3    6   12   16   20   32   32   48   52   67   77   88   74  107  100   96  113  119  140  118   1320
    66    1    6    9   17   25   21   44   42   58   52   71   83   83   82  107  105  109  120  112  116   1263
    69    0    8   10   12   20   26   44   42   50   56   64   80   72   94   90   97   99  107  124  106   1201
    72    3    7    8   18   21   35   38   51   55   55   66   84   93   88   85  100   96  106  117  133   1259
    75    1   11    9   12   19   44   43   40   42   55   73   75   87   78   99   91  109  120  139  120   1267
    78    0    3    9   12   17   29   46   41   55   67   68   68   81   86   98  110  140  106  132  119   1287
    81    3    5   11   21   22   28   37   44   48   66   70   71   87   79   83   86   85  110  112  121   1189
    84    4    3   10   15   29   32   30   53   51   50   61   60   89   98   89  132  111  108  127  132   1284
    87    1    6   11   19   22   22   34   43   53   65   63   83   86   95  114  112  111  118  117  134   1309
    90    3    8    9    9   20   32   24   39   42   72   52   81   80   77   93   97  138  118  108  108   1210
    93    3    7    6   22   27   27   33   55   63   52   73   82   67   98  109   94  106   98  101  123   1246
    96    2    3    9   11   18   22   32   51   46   54   63   68   68   92   74   98  120  123  132  131   1217
    99    3    8    9   22   19   28   40   41   47   64   55   79   80   89  108  101   89  107  120  133   1242
   102    3    3    6   19   17   26   48   35   50   61   74   84   83   90   98  105  120  100  108  130   1260
   105    1    7    6   12   37   41   34   46   58   53   84   62   85   89  101  110  110  111  120  118   1285
   108    3    7   12   20   33   33   32   38   44   49   79   73   76  107  109   93   84  116  122  136   1266
   111    2   11    7   22   30   23   44   47   63   59   67   68   72   93   84  101   92  115  133  119   1252
   114    1    6   12   10   20   37   33   53   57   61   65   74   97  101   92   99  132  112  130  136   1328
   117    2    8    9   13   23   36   25   46   45   59   67   86   92   86   95   87  103   95  119  125   1221
   120    0    5   13   14   20   28   30   48   37   62   85   71   67  103  106  107  109  124  122  143   1294
   123    1    9   15    8   28   34   32   39   54   52   57   89   89   94  104  117  121  106  113  118   1280
   126    3   10   12   16   21   26   40   38   47   50   81   78   91   92   98   93  108  118  132  145   1299
   129    2   10   18   18   19   32   36   42   61   54   68   77   88  105   88  109  121  108  105  124   1285
   132    0    5   14   17   20   34   39   50   42   61   40   74   81   67   98  121  115  115  121  108   1222
   135    3    7   19   13   29   26   37   46   44   56   66   79   73   88   86   86   99  127  121  131   1236
   138    2    3   14   16   24   29   33   50   60   53   65   73   93  100   93   87   83   99  113  131   1221
   141    1    9    6   11   20   31   39   37   60   66   58   80   97   88   88   93  111  123  113  113   1244
   144    1   12    9   19   21   31   37   46   59   58   66   70   85   87  104  122  122  126  134  133   1342
   147    0    6   13   13   20   29   35   44   52   56   73   72   75   75   82   89  101  123  127  133   1218
   150    2   11   13   15   24   29   28   44   61   54   75   70   81  106  106  105  111   98  118  138   1289
   153    4    6   11   22   23   27   47   38   47   62   56   82   90   88  110  104  107   99  117  110   1250
   156    0    8   11   21   28   33   38   40   49   61   71   63   88   80   83  105  106  105  118  124   1232
   159    1    8    6   13   22   32   33   44   53   62   84   75   78   93   94  110  122  109  149  128   1316
   162    0    9   14   17   24   36   37   40   52   61   69   75   80   92   99  103  104  102  117  148   1279
   165    3    6    2   14   23   37   26   33   50   56   72   89   72   94   73   87  100  113  110  128   1188
   168    5    5   17   13   18   29   41   39   45   55   75   92   79   91   95  111  113  132  102  136   1293
   171    1    8    9   13   23   31   29   39   43   69   65   75   84   93  108  124  114  132  124  123   1307
   174    3    5    7   19   25   35   35   52   47   69   61   74   82   85  106  106  124  116   89  136   1276
   177    0    5    6   13   13   32   37   49   54   46   49   73   85   81   97   92  108  128  109  114   1191
   180    1    5   11   18   25   40   33   37   68   61   61   66   77   98  107  112  107   97  120  119   1263
     0  116  390  628  970 1350 1837 2129 2657 3089 3600 3984 4540 4959 5459 5811 6149 6489 6636 7181 7644  75618
