1
      *** PROGRAM TRVMC95 ***


                              * INPUT DATA *


       Z1        M1          E0       ALPHA       EF        ESB      SHEATH     ERC
     18.00     39.95       887.00      0.00      0.10      0.00   2661.00      4.70

       NH        RI           X0        RD        CW        CA       KK0   KK0R   KDEE1  KDEE2  IPOT   IPOTR   IRL
     99999 716381.00         0.00    100.00      2.00      1.00       2      2      3      3      1      1      3


             DX      RHO    CK  Z(,1) Z(,2) Z(,3) Z(,4) Z(,5)  M(,1)  M(,2)  M(,3)  M(,4)  M(,5) C(,1) C(,2) C(,3) C(,4) C(,5)

 1.LAYER 10000.00   2.25   1.00    6.    0.    0.    0.    0.  12.01   0.00   0.00   0.00   0.00 1.000 0.000 0.000 0.000 0.000


                           ***  SBE(LAYER,ELEMENT)  ***     ***     ED(LAYER,ELEMENT)     ***     ***   BE(LAYER,ELEMENT)  ***

 1.LAYER                   7.41  0.00  0.00  0.00  0.00     30.00   0.00   0.00   0.00   0.00     0.10  0.00  0.00  0.00  0.00


       INTERACTION POTENTIAL : PROJECTILE-TARGET : KR-C POTENTIAL     TARGET-TARGET : KR-C POTENTIAL    


       INELASTIC LOSS MODEL  : PROJECTILE-TARGET : 50% LS 50% OR      TARGET-TARGET : 50% LS 50% OR     
1

                              * OUTPUT DATA *


                 HLM       HLMT        SU       SUT        XC        RT       SFE      INEL         L        LJ
               0.0000 10000.000    3.5029 10003.503   -3.5029  9900.000      7.41         0         1         1


                NPROJ       KIB       KIT      MAXA      NALL       NPA       NSA       KIS      KIST
                25303         0         0       295  16585048   1333010   9108211     73834         0


            EPS0(I)       Z2(I)       M2(I)     ARHO(I)       LM(I)     PMAX(I)     ASIG(I)       SB(I)       XX(I)        NJ(I)

 1.LAYER   0.1739E-01  0.6000E+01  0.1201E+02  0.1128E+00  0.2070E+01  0.1168E+01  0.2335E+00  0.7410E+01  0.1000E+05         1


             A1(1)   A1(2)   A1(3)   A1(4)   A1(5)   A1(6)   A1(7)   A1(8)   A1(9)  A1(10)  A1(11)  A1(12)  A1(13)  A1(14)  A1(15)

           0.13193


           KOR1(1) KOR1(2) KOR1(3) KOR1(4) KOR1(5) KOR1(6) KOR1(7) KOR1(8) KOR1(9) KOR1(A) KOR1(B) KOR1(C) KOR1(D) KOR1(E) KOR1(F)

           0.73577


            A(I,1)  A(I,2)  A(I,3)  A(I,4)  A(I,5)  A(I,6)  A(I,7)  A(I,8)  A(I,9) A(I,10) A(I,11) A(I,12) A(I,13) A(I,14) A(I,15)

           0.16242


           KOR(,1) KOR(,2) KOR(,3) KOR(,4) KOR(,5) KOR(,6) KOR(,7) KOR(,8) KOR(,9) KOR(,A) KOR(,B) KOR(,C) KOR(,D) KOR(,E) KOR(,F)

           0.46963
1

         IMPLANTED PARTICLES=  99999     ENERGY=0.8870E+08 EV
     BACKSCATTERED PARTICLES=      0     ENERGY=0.0000E+00 EV
       TRANSMITTED PARTICLES=      0     ENERGY=0.0000E+00 EV
     BACKSPUTTERED PARTICLES=  24249     ENERGY=0.3449E+06 EV
    TRANSM. SPUTT. PARTICLES=      0     ENERGY=0.0000E+00 EV


  PROJECTILES :   MEAN NUMBER OF ELASTIC COLLISIONS =     14.5   MEAN NUMBER OF EL.COLL.(E > EDISPL.) =    6.151
                                                                 MEAN NUMBER OF EL.COLL.(E > SB(1))   =   12.760

                       MEAN        VARIANCE      SKEWNESS      KURTOSIS        SIGMA       ERROR 1.M     ERROR 2.M     ERROR 3.M 
  PENETRATION       2.3734E+01    4.5006E+01    3.7379E-01    2.9638E+00    6.7087E+00    2.1215E-02    1.9945E-01    7.3280E-03
       SPREAD       8.1201E+00    1.9372E+01    7.2602E-01    3.5060E+00    4.4014E+00    1.3918E-02    9.6978E-02    9.4393E-03
   PATHLENGTH       2.8095E+01    5.1013E+01    3.1074E-01    2.8868E+00    7.1423E+00    2.2586E-02    2.2159E-01    7.0045E-03
 ELASTIC LOSS       8.4226E+02    1.9184E+02                                1.3851E+01    1.3851E-04
   INEL. LOSS       4.4734E+01    1.9184E+02                                1.3851E+01    1.3851E-04

                       MEAN        VARIANCE      SKEWNESS      KURTOSIS        SIGMA       ERROR 1.M     ERROR 2.M     ERROR 3.M 
   ELAST.LOSS       5.3834E+01    6.3190E+03    3.1517E+00    1.5002E+01    7.9492E+01    6.6028E-02    1.9640E+01    5.1327E-03
 WEAK EL.LOSS       4.2759E+00    6.8366E+00    7.2610E-01    2.9545E+00    2.6147E+00    2.1718E-03    7.9389E-03    1.4491E-03
 INELAST.LOSS       3.0863E+00    3.6599E+00    2.1366E-03    1.7184E+00    1.9131E+00    1.5891E-03    2.5766E-03    1.2503E-03
  SUBTHR.LOSS       1.3825E+01    5.8408E+01    1.5362E-01    2.2528E+00    7.6425E+00    8.3672E-03    7.1575E-02    1.4667E-03

                     1.MOMENT      2.MOMENT      3.MOMENT      4.MOMENT      5.MOMENT      6.MOMENT 
  PENETRATION       2.3734E+01    6.0832E+02    1.6687E+04    4.8616E+05    1.4944E+07    4.8205E+08



  RECOILES (PER PROJ.)   :   MEAN NUMBER OF ELASTIC COLLISIONS =    161.6   MEAN NUMBER OF EL.COLL.(E > EDISPL.) =      6.311
                                                                            MEAN NUMBER OF EL.COLL.(E > SB(1))   =     48.651

  RECOILES (PER KNOCKON) :   MEAN NUMBER OF ELASTIC COLLISIONS =    1.548   MEAN NUMBER OF EL.COLL.(E > EDISPL.) =      0.060
                                                                            MEAN NUMBER OF EL.COLL.(E > SB(1))   =      0.466

1


     DEPTH(A)  PARTICLES  NORM.DEPTH PATHLENGTH   INLOSS(EV)  TELOSS(EV)  ELLOSS(EV)  DAMAGE(EV)  PHONON(EV)  CASCAD(EV)     DPA

    -SU-    0.         0  0.0000E+00
     0.-    2.         0  0.0000E+00         0    5.4460E+05  9.4541E+06  9.2069E+06  8.5499E+06  6.5706E+05  7.2549E+06   53262
     2.-    4.         0  0.0000E+00         0    5.3967E+05  9.1564E+06  8.8769E+06  8.2075E+06  6.6945E+05  6.9815E+06   55061
     4.-    6.         7  0.7000E-04         0    5.0387E+05  8.7277E+06  8.4089E+06  7.7075E+06  7.0134E+05  6.5730E+06   56293
     6.-    8.        95  0.9500E-03         1    4.6744E+05  8.3114E+06  7.9424E+06  7.2047E+06  7.3772E+05  6.1625E+06   58112
     8.-   10.       544  0.5440E-02        16    4.2658E+05  7.8029E+06  7.3803E+06  6.5852E+06  7.9509E+05  5.6472E+06   58058
    10.-   12.      1708  0.1708E-01       179    3.8532E+05  7.2795E+06  6.8009E+06  5.9417E+06  8.5923E+05  5.1083E+06   57285
    12.-   14.      3742  0.3742E-01       714    3.4047E+05  6.6115E+06  6.0852E+06  5.1619E+06  9.2336E+05  4.4481E+06   54023
    14.-   16.      6192  0.6192E-01      1892    2.9390E+05  5.8699E+06  5.3208E+06  4.3696E+06  9.5123E+05  3.7736E+06   49365
    16.-   18.      8499  0.8499E-01      3750    2.4641E+05  5.0873E+06  4.5402E+06  3.6027E+06  9.3749E+05  3.1172E+06   43426
    18.-   20.     10372  0.1037E+00      5877    1.9987E+05  4.2313E+06  3.7143E+06  2.8294E+06  8.8497E+05  2.4525E+06   36254
    20.-   22.     11370  0.1137E+00      8004    1.5716E+05  3.3964E+06  2.9306E+06  2.1234E+06  8.0724E+05  1.8437E+06   28861
    22.-   24.     11581  0.1158E+00      9639    1.1902E+05  2.6127E+06  2.2137E+06  1.5177E+06  6.9601E+05  1.3200E+06   21847
    24.-   26.     10757  0.1076E+00     10906    8.6410E+04  1.9317E+06  1.6087E+06  1.0400E+06  5.6870E+05  9.0571E+05   15702
    26.-   28.      9636  0.9636E-01     11186    6.0533E+04  1.3759E+06  1.1269E+06  6.8837E+05  4.3851E+05  6.0031E+05   10894
    28.-   30.      7814  0.7814E-01     10748    4.0320E+04  9.2831E+05  7.4744E+05  4.2611E+05  3.2133E+05  3.7215E+05    7101
    30.-   32.      5964  0.5964E-01      9655    2.6017E+04  6.0156E+05  4.7531E+05  2.4900E+05  2.2631E+05  2.1764E+05    4278
    32.-   34.      4325  0.4325E-01      7934    1.5911E+04  3.7525E+05  2.9253E+05  1.4431E+05  1.4822E+05  1.2627E+05    2571
    34.-   36.      3063  0.3063E-01      6490    9.3820E+03  2.2312E+05  1.7102E+05  7.6432E+04  9.4590E+04  6.6941E+04    1404
    36.-   38.      1881  0.1881E-01      4743    5.0834E+03  1.2182E+05  9.2043E+04  3.7877E+04  5.4167E+04  3.3188E+04     710
    38.-   40.      1130  0.1130E-01      3239    2.7031E+03  6.4607E+04  4.7906E+04  1.7715E+04  3.0190E+04  1.5538E+04     344
    40.-   42.       663  0.6630E-02      2133    1.4133E+03  3.3393E+04  2.4390E+04  8.0535E+03  1.6337E+04  7.0790E+03     168
    42.-   44.       322  0.3220E-02      1303    6.6941E+02  1.6098E+04  1.1591E+04  3.4111E+03  8.1794E+03  2.9947E+03      68
    44.-   46.       199  0.1990E-02       724    3.1704E+02  7.4761E+03  5.2138E+03  1.3124E+03  3.9015E+03  1.1564E+03      30
    46.-   48.        78  0.7800E-03       445    1.3238E+02  3.1081E+03  2.1869E+03  4.8359E+02  1.7033E+03  4.2601E+02      11
    48.-   50.        35  0.3500E-03       215    5.2409E+01  1.2202E+03  8.3430E+02  8.3317E+01  7.5099E+02  7.3481E+01       2
    50.-   52.        11  0.1100E-03       111    2.6092E+01  6.4994E+02  4.7166E+02  8.8943E+01  3.8272E+02  7.8378E+01       2
    52.-   54.         4  0.4000E-04        52    9.0788E+00  2.1653E+02  1.5568E+02  4.9236E+01  1.0644E+02  4.3318E+01       1
    54.-   56.         3  0.3000E-04        24    5.1700E+00  1.4096E+02  9.6777E+01  0.0000E+00  9.6777E+01  0.0000E+00       0
    56.-   58.         3  0.3000E-04        10    2.2412E+00  5.2221E+01  3.5544E+01  0.0000E+00  3.5544E+01  0.0000E+00       0
    58.-   60.         1  0.1000E-04         6    9.0540E-01  2.5736E+01  1.7188E+01  0.0000E+00  1.7188E+01  0.0000E+00       0
    60.-   62.         0  0.0000E+00         3    4.4160E-02  7.0499E-01  4.2438E-01  0.0000E+00  4.2438E-01  0.0000E+00       0
    62.-   64.         0  0.0000E+00         0    0.0000E+00  0.0000E+00  0.0000E+00  0.0000E+00  0.0000E+00  0.0000E+00       0
    64.-   66.         0  0.0000E+00         0    0.0000E+00  0.0000E+00  0.0000E+00  0.0000E+00  0.0000E+00  0.0000E+00       0
    66.-   68.         0  0.0000E+00         0    0.0000E+00  0.0000E+00  0.0000E+00  0.0000E+00  0.0000E+00  0.0000E+00       0
    68.-   70.         0  0.0000E+00         0    0.0000E+00  0.0000E+00  0.0000E+00  0.0000E+00  0.0000E+00  0.0000E+00       0
    70.-   72.         0  0.0000E+00         0    0.0000E+00  0.0000E+00  0.0000E+00  0.0000E+00  0.0000E+00  0.0000E+00       0
    72.-   74.         0  0.0000E+00         0    0.0000E+00  0.0000E+00  0.0000E+00  0.0000E+00  0.0000E+00  0.0000E+00       0
    74.-   76.         0  0.0000E+00         0    0.0000E+00  0.0000E+00  0.0000E+00  0.0000E+00  0.0000E+00  0.0000E+00       0
    76.-   78.         0  0.0000E+00         0    0.0000E+00  0.0000E+00  0.0000E+00  0.0000E+00  0.0000E+00  0.0000E+00       0
    78.-   80.         0  0.0000E+00         0    0.0000E+00  0.0000E+00  0.0000E+00  0.0000E+00  0.0000E+00  0.0000E+00       0
    80.-   82.         0  0.0000E+00         0    0.0000E+00  0.0000E+00  0.0000E+00  0.0000E+00  0.0000E+00  0.0000E+00       0
    82.-   84.         0  0.0000E+00         0    0.0000E+00  0.0000E+00  0.0000E+00  0.0000E+00  0.0000E+00  0.0000E+00       0
    84.-   86.         0  0.0000E+00         0    0.0000E+00  0.0000E+00  0.0000E+00  0.0000E+00  0.0000E+00  0.0000E+00       0
    86.-   88.         0  0.0000E+00         0    0.0000E+00  0.0000E+00  0.0000E+00  0.0000E+00  0.0000E+00  0.0000E+00       0
    88.-   90.         0  0.0000E+00         0    0.0000E+00  0.0000E+00  0.0000E+00  0.0000E+00  0.0000E+00  0.0000E+00       0
    90.-   92.         0  0.0000E+00         0    0.0000E+00  0.0000E+00  0.0000E+00  0.0000E+00  0.0000E+00  0.0000E+00       0
    92.-   94.         0  0.0000E+00         0    0.0000E+00  0.0000E+00  0.0000E+00  0.0000E+00  0.0000E+00  0.0000E+00       0
    94.-   96.         0  0.0000E+00         0    0.0000E+00  0.0000E+00  0.0000E+00  0.0000E+00  0.0000E+00  0.0000E+00       0
    96.-   98.         0  0.0000E+00         0    0.0000E+00  0.0000E+00  0.0000E+00  0.0000E+00  0.0000E+00  0.0000E+00       0
    98.-  100.         0  0.0000E+00         0    0.0000E+00  0.0000E+00  0.0000E+00  0.0000E+00  0.0000E+00  0.0000E+00       0
   100.-  102.         0  0.0000E+00         0    0.0000E+00  0.0000E+00  0.0000E+00  0.0000E+00  0.0000E+00  0.0000E+00       0
   102.-  104.         0  0.0000E+00         0    0.0000E+00  0.0000E+00  0.0000E+00  0.0000E+00  0.0000E+00  0.0000E+00       0
   104.-  106.         0  0.0000E+00         0    0.0000E+00  0.0000E+00  0.0000E+00  0.0000E+00  0.0000E+00  0.0000E+00       0
   106.-  108.         0  0.0000E+00         0    0.0000E+00  0.0000E+00  0.0000E+00  0.0000E+00  0.0000E+00  0.0000E+00       0
   108.-  110.         0  0.0000E+00         0    0.0000E+00  0.0000E+00  0.0000E+00  0.0000E+00  0.0000E+00  0.0000E+00       0
   110.-  112.         0  0.0000E+00         0    0.0000E+00  0.0000E+00  0.0000E+00  0.0000E+00  0.0000E+00  0.0000E+00       0
   112.-  114.         0  0.0000E+00         0    0.0000E+00  0.0000E+00  0.0000E+00  0.0000E+00  0.0000E+00  0.0000E+00       0
   114.-  116.         0  0.0000E+00         0    0.0000E+00  0.0000E+00  0.0000E+00  0.0000E+00  0.0000E+00  0.0000E+00       0
   116.-  118.         0  0.0000E+00         0    0.0000E+00  0.0000E+00  0.0000E+00  0.0000E+00  0.0000E+00  0.0000E+00       0
   118.-  120.         0  0.0000E+00         0    0.0000E+00  0.0000E+00  0.0000E+00  0.0000E+00  0.0000E+00  0.0000E+00       0
   120.-  122.         0  0.0000E+00         0    0.0000E+00  0.0000E+00  0.0000E+00  0.0000E+00  0.0000E+00  0.0000E+00       0
   122.-  124.         0  0.0000E+00         0    0.0000E+00  0.0000E+00  0.0000E+00  0.0000E+00  0.0000E+00  0.0000E+00       0
   124.-  126.         0  0.0000E+00         0    0.0000E+00  0.0000E+00  0.0000E+00  0.0000E+00  0.0000E+00  0.0000E+00       0
   126.-  128.         0  0.0000E+00         0    0.0000E+00  0.0000E+00  0.0000E+00  0.0000E+00  0.0000E+00  0.0000E+00       0
   128.-  130.         0  0.0000E+00         0    0.0000E+00  0.0000E+00  0.0000E+00  0.0000E+00  0.0000E+00  0.0000E+00       0
   130.-  132.         0  0.0000E+00         0    0.0000E+00  0.0000E+00  0.0000E+00  0.0000E+00  0.0000E+00  0.0000E+00       0
   132.-  134.         0  0.0000E+00         0    0.0000E+00  0.0000E+00  0.0000E+00  0.0000E+00  0.0000E+00  0.0000E+00       0
   134.-  136.         0  0.0000E+00         0    0.0000E+00  0.0000E+00  0.0000E+00  0.0000E+00  0.0000E+00  0.0000E+00       0
   136.-  138.         0  0.0000E+00         0    0.0000E+00  0.0000E+00  0.0000E+00  0.0000E+00  0.0000E+00  0.0000E+00       0
   138.-  140.         0  0.0000E+00         0    0.0000E+00  0.0000E+00  0.0000E+00  0.0000E+00  0.0000E+00  0.0000E+00       0
   140.-  142.         0  0.0000E+00         0    0.0000E+00  0.0000E+00  0.0000E+00  0.0000E+00  0.0000E+00  0.0000E+00       0
   142.-  144.         0  0.0000E+00         0    0.0000E+00  0.0000E+00  0.0000E+00  0.0000E+00  0.0000E+00  0.0000E+00       0
   144.-  146.         0  0.0000E+00         0    0.0000E+00  0.0000E+00  0.0000E+00  0.0000E+00  0.0000E+00  0.0000E+00       0
   146.-  148.         0  0.0000E+00         0    0.0000E+00  0.0000E+00  0.0000E+00  0.0000E+00  0.0000E+00  0.0000E+00       0
   148.-  150.         0  0.0000E+00         0    0.0000E+00  0.0000E+00  0.0000E+00  0.0000E+00  0.0000E+00  0.0000E+00       0
   150.-  152.         0  0.0000E+00         0    0.0000E+00  0.0000E+00  0.0000E+00  0.0000E+00  0.0000E+00  0.0000E+00       0
   152.-  154.         0  0.0000E+00         0    0.0000E+00  0.0000E+00  0.0000E+00  0.0000E+00  0.0000E+00  0.0000E+00       0
   154.-  156.         0  0.0000E+00         0    0.0000E+00  0.0000E+00  0.0000E+00  0.0000E+00  0.0000E+00  0.0000E+00       0
   156.-  158.         0  0.0000E+00         0    0.0000E+00  0.0000E+00  0.0000E+00  0.0000E+00  0.0000E+00  0.0000E+00       0
   158.-  160.         0  0.0000E+00         0    0.0000E+00  0.0000E+00  0.0000E+00  0.0000E+00  0.0000E+00  0.0000E+00       0
   160.-  162.         0  0.0000E+00         0    0.0000E+00  0.0000E+00  0.0000E+00  0.0000E+00  0.0000E+00  0.0000E+00       0
   162.-  164.         0  0.0000E+00         0    0.0000E+00  0.0000E+00  0.0000E+00  0.0000E+00  0.0000E+00  0.0000E+00       0
   164.-  166.         0  0.0000E+00         0    0.0000E+00  0.0000E+00  0.0000E+00  0.0000E+00  0.0000E+00  0.0000E+00       0
   166.-  168.         0  0.0000E+00         0    0.0000E+00  0.0000E+00  0.0000E+00  0.0000E+00  0.0000E+00  0.0000E+00       0
   168.-  170.         0  0.0000E+00         0    0.0000E+00  0.0000E+00  0.0000E+00  0.0000E+00  0.0000E+00  0.0000E+00       0
   170.-  172.         0  0.0000E+00         0    0.0000E+00  0.0000E+00  0.0000E+00  0.0000E+00  0.0000E+00  0.0000E+00       0
   172.-  174.         0  0.0000E+00         0    0.0000E+00  0.0000E+00  0.0000E+00  0.0000E+00  0.0000E+00  0.0000E+00       0
   174.-  176.         0  0.0000E+00         0    0.0000E+00  0.0000E+00  0.0000E+00  0.0000E+00  0.0000E+00  0.0000E+00       0
   176.-  178.         0  0.0000E+00         0    0.0000E+00  0.0000E+00  0.0000E+00  0.0000E+00  0.0000E+00  0.0000E+00       0
   178.-  180.         0  0.0000E+00         0    0.0000E+00  0.0000E+00  0.0000E+00  0.0000E+00  0.0000E+00  0.0000E+00       0
   180.-  182.         0  0.0000E+00         0    0.0000E+00  0.0000E+00  0.0000E+00  0.0000E+00  0.0000E+00  0.0000E+00       0
   182.-  184.         0  0.0000E+00         0    0.0000E+00  0.0000E+00  0.0000E+00  0.0000E+00  0.0000E+00  0.0000E+00       0
   184.-  186.         0  0.0000E+00         0    0.0000E+00  0.0000E+00  0.0000E+00  0.0000E+00  0.0000E+00  0.0000E+00       0
   186.-  188.         0  0.0000E+00         0    0.0000E+00  0.0000E+00  0.0000E+00  0.0000E+00  0.0000E+00  0.0000E+00       0
   188.-  190.         0  0.0000E+00         0    0.0000E+00  0.0000E+00  0.0000E+00  0.0000E+00  0.0000E+00  0.0000E+00       0
   190.-  192.         0  0.0000E+00         0    0.0000E+00  0.0000E+00  0.0000E+00  0.0000E+00  0.0000E+00  0.0000E+00       0
   192.-  194.         0  0.0000E+00         0    0.0000E+00  0.0000E+00  0.0000E+00  0.0000E+00  0.0000E+00  0.0000E+00       0
   194.-  196.         0  0.0000E+00         0    0.0000E+00  0.0000E+00  0.0000E+00  0.0000E+00  0.0000E+00  0.0000E+00       0
   196.-  198.         0  0.0000E+00         0    0.0000E+00  0.0000E+00  0.0000E+00  0.0000E+00  0.0000E+00  0.0000E+00       0
   198.-  200.         0  0.0000E+00         0    0.0000E+00  0.0000E+00  0.0000E+00  0.0000E+00  0.0000E+00  0.0000E+00       0
   200.-   SUT         0  0.0000E+00

                   99999  1.0000E+00     99999    4.4733E+06  8.4226E+07  7.8028E+07  6.6494E+07  1.1534E+07  5.7032E+07  615133
1
     RECOILS



     DEPTH(A)     INLOSS(EV)   TELOSS(EV)   ELLOSS(EV)   DAMAGE(EV)   PHONON(EV)     DPA  DPA(1)  DPA(2)

     0.-    2.    2.0847E+05   4.0748E+06   3.1784E+06   5.3394E+05   2.6445E+06   10012   10012       0
     2.-    4.    4.0439E+05   7.2258E+06   5.9174E+06   1.7478E+06   4.1696E+06   27993   27993       0
     4.-    6.    5.7426E+05   9.9584E+06   8.2235E+06   2.6227E+06   5.6008E+06   40856   40856       0
     6.-    8.    6.9776E+05   1.2049E+07   9.9463E+06   3.1580E+06   6.7883E+06   49520   49520       0
     8.-   10.    7.8485E+05   1.3619E+07   1.1221E+07   3.5001E+06   7.7213E+06   55583   55583       0
    10.-   12.    8.3806E+05   1.4692E+07   1.2078E+07   3.6867E+06   8.3914E+06   59593   59593       0
    12.-   14.    8.5206E+05   1.5153E+07   1.2410E+07   3.6433E+06   8.7668E+06   59579   59579       0
    14.-   16.    8.3481E+05   1.5027E+07   1.2250E+07   3.4269E+06   8.8229E+06   57295   57295       0
    16.-   18.    7.8835E+05   1.4359E+07   1.1654E+07   3.0942E+06   8.5594E+06   52514   52514       0
    18.-   20.    7.2121E+05   1.3339E+07   1.0786E+07   2.7755E+06   8.0108E+06   47613   47613       0
    20.-   22.    6.3361E+05   1.1867E+07   9.5510E+06   2.3314E+06   7.2196E+06   40590   40590       0
    22.-   24.    5.3923E+05   1.0222E+07   8.1889E+06   1.8844E+06   6.3045E+06   33500   33500       0
    24.-   26.    4.4187E+05   8.4690E+06   6.7542E+06   1.4713E+06   5.2829E+06   26609   26609       0
    26.-   28.    3.4974E+05   6.7924E+06   5.3988E+06   1.1404E+06   4.2584E+06   20642   20642       0
    28.-   30.    2.6684E+05   5.2213E+06   4.1317E+06   8.2646E+05   3.3052E+06   15176   15176       0
    30.-   32.    1.9814E+05   3.9066E+06   3.0810E+06   5.9227E+05   2.4887E+06   10872   10872       0
    32.-   34.    1.4191E+05   2.8342E+06   2.2321E+06   4.2775E+05   1.8043E+06    7837    7837       0
    34.-   36.    9.9414E+04   1.9905E+06   1.5627E+06   2.8605E+05   1.2767E+06    5320    5320       0
    36.-   38.    6.7782E+04   1.3576E+06   1.0636E+06   1.8849E+05   8.7508E+05    3555    3555       0
    38.-   40.    4.4816E+04   9.0278E+05   7.0670E+05   1.2496E+05   5.8174E+05    2321    2321       0
    40.-   42.    2.9226E+04   5.8923E+05   4.6058E+05   8.1930E+04   3.7865E+05    1534    1534       0
    42.-   44.    1.8693E+04   3.7739E+05   2.9533E+05   5.1944E+04   2.4339E+05    1000    1000       0
    44.-   46.    1.1795E+04   2.3753E+05   1.8562E+05   3.1177E+04   1.5445E+05     609     609       0
    46.-   48.    7.3797E+03   1.5005E+05   1.1727E+05   2.0499E+04   9.6770E+04     402     402       0
    48.-   50.    4.5239E+03   9.1778E+04   7.1639E+04   1.2188E+04   5.9452E+04     226     226       0
    50.-   52.    2.8938E+03   5.8681E+04   4.5937E+04   8.0596E+03   3.7878E+04     143     143       0
    52.-   54.    1.7878E+03   3.6952E+04   2.8982E+04   5.4559E+03   2.3526E+04     103     103       0
    54.-   56.    1.0964E+03   2.2717E+04   1.7841E+04   3.1110E+03   1.4730E+04      62      62       0
    56.-   58.    6.4734E+02   1.2850E+04   9.8343E+03   1.3288E+03   8.5055E+03      28      28       0
    58.-   60.    3.5791E+02   7.9283E+03   6.2551E+03   1.2560E+03   4.9992E+03      21      21       0
    60.-   62.    2.1325E+02   4.2185E+03   3.2497E+03   3.1403E+02   2.9357E+03       6       6       0
    62.-   64.    1.3147E+02   2.5137E+03   1.9569E+03   3.1023E+02   1.6466E+03       6       6       0
    64.-   66.    8.4304E+01   1.6096E+03   1.2349E+03   1.6721E+02   1.0677E+03       3       3       0
    66.-   68.    5.1090E+01   1.0336E+03   8.0174E+02   1.7114E+02   6.3060E+02       3       3       0
    68.-   70.    2.3674E+01   5.3293E+02   4.1854E+02   1.3494E+02   2.8359E+02       2       2       0
    70.-   72.    1.9116E+01   2.8860E+02   2.2541E+02   0.0000E+00   2.2541E+02       0       0       0
    72.-   74.    7.6865E+00   1.8402E+02   1.5029E+02   0.0000E+00   1.5029E+02       0       0       0
    74.-   76.    5.2420E+00   1.5419E+02   1.2733E+02   0.0000E+00   1.2733E+02       0       0       0
    76.-   78.    3.1185E+00   7.1838E+01   5.4719E+01   0.0000E+00   5.4719E+01       0       0       0
    78.-   80.    1.3064E+00   3.3526E+01   2.5217E+01   0.0000E+00   2.5217E+01       0       0       0
    80.-   82.    7.4450E-01   1.8247E+01   1.2682E+01   0.0000E+00   1.2682E+01       0       0       0
    82.-   84.    1.7611E-01   4.0410E+00   2.1545E+00   0.0000E+00   2.1545E+00       0       0       0
    84.-   86.    0.0000E+00   0.0000E+00   0.0000E+00   0.0000E+00   0.0000E+00       0       0       0
    86.-   88.    0.0000E+00   0.0000E+00   0.0000E+00   0.0000E+00   0.0000E+00       0       0       0
    88.-   90.    0.0000E+00   0.0000E+00   0.0000E+00   0.0000E+00   0.0000E+00       0       0       0
    90.-   92.    0.0000E+00   0.0000E+00   0.0000E+00   0.0000E+00   0.0000E+00       0       0       0
    92.-   94.    0.0000E+00   0.0000E+00   0.0000E+00   0.0000E+00   0.0000E+00       0       0       0
    94.-   96.    0.0000E+00   0.0000E+00   0.0000E+00   0.0000E+00   0.0000E+00       0       0       0
    96.-   98.    0.0000E+00   0.0000E+00   0.0000E+00   0.0000E+00   0.0000E+00       0       0       0
    98.-  100.    0.0000E+00   0.0000E+00   0.0000E+00   0.0000E+00   0.0000E+00       0       0       0
   100.-  102.    0.0000E+00   0.0000E+00   0.0000E+00   0.0000E+00   0.0000E+00       0       0       0
   102.-  104.    0.0000E+00   0.0000E+00   0.0000E+00   0.0000E+00   0.0000E+00       0       0       0
   104.-  106.    0.0000E+00   0.0000E+00   0.0000E+00   0.0000E+00   0.0000E+00       0       0       0
   106.-  108.    0.0000E+00   0.0000E+00   0.0000E+00   0.0000E+00   0.0000E+00       0       0       0
   108.-  110.    0.0000E+00   0.0000E+00   0.0000E+00   0.0000E+00   0.0000E+00       0       0       0
   110.-  112.    0.0000E+00   0.0000E+00   0.0000E+00   0.0000E+00   0.0000E+00       0       0       0
   112.-  114.    0.0000E+00   0.0000E+00   0.0000E+00   0.0000E+00   0.0000E+00       0       0       0
   114.-  116.    0.0000E+00   0.0000E+00   0.0000E+00   0.0000E+00   0.0000E+00       0       0       0
   116.-  118.    0.0000E+00   0.0000E+00   0.0000E+00   0.0000E+00   0.0000E+00       0       0       0
   118.-  120.    0.0000E+00   0.0000E+00   0.0000E+00   0.0000E+00   0.0000E+00       0       0       0
   120.-  122.    0.0000E+00   0.0000E+00   0.0000E+00   0.0000E+00   0.0000E+00       0       0       0
   122.-  124.    0.0000E+00   0.0000E+00   0.0000E+00   0.0000E+00   0.0000E+00       0       0       0
   124.-  126.    0.0000E+00   0.0000E+00   0.0000E+00   0.0000E+00   0.0000E+00       0       0       0
   126.-  128.    0.0000E+00   0.0000E+00   0.0000E+00   0.0000E+00   0.0000E+00       0       0       0
   128.-  130.    0.0000E+00   0.0000E+00   0.0000E+00   0.0000E+00   0.0000E+00       0       0       0
   130.-  132.    0.0000E+00   0.0000E+00   0.0000E+00   0.0000E+00   0.0000E+00       0       0       0
   132.-  134.    0.0000E+00   0.0000E+00   0.0000E+00   0.0000E+00   0.0000E+00       0       0       0
   134.-  136.    0.0000E+00   0.0000E+00   0.0000E+00   0.0000E+00   0.0000E+00       0       0       0
   136.-  138.    0.0000E+00   0.0000E+00   0.0000E+00   0.0000E+00   0.0000E+00       0       0       0
   138.-  140.    0.0000E+00   0.0000E+00   0.0000E+00   0.0000E+00   0.0000E+00       0       0       0
   140.-  142.    0.0000E+00   0.0000E+00   0.0000E+00   0.0000E+00   0.0000E+00       0       0       0
   142.-  144.    0.0000E+00   0.0000E+00   0.0000E+00   0.0000E+00   0.0000E+00       0       0       0
   144.-  146.    0.0000E+00   0.0000E+00   0.0000E+00   0.0000E+00   0.0000E+00       0       0       0
   146.-  148.    0.0000E+00   0.0000E+00   0.0000E+00   0.0000E+00   0.0000E+00       0       0       0
   148.-  150.    0.0000E+00   0.0000E+00   0.0000E+00   0.0000E+00   0.0000E+00       0       0       0
   150.-  152.    0.0000E+00   0.0000E+00   0.0000E+00   0.0000E+00   0.0000E+00       0       0       0
   152.-  154.    0.0000E+00   0.0000E+00   0.0000E+00   0.0000E+00   0.0000E+00       0       0       0
   154.-  156.    0.0000E+00   0.0000E+00   0.0000E+00   0.0000E+00   0.0000E+00       0       0       0
   156.-  158.    0.0000E+00   0.0000E+00   0.0000E+00   0.0000E+00   0.0000E+00       0       0       0
   158.-  160.    0.0000E+00   0.0000E+00   0.0000E+00   0.0000E+00   0.0000E+00       0       0       0
   160.-  162.    0.0000E+00   0.0000E+00   0.0000E+00   0.0000E+00   0.0000E+00       0       0       0
   162.-  164.    0.0000E+00   0.0000E+00   0.0000E+00   0.0000E+00   0.0000E+00       0       0       0
   164.-  166.    0.0000E+00   0.0000E+00   0.0000E+00   0.0000E+00   0.0000E+00       0       0       0
   166.-  168.    0.0000E+00   0.0000E+00   0.0000E+00   0.0000E+00   0.0000E+00       0       0       0
   168.-  170.    0.0000E+00   0.0000E+00   0.0000E+00   0.0000E+00   0.0000E+00       0       0       0
   170.-  172.    0.0000E+00   0.0000E+00   0.0000E+00   0.0000E+00   0.0000E+00       0       0       0
   172.-  174.    0.0000E+00   0.0000E+00   0.0000E+00   0.0000E+00   0.0000E+00       0       0       0
   174.-  176.    0.0000E+00   0.0000E+00   0.0000E+00   0.0000E+00   0.0000E+00       0       0       0
   176.-  178.    0.0000E+00   0.0000E+00   0.0000E+00   0.0000E+00   0.0000E+00       0       0       0
   178.-  180.    0.0000E+00   0.0000E+00   0.0000E+00   0.0000E+00   0.0000E+00       0       0       0
   180.-  182.    0.0000E+00   0.0000E+00   0.0000E+00   0.0000E+00   0.0000E+00       0       0       0
   182.-  184.    0.0000E+00   0.0000E+00   0.0000E+00   0.0000E+00   0.0000E+00       0       0       0
   184.-  186.    0.0000E+00   0.0000E+00   0.0000E+00   0.0000E+00   0.0000E+00       0       0       0
   186.-  188.    0.0000E+00   0.0000E+00   0.0000E+00   0.0000E+00   0.0000E+00       0       0       0
   188.-  190.    0.0000E+00   0.0000E+00   0.0000E+00   0.0000E+00   0.0000E+00       0       0       0
   190.-  192.    0.0000E+00   0.0000E+00   0.0000E+00   0.0000E+00   0.0000E+00       0       0       0
   192.-  194.    0.0000E+00   0.0000E+00   0.0000E+00   0.0000E+00   0.0000E+00       0       0       0
   194.-  196.    0.0000E+00   0.0000E+00   0.0000E+00   0.0000E+00   0.0000E+00       0       0       0
   196.-  198.    0.0000E+00   0.0000E+00   0.0000E+00   0.0000E+00   0.0000E+00       0       0       0
   198.-  200.    0.0000E+00   0.0000E+00   0.0000E+00   0.0000E+00   0.0000E+00       0       0       0

                  9.5665E+06   1.7465E+08   1.4158E+08   3.7681E+07   1.0390E+08  631128  631128       0
1     BACKWARD SPUTTERING



        ALL SPUTTERED PARTICLES =   24249   TOTAL SPUTTERED ENERGY = 0.3449E+06 EV


        SPUTTERED PARTICLES (1.LAYER) =   24249   SPUTTERED ENERGY = 0.3449E+06 EV


 1.LAYER
         SPUTTERED PARTICLES(1) =   24249     SPUTTERED ENERGY(1) = 0.3449E+06 EV

         ION IN , PRIMARY KO(1) =    5394   0.2224   0.2224    ENERGY = 0.1093E+06 EV   0.3170   0.3170    MEAN ENERGY = 0.2027E+02
         ION IN , SECOND. KO(1) =   18855   0.7776   0.7776    ENERGY = 0.2355E+06 EV   0.6830   0.6830    MEAN ENERGY = 0.1249E+02
        ION OUT , PRIMARY KO(1) =       0   0.0000   0.0000    ENERGY = 0.0000E+00 EV   0.0000   0.0000    MEAN ENERGY = 0.0000E+00
        ION OUT , SECOND. KO(1) =       0   0.0000   0.0000    ENERGY = 0.0000E+00 EV   0.0000   0.0000    MEAN ENERGY = 0.0000E+00


     SPUTTERING YIELD(1) =  2.425E-01  SPUTTERED ENERGY(1) =  3.888E-03  REL.MEAN ENERGY(1) =  1.603E-02  MEAN ENERGY(1) =  1.422E+01

                       MEAN        VARIANCE      SKEWNESS      KURTOSIS        SIGMA       ERROR 1.M     ERROR 2.M     ERROR 3.M 
    ENERGY(1)       1.4221E+01    2.1535E+02    2.4008E+00    1.1319E+01    1.4675E+01    9.4238E-02    4.4424E+00    5.1239E-02
 LOGENERGY(1)       9.4746E-01    2.0315E-01   -3.8024E-01    3.1284E+00    4.5073E-01    2.8948E-03    1.9035E-03    1.6046E-02

                     1.MOMENT      2.MOMENT      3.MOMENT      4.MOMENT      5.MOMENT      6.MOMENT 
    ENERGY(1)       1.4221E+01    4.1760E+02    1.9651E+04    1.2587E+06    9.9160E+07    9.0100E+09
 LOGENERGY(1)       9.4746E-01    1.1008E+00    1.3932E+00    1.8972E+00    2.7189E+00    4.0701E+00



     POLAR ANGULAR DISTRIBUTION OF ALL BACKWARD SPUTTERED PARTICLES


       0.00  0.00  0.00  0.00  0.00  0.00  0.00  0.00  0.00  0.00  0.00  0.00  0.00  0.00  0.00  0.00  0.00  0.00  0.00  0.00

         70   186   304   439   607   716   889   971  1123  1286  1430  1513  1592  1693  1825  1907  1904  1937  1937  1920
      0.058 0.153 0.251 0.362 0.501 0.591 0.733 0.801 0.926 1.061 1.179 1.248 1.313 1.396 1.505 1.573 1.570 1.598 1.598 1.584
1 LOG ENERGY - COS OF EMISSION ANGLE (0.05 STEPS)   (BACKWARD SPUTTERED PARTICLES) ; 1. LAYER ; SPECIES 1


   0.0000E+00    1    2    3    4    5    6    7    8    9   10   11   12   13   14   15   16   17   18   19   20     0  0.0000E+00
   0.1000E+00    0    0    0    0    0    0    0    0    0    1    1    1    1    0    0    0    1    0    0    0     5  0.5000E-03
   0.1212E+00    0    0    0    0    0    0    0    0    0    0    0    0    0    0    0    0    0    0    0    0     0  0.0000E+00
   0.1468E+00    0    0    0    0    0    0    0    0    0    0    0    0    0    0    0    0    0    0    0    0     0  0.0000E+00
   0.1778E+00    0    0    0    0    0    0    0    0    0    0    0    0    0    0    0    0    0    0    0    0     0  0.0000E+00
   0.2154E+00    0    0    0    0    0    0    0    0    0    0    0    0    0    0    0    0    0    0    0    0     0  0.0000E+00
   0.2610E+00    0    0    0    0    0    0    0    0    0    0    0    0    0    0    0    0    0    0    0    0     0  0.0000E+00
   0.3162E+00    0    0    0    0    0    0    0    0    0    0    0    0    0    0    0    0    0    0    0    0     0  0.0000E+00
   0.3831E+00    0    0    0    0    0    0    0    0    0    0    0    0    0    0    0    0    0    0    0    0     0  0.0000E+00
   0.4642E+00    0    0    0    0    0    0    0    0    0    0    0    0    0    0    0    0    0    0    0    0     0  0.0000E+00
   0.5623E+00    0    0    0    0    0    0    0    0    0    0    0    0    0    0    0    0    0    0    0    0     0  0.0000E+00
   0.6813E+00    0    0    0    0    0    0    0    0    0    0    0    0    0    0    0    0    0    0    0    0     0  0.0000E+00
   0.8254E+00    0    0    0    0    0    0    0    0    0    0    0    0    0    0    0    0    0    0    0    0     0  0.0000E+00
   0.1000E+01    0    0    0    0    0    0    0    0    0    0    0    0    0    0    0    0    0    0    0    0     0  0.0000E+00
   0.1212E+01    0    0    0    0    0    0    0    0    0    0    0    0    0    0    0    0    0    0    0    0     0  0.0000E+00
   0.1468E+01    0    0    0    0    0    0    0    0    0    0    0    0    0    0    0    0    0    0    0    0     0  0.0000E+00
   0.1778E+01    0    0    0    0    0    0    0    0    0    0    0    0    0    0    0    0    0    0    0    0     0  0.0000E+00
   0.2154E+01    0    0    0    0    0    0    0    0    0    0    0    0    0    0    0    0    0    0    0    0     0  0.0000E+00
   0.2610E+01    0    0    0    0    0    0    0    0    0    0    0    0    0    0    0    0    0    0    0    0     0  0.0000E+00
   0.3162E+01    0    0    0    0    0    0    0    0    0    0    0    0    0    0    0    0    0    0    0    0     0  0.0000E+00
   0.3831E+01    0    0    0    0    0    0    0    0    0    0    0    0    0    0    0    0    0    0    0    0     0  0.0000E+00
   0.4642E+01    0    0    0    0    0    0    0    0    0    0    0    0    0    0    0    0    0    0    0    0     0  0.0000E+00
   0.5623E+01    0    0    0    0    0    0    0    0    0    0    0    0    0    0    0    0    0    0    0    0     0  0.0000E+00
   0.6813E+01    0    0    0    0    0    0    0    0    0    0    0    0    0    0    0    0    0    0    0    0     0  0.0000E+00
   0.8254E+01    0    0    0    0    0    0    0    0    0    0    0    0    0    0    0    0    0    0    0    0     0  0.0000E+00
   0.1000E+02    0    0    0    0    0    0    0    0    0    0    0    0    0    0    0    0    0    0    0    0     0  0.0000E+00
   0.1212E+02    0    0    0    0    0    0    0    0    0    0    0    0    0    0    0    0    0    0    0    0     0  0.0000E+00
   0.1468E+02    0    0    0    0    0    0    0    0    0    0    0    0    0    0    0    0    0    0    0    0     0  0.0000E+00
   0.1778E+02    0    0    0    0    0    0    0    0    0    0    0    0    0    0    0    0    0    0    0    0     0  0.0000E+00
   0.2154E+02    0    0    0    0    0    0    0    0    0    0    0    0    0    0    0    0    0    0    0    0     0  0.0000E+00
   0.2610E+02    0    0    0    0    0    0    0    0    0    0    0    0    0    0    0    0    0    0    0    0     0  0.0000E+00
   0.3162E+02    0    0    0    0    0    0    0    0    0    0    0    0    0    0    0    0    0    0    0    0     0  0.0000E+00
   0.3831E+02    0    0    0    0    0    0    0    0    0    0    0    0    0    0    0    0    0    0    0    0     0  0.0000E+00
   0.4642E+02    0    0    0    0    0    0    0    0    0    0    0    0    0    0    0    0    0    0    0    0     0  0.0000E+00
   0.5623E+02    0    0    0    0    0    0    0    0    0    0    0    0    0    0    0    0    0    0    0    0     0  0.0000E+00
   0.6813E+02    0    0    0    0    0    0    0    0    0    0    0    0    0    0    0    0    0    0    0    0     0  0.0000E+00
   0.8254E+02    0    0    0    0    0    0    0    0    0    0    0    0    0    0    0    0    0    0    0    0     0  0.0000E+00
   0.1000E+03    0    0    0    0    0    0    0    0    0    0    0    0    0    0    0    0    0    0    0    0     0  0.0000E+00
   0.1212E+03    0    0    0    0    0    0    0    0    0    0    0    0    0    0    0    0    0    0    0    0     0  0.0000E+00
   0.1468E+03    0    0    0    0    0    0    0    0    0    0    0    0    0    0    0    0    0    0    0    0     0  0.0000E+00
   0.1778E+03    0    0    0    0    0    0    0    0    0    0    0    0    0    0    0    0    0    0    0    0     0  0.0000E+00
   0.2154E+03    0    0    0    0    0    0    0    0    0    0    0    0    0    0    0    0    0    0    0    0     0  0.0000E+00
   0.2610E+03    0    0    0    0    0    0    0    0    0    0    0    0    0    0    0    0    0    0    0    0     0  0.0000E+00
   0.3162E+03    0    0    0    0    0    0    0    0    0    0    0    0    0    0    0    0    0    0    0    0     0  0.0000E+00
   0.3831E+03    0    0    0    0    0    0    0    0    0    0    0    0    0    0    0    0    0    0    0    0     0  0.0000E+00
   0.4642E+03    0    0    0    0    0    0    0    0    0    0    0    0    0    0    0    0    0    0    0    0     0  0.0000E+00
   0.5623E+03    0    0    0    0    0    0    0    0    0    0    0    0    0    0    0    0    0    0    0    0     0  0.0000E+00
   0.6813E+03    0    0    0    0    0    0    0    0    0    0    0    0    0    0    0    0    0    0    0    0     0  0.0000E+00
   0.8254E+03    0    0    0    0    0    0    0    0    0    0    0    0    0    0    0    0    0    0    0    0     0  0.0000E+00
   0.1000E+04    0    0    0    0    0    0    0    0    0    0    0    0    0    0    0    0    0    0    0    0     0  0.0000E+00
   0.1212E+04    0    0    0    0    0    0    0    0    0    0    0    0    0    0    0    0    0    0    0    0     0  0.0000E+00
   0.1468E+04    0    0    0    0    0    0    0    0    0    0    0    0    0    0    0    0    0    0    0    0     0  0.0000E+00
   0.1778E+04    0    0    0    0    0    0    0    0    0    0    0    0    0    0    0    0    0    0    0    0     0  0.0000E+00
   0.2154E+04    0    0    0    0    0    0    0    0    0    0    0    0    0    0    0    0    0    0    0    0     0  0.0000E+00
   0.2610E+04    0    0    0    0    0    0    0    0    0    0    0    0    0    0    0    0    0    0    0    0     0  0.0000E+00
   0.3162E+04    0    0    0    0    0    0    0    0    0    0    0    0    0    0    0    0    0    0    0    0     0  0.0000E+00
   0.3831E+04    0    0    0    0    0    0    0    0    0    0    0    0    0    0    0    0    0    0    0    0     0  0.0000E+00
   0.4642E+04    0    0    0    0    0    0    0    0    0    0    0    0    0    0    0    0    0    0    0    0     0  0.0000E+00
   0.5623E+04    0    0    0    0    0    0    0    0    0    0    0    0    0    0    0    0    0    0    0    0     0  0.0000E+00
   0.6813E+04    0    0    0    0    0    0    0    0    0    0    0    0    0    0    0    0    0    0    0    0     0  0.0000E+00
   0.8254E+04    0    0    0    0    0    0    0    0    0    0    0    0    0    0    0    0    0    0    0    0     0  0.0000E+00
   0.1000E+05    0    0    0    0    0    0    0    0    0    0    0    0    0    0    0    0    0    0    0    0     0  0.0000E+00
   0.1212E+05    0    0    0    0    0    0    0    0    0    0    0    0    0    0    0    0    0    0    0    0     0  0.0000E+00
   0.1468E+05    0    0    0    0    0    0    0    0    0    0    0    0    0    0    0    0    0    0    0    0     0  0.0000E+00
   0.1778E+05    0    0    0    0    0    0    0    0    0    0    0    0    0    0    0    0    0    0    0    0     0  0.0000E+00
   0.2154E+05    0    0    0    0    0    0    0    0    0    0    0    0    0    0    0    0    0    0    0    0     0  0.0000E+00
   0.2610E+05    0    0    0    0    0    0    0    0    0    0    0    0    0    0    0    0    0    0    0    0     0  0.0000E+00
   0.3162E+05    0    0    0    0    0    0    0    0    0    0    0    0    0    0    0    0    0    0    0    0     0  0.0000E+00
   0.3831E+05    0    0    0    0    0    0    0    0    0    0    0    0    0    0    0    0    0    0    0    0     0  0.0000E+00
   0.4642E+05    0    0    0    0    0    0    0    0    0    0    0    0    0    0    0    0    0    0    0    0     0  0.0000E+00
   0.5623E+05    0    0    0    0    0    0    0    0    0    0    0    0    0    0    0    0    0    0    0    0     0  0.0000E+00
   0.6813E+05    0    0    0    0    0    0    0    0    0    0    0    0    0    0    0    0    0    0    0    0     0  0.0000E+00
   0.8254E+05    0    0    0    0    0    0    0    0    0    0    0    0    0    0    0    0    0    0    0    0     0  0.0000E+00
   0.1000E+06    0    0    0    0    0    0    0    0    0    0    0    0    0    0    0    0    0    0    0    0     0  0.0000E+00
   0.0000E+00  140  372  608  878 1214 1432 1778 1942 2246 2571 2859 3025 3183 3386 3650 3814 3807 3874 3874 3840 48493  0.0000E+00
1ENERGY(E/E0 IN %) - POLAR ANGLE IN COS-INTERVALS (0.05)  (BACKWARD SPUTTERED PARTICLES) , 1.LAYER , SPECIES 1

     0    1    2    3    4    5    6    7    8    9   10   11   12   13   14   15   16   17   18   19   20      0
     1   33   84  134  218  268  312  397  442  489  560  641  679  729  807  837  914  942  998  999 1091  11574
     2   22   54   99  106  161  193  228  249  308  339  398  363  395  421  443  488  477  509  503  482   6238
     3    4   32   36   54  105  112  108  117  145  155  170  212  195  220  220  211  235  216  218  185   2950
     4    3    7   16   25   37   37   68   65   68   94   94  103   97  117  148  125  105  105  106   78   1498
     5    3    1   12    9   18   25   37   47   42   50   39   61   51   57   73   63   66   57   48   43    802
     6    4    3    2   15    8   15   23   19   31   40   33   40   55   23   49   41   33   24   31   20    509
     7    0    2    3    8    5   13   11   16   15   21   17   26   30   16   24   21   18    9   13   17    285
     8    1    1    2    1    2    4    5    6   12    7   12   12   20    8    8   17   11    6    8    1    144
     9    0    0    0    1    2    3    4    3    9    7   13    4    8    4    8   11    5    5    5    0     92
    10    0    0    0    1    1    0    5    3    1    5    4    7    8    7    8    5    6    5    3    2     71
    11    0    1    0    1    0    1    1    2    2    1    1    3    3    6    4    2    1    2    1    1     33
    12    0    1    0    0    0    1    0    1    0    4    2    2    0    1    2    4    3    1    1    0     23
    13    0    0    0    0    0    0    1    0    0    2    1    0    1    1    1    2    2    0    0    0     11
    14    0    0    0    0    0    0    1    1    1    0    2    1    0    3    0    1    0    0    1    0     11
    15    0    0    0    0    0    0    0    0    0    1    3    0    0    2    0    0    0    0    0    0      6
    16    0    0    0    0    0    0    0    0    0    0    0    0    0    0    0    1    0    0    0    0      1
    17    0    0    0    0    0    0    0    0    0    0    0    0    0    0    0    0    0    0    0    0      0
    18    0    0    0    0    0    0    0    0    0    0    0    0    0    0    0    1    0    0    0    0      1
    19    0    0    0    0    0    0    0    0    0    0    0    0    0    0    0    0    0    0    0    0      0
    20    0    0    0    0    0    0    0    0    0    0    0    0    0    0    0    0    0    0    0    0      0
    21    0    0    0    0    0    0    0    0    0    0    0    0    0    0    0    0    0    0    0    0      0
    22    0    0    0    0    0    0    0    0    0    0    0    0    0    0    0    0    0    0    0    0      0
    23    0    0    0    0    0    0    0    0    0    0    0    0    0    0    0    0    0    0    0    0      0
    24    0    0    0    0    0    0    0    0    0    0    0    0    0    0    0    0    0    0    0    0      0
    25    0    0    0    0    0    0    0    0    0    0    0    0    0    0    0    0    0    0    0    0      0
    26    0    0    0    0    0    0    0    0    0    0    0    0    0    0    0    0    0    0    0    0      0
    27    0    0    0    0    0    0    0    0    0    0    0    0    0    0    0    0    0    0    0    0      0
    28    0    0    0    0    0    0    0    0    0    0    0    0    0    0    0    0    0    0    0    0      0
    29    0    0    0    0    0    0    0    0    0    0    0    0    0    0    0    0    0    0    0    0      0
    30    0    0    0    0    0    0    0    0    0    0    0    0    0    0    0    0    0    0    0    0      0
    31    0    0    0    0    0    0    0    0    0    0    0    0    0    0    0    0    0    0    0    0      0
    32    0    0    0    0    0    0    0    0    0    0    0    0    0    0    0    0    0    0    0    0      0
    33    0    0    0    0    0    0    0    0    0    0    0    0    0    0    0    0    0    0    0    0      0
    34    0    0    0    0    0    0    0    0    0    0    0    0    0    0    0    0    0    0    0    0      0
    35    0    0    0    0    0    0    0    0    0    0    0    0    0    0    0    0    0    0    0    0      0
    36    0    0    0    0    0    0    0    0    0    0    0    0    0    0    0    0    0    0    0    0      0
    37    0    0    0    0    0    0    0    0    0    0    0    0    0    0    0    0    0    0    0    0      0
    38    0    0    0    0    0    0    0    0    0    0    0    0    0    0    0    0    0    0    0    0      0
    39    0    0    0    0    0    0    0    0    0    0    0    0    0    0    0    0    0    0    0    0      0
    40    0    0    0    0    0    0    0    0    0    0    0    0    0    0    0    0    0    0    0    0      0
    41    0    0    0    0    0    0    0    0    0    0    0    0    0    0    0    0    0    0    0    0      0
    42    0    0    0    0    0    0    0    0    0    0    0    0    0    0    0    0    0    0    0    0      0
    43    0    0    0    0    0    0    0    0    0    0    0    0    0    0    0    0    0    0    0    0      0
    44    0    0    0    0    0    0    0    0    0    0    0    0    0    0    0    0    0    0    0    0      0
    45    0    0    0    0    0    0    0    0    0    0    0    0    0    0    0    0    0    0    0    0      0
    46    0    0    0    0    0    0    0    0    0    0    0    0    0    0    0    0    0    0    0    0      0
    47    0    0    0    0    0    0    0    0    0    0    0    0    0    0    0    0    0    0    0    0      0
    48    0    0    0    0    0    0    0    0    0    0    0    0    0    0    0    0    0    0    0    0      0
    49    0    0    0    0    0    0    0    0    0    0    0    0    0    0    0    0    0    0    0    0      0
    50    0    0    0    0    0    0    0    0    0    0    0    0    0    0    0    0    0    0    0    0      0
    51    0    0    0    0    0    0    0    0    0    0    0    0    0    0    0    0    0    0    0    0      0
    52    0    0    0    0    0    0    0    0    0    0    0    0    0    0    0    0    0    0    0    0      0
    53    0    0    0    0    0    0    0    0    0    0    0    0    0    0    0    0    0    0    0    0      0
    54    0    0    0    0    0    0    0    0    0    0    0    0    0    0    0    0    0    0    0    0      0
    55    0    0    0    0    0    0    0    0    0    0    0    0    0    0    0    0    0    0    0    0      0
    56    0    0    0    0    0    0    0    0    0    0    0    0    0    0    0    0    0    0    0    0      0
    57    0    0    0    0    0    0    0    0    0    0    0    0    0    0    0    0    0    0    0    0      0
    58    0    0    0    0    0    0    0    0    0    0    0    0    0    0    0    0    0    0    0    0      0
    59    0    0    0    0    0    0    0    0    0    0    0    0    0    0    0    0    0    0    0    0      0
    60    0    0    0    0    0    0    0    0    0    0    0    0    0    0    0    0    0    0    0    0      0
    61    0    0    0    0    0    0    0    0    0    0    0    0    0    0    0    0    0    0    0    0      0
    62    0    0    0    0    0    0    0    0    0    0    0    0    0    0    0    0    0    0    0    0      0
    63    0    0    0    0    0    0    0    0    0    0    0    0    0    0    0    0    0    0    0    0      0
    64    0    0    0    0    0    0    0    0    0    0    0    0    0    0    0    0    0    0    0    0      0
    65    0    0    0    0    0    0    0    0    0    0    0    0    0    0    0    0    0    0    0    0      0
    66    0    0    0    0    0    0    0    0    0    0    0    0    0    0    0    0    0    0    0    0      0
    67    0    0    0    0    0    0    0    0    0    0    0    0    0    0    0    0    0    0    0    0      0
    68    0    0    0    0    0    0    0    0    0    0    0    0    0    0    0    0    0    0    0    0      0
    69    0    0    0    0    0    0    0    0    0    0    0    0    0    0    0    0    0    0    0    0      0
    70    0    0    0    0    0    0    0    0    0    0    0    0    0    0    0    0    0    0    0    0      0
    71    0    0    0    0    0    0    0    0    0    0    0    0    0    0    0    0    0    0    0    0      0
    72    0    0    0    0    0    0    0    0    0    0    0    0    0    0    0    0    0    0    0    0      0
    73    0    0    0    0    0    0    0    0    0    0    0    0    0    0    0    0    0    0    0    0      0
    74    0    0    0    0    0    0    0    0    0    0    0    0    0    0    0    0    0    0    0    0      0
    75    0    0    0    0    0    0    0    0    0    0    0    0    0    0    0    0    0    0    0    0      0
    76    0    0    0    0    0    0    0    0    0    0    0    0    0    0    0    0    0    0    0    0      0
    77    0    0    0    0    0    0    0    0    0    0    0    0    0    0    0    0    0    0    0    0      0
    78    0    0    0    0    0    0    0    0    0    0    0    0    0    0    0    0    0    0    0    0      0
    79    0    0    0    0    0    0    0    0    0    0    0    0    0    0    0    0    0    0    0    0      0
    80    0    0    0    0    0    0    0    0    0    0    0    0    0    0    0    0    0    0    0    0      0
    81    0    0    0    0    0    0    0    0    0    0    0    0    0    0    0    0    0    0    0    0      0
    82    0    0    0    0    0    0    0    0    0    0    0    0    0    0    0    0    0    0    0    0      0
    83    0    0    0    0    0    0    0    0    0    0    0    0    0    0    0    0    0    0    0    0      0
    84    0    0    0    0    0    0    0    0    0    0    0    0    0    0    0    0    0    0    0    0      0
    85    0    0    0    0    0    0    0    0    0    0    0    0    0    0    0    0    0    0    0    0      0
    86    0    0    0    0    0    0    0    0    0    0    0    0    0    0    0    0    0    0    0    0      0
    87    0    0    0    0    0    0    0    0    0    0    0    0    0    0    0    0    0    0    0    0      0
    88    0    0    0    0    0    0    0    0    0    0    0    0    0    0    0    0    0    0    0    0      0
    89    0    0    0    0    0    0    0    0    0    0    0    0    0    0    0    0    0    0    0    0      0
    90    0    0    0    0    0    0    0    0    0    0    0    0    0    0    0    0    0    0    0    0      0
    91    0    0    0    0    0    0    0    0    0    0    0    0    0    0    0    0    0    0    0    0      0
    92    0    0    0    0    0    0    0    0    0    0    0    0    0    0    0    0    0    0    0    0      0
    93    0    0    0    0    0    0    0    0    0    0    0    0    0    0    0    0    0    0    0    0      0
    94    0    0    0    0    0    0    0    0    0    0    0    0    0    0    0    0    0    0    0    0      0
    95    0    0    0    0    0    0    0    0    0    0    0    0    0    0    0    0    0    0    0    0      0
    96    0    0    0    0    0    0    0    0    0    0    0    0    0    0    0    0    0    0    0    0      0
    97    0    0    0    0    0    0    0    0    0    0    0    0    0    0    0    0    0    0    0    0      0
    98    0    0    0    0    0    0    0    0    0    0    0    0    0    0    0    0    0    0    0    0      0
    99    0    0    0    0    0    0    0    0    0    0    0    0    0    0    0    0    0    0    0    0      0
   100    0    0    0    0    0    0    0    0    0    0    0    0    0    0    0    0    0    0    0    0      0
     0   70  186  304  439  607  716  889  971 1123 1286 1430 1513 1592 1693 1825 1907 1904 1937 1937 1920  24249
1AZIMUTHAL ANGLE - POLAR ANGLE IN COS-INTERVALS (0.05) (BACKWARD SPUTTERED PARTICLES) , 1.LAYER , SPECIES 1

     0    1    2    3    4    5    6    7    8    9   10   11   12   13   14   15   16   17   18   19   20      0
     3    1    3    6    4   10   15   14   21   18   28   22   28   21   34   41   23   48   35   31   35    438
     6    0    0    4    3    7   11   19   15   16   22   20   29   19   23   25   27   31   29   32   33    365
     9    2    2    1    8    4   12   19   25   17   27   24   23   32   26   28   35   39   26   45   45    440
    12    0    6    6    7   14    9   19   16   28   28   26   24   27   34   38   31   28   37   32   27    437
    15    1    4    9    6   17   10   16   18   18   17   14   18   28   28   39   29   31   39   39   26    407
    18    1    3    7   10   14   13   11   19   12   26   21   24   34   30   28   32   32   34   28   30    409
    21    1    4    4    9    5   16   16   18   15   25   25   30   27   26   35   29   28   31   26   29    399
    24    0    0    5    5    9   13   15   16   15   20   36   34   26   36   22   31   33   30   30   29    405
    27    2    5    4    6    9   16   18   16   21   21   21   34   39   20   35   37   30   42   36   31    443
    30    0    1    4    7   11    7   10    9   21   22   25   25   30   24   30   30   31   27   32   27    373
    33    1    5   14    9   10   14   14   19   25   17   25   19   27   34   29   28   26   23   35   29    403
    36    1    1    5    4    8   12    8   15   20   18   21   19   24   23   22   38   38   27   25   38    367
    39    2    2    6   11   10   13   17   14   26   18   25   29   26   31   33   31   32   36   34   25    421
    42    3    3   10    2   16    9   18   14   27   23   27   21   25   31   26   41   29   32   29   31    417
    45    1    1    8    8    9   14   19   16   10   14   26   23   32   34   27   47   33   29   40   36    427
    48    1    3    4    9   13   10   10   20   20   24   17   20   27   41   24   32   29   37   38   44    423
    51    4    1    4    6    7   11   15   14   18   34   25   35   26   36   29   27   24   34   26   34    410
    54    0    4    9    6   23   14   18   16   11   22   17   21   20   28   25   21   23   40   43   32    393
    57    1    4    5    6   16    2   14   17   18   19   22   38   29   28   26   38   27   29   29   32    400
    60    1    1    6    9   12    9   11    9   19   19   21   21   27   28   30   39   39   27   25   28    381
    63    1    7    7    9   11   11   15   17   21   18   23   27   21   20   32   40   30   24   32   39    405
    66    1    1    0    6   11   16   13   18   17   23   22   21   30   38   35   24   35   29   41   24    405
    69    3    1    1   10    7   14   21   24   25   15   20   23   22   29   39   37   16   39   24   44    414
    72    1    6    7    4    9   16    7   17   15   15   19   22   31   33   32   31   24   35   41   42    407
    75    3    7    3    7   10   11    9   11   21   17   19   24   29   33   30   42   35   34   34   31    410
    78    2    1    7   11    7   11    9   19   18   21   32   20   24   29   26   27   27   36   37   29    393
    81    2    4    2    9   11   15   14   13   19   15   28   41   17   22   24   30   28   34   26   25    379
    84    3    1   10    7    5   15   23   14   19   21   25   23   18   27   30   33   43   30   24   32    403
    87    2    5    6    6    8    9   18   14   22   23   20   28   24   18   30   32   28   29   35   32    389
    90    0    4    3    4   17   11   18   16   16   20   19   27   19   22   28   34   37   31   28   39    393
    93    1    5    2    6    5   14   19   16   15   21   28   27   27   24   38   28   24   37   32   33    402
    96    1    4    0    9    8   11   11   20   19   28   26   27   30   21   30   26   31   44   40   27    413
    99    2    3    3    8    6   11   16   14   20   26   20   23   21   34   30   26   38   27   25   39    392
   102    0    3    5    8    8   14   13   11   19   12   26   27   36   26   29   37   31   27   31   36    399
   105    0    3    2    7    9   10   14   12   20   19   31   31   32   31   31   37   31   38   30   27    415
   108    1    1    3   12   14   14   16   21   20   19   24   21   25   24   31   38   32   33   28   31    408
   111    1    0    3    9   11   14   13   19   19   19   23   25   21   25   36   38   25   34   27   27    389
   114    1    2    4    5   13   16    8   24   17   25   35   26   21   42   29   32   29   34   27   35    425
   117    3    4    6    5   18    7   15    9   25   15   25   29   27   25   24   19   29   23   23   37    368
   120    0    5    6   11    6   14   17   14   16   22   30   35   31   25   26   36   29   37   28   31    419
   123    2    2    3    7    5   12   10   17   18   28   20   25   21   26   38   46   29   31   35   41    416
   126    0    1    8    3   20   15   15   23   16   27   17   19   34   29   30   22   35   30   43   26    413
   129    0    4    2   13    6   12   15   12   13   26   22   19   21   26   25   32   22   25   35   33    363
   132    2    4    5    6    7   11   14   12   22   25   27   29   24   21   31   28   38   29   34   32    401
   135    2    2    6    7    9   11   18   15   17   30   27   19   28   33   35   27   42   41   38   22    429
   138    2    8    3    6    9   13   18   20   21   19   22   22   33   31   28   35   29   27   24   29    399
   141    0    5    5    9   15    8   19   14   28   20   25   20   19   39   33   31   34   28   27   39    418
   144    0    2    5    6    9   16   19   19   17   29   25   25   34   25   38   31   34   30   34   30    428
   147    0    7    2    6    9   13   14   18   16   26   19   24   25   33   31   25   34   27   32   28    389
   150    1    5    4    5   13    8   10   13   18   17   26   23   28   27   30   32   44   43   38   34    419
   153    1    3    9   10   14   12   17   19   16   21   27   22   29   25   34   32   27   40   38   29    425
   156    0    2    8    6    8    8   16   12   13   13   25   28   32   30   29   28   24   30   40   34    386
   159    2    0    4   13    6   12   11   24   18   16   21   25   26   30   20   26   32   38   24   25    373
   162    1    4    4    5    8   12   16   12   21   15   23   19   28   22   28   28   34   35   29   26    370
   165    0    4    6    2   13   10   10   12   17   24   30   23   26   23   40   31   37   39   32   24    403
   168    2    1    2   10    6   10   19   15   15   27   20   16   28   28   32   37   40   38   28   26    400
   171    2    3    4   10   10   15   15   16   20   20   33   37   24   28   34   33   23   31   33   31    422
   174    2    1   11    5    8   11   15    8   20   19   29   23   33   27   36   32   43   21   33   39    416
   177    0    4    7    8    5    9   16   13   14   21   20   36   24   22   27   32   38   29   34   33    392
   180    0    4    5   14    9   14   12   27   25   25   17   17   23   25   24   26   32   26   38   38    401
     0   70  186  304  439  607  716  889  971 1123 1286 1430 1513 1592 1693 1825 1907 1904 1937 1937 1920  24249
