1
      *** PROGRAM TRVMC95 ***


                              * INPUT DATA *


       Z1        M1          E0       ALPHA       EF        ESB      SHEATH     ERC
     18.00     39.95      1485.00      0.00      0.10      0.00   4455.00      4.70

       NH        RI           X0        RD        CW        CA       KK0   KK0R   KDEE1  KDEE2  IPOT   IPOTR   IRL
     99999 716381.00         0.00    100.00      2.00      1.00       2      2      3      3      1      1      3


             DX      RHO    CK  Z(,1) Z(,2) Z(,3) Z(,4) Z(,5)  M(,1)  M(,2)  M(,3)  M(,4)  M(,5) C(,1) C(,2) C(,3) C(,4) C(,5)

 1.LAYER 10000.00   2.25   1.00    6.    0.    0.    0.    0.  12.01   0.00   0.00   0.00   0.00 1.000 0.000 0.000 0.000 0.000


                           ***  SBE(LAYER,ELEMENT)  ***     ***     ED(LAYER,ELEMENT)     ***     ***   BE(LAYER,ELEMENT)  ***

 1.LAYER                   7.41  0.00  0.00  0.00  0.00     30.00   0.00   0.00   0.00   0.00     0.10  0.00  0.00  0.00  0.00


       INTERACTION POTENTIAL : PROJECTILE-TARGET : KR-C POTENTIAL     TARGET-TARGET : KR-C POTENTIAL    


       INELASTIC LOSS MODEL  : PROJECTILE-TARGET : 50% LS 50% OR      TARGET-TARGET : 50% LS 50% OR     
1

                              * OUTPUT DATA *


                 HLM       HLMT        SU       SUT        XC        RT       SFE      INEL         L        LJ
               0.0000 10000.000    3.5029 10003.503   -3.5029  9900.000      7.41         0         1         1


                NPROJ       KIB       KIT      MAXA      NALL       NPA       NSA       KIS      KIST
                33080         0         0       282  28006891   1827222  15554378     87376         0


            EPS0(I)       Z2(I)       M2(I)     ARHO(I)       LM(I)     PMAX(I)     ASIG(I)       SB(I)       XX(I)        NJ(I)

 1.LAYER   0.2912E-01  0.6000E+01  0.1201E+02  0.1128E+00  0.2070E+01  0.1168E+01  0.2335E+00  0.7410E+01  0.1000E+05         1


             A1(1)   A1(2)   A1(3)   A1(4)   A1(5)   A1(6)   A1(7)   A1(8)   A1(9)  A1(10)  A1(11)  A1(12)  A1(13)  A1(14)  A1(15)

           0.13193


           KOR1(1) KOR1(2) KOR1(3) KOR1(4) KOR1(5) KOR1(6) KOR1(7) KOR1(8) KOR1(9) KOR1(A) KOR1(B) KOR1(C) KOR1(D) KOR1(E) KOR1(F)

           0.73577


            A(I,1)  A(I,2)  A(I,3)  A(I,4)  A(I,5)  A(I,6)  A(I,7)  A(I,8)  A(I,9) A(I,10) A(I,11) A(I,12) A(I,13) A(I,14) A(I,15)

           0.16242


           KOR(,1) KOR(,2) KOR(,3) KOR(,4) KOR(,5) KOR(,6) KOR(,7) KOR(,8) KOR(,9) KOR(,A) KOR(,B) KOR(,C) KOR(,D) KOR(,E) KOR(,F)

           0.46963
1

         IMPLANTED PARTICLES=  99999     ENERGY=0.1485E+09 EV
     BACKSCATTERED PARTICLES=      0     ENERGY=0.0000E+00 EV
       TRANSMITTED PARTICLES=      0     ENERGY=0.0000E+00 EV
     BACKSPUTTERED PARTICLES=  37412     ENERGY=0.7089E+06 EV
    TRANSM. SPUTT. PARTICLES=      0     ENERGY=0.0000E+00 EV


  PROJECTILES :   MEAN NUMBER OF ELASTIC COLLISIONS =     19.5   MEAN NUMBER OF EL.COLL.(E > EDISPL.) =    8.646
                                                                 MEAN NUMBER OF EL.COLL.(E > SB(1))   =   17.019

                       MEAN        VARIANCE      SKEWNESS      KURTOSIS        SIGMA       ERROR 1.M     ERROR 2.M     ERROR 3.M 
  PENETRATION       3.2702E+01    9.3524E+01    4.1800E-01    2.9983E+00    9.6708E+00    3.0582E-02    4.1807E-01    7.2237E-03
       SPREAD       1.1038E+01    3.6194E+01    7.4506E-01    3.5180E+00    6.0161E+00    1.9025E-02    1.8162E-01    8.8069E-03
   PATHLENGTH       3.8368E+01    1.0547E+02    3.5672E-01    2.9260E+00    1.0270E+01    3.2476E-02    4.6285E-01    7.0114E-03
 ELASTIC LOSS       1.4020E+03    7.3528E+02                                2.7116E+01    2.7116E-04
   INEL. LOSS       8.3043E+01    7.3528E+02                                2.7116E+01    2.7116E-04

                       MEAN        VARIANCE      SKEWNESS      KURTOSIS        SIGMA       ERROR 1.M     ERROR 2.M     ERROR 3.M 
   ELAST.LOSS       6.8401E+01    1.3725E+04    3.6663E+00    1.9584E+01    1.1715E+02    8.3975E-02    4.2410E+01    5.7097E-03
 WEAK EL.LOSS       3.6297E+00    6.6317E+00    9.7251E-01    3.4078E+00    2.5752E+00    1.8459E-03    7.3761E-03    1.3738E-03
 INELAST.LOSS       4.2667E+00    6.8043E+00    1.2226E-02    1.8238E+00    2.6085E+00    1.8698E-03    4.4267E-03    1.0799E-03
  SUBTHR.LOSS       1.3603E+01    5.6051E+01    2.8016E-01    2.2711E+00    7.4867E+00    7.1983E-03    6.0759E-02    1.3620E-03

                     1.MOMENT      2.MOMENT      3.MOMENT      4.MOMENT      5.MOMENT      6.MOMENT 
  PENETRATION       3.2702E+01    1.1630E+03    4.4526E+04    1.8195E+06    7.8760E+07    3.5888E+09



  RECOILES (PER PROJ.)   :   MEAN NUMBER OF ELASTIC COLLISIONS =    274.8   MEAN NUMBER OF EL.COLL.(E > EDISPL.) =     12.262
                                                                            MEAN NUMBER OF EL.COLL.(E > SB(1))   =     84.349

  RECOILES (PER KNOCKON) :   MEAN NUMBER OF ELASTIC COLLISIONS =    1.581   MEAN NUMBER OF EL.COLL.(E > EDISPL.) =      0.071
                                                                            MEAN NUMBER OF EL.COLL.(E > SB(1))   =      0.485

1


     DEPTH(A)  PARTICLES  NORM.DEPTH PATHLENGTH   INLOSS(EV)  TELOSS(EV)  ELLOSS(EV)  DAMAGE(EV)  PHONON(EV)  CASCAD(EV)     DPA

    -SU-    0.         0  0.0000E+00
     0.-    2.         0  0.0000E+00         0    7.4465E+05  1.1034E+07  1.0871E+07  1.0252E+07  6.1923E+05  8.6052E+06   48321
     2.-    4.         0  0.0000E+00         0    7.4057E+05  1.0901E+07  1.0721E+07  1.0094E+07  6.2703E+05  8.4853E+06   49709
     4.-    6.         1  0.1000E-04         0    7.0839E+05  1.0668E+07  1.0468E+07  9.8261E+06  6.4168E+05  8.2769E+06   51190
     6.-    8.         4  0.4000E-04         0    6.7572E+05  1.0459E+07  1.0233E+07  9.5696E+06  6.6324E+05  8.0779E+06   52920
     8.-   10.        60  0.6000E-03         1    6.3849E+05  1.0053E+07  9.7953E+06  9.1081E+06  6.8720E+05  7.7059E+06   54313
    10.-   12.       230  0.2300E-02         5    6.0254E+05  9.7292E+06  9.4348E+06  8.7135E+06  7.2128E+05  7.3876E+06   55532
    12.-   14.       652  0.6520E-02        55    5.6253E+05  9.3783E+06  9.0449E+06  8.2918E+06  7.5312E+05  7.0435E+06   56533
    14.-   16.      1417  0.1417E-01       223    5.1989E+05  8.8649E+06  8.4885E+06  7.6949E+06  7.9361E+05  6.5522E+06   56525
    16.-   18.      2354  0.2354E-01       590    4.7738E+05  8.2768E+06  7.8632E+06  7.0302E+06  8.3301E+05  5.9996E+06   55554
    18.-   20.      3679  0.3679E-01      1147    4.3231E+05  7.7208E+06  7.2781E+06  6.4233E+06  8.5482E+05  5.4907E+06   53711
    20.-   22.      4890  0.4890E-01      1932    3.8409E+05  7.0483E+06  6.5908E+06  5.7309E+06  8.5994E+05  4.9073E+06   50716
    22.-   24.      5992  0.5992E-01      3042    3.3853E+05  6.3200E+06  5.8582E+06  5.0045E+06  8.5372E+05  4.2931E+06   46908
    24.-   26.      7052  0.7052E-01      4175    2.9295E+05  5.5842E+06  5.1287E+06  4.2987E+06  8.3003E+05  3.6932E+06   42142
    26.-   28.      7746  0.7746E-01      5282    2.4927E+05  4.8657E+06  4.4323E+06  3.6539E+06  7.7842E+05  3.1438E+06   37611
    28.-   30.      8003  0.8003E-01      6132    2.0834E+05  4.1232E+06  3.7204E+06  3.0001E+06  7.2031E+05  2.5850E+06   32287
    30.-   32.      8122  0.8122E-01      6951    1.7158E+05  3.4409E+06  3.0733E+06  2.4231E+06  6.5029E+05  2.0906E+06   27349
    32.-   34.      7810  0.7810E-01      7595    1.3775E+05  2.8029E+06  2.4797E+06  1.9067E+06  5.7301E+05  1.6473E+06   22440
    34.-   36.      7292  0.7292E-01      7857    1.0900E+05  2.2390E+06  1.9617E+06  1.4739E+06  4.8778E+05  1.2752E+06   18141
    36.-   38.      6810  0.6810E-01      7850    8.4860E+04  1.7844E+06  1.5515E+06  1.1396E+06  4.1190E+05  9.8645E+05   14220
    38.-   40.      5822  0.5822E-01      7331    6.4555E+04  1.3670E+06  1.1768E+06  8.4251E+05  3.3433E+05  7.3020E+05   11009
    40.-   42.      4943  0.4943E-01      6934    4.7973E+04  1.0326E+06  8.8107E+05  6.1307E+05  2.6800E+05  5.3179E+05    8223
    42.-   44.      4178  0.4178E-01      6103    3.5334E+04  7.7072E+05  6.5204E+05  4.4168E+05  2.1036E+05  3.8331E+05    6066
    44.-   46.      3402  0.3402E-01      5094    2.5398E+04  5.5717E+05  4.6634E+05  3.0703E+05  1.5931E+05  2.6690E+05    4428
    46.-   48.      2653  0.2653E-01      4486    1.7737E+04  3.9187E+05  3.2530E+05  2.0644E+05  1.1885E+05  1.7959E+05    3032
    48.-   50.      2037  0.2037E-01      3843    1.2253E+04  2.7567E+05  2.2701E+05  1.4035E+05  8.6664E+04  1.2213E+05    2086
    50.-   52.      1499  0.1499E-01      3245    8.2029E+03  1.8514E+05  1.5096E+05  9.0409E+04  6.0552E+04  7.8726E+04    1381
    52.-   54.      1133  0.1133E-01      2694    5.2907E+03  1.2031E+05  9.6825E+04  5.4674E+04  4.2150E+04  4.7646E+04     857
    54.-   56.       788  0.7880E-02      2117    3.4322E+03  7.8605E+04  6.2809E+04  3.4051E+04  2.8758E+04  2.9688E+04     540
    56.-   58.       518  0.5180E-02      1560    2.1401E+03  5.1322E+04  4.1132E+04  2.2952E+04  1.8180E+04  1.9984E+04     344
    58.-   60.       349  0.3490E-02      1163    1.3180E+03  3.0046E+04  2.3502E+04  1.1974E+04  1.1527E+04  1.0478E+04     215
    60.-   62.       228  0.2280E-02       884    7.5872E+02  1.7122E+04  1.3141E+04  5.6157E+03  7.5250E+03  4.9147E+03      99
    62.-   64.       140  0.1400E-02       599    4.5424E+02  1.0755E+04  8.4353E+03  3.9699E+03  4.4654E+03  3.4651E+03      63
    64.-   66.        87  0.8700E-03       365    2.5074E+02  5.7662E+03  4.3561E+03  1.7251E+03  2.6310E+03  1.5141E+03      34
    66.-   68.        43  0.4300E-03       243    1.3324E+02  3.4536E+03  2.7197E+03  1.4911E+03  1.2286E+03  1.3003E+03      23
    68.-   70.        31  0.3100E-03       205    7.7067E+01  1.8051E+03  1.3586E+03  5.6551E+02  7.9309E+02  4.9735E+02      12
    70.-   72.        19  0.1900E-03       120    3.8611E+01  1.1448E+03  9.1460E+02  5.0944E+02  4.0517E+02  4.3929E+02       6
    72.-   74.         7  0.7000E-04        86    1.5006E+01  3.9701E+02  3.0431E+02  1.4947E+02  1.5484E+02  1.3025E+02       2
    74.-   76.         4  0.4000E-04        42    6.9152E+00  2.3115E+02  1.7958E+02  1.2415E+02  5.5425E+01  1.0957E+02       3
    76.-   78.         4  0.4000E-04        30    2.9547E+00  8.8019E+01  5.9672E+01  0.0000E+00  5.9672E+01  0.0000E+00       0
    78.-   80.         0  0.0000E+00         6    5.9353E-01  1.2827E+01  7.1753E+00  0.0000E+00  7.1753E+00  0.0000E+00       0
    80.-   82.         0  0.0000E+00         5    0.0000E+00  0.0000E+00  0.0000E+00  0.0000E+00  0.0000E+00  0.0000E+00       0
    82.-   84.         0  0.0000E+00         7    0.0000E+00  0.0000E+00  0.0000E+00  0.0000E+00  0.0000E+00  0.0000E+00       0
    84.-   86.         0  0.0000E+00         0    0.0000E+00  0.0000E+00  0.0000E+00  0.0000E+00  0.0000E+00  0.0000E+00       0
    86.-   88.         0  0.0000E+00         0    0.0000E+00  0.0000E+00  0.0000E+00  0.0000E+00  0.0000E+00  0.0000E+00       0
    88.-   90.         0  0.0000E+00         0    0.0000E+00  0.0000E+00  0.0000E+00  0.0000E+00  0.0000E+00  0.0000E+00       0
    90.-   92.         0  0.0000E+00         0    0.0000E+00  0.0000E+00  0.0000E+00  0.0000E+00  0.0000E+00  0.0000E+00       0
    92.-   94.         0  0.0000E+00         0    0.0000E+00  0.0000E+00  0.0000E+00  0.0000E+00  0.0000E+00  0.0000E+00       0
    94.-   96.         0  0.0000E+00         0    0.0000E+00  0.0000E+00  0.0000E+00  0.0000E+00  0.0000E+00  0.0000E+00       0
    96.-   98.         0  0.0000E+00         0    0.0000E+00  0.0000E+00  0.0000E+00  0.0000E+00  0.0000E+00  0.0000E+00       0
    98.-  100.         0  0.0000E+00         0    0.0000E+00  0.0000E+00  0.0000E+00  0.0000E+00  0.0000E+00  0.0000E+00       0
   100.-  102.         0  0.0000E+00         0    0.0000E+00  0.0000E+00  0.0000E+00  0.0000E+00  0.0000E+00  0.0000E+00       0
   102.-  104.         0  0.0000E+00         0    0.0000E+00  0.0000E+00  0.0000E+00  0.0000E+00  0.0000E+00  0.0000E+00       0
   104.-  106.         0  0.0000E+00         0    0.0000E+00  0.0000E+00  0.0000E+00  0.0000E+00  0.0000E+00  0.0000E+00       0
   106.-  108.         0  0.0000E+00         0    0.0000E+00  0.0000E+00  0.0000E+00  0.0000E+00  0.0000E+00  0.0000E+00       0
   108.-  110.         0  0.0000E+00         0    0.0000E+00  0.0000E+00  0.0000E+00  0.0000E+00  0.0000E+00  0.0000E+00       0
   110.-  112.         0  0.0000E+00         0    0.0000E+00  0.0000E+00  0.0000E+00  0.0000E+00  0.0000E+00  0.0000E+00       0
   112.-  114.         0  0.0000E+00         0    0.0000E+00  0.0000E+00  0.0000E+00  0.0000E+00  0.0000E+00  0.0000E+00       0
   114.-  116.         0  0.0000E+00         0    0.0000E+00  0.0000E+00  0.0000E+00  0.0000E+00  0.0000E+00  0.0000E+00       0
   116.-  118.         0  0.0000E+00         0    0.0000E+00  0.0000E+00  0.0000E+00  0.0000E+00  0.0000E+00  0.0000E+00       0
   118.-  120.         0  0.0000E+00         0    0.0000E+00  0.0000E+00  0.0000E+00  0.0000E+00  0.0000E+00  0.0000E+00       0
   120.-  122.         0  0.0000E+00         0    0.0000E+00  0.0000E+00  0.0000E+00  0.0000E+00  0.0000E+00  0.0000E+00       0
   122.-  124.         0  0.0000E+00         0    0.0000E+00  0.0000E+00  0.0000E+00  0.0000E+00  0.0000E+00  0.0000E+00       0
   124.-  126.         0  0.0000E+00         0    0.0000E+00  0.0000E+00  0.0000E+00  0.0000E+00  0.0000E+00  0.0000E+00       0
   126.-  128.         0  0.0000E+00         0    0.0000E+00  0.0000E+00  0.0000E+00  0.0000E+00  0.0000E+00  0.0000E+00       0
   128.-  130.         0  0.0000E+00         0    0.0000E+00  0.0000E+00  0.0000E+00  0.0000E+00  0.0000E+00  0.0000E+00       0
   130.-  132.         0  0.0000E+00         0    0.0000E+00  0.0000E+00  0.0000E+00  0.0000E+00  0.0000E+00  0.0000E+00       0
   132.-  134.         0  0.0000E+00         0    0.0000E+00  0.0000E+00  0.0000E+00  0.0000E+00  0.0000E+00  0.0000E+00       0
   134.-  136.         0  0.0000E+00         0    0.0000E+00  0.0000E+00  0.0000E+00  0.0000E+00  0.0000E+00  0.0000E+00       0
   136.-  138.         0  0.0000E+00         0    0.0000E+00  0.0000E+00  0.0000E+00  0.0000E+00  0.0000E+00  0.0000E+00       0
   138.-  140.         0  0.0000E+00         0    0.0000E+00  0.0000E+00  0.0000E+00  0.0000E+00  0.0000E+00  0.0000E+00       0
   140.-  142.         0  0.0000E+00         0    0.0000E+00  0.0000E+00  0.0000E+00  0.0000E+00  0.0000E+00  0.0000E+00       0
   142.-  144.         0  0.0000E+00         0    0.0000E+00  0.0000E+00  0.0000E+00  0.0000E+00  0.0000E+00  0.0000E+00       0
   144.-  146.         0  0.0000E+00         0    0.0000E+00  0.0000E+00  0.0000E+00  0.0000E+00  0.0000E+00  0.0000E+00       0
   146.-  148.         0  0.0000E+00         0    0.0000E+00  0.0000E+00  0.0000E+00  0.0000E+00  0.0000E+00  0.0000E+00       0
   148.-  150.         0  0.0000E+00         0    0.0000E+00  0.0000E+00  0.0000E+00  0.0000E+00  0.0000E+00  0.0000E+00       0
   150.-  152.         0  0.0000E+00         0    0.0000E+00  0.0000E+00  0.0000E+00  0.0000E+00  0.0000E+00  0.0000E+00       0
   152.-  154.         0  0.0000E+00         0    0.0000E+00  0.0000E+00  0.0000E+00  0.0000E+00  0.0000E+00  0.0000E+00       0
   154.-  156.         0  0.0000E+00         0    0.0000E+00  0.0000E+00  0.0000E+00  0.0000E+00  0.0000E+00  0.0000E+00       0
   156.-  158.         0  0.0000E+00         0    0.0000E+00  0.0000E+00  0.0000E+00  0.0000E+00  0.0000E+00  0.0000E+00       0
   158.-  160.         0  0.0000E+00         0    0.0000E+00  0.0000E+00  0.0000E+00  0.0000E+00  0.0000E+00  0.0000E+00       0
   160.-  162.         0  0.0000E+00         0    0.0000E+00  0.0000E+00  0.0000E+00  0.0000E+00  0.0000E+00  0.0000E+00       0
   162.-  164.         0  0.0000E+00         0    0.0000E+00  0.0000E+00  0.0000E+00  0.0000E+00  0.0000E+00  0.0000E+00       0
   164.-  166.         0  0.0000E+00         0    0.0000E+00  0.0000E+00  0.0000E+00  0.0000E+00  0.0000E+00  0.0000E+00       0
   166.-  168.         0  0.0000E+00         0    0.0000E+00  0.0000E+00  0.0000E+00  0.0000E+00  0.0000E+00  0.0000E+00       0
   168.-  170.         0  0.0000E+00         0    0.0000E+00  0.0000E+00  0.0000E+00  0.0000E+00  0.0000E+00  0.0000E+00       0
   170.-  172.         0  0.0000E+00         0    0.0000E+00  0.0000E+00  0.0000E+00  0.0000E+00  0.0000E+00  0.0000E+00       0
   172.-  174.         0  0.0000E+00         0    0.0000E+00  0.0000E+00  0.0000E+00  0.0000E+00  0.0000E+00  0.0000E+00       0
   174.-  176.         0  0.0000E+00         0    0.0000E+00  0.0000E+00  0.0000E+00  0.0000E+00  0.0000E+00  0.0000E+00       0
   176.-  178.         0  0.0000E+00         0    0.0000E+00  0.0000E+00  0.0000E+00  0.0000E+00  0.0000E+00  0.0000E+00       0
   178.-  180.         0  0.0000E+00         0    0.0000E+00  0.0000E+00  0.0000E+00  0.0000E+00  0.0000E+00  0.0000E+00       0
   180.-  182.         0  0.0000E+00         0    0.0000E+00  0.0000E+00  0.0000E+00  0.0000E+00  0.0000E+00  0.0000E+00       0
   182.-  184.         0  0.0000E+00         0    0.0000E+00  0.0000E+00  0.0000E+00  0.0000E+00  0.0000E+00  0.0000E+00       0
   184.-  186.         0  0.0000E+00         0    0.0000E+00  0.0000E+00  0.0000E+00  0.0000E+00  0.0000E+00  0.0000E+00       0
   186.-  188.         0  0.0000E+00         0    0.0000E+00  0.0000E+00  0.0000E+00  0.0000E+00  0.0000E+00  0.0000E+00       0
   188.-  190.         0  0.0000E+00         0    0.0000E+00  0.0000E+00  0.0000E+00  0.0000E+00  0.0000E+00  0.0000E+00       0
   190.-  192.         0  0.0000E+00         0    0.0000E+00  0.0000E+00  0.0000E+00  0.0000E+00  0.0000E+00  0.0000E+00       0
   192.-  194.         0  0.0000E+00         0    0.0000E+00  0.0000E+00  0.0000E+00  0.0000E+00  0.0000E+00  0.0000E+00       0
   194.-  196.         0  0.0000E+00         0    0.0000E+00  0.0000E+00  0.0000E+00  0.0000E+00  0.0000E+00  0.0000E+00       0
   196.-  198.         0  0.0000E+00         0    0.0000E+00  0.0000E+00  0.0000E+00  0.0000E+00  0.0000E+00  0.0000E+00       0
   198.-  200.         0  0.0000E+00         0    0.0000E+00  0.0000E+00  0.0000E+00  0.0000E+00  0.0000E+00  0.0000E+00       0
   200.-   SUT         0  0.0000E+00

                   99999  1.0000E+00     99999    8.3042E+06  1.4019E+08  1.3313E+08  1.1841E+08  1.4716E+07  1.0066E+08  864545
1
     RECOILS



     DEPTH(A)     INLOSS(EV)   TELOSS(EV)   ELLOSS(EV)   DAMAGE(EV)   PHONON(EV)     DPA  DPA(1)  DPA(2)

     0.-    2.    2.5821E+05   4.8599E+06   3.8260E+06   7.5834E+05   3.0676E+06   13506   13506       0
     2.-    4.    4.7075E+05   8.0374E+06   6.6244E+06   2.1070E+06   4.5174E+06   31959   31959       0
     4.-    6.    6.6449E+05   1.0946E+07   9.1063E+06   3.1636E+06   5.9427E+06   45844   45844       0
     6.-    8.    8.2015E+05   1.3350E+07   1.1131E+07   3.9397E+06   7.1908E+06   56282   56282       0
     8.-   10.    9.4525E+05   1.5326E+07   1.2775E+07   4.5162E+06   8.2589E+06   64791   64791       0
    10.-   12.    1.0414E+06   1.6932E+07   1.4108E+07   4.9570E+06   9.1508E+06   71165   71165       0
    12.-   14.    1.1085E+06   1.8138E+07   1.5101E+07   5.2831E+06   9.8181E+06   76251   76251       0
    14.-   16.    1.1508E+06   1.8948E+07   1.5745E+07   5.3895E+06   1.0355E+07   78743   78743       0
    16.-   18.    1.1744E+06   1.9531E+07   1.6213E+07   5.5001E+06   1.0713E+07   80433   80433       0
    18.-   20.    1.1693E+06   1.9603E+07   1.6228E+07   5.3710E+06   1.0856E+07   80275   80275       0
    20.-   22.    1.1428E+06   1.9325E+07   1.5963E+07   5.1678E+06   1.0795E+07   78005   78005       0
    22.-   24.    1.0951E+06   1.8682E+07   1.5390E+07   4.8586E+06   1.0532E+07   73720   73720       0
    24.-   26.    1.0294E+06   1.7748E+07   1.4586E+07   4.5087E+06   1.0078E+07   69367   69367       0
    26.-   28.    9.5112E+05   1.6528E+07   1.3554E+07   4.1089E+06   9.4452E+06   63785   63785       0
    28.-   30.    8.6185E+05   1.5100E+07   1.2350E+07   3.6428E+06   8.7075E+06   57323   57323       0
    30.-   32.    7.6913E+05   1.3576E+07   1.1083E+07   3.2092E+06   7.8737E+06   50812   50812       0
    32.-   34.    6.7218E+05   1.1947E+07   9.7284E+06   2.7413E+06   6.9872E+06   43844   43844       0
    34.-   36.    5.7793E+05   1.0341E+07   8.3995E+06   2.3125E+06   6.0870E+06   37338   37338       0
    36.-   38.    4.8736E+05   8.7932E+06   7.1296E+06   1.9305E+06   5.1991E+06   31294   31294       0
    38.-   40.    4.0615E+05   7.3481E+06   5.9473E+06   1.5833E+06   4.3640E+06   26052   26052       0
    40.-   42.    3.3312E+05   6.0672E+06   4.9050E+06   1.2928E+06   3.6122E+06   21270   21270       0
    42.-   44.    2.6974E+05   4.9237E+06   3.9760E+06   1.0392E+06   2.9368E+06   16936   16936       0
    44.-   46.    2.1443E+05   3.9105E+06   3.1504E+06   7.9645E+05   2.3540E+06   13174   13174       0
    46.-   48.    1.6885E+05   3.1038E+06   2.5003E+06   6.3715E+05   1.8631E+06   10538   10538       0
    48.-   50.    1.3104E+05   2.4140E+06   1.9447E+06   4.9735E+05   1.4473E+06    8061    8061       0
    50.-   52.    1.0118E+05   1.8608E+06   1.4971E+06   3.7784E+05   1.1193E+06    6255    6255       0
    52.-   54.    7.7344E+04   1.4188E+06   1.1415E+06   2.8746E+05   8.5402E+05    4802    4802       0
    54.-   56.    5.8724E+04   1.0809E+06   8.7129E+05   2.2465E+05   6.4665E+05    3709    3709       0
    56.-   58.    4.3975E+04   8.0728E+05   6.5014E+05   1.6380E+05   4.8635E+05    2725    2725       0
    58.-   60.    3.2770E+04   6.0304E+05   4.8533E+05   1.2357E+05   3.6176E+05    2040    2040       0
    60.-   62.    2.4094E+04   4.4362E+05   3.5753E+05   9.3401E+04   2.6412E+05    1542    1542       0
    62.-   64.    1.8087E+04   3.3147E+05   2.6710E+05   6.8227E+04   1.9888E+05    1149    1149       0
    64.-   66.    1.3275E+04   2.4119E+05   1.9387E+05   4.8764E+04   1.4510E+05     823     823       0
    66.-   68.    9.7254E+03   1.7936E+05   1.4486E+05   3.9347E+04   1.0551E+05     646     646       0
    68.-   70.    7.1005E+03   1.3011E+05   1.0500E+05   2.6747E+04   7.8253E+04     462     462       0
    70.-   72.    5.2825E+03   9.7601E+04   7.9018E+04   2.1751E+04   5.7267E+04     349     349       0
    72.-   74.    3.7449E+03   6.9197E+04   5.5868E+04   1.4436E+04   4.1432E+04     218     218       0
    74.-   76.    2.7138E+03   4.8761E+04   3.9343E+04   1.0154E+04   2.9189E+04     167     167       0
    76.-   78.    2.0132E+03   3.6257E+04   2.9189E+04   7.6108E+03   2.1579E+04     125     125       0
    78.-   80.    1.5302E+03   2.7285E+04   2.1987E+04   5.4000E+03   1.6587E+04      91      91       0
    80.-   82.    1.1028E+03   2.0654E+04   1.6755E+04   4.8144E+03   1.1941E+04      83      83       0
    82.-   84.    8.2274E+02   1.5129E+04   1.2193E+04   2.9896E+03   9.2030E+03      52      52       0
    84.-   86.    6.3227E+02   1.2154E+04   9.8021E+03   2.7365E+03   7.0656E+03      48      48       0
    86.-   88.    4.5356E+02   8.7334E+03   6.9638E+03   1.8228E+03   5.1410E+03      31      31       0
    88.-   90.    3.3935E+02   6.9221E+03   5.6483E+03   1.6342E+03   4.0141E+03      25      25       0
    90.-   92.    2.2030E+02   4.2409E+03   3.3680E+03   7.6449E+02   2.6035E+03      13      13       0
    92.-   94.    1.4338E+02   2.7482E+03   2.1877E+03   3.2083E+02   1.8669E+03       8       8       0
    94.-   96.    7.3315E+01   1.3963E+03   1.0621E+03   1.2126E+02   9.4088E+02       2       2       0
    96.-   98.    5.5165E+01   1.0108E+03   7.7703E+02   1.1678E+02   6.6026E+02       2       2       0
    98.-  100.    3.3122E+01   8.0832E+02   6.7228E+02   2.3368E+02   4.3860E+02       4       4       0
   100.-  102.    1.0691E+01   1.9039E+02   1.3448E+02   0.0000E+00   1.3448E+02       0       0       0
   102.-  104.    5.3724E-01   7.0239E+00   4.5942E+00   0.0000E+00   4.5942E+00       0       0       0
   104.-  106.    0.0000E+00   0.0000E+00   0.0000E+00   0.0000E+00   0.0000E+00       0       0       0
   106.-  108.    0.0000E+00   0.0000E+00   0.0000E+00   0.0000E+00   0.0000E+00       0       0       0
   108.-  110.    0.0000E+00   0.0000E+00   0.0000E+00   0.0000E+00   0.0000E+00       0       0       0
   110.-  112.    0.0000E+00   0.0000E+00   0.0000E+00   0.0000E+00   0.0000E+00       0       0       0
   112.-  114.    0.0000E+00   0.0000E+00   0.0000E+00   0.0000E+00   0.0000E+00       0       0       0
   114.-  116.    0.0000E+00   0.0000E+00   0.0000E+00   0.0000E+00   0.0000E+00       0       0       0
   116.-  118.    0.0000E+00   0.0000E+00   0.0000E+00   0.0000E+00   0.0000E+00       0       0       0
   118.-  120.    0.0000E+00   0.0000E+00   0.0000E+00   0.0000E+00   0.0000E+00       0       0       0
   120.-  122.    0.0000E+00   0.0000E+00   0.0000E+00   0.0000E+00   0.0000E+00       0       0       0
   122.-  124.    0.0000E+00   0.0000E+00   0.0000E+00   0.0000E+00   0.0000E+00       0       0       0
   124.-  126.    0.0000E+00   0.0000E+00   0.0000E+00   0.0000E+00   0.0000E+00       0       0       0
   126.-  128.    0.0000E+00   0.0000E+00   0.0000E+00   0.0000E+00   0.0000E+00       0       0       0
   128.-  130.    0.0000E+00   0.0000E+00   0.0000E+00   0.0000E+00   0.0000E+00       0       0       0
   130.-  132.    0.0000E+00   0.0000E+00   0.0000E+00   0.0000E+00   0.0000E+00       0       0       0
   132.-  134.    0.0000E+00   0.0000E+00   0.0000E+00   0.0000E+00   0.0000E+00       0       0       0
   134.-  136.    0.0000E+00   0.0000E+00   0.0000E+00   0.0000E+00   0.0000E+00       0       0       0
   136.-  138.    0.0000E+00   0.0000E+00   0.0000E+00   0.0000E+00   0.0000E+00       0       0       0
   138.-  140.    0.0000E+00   0.0000E+00   0.0000E+00   0.0000E+00   0.0000E+00       0       0       0
   140.-  142.    0.0000E+00   0.0000E+00   0.0000E+00   0.0000E+00   0.0000E+00       0       0       0
   142.-  144.    0.0000E+00   0.0000E+00   0.0000E+00   0.0000E+00   0.0000E+00       0       0       0
   144.-  146.    0.0000E+00   0.0000E+00   0.0000E+00   0.0000E+00   0.0000E+00       0       0       0
   146.-  148.    0.0000E+00   0.0000E+00   0.0000E+00   0.0000E+00   0.0000E+00       0       0       0
   148.-  150.    0.0000E+00   0.0000E+00   0.0000E+00   0.0000E+00   0.0000E+00       0       0       0
   150.-  152.    0.0000E+00   0.0000E+00   0.0000E+00   0.0000E+00   0.0000E+00       0       0       0
   152.-  154.    0.0000E+00   0.0000E+00   0.0000E+00   0.0000E+00   0.0000E+00       0       0       0
   154.-  156.    0.0000E+00   0.0000E+00   0.0000E+00   0.0000E+00   0.0000E+00       0       0       0
   156.-  158.    0.0000E+00   0.0000E+00   0.0000E+00   0.0000E+00   0.0000E+00       0       0       0
   158.-  160.    0.0000E+00   0.0000E+00   0.0000E+00   0.0000E+00   0.0000E+00       0       0       0
   160.-  162.    0.0000E+00   0.0000E+00   0.0000E+00   0.0000E+00   0.0000E+00       0       0       0
   162.-  164.    0.0000E+00   0.0000E+00   0.0000E+00   0.0000E+00   0.0000E+00       0       0       0
   164.-  166.    0.0000E+00   0.0000E+00   0.0000E+00   0.0000E+00   0.0000E+00       0       0       0
   166.-  168.    0.0000E+00   0.0000E+00   0.0000E+00   0.0000E+00   0.0000E+00       0       0       0
   168.-  170.    0.0000E+00   0.0000E+00   0.0000E+00   0.0000E+00   0.0000E+00       0       0       0
   170.-  172.    0.0000E+00   0.0000E+00   0.0000E+00   0.0000E+00   0.0000E+00       0       0       0
   172.-  174.    0.0000E+00   0.0000E+00   0.0000E+00   0.0000E+00   0.0000E+00       0       0       0
   174.-  176.    0.0000E+00   0.0000E+00   0.0000E+00   0.0000E+00   0.0000E+00       0       0       0
   176.-  178.    0.0000E+00   0.0000E+00   0.0000E+00   0.0000E+00   0.0000E+00       0       0       0
   178.-  180.    0.0000E+00   0.0000E+00   0.0000E+00   0.0000E+00   0.0000E+00       0       0       0
   180.-  182.    0.0000E+00   0.0000E+00   0.0000E+00   0.0000E+00   0.0000E+00       0       0       0
   182.-  184.    0.0000E+00   0.0000E+00   0.0000E+00   0.0000E+00   0.0000E+00       0       0       0
   184.-  186.    0.0000E+00   0.0000E+00   0.0000E+00   0.0000E+00   0.0000E+00       0       0       0
   186.-  188.    0.0000E+00   0.0000E+00   0.0000E+00   0.0000E+00   0.0000E+00       0       0       0
   188.-  190.    0.0000E+00   0.0000E+00   0.0000E+00   0.0000E+00   0.0000E+00       0       0       0
   190.-  192.    0.0000E+00   0.0000E+00   0.0000E+00   0.0000E+00   0.0000E+00       0       0       0
   192.-  194.    0.0000E+00   0.0000E+00   0.0000E+00   0.0000E+00   0.0000E+00       0       0       0
   194.-  196.    0.0000E+00   0.0000E+00   0.0000E+00   0.0000E+00   0.0000E+00       0       0       0
   196.-  198.    0.0000E+00   0.0000E+00   0.0000E+00   0.0000E+00   0.0000E+00       0       0       0
   198.-  200.    0.0000E+00   0.0000E+00   0.0000E+00   0.0000E+00   0.0000E+00       0       0       0

                  1.8319E+07   3.1293E+08   2.5746E+08   8.0841E+07   1.7662E+08 1226139 1226139       0
1     BACKWARD SPUTTERING



        ALL SPUTTERED PARTICLES =   37412   TOTAL SPUTTERED ENERGY = 0.7089E+06 EV


        SPUTTERED PARTICLES (1.LAYER) =   37412   SPUTTERED ENERGY = 0.7089E+06 EV


 1.LAYER
         SPUTTERED PARTICLES(1) =   37412     SPUTTERED ENERGY(1) = 0.7089E+06 EV

         ION IN , PRIMARY KO(1) =    8192   0.2190   0.2190    ENERGY = 0.2426E+06 EV   0.3422   0.3422    MEAN ENERGY = 0.2961E+02
         ION IN , SECOND. KO(1) =   29220   0.7810   0.7810    ENERGY = 0.4664E+06 EV   0.6578   0.6578    MEAN ENERGY = 0.1596E+02
        ION OUT , PRIMARY KO(1) =       0   0.0000   0.0000    ENERGY = 0.0000E+00 EV   0.0000   0.0000    MEAN ENERGY = 0.0000E+00
        ION OUT , SECOND. KO(1) =       0   0.0000   0.0000    ENERGY = 0.0000E+00 EV   0.0000   0.0000    MEAN ENERGY = 0.0000E+00


     SPUTTERING YIELD(1) =  3.741E-01  SPUTTERED ENERGY(1) =  4.774E-03  REL.MEAN ENERGY(1) =  1.276E-02  MEAN ENERGY(1) =  1.895E+01

                       MEAN        VARIANCE      SKEWNESS      KURTOSIS        SIGMA       ERROR 1.M     ERROR 2.M     ERROR 3.M 
    ENERGY(1)       1.8949E+01    4.9979E+02    2.9664E+00    1.6289E+01    2.2356E+01    1.1558E-01    1.0104E+01    6.6672E-02
 LOGENERGY(1)       1.0361E+00    2.3356E-01   -2.7957E-01    3.0337E+00    4.8328E-01    2.4989E-03    1.7222E-03    1.2308E-02

                     1.MOMENT      2.MOMENT      3.MOMENT      4.MOMENT      5.MOMENT      6.MOMENT 
    ENERGY(1)       1.8949E+01    8.5886E+02    6.8360E+04    7.7868E+06    1.1264E+09    1.9244E+11
 LOGENERGY(1)       1.0361E+00    1.3070E+00    1.8065E+00    2.6912E+00    4.2350E+00    6.9750E+00



     POLAR ANGULAR DISTRIBUTION OF ALL BACKWARD SPUTTERED PARTICLES


       0.00  0.00  0.00  0.00  0.00  0.00  0.00  0.00  0.00  0.00  0.00  0.00  0.00  0.00  0.00  0.00  0.00  0.00  0.00  0.00

         77   254   395   617   792   994  1289  1512  1732  1936  2085  2362  2467  2711  2728  2946  3002  3157  3072  3284
      0.041 0.136 0.211 0.330 0.423 0.531 0.689 0.808 0.926 1.035 1.115 1.263 1.319 1.449 1.458 1.575 1.605 1.688 1.642 1.756
1 LOG ENERGY - COS OF EMISSION ANGLE (0.05 STEPS)   (BACKWARD SPUTTERED PARTICLES) ; 1. LAYER ; SPECIES 1


   0.0000E+00    1    2    3    4    5    6    7    8    9   10   11   12   13   14   15   16   17   18   19   20     0  0.0000E+00
   0.1000E+00    0    0    0    0    0    1    0    0    0    0    2    2    0    2    0    1    1    0    0    0     9  0.9000E-03
   0.1212E+00    0    0    0    0    0    0    0    0    0    0    0    0    0    0    0    0    0    0    0    0     0  0.0000E+00
   0.1468E+00    0    0    0    0    0    0    0    0    0    0    0    0    0    0    0    0    0    0    0    0     0  0.0000E+00
   0.1778E+00    0    0    0    0    0    0    0    0    0    0    0    0    0    0    0    0    0    0    0    0     0  0.0000E+00
   0.2154E+00    0    0    0    0    0    0    0    0    0    0    0    0    0    0    0    0    0    0    0    0     0  0.0000E+00
   0.2610E+00    0    0    0    0    0    0    0    0    0    0    0    0    0    0    0    0    0    0    0    0     0  0.0000E+00
   0.3162E+00    0    0    0    0    0    0    0    0    0    0    0    0    0    0    0    0    0    0    0    0     0  0.0000E+00
   0.3831E+00    0    0    0    0    0    0    0    0    0    0    0    0    0    0    0    0    0    0    0    0     0  0.0000E+00
   0.4642E+00    0    0    0    0    0    0    0    0    0    0    0    0    0    0    0    0    0    0    0    0     0  0.0000E+00
   0.5623E+00    0    0    0    0    0    0    0    0    0    0    0    0    0    0    0    0    0    0    0    0     0  0.0000E+00
   0.6813E+00    0    0    0    0    0    0    0    0    0    0    0    0    0    0    0    0    0    0    0    0     0  0.0000E+00
   0.8254E+00    0    0    0    0    0    0    0    0    0    0    0    0    0    0    0    0    0    0    0    0     0  0.0000E+00
   0.1000E+01    0    0    0    0    0    0    0    0    0    0    0    0    0    0    0    0    0    0    0    0     0  0.0000E+00
   0.1212E+01    0    0    0    0    0    0    0    0    0    0    0    0    0    0    0    0    0    0    0    0     0  0.0000E+00
   0.1468E+01    0    0    0    0    0    0    0    0    0    0    0    0    0    0    0    0    0    0    0    0     0  0.0000E+00
   0.1778E+01    0    0    0    0    0    0    0    0    0    0    0    0    0    0    0    0    0    0    0    0     0  0.0000E+00
   0.2154E+01    0    0    0    0    0    0    0    0    0    0    0    0    0    0    0    0    0    0    0    0     0  0.0000E+00
   0.2610E+01    0    0    0    0    0    0    0    0    0    0    0    0    0    0    0    0    0    0    0    0     0  0.0000E+00
   0.3162E+01    0    0    0    0    0    0    0    0    0    0    0    0    0    0    0    0    0    0    0    0     0  0.0000E+00
   0.3831E+01    0    0    0    0    0    0    0    0    0    0    0    0    0    0    0    0    0    0    0    0     0  0.0000E+00
   0.4642E+01    0    0    0    0    0    0    0    0    0    0    0    0    0    0    0    0    0    0    0    0     0  0.0000E+00
   0.5623E+01    0    0    0    0    0    0    0    0    0    0    0    0    0    0    0    0    0    0    0    0     0  0.0000E+00
   0.6813E+01    0    0    0    0    0    0    0    0    0    0    0    0    0    0    0    0    0    0    0    0     0  0.0000E+00
   0.8254E+01    0    0    0    0    0    0    0    0    0    0    0    0    0    0    0    0    0    0    0    0     0  0.0000E+00
   0.1000E+02    0    0    0    0    0    0    0    0    0    0    0    0    0    0    0    0    0    0    0    0     0  0.0000E+00
   0.1212E+02    0    0    0    0    0    0    0    0    0    0    0    0    0    0    0    0    0    0    0    0     0  0.0000E+00
   0.1468E+02    0    0    0    0    0    0    0    0    0    0    0    0    0    0    0    0    0    0    0    0     0  0.0000E+00
   0.1778E+02    0    0    0    0    0    0    0    0    0    0    0    0    0    0    0    0    0    0    0    0     0  0.0000E+00
   0.2154E+02    0    0    0    0    0    0    0    0    0    0    0    0    0    0    0    0    0    0    0    0     0  0.0000E+00
   0.2610E+02    0    0    0    0    0    0    0    0    0    0    0    0    0    0    0    0    0    0    0    0     0  0.0000E+00
   0.3162E+02    0    0    0    0    0    0    0    0    0    0    0    0    0    0    0    0    0    0    0    0     0  0.0000E+00
   0.3831E+02    0    0    0    0    0    0    0    0    0    0    0    0    0    0    0    0    0    0    0    0     0  0.0000E+00
   0.4642E+02    0    0    0    0    0    0    0    0    0    0    0    0    0    0    0    0    0    0    0    0     0  0.0000E+00
   0.5623E+02    0    0    0    0    0    0    0    0    0    0    0    0    0    0    0    0    0    0    0    0     0  0.0000E+00
   0.6813E+02    0    0    0    0    0    0    0    0    0    0    0    0    0    0    0    0    0    0    0    0     0  0.0000E+00
   0.8254E+02    0    0    0    0    0    0    0    0    0    0    0    0    0    0    0    0    0    0    0    0     0  0.0000E+00
   0.1000E+03    0    0    0    0    0    0    0    0    0    0    0    0    0    0    0    0    0    0    0    0     0  0.0000E+00
   0.1212E+03    0    0    0    0    0    0    0    0    0    0    0    0    0    0    0    0    0    0    0    0     0  0.0000E+00
   0.1468E+03    0    0    0    0    0    0    0    0    0    0    0    0    0    0    0    0    0    0    0    0     0  0.0000E+00
   0.1778E+03    0    0    0    0    0    0    0    0    0    0    0    0    0    0    0    0    0    0    0    0     0  0.0000E+00
   0.2154E+03    0    0    0    0    0    0    0    0    0    0    0    0    0    0    0    0    0    0    0    0     0  0.0000E+00
   0.2610E+03    0    0    0    0    0    0    0    0    0    0    0    0    0    0    0    0    0    0    0    0     0  0.0000E+00
   0.3162E+03    0    0    0    0    0    0    0    0    0    0    0    0    0    0    0    0    0    0    0    0     0  0.0000E+00
   0.3831E+03    0    0    0    0    0    0    0    0    0    0    0    0    0    0    0    0    0    0    0    0     0  0.0000E+00
   0.4642E+03    0    0    0    0    0    0    0    0    0    0    0    0    0    0    0    0    0    0    0    0     0  0.0000E+00
   0.5623E+03    0    0    0    0    0    0    0    0    0    0    0    0    0    0    0    0    0    0    0    0     0  0.0000E+00
   0.6813E+03    0    0    0    0    0    0    0    0    0    0    0    0    0    0    0    0    0    0    0    0     0  0.0000E+00
   0.8254E+03    0    0    0    0    0    0    0    0    0    0    0    0    0    0    0    0    0    0    0    0     0  0.0000E+00
   0.1000E+04    0    0    0    0    0    0    0    0    0    0    0    0    0    0    0    0    0    0    0    0     0  0.0000E+00
   0.1212E+04    0    0    0    0    0    0    0    0    0    0    0    0    0    0    0    0    0    0    0    0     0  0.0000E+00
   0.1468E+04    0    0    0    0    0    0    0    0    0    0    0    0    0    0    0    0    0    0    0    0     0  0.0000E+00
   0.1778E+04    0    0    0    0    0    0    0    0    0    0    0    0    0    0    0    0    0    0    0    0     0  0.0000E+00
   0.2154E+04    0    0    0    0    0    0    0    0    0    0    0    0    0    0    0    0    0    0    0    0     0  0.0000E+00
   0.2610E+04    0    0    0    0    0    0    0    0    0    0    0    0    0    0    0    0    0    0    0    0     0  0.0000E+00
   0.3162E+04    0    0    0    0    0    0    0    0    0    0    0    0    0    0    0    0    0    0    0    0     0  0.0000E+00
   0.3831E+04    0    0    0    0    0    0    0    0    0    0    0    0    0    0    0    0    0    0    0    0     0  0.0000E+00
   0.4642E+04    0    0    0    0    0    0    0    0    0    0    0    0    0    0    0    0    0    0    0    0     0  0.0000E+00
   0.5623E+04    0    0    0    0    0    0    0    0    0    0    0    0    0    0    0    0    0    0    0    0     0  0.0000E+00
   0.6813E+04    0    0    0    0    0    0    0    0    0    0    0    0    0    0    0    0    0    0    0    0     0  0.0000E+00
   0.8254E+04    0    0    0    0    0    0    0    0    0    0    0    0    0    0    0    0    0    0    0    0     0  0.0000E+00
   0.1000E+05    0    0    0    0    0    0    0    0    0    0    0    0    0    0    0    0    0    0    0    0     0  0.0000E+00
   0.1212E+05    0    0    0    0    0    0    0    0    0    0    0    0    0    0    0    0    0    0    0    0     0  0.0000E+00
   0.1468E+05    0    0    0    0    0    0    0    0    0    0    0    0    0    0    0    0    0    0    0    0     0  0.0000E+00
   0.1778E+05    0    0    0    0    0    0    0    0    0    0    0    0    0    0    0    0    0    0    0    0     0  0.0000E+00
   0.2154E+05    0    0    0    0    0    0    0    0    0    0    0    0    0    0    0    0    0    0    0    0     0  0.0000E+00
   0.2610E+05    0    0    0    0    0    0    0    0    0    0    0    0    0    0    0    0    0    0    0    0     0  0.0000E+00
   0.3162E+05    0    0    0    0    0    0    0    0    0    0    0    0    0    0    0    0    0    0    0    0     0  0.0000E+00
   0.3831E+05    0    0    0    0    0    0    0    0    0    0    0    0    0    0    0    0    0    0    0    0     0  0.0000E+00
   0.4642E+05    0    0    0    0    0    0    0    0    0    0    0    0    0    0    0    0    0    0    0    0     0  0.0000E+00
   0.5623E+05    0    0    0    0    0    0    0    0    0    0    0    0    0    0    0    0    0    0    0    0     0  0.0000E+00
   0.6813E+05    0    0    0    0    0    0    0    0    0    0    0    0    0    0    0    0    0    0    0    0     0  0.0000E+00
   0.8254E+05    0    0    0    0    0    0    0    0    0    0    0    0    0    0    0    0    0    0    0    0     0  0.0000E+00
   0.1000E+06    0    0    0    0    0    0    0    0    0    0    0    0    0    0    0    0    0    0    0    0     0  0.0000E+00
   0.0000E+00  154  508  790 1234 1584 1987 2578 3024 3464 3872 4168 4722 4934 5420 5456 5891 6003 6314 6144 6568 74815  0.0000E+00
1ENERGY(E/E0 IN %) - POLAR ANGLE IN COS-INTERVALS (0.05)  (BACKWARD SPUTTERED PARTICLES) , 1.LAYER , SPECIES 1

     0    1    2    3    4    5    6    7    8    9   10   11   12   13   14   15   16   17   18   19   20      0
     1   51  173  252  367  468  610  718  858  930 1052 1136 1301 1378 1527 1552 1760 1838 2024 2005 2232  22232
     2   14   52   90  149  181  202  282  342  410  460  488  542  559  612  625  640  628  644  656  629   8205
     3    9   18   30   58   71   83  126  148  155  187  192  222  224  249  250  279  260  224  213  237   3235
     4    1    9   11   20   33   47   70   81   99   83  115  113  127  131  140  116  132  128   93   96   1645
     5    1    1    6   12   23   23   40   25   41   55   58   69   70   67   71   64   64   63   61   44    858
     6    0    0    3    3    8   10   24   13   34   33   35   50   30   56   38   30   31   31   20   22    471
     7    0    1    2    6    4    7   13   18   26   22   22   30   27   19   18   25   16   22   12    9    299
     8    1    0    1    1    1    5    6    9   14   20   11   11   23   22   12    9   14   10    7    7    184
     9    0    0    0    1    1    2    5    9    8    7   10   14   10   10   11    6    9    3    2    6    114
    10    0    0    0    0    1    2    2    1    7    9    7    4    8   10    3    7    4    4    1    0     70
    11    0    0    0    0    0    3    1    4    3    3    2    4    5    3    5    4    4    0    0    0     41
    12    0    0    0    0    0    0    1    2    1    2    3    0    1    1    0    1    1    3    0    1     17
    13    0    0    0    0    0    0    0    2    1    0    4    0    2    2    2    2    0    1    0    0     16
    14    0    0    0    0    1    0    0    0    1    3    1    1    1    0    0    2    0    0    0    0     10
    15    0    0    0    0    0    0    0    0    1    0    0    0    0    1    1    0    0    0    0    1      4
    16    0    0    0    0    0    0    1    0    1    0    0    0    1    1    0    1    0    0    0    0      5
    17    0    0    0    0    0    0    0    0    0    0    0    1    0    0    0    0    0    0    0    0      1
    18    0    0    0    0    0    0    0    0    0    0    1    0    0    0    0    0    1    0    2    0      4
    19    0    0    0    0    0    0    0    0    0    0    0    0    1    0    0    0    0    0    0    0      1
    20    0    0    0    0    0    0    0    0    0    0    0    0    0    0    0    0    0    0    0    0      0
    21    0    0    0    0    0    0    0    0    0    0    0    0    0    0    0    0    0    0    0    0      0
    22    0    0    0    0    0    0    0    0    0    0    0    0    0    0    0    0    0    0    0    0      0
    23    0    0    0    0    0    0    0    0    0    0    0    0    0    0    0    0    0    0    0    0      0
    24    0    0    0    0    0    0    0    0    0    0    0    0    0    0    0    0    0    0    0    0      0
    25    0    0    0    0    0    0    0    0    0    0    0    0    0    0    0    0    0    0    0    0      0
    26    0    0    0    0    0    0    0    0    0    0    0    0    0    0    0    0    0    0    0    0      0
    27    0    0    0    0    0    0    0    0    0    0    0    0    0    0    0    0    0    0    0    0      0
    28    0    0    0    0    0    0    0    0    0    0    0    0    0    0    0    0    0    0    0    0      0
    29    0    0    0    0    0    0    0    0    0    0    0    0    0    0    0    0    0    0    0    0      0
    30    0    0    0    0    0    0    0    0    0    0    0    0    0    0    0    0    0    0    0    0      0
    31    0    0    0    0    0    0    0    0    0    0    0    0    0    0    0    0    0    0    0    0      0
    32    0    0    0    0    0    0    0    0    0    0    0    0    0    0    0    0    0    0    0    0      0
    33    0    0    0    0    0    0    0    0    0    0    0    0    0    0    0    0    0    0    0    0      0
    34    0    0    0    0    0    0    0    0    0    0    0    0    0    0    0    0    0    0    0    0      0
    35    0    0    0    0    0    0    0    0    0    0    0    0    0    0    0    0    0    0    0    0      0
    36    0    0    0    0    0    0    0    0    0    0    0    0    0    0    0    0    0    0    0    0      0
    37    0    0    0    0    0    0    0    0    0    0    0    0    0    0    0    0    0    0    0    0      0
    38    0    0    0    0    0    0    0    0    0    0    0    0    0    0    0    0    0    0    0    0      0
    39    0    0    0    0    0    0    0    0    0    0    0    0    0    0    0    0    0    0    0    0      0
    40    0    0    0    0    0    0    0    0    0    0    0    0    0    0    0    0    0    0    0    0      0
    41    0    0    0    0    0    0    0    0    0    0    0    0    0    0    0    0    0    0    0    0      0
    42    0    0    0    0    0    0    0    0    0    0    0    0    0    0    0    0    0    0    0    0      0
    43    0    0    0    0    0    0    0    0    0    0    0    0    0    0    0    0    0    0    0    0      0
    44    0    0    0    0    0    0    0    0    0    0    0    0    0    0    0    0    0    0    0    0      0
    45    0    0    0    0    0    0    0    0    0    0    0    0    0    0    0    0    0    0    0    0      0
    46    0    0    0    0    0    0    0    0    0    0    0    0    0    0    0    0    0    0    0    0      0
    47    0    0    0    0    0    0    0    0    0    0    0    0    0    0    0    0    0    0    0    0      0
    48    0    0    0    0    0    0    0    0    0    0    0    0    0    0    0    0    0    0    0    0      0
    49    0    0    0    0    0    0    0    0    0    0    0    0    0    0    0    0    0    0    0    0      0
    50    0    0    0    0    0    0    0    0    0    0    0    0    0    0    0    0    0    0    0    0      0
    51    0    0    0    0    0    0    0    0    0    0    0    0    0    0    0    0    0    0    0    0      0
    52    0    0    0    0    0    0    0    0    0    0    0    0    0    0    0    0    0    0    0    0      0
    53    0    0    0    0    0    0    0    0    0    0    0    0    0    0    0    0    0    0    0    0      0
    54    0    0    0    0    0    0    0    0    0    0    0    0    0    0    0    0    0    0    0    0      0
    55    0    0    0    0    0    0    0    0    0    0    0    0    0    0    0    0    0    0    0    0      0
    56    0    0    0    0    0    0    0    0    0    0    0    0    0    0    0    0    0    0    0    0      0
    57    0    0    0    0    0    0    0    0    0    0    0    0    0    0    0    0    0    0    0    0      0
    58    0    0    0    0    0    0    0    0    0    0    0    0    0    0    0    0    0    0    0    0      0
    59    0    0    0    0    0    0    0    0    0    0    0    0    0    0    0    0    0    0    0    0      0
    60    0    0    0    0    0    0    0    0    0    0    0    0    0    0    0    0    0    0    0    0      0
    61    0    0    0    0    0    0    0    0    0    0    0    0    0    0    0    0    0    0    0    0      0
    62    0    0    0    0    0    0    0    0    0    0    0    0    0    0    0    0    0    0    0    0      0
    63    0    0    0    0    0    0    0    0    0    0    0    0    0    0    0    0    0    0    0    0      0
    64    0    0    0    0    0    0    0    0    0    0    0    0    0    0    0    0    0    0    0    0      0
    65    0    0    0    0    0    0    0    0    0    0    0    0    0    0    0    0    0    0    0    0      0
    66    0    0    0    0    0    0    0    0    0    0    0    0    0    0    0    0    0    0    0    0      0
    67    0    0    0    0    0    0    0    0    0    0    0    0    0    0    0    0    0    0    0    0      0
    68    0    0    0    0    0    0    0    0    0    0    0    0    0    0    0    0    0    0    0    0      0
    69    0    0    0    0    0    0    0    0    0    0    0    0    0    0    0    0    0    0    0    0      0
    70    0    0    0    0    0    0    0    0    0    0    0    0    0    0    0    0    0    0    0    0      0
    71    0    0    0    0    0    0    0    0    0    0    0    0    0    0    0    0    0    0    0    0      0
    72    0    0    0    0    0    0    0    0    0    0    0    0    0    0    0    0    0    0    0    0      0
    73    0    0    0    0    0    0    0    0    0    0    0    0    0    0    0    0    0    0    0    0      0
    74    0    0    0    0    0    0    0    0    0    0    0    0    0    0    0    0    0    0    0    0      0
    75    0    0    0    0    0    0    0    0    0    0    0    0    0    0    0    0    0    0    0    0      0
    76    0    0    0    0    0    0    0    0    0    0    0    0    0    0    0    0    0    0    0    0      0
    77    0    0    0    0    0    0    0    0    0    0    0    0    0    0    0    0    0    0    0    0      0
    78    0    0    0    0    0    0    0    0    0    0    0    0    0    0    0    0    0    0    0    0      0
    79    0    0    0    0    0    0    0    0    0    0    0    0    0    0    0    0    0    0    0    0      0
    80    0    0    0    0    0    0    0    0    0    0    0    0    0    0    0    0    0    0    0    0      0
    81    0    0    0    0    0    0    0    0    0    0    0    0    0    0    0    0    0    0    0    0      0
    82    0    0    0    0    0    0    0    0    0    0    0    0    0    0    0    0    0    0    0    0      0
    83    0    0    0    0    0    0    0    0    0    0    0    0    0    0    0    0    0    0    0    0      0
    84    0    0    0    0    0    0    0    0    0    0    0    0    0    0    0    0    0    0    0    0      0
    85    0    0    0    0    0    0    0    0    0    0    0    0    0    0    0    0    0    0    0    0      0
    86    0    0    0    0    0    0    0    0    0    0    0    0    0    0    0    0    0    0    0    0      0
    87    0    0    0    0    0    0    0    0    0    0    0    0    0    0    0    0    0    0    0    0      0
    88    0    0    0    0    0    0    0    0    0    0    0    0    0    0    0    0    0    0    0    0      0
    89    0    0    0    0    0    0    0    0    0    0    0    0    0    0    0    0    0    0    0    0      0
    90    0    0    0    0    0    0    0    0    0    0    0    0    0    0    0    0    0    0    0    0      0
    91    0    0    0    0    0    0    0    0    0    0    0    0    0    0    0    0    0    0    0    0      0
    92    0    0    0    0    0    0    0    0    0    0    0    0    0    0    0    0    0    0    0    0      0
    93    0    0    0    0    0    0    0    0    0    0    0    0    0    0    0    0    0    0    0    0      0
    94    0    0    0    0    0    0    0    0    0    0    0    0    0    0    0    0    0    0    0    0      0
    95    0    0    0    0    0    0    0    0    0    0    0    0    0    0    0    0    0    0    0    0      0
    96    0    0    0    0    0    0    0    0    0    0    0    0    0    0    0    0    0    0    0    0      0
    97    0    0    0    0    0    0    0    0    0    0    0    0    0    0    0    0    0    0    0    0      0
    98    0    0    0    0    0    0    0    0    0    0    0    0    0    0    0    0    0    0    0    0      0
    99    0    0    0    0    0    0    0    0    0    0    0    0    0    0    0    0    0    0    0    0      0
   100    0    0    0    0    0    0    0    0    0    0    0    0    0    0    0    0    0    0    0    0      0
     0   77  254  395  617  792  994 1289 1512 1732 1936 2085 2362 2467 2711 2728 2946 3002 3157 3072 3284  37412
1AZIMUTHAL ANGLE - POLAR ANGLE IN COS-INTERVALS (0.05) (BACKWARD SPUTTERED PARTICLES) , 1.LAYER , SPECIES 1

     0    1    2    3    4    5    6    7    8    9   10   11   12   13   14   15   16   17   18   19   20      0
     3    2    2    9    8    9   19   20   23   33   38   27   42   41   41   49   49   51   54   54   56    627
     6    1    4    8    6    8   18   16   28   36   35   37   44   31   37   39   44   61   49   47   58    607
     9    1    3   11   17   12   19   17   18   21   35   37   41   42   42   43   54   57   48   46   49    613
    12    0    2   10    5   10   15   18   24   35   38   41   36   52   42   40   47   43   58   49   52    617
    15    0    8    9    9   21   24   21   31   31   29   34   41   48   41   51   52   39   49   50   54    642
    18    1    4    5    7    9   19   27   30   32   21   29   32   31   57   29   45   41   49   57   61    586
    21    1    5    9   14   12   21   20   25   27   30   40   49   52   44   64   42   49   42   59   63    668
    24    2    3    9   16   14   16   36   28   38   36   39   40   40   49   58   46   44   57   46   47    664
    27    0    3    7    9    8   13   22   25   31   29   45   45   42   39   50   46   60   48   61   55    638
    30    1    5    6    7   13   23   19   16   30   27   38   26   44   42   50   49   47   48   45   37    573
    33    1    9   10   12   15   17   17   22   32   37   39   39   50   37   59   57   48   60   37   43    641
    36    0    3    7    7   12   19   16   23   35   34   40   40   40   52   48   51   63   52   52   55    649
    39    1    2    5   12   11   14   21   15   31   41   37   36   33   36   56   46   52   46   39   55    589
    42    2    8    7   19   12   16   21   24   24   30   28   33   31   52   37   49   47   51   61   56    608
    45    0    2    9   15   16   10   23   29   24   30   35   42   46   55   46   51   50   47   53   47    630
    48    0    2    5   12   12   11   18   15   34   31   26   47   36   42   33   52   46   51   55   61    589
    51    0    7    5    9   14   20   23   27   29   33   37   43   30   45   44   39   48   47   55   52    607
    54    0    3    6    5   14   15   17   30   29   38   38   34   35   48   39   47   63   50   54   54    619
    57    1    7    6   15   12   22   22   27   29   27   31   36   40   41   52   56   62   63   53   54    656
    60    1    9   10    9   14   17   24   18   28   37   26   37   42   40   47   64   46   56   60   60    645
    63    0    5    6   10   12   13   28   24   33   26   37   39   41   51   41   51   38   41   50   64    610
    66    1    5    4   17   11   12   26   26   23   41   41   49   47   53   35   44   57   68   45   38    643
    69    0    3    1    7   14   19   26   29   33   34   31   37   38   53   46   52   50   57   56   63    649
    72    0    8    5   10   14   10   22   36   28   35   32   31   36   41   47   42   46   63   55   58    619
    75    1    4    5   10   14   11   24   19   22   40   35   33   48   44   35   44   49   57   65   51    611
    78    1    2    1   11   14   10   21   25   26   24   28   33   40   53   57   43   46   48   56   56    595
    81    2    3    6    9   15   11   23   28   27   41   24   43   45   49   56   56   45   67   52   55    657
    84    1    3    9    8   13   19   13   22   30   32   22   45   45   39   34   56   61   50   34   60    596
    87    1   10    5    8   15   12   23   21   30   29   39   43   35   55   37   34   43   52   54   48    594
    90    2    2    3   13   11   12   19   30   28   35   34   46   40   34   55   39   51   50   42   59    605
    93    2    4    5    6   15   14   23   21   46   31   26   35   39   49   45   52   47   60   53   45    618
    96    4    4    2    8   18   22   26   22   28   47   45   33   50   58   42   48   67   59   59   46    688
    99    3    3    9   12    8   24   17   36   27   30   39   43   48   43   44   48   54   57   58   47    650
   102    1    4   11    7   15   20   22   23   18   30   32   35   40   32   53   58   54   48   53   66    622
   105    2    0    9   10   11   19   27   32   24   37   35   32   46   43   56   48   48   51   50   60    640
   108    2    5    7    7   15   14   25   30   30   35   30   45   42   41   45   38   48   59   38   54    610
   111    4    3    2    6   13   17   23   19   33   35   25   35   36   35   52   42   44   55   51   34    564
   114    2    2    4    8   15   13   23   33   23   36   32   39   41   40   38   47   44   41   47   55    583
   117    0    2    4    7    9   20   21   25   25   38   45   45   39   43   48   47   54   40   48   62    622
   120    0    3    4    6   18   17   26   26   34   27   41   48   35   43   46   58   46   47   69   65    659
   123    0    7    4   13    9   12   23   22   29   34   26   41   37   62   51   52   53   59   55   67    656
   126    1    5   12    4   16   15   22   17   27   28   34   47   44   49   57   51   47   41   45   53    615
   129    1    3    7   14   20    9   11   24   26   30   32   46   39   53   44   48   48   47   49   46    597
   132    4    5    6   11   16   22   30   30   25   35   30   43   38   40   66   61   44   71   57   65    699
   135    2    3    3    6    8   14   24   20   24   35   29   35   56   38   40   55   45   42   42   54    575
   138    3    3   10   14   16   24   16   31   36   26   39   46   37   46   41   40   58   46   58   46    636
   141    0    5    5    9   11   12   20   21   26   30   31   43   41   38   48   51   51   55   40   78    615
   144    3    5    6   15   16   11   16   23   28   38   25   36   43   43   41   49   48   61   37   64    608
   147    1    7    7   13   15   18   16   31   35   22   32   35   45   37   41   45   54   52   52   49    607
   150    1    6   10   14   13   17   18   31   23   28   40   33   37   46   40   52   55   59   52   53    628
   153    4    3    9    9    7   20   29   24   24   32   37   33   41   51   51   54   42   55   53   50    628
   156    0    8    8   10   14   17   21   31   31   30   34   41   44   52   33   60   55   59   51   43    642
   159    0    4    6   12   15   16   22   27   31   22   51   37   41   42   41   53   42   62   51   56    631
   162    3    3    4    4   14   11   20   27   23   29   39   35   41   39   51   51   42   45   50   64    595
   165    0    5    7   11   17   15   28   17   25   36   40   42   39   63   41   51   49   53   56   54    649
   168    3    3   10   10   10   21   26   29   30   28   33   35   49   43   35   57   61   48   44   59    634
   171    0    8    4   14    9   22   19   23   24   28   36   33   46   43   42   54   41   66   58   68    638
   174    1    1    6   16   18   21   14   29   26   36   49   45   37   46   38   41   48   44   50   56    622
   177    5    0    5   12   14   21   22   25   33   21   34   46   40   45   43   44   63   56   42   47    618
   180    1    4   11   13   16   19   16   25   29   29   37   38   35   54   38   44   47   41   62   57    616
     0   77  254  395  617  792  994 1289 1512 1732 1936 2085 2362 2467 2711 2728 2946 3002 3157 3072 3284  37412
