1
      *** PROGRAM TRVMC95 ***


                              * INPUT DATA *


       Z1        M1          E0       ALPHA       EF        ESB      SHEATH     ERC
     18.00     39.95      2243.00      0.00      0.10      0.00   6729.00      4.70

       NH        RI           X0        RD        CW        CA       KK0   KK0R   KDEE1  KDEE2  IPOT   IPOTR   IRL
     99999 716381.00         0.00    100.00      2.00      1.00       2      2      3      3      1      1      3


             DX      RHO    CK  Z(,1) Z(,2) Z(,3) Z(,4) Z(,5)  M(,1)  M(,2)  M(,3)  M(,4)  M(,5) C(,1) C(,2) C(,3) C(,4) C(,5)

 1.LAYER 10000.00   2.25   1.00    6.    0.    0.    0.    0.  12.01   0.00   0.00   0.00   0.00 1.000 0.000 0.000 0.000 0.000


                           ***  SBE(LAYER,ELEMENT)  ***     ***     ED(LAYER,ELEMENT)     ***     ***   BE(LAYER,ELEMENT)  ***

 1.LAYER                   7.41  0.00  0.00  0.00  0.00     30.00   0.00   0.00   0.00   0.00     0.10  0.00  0.00  0.00  0.00


       INTERACTION POTENTIAL : PROJECTILE-TARGET : KR-C POTENTIAL     TARGET-TARGET : KR-C POTENTIAL    


       INELASTIC LOSS MODEL  : PROJECTILE-TARGET : 50% LS 50% OR      TARGET-TARGET : 50% LS 50% OR     
1

                              * OUTPUT DATA *


                 HLM       HLMT        SU       SUT        XC        RT       SFE      INEL         L        LJ
               0.0000 10000.000    3.5029 10003.503   -3.5029  9900.000      7.41         0         1         1


                NPROJ       KIB       KIT      MAXA      NALL       NPA       NSA       KIS      KIST
                41664         0         0       284  42187697   2317388  23576168     95442         0


            EPS0(I)       Z2(I)       M2(I)     ARHO(I)       LM(I)     PMAX(I)     ASIG(I)       SB(I)       XX(I)        NJ(I)

 1.LAYER   0.4398E-01  0.6000E+01  0.1201E+02  0.1128E+00  0.2070E+01  0.1168E+01  0.2335E+00  0.7410E+01  0.1000E+05         1


             A1(1)   A1(2)   A1(3)   A1(4)   A1(5)   A1(6)   A1(7)   A1(8)   A1(9)  A1(10)  A1(11)  A1(12)  A1(13)  A1(14)  A1(15)

           0.13193


           KOR1(1) KOR1(2) KOR1(3) KOR1(4) KOR1(5) KOR1(6) KOR1(7) KOR1(8) KOR1(9) KOR1(A) KOR1(B) KOR1(C) KOR1(D) KOR1(E) KOR1(F)

           0.73577


            A(I,1)  A(I,2)  A(I,3)  A(I,4)  A(I,5)  A(I,6)  A(I,7)  A(I,8)  A(I,9) A(I,10) A(I,11) A(I,12) A(I,13) A(I,14) A(I,15)

           0.16242


           KOR(,1) KOR(,2) KOR(,3) KOR(,4) KOR(,5) KOR(,6) KOR(,7) KOR(,8) KOR(,9) KOR(,A) KOR(,B) KOR(,C) KOR(,D) KOR(,E) KOR(,F)

           0.46963
1

         IMPLANTED PARTICLES=  99999     ENERGY=0.2243E+09 EV
     BACKSCATTERED PARTICLES=      0     ENERGY=0.0000E+00 EV
       TRANSMITTED PARTICLES=      0     ENERGY=0.0000E+00 EV
     BACKSPUTTERED PARTICLES=  48035     ENERGY=0.1127E+07 EV
    TRANSM. SPUTT. PARTICLES=      0     ENERGY=0.0000E+00 EV


  PROJECTILES :   MEAN NUMBER OF ELASTIC COLLISIONS =     25.0   MEAN NUMBER OF EL.COLL.(E > EDISPL.) =   11.149
                                                                 MEAN NUMBER OF EL.COLL.(E > SB(1))   =   21.235

                       MEAN        VARIANCE      SKEWNESS      KURTOSIS        SIGMA       ERROR 1.M     ERROR 2.M     ERROR 3.M 
  PENETRATION       4.2700E+01    1.6910E+02    4.2017E-01    3.0286E+00    1.3004E+01    4.1122E-02    7.6165E-01    7.4909E-03
       SPREAD       1.4163E+01    6.0803E+01    7.8810E-01    3.6620E+00    7.7976E+00    2.4658E-02    3.1371E-01    9.3211E-03
   PATHLENGTH       4.9735E+01    1.9054E+02    3.7258E-01    2.9730E+00    1.3804E+01    4.3651E-02    8.4634E-01    7.3156E-03
 ELASTIC LOSS       2.1053E+03    2.1610E+03                                4.6487E+01    4.6487E-04
   INEL. LOSS       1.3765E+02    2.1610E+03                                4.6487E+01    4.6487E-04

                       MEAN        VARIANCE      SKEWNESS      KURTOSIS        SIGMA       ERROR 1.M     ERROR 2.M     ERROR 3.M 
   ELAST.LOSS       8.1264E+01    2.4939E+04    4.1699E+00    2.4763E+01    1.5792E+02    9.9960E-02    7.6950E+01    6.2974E-03
 WEAK EL.LOSS       3.0886E+00    6.3294E+00    1.2101E+00    3.9747E+00    2.5158E+00    1.5925E-03    6.9100E-03    1.3590E-03
 INELAST.LOSS       5.5150E+00    1.0986E+01    2.2380E-02    1.9377E+00    3.3145E+00    2.0980E-03    6.7340E-03    9.6569E-04
  SUBTHR.LOSS       1.3068E+01    5.6063E+01    4.0823E-01    2.2667E+00    7.4875E+00    6.3717E-03    5.3694E-02    1.2461E-03

                     1.MOMENT      2.MOMENT      3.MOMENT      4.MOMENT      5.MOMENT      6.MOMENT 
  PENETRATION       4.2700E+01    1.9924E+03    1.0044E+05    5.4187E+06    3.1040E+08    1.8756E+10



  RECOILES (PER PROJ.)   :   MEAN NUMBER OF ELASTIC COLLISIONS =    415.9   MEAN NUMBER OF EL.COLL.(E > EDISPL.) =     20.103
                                                                            MEAN NUMBER OF EL.COLL.(E > SB(1))   =    129.079

  RECOILES (PER KNOCKON) :   MEAN NUMBER OF ELASTIC COLLISIONS =    1.606   MEAN NUMBER OF EL.COLL.(E > EDISPL.) =      0.078
                                                                            MEAN NUMBER OF EL.COLL.(E > SB(1))   =      0.498

1


     DEPTH(A)  PARTICLES  NORM.DEPTH PATHLENGTH   INLOSS(EV)  TELOSS(EV)  ELLOSS(EV)  DAMAGE(EV)  PHONON(EV)  CASCAD(EV)     DPA

    -SU-    0.         0  0.0000E+00
     0.-    2.         0  0.0000E+00         0    9.4840E+05  1.2317E+07  1.2203E+07  1.1614E+07  5.8928E+05  9.6508E+06   43698
     2.-    4.         0  0.0000E+00         0    9.4514E+05  1.2330E+07  1.2208E+07  1.1615E+07  5.9255E+05  9.6663E+06   45204
     4.-    6.         1  0.1000E-04         0    9.1596E+05  1.2128E+07  1.1993E+07  1.1388E+07  6.0550E+05  9.4920E+06   46114
     6.-    8.         2  0.2000E-04         0    8.8628E+05  1.2129E+07  1.1981E+07  1.1370E+07  6.1094E+05  9.4919E+06   47866
     8.-   10.        11  0.1100E-03         0    8.5225E+05  1.1681E+07  1.1517E+07  1.0884E+07  6.3313E+05  9.1044E+06   48637
    10.-   12.        52  0.5200E-03         2    8.2064E+05  1.1594E+07  1.1411E+07  1.0762E+07  6.4888E+05  9.0175E+06   50241
    12.-   14.       123  0.1230E-02         3    7.8370E+05  1.1201E+07  1.0994E+07  1.0325E+07  6.6911E+05  8.6686E+06   51288
    14.-   16.       357  0.3570E-02        29    7.4867E+05  1.0983E+07  1.0749E+07  1.0053E+07  6.9616E+05  8.4535E+06   52620
    16.-   18.       601  0.6010E-02        90    7.1118E+05  1.0684E+07  1.0425E+07  9.7067E+06  7.1826E+05  8.1775E+06   53675
    18.-   20.      1090  0.1090E-01       214    6.7081E+05  1.0323E+07  1.0034E+07  9.2933E+06  7.4085E+05  7.8418E+06   53936
    20.-   22.      1590  0.1590E-01       459    6.2974E+05  9.9018E+06  9.5857E+06  8.8210E+06  7.6475E+05  7.4570E+06   54116
    22.-   24.      2208  0.2208E-01       792    5.8622E+05  9.3266E+06  8.9851E+06  8.1990E+06  7.8602E+05  6.9452E+06   53542
    24.-   26.      2925  0.2925E-01      1145    5.4231E+05  8.8182E+06  8.4557E+06  7.6581E+06  7.9759E+05  6.4953E+06   52296
    26.-   28.      3656  0.3656E-01      1678    4.9873E+05  8.3129E+06  7.9331E+06  7.1353E+06  7.9780E+05  6.0612E+06   51047
    28.-   30.      4242  0.4242E-01      2243    4.5225E+05  7.6420E+06  7.2567E+06  6.4613E+06  7.9547E+05  5.4974E+06   48277
    30.-   32.      4841  0.4841E-01      2914    4.0926E+05  7.0911E+06  6.7004E+06  5.9172E+06  7.8319E+05  5.0404E+06   45859
    32.-   34.      5445  0.5445E-01      3438    3.6466E+05  6.3955E+06  6.0101E+06  5.2585E+06  7.5153E+05  4.4857E+06   42777
    34.-   36.      5819  0.5819E-01      4207    3.2322E+05  5.7493E+06  5.3744E+06  4.6503E+06  7.2405E+05  3.9715E+06   39122
    36.-   38.      5939  0.5939E-01      4668    2.8303E+05  5.1047E+06  4.7456E+06  4.0643E+06  6.8132E+05  3.4754E+06   35592
    38.-   40.      6097  0.6097E-01      4997    2.4562E+05  4.5333E+06  4.1957E+06  3.5629E+06  6.3278E+05  3.0496E+06   31997
    40.-   42.      5990  0.5990E-01      5470    2.1080E+05  3.9101E+06  3.5979E+06  3.0162E+06  5.8168E+05  2.5851E+06   28290
    42.-   44.      5697  0.5697E-01      5546    1.7950E+05  3.3992E+06  3.1118E+06  2.5841E+06  5.2768E+05  2.2172E+06   24852
    44.-   46.      5624  0.5624E-01      5166    1.5035E+05  2.8500E+06  2.5902E+06  2.1143E+06  4.7591E+05  1.8163E+06   21285
    46.-   48.      5251  0.5251E-01      5330    1.2547E+05  2.4183E+06  2.1876E+06  1.7685E+06  4.1907E+05  1.5203E+06   18136
    48.-   50.      4905  0.4905E-01      5276    1.0318E+05  2.0226E+06  1.8201E+06  1.4552E+06  3.6484E+05  1.2523E+06   15364
    50.-   52.      4292  0.4292E-01      5140    8.3935E+04  1.6560E+06  1.4821E+06  1.1690E+06  3.1310E+05  1.0071E+06   12672
    52.-   54.      3993  0.3993E-01      5172    6.8037E+04  1.3548E+06  1.2037E+06  9.3285E+05  2.7085E+05  8.0392E+05   10331
    54.-   56.      3516  0.3516E-01      4721    5.4097E+04  1.1078E+06  9.8250E+05  7.5958E+05  2.2292E+05  6.5488E+05    8457
    56.-   58.      3029  0.3029E-01      4419    4.2154E+04  8.5117E+05  7.4723E+05  5.6236E+05  1.8487E+05  4.8562E+05    6632
    58.-   60.      2549  0.2549E-01      4164    3.2984E+04  6.8226E+05  5.9711E+05  4.4830E+05  1.4880E+05  3.8746E+05    5376
    60.-   62.      2118  0.2118E-01      3650    2.5327E+04  5.3035E+05  4.6176E+05  3.3871E+05  1.2305E+05  2.9262E+05    4029
    62.-   64.      1829  0.1829E-01      3333    1.9299E+04  4.0043E+05  3.4561E+05  2.4816E+05  9.7449E+04  2.1475E+05    3119
    64.-   66.      1452  0.1452E-01      2580    1.4361E+04  3.0803E+05  2.6580E+05  1.9056E+05  7.5241E+04  1.6483E+05    2366
    66.-   68.      1164  0.1164E-01      2195    1.0694E+04  2.2352E+05  1.9068E+05  1.3144E+05  5.9244E+04  1.1395E+05    1731
    68.-   70.       899  0.8990E-02      2249    7.7822E+03  1.6963E+05  1.4483E+05  1.0141E+05  4.3417E+04  8.7836E+04    1325
    70.-   72.       711  0.7110E-02      1948    5.6210E+03  1.1576E+05  9.7416E+04  6.4248E+04  3.3167E+04  5.5784E+04     896
    72.-   74.       543  0.5430E-02      1588    4.1034E+03  8.9751E+04  7.5612E+04  5.0443E+04  2.5169E+04  4.3772E+04     692
    74.-   76.       385  0.3850E-02      1246    2.8861E+03  6.3111E+04  5.2781E+04  3.4853E+04  1.7928E+04  3.0267E+04     489
    76.-   78.       320  0.3200E-02       978    1.9443E+03  4.2358E+04  3.5271E+04  2.2730E+04  1.2541E+04  1.9741E+04     322
    78.-   80.       220  0.2200E-02       743    1.4112E+03  2.9956E+04  2.4760E+04  1.5507E+04  9.2530E+03  1.3480E+04     227
    80.-   82.       153  0.1530E-02       596    9.4956E+02  2.1724E+04  1.8176E+04  1.1631E+04  6.5445E+03  1.0096E+04     159
    82.-   84.        90  0.9000E-03       455    6.3433E+02  1.3933E+04  1.1392E+04  6.5729E+03  4.8188E+03  5.7119E+03      91
    84.-   86.        90  0.9000E-03       346    4.5072E+02  9.4109E+03  7.4870E+03  3.9337E+03  3.5533E+03  3.4414E+03      68
    86.-   88.        71  0.7100E-03       243    3.0346E+02  7.8202E+03  6.5176E+03  4.2115E+03  2.3062E+03  3.6259E+03      47
    88.-   90.        39  0.3900E-03       165    1.6581E+02  3.4630E+03  2.7667E+03  1.6111E+03  1.1556E+03  1.4110E+03      30
    90.-   92.        29  0.2900E-03       118    1.1901E+02  2.7572E+03  2.2606E+03  1.4388E+03  8.2185E+02  1.2527E+03      21
    92.-   94.        12  0.1200E-03        94    7.0121E+01  1.5072E+03  1.1634E+03  5.0509E+02  6.5836E+02  4.4253E+02       9
    94.-   96.        10  0.1000E-03        63    3.8201E+01  8.4048E+02  6.6581E+02  3.7739E+02  2.8842E+02  3.3195E+02       8
    96.-   98.         2  0.2000E-04        49    2.7031E+01  6.8298E+02  5.4654E+02  2.3447E+02  3.1207E+02  2.0524E+02       4
    98.-  100.         7  0.7000E-04        21    1.6141E+01  4.0919E+02  3.0353E+02  1.2573E+02  1.7780E+02  1.1091E+02       3
   100.-  102.         3  0.3000E-04        20    9.3150E+00  2.4978E+02  1.8543E+02  4.7129E+01  1.3830E+02  4.1500E+01       1
   102.-  104.         5  0.5000E-04        11    5.8254E+00  1.3361E+02  8.6642E+01  0.0000E+00  8.6642E+01  0.0000E+00       0
   104.-  106.         2  0.2000E-04         4    7.4341E-01  1.6784E+01  1.0116E+01  0.0000E+00  1.0116E+01  0.0000E+00       0
   106.-  108.         0  0.0000E+00        12    7.2525E-02  1.7992E+00  1.2775E+00  0.0000E+00  1.2775E+00  0.0000E+00       0
   108.-  110.         0  0.0000E+00         2    0.0000E+00  0.0000E+00  0.0000E+00  0.0000E+00  0.0000E+00  0.0000E+00       0
   110.-  112.         0  0.0000E+00         4    0.0000E+00  0.0000E+00  0.0000E+00  0.0000E+00  0.0000E+00  0.0000E+00       0
   112.-  114.         0  0.0000E+00         2    0.0000E+00  0.0000E+00  0.0000E+00  0.0000E+00  0.0000E+00  0.0000E+00       0
   114.-  116.         0  0.0000E+00         1    0.0000E+00  0.0000E+00  0.0000E+00  0.0000E+00  0.0000E+00  0.0000E+00       0
   116.-  118.         0  0.0000E+00         0    0.0000E+00  0.0000E+00  0.0000E+00  0.0000E+00  0.0000E+00  0.0000E+00       0
   118.-  120.         0  0.0000E+00         0    0.0000E+00  0.0000E+00  0.0000E+00  0.0000E+00  0.0000E+00  0.0000E+00       0
   120.-  122.         0  0.0000E+00         0    0.0000E+00  0.0000E+00  0.0000E+00  0.0000E+00  0.0000E+00  0.0000E+00       0
   122.-  124.         0  0.0000E+00         0    0.0000E+00  0.0000E+00  0.0000E+00  0.0000E+00  0.0000E+00  0.0000E+00       0
   124.-  126.         0  0.0000E+00         0    0.0000E+00  0.0000E+00  0.0000E+00  0.0000E+00  0.0000E+00  0.0000E+00       0
   126.-  128.         0  0.0000E+00         0    0.0000E+00  0.0000E+00  0.0000E+00  0.0000E+00  0.0000E+00  0.0000E+00       0
   128.-  130.         0  0.0000E+00         0    0.0000E+00  0.0000E+00  0.0000E+00  0.0000E+00  0.0000E+00  0.0000E+00       0
   130.-  132.         0  0.0000E+00         0    0.0000E+00  0.0000E+00  0.0000E+00  0.0000E+00  0.0000E+00  0.0000E+00       0
   132.-  134.         0  0.0000E+00         0    0.0000E+00  0.0000E+00  0.0000E+00  0.0000E+00  0.0000E+00  0.0000E+00       0
   134.-  136.         0  0.0000E+00         0    0.0000E+00  0.0000E+00  0.0000E+00  0.0000E+00  0.0000E+00  0.0000E+00       0
   136.-  138.         0  0.0000E+00         0    0.0000E+00  0.0000E+00  0.0000E+00  0.0000E+00  0.0000E+00  0.0000E+00       0
   138.-  140.         0  0.0000E+00         0    0.0000E+00  0.0000E+00  0.0000E+00  0.0000E+00  0.0000E+00  0.0000E+00       0
   140.-  142.         0  0.0000E+00         0    0.0000E+00  0.0000E+00  0.0000E+00  0.0000E+00  0.0000E+00  0.0000E+00       0
   142.-  144.         0  0.0000E+00         0    0.0000E+00  0.0000E+00  0.0000E+00  0.0000E+00  0.0000E+00  0.0000E+00       0
   144.-  146.         0  0.0000E+00         0    0.0000E+00  0.0000E+00  0.0000E+00  0.0000E+00  0.0000E+00  0.0000E+00       0
   146.-  148.         0  0.0000E+00         0    0.0000E+00  0.0000E+00  0.0000E+00  0.0000E+00  0.0000E+00  0.0000E+00       0
   148.-  150.         0  0.0000E+00         0    0.0000E+00  0.0000E+00  0.0000E+00  0.0000E+00  0.0000E+00  0.0000E+00       0
   150.-  152.         0  0.0000E+00         0    0.0000E+00  0.0000E+00  0.0000E+00  0.0000E+00  0.0000E+00  0.0000E+00       0
   152.-  154.         0  0.0000E+00         0    0.0000E+00  0.0000E+00  0.0000E+00  0.0000E+00  0.0000E+00  0.0000E+00       0
   154.-  156.         0  0.0000E+00         0    0.0000E+00  0.0000E+00  0.0000E+00  0.0000E+00  0.0000E+00  0.0000E+00       0
   156.-  158.         0  0.0000E+00         0    0.0000E+00  0.0000E+00  0.0000E+00  0.0000E+00  0.0000E+00  0.0000E+00       0
   158.-  160.         0  0.0000E+00         0    0.0000E+00  0.0000E+00  0.0000E+00  0.0000E+00  0.0000E+00  0.0000E+00       0
   160.-  162.         0  0.0000E+00         0    0.0000E+00  0.0000E+00  0.0000E+00  0.0000E+00  0.0000E+00  0.0000E+00       0
   162.-  164.         0  0.0000E+00         0    0.0000E+00  0.0000E+00  0.0000E+00  0.0000E+00  0.0000E+00  0.0000E+00       0
   164.-  166.         0  0.0000E+00         0    0.0000E+00  0.0000E+00  0.0000E+00  0.0000E+00  0.0000E+00  0.0000E+00       0
   166.-  168.         0  0.0000E+00         0    0.0000E+00  0.0000E+00  0.0000E+00  0.0000E+00  0.0000E+00  0.0000E+00       0
   168.-  170.         0  0.0000E+00         0    0.0000E+00  0.0000E+00  0.0000E+00  0.0000E+00  0.0000E+00  0.0000E+00       0
   170.-  172.         0  0.0000E+00         0    0.0000E+00  0.0000E+00  0.0000E+00  0.0000E+00  0.0000E+00  0.0000E+00       0
   172.-  174.         0  0.0000E+00         0    0.0000E+00  0.0000E+00  0.0000E+00  0.0000E+00  0.0000E+00  0.0000E+00       0
   174.-  176.         0  0.0000E+00         0    0.0000E+00  0.0000E+00  0.0000E+00  0.0000E+00  0.0000E+00  0.0000E+00       0
   176.-  178.         0  0.0000E+00         0    0.0000E+00  0.0000E+00  0.0000E+00  0.0000E+00  0.0000E+00  0.0000E+00       0
   178.-  180.         0  0.0000E+00         0    0.0000E+00  0.0000E+00  0.0000E+00  0.0000E+00  0.0000E+00  0.0000E+00       0
   180.-  182.         0  0.0000E+00         0    0.0000E+00  0.0000E+00  0.0000E+00  0.0000E+00  0.0000E+00  0.0000E+00       0
   182.-  184.         0  0.0000E+00         0    0.0000E+00  0.0000E+00  0.0000E+00  0.0000E+00  0.0000E+00  0.0000E+00       0
   184.-  186.         0  0.0000E+00         0    0.0000E+00  0.0000E+00  0.0000E+00  0.0000E+00  0.0000E+00  0.0000E+00       0
   186.-  188.         0  0.0000E+00         0    0.0000E+00  0.0000E+00  0.0000E+00  0.0000E+00  0.0000E+00  0.0000E+00       0
   188.-  190.         0  0.0000E+00         0    0.0000E+00  0.0000E+00  0.0000E+00  0.0000E+00  0.0000E+00  0.0000E+00       0
   190.-  192.         0  0.0000E+00         0    0.0000E+00  0.0000E+00  0.0000E+00  0.0000E+00  0.0000E+00  0.0000E+00       0
   192.-  194.         0  0.0000E+00         0    0.0000E+00  0.0000E+00  0.0000E+00  0.0000E+00  0.0000E+00  0.0000E+00       0
   194.-  196.         0  0.0000E+00         0    0.0000E+00  0.0000E+00  0.0000E+00  0.0000E+00  0.0000E+00  0.0000E+00       0
   196.-  198.         0  0.0000E+00         0    0.0000E+00  0.0000E+00  0.0000E+00  0.0000E+00  0.0000E+00  0.0000E+00       0
   198.-  200.         0  0.0000E+00         0    0.0000E+00  0.0000E+00  0.0000E+00  0.0000E+00  0.0000E+00  0.0000E+00       0
   200.-   SUT         0  0.0000E+00

                   99999  1.0000E+00     99999    1.3765E+07  2.1053E+08  2.0282E+08  1.8478E+08  1.8046E+07  1.5584E+08 1114936
1
     RECOILS



     DEPTH(A)     INLOSS(EV)   TELOSS(EV)   ELLOSS(EV)   DAMAGE(EV)   PHONON(EV)     DPA  DPA(1)  DPA(2)

     0.-    2.    2.9598E+05   5.3712E+06   4.2598E+06   9.3975E+05   3.3201E+06   16132   16132       0
     2.-    4.    5.2191E+05   8.6015E+06   7.1318E+06   2.4219E+06   4.7099E+06   34832   34832       0
     4.-    6.    7.2977E+05   1.1528E+07   9.6446E+06   3.5445E+06   6.1001E+06   48529   48529       0
     6.-    8.    9.0136E+05   1.3974E+07   1.1724E+07   4.3969E+06   7.3268E+06   59518   59518       0
     8.-   10.    1.0449E+06   1.6110E+07   1.3530E+07   5.1401E+06   8.3903E+06   68591   68591       0
    10.-   12.    1.1611E+06   1.7815E+07   1.4956E+07   5.6470E+06   9.3087E+06   75611   75611       0
    12.-   14.    1.2628E+06   1.9367E+07   1.6262E+07   6.1553E+06   1.0107E+07   82495   82495       0
    14.-   16.    1.3398E+06   2.0647E+07   1.7338E+07   6.5754E+06   1.0763E+07   88090   88090       0
    16.-   18.    1.4022E+06   2.1714E+07   1.8220E+07   6.8536E+06   1.1366E+07   92411   92411       0
    18.-   20.    1.4480E+06   2.2488E+07   1.8843E+07   7.0081E+06   1.1835E+07   95517   95517       0
    20.-   22.    1.4739E+06   2.3065E+07   1.9315E+07   7.1302E+06   1.2185E+07   97211   97211       0
    22.-   24.    1.4811E+06   2.3294E+07   1.9476E+07   7.1104E+06   1.2366E+07   97833   97833       0
    24.-   26.    1.4721E+06   2.3349E+07   1.9502E+07   7.0549E+06   1.2447E+07   97499   97499       0
    26.-   28.    1.4471E+06   2.3084E+07   1.9248E+07   6.8543E+06   1.2394E+07   95783   95783       0
    28.-   30.    1.4050E+06   2.2538E+07   1.8763E+07   6.5839E+06   1.2179E+07   93033   93033       0
    30.-   32.    1.3523E+06   2.1871E+07   1.8193E+07   6.3514E+06   1.1841E+07   89769   89769       0
    32.-   34.    1.2866E+06   2.0919E+07   1.7371E+07   5.9635E+06   1.1407E+07   85047   85047       0
    34.-   36.    1.2143E+06   1.9858E+07   1.6471E+07   5.5971E+06   1.0874E+07   80438   80438       0
    36.-   38.    1.1301E+06   1.8606E+07   1.5410E+07   5.1674E+06   1.0243E+07   74597   74597       0
    38.-   40.    1.0454E+06   1.7311E+07   1.4321E+07   4.7613E+06   9.5594E+06   69266   69266       0
    40.-   42.    9.5343E+05   1.5832E+07   1.3074E+07   4.2682E+06   8.8056E+06   62505   62505       0
    42.-   44.    8.6470E+05   1.4473E+07   1.1948E+07   3.9024E+06   8.0458E+06   57121   57121       0
    44.-   46.    7.7477E+05   1.3046E+07   1.0758E+07   3.4827E+06   7.2749E+06   51040   51040       0
    46.-   48.    6.8821E+05   1.1607E+07   9.5621E+06   3.0656E+06   6.4965E+06   45195   45195       0
    48.-   50.    6.0347E+05   1.0203E+07   8.3828E+06   2.6173E+06   5.7655E+06   39068   39068       0
    50.-   52.    5.2708E+05   8.9320E+06   7.3361E+06   2.2844E+06   5.0517E+06   34173   34173       0
    52.-   54.    4.5534E+05   7.7635E+06   6.3784E+06   1.9900E+06   4.3884E+06   29848   29848       0
    54.-   56.    3.9053E+05   6.6590E+06   5.4612E+06   1.6838E+06   3.7774E+06   25447   25447       0
    56.-   58.    3.3426E+05   5.7195E+06   4.6948E+06   1.4586E+06   3.2362E+06   21639   21639       0
    58.-   60.    2.8161E+05   4.8127E+06   3.9449E+06   1.2076E+06   2.7373E+06   18151   18151       0
    60.-   62.    2.3698E+05   4.0498E+06   3.3199E+06   1.0150E+06   2.3049E+06   15304   15304       0
    62.-   64.    1.9760E+05   3.3822E+06   2.7698E+06   8.4060E+05   1.9292E+06   12680   12680       0
    64.-   66.    1.6280E+05   2.8013E+06   2.2953E+06   7.0571E+05   1.5896E+06   10643   10643       0
    66.-   68.    1.3490E+05   2.3113E+06   1.8943E+06   5.7908E+05   1.3152E+06    8693    8693       0
    68.-   70.    1.1006E+05   1.8917E+06   1.5502E+06   4.7576E+05   1.0744E+06    7142    7142       0
    70.-   72.    8.9509E+04   1.5368E+06   1.2589E+06   3.8381E+05   8.7510E+05    5821    5821       0
    72.-   74.    7.2620E+04   1.2449E+06   1.0197E+06   3.0961E+05   7.1013E+05    4670    4670       0
    74.-   76.    5.9298E+04   1.0099E+06   8.2783E+05   2.5538E+05   5.7246E+05    3909    3909       0
    76.-   78.    4.7644E+04   8.1404E+05   6.6869E+05   2.0959E+05   4.5909E+05    3095    3095       0
    78.-   80.    3.8241E+04   6.4771E+05   5.3114E+05   1.6271E+05   3.6843E+05    2370    2370       0
    80.-   82.    3.1122E+04   5.2758E+05   4.3385E+05   1.3657E+05   2.9728E+05    2068    2068       0
    82.-   84.    2.4960E+04   4.1992E+05   3.4501E+05   1.1044E+05   2.3458E+05    1630    1630       0
    84.-   86.    2.0135E+04   3.3802E+05   2.7727E+05   8.6901E+04   1.9037E+05    1322    1322       0
    86.-   88.    1.6123E+04   2.7212E+05   2.2410E+05   7.3020E+04   1.5108E+05    1056    1056       0
    88.-   90.    1.3139E+04   2.1790E+05   1.7967E+05   5.7770E+04   1.2190E+05     897     897       0
    90.-   92.    1.0566E+04   1.7573E+05   1.4494E+05   4.6113E+04   9.8830E+04     674     674       0
    92.-   94.    8.7563E+03   1.4698E+05   1.2212E+05   4.3015E+04   7.9109E+04     616     616       0
    94.-   96.    6.9394E+03   1.1614E+05   9.6008E+04   3.2010E+04   6.3998E+04     472     472       0
    96.-   98.    5.4210E+03   8.9857E+04   7.4308E+04   2.5715E+04   4.8593E+04     384     384       0
    98.-  100.    4.3414E+03   7.2250E+04   6.0767E+04   2.3245E+04   3.7522E+04     326     326       0
   100.-  102.    2.2487E+03   3.4667E+04   2.9118E+04   1.1001E+04   1.8117E+04     164     164       0
   102.-  104.    7.1122E+01   7.5890E+02   6.1189E+02   7.4318E+01   5.3757E+02       2       2       0
   104.-  106.    0.0000E+00   0.0000E+00   0.0000E+00   0.0000E+00   0.0000E+00       0       0       0
   106.-  108.    0.0000E+00   0.0000E+00   0.0000E+00   0.0000E+00   0.0000E+00       0       0       0
   108.-  110.    0.0000E+00   0.0000E+00   0.0000E+00   0.0000E+00   0.0000E+00       0       0       0
   110.-  112.    0.0000E+00   0.0000E+00   0.0000E+00   0.0000E+00   0.0000E+00       0       0       0
   112.-  114.    0.0000E+00   0.0000E+00   0.0000E+00   0.0000E+00   0.0000E+00       0       0       0
   114.-  116.    0.0000E+00   0.0000E+00   0.0000E+00   0.0000E+00   0.0000E+00       0       0       0
   116.-  118.    0.0000E+00   0.0000E+00   0.0000E+00   0.0000E+00   0.0000E+00       0       0       0
   118.-  120.    0.0000E+00   0.0000E+00   0.0000E+00   0.0000E+00   0.0000E+00       0       0       0
   120.-  122.    0.0000E+00   0.0000E+00   0.0000E+00   0.0000E+00   0.0000E+00       0       0       0
   122.-  124.    0.0000E+00   0.0000E+00   0.0000E+00   0.0000E+00   0.0000E+00       0       0       0
   124.-  126.    0.0000E+00   0.0000E+00   0.0000E+00   0.0000E+00   0.0000E+00       0       0       0
   126.-  128.    0.0000E+00   0.0000E+00   0.0000E+00   0.0000E+00   0.0000E+00       0       0       0
   128.-  130.    0.0000E+00   0.0000E+00   0.0000E+00   0.0000E+00   0.0000E+00       0       0       0
   130.-  132.    0.0000E+00   0.0000E+00   0.0000E+00   0.0000E+00   0.0000E+00       0       0       0
   132.-  134.    0.0000E+00   0.0000E+00   0.0000E+00   0.0000E+00   0.0000E+00       0       0       0
   134.-  136.    0.0000E+00   0.0000E+00   0.0000E+00   0.0000E+00   0.0000E+00       0       0       0
   136.-  138.    0.0000E+00   0.0000E+00   0.0000E+00   0.0000E+00   0.0000E+00       0       0       0
   138.-  140.    0.0000E+00   0.0000E+00   0.0000E+00   0.0000E+00   0.0000E+00       0       0       0
   140.-  142.    0.0000E+00   0.0000E+00   0.0000E+00   0.0000E+00   0.0000E+00       0       0       0
   142.-  144.    0.0000E+00   0.0000E+00   0.0000E+00   0.0000E+00   0.0000E+00       0       0       0
   144.-  146.    0.0000E+00   0.0000E+00   0.0000E+00   0.0000E+00   0.0000E+00       0       0       0
   146.-  148.    0.0000E+00   0.0000E+00   0.0000E+00   0.0000E+00   0.0000E+00       0       0       0
   148.-  150.    0.0000E+00   0.0000E+00   0.0000E+00   0.0000E+00   0.0000E+00       0       0       0
   150.-  152.    0.0000E+00   0.0000E+00   0.0000E+00   0.0000E+00   0.0000E+00       0       0       0
   152.-  154.    0.0000E+00   0.0000E+00   0.0000E+00   0.0000E+00   0.0000E+00       0       0       0
   154.-  156.    0.0000E+00   0.0000E+00   0.0000E+00   0.0000E+00   0.0000E+00       0       0       0
   156.-  158.    0.0000E+00   0.0000E+00   0.0000E+00   0.0000E+00   0.0000E+00       0       0       0
   158.-  160.    0.0000E+00   0.0000E+00   0.0000E+00   0.0000E+00   0.0000E+00       0       0       0
   160.-  162.    0.0000E+00   0.0000E+00   0.0000E+00   0.0000E+00   0.0000E+00       0       0       0
   162.-  164.    0.0000E+00   0.0000E+00   0.0000E+00   0.0000E+00   0.0000E+00       0       0       0
   164.-  166.    0.0000E+00   0.0000E+00   0.0000E+00   0.0000E+00   0.0000E+00       0       0       0
   166.-  168.    0.0000E+00   0.0000E+00   0.0000E+00   0.0000E+00   0.0000E+00       0       0       0
   168.-  170.    0.0000E+00   0.0000E+00   0.0000E+00   0.0000E+00   0.0000E+00       0       0       0
   170.-  172.    0.0000E+00   0.0000E+00   0.0000E+00   0.0000E+00   0.0000E+00       0       0       0
   172.-  174.    0.0000E+00   0.0000E+00   0.0000E+00   0.0000E+00   0.0000E+00       0       0       0
   174.-  176.    0.0000E+00   0.0000E+00   0.0000E+00   0.0000E+00   0.0000E+00       0       0       0
   176.-  178.    0.0000E+00   0.0000E+00   0.0000E+00   0.0000E+00   0.0000E+00       0       0       0
   178.-  180.    0.0000E+00   0.0000E+00   0.0000E+00   0.0000E+00   0.0000E+00       0       0       0
   180.-  182.    0.0000E+00   0.0000E+00   0.0000E+00   0.0000E+00   0.0000E+00       0       0       0
   182.-  184.    0.0000E+00   0.0000E+00   0.0000E+00   0.0000E+00   0.0000E+00       0       0       0
   184.-  186.    0.0000E+00   0.0000E+00   0.0000E+00   0.0000E+00   0.0000E+00       0       0       0
   186.-  188.    0.0000E+00   0.0000E+00   0.0000E+00   0.0000E+00   0.0000E+00       0       0       0
   188.-  190.    0.0000E+00   0.0000E+00   0.0000E+00   0.0000E+00   0.0000E+00       0       0       0
   190.-  192.    0.0000E+00   0.0000E+00   0.0000E+00   0.0000E+00   0.0000E+00       0       0       0
   192.-  194.    0.0000E+00   0.0000E+00   0.0000E+00   0.0000E+00   0.0000E+00       0       0       0
   194.-  196.    0.0000E+00   0.0000E+00   0.0000E+00   0.0000E+00   0.0000E+00       0       0       0
   196.-  198.    0.0000E+00   0.0000E+00   0.0000E+00   0.0000E+00   0.0000E+00       0       0       0
   198.-  200.    0.0000E+00   0.0000E+00   0.0000E+00   0.0000E+00   0.0000E+00       0       0       0

                  3.0583E+07   4.9266E+08   4.0964E+08   1.4280E+08   2.6684E+08 2010327 2010327       0
1     BACKWARD SPUTTERING



        ALL SPUTTERED PARTICLES =   48035   TOTAL SPUTTERED ENERGY = 0.1127E+07 EV


        SPUTTERED PARTICLES (1.LAYER) =   48035   SPUTTERED ENERGY = 0.1127E+07 EV


 1.LAYER
         SPUTTERED PARTICLES(1) =   48035     SPUTTERED ENERGY(1) = 0.1127E+07 EV

         ION IN , PRIMARY KO(1) =   10079   0.2098   0.2098    ENERGY = 0.3932E+06 EV   0.3488   0.3488    MEAN ENERGY = 0.3901E+02
         ION IN , SECOND. KO(1) =   37956   0.7902   0.7902    ENERGY = 0.7339E+06 EV   0.6512   0.6512    MEAN ENERGY = 0.1934E+02
        ION OUT , PRIMARY KO(1) =       0   0.0000   0.0000    ENERGY = 0.0000E+00 EV   0.0000   0.0000    MEAN ENERGY = 0.0000E+00
        ION OUT , SECOND. KO(1) =       0   0.0000   0.0000    ENERGY = 0.0000E+00 EV   0.0000   0.0000    MEAN ENERGY = 0.0000E+00


     SPUTTERING YIELD(1) =  4.804E-01  SPUTTERED ENERGY(1) =  5.025E-03  REL.MEAN ENERGY(1) =  1.046E-02  MEAN ENERGY(1) =  2.346E+01

                       MEAN        VARIANCE      SKEWNESS      KURTOSIS        SIGMA       ERROR 1.M     ERROR 2.M     ERROR 3.M 
    ENERGY(1)       2.3464E+01    9.4233E+02    3.3373E+00    1.9573E+01    3.0697E+01    1.4006E-01    1.8529E+01    7.0486E-02
 LOGENERGY(1)       1.0950E+00    2.6286E-01   -2.2066E-01    3.0115E+00    5.1270E-01    2.3397E-03    1.7013E-03    1.0930E-02

                     1.MOMENT      2.MOMENT      3.MOMENT      4.MOMENT      5.MOMENT      6.MOMENT 
    ENERGY(1)       2.3464E+01    1.4929E+03    1.7579E+05    2.9857E+07    6.4287E+09    1.6426E+12
 LOGENERGY(1)       1.0950E+00    1.4619E+00    2.1468E+00    3.4068E+00    5.7236E+00    1.0081E+01



     POLAR ANGULAR DISTRIBUTION OF ALL BACKWARD SPUTTERED PARTICLES


       0.00  0.00  0.00  0.00  0.00  0.00  0.00  0.00  0.00  0.00  0.00  0.00  0.00  0.00  0.00  0.00  0.00  0.00  0.00  0.00

         98   278   489   735   998  1194  1544  1843  2119  2423  2701  2995  3095  3413  3686  3668  3900  4030  4227  4599
      0.041 0.116 0.204 0.306 0.416 0.497 0.643 0.767 0.882 1.009 1.125 1.247 1.289 1.421 1.535 1.527 1.624 1.678 1.760 1.915
1 LOG ENERGY - COS OF EMISSION ANGLE (0.05 STEPS)   (BACKWARD SPUTTERED PARTICLES) ; 1. LAYER ; SPECIES 1


   0.0000E+00    1    2    3    4    5    6    7    8    9   10   11   12   13   14   15   16   17   18   19   20     0  0.0000E+00
   0.1000E+00    0    0    0    0    1    0    0    0    1    1    2    3    1    0    0    0    2    0    4    2    17  0.1700E-02
   0.1212E+00    0    0    0    0    0    0    0    0    0    0    0    0    0    0    0    0    0    0    0    0     0  0.0000E+00
   0.1468E+00    0    0    0    0    0    0    0    0    0    0    0    0    0    0    0    0    0    0    0    0     0  0.0000E+00
   0.1778E+00    0    0    0    0    0    0    0    0    0    0    0    0    0    0    0    0    0    0    0    0     0  0.0000E+00
   0.2154E+00    0    0    0    0    0    0    0    0    0    0    0    0    0    0    0    0    0    0    0    0     0  0.0000E+00
   0.2610E+00    0    0    0    0    0    0    0    0    0    0    0    0    0    0    0    0    0    0    0    0     0  0.0000E+00
   0.3162E+00    0    0    0    0    0    0    0    0    0    0    0    0    0    0    0    0    0    0    0    0     0  0.0000E+00
   0.3831E+00    0    0    0    0    0    0    0    0    0    0    0    0    0    0    0    0    0    0    0    0     0  0.0000E+00
   0.4642E+00    0    0    0    0    0    0    0    0    0    0    0    0    0    0    0    0    0    0    0    0     0  0.0000E+00
   0.5623E+00    0    0    0    0    0    0    0    0    0    0    0    0    0    0    0    0    0    0    0    0     0  0.0000E+00
   0.6813E+00    0    0    0    0    0    0    0    0    0    0    0    0    0    0    0    0    0    0    0    0     0  0.0000E+00
   0.8254E+00    0    0    0    0    0    0    0    0    0    0    0    0    0    0    0    0    0    0    0    0     0  0.0000E+00
   0.1000E+01    0    0    0    0    0    0    0    0    0    0    0    0    0    0    0    0    0    0    0    0     0  0.0000E+00
   0.1212E+01    0    0    0    0    0    0    0    0    0    0    0    0    0    0    0    0    0    0    0    0     0  0.0000E+00
   0.1468E+01    0    0    0    0    0    0    0    0    0    0    0    0    0    0    0    0    0    0    0    0     0  0.0000E+00
   0.1778E+01    0    0    0    0    0    0    0    0    0    0    0    0    0    0    0    0    0    0    0    0     0  0.0000E+00
   0.2154E+01    0    0    0    0    0    0    0    0    0    0    0    0    0    0    0    0    0    0    0    0     0  0.0000E+00
   0.2610E+01    0    0    0    0    0    0    0    0    0    0    0    0    0    0    0    0    0    0    0    0     0  0.0000E+00
   0.3162E+01    0    0    0    0    0    0    0    0    0    0    0    0    0    0    0    0    0    0    0    0     0  0.0000E+00
   0.3831E+01    0    0    0    0    0    0    0    0    0    0    0    0    0    0    0    0    0    0    0    0     0  0.0000E+00
   0.4642E+01    0    0    0    0    0    0    0    0    0    0    0    0    0    0    0    0    0    0    0    0     0  0.0000E+00
   0.5623E+01    0    0    0    0    0    0    0    0    0    0    0    0    0    0    0    0    0    0    0    0     0  0.0000E+00
   0.6813E+01    0    0    0    0    0    0    0    0    0    0    0    0    0    0    0    0    0    0    0    0     0  0.0000E+00
   0.8254E+01    0    0    0    0    0    0    0    0    0    0    0    0    0    0    0    0    0    0    0    0     0  0.0000E+00
   0.1000E+02    0    0    0    0    0    0    0    0    0    0    0    0    0    0    0    0    0    0    0    0     0  0.0000E+00
   0.1212E+02    0    0    0    0    0    0    0    0    0    0    0    0    0    0    0    0    0    0    0    0     0  0.0000E+00
   0.1468E+02    0    0    0    0    0    0    0    0    0    0    0    0    0    0    0    0    0    0    0    0     0  0.0000E+00
   0.1778E+02    0    0    0    0    0    0    0    0    0    0    0    0    0    0    0    0    0    0    0    0     0  0.0000E+00
   0.2154E+02    0    0    0    0    0    0    0    0    0    0    0    0    0    0    0    0    0    0    0    0     0  0.0000E+00
   0.2610E+02    0    0    0    0    0    0    0    0    0    0    0    0    0    0    0    0    0    0    0    0     0  0.0000E+00
   0.3162E+02    0    0    0    0    0    0    0    0    0    0    0    0    0    0    0    0    0    0    0    0     0  0.0000E+00
   0.3831E+02    0    0    0    0    0    0    0    0    0    0    0    0    0    0    0    0    0    0    0    0     0  0.0000E+00
   0.4642E+02    0    0    0    0    0    0    0    0    0    0    0    0    0    0    0    0    0    0    0    0     0  0.0000E+00
   0.5623E+02    0    0    0    0    0    0    0    0    0    0    0    0    0    0    0    0    0    0    0    0     0  0.0000E+00
   0.6813E+02    0    0    0    0    0    0    0    0    0    0    0    0    0    0    0    0    0    0    0    0     0  0.0000E+00
   0.8254E+02    0    0    0    0    0    0    0    0    0    0    0    0    0    0    0    0    0    0    0    0     0  0.0000E+00
   0.1000E+03    0    0    0    0    0    0    0    0    0    0    0    0    0    0    0    0    0    0    0    0     0  0.0000E+00
   0.1212E+03    0    0    0    0    0    0    0    0    0    0    0    0    0    0    0    0    0    0    0    0     0  0.0000E+00
   0.1468E+03    0    0    0    0    0    0    0    0    0    0    0    0    0    0    0    0    0    0    0    0     0  0.0000E+00
   0.1778E+03    0    0    0    0    0    0    0    0    0    0    0    0    0    0    0    0    0    0    0    0     0  0.0000E+00
   0.2154E+03    0    0    0    0    0    0    0    0    0    0    0    0    0    0    0    0    0    0    0    0     0  0.0000E+00
   0.2610E+03    0    0    0    0    0    0    0    0    0    0    0    0    0    0    0    0    0    0    0    0     0  0.0000E+00
   0.3162E+03    0    0    0    0    0    0    0    0    0    0    0    0    0    0    0    0    0    0    0    0     0  0.0000E+00
   0.3831E+03    0    0    0    0    0    0    0    0    0    0    0    0    0    0    0    0    0    0    0    0     0  0.0000E+00
   0.4642E+03    0    0    0    0    0    0    0    0    0    0    0    0    0    0    0    0    0    0    0    0     0  0.0000E+00
   0.5623E+03    0    0    0    0    0    0    0    0    0    0    0    0    0    0    0    0    0    0    0    0     0  0.0000E+00
   0.6813E+03    0    0    0    0    0    0    0    0    0    0    0    0    0    0    0    0    0    0    0    0     0  0.0000E+00
   0.8254E+03    0    0    0    0    0    0    0    0    0    0    0    0    0    0    0    0    0    0    0    0     0  0.0000E+00
   0.1000E+04    0    0    0    0    0    0    0    0    0    0    0    0    0    0    0    0    0    0    0    0     0  0.0000E+00
   0.1212E+04    0    0    0    0    0    0    0    0    0    0    0    0    0    0    0    0    0    0    0    0     0  0.0000E+00
   0.1468E+04    0    0    0    0    0    0    0    0    0    0    0    0    0    0    0    0    0    0    0    0     0  0.0000E+00
   0.1778E+04    0    0    0    0    0    0    0    0    0    0    0    0    0    0    0    0    0    0    0    0     0  0.0000E+00
   0.2154E+04    0    0    0    0    0    0    0    0    0    0    0    0    0    0    0    0    0    0    0    0     0  0.0000E+00
   0.2610E+04    0    0    0    0    0    0    0    0    0    0    0    0    0    0    0    0    0    0    0    0     0  0.0000E+00
   0.3162E+04    0    0    0    0    0    0    0    0    0    0    0    0    0    0    0    0    0    0    0    0     0  0.0000E+00
   0.3831E+04    0    0    0    0    0    0    0    0    0    0    0    0    0    0    0    0    0    0    0    0     0  0.0000E+00
   0.4642E+04    0    0    0    0    0    0    0    0    0    0    0    0    0    0    0    0    0    0    0    0     0  0.0000E+00
   0.5623E+04    0    0    0    0    0    0    0    0    0    0    0    0    0    0    0    0    0    0    0    0     0  0.0000E+00
   0.6813E+04    0    0    0    0    0    0    0    0    0    0    0    0    0    0    0    0    0    0    0    0     0  0.0000E+00
   0.8254E+04    0    0    0    0    0    0    0    0    0    0    0    0    0    0    0    0    0    0    0    0     0  0.0000E+00
   0.1000E+05    0    0    0    0    0    0    0    0    0    0    0    0    0    0    0    0    0    0    0    0     0  0.0000E+00
   0.1212E+05    0    0    0    0    0    0    0    0    0    0    0    0    0    0    0    0    0    0    0    0     0  0.0000E+00
   0.1468E+05    0    0    0    0    0    0    0    0    0    0    0    0    0    0    0    0    0    0    0    0     0  0.0000E+00
   0.1778E+05    0    0    0    0    0    0    0    0    0    0    0    0    0    0    0    0    0    0    0    0     0  0.0000E+00
   0.2154E+05    0    0    0    0    0    0    0    0    0    0    0    0    0    0    0    0    0    0    0    0     0  0.0000E+00
   0.2610E+05    0    0    0    0    0    0    0    0    0    0    0    0    0    0    0    0    0    0    0    0     0  0.0000E+00
   0.3162E+05    0    0    0    0    0    0    0    0    0    0    0    0    0    0    0    0    0    0    0    0     0  0.0000E+00
   0.3831E+05    0    0    0    0    0    0    0    0    0    0    0    0    0    0    0    0    0    0    0    0     0  0.0000E+00
   0.4642E+05    0    0    0    0    0    0    0    0    0    0    0    0    0    0    0    0    0    0    0    0     0  0.0000E+00
   0.5623E+05    0    0    0    0    0    0    0    0    0    0    0    0    0    0    0    0    0    0    0    0     0  0.0000E+00
   0.6813E+05    0    0    0    0    0    0    0    0    0    0    0    0    0    0    0    0    0    0    0    0     0  0.0000E+00
   0.8254E+05    0    0    0    0    0    0    0    0    0    0    0    0    0    0    0    0    0    0    0    0     0  0.0000E+00
   0.1000E+06    0    0    0    0    0    0    0    0    0    0    0    0    0    0    0    0    0    0    0    0     0  0.0000E+00
   0.0000E+00  196  556  978 1470 1995 2388 3088 3686 4237 4845 5400 5987 6189 6826 7372 7336 7798 8060 8450 9196 96053  0.0000E+00
1ENERGY(E/E0 IN %) - POLAR ANGLE IN COS-INTERVALS (0.05)  (BACKWARD SPUTTERED PARTICLES) , 1.LAYER , SPECIES 1

     0    1    2    3    4    5    6    7    8    9   10   11   12   13   14   15   16   17   18   19   20      0
     1   74  205  372  531  692  830 1038 1213 1375 1535 1738 1926 1992 2159 2440 2457 2724 2857 3105 3521  32784
     2   14   48   70  120  186  207  270  318  363  433  473  525  580  679  674  711  661  719  710  722   8483
     3    5   20   27   46   63   72  107  134  170  192  223  242  234  258  288  237  276  230  233  211   3268
     4    3    3   11   17   25   36   42   70   87  102  112  127  127  143  128  104  113  118   89   72   1529
     5    2    1    5    7   12   14   37   38   50   61   57   67   64   55   74   69   47   54   41   37    792
     6    0    1    1    4    7   11   12   30   20   36   33   34   29   49   31   37   29   17   17   19    417
     7    0    0    1    4    8   11   17   22   18   27   23   29   29   21   16   17   19   15   13    4    294
     8    0    0    1    5    0    8    3   10   17   14   15   17   22   25   10   14   14    8    5    5    193
     9    0    0    0    0    4    1    6    4    4    5   13    8    8    4   11    8    7    5    7    4     99
    10    0    0    1    0    0    2    3    1    9    5    7   11    6    5    8    6    5    1    4    2     76
    11    0    0    0    1    1    2    6    1    1    6    3    3    0    9    3    3    2    4    0    2     47
    12    0    0    0    0    0    0    1    2    0    2    1    3    1    2    1    3    2    1    1    0     20
    13    0    0    0    0    0    0    2    0    0    1    1    1    2    2    1    0    1    1    1    0     13
    14    0    0    0    0    0    0    0    0    1    2    0    1    1    1    0    0    0    0    1    0      7
    15    0    0    0    0    0    0    0    0    2    2    1    0    0    0    1    2    0    0    0    0      8
    16    0    0    0    0    0    0    0    0    1    0    0    0    0    0    0    0    0    0    0    0      1
    17    0    0    0    0    0    0    0    0    0    0    0    0    0    0    0    0    0    0    0    0      0
    18    0    0    0    0    0    0    0    0    0    0    1    1    0    0    0    0    0    0    0    0      2
    19    0    0    0    0    0    0    0    0    0    0    0    0    0    0    0    0    0    0    0    0      0
    20    0    0    0    0    0    0    0    0    1    0    0    0    0    1    0    0    0    0    0    0      2
    21    0    0    0    0    0    0    0    0    0    0    0    0    0    0    0    0    0    0    0    0      0
    22    0    0    0    0    0    0    0    0    0    0    0    0    0    0    0    0    0    0    0    0      0
    23    0    0    0    0    0    0    0    0    0    0    0    0    0    0    0    0    0    0    0    0      0
    24    0    0    0    0    0    0    0    0    0    0    0    0    0    0    0    0    0    0    0    0      0
    25    0    0    0    0    0    0    0    0    0    0    0    0    0    0    0    0    0    0    0    0      0
    26    0    0    0    0    0    0    0    0    0    0    0    0    0    0    0    0    0    0    0    0      0
    27    0    0    0    0    0    0    0    0    0    0    0    0    0    0    0    0    0    0    0    0      0
    28    0    0    0    0    0    0    0    0    0    0    0    0    0    0    0    0    0    0    0    0      0
    29    0    0    0    0    0    0    0    0    0    0    0    0    0    0    0    0    0    0    0    0      0
    30    0    0    0    0    0    0    0    0    0    0    0    0    0    0    0    0    0    0    0    0      0
    31    0    0    0    0    0    0    0    0    0    0    0    0    0    0    0    0    0    0    0    0      0
    32    0    0    0    0    0    0    0    0    0    0    0    0    0    0    0    0    0    0    0    0      0
    33    0    0    0    0    0    0    0    0    0    0    0    0    0    0    0    0    0    0    0    0      0
    34    0    0    0    0    0    0    0    0    0    0    0    0    0    0    0    0    0    0    0    0      0
    35    0    0    0    0    0    0    0    0    0    0    0    0    0    0    0    0    0    0    0    0      0
    36    0    0    0    0    0    0    0    0    0    0    0    0    0    0    0    0    0    0    0    0      0
    37    0    0    0    0    0    0    0    0    0    0    0    0    0    0    0    0    0    0    0    0      0
    38    0    0    0    0    0    0    0    0    0    0    0    0    0    0    0    0    0    0    0    0      0
    39    0    0    0    0    0    0    0    0    0    0    0    0    0    0    0    0    0    0    0    0      0
    40    0    0    0    0    0    0    0    0    0    0    0    0    0    0    0    0    0    0    0    0      0
    41    0    0    0    0    0    0    0    0    0    0    0    0    0    0    0    0    0    0    0    0      0
    42    0    0    0    0    0    0    0    0    0    0    0    0    0    0    0    0    0    0    0    0      0
    43    0    0    0    0    0    0    0    0    0    0    0    0    0    0    0    0    0    0    0    0      0
    44    0    0    0    0    0    0    0    0    0    0    0    0    0    0    0    0    0    0    0    0      0
    45    0    0    0    0    0    0    0    0    0    0    0    0    0    0    0    0    0    0    0    0      0
    46    0    0    0    0    0    0    0    0    0    0    0    0    0    0    0    0    0    0    0    0      0
    47    0    0    0    0    0    0    0    0    0    0    0    0    0    0    0    0    0    0    0    0      0
    48    0    0    0    0    0    0    0    0    0    0    0    0    0    0    0    0    0    0    0    0      0
    49    0    0    0    0    0    0    0    0    0    0    0    0    0    0    0    0    0    0    0    0      0
    50    0    0    0    0    0    0    0    0    0    0    0    0    0    0    0    0    0    0    0    0      0
    51    0    0    0    0    0    0    0    0    0    0    0    0    0    0    0    0    0    0    0    0      0
    52    0    0    0    0    0    0    0    0    0    0    0    0    0    0    0    0    0    0    0    0      0
    53    0    0    0    0    0    0    0    0    0    0    0    0    0    0    0    0    0    0    0    0      0
    54    0    0    0    0    0    0    0    0    0    0    0    0    0    0    0    0    0    0    0    0      0
    55    0    0    0    0    0    0    0    0    0    0    0    0    0    0    0    0    0    0    0    0      0
    56    0    0    0    0    0    0    0    0    0    0    0    0    0    0    0    0    0    0    0    0      0
    57    0    0    0    0    0    0    0    0    0    0    0    0    0    0    0    0    0    0    0    0      0
    58    0    0    0    0    0    0    0    0    0    0    0    0    0    0    0    0    0    0    0    0      0
    59    0    0    0    0    0    0    0    0    0    0    0    0    0    0    0    0    0    0    0    0      0
    60    0    0    0    0    0    0    0    0    0    0    0    0    0    0    0    0    0    0    0    0      0
    61    0    0    0    0    0    0    0    0    0    0    0    0    0    0    0    0    0    0    0    0      0
    62    0    0    0    0    0    0    0    0    0    0    0    0    0    0    0    0    0    0    0    0      0
    63    0    0    0    0    0    0    0    0    0    0    0    0    0    0    0    0    0    0    0    0      0
    64    0    0    0    0    0    0    0    0    0    0    0    0    0    0    0    0    0    0    0    0      0
    65    0    0    0    0    0    0    0    0    0    0    0    0    0    0    0    0    0    0    0    0      0
    66    0    0    0    0    0    0    0    0    0    0    0    0    0    0    0    0    0    0    0    0      0
    67    0    0    0    0    0    0    0    0    0    0    0    0    0    0    0    0    0    0    0    0      0
    68    0    0    0    0    0    0    0    0    0    0    0    0    0    0    0    0    0    0    0    0      0
    69    0    0    0    0    0    0    0    0    0    0    0    0    0    0    0    0    0    0    0    0      0
    70    0    0    0    0    0    0    0    0    0    0    0    0    0    0    0    0    0    0    0    0      0
    71    0    0    0    0    0    0    0    0    0    0    0    0    0    0    0    0    0    0    0    0      0
    72    0    0    0    0    0    0    0    0    0    0    0    0    0    0    0    0    0    0    0    0      0
    73    0    0    0    0    0    0    0    0    0    0    0    0    0    0    0    0    0    0    0    0      0
    74    0    0    0    0    0    0    0    0    0    0    0    0    0    0    0    0    0    0    0    0      0
    75    0    0    0    0    0    0    0    0    0    0    0    0    0    0    0    0    0    0    0    0      0
    76    0    0    0    0    0    0    0    0    0    0    0    0    0    0    0    0    0    0    0    0      0
    77    0    0    0    0    0    0    0    0    0    0    0    0    0    0    0    0    0    0    0    0      0
    78    0    0    0    0    0    0    0    0    0    0    0    0    0    0    0    0    0    0    0    0      0
    79    0    0    0    0    0    0    0    0    0    0    0    0    0    0    0    0    0    0    0    0      0
    80    0    0    0    0    0    0    0    0    0    0    0    0    0    0    0    0    0    0    0    0      0
    81    0    0    0    0    0    0    0    0    0    0    0    0    0    0    0    0    0    0    0    0      0
    82    0    0    0    0    0    0    0    0    0    0    0    0    0    0    0    0    0    0    0    0      0
    83    0    0    0    0    0    0    0    0    0    0    0    0    0    0    0    0    0    0    0    0      0
    84    0    0    0    0    0    0    0    0    0    0    0    0    0    0    0    0    0    0    0    0      0
    85    0    0    0    0    0    0    0    0    0    0    0    0    0    0    0    0    0    0    0    0      0
    86    0    0    0    0    0    0    0    0    0    0    0    0    0    0    0    0    0    0    0    0      0
    87    0    0    0    0    0    0    0    0    0    0    0    0    0    0    0    0    0    0    0    0      0
    88    0    0    0    0    0    0    0    0    0    0    0    0    0    0    0    0    0    0    0    0      0
    89    0    0    0    0    0    0    0    0    0    0    0    0    0    0    0    0    0    0    0    0      0
    90    0    0    0    0    0    0    0    0    0    0    0    0    0    0    0    0    0    0    0    0      0
    91    0    0    0    0    0    0    0    0    0    0    0    0    0    0    0    0    0    0    0    0      0
    92    0    0    0    0    0    0    0    0    0    0    0    0    0    0    0    0    0    0    0    0      0
    93    0    0    0    0    0    0    0    0    0    0    0    0    0    0    0    0    0    0    0    0      0
    94    0    0    0    0    0    0    0    0    0    0    0    0    0    0    0    0    0    0    0    0      0
    95    0    0    0    0    0    0    0    0    0    0    0    0    0    0    0    0    0    0    0    0      0
    96    0    0    0    0    0    0    0    0    0    0    0    0    0    0    0    0    0    0    0    0      0
    97    0    0    0    0    0    0    0    0    0    0    0    0    0    0    0    0    0    0    0    0      0
    98    0    0    0    0    0    0    0    0    0    0    0    0    0    0    0    0    0    0    0    0      0
    99    0    0    0    0    0    0    0    0    0    0    0    0    0    0    0    0    0    0    0    0      0
   100    0    0    0    0    0    0    0    0    0    0    0    0    0    0    0    0    0    0    0    0      0
     0   98  278  489  735  998 1194 1544 1843 2119 2423 2701 2995 3095 3413 3686 3668 3900 4030 4227 4599  48035
1AZIMUTHAL ANGLE - POLAR ANGLE IN COS-INTERVALS (0.05) (BACKWARD SPUTTERED PARTICLES) , 1.LAYER , SPECIES 1

     0    1    2    3    4    5    6    7    8    9   10   11   12   13   14   15   16   17   18   19   20      0
     3    1    3    6   12   10   24   28   34   37   48   41   49   43   54   55   54   67   94   76   97    833
     6    0    5    6    9   16   22   25   32   30   46   34   45   40   56   61   69   71   73   66   76    782
     9    5    4    5    8   18   22   21   28   30   55   40   49   61   49   62   60   66   72   75   74    804
    12    2    5    5   13   19   10   29   34   30   41   34   50   63   57   63   61   64   72   63   64    779
    15    3    3    8   11   14   23   34   38   33   49   39   47   60   56   60   55   66   83   62   62    806
    18    0    7    8   15   24   24   20   24   37   49   46   55   47   62   64   63   72   77   68   68    830
    21    4    5    9    9   21   17   29   33   35   44   40   53   37   61   70   61   71   89   63   65    816
    24    1    5    4   13   12   20   33   36   41   36   50   47   55   62   69   62   48   67   69   66    796
    27    1    8    9   11   18   19   27   19   38   47   41   51   58   69   48   58   54   66   72   85    799
    30    3    4    6   11   17   28   20   34   28   38   31   59   37   60   61   61   77   69   81   70    795
    33    0    3    4   10   15   16   19   38   42   40   38   55   56   61   61   55   68   76   65   73    795
    36    0    2    4    9   13   23   26   32   25   52   50   41   53   43   58   57   66   68   51   68    741
    39    5    5    7   13   19   12   24   24   40   35   36   56   65   43   58   64   65   69   66   92    798
    42    3    5    6   13   20   18   35   25   39   41   52   47   46   44   56   49   60   67   64   82    772
    45    2    2   11   10   20   29   25   30   35   30   47   44   54   61   90   54   40   66   68   85    803
    48    3    5    6   15   15   17   24   29   38   39   40   58   48   65   70   62   65   65   68   82    814
    51    4    6    8   12   19   22   32   44   39   48   41   49   55   57   79   60   56   49   67   84    831
    54    1    2   12   10   17   10   41   30   37   42   48   41   55   55   68   65   59   55   73   74    795
    57    4    3    9   11   15   25   26   28   38   32   50   48   59   60   66   69   78   62   72   70    825
    60    2    8    7   19   20   22   24   28   28   38   54   49   61   62   62   61   55   71   75   74    820
    63    3    4    9   14   17   15   21   32   38   43   45   49   51   70   66   57   72   68   81   82    837
    66    2    2   12   16   16   25   26   37   39   30   56   54   46   54   67   67   55   57   68   91    820
    69    2    3    9   12   16   23   20   33   37   35   47   60   62   44   41   53   63   53   57   72    742
    72    0    6    9   10   23   29   24   21   22   36   46   45   49   58   55   74   50   73   70   80    780
    75    1    2   12   15   13   24   25   25   35   29   44   45   51   55   57   69   50   71   76   83    782
    78    0    5   11   11   18   19   18   28   42   49   47   44   54   63   58   56   74   63   67   50    777
    81    5    3   11   16   16   18   29   40   35   36   53   51   48   55   61   61   75   68   71   76    828
    84    2    5    8   11   21   16   23   27   37   45   38   47   54   59   52   70   77   60   56   68    776
    87    1    0   10   10   15   20   31   40   27   43   41   61   55   68   70   82   54   59   70   86    843
    90    0    4    7    7   24   17   20   25   38   39   45   52   55   64   64   54   71   71   71   68    796
    93    2    8    5   11   15   18   24   29   42   39   44   61   46   48   57   66   58   71   73   83    800
    96    1    1   11   12   15   18   23   33   35   28   36   58   49   60   60   58   73   59   66   67    763
    99    1    4   15   11   15   19   24   34   38   43   56   42   59   57   67   67   71   66   85   80    854
   102    0   10    6   15   12   21   26   18   30   24   58   52   48   63   72   69   63   75   80   88    830
   105    0    3    9   18   21   20   32   36   27   39   38   45   50   54   58   65   69   68   72   70    794
   108    2    4   11   14    8   17   21   31   38   48   41   52   52   52   64   58   74   53   57   90    787
   111    3    7    3   17   12   18   26   31   37   36   49   56   50   65   56   68   77   65   72   88    836
   114    6    6   15    9   18   26   23   29   44   36   48   56   46   57   59   58   75   74   59   74    818
   117    3    4    7    9   12   21   22   30   24   38   52   58   53   58   64   59   63   64   62   91    794
   120    0    5    9   14   17   20   24   25   33   35   42   41   42   63   61   63   69   54   90   73    780
   123    0    6    6   15   17   12   18   28   23   41   46   60   56   55   57   79   61   63   64   76    783
   126    0    6    8   16   20   30   19   30   35   40   46   47   51   54   63   60   69   76   73   86    829
   129    1    6   10   13   15   15   32   34   35   38   57   47   46   50   52   49   58   55   77   85    775
   132    1    4   10    8   11   16   23   36   37   46   39   42   55   55   63   59   73   67   69   76    790
   135    2    5   11   13   20   24   20   36   34   49   66   50   49   56   59   48   60   52   72   78    804
   138    1    1   12   15   18   14   28   36   30   33   41   47   56   49   72   59   61   65   75   81    794
   141    2    7    9   12   18   24   23   26   49   49   51   59   48   65   58   61   65   71   63   68    828
   144    2    5    5   10   14   19   28   26   36   29   58   47   52   51   69   56   67   64   71   85    794
   147    0    3   12   14   13   24   23   35   37   44   44   51   60   55   72   69   83   68   73   64    844
   150    0    4    4   11   17   17   32   22   42   42   36   50   54   52   53   61   78   70   63   85    793
   153    2    6    3   10   17   15   25   40   41   46   42   45   51   61   67   53   67   77   71   68    807
   156    2    6    5   13   18   21   25   32   39   45   35   59   55   68   62   57   59   68   72   76    817
   159    2    1    6   18   20   25   27   40   41   39   42   47   52   63   73   67   84   65   80   84    876
   162    1    7    8   13   17   14   24   27   44   41   39   56   38   46   48   56   59   64   72   68    742
   165    1   12    7   12   21   23   24   29   34   44   46   54   64   69   49   58   66   67   92   81    853
   168    1    3    6    8   16   19   32   25   38   40   47   39   42   52   56   68   71   59   85   85    792
   171    0    5   12   15   17   23   24   35   29   41   48   48   40   64   56   52   55   77   75   67    783
   174    1    8    9   12   11   14   31   21   35   30   43   38   46   49   57   68   66   78   73   73    763
   177    1    3   12   10   18   17   25   29   35   50   53   45   57   45   58   55   43   54   71   58    739
   180    0    4    5   11   14   21   37   32   27   35   44   42   50   50   52   59   54   68   69   84    758
     0   98  278  489  735  998 1194 1544 1843 2119 2423 2701 2995 3095 3413 3686 3668 3900 4030 4227 4599  48035
