1
      *** PROGRAM TRVMC95 ***


                              * INPUT DATA *


       Z1        M1          E0       ALPHA       EF        ESB      SHEATH     ERC
     18.00     39.95       667.00      0.00      0.10      0.00   2001.00      4.70

       NH        RI           X0        RD        CW        CA       KK0   KK0R   KDEE1  KDEE2  IPOT   IPOTR   IRL
   9999999 716381.00         0.00    100.00      2.00      1.00       2      2      3      3      1      1      3


             DX      RHO    CK  Z(,1) Z(,2) Z(,3) Z(,4) Z(,5)  M(,1)  M(,2)  M(,3)  M(,4)  M(,5) C(,1) C(,2) C(,3) C(,4) C(,5)

 1.LAYER 10000.00   2.25   1.00    6.    0.    0.    0.    0.  12.01   0.00   0.00   0.00   0.00 1.000 0.000 0.000 0.000 0.000


                           ***  SBE(LAYER,ELEMENT)  ***     ***     ED(LAYER,ELEMENT)     ***     ***   BE(LAYER,ELEMENT)  ***

 1.LAYER                   7.41  0.00  0.00  0.00  0.00     30.00   0.00   0.00   0.00   0.00     0.10  0.00  0.00  0.00  0.00


       INTERACTION POTENTIAL : PROJECTILE-TARGET : KR-C POTENTIAL     TARGET-TARGET : KR-C POTENTIAL    


       INELASTIC LOSS MODEL  : PROJECTILE-TARGET : 50% LS 50% OR      TARGET-TARGET : 50% LS 50% OR     
1

                              * OUTPUT DATA *


                 HLM       HLMT        SU       SUT        XC        RT       SFE      INEL         L        LJ
               0.0000 10000.000    3.5029 10003.503   -3.5029  9900.000      7.41         0         1         1


                NPROJ       KIB       KIT      MAXA      NALL       NPA       NSA       KIS      KIST
              2200848         0         0       2811233948623 112305706 671765783   6486874         0


            EPS0(I)       Z2(I)       M2(I)     ARHO(I)       LM(I)     PMAX(I)     ASIG(I)       SB(I)       XX(I)        NJ(I)

 1.LAYER   0.1308E-01  0.6000E+01  0.1201E+02  0.1128E+00  0.2070E+01  0.1168E+01  0.2335E+00  0.7410E+01  0.1000E+05         1


             A1(1)   A1(2)   A1(3)   A1(4)   A1(5)   A1(6)   A1(7)   A1(8)   A1(9)  A1(10)  A1(11)  A1(12)  A1(13)  A1(14)  A1(15)

           0.13193


           KOR1(1) KOR1(2) KOR1(3) KOR1(4) KOR1(5) KOR1(6) KOR1(7) KOR1(8) KOR1(9) KOR1(A) KOR1(B) KOR1(C) KOR1(D) KOR1(E) KOR1(F)

           0.73577


            A(I,1)  A(I,2)  A(I,3)  A(I,4)  A(I,5)  A(I,6)  A(I,7)  A(I,8)  A(I,9) A(I,10) A(I,11) A(I,12) A(I,13) A(I,14) A(I,15)

           0.16242


           KOR(,1) KOR(,2) KOR(,3) KOR(,4) KOR(,5) KOR(,6) KOR(,7) KOR(,8) KOR(,9) KOR(,A) KOR(,B) KOR(,C) KOR(,D) KOR(,E) KOR(,F)

           0.46963
1

         IMPLANTED PARTICLES=9999999     ENERGY=0.6670E+10 EV
     BACKSCATTERED PARTICLES=      0     ENERGY=0.0000E+00 EV
       TRANSMITTED PARTICLES=      0     ENERGY=0.0000E+00 EV
     BACKSPUTTERED PARTICLES=1803527     ENERGY=0.2203E+08 EV
    TRANSM. SPUTT. PARTICLES=      0     ENERGY=0.0000E+00 EV


  PROJECTILES :   MEAN NUMBER OF ELASTIC COLLISIONS =     12.4   MEAN NUMBER OF EL.COLL.(E > EDISPL.) =    5.013
                                                                 MEAN NUMBER OF EL.COLL.(E > SB(1))   =   10.761

                       MEAN        VARIANCE      SKEWNESS      KURTOSIS        SIGMA       ERROR 1.M     ERROR 2.M     ERROR 3.M 
  PENETRATION       1.9944E+01    2.9936E+01    3.5581E-01    2.9158E+00    5.4713E+00    1.7302E-03    1.3103E-02    7.0045E-04
       SPREAD       6.8817E+00    1.3757E+01    6.9665E-01    3.3588E+00    3.7090E+00    1.1729E-03    6.6813E-03    8.1695E-04
   PATHLENGTH       2.3754E+01    3.3922E+01    2.8250E-01    2.8452E+00    5.8242E+00    1.8418E-03    1.4571E-02    6.7886E-04
 ELASTIC LOSS       6.3507E+02    8.9702E+01                                9.4711E+00    9.4711E-07
   INEL. LOSS       3.1933E+01    8.9702E+01                                9.4711E+00    9.4711E-07

                       MEAN        VARIANCE      SKEWNESS      KURTOSIS        SIGMA       ERROR 1.M     ERROR 2.M     ERROR 3.M 
   ELAST.LOSS       4.6646E+01    4.0526E+03    2.8920E+00    1.2966E+01    6.3660E+01    5.7184E-03    1.2593E+00    4.8561E-04
 WEAK EL.LOSS       4.5985E+00    6.9499E+00    6.1422E-01    2.7973E+00    2.6363E+00    2.3681E-04    8.3696E-04    1.5228E-04
 INELAST.LOSS       2.5767E+00    2.5704E+00   -4.5820E-03    1.6740E+00    1.6033E+00    1.4402E-04    1.8956E-04    1.3566E-04
  SUBTHR.LOSS       1.3738E+01    6.0406E+01    1.2241E-01    2.2104E+00    7.7721E+00    9.0473E-04    7.7360E-03    1.5300E-04

                     1.MOMENT      2.MOMENT      3.MOMENT      4.MOMENT      5.MOMENT      6.MOMENT 
  PENETRATION       1.9944E+01    4.2772E+02    9.7829E+03    2.3694E+05    6.0388E+06    1.6110E+08



  RECOILES (PER PROJ.)   :   MEAN NUMBER OF ELASTIC COLLISIONS =    119.7   MEAN NUMBER OF EL.COLL.(E > EDISPL.) =      4.248
                                                                            MEAN NUMBER OF EL.COLL.(E > SB(1))   =     35.536

  RECOILES (PER KNOCKON) :   MEAN NUMBER OF ELASTIC COLLISIONS =    1.527   MEAN NUMBER OF EL.COLL.(E > EDISPL.) =      0.054
                                                                            MEAN NUMBER OF EL.COLL.(E > SB(1))   =      0.453

1


     DEPTH(A)  PARTICLES  NORM.DEPTH PATHLENGTH   INLOSS(EV)  TELOSS(EV)  ELLOSS(EV)  DAMAGE(EV)  PHONON(EV)  CASCAD(EV)     DPA

    -SU-    0.         0  0.0000E+00
     0.-    2.         1  0.1000E-06         0    4.5590E+07  8.5003E+08  8.1949E+08  7.5166E+08  6.7827E+07  6.4165E+08 5548358
     2.-    4.        28  0.2800E-05         0    4.4963E+07  8.1230E+08  7.7760E+08  7.0799E+08  6.9603E+07  6.0601E+08 5707220
     4.-    6.      1500  0.1500E-03         0    4.1425E+07  7.7022E+08  7.3013E+08  6.5633E+08  7.3801E+07  5.6342E+08 5845671
     6.-    8.     29362  0.2936E-02       288    3.7538E+07  7.2151E+08  6.7517E+08  5.9489E+08  8.0279E+07  5.1217E+08 5874794
     8.-   10.    156418  0.1564E-01      9076    3.3370E+07  6.6302E+08  6.1017E+08  5.2127E+08  8.8901E+07  4.5006E+08 5701278
    10.-   12.    427459  0.4275E-01     64526    2.8896E+07  5.9313E+08  5.3514E+08  4.3796E+08  9.7183E+07  3.7912E+08 5264180
    12.-   14.    786280  0.7863E-01    219186    2.4183E+07  5.1175E+08  4.5174E+08  3.5041E+08  1.0133E+08  3.0405E+08 4586232
    14.-   16.   1125464  0.1125E+00    481647    1.9412E+07  4.2216E+08  3.6421E+08  2.6504E+08  9.9172E+07  2.3046E+08 3742810
    16.-   18.   1349422  0.1349E+00    803742    1.4842E+07  3.3075E+08  2.7879E+08  1.8867E+08  9.0122E+07  1.6437E+08 2852194
    18.-   20.   1415834  0.1416E+00   1098803    1.0779E+07  2.4504E+08  2.0173E+08  1.2549E+08  7.6241E+07  1.0952E+08 2018784
    20.-   22.   1322054  0.1322E+00   1296312    7.3931E+06  1.7108E+08  1.3760E+08  7.7966E+07  5.9631E+07  6.8148E+07 1326991
    22.-   24.   1117145  0.1117E+00   1363398    4.7821E+06  1.1230E+08  8.8242E+07  4.4955E+07  4.3288E+07  3.9348E+07  804750
    24.-   26.    859942  0.8599E-01   1287981    2.8992E+06  6.8904E+07  5.2915E+07  2.3932E+07  2.8983E+07  2.0974E+07  449085
    26.-   28.    600656  0.6007E-01   1101566    1.6438E+06  3.9444E+07  2.9622E+07  1.1753E+07  1.7869E+07  1.0311E+07  230065
    28.-   30.    382167  0.3822E-01    855945    8.6859E+05  2.1001E+07  1.5434E+07  5.2974E+06  1.0136E+07  4.6526E+06  107788
    30.-   32.    220326  0.2203E-01    604402    4.2519E+05  1.0323E+07  7.4234E+06  2.1507E+06  5.2727E+06  1.8908E+06   45421
    32.-   34.    115675  0.1157E-01    386595    1.9176E+05  4.6680E+06  3.2867E+06  7.8892E+05  2.4977E+06  6.9426E+05   17313
    34.-   36.     54625  0.5463E-02    222910    7.9461E+04  1.9353E+06  1.3363E+06  2.6069E+05  1.0756E+06  2.2958E+05    5892
    36.-   38.     22913  0.2291E-02    115860    3.0041E+04  7.3336E+05  4.9804E+05  7.9772E+04  4.1827E+05  7.0305E+04    1862
    38.-   40.      8677  0.8677E-03     53781    1.0283E+04  2.4910E+05  1.6589E+05  1.9702E+04  1.4619E+05  1.7380E+04     476
    40.-   42.      2849  0.2849E-03     22012    3.2207E+03  7.7560E+04  5.0913E+04  4.7418E+03  4.6171E+04  4.1860E+03     118
    42.-   44.       890  0.8900E-04      8089    9.0814E+02  2.1992E+04  1.4241E+04  1.0290E+03  1.3212E+04  9.0891E+02      26
    44.-   46.       241  0.2410E-04      2698    2.3262E+02  5.5689E+03  3.5710E+03  2.8393E+02  3.2871E+03  2.5136E+02       8
    46.-   48.        55  0.5500E-05       874    5.2235E+01  1.2116E+03  7.4176E+02  3.4139E+01  7.0762E+02  3.0252E+01       1
    48.-   50.        14  0.1400E-05       225    1.0101E+01  2.5056E+02  1.6167E+02  0.0000E+00  1.6167E+02  0.0000E+00       0
    50.-   52.         2  0.2000E-06        70    1.8846E+00  4.1442E+01  2.4136E+01  0.0000E+00  2.4136E+01  0.0000E+00       0
    52.-   54.         0  0.0000E+00        12    5.4932E-02  1.1549E+00  8.5191E-01  0.0000E+00  8.5191E-01  0.0000E+00       0
    54.-   56.         0  0.0000E+00         1    0.0000E+00  0.0000E+00  0.0000E+00  0.0000E+00  0.0000E+00  0.0000E+00       0
    56.-   58.         0  0.0000E+00         0    0.0000E+00  0.0000E+00  0.0000E+00  0.0000E+00  0.0000E+00  0.0000E+00       0
    58.-   60.         0  0.0000E+00         0    0.0000E+00  0.0000E+00  0.0000E+00  0.0000E+00  0.0000E+00  0.0000E+00       0
    60.-   62.         0  0.0000E+00         0    0.0000E+00  0.0000E+00  0.0000E+00  0.0000E+00  0.0000E+00  0.0000E+00       0
    62.-   64.         0  0.0000E+00         0    0.0000E+00  0.0000E+00  0.0000E+00  0.0000E+00  0.0000E+00  0.0000E+00       0
    64.-   66.         0  0.0000E+00         0    0.0000E+00  0.0000E+00  0.0000E+00  0.0000E+00  0.0000E+00  0.0000E+00       0
    66.-   68.         0  0.0000E+00         0    0.0000E+00  0.0000E+00  0.0000E+00  0.0000E+00  0.0000E+00  0.0000E+00       0
    68.-   70.         0  0.0000E+00         0    0.0000E+00  0.0000E+00  0.0000E+00  0.0000E+00  0.0000E+00  0.0000E+00       0
    70.-   72.         0  0.0000E+00         0    0.0000E+00  0.0000E+00  0.0000E+00  0.0000E+00  0.0000E+00  0.0000E+00       0
    72.-   74.         0  0.0000E+00         0    0.0000E+00  0.0000E+00  0.0000E+00  0.0000E+00  0.0000E+00  0.0000E+00       0
    74.-   76.         0  0.0000E+00         0    0.0000E+00  0.0000E+00  0.0000E+00  0.0000E+00  0.0000E+00  0.0000E+00       0
    76.-   78.         0  0.0000E+00         0    0.0000E+00  0.0000E+00  0.0000E+00  0.0000E+00  0.0000E+00  0.0000E+00       0
    78.-   80.         0  0.0000E+00         0    0.0000E+00  0.0000E+00  0.0000E+00  0.0000E+00  0.0000E+00  0.0000E+00       0
    80.-   82.         0  0.0000E+00         0    0.0000E+00  0.0000E+00  0.0000E+00  0.0000E+00  0.0000E+00  0.0000E+00       0
    82.-   84.         0  0.0000E+00         0    0.0000E+00  0.0000E+00  0.0000E+00  0.0000E+00  0.0000E+00  0.0000E+00       0
    84.-   86.         0  0.0000E+00         0    0.0000E+00  0.0000E+00  0.0000E+00  0.0000E+00  0.0000E+00  0.0000E+00       0
    86.-   88.         0  0.0000E+00         0    0.0000E+00  0.0000E+00  0.0000E+00  0.0000E+00  0.0000E+00  0.0000E+00       0
    88.-   90.         0  0.0000E+00         0    0.0000E+00  0.0000E+00  0.0000E+00  0.0000E+00  0.0000E+00  0.0000E+00       0
    90.-   92.         0  0.0000E+00         0    0.0000E+00  0.0000E+00  0.0000E+00  0.0000E+00  0.0000E+00  0.0000E+00       0
    92.-   94.         0  0.0000E+00         0    0.0000E+00  0.0000E+00  0.0000E+00  0.0000E+00  0.0000E+00  0.0000E+00       0
    94.-   96.         0  0.0000E+00         0    0.0000E+00  0.0000E+00  0.0000E+00  0.0000E+00  0.0000E+00  0.0000E+00       0
    96.-   98.         0  0.0000E+00         0    0.0000E+00  0.0000E+00  0.0000E+00  0.0000E+00  0.0000E+00  0.0000E+00       0
    98.-  100.         0  0.0000E+00         0    0.0000E+00  0.0000E+00  0.0000E+00  0.0000E+00  0.0000E+00  0.0000E+00       0
   100.-  102.         0  0.0000E+00         0    0.0000E+00  0.0000E+00  0.0000E+00  0.0000E+00  0.0000E+00  0.0000E+00       0
   102.-  104.         0  0.0000E+00         0    0.0000E+00  0.0000E+00  0.0000E+00  0.0000E+00  0.0000E+00  0.0000E+00       0
   104.-  106.         0  0.0000E+00         0    0.0000E+00  0.0000E+00  0.0000E+00  0.0000E+00  0.0000E+00  0.0000E+00       0
   106.-  108.         0  0.0000E+00         0    0.0000E+00  0.0000E+00  0.0000E+00  0.0000E+00  0.0000E+00  0.0000E+00       0
   108.-  110.         0  0.0000E+00         0    0.0000E+00  0.0000E+00  0.0000E+00  0.0000E+00  0.0000E+00  0.0000E+00       0
   110.-  112.         0  0.0000E+00         0    0.0000E+00  0.0000E+00  0.0000E+00  0.0000E+00  0.0000E+00  0.0000E+00       0
   112.-  114.         0  0.0000E+00         0    0.0000E+00  0.0000E+00  0.0000E+00  0.0000E+00  0.0000E+00  0.0000E+00       0
   114.-  116.         0  0.0000E+00         0    0.0000E+00  0.0000E+00  0.0000E+00  0.0000E+00  0.0000E+00  0.0000E+00       0
   116.-  118.         0  0.0000E+00         0    0.0000E+00  0.0000E+00  0.0000E+00  0.0000E+00  0.0000E+00  0.0000E+00       0
   118.-  120.         0  0.0000E+00         0    0.0000E+00  0.0000E+00  0.0000E+00  0.0000E+00  0.0000E+00  0.0000E+00       0
   120.-  122.         0  0.0000E+00         0    0.0000E+00  0.0000E+00  0.0000E+00  0.0000E+00  0.0000E+00  0.0000E+00       0
   122.-  124.         0  0.0000E+00         0    0.0000E+00  0.0000E+00  0.0000E+00  0.0000E+00  0.0000E+00  0.0000E+00       0
   124.-  126.         0  0.0000E+00         0    0.0000E+00  0.0000E+00  0.0000E+00  0.0000E+00  0.0000E+00  0.0000E+00       0
   126.-  128.         0  0.0000E+00         0    0.0000E+00  0.0000E+00  0.0000E+00  0.0000E+00  0.0000E+00  0.0000E+00       0
   128.-  130.         0  0.0000E+00         0    0.0000E+00  0.0000E+00  0.0000E+00  0.0000E+00  0.0000E+00  0.0000E+00       0
   130.-  132.         0  0.0000E+00         0    0.0000E+00  0.0000E+00  0.0000E+00  0.0000E+00  0.0000E+00  0.0000E+00       0
   132.-  134.         0  0.0000E+00         0    0.0000E+00  0.0000E+00  0.0000E+00  0.0000E+00  0.0000E+00  0.0000E+00       0
   134.-  136.         0  0.0000E+00         0    0.0000E+00  0.0000E+00  0.0000E+00  0.0000E+00  0.0000E+00  0.0000E+00       0
   136.-  138.         0  0.0000E+00         0    0.0000E+00  0.0000E+00  0.0000E+00  0.0000E+00  0.0000E+00  0.0000E+00       0
   138.-  140.         0  0.0000E+00         0    0.0000E+00  0.0000E+00  0.0000E+00  0.0000E+00  0.0000E+00  0.0000E+00       0
   140.-  142.         0  0.0000E+00         0    0.0000E+00  0.0000E+00  0.0000E+00  0.0000E+00  0.0000E+00  0.0000E+00       0
   142.-  144.         0  0.0000E+00         0    0.0000E+00  0.0000E+00  0.0000E+00  0.0000E+00  0.0000E+00  0.0000E+00       0
   144.-  146.         0  0.0000E+00         0    0.0000E+00  0.0000E+00  0.0000E+00  0.0000E+00  0.0000E+00  0.0000E+00       0
   146.-  148.         0  0.0000E+00         0    0.0000E+00  0.0000E+00  0.0000E+00  0.0000E+00  0.0000E+00  0.0000E+00       0
   148.-  150.         0  0.0000E+00         0    0.0000E+00  0.0000E+00  0.0000E+00  0.0000E+00  0.0000E+00  0.0000E+00       0
   150.-  152.         0  0.0000E+00         0    0.0000E+00  0.0000E+00  0.0000E+00  0.0000E+00  0.0000E+00  0.0000E+00       0
   152.-  154.         0  0.0000E+00         0    0.0000E+00  0.0000E+00  0.0000E+00  0.0000E+00  0.0000E+00  0.0000E+00       0
   154.-  156.         0  0.0000E+00         0    0.0000E+00  0.0000E+00  0.0000E+00  0.0000E+00  0.0000E+00  0.0000E+00       0
   156.-  158.         0  0.0000E+00         0    0.0000E+00  0.0000E+00  0.0000E+00  0.0000E+00  0.0000E+00  0.0000E+00       0
   158.-  160.         0  0.0000E+00         0    0.0000E+00  0.0000E+00  0.0000E+00  0.0000E+00  0.0000E+00  0.0000E+00       0
   160.-  162.         0  0.0000E+00         0    0.0000E+00  0.0000E+00  0.0000E+00  0.0000E+00  0.0000E+00  0.0000E+00       0
   162.-  164.         0  0.0000E+00         0    0.0000E+00  0.0000E+00  0.0000E+00  0.0000E+00  0.0000E+00  0.0000E+00       0
   164.-  166.         0  0.0000E+00         0    0.0000E+00  0.0000E+00  0.0000E+00  0.0000E+00  0.0000E+00  0.0000E+00       0
   166.-  168.         0  0.0000E+00         0    0.0000E+00  0.0000E+00  0.0000E+00  0.0000E+00  0.0000E+00  0.0000E+00       0
   168.-  170.         0  0.0000E+00         0    0.0000E+00  0.0000E+00  0.0000E+00  0.0000E+00  0.0000E+00  0.0000E+00       0
   170.-  172.         0  0.0000E+00         0    0.0000E+00  0.0000E+00  0.0000E+00  0.0000E+00  0.0000E+00  0.0000E+00       0
   172.-  174.         0  0.0000E+00         0    0.0000E+00  0.0000E+00  0.0000E+00  0.0000E+00  0.0000E+00  0.0000E+00       0
   174.-  176.         0  0.0000E+00         0    0.0000E+00  0.0000E+00  0.0000E+00  0.0000E+00  0.0000E+00  0.0000E+00       0
   176.-  178.         0  0.0000E+00         0    0.0000E+00  0.0000E+00  0.0000E+00  0.0000E+00  0.0000E+00  0.0000E+00       0
   178.-  180.         0  0.0000E+00         0    0.0000E+00  0.0000E+00  0.0000E+00  0.0000E+00  0.0000E+00  0.0000E+00       0
   180.-  182.         0  0.0000E+00         0    0.0000E+00  0.0000E+00  0.0000E+00  0.0000E+00  0.0000E+00  0.0000E+00       0
   182.-  184.         0  0.0000E+00         0    0.0000E+00  0.0000E+00  0.0000E+00  0.0000E+00  0.0000E+00  0.0000E+00       0
   184.-  186.         0  0.0000E+00         0    0.0000E+00  0.0000E+00  0.0000E+00  0.0000E+00  0.0000E+00  0.0000E+00       0
   186.-  188.         0  0.0000E+00         0    0.0000E+00  0.0000E+00  0.0000E+00  0.0000E+00  0.0000E+00  0.0000E+00       0
   188.-  190.         0  0.0000E+00         0    0.0000E+00  0.0000E+00  0.0000E+00  0.0000E+00  0.0000E+00  0.0000E+00       0
   190.-  192.         0  0.0000E+00         0    0.0000E+00  0.0000E+00  0.0000E+00  0.0000E+00  0.0000E+00  0.0000E+00       0
   192.-  194.         0  0.0000E+00         0    0.0000E+00  0.0000E+00  0.0000E+00  0.0000E+00  0.0000E+00  0.0000E+00       0
   194.-  196.         0  0.0000E+00         0    0.0000E+00  0.0000E+00  0.0000E+00  0.0000E+00  0.0000E+00  0.0000E+00       0
   196.-  198.         0  0.0000E+00         0    0.0000E+00  0.0000E+00  0.0000E+00  0.0000E+00  0.0000E+00  0.0000E+00       0
   198.-  200.         0  0.0000E+00         0    0.0000E+00  0.0000E+00  0.0000E+00  0.0000E+00  0.0000E+00  0.0000E+00       0
   200.-   SUT         0  0.0000E+00

                 9999999  1.0000E+00   9999999    3.1933E+08  6.3507E+09  5.7808E+09  4.7669E+09  1.0138E+09  4.1072E+0950131317
1
     RECOILS



     DEPTH(A)     INLOSS(EV)   TELOSS(EV)   ELLOSS(EV)   DAMAGE(EV)   PHONON(EV)     DPA  DPA(1)  DPA(2)

     0.-    2.    1.8046E+07   3.5943E+08   2.7887E+08   4.1479E+07   2.3739E+08  807159  807159       0
     2.-    4.    3.6339E+07   6.6499E+08   5.4253E+08   1.5161E+08   3.9092E+08 2543924 2543924       0
     4.-    6.    5.1468E+07   9.1953E+08   7.5472E+08   2.2394E+08   5.3078E+08 3703146 3703146       0
     6.-    8.    6.2043E+07   1.1104E+09   9.1043E+08   2.6697E+08   6.4346E+08 4454045 4454045       0
     8.-   10.    6.8342E+07   1.2358E+09   1.0098E+09   2.8556E+08   7.2422E+08 4847519 4847519       0
    10.-   12.    7.0611E+07   1.2949E+09   1.0531E+09   2.8287E+08   7.7025E+08 4900783 4900783       0
    12.-   14.    6.8951E+07   1.2855E+09   1.0396E+09   2.6211E+08   7.7749E+08 4640645 4640645       0
    14.-   16.    6.3898E+07   1.2118E+09   9.7396E+08   2.2879E+08   7.4517E+08 4137380 4137380       0
    16.-   18.    5.6193E+07   1.0839E+09   8.6564E+08   1.8851E+08   6.7713E+08 3478563 3478563       0
    18.-   20.    4.6906E+07   9.1948E+08   7.2964E+08   1.4682E+08   5.8282E+08 2762227 2762227       0
    20.-   22.    3.7194E+07   7.4050E+08   5.8404E+08   1.0873E+08   4.7530E+08 2079286 2079286       0
    22.-   24.    2.8028E+07   5.6588E+08   4.4370E+08   7.6291E+07   3.6741E+08 1481629 1481629       0
    24.-   26.    2.0078E+07   4.1060E+08   3.2021E+08   5.1196E+07   2.6902E+08 1006687 1006687       0
    26.-   28.    1.3697E+07   2.8330E+08   2.1989E+08   3.2989E+07   1.8690E+08  655136  655136       0
    28.-   30.    8.9166E+06   1.8613E+08   1.4386E+08   2.0313E+07   1.2355E+08  407012  407012       0
    30.-   32.    5.5628E+06   1.1695E+08   9.0087E+07   1.2162E+07   7.7925E+07  245127  245127       0
    32.-   34.    3.3427E+06   7.0673E+07   5.4313E+07   7.1166E+06   4.7196E+07  143766  143766       0
    34.-   36.    1.9474E+06   4.1307E+07   3.1690E+07   4.0897E+06   2.7601E+07   83225   83225       0
    36.-   38.    1.1061E+06   2.3496E+07   1.8010E+07   2.2985E+06   1.5711E+07   46893   46893       0
    38.-   40.    6.1887E+05   1.3153E+07   1.0084E+07   1.2952E+06   8.7887E+06   26429   26429       0
    40.-   42.    3.4287E+05   7.2761E+06   5.5752E+06   6.9602E+05   4.8792E+06   14375   14375       0
    42.-   44.    1.8845E+05   4.0150E+06   3.0757E+06   3.8294E+05   2.6927E+06    8060    8060       0
    44.-   46.    1.0240E+05   2.1893E+06   1.6742E+06   1.9518E+05   1.4790E+06    4084    4084       0
    46.-   48.    5.4988E+04   1.1823E+06   9.0320E+05   1.0851E+05   7.9468E+05    2298    2298       0
    48.-   50.    2.9235E+04   6.3101E+05   4.8085E+05   5.1867E+04   4.2898E+05    1111    1111       0
    50.-   52.    1.5169E+04   3.3086E+05   2.5166E+05   2.7515E+04   2.2414E+05     591     591       0
    52.-   54.    7.6747E+03   1.6874E+05   1.2766E+05   1.1736E+04   1.1593E+05     267     267       0
    54.-   56.    3.8561E+03   8.5608E+04   6.4540E+04   6.1645E+03   5.8376E+04     139     139       0
    56.-   58.    1.8204E+03   3.9740E+04   2.9581E+04   1.9749E+03   2.7606E+04      49      49       0
    58.-   60.    8.8704E+02   2.0056E+04   1.4999E+04   8.7395E+02   1.4125E+04      19      19       0
    60.-   62.    4.0432E+02   9.1278E+03   6.8657E+03   5.2825E+02   6.3375E+03      11      11       0
    62.-   64.    1.6964E+02   3.8910E+03   2.8652E+03   2.1244E+02   2.6527E+03       5       5       0
    64.-   66.    7.6926E+01   1.7521E+03   1.2833E+03   3.2177E+01   1.2512E+03       1       1       0
    66.-   68.    2.7307E+01   6.2706E+02   4.5772E+02   0.0000E+00   4.5772E+02       0       0       0
    68.-   70.    1.3209E+01   2.8825E+02   2.1280E+02   0.0000E+00   2.1280E+02       0       0       0
    70.-   72.    6.4302E+00   1.5148E+02   1.1385E+02   0.0000E+00   1.1385E+02       0       0       0
    72.-   74.    2.2801E+00   5.8683E+01   4.3434E+01   0.0000E+00   4.3434E+01       0       0       0
    74.-   76.    9.0335E-01   2.9697E+01   2.5514E+01   0.0000E+00   2.5514E+01       0       0       0
    76.-   78.    4.2681E-01   9.0788E+00   5.1864E+00   0.0000E+00   5.1864E+00       0       0       0
    78.-   80.    0.0000E+00   0.0000E+00   0.0000E+00   0.0000E+00   0.0000E+00       0       0       0
    80.-   82.    0.0000E+00   0.0000E+00   0.0000E+00   0.0000E+00   0.0000E+00       0       0       0
    82.-   84.    0.0000E+00   0.0000E+00   0.0000E+00   0.0000E+00   0.0000E+00       0       0       0
    84.-   86.    0.0000E+00   0.0000E+00   0.0000E+00   0.0000E+00   0.0000E+00       0       0       0
    86.-   88.    0.0000E+00   0.0000E+00   0.0000E+00   0.0000E+00   0.0000E+00       0       0       0
    88.-   90.    0.0000E+00   0.0000E+00   0.0000E+00   0.0000E+00   0.0000E+00       0       0       0
    90.-   92.    0.0000E+00   0.0000E+00   0.0000E+00   0.0000E+00   0.0000E+00       0       0       0
    92.-   94.    0.0000E+00   0.0000E+00   0.0000E+00   0.0000E+00   0.0000E+00       0       0       0
    94.-   96.    0.0000E+00   0.0000E+00   0.0000E+00   0.0000E+00   0.0000E+00       0       0       0
    96.-   98.    0.0000E+00   0.0000E+00   0.0000E+00   0.0000E+00   0.0000E+00       0       0       0
    98.-  100.    0.0000E+00   0.0000E+00   0.0000E+00   0.0000E+00   0.0000E+00       0       0       0
   100.-  102.    0.0000E+00   0.0000E+00   0.0000E+00   0.0000E+00   0.0000E+00       0       0       0
   102.-  104.    0.0000E+00   0.0000E+00   0.0000E+00   0.0000E+00   0.0000E+00       0       0       0
   104.-  106.    0.0000E+00   0.0000E+00   0.0000E+00   0.0000E+00   0.0000E+00       0       0       0
   106.-  108.    0.0000E+00   0.0000E+00   0.0000E+00   0.0000E+00   0.0000E+00       0       0       0
   108.-  110.    0.0000E+00   0.0000E+00   0.0000E+00   0.0000E+00   0.0000E+00       0       0       0
   110.-  112.    0.0000E+00   0.0000E+00   0.0000E+00   0.0000E+00   0.0000E+00       0       0       0
   112.-  114.    0.0000E+00   0.0000E+00   0.0000E+00   0.0000E+00   0.0000E+00       0       0       0
   114.-  116.    0.0000E+00   0.0000E+00   0.0000E+00   0.0000E+00   0.0000E+00       0       0       0
   116.-  118.    0.0000E+00   0.0000E+00   0.0000E+00   0.0000E+00   0.0000E+00       0       0       0
   118.-  120.    0.0000E+00   0.0000E+00   0.0000E+00   0.0000E+00   0.0000E+00       0       0       0
   120.-  122.    0.0000E+00   0.0000E+00   0.0000E+00   0.0000E+00   0.0000E+00       0       0       0
   122.-  124.    0.0000E+00   0.0000E+00   0.0000E+00   0.0000E+00   0.0000E+00       0       0       0
   124.-  126.    0.0000E+00   0.0000E+00   0.0000E+00   0.0000E+00   0.0000E+00       0       0       0
   126.-  128.    0.0000E+00   0.0000E+00   0.0000E+00   0.0000E+00   0.0000E+00       0       0       0
   128.-  130.    0.0000E+00   0.0000E+00   0.0000E+00   0.0000E+00   0.0000E+00       0       0       0
   130.-  132.    0.0000E+00   0.0000E+00   0.0000E+00   0.0000E+00   0.0000E+00       0       0       0
   132.-  134.    0.0000E+00   0.0000E+00   0.0000E+00   0.0000E+00   0.0000E+00       0       0       0
   134.-  136.    0.0000E+00   0.0000E+00   0.0000E+00   0.0000E+00   0.0000E+00       0       0       0
   136.-  138.    0.0000E+00   0.0000E+00   0.0000E+00   0.0000E+00   0.0000E+00       0       0       0
   138.-  140.    0.0000E+00   0.0000E+00   0.0000E+00   0.0000E+00   0.0000E+00       0       0       0
   140.-  142.    0.0000E+00   0.0000E+00   0.0000E+00   0.0000E+00   0.0000E+00       0       0       0
   142.-  144.    0.0000E+00   0.0000E+00   0.0000E+00   0.0000E+00   0.0000E+00       0       0       0
   144.-  146.    0.0000E+00   0.0000E+00   0.0000E+00   0.0000E+00   0.0000E+00       0       0       0
   146.-  148.    0.0000E+00   0.0000E+00   0.0000E+00   0.0000E+00   0.0000E+00       0       0       0
   148.-  150.    0.0000E+00   0.0000E+00   0.0000E+00   0.0000E+00   0.0000E+00       0       0       0
   150.-  152.    0.0000E+00   0.0000E+00   0.0000E+00   0.0000E+00   0.0000E+00       0       0       0
   152.-  154.    0.0000E+00   0.0000E+00   0.0000E+00   0.0000E+00   0.0000E+00       0       0       0
   154.-  156.    0.0000E+00   0.0000E+00   0.0000E+00   0.0000E+00   0.0000E+00       0       0       0
   156.-  158.    0.0000E+00   0.0000E+00   0.0000E+00   0.0000E+00   0.0000E+00       0       0       0
   158.-  160.    0.0000E+00   0.0000E+00   0.0000E+00   0.0000E+00   0.0000E+00       0       0       0
   160.-  162.    0.0000E+00   0.0000E+00   0.0000E+00   0.0000E+00   0.0000E+00       0       0       0
   162.-  164.    0.0000E+00   0.0000E+00   0.0000E+00   0.0000E+00   0.0000E+00       0       0       0
   164.-  166.    0.0000E+00   0.0000E+00   0.0000E+00   0.0000E+00   0.0000E+00       0       0       0
   166.-  168.    0.0000E+00   0.0000E+00   0.0000E+00   0.0000E+00   0.0000E+00       0       0       0
   168.-  170.    0.0000E+00   0.0000E+00   0.0000E+00   0.0000E+00   0.0000E+00       0       0       0
   170.-  172.    0.0000E+00   0.0000E+00   0.0000E+00   0.0000E+00   0.0000E+00       0       0       0
   172.-  174.    0.0000E+00   0.0000E+00   0.0000E+00   0.0000E+00   0.0000E+00       0       0       0
   174.-  176.    0.0000E+00   0.0000E+00   0.0000E+00   0.0000E+00   0.0000E+00       0       0       0
   176.-  178.    0.0000E+00   0.0000E+00   0.0000E+00   0.0000E+00   0.0000E+00       0       0       0
   178.-  180.    0.0000E+00   0.0000E+00   0.0000E+00   0.0000E+00   0.0000E+00       0       0       0
   180.-  182.    0.0000E+00   0.0000E+00   0.0000E+00   0.0000E+00   0.0000E+00       0       0       0
   182.-  184.    0.0000E+00   0.0000E+00   0.0000E+00   0.0000E+00   0.0000E+00       0       0       0
   184.-  186.    0.0000E+00   0.0000E+00   0.0000E+00   0.0000E+00   0.0000E+00       0       0       0
   186.-  188.    0.0000E+00   0.0000E+00   0.0000E+00   0.0000E+00   0.0000E+00       0       0       0
   188.-  190.    0.0000E+00   0.0000E+00   0.0000E+00   0.0000E+00   0.0000E+00       0       0       0
   190.-  192.    0.0000E+00   0.0000E+00   0.0000E+00   0.0000E+00   0.0000E+00       0       0       0
   192.-  194.    0.0000E+00   0.0000E+00   0.0000E+00   0.0000E+00   0.0000E+00       0       0       0
   194.-  196.    0.0000E+00   0.0000E+00   0.0000E+00   0.0000E+00   0.0000E+00       0       0       0
   196.-  198.    0.0000E+00   0.0000E+00   0.0000E+00   0.0000E+00   0.0000E+00       0       0       0
   198.-  200.    0.0000E+00   0.0000E+00   0.0000E+00   0.0000E+00   0.0000E+00       0       0       0

                  6.6404E+08   1.2554E+10   1.0086E+10   2.3966E+09   7.6898E+094248159142481591       0
1     BACKWARD SPUTTERING



        ALL SPUTTERED PARTICLES = 1803527   TOTAL SPUTTERED ENERGY = 0.2203E+08 EV


        SPUTTERED PARTICLES (1.LAYER) = 1803527   SPUTTERED ENERGY = 0.2203E+08 EV


 1.LAYER
         SPUTTERED PARTICLES(1) = 1803527     SPUTTERED ENERGY(1) = 0.2203E+08 EV

         ION IN , PRIMARY KO(1) =  413384   0.2292   0.2292    ENERGY = 0.6961E+07 EV   0.3160   0.3160    MEAN ENERGY = 0.1684E+02
         ION IN , SECOND. KO(1) = 1390140   0.7708   0.7708    ENERGY = 0.1506E+08 EV   0.6840   0.6840    MEAN ENERGY = 0.1084E+02
        ION OUT , PRIMARY KO(1) =       0   0.0000   0.0000    ENERGY = 0.0000E+00 EV   0.0000   0.0000    MEAN ENERGY = 0.0000E+00
        ION OUT , SECOND. KO(1) =       3   0.0000   0.0000    ENERGY = 0.1118E+02 EV   0.0000   0.0000    MEAN ENERGY = 0.3727E+01


     SPUTTERING YIELD(1) =  1.804E-01  SPUTTERED ENERGY(1) =  3.302E-03  REL.MEAN ENERGY(1) =  1.831E-02  MEAN ENERGY(1) =  1.221E+01

                       MEAN        VARIANCE      SKEWNESS      KURTOSIS        SIGMA       ERROR 1.M     ERROR 2.M     ERROR 3.M 
    ENERGY(1)       1.2212E+01    1.3699E+02    2.1861E+00    1.0032E+01    1.1704E+01    8.7154E-03    3.0657E-01    6.0362E-03
 LOGENERGY(1)       9.0097E-01    1.8633E-01   -4.5774E-01    3.2531E+00    4.3166E-01    3.2149E-04    2.0831E-04    1.9150E-03

                     1.MOMENT      2.MOMENT      3.MOMENT      4.MOMENT      5.MOMENT      6.MOMENT 
    ENERGY(1)       1.2212E+01    2.8613E+02    1.0346E+04    5.0433E+05    3.0464E+07    2.1600E+09
 LOGENERGY(1)       9.0097E-01    9.9808E-01    1.1982E+00    1.5467E+00    2.0967E+00    2.9671E+00



     POLAR ANGULAR DISTRIBUTION OF ALL BACKWARD SPUTTERED PARTICLES


       0.00  0.00  0.00  0.00  0.00  0.00  0.00  0.00  0.00  0.00  0.00  0.00  0.00  0.00  0.00  0.00  0.00  0.00  0.00  0.00

       4869 14157 24304 34263 44344 55474 66270 76913 87790 97815108175116269123787129956134652136066138553137763136823135284
      0.054 0.157 0.270 0.380 0.492 0.615 0.735 0.853 0.974 1.085 1.200 1.289 1.373 1.441 1.493 1.509 1.536 1.528 1.517 1.500
1 LOG ENERGY - COS OF EMISSION ANGLE (0.05 STEPS)   (BACKWARD SPUTTERED PARTICLES) ; 1. LAYER ; SPECIES 1


   0.0000E+00    1    2    3    4    5    6    7    8    9   10   11   12   13   14   15   16   17   18   19   20     0  0.0000E+00
   0.1000E+00    2    7   11   11   20   29   16   33   28   43   42   39   27   51   63   65   65   54   68   65   739  0.7390E-03
   0.1212E+00    0    0    0    0    0    0    0    0    0    0    0    0    0    0    0    0    0    0    0    0     0  0.0000E+00
   0.1468E+00    0    0    0    0    0    0    0    0    0    0    0    0    0    0    0    0    0    0    0    0     0  0.0000E+00
   0.1778E+00    0    0    0    0    0    0    0    0    0    0    0    0    0    0    0    0    0    0    0    0     0  0.0000E+00
   0.2154E+00    0    0    0    0    0    0    0    0    0    0    0    0    0    0    0    0    0    0    0    0     0  0.0000E+00
   0.2610E+00    0    0    0    0    0    0    0    0    0    0    0    0    0    0    0    0    0    0    0    0     0  0.0000E+00
   0.3162E+00    0    0    0    0    0    0    0    0    0    0    0    0    0    0    0    0    0    0    0    0     0  0.0000E+00
   0.3831E+00    0    0    0    0    0    0    0    0    0    0    0    0    0    0    0    0    0    0    0    0     0  0.0000E+00
   0.4642E+00    0    0    0    0    0    0    0    0    0    0    0    0    0    0    0    0    0    0    0    0     0  0.0000E+00
   0.5623E+00    0    0    0    0    0    0    0    0    0    0    0    0    0    0    0    0    0    0    0    0     0  0.0000E+00
   0.6813E+00    0    0    0    0    0    0    0    0    0    0    0    0    0    0    0    0    0    0    0    0     0  0.0000E+00
   0.8254E+00    0    0    0    0    0    0    0    0    0    0    0    0    0    0    0    0    0    0    0    0     0  0.0000E+00
   0.1000E+01    0    0    0    0    0    0    0    0    0    0    0    0    0    0    0    0    0    0    0    0     0  0.0000E+00
   0.1212E+01    0    0    0    0    0    0    0    0    0    0    0    0    0    0    0    0    0    0    0    0     0  0.0000E+00
   0.1468E+01    0    0    0    0    0    0    0    0    0    0    0    0    0    0    0    0    0    0    0    0     0  0.0000E+00
   0.1778E+01    0    0    0    0    0    0    0    0    0    0    0    0    0    0    0    0    0    0    0    0     0  0.0000E+00
   0.2154E+01    0    0    0    0    0    0    0    0    0    0    0    0    0    0    0    0    0    0    0    0     0  0.0000E+00
   0.2610E+01    0    0    0    0    0    0    0    0    0    0    0    0    0    0    0    0    0    0    0    0     0  0.0000E+00
   0.3162E+01    0    0    0    0    0    0    0    0    0    0    0    0    0    0    0    0    0    0    0    0     0  0.0000E+00
   0.3831E+01    0    0    0    0    0    0    0    0    0    0    0    0    0    0    0    0    0    0    0    0     0  0.0000E+00
   0.4642E+01    0    0    0    0    0    0    0    0    0    0    0    0    0    0    0    0    0    0    0    0     0  0.0000E+00
   0.5623E+01    0    0    0    0    0    0    0    0    0    0    0    0    0    0    0    0    0    0    0    0     0  0.0000E+00
   0.6813E+01    0    0    0    0    0    0    0    0    0    0    0    0    0    0    0    0    0    0    0    0     0  0.0000E+00
   0.8254E+01    0    0    0    0    0    0    0    0    0    0    0    0    0    0    0    0    0    0    0    0     0  0.0000E+00
   0.1000E+02    0    0    0    0    0    0    0    0    0    0    0    0    0    0    0    0    0    0    0    0     0  0.0000E+00
   0.1212E+02    0    0    0    0    0    0    0    0    0    0    0    0    0    0    0    0    0    0    0    0     0  0.0000E+00
   0.1468E+02    0    0    0    0    0    0    0    0    0    0    0    0    0    0    0    0    0    0    0    0     0  0.0000E+00
   0.1778E+02    0    0    0    0    0    0    0    0    0    0    0    0    0    0    0    0    0    0    0    0     0  0.0000E+00
   0.2154E+02    0    0    0    0    0    0    0    0    0    0    0    0    0    0    0    0    0    0    0    0     0  0.0000E+00
   0.2610E+02    0    0    0    0    0    0    0    0    0    0    0    0    0    0    0    0    0    0    0    0     0  0.0000E+00
   0.3162E+02    0    0    0    0    0    0    0    0    0    0    0    0    0    0    0    0    0    0    0    0     0  0.0000E+00
   0.3831E+02    0    0    0    0    0    0    0    0    0    0    0    0    0    0    0    0    0    0    0    0     0  0.0000E+00
   0.4642E+02    0    0    0    0    0    0    0    0    0    0    0    0    0    0    0    0    0    0    0    0     0  0.0000E+00
   0.5623E+02    0    0    0    0    0    0    0    0    0    0    0    0    0    0    0    0    0    0    0    0     0  0.0000E+00
   0.6813E+02    0    0    0    0    0    0    0    0    0    0    0    0    0    0    0    0    0    0    0    0     0  0.0000E+00
   0.8254E+02    0    0    0    0    0    0    0    0    0    0    0    0    0    0    0    0    0    0    0    0     0  0.0000E+00
   0.1000E+03    0    0    0    0    0    0    0    0    0    0    0    0    0    0    0    0    0    0    0    0     0  0.0000E+00
   0.1212E+03    0    0    0    0    0    0    0    0    0    0    0    0    0    0    0    0    0    0    0    0     0  0.0000E+00
   0.1468E+03    0    0    0    0    0    0    0    0    0    0    0    0    0    0    0    0    0    0    0    0     0  0.0000E+00
   0.1778E+03    0    0    0    0    0    0    0    0    0    0    0    0    0    0    0    0    0    0    0    0     0  0.0000E+00
   0.2154E+03    0    0    0    0    0    0    0    0    0    0    0    0    0    0    0    0    0    0    0    0     0  0.0000E+00
   0.2610E+03    0    0    0    0    0    0    0    0    0    0    0    0    0    0    0    0    0    0    0    0     0  0.0000E+00
   0.3162E+03    0    0    0    0    0    0    0    0    0    0    0    0    0    0    0    0    0    0    0    0     0  0.0000E+00
   0.3831E+03    0    0    0    0    0    0    0    0    0    0    0    0    0    0    0    0    0    0    0    0     0  0.0000E+00
   0.4642E+03    0    0    0    0    0    0    0    0    0    0    0    0    0    0    0    0    0    0    0    0     0  0.0000E+00
   0.5623E+03    0    0    0    0    0    0    0    0    0    0    0    0    0    0    0    0    0    0    0    0     0  0.0000E+00
   0.6813E+03    0    0    0    0    0    0    0    0    0    0    0    0    0    0    0    0    0    0    0    0     0  0.0000E+00
   0.8254E+03    0    0    0    0    0    0    0    0    0    0    0    0    0    0    0    0    0    0    0    0     0  0.0000E+00
   0.1000E+04    0    0    0    0    0    0    0    0    0    0    0    0    0    0    0    0    0    0    0    0     0  0.0000E+00
   0.1212E+04    0    0    0    0    0    0    0    0    0    0    0    0    0    0    0    0    0    0    0    0     0  0.0000E+00
   0.1468E+04    0    0    0    0    0    0    0    0    0    0    0    0    0    0    0    0    0    0    0    0     0  0.0000E+00
   0.1778E+04    0    0    0    0    0    0    0    0    0    0    0    0    0    0    0    0    0    0    0    0     0  0.0000E+00
   0.2154E+04    0    0    0    0    0    0    0    0    0    0    0    0    0    0    0    0    0    0    0    0     0  0.0000E+00
   0.2610E+04    0    0    0    0    0    0    0    0    0    0    0    0    0    0    0    0    0    0    0    0     0  0.0000E+00
   0.3162E+04    0    0    0    0    0    0    0    0    0    0    0    0    0    0    0    0    0    0    0    0     0  0.0000E+00
   0.3831E+04    0    0    0    0    0    0    0    0    0    0    0    0    0    0    0    0    0    0    0    0     0  0.0000E+00
   0.4642E+04    0    0    0    0    0    0    0    0    0    0    0    0    0    0    0    0    0    0    0    0     0  0.0000E+00
   0.5623E+04    0    0    0    0    0    0    0    0    0    0    0    0    0    0    0    0    0    0    0    0     0  0.0000E+00
   0.6813E+04    0    0    0    0    0    0    0    0    0    0    0    0    0    0    0    0    0    0    0    0     0  0.0000E+00
   0.8254E+04    0    0    0    0    0    0    0    0    0    0    0    0    0    0    0    0    0    0    0    0     0  0.0000E+00
   0.1000E+05    0    0    0    0    0    0    0    0    0    0    0    0    0    0    0    0    0    0    0    0     0  0.0000E+00
   0.1212E+05    0    0    0    0    0    0    0    0    0    0    0    0    0    0    0    0    0    0    0    0     0  0.0000E+00
   0.1468E+05    0    0    0    0    0    0    0    0    0    0    0    0    0    0    0    0    0    0    0    0     0  0.0000E+00
   0.1778E+05    0    0    0    0    0    0    0    0    0    0    0    0    0    0    0    0    0    0    0    0     0  0.0000E+00
   0.2154E+05    0    0    0    0    0    0    0    0    0    0    0    0    0    0    0    0    0    0    0    0     0  0.0000E+00
   0.2610E+05    0    0    0    0    0    0    0    0    0    0    0    0    0    0    0    0    0    0    0    0     0  0.0000E+00
   0.3162E+05    0    0    0    0    0    0    0    0    0    0    0    0    0    0    0    0    0    0    0    0     0  0.0000E+00
   0.3831E+05    0    0    0    0    0    0    0    0    0    0    0    0    0    0    0    0    0    0    0    0     0  0.0000E+00
   0.4642E+05    0    0    0    0    0    0    0    0    0    0    0    0    0    0    0    0    0    0    0    0     0  0.0000E+00
   0.5623E+05    0    0    0    0    0    0    0    0    0    0    0    0    0    0    0    0    0    0    0    0     0  0.0000E+00
   0.6813E+05    0    0    0    0    0    0    0    0    0    0    0    0    0    0    0    0    0    0    0    0     0  0.0000E+00
   0.8254E+05    0    0    0    0    0    0    0    0    0    0    0    0    0    0    0    0    0    0    0    0     0  0.0000E+00
   0.1000E+06    0    0    0    0    0    0    0    0    0    0    0    0    0    0    0    0    0    0    0    0     0  0.0000E+00
   0.0000E+00 973628307485976851588668*********************************************************************************  0.0000E+00
1ENERGY(E/E0 IN %) - POLAR ANGLE IN COS-INTERVALS (0.05)  (BACKWARD SPUTTERED PARTICLES) , 1.LAYER , SPECIES 1

     0    1    2    3    4    5    6    7    8    9   10   11   12   13   14   15   16   17   18   19   20      0
     1 1950 5704 96341339417199210572471428445322293572238950426584618649207524725512358650611876395466300 724735
     2 1444 4114 71871001612732156921865421171241652657829416314103354035581366553742038390383933819138053 498802
     3  699 2106 3561 5128 6529 84961016311714130661455116351172791813118907194501936818947178771716216151 255636
     4  371 1068 1891 2711 3613 4515 5464 6557 7545 8339 92881003710538108741077510263 9786 9296 8277 7390 138598
     5  200  591  976 1398 1958 2575 3083 3797 4358 5054 5582 5909 6059 6159 6240 5716 5392 4904 4231 3550  77732
     6  107  302  541  787 1030 1420 1774 2177 2593 2927 3303 3543 3694 3622 3577 3308 2994 2671 2273 1814  44457
     7   49  129  254  388  606  754 1055 1188 1533 1805 2130 2147 2181 2237 2113 1934 1817 1425 1197  956  25898
     8   24   76  135  224  300  444  559  754  941 1096 1231 1302 1386 1310 1307 1160 1027  857  650  494  15277
     9   13   40   68  108  190  225  345  429  581  687  761  778  849  811  842  705  608  476  391  279   9186
    10    7   11   25   49   84  139  209  290  329  454  465  484  496  504  471  414  393  263  220  141   5448
    11    3    7   18   33   51   79  125  160  189  249  266  266  262  308  313  266  233  182  128   76   3214
    12    1    8    6   16   29   36   64   96  123  143  183  191  170  174  187  178  143   97   51   37   1933
    13    1    1    5    7   11   17   24   53   67   95  109  114  128  118  115   89   71   50   37   15   1127
    14    0    0    2    2    8   11   16   36   42   58   58   73   84   59   59   55   51   41   24    6    685
    15    0    0    1    1    4    6    9   26   17   25   29   38   44   36   34   33   32   25   22   12    394
    16    0    0    0    1    0    5    8   11    4   17   27   13   20   17   21   15    6    6    6    5    182
    17    0    0    0    0    0    1    3    5    7    8   13   12    9   20    8   12    5    4    5    2    114
    18    0    0    0    0    0    1    1    4    0    1    6    6    5    6    5    4    2    5    3    1     50
    19    0    0    0    0    0    0    0    0    1    1    4    5    3    3    5    2    2    4    1    1     32
    20    0    0    0    0    0    1    0    0    0    2    3    0    0    1    2    0    2    0    0    0     11
    21    0    0    0    0    0    0    0    0    0    1    0    3    1    1    0    0    1    0    0    0      7
    22    0    0    0    0    0    0    0    0    0    1    0    1    1    1    0    0    0    0    0    1      5
    23    0    0    0    0    0    0    0    0    0    1    0    0    0    0    1    1    1    0    0    0      4
    24    0    0    0    0    0    0    0    0    0    0    0    0    0    0    0    0    0    0    0    0      0
    25    0    0    0    0    0    0    0    0    0    0    0    0    0    0    0    0    0    0    0    0      0
    26    0    0    0    0    0    0    0    0    0    0    0    0    0    0    0    0    0    0    0    0      0
    27    0    0    0    0    0    0    0    0    0    0    0    0    0    0    0    0    0    0    0    0      0
    28    0    0    0    0    0    0    0    0    0    0    0    0    0    0    0    0    0    0    0    0      0
    29    0    0    0    0    0    0    0    0    0    0    0    0    0    0    0    0    0    0    0    0      0
    30    0    0    0    0    0    0    0    0    0    0    0    0    0    0    0    0    0    0    0    0      0
    31    0    0    0    0    0    0    0    0    0    0    0    0    0    0    0    0    0    0    0    0      0
    32    0    0    0    0    0    0    0    0    0    0    0    0    0    0    0    0    0    0    0    0      0
    33    0    0    0    0    0    0    0    0    0    0    0    0    0    0    0    0    0    0    0    0      0
    34    0    0    0    0    0    0    0    0    0    0    0    0    0    0    0    0    0    0    0    0      0
    35    0    0    0    0    0    0    0    0    0    0    0    0    0    0    0    0    0    0    0    0      0
    36    0    0    0    0    0    0    0    0    0    0    0    0    0    0    0    0    0    0    0    0      0
    37    0    0    0    0    0    0    0    0    0    0    0    0    0    0    0    0    0    0    0    0      0
    38    0    0    0    0    0    0    0    0    0    0    0    0    0    0    0    0    0    0    0    0      0
    39    0    0    0    0    0    0    0    0    0    0    0    0    0    0    0    0    0    0    0    0      0
    40    0    0    0    0    0    0    0    0    0    0    0    0    0    0    0    0    0    0    0    0      0
    41    0    0    0    0    0    0    0    0    0    0    0    0    0    0    0    0    0    0    0    0      0
    42    0    0    0    0    0    0    0    0    0    0    0    0    0    0    0    0    0    0    0    0      0
    43    0    0    0    0    0    0    0    0    0    0    0    0    0    0    0    0    0    0    0    0      0
    44    0    0    0    0    0    0    0    0    0    0    0    0    0    0    0    0    0    0    0    0      0
    45    0    0    0    0    0    0    0    0    0    0    0    0    0    0    0    0    0    0    0    0      0
    46    0    0    0    0    0    0    0    0    0    0    0    0    0    0    0    0    0    0    0    0      0
    47    0    0    0    0    0    0    0    0    0    0    0    0    0    0    0    0    0    0    0    0      0
    48    0    0    0    0    0    0    0    0    0    0    0    0    0    0    0    0    0    0    0    0      0
    49    0    0    0    0    0    0    0    0    0    0    0    0    0    0    0    0    0    0    0    0      0
    50    0    0    0    0    0    0    0    0    0    0    0    0    0    0    0    0    0    0    0    0      0
    51    0    0    0    0    0    0    0    0    0    0    0    0    0    0    0    0    0    0    0    0      0
    52    0    0    0    0    0    0    0    0    0    0    0    0    0    0    0    0    0    0    0    0      0
    53    0    0    0    0    0    0    0    0    0    0    0    0    0    0    0    0    0    0    0    0      0
    54    0    0    0    0    0    0    0    0    0    0    0    0    0    0    0    0    0    0    0    0      0
    55    0    0    0    0    0    0    0    0    0    0    0    0    0    0    0    0    0    0    0    0      0
    56    0    0    0    0    0    0    0    0    0    0    0    0    0    0    0    0    0    0    0    0      0
    57    0    0    0    0    0    0    0    0    0    0    0    0    0    0    0    0    0    0    0    0      0
    58    0    0    0    0    0    0    0    0    0    0    0    0    0    0    0    0    0    0    0    0      0
    59    0    0    0    0    0    0    0    0    0    0    0    0    0    0    0    0    0    0    0    0      0
    60    0    0    0    0    0    0    0    0    0    0    0    0    0    0    0    0    0    0    0    0      0
    61    0    0    0    0    0    0    0    0    0    0    0    0    0    0    0    0    0    0    0    0      0
    62    0    0    0    0    0    0    0    0    0    0    0    0    0    0    0    0    0    0    0    0      0
    63    0    0    0    0    0    0    0    0    0    0    0    0    0    0    0    0    0    0    0    0      0
    64    0    0    0    0    0    0    0    0    0    0    0    0    0    0    0    0    0    0    0    0      0
    65    0    0    0    0    0    0    0    0    0    0    0    0    0    0    0    0    0    0    0    0      0
    66    0    0    0    0    0    0    0    0    0    0    0    0    0    0    0    0    0    0    0    0      0
    67    0    0    0    0    0    0    0    0    0    0    0    0    0    0    0    0    0    0    0    0      0
    68    0    0    0    0    0    0    0    0    0    0    0    0    0    0    0    0    0    0    0    0      0
    69    0    0    0    0    0    0    0    0    0    0    0    0    0    0    0    0    0    0    0    0      0
    70    0    0    0    0    0    0    0    0    0    0    0    0    0    0    0    0    0    0    0    0      0
    71    0    0    0    0    0    0    0    0    0    0    0    0    0    0    0    0    0    0    0    0      0
    72    0    0    0    0    0    0    0    0    0    0    0    0    0    0    0    0    0    0    0    0      0
    73    0    0    0    0    0    0    0    0    0    0    0    0    0    0    0    0    0    0    0    0      0
    74    0    0    0    0    0    0    0    0    0    0    0    0    0    0    0    0    0    0    0    0      0
    75    0    0    0    0    0    0    0    0    0    0    0    0    0    0    0    0    0    0    0    0      0
    76    0    0    0    0    0    0    0    0    0    0    0    0    0    0    0    0    0    0    0    0      0
    77    0    0    0    0    0    0    0    0    0    0    0    0    0    0    0    0    0    0    0    0      0
    78    0    0    0    0    0    0    0    0    0    0    0    0    0    0    0    0    0    0    0    0      0
    79    0    0    0    0    0    0    0    0    0    0    0    0    0    0    0    0    0    0    0    0      0
    80    0    0    0    0    0    0    0    0    0    0    0    0    0    0    0    0    0    0    0    0      0
    81    0    0    0    0    0    0    0    0    0    0    0    0    0    0    0    0    0    0    0    0      0
    82    0    0    0    0    0    0    0    0    0    0    0    0    0    0    0    0    0    0    0    0      0
    83    0    0    0    0    0    0    0    0    0    0    0    0    0    0    0    0    0    0    0    0      0
    84    0    0    0    0    0    0    0    0    0    0    0    0    0    0    0    0    0    0    0    0      0
    85    0    0    0    0    0    0    0    0    0    0    0    0    0    0    0    0    0    0    0    0      0
    86    0    0    0    0    0    0    0    0    0    0    0    0    0    0    0    0    0    0    0    0      0
    87    0    0    0    0    0    0    0    0    0    0    0    0    0    0    0    0    0    0    0    0      0
    88    0    0    0    0    0    0    0    0    0    0    0    0    0    0    0    0    0    0    0    0      0
    89    0    0    0    0    0    0    0    0    0    0    0    0    0    0    0    0    0    0    0    0      0
    90    0    0    0    0    0    0    0    0    0    0    0    0    0    0    0    0    0    0    0    0      0
    91    0    0    0    0    0    0    0    0    0    0    0    0    0    0    0    0    0    0    0    0      0
    92    0    0    0    0    0    0    0    0    0    0    0    0    0    0    0    0    0    0    0    0      0
    93    0    0    0    0    0    0    0    0    0    0    0    0    0    0    0    0    0    0    0    0      0
    94    0    0    0    0    0    0    0    0    0    0    0    0    0    0    0    0    0    0    0    0      0
    95    0    0    0    0    0    0    0    0    0    0    0    0    0    0    0    0    0    0    0    0      0
    96    0    0    0    0    0    0    0    0    0    0    0    0    0    0    0    0    0    0    0    0      0
    97    0    0    0    0    0    0    0    0    0    0    0    0    0    0    0    0    0    0    0    0      0
    98    0    0    0    0    0    0    0    0    0    0    0    0    0    0    0    0    0    0    0    0      0
    99    0    0    0    0    0    0    0    0    0    0    0    0    0    0    0    0    0    0    0    0      0
   100    0    0    0    0    0    0    0    0    0    0    0    0    0    0    0    0    0    0    0    0      0
     0 4869141572430434263443445547466270769138779097815**************************************************1803527
1AZIMUTHAL ANGLE - POLAR ANGLE IN COS-INTERVALS (0.05) (BACKWARD SPUTTERED PARTICLES) , 1.LAYER , SPECIES 1

     0    1    2    3    4    5    6    7    8    9   10   11   12   13   14   15   16   17   18   19   20      0
     3   76  234  427  601  713  935 1098 1295 1523 1603 1873 1950 2052 2142 2223 2235 2325 2389 2293 2264  30251
     6   85  236  395  613  716  944 1115 1319 1422 1726 1779 2031 2071 2121 2244 2338 2290 2321 2194 2291  30251
     9   74  230  453  535  718  940 1071 1239 1427 1631 1785 1878 2071 2197 2303 2244 2321 2310 2315 2144  29886
    12   92  229  430  590  761  934 1077 1300 1461 1624 1709 1880 2105 2137 2263 2214 2390 2325 2291 2174  29986
    15   82  264  413  495  751  951 1105 1265 1376 1716 1873 1893 1996 2181 2228 2306 2269 2352 2243 2269  30028
    18   88  232  382  562  756  914 1125 1243 1527 1632 1756 1984 2030 2111 2271 2279 2190 2286 2279 2192  29839
    21   66  252  422  579  753  915 1145 1323 1471 1655 1775 1947 2099 2215 2232 2259 2354 2194 2340 2318  30314
    24   87  251  413  578  777  964 1115 1219 1475 1585 1802 1944 2080 2254 2262 2258 2342 2219 2259 2295  30179
    27   74  238  454  554  761  934 1073 1299 1376 1635 1781 2070 2008 2099 2183 2271 2306 2294 2253 2280  29943
    30   71  247  379  562  735  922 1086 1232 1473 1635 1797 1891 2039 2215 2259 2256 2275 2284 2262 2264  29884
    33   77  233  416  549  755  905 1093 1277 1484 1676 1777 1934 2013 2129 2247 2268 2292 2390 2285 2177  29977
    36   93  252  384  610  781  922 1091 1271 1450 1679 1846 2002 2129 2150 2221 2228 2328 2326 2259 2229  30251
    39   77  231  411  572  741  973 1108 1227 1438 1630 1852 1929 2069 2129 2305 2334 2227 2256 2335 2355  30199
    42   90  232  441  551  700  880 1098 1307 1393 1598 1767 1951 2023 2209 2158 2277 2290 2321 2258 2275  29819
    45   76  253  411  592  756  927 1131 1272 1447 1590 1677 1969 2097 2195 2236 2221 2345 2397 2202 2275  30069
    48   77  241  388  595  717  889 1117 1310 1497 1647 1785 1985 2065 2174 2168 2238 2303 2282 2367 2293  30138
    51   79  220  425  503  797  899 1094 1296 1484 1590 1755 1908 2059 2122 2264 2335 2287 2257 2246 2219  29839
    54   91  275  418  535  771  909 1120 1309 1504 1569 1795 1897 2104 2150 2274 2296 2315 2270 2341 2248  30191
    57   67  258  414  583  725  902 1077 1277 1499 1694 1797 1883 2033 2165 2224 2290 2336 2280 2251 2273  30028
    60   77  223  417  534  762  942 1116 1297 1470 1659 1815 1965 2033 2182 2357 2364 2294 2325 2260 2194  30286
    63   83  216  429  577  767  903 1104 1213 1420 1650 1716 1834 2074 2172 2313 2251 2287 2274 2265 2267  29815
    66   68  243  372  574  712  966 1097 1299 1432 1675 1786 1868 2079 2172 2267 2306 2359 2308 2308 2269  30160
    69   75  219  387  600  786  930 1119 1278 1525 1614 1783 2040 2116 2109 2219 2279 2355 2245 2287 2210  30176
    72   85  204  420  587  755  918 1105 1345 1486 1645 1859 1928 2059 2211 2176 2230 2373 2333 2383 2239  30341
    75   79  228  423  601  688  850 1052 1313 1474 1625 1780 1996 2085 2122 2274 2245 2288 2349 2243 2236  29951
    78   82  228  376  524  769  905 1164 1349 1467 1572 1785 1936 2087 2145 2246 2267 2286 2292 2218 2250  29948
    81   83  239  410  557  740  879 1139 1286 1438 1582 1831 1882 2035 2197 2189 2238 2293 2219 2263 2191  29691
    84   79  260  422  590  735  896 1057 1214 1481 1632 1854 1905 2017 2171 2281 2256 2317 2340 2292 2190  29989
    87   96  232  369  590  725  919 1121 1272 1450 1663 1862 1970 2095 2134 2235 2349 2226 2247 2335 2258  30148
    90   91  224  436  606  738  960 1058 1301 1471 1635 1814 1968 2034 2146 2305 2313 2264 2266 2287 2292  30209
    93   90  262  407  562  724  914 1094 1254 1492 1626 1758 1887 2046 2222 2253 2295 2329 2306 2217 2303  30041
    96   90  243  426  594  776  945 1092 1279 1470 1561 1895 1943 2042 2205 2259 2177 2326 2272 2262 2255  30112
    99   83  228  385  545  740  932 1111 1283 1452 1635 1815 1903 2055 2208 2328 2229 2334 2402 2322 2251  30241
   102   78  235  385  572  705  948 1086 1317 1504 1607 1716 1984 1997 2073 2259 2253 2367 2288 2273 2377  30024
   105   73  249  432  568  703  896 1085 1311 1495 1564 1832 1903 2089 2137 2307 2279 2318 2309 2285 2290  30125
   108   91  226  412  559  733  898 1093 1259 1464 1595 1781 1974 2080 2202 2265 2254 2372 2267 2300 2366  30191
   111   87  215  366  542  714  961 1136 1273 1414 1665 1840 2033 2099 2218 2253 2381 2221 2268 2282 2206  30174
   114   91  258  425  554  732  918 1128 1258 1446 1598 1876 1955 2040 2228 2249 2276 2349 2251 2252 2226  30110
   117   88  242  396  584  726  909 1075 1305 1433 1587 1771 2000 2073 2189 2266 2237 2177 2308 2410 2289  30065
   120   90  224  390  570  720  933 1168 1330 1470 1627 1809 1923 2146 2115 2244 2258 2329 2348 2237 2209  30140
   123   61  228  383  533  690  901 1136 1285 1459 1660 1850 1929 2106 2138 2227 2200 2396 2324 2196 2277  29979
   126   94  237  385  595  753  907 1091 1305 1434 1619 1811 1897 2139 2105 2246 2260 2359 2301 2328 2256  30122
   129   68  266  390  572  763  902 1158 1265 1475 1635 1781 1972 2075 2218 2225 2240 2244 2282 2308 2249  30088
   132   76  244  374  561  772  931 1110 1293 1448 1660 1795 1919 2007 2173 2247 2212 2281 2266 2382 2249  30000
   135   83  230  409  522  709  932 1108 1285 1535 1670 1809 1907 2158 2185 2230 2280 2374 2229 2263 2274  30192
   138   86  243  400  577  719  936 1184 1271 1504 1643 1863 1931 2007 2152 2192 2291 2291 2289 2308 2239  30126
   141   79  202  398  570  740  982 1137 1263 1458 1628 1796 1948 2034 2159 2249 2213 2352 2351 2162 2309  30030
   144   97  207  407  599  699  987 1082 1275 1434 1579 1822 1939 2044 2137 2249 2383 2324 2332 2281 2240  30117
   147   83  213  409  601  774  931 1105 1261 1480 1598 1814 1976 2145 2184 2140 2275 2303 2275 2324 2226  30117
   150   74  223  414  612  734  946 1081 1273 1466 1616 1746 1935 2053 2105 2211 2296 2294 2202 2215 2176  29672
   153   84  253  402  585  729  894 1120 1205 1483 1591 1804 1930 1966 2198 2292 2277 2346 2259 2300 2251  29969
   156   73  244  401  597  743  908 1093 1286 1550 1631 1761 1948 2007 2137 2204 2200 2300 2306 2240 2303  29932
   159   78  222  381  580  701  930 1147 1266 1472 1598 1848 1975 2012 2184 2128 2251 2341 2314 2324 2258  30010
   162   82  242  438  567  751  922 1130 1336 1438 1663 1880 1870 2073 2153 2282 2234 2293 2204 2291 2250  30099
   165   83  206  398  588  751  936 1095 1270 1432 1623 1860 1885 2060 2197 2241 2288 2270 2311 2228 2233  29955
   168   81  230  392  557  761  909 1033 1301 1450 1601 1775 1905 2087 2211 2267 2282 2373 2319 2344 2209  30087
   171   75  255  397  561  744  945 1049 1274 1430 1650 1785 1916 2064 2196 2250 2247 2214 2411 2291 2269  30023
   174   77  246  370  554  726  939 1088 1311 1516 1673 1776 1944 2028 2068 2208 2219 2352 2231 2272 2203  29801
   177   78  254  397  610  730  909 1065 1283 1440 1696 1803 1874 2093 2241 2161 2322 2271 2246 2214 2358  30045
   180   76  206  398  573  721  946 1119 1289 1405 1649 1837 1946 2105 2162 2293 2212 2326 2341 2298 2252  30154
     0 4869141572430434263443445547466270769138779097815**************************************************1803527
