1
      *** PROGRAM TRVMC95 ***


                              * INPUT DATA *


       Z1        M1          E0       ALPHA       EF        ESB      SHEATH     ERC
     18.00     39.95      3954.00      0.00      0.10      0.00  11862.00      4.70

       NH        RI           X0        RD        CW        CA       KK0   KK0R   KDEE1  KDEE2  IPOT   IPOTR   IRL
     99999 716381.00         0.00    100.00      2.00      1.00       2      2      3      3      1      1      3


             DX      RHO    CK  Z(,1) Z(,2) Z(,3) Z(,4) Z(,5)  M(,1)  M(,2)  M(,3)  M(,4)  M(,5) C(,1) C(,2) C(,3) C(,4) C(,5)

 1.LAYER 10000.00   2.25   1.00    6.    0.    0.    0.    0.  12.01   0.00   0.00   0.00   0.00 1.000 0.000 0.000 0.000 0.000


                           ***  SBE(LAYER,ELEMENT)  ***     ***     ED(LAYER,ELEMENT)     ***     ***   BE(LAYER,ELEMENT)  ***

 1.LAYER                   7.41  0.00  0.00  0.00  0.00     30.00   0.00   0.00   0.00   0.00     0.10  0.00  0.00  0.00  0.00


       INTERACTION POTENTIAL : PROJECTILE-TARGET : KR-C POTENTIAL     TARGET-TARGET : KR-C POTENTIAL    


       INELASTIC LOSS MODEL  : PROJECTILE-TARGET : 50% LS 50% OR      TARGET-TARGET : 50% LS 50% OR     
1

                              * OUTPUT DATA *


                 HLM       HLMT        SU       SUT        XC        RT       SFE      INEL         L        LJ
               0.0000 10000.000    3.5029 10003.503   -3.5029  9900.000      7.41         0         1         1


                NPROJ       KIB       KIT      MAXA      NALL       NPA       NSA       KIS      KIST
                58720         0         0       304  71706636   3144337  40202496    103700         0


            EPS0(I)       Z2(I)       M2(I)     ARHO(I)       LM(I)     PMAX(I)     ASIG(I)       SB(I)       XX(I)        NJ(I)

 1.LAYER   0.7754E-01  0.6000E+01  0.1201E+02  0.1128E+00  0.2070E+01  0.1168E+01  0.2335E+00  0.7410E+01  0.1000E+05         1


             A1(1)   A1(2)   A1(3)   A1(4)   A1(5)   A1(6)   A1(7)   A1(8)   A1(9)  A1(10)  A1(11)  A1(12)  A1(13)  A1(14)  A1(15)

           0.13193


           KOR1(1) KOR1(2) KOR1(3) KOR1(4) KOR1(5) KOR1(6) KOR1(7) KOR1(8) KOR1(9) KOR1(A) KOR1(B) KOR1(C) KOR1(D) KOR1(E) KOR1(F)

           0.73577


            A(I,1)  A(I,2)  A(I,3)  A(I,4)  A(I,5)  A(I,6)  A(I,7)  A(I,8)  A(I,9) A(I,10) A(I,11) A(I,12) A(I,13) A(I,14) A(I,15)

           0.16242


           KOR(,1) KOR(,2) KOR(,3) KOR(,4) KOR(,5) KOR(,6) KOR(,7) KOR(,8) KOR(,9) KOR(,A) KOR(,B) KOR(,C) KOR(,D) KOR(,E) KOR(,F)

           0.46963
1

         IMPLANTED PARTICLES=  99999     ENERGY=0.3954E+09 EV
     BACKSCATTERED PARTICLES=      0     ENERGY=0.0000E+00 EV
       TRANSMITTED PARTICLES=      0     ENERGY=0.0000E+00 EV
     BACKSPUTTERED PARTICLES=  62273     ENERGY=0.2000E+07 EV
    TRANSM. SPUTT. PARTICLES=      0     ENERGY=0.0000E+00 EV


  PROJECTILES :   MEAN NUMBER OF ELASTIC COLLISIONS =     35.9   MEAN NUMBER OF EL.COLL.(E > EDISPL.) =   15.543
                                                                 MEAN NUMBER OF EL.COLL.(E > SB(1))   =   28.574

                       MEAN        VARIANCE      SKEWNESS      KURTOSIS        SIGMA       ERROR 1.M     ERROR 2.M     ERROR 3.M 
  PENETRATION       6.2618E+01    3.8679E+02    4.2847E-01    3.0410E+00    1.9667E+01    6.2193E-02    1.7474E+00    7.4325E-03
       SPREAD       2.0242E+01    1.2602E+02    8.1928E-01    3.7473E+00    1.1226E+01    3.5499E-02    6.6051E-01    9.3796E-03
   PATHLENGTH       7.2294E+01    4.3279E+02    3.7399E-01    2.9691E+00    2.0804E+01    6.5787E-02    1.9205E+00    7.2049E-03
 ELASTIC LOSS       3.6739E+03    9.4844E+03                                9.7388E+01    9.7389E-04
   INEL. LOSS       2.8011E+02    9.4844E+03                                9.7388E+01    9.7389E-04

                       MEAN        VARIANCE      SKEWNESS      KURTOSIS        SIGMA       ERROR 1.M     ERROR 2.M     ERROR 3.M 
   ELAST.LOSS       1.0006E+02    5.4215E+04    5.0243E+00    3.5240E+01    2.3284E+02    1.2295E-01    1.6752E+02    7.5036E-03
 WEAK EL.LOSS       2.3764E+00    5.6352E+00    1.6036E+00    5.2276E+00    2.3739E+00    1.2535E-03    6.1183E-03    1.3919E-03
 INELAST.LOSS       7.8104E+00    2.0759E+01    4.5547E-02    2.1350E+00    4.5562E+00    2.4059E-03    1.1678E-02    8.4127E-04
  SUBTHR.LOSS       1.1858E+01    5.7674E+01    5.9120E-01    2.3514E+00    7.5943E+00    5.3275E-03    4.7034E-02    1.0799E-03

                     1.MOMENT      2.MOMENT      3.MOMENT      4.MOMENT      5.MOMENT      6.MOMENT 
  PENETRATION       6.2618E+01    4.3078E+03    3.2144E+05    2.5745E+07    2.1943E+09    1.9764E+11



  RECOILES (PER PROJ.)   :   MEAN NUMBER OF ELASTIC COLLISIONS =    710.3   MEAN NUMBER OF EL.COLL.(E > EDISPL.) =     37.204
                                                                            MEAN NUMBER OF EL.COLL.(E > SB(1))   =    222.753

  RECOILES (PER KNOCKON) :   MEAN NUMBER OF ELASTIC COLLISIONS =    1.639   MEAN NUMBER OF EL.COLL.(E > EDISPL.) =      0.086
                                                                            MEAN NUMBER OF EL.COLL.(E > SB(1))   =      0.514

1


     DEPTH(A)  PARTICLES  NORM.DEPTH PATHLENGTH   INLOSS(EV)  TELOSS(EV)  ELLOSS(EV)  DAMAGE(EV)  PHONON(EV)  CASCAD(EV)     DPA

    -SU-    0.         0  0.0000E+00
     0.-    2.         0  0.0000E+00         0    1.3110E+06  1.4176E+07  1.4108E+07  1.3576E+07  5.3220E+05  1.1117E+07   37862
     2.-    4.         0  0.0000E+00         0    1.3046E+06  1.4067E+07  1.3996E+07  1.3460E+07  5.3661E+05  1.1035E+07   38362
     4.-    6.         0  0.0000E+00         0    1.2807E+06  1.3717E+07  1.3641E+07  1.3095E+07  5.4625E+05  1.0756E+07   39201
     6.-    8.         1  0.1000E-04         0    1.2555E+06  1.3875E+07  1.3794E+07  1.3243E+07  5.5138E+05  1.0883E+07   40058
     8.-   10.         1  0.1000E-04         0    1.2300E+06  1.3736E+07  1.3650E+07  1.3088E+07  5.6259E+05  1.0772E+07   40980
    10.-   12.         1  0.1000E-04         0    1.2010E+06  1.3862E+07  1.3770E+07  1.3202E+07  5.6721E+05  1.0870E+07   41615
    12.-   14.         8  0.8000E-04         0    1.1728E+06  1.3540E+07  1.3439E+07  1.2862E+07  5.7696E+05  1.0610E+07   42740
    14.-   16.        38  0.3800E-03         0    1.1438E+06  1.3583E+07  1.3472E+07  1.2889E+07  5.8349E+05  1.0646E+07   44013
    16.-   18.        58  0.5800E-03         2    1.1130E+06  1.3431E+07  1.3310E+07  1.2709E+07  6.0106E+05  1.0513E+07   44890
    18.-   20.       128  0.1280E-02        12    1.0784E+06  1.2923E+07  1.2790E+07  1.2173E+07  6.1662E+05  1.0087E+07   45466
    20.-   22.       221  0.2210E-02        26    1.0497E+06  1.3003E+07  1.2855E+07  1.2223E+07  6.3187E+05  1.0136E+07   46638
    22.-   24.       364  0.3640E-02        68    1.0158E+06  1.2864E+07  1.2701E+07  1.2050E+07  6.5189E+05  1.0004E+07   47394
    24.-   26.       525  0.5250E-02       126    9.8053E+05  1.2523E+07  1.2345E+07  1.1686E+07  6.5972E+05  9.7204E+06   48497
    26.-   28.       739  0.7390E-02       174    9.4339E+05  1.2420E+07  1.2227E+07  1.1550E+07  6.7627E+05  9.6155E+06   48865
    28.-   30.      1006  0.1006E-01       282    9.0815E+05  1.2053E+07  1.1845E+07  1.1156E+07  6.8869E+05  9.3011E+06   49547
    30.-   32.      1229  0.1229E-01       485    8.6574E+05  1.1682E+07  1.1458E+07  1.0763E+07  6.9586E+05  8.9851E+06   49617
    32.-   34.      1492  0.1492E-01       673    8.2948E+05  1.1394E+07  1.1154E+07  1.0445E+07  7.0926E+05  8.7315E+06   49948
    34.-   36.      1769  0.1769E-01       797    7.8622E+05  1.0945E+07  1.0692E+07  9.9758E+06  7.1647E+05  8.3510E+06   49257
    36.-   38.      2088  0.2088E-01      1038    7.4827E+05  1.0473E+07  1.0207E+07  9.4817E+06  7.2514E+05  7.9512E+06   49097
    38.-   40.      2381  0.2381E-01      1235    7.0648E+05  1.0149E+07  9.8735E+06  9.1516E+06  7.2192E+05  7.6799E+06   48619
    40.-   42.      2788  0.2788E-01      1445    6.6381E+05  9.6857E+06  9.4014E+06  8.6835E+06  7.1786E+05  7.2944E+06   47572
    42.-   44.      2918  0.2918E-01      1819    6.2345E+05  9.1208E+06  8.8298E+06  8.1134E+06  7.1638E+05  6.8258E+06   46362
    44.-   46.      3318  0.3318E-01      1929    5.8276E+05  8.7178E+06  8.4226E+06  7.7175E+06  7.0509E+05  6.4993E+06   45180
    46.-   48.      3370  0.3370E-01      2095    5.3929E+05  8.1031E+06  7.8093E+06  7.1225E+06  6.8675E+05  6.0058E+06   43184
    48.-   50.      3729  0.3729E-01      2329    5.0034E+05  7.7362E+06  7.4422E+06  6.7686E+06  6.7362E+05  5.7077E+06   41399
    50.-   52.      3838  0.3838E-01      2635    4.5949E+05  7.1564E+06  6.8676E+06  6.2201E+06  6.4753E+05  5.2517E+06   39247
    52.-   54.      3845  0.3845E-01      2779    4.2244E+05  6.6377E+06  6.3521E+06  5.7274E+06  6.2475E+05  4.8428E+06   37378
    54.-   56.      3891  0.3891E-01      3111    3.8772E+05  6.2080E+06  5.9288E+06  5.3278E+06  6.0100E+05  4.5071E+06   35402
    56.-   58.      4007  0.4007E-01      3147    3.4998E+05  5.5926E+06  5.3233E+06  4.7542E+06  5.6917E+05  4.0280E+06   32931
    58.-   60.      3991  0.3991E-01      3355    3.1762E+05  5.1664E+06  4.9069E+06  4.3639E+06  5.4304E+05  3.6981E+06   30576
    60.-   62.      3954  0.3954E-01      3532    2.8732E+05  4.7702E+06  4.5214E+06  4.0111E+06  5.1027E+05  3.4019E+06   28738
    62.-   64.      3965  0.3965E-01      3600    2.5606E+05  4.2692E+06  4.0358E+06  3.5623E+06  4.7348E+05  3.0242E+06   26120
    64.-   66.      3790  0.3790E-01      3330    2.2917E+05  3.8402E+06  3.6216E+06  3.1801E+06  4.4142E+05  2.7018E+06   23856
    66.-   68.      3667  0.3667E-01      3338    2.0249E+05  3.4234E+06  3.2184E+06  2.8098E+06  4.0865E+05  2.3892E+06   21636
    68.-   70.      3483  0.3483E-01      3891    1.7978E+05  3.0750E+06  2.8847E+06  2.5081E+06  3.7656E+05  2.1342E+06   19716
    70.-   72.      3372  0.3372E-01      3888    1.5749E+05  2.7236E+06  2.5476E+06  2.2033E+06  3.4431E+05  1.8758E+06   17567
    72.-   74.      3161  0.3161E-01      3799    1.3867E+05  2.3963E+06  2.2361E+06  1.9218E+06  3.1422E+05  1.6381E+06   15806
    74.-   76.      2933  0.2933E-01      3762    1.2058E+05  2.1017E+06  1.9554E+06  1.6693E+06  2.8606E+05  1.4238E+06   13869
    76.-   78.      2706  0.2706E-01      3643    1.0443E+05  1.8243E+06  1.6933E+06  1.4403E+06  2.5300E+05  1.2297E+06   12333
    78.-   80.      2410  0.2410E-01      3518    9.0282E+04  1.6128E+06  1.4946E+06  1.2681E+06  2.2647E+05  1.0828E+06   10899
    80.-   82.      2292  0.2292E-01      3323    7.7775E+04  1.4115E+06  1.3038E+06  1.1020E+06  2.0184E+05  9.4131E+05    9650
    82.-   84.      2066  0.2066E-01      3115    6.6381E+04  1.2091E+06  1.1142E+06  9.3538E+05  1.7880E+05  7.9940E+05    8275
    84.-   86.      1975  0.1975E-01      2925    5.6136E+04  1.0155E+06  9.3223E+05  7.7638E+05  1.5585E+05  6.6432E+05    7111
    86.-   88.      1776  0.1776E-01      2718    4.8130E+04  8.7625E+05  8.0258E+05  6.6349E+05  1.3908E+05  5.6764E+05    6080
    88.-   90.      1516  0.1516E-01      2531    3.9872E+04  7.4277E+05  6.8063E+05  5.6548E+05  1.1515E+05  4.8374E+05    5190
    90.-   92.      1304  0.1304E-01      2354    3.4160E+04  6.3574E+05  5.7942E+05  4.7723E+05  1.0218E+05  4.0904E+05    4581
    92.-   94.      1133  0.1133E-01      2230    2.8265E+04  5.3877E+05  4.9139E+05  4.0367E+05  8.7726E+04  3.4567E+05    3784
    94.-   96.      1083  0.1083E-01      1941    2.3368E+04  4.4198E+05  4.0096E+05  3.2493E+05  7.6024E+04  2.7870E+05    3139
    96.-   98.       886  0.8860E-02      1739    1.9495E+04  3.8036E+05  3.4500E+05  2.8046E+05  6.4537E+04  2.4035E+05    2683
    98.-  100.       773  0.7730E-02      1579    1.6077E+04  3.0690E+05  2.7660E+05  2.2054E+05  5.6057E+04  1.8930E+05    2220
   100.-  102.       702  0.7020E-02      1345    1.2962E+04  2.5621E+05  2.3064E+05  1.8478E+05  4.5857E+04  1.5865E+05    1850
   102.-  104.       598  0.5980E-02      1188    1.0583E+04  2.0748E+05  1.8601E+05  1.4625E+05  3.9758E+04  1.2558E+05    1472
   104.-  106.       494  0.4940E-02       991    8.3893E+03  1.6357E+05  1.4615E+05  1.1405E+05  3.2098E+04  9.8000E+04    1167
   106.-  108.       435  0.4350E-02       861    6.6209E+03  1.2700E+05  1.1301E+05  8.7789E+04  2.5222E+04  7.5663E+04     973
   108.-  110.       311  0.3110E-02       807    5.3617E+03  1.0739E+05  9.6186E+04  7.5525E+04  2.0660E+04  6.4951E+04     776
   110.-  112.       284  0.2840E-02       663    4.1481E+03  8.3524E+04  7.4395E+04  5.7978E+04  1.6417E+04  4.9888E+04     624
   112.-  114.       233  0.2330E-02       670    3.4093E+03  7.0752E+04  6.3040E+04  4.9057E+04  1.3983E+04  4.2166E+04     516
   114.-  116.       182  0.1820E-02       540    2.7437E+03  5.7312E+04  5.0909E+04  3.9502E+04  1.1407E+04  3.3952E+04     423
   116.-  118.       154  0.1540E-02       468    2.0267E+03  3.9538E+04  3.4502E+04  2.5244E+04  9.2586E+03  2.1816E+04     307
   118.-  120.       116  0.1160E-02       372    1.6300E+03  3.3205E+04  2.9191E+04  2.1932E+04  7.2595E+03  1.8916E+04     251
   120.-  122.       125  0.1250E-02       335    1.2083E+03  2.4300E+04  2.1009E+04  1.5059E+04  5.9498E+03  1.3043E+04     193
   122.-  124.        97  0.9700E-03       262    1.0144E+03  2.2415E+04  1.9831E+04  1.4690E+04  5.1415E+03  1.2584E+04     140
   124.-  126.        64  0.6400E-03       206    7.0266E+02  1.3753E+04  1.1821E+04  8.3117E+03  3.5094E+03  7.2014E+03     110
   126.-  128.        51  0.5100E-03       173    5.6288E+02  1.1486E+04  9.9147E+03  7.2001E+03  2.7147E+03  6.2291E+03      90
   128.-  130.        29  0.2900E-03       169    4.0153E+02  8.0095E+03  6.8437E+03  4.8758E+03  1.9679E+03  4.2330E+03      69
   130.-  132.        31  0.3100E-03       140    2.9703E+02  6.3914E+03  5.4224E+03  3.7912E+03  1.6313E+03  3.2964E+03      53
   132.-  134.        30  0.3000E-03       109    2.3707E+02  5.5407E+03  4.8244E+03  3.6040E+03  1.2205E+03  3.0991E+03      43
   134.-  136.        25  0.2500E-03        96    1.4486E+02  3.1473E+03  2.6824E+03  1.8502E+03  8.3223E+02  1.5961E+03      24
   136.-  138.        12  0.1200E-03        61    1.0066E+02  2.5317E+03  2.2452E+03  1.8316E+03  4.1363E+02  1.5819E+03      20
   138.-  140.        10  0.1000E-03        52    7.6480E+01  1.3358E+03  1.1003E+03  6.2598E+02  4.7436E+02  5.4658E+02      10
   140.-  142.         6  0.6000E-04        36    5.8020E+01  8.7635E+02  7.0974E+02  3.2505E+02  3.8469E+02  2.8480E+02       6
   142.-  144.         5  0.5000E-04        42    4.6087E+01  6.7336E+02  5.5560E+02  2.3073E+02  3.2487E+02  2.0066E+02       3
   144.-  146.         5  0.5000E-04        20    3.4782E+01  9.4669E+02  8.7408E+02  7.7584E+02  9.8241E+01  6.7165E+02       9
   146.-  148.         1  0.1000E-04        23    2.4157E+01  5.9851E+02  5.3674E+02  4.3417E+02  1.0258E+02  3.7262E+02       4
   148.-  150.         3  0.3000E-04        13    2.1117E+01  4.3966E+02  3.6992E+02  2.4801E+02  1.2190E+02  2.1790E+02       5
   150.-  152.         2  0.2000E-04        10    1.3691E+01  3.7449E+02  3.3248E+02  2.4370E+02  8.8784E+01  2.1013E+02       2
   152.-  154.         1  0.1000E-04         7    1.6491E+01  3.7480E+02  3.2886E+02  2.6874E+02  6.0126E+01  2.3488E+02       5
   154.-  156.         0  0.0000E+00         4    5.5755E+00  9.0732E+01  7.0431E+01  0.0000E+00  7.0431E+01  0.0000E+00       0
   156.-  158.         2  0.2000E-04         6    4.7640E+00  1.8822E+02  1.6302E+02  1.4720E+02  1.5825E+01  1.2922E+02       3
   158.-  160.         1  0.1000E-04         4    2.6570E+00  5.0487E+01  2.8758E+01  0.0000E+00  2.8758E+01  0.0000E+00       0
   160.-  162.         1  0.1000E-04         1    3.1837E-01  6.3735E+00  3.2832E+00  0.0000E+00  3.2832E+00  0.0000E+00       0
   162.-  164.         0  0.0000E+00         2    1.4316E-01  4.4760E+00  3.1675E+00  0.0000E+00  3.1675E+00  0.0000E+00       0
   164.-  166.         0  0.0000E+00         1    0.0000E+00  0.0000E+00  0.0000E+00  0.0000E+00  0.0000E+00  0.0000E+00       0
   166.-  168.         0  0.0000E+00         2    0.0000E+00  0.0000E+00  0.0000E+00  0.0000E+00  0.0000E+00  0.0000E+00       0
   168.-  170.         0  0.0000E+00         1    0.0000E+00  0.0000E+00  0.0000E+00  0.0000E+00  0.0000E+00  0.0000E+00       0
   170.-  172.         0  0.0000E+00         1    0.0000E+00  0.0000E+00  0.0000E+00  0.0000E+00  0.0000E+00  0.0000E+00       0
   172.-  174.         0  0.0000E+00         0    0.0000E+00  0.0000E+00  0.0000E+00  0.0000E+00  0.0000E+00  0.0000E+00       0
   174.-  176.         0  0.0000E+00         0    0.0000E+00  0.0000E+00  0.0000E+00  0.0000E+00  0.0000E+00  0.0000E+00       0
   176.-  178.         0  0.0000E+00         0    0.0000E+00  0.0000E+00  0.0000E+00  0.0000E+00  0.0000E+00  0.0000E+00       0
   178.-  180.         0  0.0000E+00         0    0.0000E+00  0.0000E+00  0.0000E+00  0.0000E+00  0.0000E+00  0.0000E+00       0
   180.-  182.         0  0.0000E+00         0    0.0000E+00  0.0000E+00  0.0000E+00  0.0000E+00  0.0000E+00  0.0000E+00       0
   182.-  184.         0  0.0000E+00         0    0.0000E+00  0.0000E+00  0.0000E+00  0.0000E+00  0.0000E+00  0.0000E+00       0
   184.-  186.         0  0.0000E+00         0    0.0000E+00  0.0000E+00  0.0000E+00  0.0000E+00  0.0000E+00  0.0000E+00       0
   186.-  188.         0  0.0000E+00         0    0.0000E+00  0.0000E+00  0.0000E+00  0.0000E+00  0.0000E+00  0.0000E+00       0
   188.-  190.         0  0.0000E+00         0    0.0000E+00  0.0000E+00  0.0000E+00  0.0000E+00  0.0000E+00  0.0000E+00       0
   190.-  192.         0  0.0000E+00         0    0.0000E+00  0.0000E+00  0.0000E+00  0.0000E+00  0.0000E+00  0.0000E+00       0
   192.-  194.         0  0.0000E+00         0    0.0000E+00  0.0000E+00  0.0000E+00  0.0000E+00  0.0000E+00  0.0000E+00       0
   194.-  196.         0  0.0000E+00         0    0.0000E+00  0.0000E+00  0.0000E+00  0.0000E+00  0.0000E+00  0.0000E+00       0
   196.-  198.         0  0.0000E+00         0    0.0000E+00  0.0000E+00  0.0000E+00  0.0000E+00  0.0000E+00  0.0000E+00       0
   198.-  200.         0  0.0000E+00         0    0.0000E+00  0.0000E+00  0.0000E+00  0.0000E+00  0.0000E+00  0.0000E+00       0
   200.-   SUT         0  0.0000E+00

                   99999  1.0000E+00     99999    2.8010E+07  3.6739E+08  3.5886E+08  3.3477E+08  2.4095E+07  2.7899E+08 1554298
1
     RECOILS



     DEPTH(A)     INLOSS(EV)   TELOSS(EV)   ELLOSS(EV)   DAMAGE(EV)   PHONON(EV)     DPA  DPA(1)  DPA(2)

     0.-    2.    3.5065E+05   6.0671E+06   4.8793E+06   1.2935E+06   3.5858E+06   20432   20432       0
     2.-    4.    5.8701E+05   9.1349E+06   7.6303E+06   2.7623E+06   4.8680E+06   37862   37862       0
     4.-    6.    8.0340E+05   1.1956E+07   1.0070E+07   3.9221E+06   6.1482E+06   51032   51032       0
     6.-    8.    9.8421E+05   1.4321E+07   1.2094E+07   4.8138E+06   7.2805E+06   61332   61332       0
     8.-   10.    1.1395E+06   1.6427E+07   1.3893E+07   5.6129E+06   8.2804E+06   70109   70109       0
    10.-   12.    1.2779E+06   1.8169E+07   1.5375E+07   6.2193E+06   9.1558E+06   77697   77697       0
    12.-   14.    1.4003E+06   1.9869E+07   1.6840E+07   6.9108E+06   9.9288E+06   85340   85340       0
    14.-   16.    1.5051E+06   2.1234E+07   1.7991E+07   7.3588E+06   1.0632E+07   90784   90784       0
    16.-   18.    1.5974E+06   2.2545E+07   1.9106E+07   7.8305E+06   1.1276E+07   95978   95978       0
    18.-   20.    1.6836E+06   2.3835E+07   2.0215E+07   8.3424E+06   1.1873E+07  101749  101749       0
    20.-   22.    1.7592E+06   2.4803E+07   2.1020E+07   8.6146E+06   1.2405E+07  106671  106671       0
    22.-   24.    1.8214E+06   2.5788E+07   2.1852E+07   8.9497E+06   1.2902E+07  110034  110034       0
    24.-   26.    1.8685E+06   2.6578E+07   2.2520E+07   9.2259E+06   1.3294E+07  113597  113597       0
    26.-   28.    1.9129E+06   2.7213E+07   2.3047E+07   9.4010E+06   1.3646E+07  116231  116231       0
    28.-   30.    1.9477E+06   2.7813E+07   2.3548E+07   9.5779E+06   1.3970E+07  118393  118393       0
    30.-   32.    1.9674E+06   2.8226E+07   2.3884E+07   9.6823E+06   1.4202E+07  120154  120154       0
    32.-   34.    1.9801E+06   2.8511E+07   2.4123E+07   9.7814E+06   1.4342E+07  121534  121534       0
    34.-   36.    1.9792E+06   2.8594E+07   2.4164E+07   9.6914E+06   1.4472E+07  121837  121837       0
    36.-   38.    1.9695E+06   2.8632E+07   2.4185E+07   9.6603E+06   1.4525E+07  121412  121412       0
    38.-   40.    1.9545E+06   2.8491E+07   2.4047E+07   9.5491E+06   1.4498E+07  120930  120930       0
    40.-   42.    1.9236E+06   2.8245E+07   2.3822E+07   9.4073E+06   1.4415E+07  119425  119425       0
    42.-   44.    1.8849E+06   2.7731E+07   2.3373E+07   9.1693E+06   1.4203E+07  116854  116854       0
    44.-   46.    1.8424E+06   2.7249E+07   2.2961E+07   8.9847E+06   1.3976E+07  114714  114714       0
    46.-   48.    1.7856E+06   2.6480E+07   2.2290E+07   8.6477E+06   1.3642E+07  110925  110925       0
    48.-   50.    1.7275E+06   2.5703E+07   2.1621E+07   8.3552E+06   1.3266E+07  107860  107860       0
    50.-   52.    1.6594E+06   2.4812E+07   2.0855E+07   7.9882E+06   1.2867E+07  103440  103440       0
    52.-   54.    1.5877E+06   2.3849E+07   2.0036E+07   7.6582E+06   1.2378E+07   99504   99504       0
    54.-   56.    1.5149E+06   2.2840E+07   1.9180E+07   7.3101E+06   1.1870E+07   95405   95405       0
    56.-   58.    1.4375E+06   2.1706E+07   1.8214E+07   6.8993E+06   1.1315E+07   90205   90205       0
    58.-   60.    1.3524E+06   2.0530E+07   1.7213E+07   6.4807E+06   1.0732E+07   85456   85456       0
    60.-   62.    1.2741E+06   1.9421E+07   1.6284E+07   6.1151E+06   1.0169E+07   80095   80095       0
    62.-   64.    1.1926E+06   1.8220E+07   1.5273E+07   5.7460E+06   9.5265E+06   75794   75794       0
    64.-   66.    1.1126E+06   1.6983E+07   1.4216E+07   5.2762E+06   8.9397E+06   69895   69895       0
    66.-   68.    1.0368E+06   1.5871E+07   1.3287E+07   4.9243E+06   8.3624E+06   65299   65299       0
    68.-   70.    9.5840E+05   1.4736E+07   1.2337E+07   4.5870E+06   7.7504E+06   60513   60513       0
    70.-   72.    8.8223E+05   1.3561E+07   1.1338E+07   4.1713E+06   7.1666E+06   55497   55497       0
    72.-   74.    8.0923E+05   1.2465E+07   1.0422E+07   3.8398E+06   6.5827E+06   50836   50836       0
    74.-   76.    7.3975E+05   1.1453E+07   9.5824E+06   3.5488E+06   6.0336E+06   46591   46591       0
    76.-   78.    6.7418E+05   1.0407E+07   8.6989E+06   3.1888E+06   5.5101E+06   42821   42821       0
    78.-   80.    6.1093E+05   9.4103E+06   7.8582E+06   2.8567E+06   5.0015E+06   38332   38332       0
    80.-   82.    5.5130E+05   8.5416E+06   7.1392E+06   2.6315E+06   4.5077E+06   34988   34988       0
    82.-   84.    4.9557E+05   7.6827E+06   6.4187E+06   2.3492E+06   4.0695E+06   31412   31412       0
    84.-   86.    4.4478E+05   6.8615E+06   5.7260E+06   2.0742E+06   3.6517E+06   27846   27846       0
    86.-   88.    3.9844E+05   6.1566E+06   5.1425E+06   1.8762E+06   3.2662E+06   25139   25139       0
    88.-   90.    3.5540E+05   5.5092E+06   4.6044E+06   1.6954E+06   2.9090E+06   22488   22488       0
    90.-   92.    3.1635E+05   4.8843E+06   4.0823E+06   1.4902E+06   2.5920E+06   19841   19841       0
    92.-   94.    2.8191E+05   4.3353E+06   3.6229E+06   1.3278E+06   2.2951E+06   17916   17916       0
    94.-   96.    2.4783E+05   3.7926E+06   3.1748E+06   1.1750E+06   1.9997E+06   15790   15790       0
    96.-   98.    2.1478E+05   3.2666E+06   2.7439E+06   1.0437E+06   1.7002E+06   13904   13904       0
    98.-  100.    1.7498E+05   2.6039E+06   2.2079E+06   8.9885E+05   1.3090E+06   11642   11642       0
   100.-  102.    1.0309E+05   1.4086E+06   1.2127E+06   5.4638E+05   6.6634E+05    6710    6710       0
   102.-  104.    3.5458E+03   3.7796E+04   3.0807E+04   9.0566E+03   2.1750E+04     149     149       0
   104.-  106.    0.0000E+00   0.0000E+00   0.0000E+00   0.0000E+00   0.0000E+00       0       0       0
   106.-  108.    0.0000E+00   0.0000E+00   0.0000E+00   0.0000E+00   0.0000E+00       0       0       0
   108.-  110.    0.0000E+00   0.0000E+00   0.0000E+00   0.0000E+00   0.0000E+00       0       0       0
   110.-  112.    0.0000E+00   0.0000E+00   0.0000E+00   0.0000E+00   0.0000E+00       0       0       0
   112.-  114.    0.0000E+00   0.0000E+00   0.0000E+00   0.0000E+00   0.0000E+00       0       0       0
   114.-  116.    0.0000E+00   0.0000E+00   0.0000E+00   0.0000E+00   0.0000E+00       0       0       0
   116.-  118.    0.0000E+00   0.0000E+00   0.0000E+00   0.0000E+00   0.0000E+00       0       0       0
   118.-  120.    0.0000E+00   0.0000E+00   0.0000E+00   0.0000E+00   0.0000E+00       0       0       0
   120.-  122.    0.0000E+00   0.0000E+00   0.0000E+00   0.0000E+00   0.0000E+00       0       0       0
   122.-  124.    0.0000E+00   0.0000E+00   0.0000E+00   0.0000E+00   0.0000E+00       0       0       0
   124.-  126.    0.0000E+00   0.0000E+00   0.0000E+00   0.0000E+00   0.0000E+00       0       0       0
   126.-  128.    0.0000E+00   0.0000E+00   0.0000E+00   0.0000E+00   0.0000E+00       0       0       0
   128.-  130.    0.0000E+00   0.0000E+00   0.0000E+00   0.0000E+00   0.0000E+00       0       0       0
   130.-  132.    0.0000E+00   0.0000E+00   0.0000E+00   0.0000E+00   0.0000E+00       0       0       0
   132.-  134.    0.0000E+00   0.0000E+00   0.0000E+00   0.0000E+00   0.0000E+00       0       0       0
   134.-  136.    0.0000E+00   0.0000E+00   0.0000E+00   0.0000E+00   0.0000E+00       0       0       0
   136.-  138.    0.0000E+00   0.0000E+00   0.0000E+00   0.0000E+00   0.0000E+00       0       0       0
   138.-  140.    0.0000E+00   0.0000E+00   0.0000E+00   0.0000E+00   0.0000E+00       0       0       0
   140.-  142.    0.0000E+00   0.0000E+00   0.0000E+00   0.0000E+00   0.0000E+00       0       0       0
   142.-  144.    0.0000E+00   0.0000E+00   0.0000E+00   0.0000E+00   0.0000E+00       0       0       0
   144.-  146.    0.0000E+00   0.0000E+00   0.0000E+00   0.0000E+00   0.0000E+00       0       0       0
   146.-  148.    0.0000E+00   0.0000E+00   0.0000E+00   0.0000E+00   0.0000E+00       0       0       0
   148.-  150.    0.0000E+00   0.0000E+00   0.0000E+00   0.0000E+00   0.0000E+00       0       0       0
   150.-  152.    0.0000E+00   0.0000E+00   0.0000E+00   0.0000E+00   0.0000E+00       0       0       0
   152.-  154.    0.0000E+00   0.0000E+00   0.0000E+00   0.0000E+00   0.0000E+00       0       0       0
   154.-  156.    0.0000E+00   0.0000E+00   0.0000E+00   0.0000E+00   0.0000E+00       0       0       0
   156.-  158.    0.0000E+00   0.0000E+00   0.0000E+00   0.0000E+00   0.0000E+00       0       0       0
   158.-  160.    0.0000E+00   0.0000E+00   0.0000E+00   0.0000E+00   0.0000E+00       0       0       0
   160.-  162.    0.0000E+00   0.0000E+00   0.0000E+00   0.0000E+00   0.0000E+00       0       0       0
   162.-  164.    0.0000E+00   0.0000E+00   0.0000E+00   0.0000E+00   0.0000E+00       0       0       0
   164.-  166.    0.0000E+00   0.0000E+00   0.0000E+00   0.0000E+00   0.0000E+00       0       0       0
   166.-  168.    0.0000E+00   0.0000E+00   0.0000E+00   0.0000E+00   0.0000E+00       0       0       0
   168.-  170.    0.0000E+00   0.0000E+00   0.0000E+00   0.0000E+00   0.0000E+00       0       0       0
   170.-  172.    0.0000E+00   0.0000E+00   0.0000E+00   0.0000E+00   0.0000E+00       0       0       0
   172.-  174.    0.0000E+00   0.0000E+00   0.0000E+00   0.0000E+00   0.0000E+00       0       0       0
   174.-  176.    0.0000E+00   0.0000E+00   0.0000E+00   0.0000E+00   0.0000E+00       0       0       0
   176.-  178.    0.0000E+00   0.0000E+00   0.0000E+00   0.0000E+00   0.0000E+00       0       0       0
   178.-  180.    0.0000E+00   0.0000E+00   0.0000E+00   0.0000E+00   0.0000E+00       0       0       0
   180.-  182.    0.0000E+00   0.0000E+00   0.0000E+00   0.0000E+00   0.0000E+00       0       0       0
   182.-  184.    0.0000E+00   0.0000E+00   0.0000E+00   0.0000E+00   0.0000E+00       0       0       0
   184.-  186.    0.0000E+00   0.0000E+00   0.0000E+00   0.0000E+00   0.0000E+00       0       0       0
   186.-  188.    0.0000E+00   0.0000E+00   0.0000E+00   0.0000E+00   0.0000E+00       0       0       0
   188.-  190.    0.0000E+00   0.0000E+00   0.0000E+00   0.0000E+00   0.0000E+00       0       0       0
   190.-  192.    0.0000E+00   0.0000E+00   0.0000E+00   0.0000E+00   0.0000E+00       0       0       0
   192.-  194.    0.0000E+00   0.0000E+00   0.0000E+00   0.0000E+00   0.0000E+00       0       0       0
   194.-  196.    0.0000E+00   0.0000E+00   0.0000E+00   0.0000E+00   0.0000E+00       0       0       0
   196.-  198.    0.0000E+00   0.0000E+00   0.0000E+00   0.0000E+00   0.0000E+00       0       0       0
   198.-  200.    0.0000E+00   0.0000E+00   0.0000E+00   0.0000E+00   0.0000E+00       0       0       0

                  6.0084E+07   8.8496E+08   7.4545E+08   2.9147E+08   4.5398E+08 3720394 3720394       0
1     BACKWARD SPUTTERING



        ALL SPUTTERED PARTICLES =   62273   TOTAL SPUTTERED ENERGY = 0.2000E+07 EV


        SPUTTERED PARTICLES (1.LAYER) =   62273   SPUTTERED ENERGY = 0.2000E+07 EV


 1.LAYER
         SPUTTERED PARTICLES(1) =   62273     SPUTTERED ENERGY(1) = 0.2000E+07 EV

         ION IN , PRIMARY KO(1) =   12795   0.2055   0.2055    ENERGY = 0.7397E+06 EV   0.3698   0.3698    MEAN ENERGY = 0.5781E+02
         ION IN , SECOND. KO(1) =   49478   0.7945   0.7945    ENERGY = 0.1261E+07 EV   0.6302   0.6302    MEAN ENERGY = 0.2548E+02
        ION OUT , PRIMARY KO(1) =       0   0.0000   0.0000    ENERGY = 0.0000E+00 EV   0.0000   0.0000    MEAN ENERGY = 0.0000E+00
        ION OUT , SECOND. KO(1) =       0   0.0000   0.0000    ENERGY = 0.0000E+00 EV   0.0000   0.0000    MEAN ENERGY = 0.0000E+00


     SPUTTERING YIELD(1) =  6.227E-01  SPUTTERED ENERGY(1) =  5.059E-03  REL.MEAN ENERGY(1) =  8.124E-03  MEAN ENERGY(1) =  3.212E+01

                       MEAN        VARIANCE      SKEWNESS      KURTOSIS        SIGMA       ERROR 1.M     ERROR 2.M     ERROR 3.M 
    ENERGY(1)       3.2122E+01    2.4090E+03    4.1401E+00    2.9584E+01    4.9082E+01    1.9668E-01    5.1611E+01    9.8593E-02
 LOGENERGY(1)       1.1785E+00    3.0402E-01   -1.0385E-01    2.9192E+00    5.5138E-01    2.2099E-03    1.6880E-03    9.1404E-03

                     1.MOMENT      2.MOMENT      3.MOMENT      4.MOMENT      5.MOMENT      6.MOMENT 
    ENERGY(1)       3.2122E+01    3.4408E+03    7.5480E+05    2.5056E+08    1.0796E+11    5.5570E+13
 LOGENERGY(1)       1.1785E+00    1.6929E+00    2.6942E+00    4.6502E+00    8.5305E+00    1.6445E+01



     POLAR ANGULAR DISTRIBUTION OF ALL BACKWARD SPUTTERED PARTICLES


       0.00  0.00  0.00  0.00  0.00  0.00  0.00  0.00  0.00  0.00  0.00  0.00  0.00  0.00  0.00  0.00  0.00  0.00  0.00  0.00

        111   362   618   887  1180  1517  1840  2253  2563  3022  3492  3752  4113  4446  4646  4941  5263  5327  5756  6184
      0.036 0.116 0.198 0.285 0.379 0.487 0.591 0.724 0.823 0.971 1.122 1.205 1.321 1.428 1.492 1.587 1.690 1.711 1.849 1.986
1 LOG ENERGY - COS OF EMISSION ANGLE (0.05 STEPS)   (BACKWARD SPUTTERED PARTICLES) ; 1. LAYER ; SPECIES 1


   0.0000E+00    1    2    3    4    5    6    7    8    9   10   11   12   13   14   15   16   17   18   19   20     0  0.0000E+00
   0.1000E+00    0    0    0    0    0    0    0    2    1    0    0    1    2    0    3    1    1    2    3    2    18  0.1800E-02
   0.1212E+00    0    0    0    0    0    0    0    0    0    0    0    0    0    0    0    0    0    0    0    0     0  0.0000E+00
   0.1468E+00    0    0    0    0    0    0    0    0    0    0    0    0    0    0    0    0    0    0    0    0     0  0.0000E+00
   0.1778E+00    0    0    0    0    0    0    0    0    0    0    0    0    0    0    0    0    0    0    0    0     0  0.0000E+00
   0.2154E+00    0    0    0    0    0    0    0    0    0    0    0    0    0    0    0    0    0    0    0    0     0  0.0000E+00
   0.2610E+00    0    0    0    0    0    0    0    0    0    0    0    0    0    0    0    0    0    0    0    0     0  0.0000E+00
   0.3162E+00    0    0    0    0    0    0    0    0    0    0    0    0    0    0    0    0    0    0    0    0     0  0.0000E+00
   0.3831E+00    0    0    0    0    0    0    0    0    0    0    0    0    0    0    0    0    0    0    0    0     0  0.0000E+00
   0.4642E+00    0    0    0    0    0    0    0    0    0    0    0    0    0    0    0    0    0    0    0    0     0  0.0000E+00
   0.5623E+00    0    0    0    0    0    0    0    0    0    0    0    0    0    0    0    0    0    0    0    0     0  0.0000E+00
   0.6813E+00    0    0    0    0    0    0    0    0    0    0    0    0    0    0    0    0    0    0    0    0     0  0.0000E+00
   0.8254E+00    0    0    0    0    0    0    0    0    0    0    0    0    0    0    0    0    0    0    0    0     0  0.0000E+00
   0.1000E+01    0    0    0    0    0    0    0    0    0    0    0    0    0    0    0    0    0    0    0    0     0  0.0000E+00
   0.1212E+01    0    0    0    0    0    0    0    0    0    0    0    0    0    0    0    0    0    0    0    0     0  0.0000E+00
   0.1468E+01    0    0    0    0    0    0    0    0    0    0    0    0    0    0    0    0    0    0    0    0     0  0.0000E+00
   0.1778E+01    0    0    0    0    0    0    0    0    0    0    0    0    0    0    0    0    0    0    0    0     0  0.0000E+00
   0.2154E+01    0    0    0    0    0    0    0    0    0    0    0    0    0    0    0    0    0    0    0    0     0  0.0000E+00
   0.2610E+01    0    0    0    0    0    0    0    0    0    0    0    0    0    0    0    0    0    0    0    0     0  0.0000E+00
   0.3162E+01    0    0    0    0    0    0    0    0    0    0    0    0    0    0    0    0    0    0    0    0     0  0.0000E+00
   0.3831E+01    0    0    0    0    0    0    0    0    0    0    0    0    0    0    0    0    0    0    0    0     0  0.0000E+00
   0.4642E+01    0    0    0    0    0    0    0    0    0    0    0    0    0    0    0    0    0    0    0    0     0  0.0000E+00
   0.5623E+01    0    0    0    0    0    0    0    0    0    0    0    0    0    0    0    0    0    0    0    0     0  0.0000E+00
   0.6813E+01    0    0    0    0    0    0    0    0    0    0    0    0    0    0    0    0    0    0    0    0     0  0.0000E+00
   0.8254E+01    0    0    0    0    0    0    0    0    0    0    0    0    0    0    0    0    0    0    0    0     0  0.0000E+00
   0.1000E+02    0    0    0    0    0    0    0    0    0    0    0    0    0    0    0    0    0    0    0    0     0  0.0000E+00
   0.1212E+02    0    0    0    0    0    0    0    0    0    0    0    0    0    0    0    0    0    0    0    0     0  0.0000E+00
   0.1468E+02    0    0    0    0    0    0    0    0    0    0    0    0    0    0    0    0    0    0    0    0     0  0.0000E+00
   0.1778E+02    0    0    0    0    0    0    0    0    0    0    0    0    0    0    0    0    0    0    0    0     0  0.0000E+00
   0.2154E+02    0    0    0    0    0    0    0    0    0    0    0    0    0    0    0    0    0    0    0    0     0  0.0000E+00
   0.2610E+02    0    0    0    0    0    0    0    0    0    0    0    0    0    0    0    0    0    0    0    0     0  0.0000E+00
   0.3162E+02    0    0    0    0    0    0    0    0    0    0    0    0    0    0    0    0    0    0    0    0     0  0.0000E+00
   0.3831E+02    0    0    0    0    0    0    0    0    0    0    0    0    0    0    0    0    0    0    0    0     0  0.0000E+00
   0.4642E+02    0    0    0    0    0    0    0    0    0    0    0    0    0    0    0    0    0    0    0    0     0  0.0000E+00
   0.5623E+02    0    0    0    0    0    0    0    0    0    0    0    0    0    0    0    0    0    0    0    0     0  0.0000E+00
   0.6813E+02    0    0    0    0    0    0    0    0    0    0    0    0    0    0    0    0    0    0    0    0     0  0.0000E+00
   0.8254E+02    0    0    0    0    0    0    0    0    0    0    0    0    0    0    0    0    0    0    0    0     0  0.0000E+00
   0.1000E+03    0    0    0    0    0    0    0    0    0    0    0    0    0    0    0    0    0    0    0    0     0  0.0000E+00
   0.1212E+03    0    0    0    0    0    0    0    0    0    0    0    0    0    0    0    0    0    0    0    0     0  0.0000E+00
   0.1468E+03    0    0    0    0    0    0    0    0    0    0    0    0    0    0    0    0    0    0    0    0     0  0.0000E+00
   0.1778E+03    0    0    0    0    0    0    0    0    0    0    0    0    0    0    0    0    0    0    0    0     0  0.0000E+00
   0.2154E+03    0    0    0    0    0    0    0    0    0    0    0    0    0    0    0    0    0    0    0    0     0  0.0000E+00
   0.2610E+03    0    0    0    0    0    0    0    0    0    0    0    0    0    0    0    0    0    0    0    0     0  0.0000E+00
   0.3162E+03    0    0    0    0    0    0    0    0    0    0    0    0    0    0    0    0    0    0    0    0     0  0.0000E+00
   0.3831E+03    0    0    0    0    0    0    0    0    0    0    0    0    0    0    0    0    0    0    0    0     0  0.0000E+00
   0.4642E+03    0    0    0    0    0    0    0    0    0    0    0    0    0    0    0    0    0    0    0    0     0  0.0000E+00
   0.5623E+03    0    0    0    0    0    0    0    0    0    0    0    0    0    0    0    0    0    0    0    0     0  0.0000E+00
   0.6813E+03    0    0    0    0    0    0    0    0    0    0    0    0    0    0    0    0    0    0    0    0     0  0.0000E+00
   0.8254E+03    0    0    0    0    0    0    0    0    0    0    0    0    0    0    0    0    0    0    0    0     0  0.0000E+00
   0.1000E+04    0    0    0    0    0    0    0    0    0    0    0    0    0    0    0    0    0    0    0    0     0  0.0000E+00
   0.1212E+04    0    0    0    0    0    0    0    0    0    0    0    0    0    0    0    0    0    0    0    0     0  0.0000E+00
   0.1468E+04    0    0    0    0    0    0    0    0    0    0    0    0    0    0    0    0    0    0    0    0     0  0.0000E+00
   0.1778E+04    0    0    0    0    0    0    0    0    0    0    0    0    0    0    0    0    0    0    0    0     0  0.0000E+00
   0.2154E+04    0    0    0    0    0    0    0    0    0    0    0    0    0    0    0    0    0    0    0    0     0  0.0000E+00
   0.2610E+04    0    0    0    0    0    0    0    0    0    0    0    0    0    0    0    0    0    0    0    0     0  0.0000E+00
   0.3162E+04    0    0    0    0    0    0    0    0    0    0    0    0    0    0    0    0    0    0    0    0     0  0.0000E+00
   0.3831E+04    0    0    0    0    0    0    0    0    0    0    0    0    0    0    0    0    0    0    0    0     0  0.0000E+00
   0.4642E+04    0    0    0    0    0    0    0    0    0    0    0    0    0    0    0    0    0    0    0    0     0  0.0000E+00
   0.5623E+04    0    0    0    0    0    0    0    0    0    0    0    0    0    0    0    0    0    0    0    0     0  0.0000E+00
   0.6813E+04    0    0    0    0    0    0    0    0    0    0    0    0    0    0    0    0    0    0    0    0     0  0.0000E+00
   0.8254E+04    0    0    0    0    0    0    0    0    0    0    0    0    0    0    0    0    0    0    0    0     0  0.0000E+00
   0.1000E+05    0    0    0    0    0    0    0    0    0    0    0    0    0    0    0    0    0    0    0    0     0  0.0000E+00
   0.1212E+05    0    0    0    0    0    0    0    0    0    0    0    0    0    0    0    0    0    0    0    0     0  0.0000E+00
   0.1468E+05    0    0    0    0    0    0    0    0    0    0    0    0    0    0    0    0    0    0    0    0     0  0.0000E+00
   0.1778E+05    0    0    0    0    0    0    0    0    0    0    0    0    0    0    0    0    0    0    0    0     0  0.0000E+00
   0.2154E+05    0    0    0    0    0    0    0    0    0    0    0    0    0    0    0    0    0    0    0    0     0  0.0000E+00
   0.2610E+05    0    0    0    0    0    0    0    0    0    0    0    0    0    0    0    0    0    0    0    0     0  0.0000E+00
   0.3162E+05    0    0    0    0    0    0    0    0    0    0    0    0    0    0    0    0    0    0    0    0     0  0.0000E+00
   0.3831E+05    0    0    0    0    0    0    0    0    0    0    0    0    0    0    0    0    0    0    0    0     0  0.0000E+00
   0.4642E+05    0    0    0    0    0    0    0    0    0    0    0    0    0    0    0    0    0    0    0    0     0  0.0000E+00
   0.5623E+05    0    0    0    0    0    0    0    0    0    0    0    0    0    0    0    0    0    0    0    0     0  0.0000E+00
   0.6813E+05    0    0    0    0    0    0    0    0    0    0    0    0    0    0    0    0    0    0    0    0     0  0.0000E+00
   0.8254E+05    0    0    0    0    0    0    0    0    0    0    0    0    0    0    0    0    0    0    0    0     0  0.0000E+00
   0.1000E+06    0    0    0    0    0    0    0    0    0    0    0    0    0    0    0    0    0    0    0    0     0  0.0000E+00
   0.0000E+00  222  724 1236 1774 2360 3034 3680 4504 5125 6044 6984 7503 8224 8892 9289 988110525106521150912366124528  0.0000E+00
1ENERGY(E/E0 IN %) - POLAR ANGLE IN COS-INTERVALS (0.05)  (BACKWARD SPUTTERED PARTICLES) , 1.LAYER , SPECIES 1

     0    1    2    3    4    5    6    7    8    9   10   11   12   13   14   15   16   17   18   19   20      0
     1   97  304  515  709  924 1133 1379 1646 1853 2144 2535 2760 3061 3328 3546 3804 4087 4308 4696 5205  48034
     2   10   38   70  110  141  208  227  291  365  411  476  544  573  620  649  651  681  641  673  662   8041
     3    4   12   15   32   53   83  102  142  139  204  211  209  220  237  226  242  234  192  220  189   2966
     4    0    3   13   13   24   36   49   67   86  100  114   96  102  111  106  120  115   85   86   64   1390
     5    0    3    3   13   19   21   27   37   48   61   61   50   61   59   50   42   58   48   33   34    728
     6    0    2    1    7    7   16   20   21   25   37   41   30   36   45   20   32   36   26   20   11    433
     7    0    0    0    1    5    7   13   13   15   14   22   17   20   15   24   17   20   13   14   10    240
     8    0    0    0    1    3    2    5   12    9   18    9   17   16   13   12   13   13    6    6    4    159
     9    0    0    0    0    0    2    6    8    6    8   10   12   13    7    4    8    6    4    4    2    100
    10    0    0    1    1    1    6    3    7    5    6    4    8    3    2    4    4    4    1    3    1     64
    11    0    0    0    0    2    1    4    2    3    7    3    4    1    3    3    1    5    1    1    0     41
    12    0    0    0    0    0    0    0    1    4    5    2    0    2    3    1    3    2    0    0    0     23
    13    0    0    0    0    0    0    2    0    1    3    1    3    3    1    0    2    1    2    0    1     20
    14    0    0    0    0    1    0    1    1    1    2    1    0    0    1    0    2    0    0    0    0     10
    15    0    0    0    0    0    0    0    2    1    0    2    0    1    1    1    0    1    0    0    1     10
    16    0    0    0    0    0    1    1    0    1    0    0    2    0    0    0    0    0    0    0    0      5
    17    0    0    0    0    0    0    1    1    1    1    0    0    1    0    0    0    0    0    0    0      5
    18    0    0    0    0    0    0    0    0    0    1    0    0    0    0    0    0    0    0    0    0      1
    19    0    0    0    0    0    1    0    1    0    0    0    0    0    0    0    0    0    0    0    0      2
    20    0    0    0    0    0    0    0    0    0    0    0    0    0    0    0    0    0    0    0    0      0
    21    0    0    0    0    0    0    0    0    0    0    0    0    0    0    0    0    0    0    0    0      0
    22    0    0    0    0    0    0    0    0    0    0    0    0    0    0    0    0    0    0    0    0      0
    23    0    0    0    0    0    0    0    1    0    0    0    0    0    0    0    0    0    0    0    0      1
    24    0    0    0    0    0    0    0    0    0    0    0    0    0    0    0    0    0    0    0    0      0
    25    0    0    0    0    0    0    0    0    0    0    0    0    0    0    0    0    0    0    0    0      0
    26    0    0    0    0    0    0    0    0    0    0    0    0    0    0    0    0    0    0    0    0      0
    27    0    0    0    0    0    0    0    0    0    0    0    0    0    0    0    0    0    0    0    0      0
    28    0    0    0    0    0    0    0    0    0    0    0    0    0    0    0    0    0    0    0    0      0
    29    0    0    0    0    0    0    0    0    0    0    0    0    0    0    0    0    0    0    0    0      0
    30    0    0    0    0    0    0    0    0    0    0    0    0    0    0    0    0    0    0    0    0      0
    31    0    0    0    0    0    0    0    0    0    0    0    0    0    0    0    0    0    0    0    0      0
    32    0    0    0    0    0    0    0    0    0    0    0    0    0    0    0    0    0    0    0    0      0
    33    0    0    0    0    0    0    0    0    0    0    0    0    0    0    0    0    0    0    0    0      0
    34    0    0    0    0    0    0    0    0    0    0    0    0    0    0    0    0    0    0    0    0      0
    35    0    0    0    0    0    0    0    0    0    0    0    0    0    0    0    0    0    0    0    0      0
    36    0    0    0    0    0    0    0    0    0    0    0    0    0    0    0    0    0    0    0    0      0
    37    0    0    0    0    0    0    0    0    0    0    0    0    0    0    0    0    0    0    0    0      0
    38    0    0    0    0    0    0    0    0    0    0    0    0    0    0    0    0    0    0    0    0      0
    39    0    0    0    0    0    0    0    0    0    0    0    0    0    0    0    0    0    0    0    0      0
    40    0    0    0    0    0    0    0    0    0    0    0    0    0    0    0    0    0    0    0    0      0
    41    0    0    0    0    0    0    0    0    0    0    0    0    0    0    0    0    0    0    0    0      0
    42    0    0    0    0    0    0    0    0    0    0    0    0    0    0    0    0    0    0    0    0      0
    43    0    0    0    0    0    0    0    0    0    0    0    0    0    0    0    0    0    0    0    0      0
    44    0    0    0    0    0    0    0    0    0    0    0    0    0    0    0    0    0    0    0    0      0
    45    0    0    0    0    0    0    0    0    0    0    0    0    0    0    0    0    0    0    0    0      0
    46    0    0    0    0    0    0    0    0    0    0    0    0    0    0    0    0    0    0    0    0      0
    47    0    0    0    0    0    0    0    0    0    0    0    0    0    0    0    0    0    0    0    0      0
    48    0    0    0    0    0    0    0    0    0    0    0    0    0    0    0    0    0    0    0    0      0
    49    0    0    0    0    0    0    0    0    0    0    0    0    0    0    0    0    0    0    0    0      0
    50    0    0    0    0    0    0    0    0    0    0    0    0    0    0    0    0    0    0    0    0      0
    51    0    0    0    0    0    0    0    0    0    0    0    0    0    0    0    0    0    0    0    0      0
    52    0    0    0    0    0    0    0    0    0    0    0    0    0    0    0    0    0    0    0    0      0
    53    0    0    0    0    0    0    0    0    0    0    0    0    0    0    0    0    0    0    0    0      0
    54    0    0    0    0    0    0    0    0    0    0    0    0    0    0    0    0    0    0    0    0      0
    55    0    0    0    0    0    0    0    0    0    0    0    0    0    0    0    0    0    0    0    0      0
    56    0    0    0    0    0    0    0    0    0    0    0    0    0    0    0    0    0    0    0    0      0
    57    0    0    0    0    0    0    0    0    0    0    0    0    0    0    0    0    0    0    0    0      0
    58    0    0    0    0    0    0    0    0    0    0    0    0    0    0    0    0    0    0    0    0      0
    59    0    0    0    0    0    0    0    0    0    0    0    0    0    0    0    0    0    0    0    0      0
    60    0    0    0    0    0    0    0    0    0    0    0    0    0    0    0    0    0    0    0    0      0
    61    0    0    0    0    0    0    0    0    0    0    0    0    0    0    0    0    0    0    0    0      0
    62    0    0    0    0    0    0    0    0    0    0    0    0    0    0    0    0    0    0    0    0      0
    63    0    0    0    0    0    0    0    0    0    0    0    0    0    0    0    0    0    0    0    0      0
    64    0    0    0    0    0    0    0    0    0    0    0    0    0    0    0    0    0    0    0    0      0
    65    0    0    0    0    0    0    0    0    0    0    0    0    0    0    0    0    0    0    0    0      0
    66    0    0    0    0    0    0    0    0    0    0    0    0    0    0    0    0    0    0    0    0      0
    67    0    0    0    0    0    0    0    0    0    0    0    0    0    0    0    0    0    0    0    0      0
    68    0    0    0    0    0    0    0    0    0    0    0    0    0    0    0    0    0    0    0    0      0
    69    0    0    0    0    0    0    0    0    0    0    0    0    0    0    0    0    0    0    0    0      0
    70    0    0    0    0    0    0    0    0    0    0    0    0    0    0    0    0    0    0    0    0      0
    71    0    0    0    0    0    0    0    0    0    0    0    0    0    0    0    0    0    0    0    0      0
    72    0    0    0    0    0    0    0    0    0    0    0    0    0    0    0    0    0    0    0    0      0
    73    0    0    0    0    0    0    0    0    0    0    0    0    0    0    0    0    0    0    0    0      0
    74    0    0    0    0    0    0    0    0    0    0    0    0    0    0    0    0    0    0    0    0      0
    75    0    0    0    0    0    0    0    0    0    0    0    0    0    0    0    0    0    0    0    0      0
    76    0    0    0    0    0    0    0    0    0    0    0    0    0    0    0    0    0    0    0    0      0
    77    0    0    0    0    0    0    0    0    0    0    0    0    0    0    0    0    0    0    0    0      0
    78    0    0    0    0    0    0    0    0    0    0    0    0    0    0    0    0    0    0    0    0      0
    79    0    0    0    0    0    0    0    0    0    0    0    0    0    0    0    0    0    0    0    0      0
    80    0    0    0    0    0    0    0    0    0    0    0    0    0    0    0    0    0    0    0    0      0
    81    0    0    0    0    0    0    0    0    0    0    0    0    0    0    0    0    0    0    0    0      0
    82    0    0    0    0    0    0    0    0    0    0    0    0    0    0    0    0    0    0    0    0      0
    83    0    0    0    0    0    0    0    0    0    0    0    0    0    0    0    0    0    0    0    0      0
    84    0    0    0    0    0    0    0    0    0    0    0    0    0    0    0    0    0    0    0    0      0
    85    0    0    0    0    0    0    0    0    0    0    0    0    0    0    0    0    0    0    0    0      0
    86    0    0    0    0    0    0    0    0    0    0    0    0    0    0    0    0    0    0    0    0      0
    87    0    0    0    0    0    0    0    0    0    0    0    0    0    0    0    0    0    0    0    0      0
    88    0    0    0    0    0    0    0    0    0    0    0    0    0    0    0    0    0    0    0    0      0
    89    0    0    0    0    0    0    0    0    0    0    0    0    0    0    0    0    0    0    0    0      0
    90    0    0    0    0    0    0    0    0    0    0    0    0    0    0    0    0    0    0    0    0      0
    91    0    0    0    0    0    0    0    0    0    0    0    0    0    0    0    0    0    0    0    0      0
    92    0    0    0    0    0    0    0    0    0    0    0    0    0    0    0    0    0    0    0    0      0
    93    0    0    0    0    0    0    0    0    0    0    0    0    0    0    0    0    0    0    0    0      0
    94    0    0    0    0    0    0    0    0    0    0    0    0    0    0    0    0    0    0    0    0      0
    95    0    0    0    0    0    0    0    0    0    0    0    0    0    0    0    0    0    0    0    0      0
    96    0    0    0    0    0    0    0    0    0    0    0    0    0    0    0    0    0    0    0    0      0
    97    0    0    0    0    0    0    0    0    0    0    0    0    0    0    0    0    0    0    0    0      0
    98    0    0    0    0    0    0    0    0    0    0    0    0    0    0    0    0    0    0    0    0      0
    99    0    0    0    0    0    0    0    0    0    0    0    0    0    0    0    0    0    0    0    0      0
   100    0    0    0    0    0    0    0    0    0    0    0    0    0    0    0    0    0    0    0    0      0
     0  111  362  618  887 1180 1517 1840 2253 2563 3022 3492 3752 4113 4446 4646 4941 5263 5327 5756 6184  62273
1AZIMUTHAL ANGLE - POLAR ANGLE IN COS-INTERVALS (0.05) (BACKWARD SPUTTERED PARTICLES) , 1.LAYER , SPECIES 1

     0    1    2    3    4    5    6    7    8    9   10   11   12   13   14   15   16   17   18   19   20      0
     3    2    4   12   19   15   26   28   28   39   67   74   57   65   88   67   71  101   87  103  113   1066
     6    1    8   13   16   27   26   36   39   34   46   53   73   67   68   75   89   92   83   95  116   1057
     9    3    5    5    7   13   33   37   31   42   46   59   56   59   81   70   75   89   89   89  104    993
    12    1    7    6    9   30   19   39   28   39   54   57   69   57   76   55   93   85   73   98  104    999
    15    0    6   17   13   31   22   27   40   41   38   63   59   90   62   78   88   84   87   85   93   1024
    18    1    7    8   19   18   22   33   38   44   42   51   65   62   84   89   70   86   91  102   91   1023
    21    3    3    5   14   19   29   26   38   49   54   39   65   67   74   68   85   90   83   97  107   1015
    24    1    6   10   13   21   26   29   34   45   51   57   77   63   71   65   80   85   95   88  102   1019
    27    3    9    9   22   15   19   26   34   41   38   67   59   62   88   91   85   79   88   82  132   1049
    30    1    8   13   16   16   23   33   38   53   47   67   59   77   70   95   67   73  112   95   96   1059
    33    4    9   12   17   19   31   26   38   50   42   56   59   80   89   82   87   95  100  102  120   1118
    36    2    7   17   21   19   23   31   45   37   46   62   74   78   91   84   78   97   72   92  105   1081
    39    1    8   15   15   17   28   28   49   36   48   66   72   68   87   83   73   94   93  110  104   1095
    42    1    3   10   20   21   30   32   29   41   33   57   63   63   88   67   77   87   80  109   93   1004
    45    2    8   12   17   16   26   24   33   37   50   56   54   54   84   81   88   85   97   84  124   1032
    48    3    5   11   12   14   20   28   51   41   56   78   58   64   61  101   80   87   96   90  110   1066
    51    5    3   18   10   25   22   25   33   36   50   63   52   80   72   79   94   82   87   98  126   1060
    54    1    4    6   18   14   24   22   41   39   55   68   59   68   70   80   77   91  104  114   86   1041
    57    3    6   11   12   17   21   24   45   43   63   54   64   78   56   70   86  112   71   97  122   1055
    60    1    3    7   10   22   22   23   29   35   47   64   83   70   78   79   90   94   80   93   97   1027
    63    0    8   10   10   24   24   37   32   48   56   53   57   48   72   77   79   95   93   95   97   1015
    66    5    8    9   17   25   27   33   44   43   57   64   39   68   56   77   60   87   74   87  109    989
    69    2    4    6   18   19   30   32   39   53   54   56   62   61   84   83   84   85   95  110  109   1086
    72    1    6   10   23   22   30   25   42   34   40   52   83   78   67   76   79   78   89   86   98   1019
    75    2    7   13   16   23   20   33   39   50   46   50   58   72   78   74   95   85  103   95  111   1070
    78    2    3    7   15   23   29   31   36   35   54   58   50   57   60   70   86   86  108   99   95   1004
    81    2    4    8   12   16   18   37   30   46   56   69   57   68   73   77   82   71   91  118  104   1039
    84    1   12   11   14   24   25   30   51   45   47   70   51   52   61   60   86   89   92   88  101   1010
    87    3    3   17    9   23   24   23   33   51   52   62   70   69   74   81   77   89   85   93  107   1045
    90    3   10    9   11   15   21   29   35   50   43   69   64   79   68   81   87   99   83  103  108   1067
    93    1    6    8   15   22   30   33   36   46   45   54   65   73   67   90   87   68   93  101  103   1043
    96    2    4   16   21   24   20   39   34   40   50   56   60   72   76   72   95   97   70   93   96   1037
    99    2    6    9   15   20   25   33   35   36   44   57   68   68   78   85   86  109   75   91   98   1040
   102    1    4   12   13   25   24   23   38   36   52   60   59   75   70   84   87  101  105  108  100   1077
   105    2    8    5   22   13   33   29   40   51   51   60   70   64   65   68   74   94   88   74  112   1023
   108    3    5   11   15   17   24   31   45   45   45   63   55   64   67   89   96   77   90   98  107   1047
   111    0    7   10   10   21   31   35   39   33   61   58   56   69   93   76   97   72   90   92  125   1075
   114    2    6   12   11   19   32   35   33   47   66   60   53   59   71   75   70  102   88   92   97   1030
   117    3    4   10   15   17   22   28   41   45   58   41   71   72   84   84   89  101   73   78   93   1029
   120    2    4   13   10   16   36   40   28   29   41   48   67   69   76   73   91   87   85   96   98   1009
   123    0    2    7   15   12   23   40   41   45   71   48   76   78   71   69   72   77  106   94  117   1064
   126    0    5    7    9   17   27   25   42   33   55   46   75   61   70   82   87   63   99   90   99    992
   129    1   12    7   25   18   18   29   43   40   50   49   62   73   64   64   87   94   93  116  111   1056
   132    1    4   12   10   23   34   36   36   36   52   60   55   59   80   82   95   85   74   95  108   1037
   135    1    2    9   15   16   28   26   36   46   60   71   60   89   91   85   80   88   96   77  108   1084
   138    1    4    6   17   19   25   31   41   34   42   61   69   76   60   56   66   88   87  116   79    978
   141    5   11   15   10   18   24   30   38   42   40   56   65   69   82   70   76   92   87   88   77    995
   144    3    9    6   19   20   28   34   41   43   41   61   54   71   81   98   90   86  101   96   98   1080
   147    4    3    8   15   17   18   23   43   44   55   54   70   69   69   85   83   83   77   90   97   1007
   150    3    8   14   11   14   28   35   38   49   43   55   57   64   63   76   94   89   98  103  106   1048
   153    1    9   10   12   20   25   31   31   59   45   52   70   70   71   72   80   78   87  103   91   1017
   156    1    8   13    8   18   23   38   30   53   54   47   62   74   83   72   91  100  100   91  112   1078
   159    2   10   10   25   22   21   22   27   56   53   63   59   65   75   82   82   84   97   97   96   1048
   162    0    4    9   13   23   25   28   47   39   43   57   55   72   49   84   82   91   86   85  104    996
   165    0    3   10   15   22   24   33   35   43   56   59   67   73   88   80   65   86   93  101   79   1032
   168    2    5    8   15   26   18   39   49   48   64   74   70   81   77   82   82   78   74  106  105   1103
   171    4    3   15   11   16   34   26   47   44   53   39   53   65   60   73   72   83   87  109   96    990
   174    1    8    9   18   26   28   41   29   47   48   54   53   68   81   73   79   90   90   99   92   1034
   177    2    6   12   17   17   25   32   41   35   44   58   59   69   74   73   77   79   81   84   95    980
   180    1    8    8   15   19   24   28   27   42   62   57   69   58   79   77   81   89   76   96  101   1017
     0  111  362  618  887 1180 1517 1840 2253 2563 3022 3492 3752 4113 4446 4646 4941 5263 5327 5756 6184  62273
