1
      *** PROGRAM TRVMC95 ***


                              * INPUT DATA *


       Z1        M1          E0       ALPHA       EF        ESB      SHEATH     ERC
     18.00     39.95      3056.00      0.00      0.10      0.00   9168.00      4.70

       NH        RI           X0        RD        CW        CA       KK0   KK0R   KDEE1  KDEE2  IPOT   IPOTR   IRL
     99999 716381.00         0.00    100.00      2.00      1.00       2      2      3      3      1      1      3


             DX      RHO    CK  Z(,1) Z(,2) Z(,3) Z(,4) Z(,5)  M(,1)  M(,2)  M(,3)  M(,4)  M(,5) C(,1) C(,2) C(,3) C(,4) C(,5)

 1.LAYER 10000.00   2.25   1.00    6.    0.    0.    0.    0.  12.01   0.00   0.00   0.00   0.00 1.000 0.000 0.000 0.000 0.000


                           ***  SBE(LAYER,ELEMENT)  ***     ***     ED(LAYER,ELEMENT)     ***     ***   BE(LAYER,ELEMENT)  ***

 1.LAYER                   7.41  0.00  0.00  0.00  0.00     30.00   0.00   0.00   0.00   0.00     0.10  0.00  0.00  0.00  0.00


       INTERACTION POTENTIAL : PROJECTILE-TARGET : KR-C POTENTIAL     TARGET-TARGET : KR-C POTENTIAL    


       INELASTIC LOSS MODEL  : PROJECTILE-TARGET : 50% LS 50% OR      TARGET-TARGET : 50% LS 50% OR     
1

                              * OUTPUT DATA *


                 HLM       HLMT        SU       SUT        XC        RT       SFE      INEL         L        LJ
               0.0000 10000.000    3.5029 10003.503   -3.5029  9900.000      7.41         0         1         1


                NPROJ       KIB       KIT      MAXA      NALL       NPA       NSA       KIS      KIST
                50062         0         0       308  56871126   2751051  31870100    100179         0


            EPS0(I)       Z2(I)       M2(I)     ARHO(I)       LM(I)     PMAX(I)     ASIG(I)       SB(I)       XX(I)        NJ(I)

 1.LAYER   0.5993E-01  0.6000E+01  0.1201E+02  0.1128E+00  0.2070E+01  0.1168E+01  0.2335E+00  0.7410E+01  0.1000E+05         1


             A1(1)   A1(2)   A1(3)   A1(4)   A1(5)   A1(6)   A1(7)   A1(8)   A1(9)  A1(10)  A1(11)  A1(12)  A1(13)  A1(14)  A1(15)

           0.13193


           KOR1(1) KOR1(2) KOR1(3) KOR1(4) KOR1(5) KOR1(6) KOR1(7) KOR1(8) KOR1(9) KOR1(A) KOR1(B) KOR1(C) KOR1(D) KOR1(E) KOR1(F)

           0.73577


            A(I,1)  A(I,2)  A(I,3)  A(I,4)  A(I,5)  A(I,6)  A(I,7)  A(I,8)  A(I,9) A(I,10) A(I,11) A(I,12) A(I,13) A(I,14) A(I,15)

           0.16242


           KOR(,1) KOR(,2) KOR(,3) KOR(,4) KOR(,5) KOR(,6) KOR(,7) KOR(,8) KOR(,9) KOR(,A) KOR(,B) KOR(,C) KOR(,D) KOR(,E) KOR(,F)

           0.46963
1

         IMPLANTED PARTICLES=  99999     ENERGY=0.3056E+09 EV
     BACKSCATTERED PARTICLES=      0     ENERGY=0.0000E+00 EV
       TRANSMITTED PARTICLES=      0     ENERGY=0.0000E+00 EV
     BACKSPUTTERED PARTICLES=  56061     ENERGY=0.1555E+07 EV
    TRANSM. SPUTT. PARTICLES=      0     ENERGY=0.0000E+00 EV


  PROJECTILES :   MEAN NUMBER OF ELASTIC COLLISIONS =     30.3   MEAN NUMBER OF EL.COLL.(E > EDISPL.) =   13.398
                                                                 MEAN NUMBER OF EL.COLL.(E > SB(1))   =   24.988

                       MEAN        VARIANCE      SKEWNESS      KURTOSIS        SIGMA       ERROR 1.M     ERROR 2.M     ERROR 3.M 
  PENETRATION       5.2519E+01    2.6627E+02    4.3459E-01    3.0744E+00    1.6318E+01    5.1601E-02    1.2127E+00    7.8536E-03
       SPREAD       1.7144E+01    8.9857E+01    7.8234E-01    3.6098E+00    9.4793E+00    2.9976E-02    4.5905E-01    8.8261E-03
   PATHLENGTH       6.0836E+01    2.9884E+02    3.7516E-01    2.9895E+00    1.7287E+01    5.4666E-02    1.3329E+00    7.5175E-03
 ELASTIC LOSS       2.8536E+03    4.8545E+03                                6.9674E+01    6.9675E-04
   INEL. LOSS       2.0239E+02    4.8545E+03                                6.9674E+01    6.9675E-04

                       MEAN        VARIANCE      SKEWNESS      KURTOSIS        SIGMA       ERROR 1.M     ERROR 2.M     ERROR 3.M 
   ELAST.LOSS       9.1409E+01    3.8339E+04    4.6181E+00    3.0038E+01    1.9580E+02    1.1244E-01    1.1864E+02    6.9380E-03
 WEAK EL.LOSS       2.6924E+00    5.9982E+00    1.4144E+00    4.5742E+00    2.4491E+00    1.4064E-03    6.5120E-03    1.3680E-03
 INELAST.LOSS       6.6740E+00    1.5595E+01    3.2792E-02    2.0385E+00    3.9491E+00    2.2678E-03    9.1266E-03    8.9309E-04
  SUBTHR.LOSS       1.2460E+01    5.6812E+01    5.0898E-01    2.2982E+00    7.5374E+00    5.7933E-03    4.9752E-02    1.1536E-03

                     1.MOMENT      2.MOMENT      3.MOMENT      4.MOMENT      5.MOMENT      6.MOMENT 
  PENETRATION       5.2519E+01    3.0246E+03    1.8871E+05    1.2629E+07    8.9948E+08    6.7734E+10



  RECOILES (PER PROJ.)   :   MEAN NUMBER OF ELASTIC COLLISIONS =    562.3   MEAN NUMBER OF EL.COLL.(E > EDISPL.) =     28.462
                                                                            MEAN NUMBER OF EL.COLL.(E > SB(1))   =    175.614

  RECOILES (PER KNOCKON) :   MEAN NUMBER OF ELASTIC COLLISIONS =    1.624   MEAN NUMBER OF EL.COLL.(E > EDISPL.) =      0.082
                                                                            MEAN NUMBER OF EL.COLL.(E > SB(1))   =      0.507

1


     DEPTH(A)  PARTICLES  NORM.DEPTH PATHLENGTH   INLOSS(EV)  TELOSS(EV)  ELLOSS(EV)  DAMAGE(EV)  PHONON(EV)  CASCAD(EV)     DPA

    -SU-    0.         0  0.0000E+00
     0.-    2.         0  0.0000E+00         0    1.1322E+06  1.3281E+07  1.3195E+07  1.2640E+07  5.5561E+05  1.0423E+07   40538
     2.-    4.         0  0.0000E+00         0    1.1286E+06  1.3298E+07  1.3207E+07  1.2645E+07  5.6180E+05  1.0438E+07   41377
     4.-    6.         0  0.0000E+00         0    1.1028E+06  1.3198E+07  1.3100E+07  1.2524E+07  5.7531E+05  1.0351E+07   42246
     6.-    8.         2  0.2000E-04         0    1.0756E+06  1.2959E+07  1.2852E+07  1.2266E+07  5.8627E+05  1.0157E+07   43271
     8.-   10.         1  0.1000E-04         0    1.0448E+06  1.2953E+07  1.2838E+07  1.2243E+07  5.9495E+05  1.0149E+07   44379
    10.-   12.        15  0.1500E-03         0    1.0140E+06  1.2805E+07  1.2678E+07  1.2076E+07  6.0132E+05  1.0027E+07   45613
    12.-   14.        37  0.3700E-03         1    9.8411E+05  1.2541E+07  1.2400E+07  1.1779E+07  6.2128E+05  9.7947E+06   46563
    14.-   16.        85  0.8500E-03         6    9.5016E+05  1.2439E+07  1.2284E+07  1.1660E+07  6.2421E+05  9.7114E+06   48157
    16.-   18.       197  0.1970E-02        17    9.1849E+05  1.2271E+07  1.2098E+07  1.1454E+07  6.4380E+05  9.5560E+06   49500
    18.-   20.       333  0.3330E-02        44    8.8305E+05  1.1977E+07  1.1784E+07  1.1115E+07  6.6837E+05  9.2867E+06   50016
    20.-   22.       600  0.6000E-02       113    8.4718E+05  1.1719E+07  1.1505E+07  1.0816E+07  6.8885E+05  9.0502E+06   50925
    22.-   24.       915  0.9150E-02       225    8.0680E+05  1.1468E+07  1.1235E+07  1.0531E+07  7.0420E+05  8.8218E+06   51427
    24.-   26.      1172  0.1172E-01       375    7.6755E+05  1.0967E+07  1.0713E+07  9.9910E+06  7.2236E+05  8.3878E+06   51763
    26.-   28.      1710  0.1710E-01       593    7.2887E+05  1.0585E+07  1.0310E+07  9.5704E+06  7.3953E+05  8.0464E+06   51875
    28.-   30.      1966  0.1966E-01       854    6.8533E+05  1.0216E+07  9.9234E+06  9.1764E+06  7.4699E+05  7.7227E+06   51461
    30.-   32.      2570  0.2570E-01      1182    6.4343E+05  9.7660E+06  9.4583E+06  8.7066E+06  7.5175E+05  7.3389E+06   50833
    32.-   34.      2873  0.2873E-01      1509    6.0180E+05  9.2854E+06  8.9630E+06  8.2006E+06  7.6243E+05  6.9198E+06   49662
    34.-   36.      3323  0.3323E-01      1780    5.5760E+05  8.6771E+06  8.3481E+06  7.5943E+06  7.5381E+05  6.4194E+06   48190
    36.-   38.      3794  0.3794E-01      2345    5.1358E+05  8.1866E+06  7.8525E+06  7.1124E+06  7.4012E+05  6.0182E+06   46550
    38.-   40.      4082  0.4082E-01      2645    4.7240E+05  7.6546E+06  7.3166E+06  6.5853E+06  7.3128E+05  5.5782E+06   44477
    40.-   42.      4383  0.4383E-01      2881    4.2968E+05  7.0094E+06  6.6770E+06  5.9732E+06  7.0375E+05  5.0673E+06   42094
    42.-   44.      4468  0.4468E-01      3199    3.8770E+05  6.3982E+06  6.0711E+06  5.3968E+06  6.7436E+05  4.5835E+06   39418
    44.-   46.      4839  0.4839E-01      3532    3.5028E+05  5.8737E+06  5.5548E+06  4.9069E+06  6.4793E+05  4.1715E+06   36819
    46.-   48.      4764  0.4764E-01      3590    3.1318E+05  5.3540E+06  5.0481E+06  4.4349E+06  6.1315E+05  3.7725E+06   33870
    48.-   50.      4903  0.4903E-01      3896    2.7802E+05  4.7779E+06  4.4861E+06  3.9072E+06  5.7891E+05  3.3284E+06   31024
    50.-   52.      4744  0.4744E-01      4049    2.4537E+05  4.2887E+06  4.0143E+06  3.4799E+06  5.3441E+05  2.9661E+06   28238
    52.-   54.      4690  0.4690E-01      4255    2.1521E+05  3.7921E+06  3.5358E+06  3.0378E+06  4.9796E+05  2.5918E+06   25320
    54.-   56.      4531  0.4531E-01      4323    1.8769E+05  3.3097E+06  3.0729E+06  2.6189E+06  4.5402E+05  2.2376E+06   22765
    56.-   58.      4372  0.4372E-01      4531    1.6266E+05  2.9405E+06  2.7239E+06  2.3123E+06  4.1167E+05  1.9759E+06   20149
    58.-   60.      3929  0.3929E-01      4447    1.3939E+05  2.5525E+06  2.3554E+06  1.9850E+06  3.7044E+05  1.6976E+06   17674
    60.-   62.      3808  0.3808E-01      4467    1.1904E+05  2.2089E+06  2.0314E+06  1.7000E+06  3.3132E+05  1.4549E+06   15511
    62.-   64.      3427  0.3427E-01      4277    1.0103E+05  1.8893E+06  1.7307E+06  1.4387E+06  2.9206E+05  1.2324E+06   13485
    64.-   66.      3245  0.3245E-01      3818    8.4800E+04  1.5887E+06  1.4473E+06  1.1853E+06  2.6195E+05  1.0164E+06   11382
    66.-   68.      2911  0.2911E-01      3643    7.0629E+04  1.3529E+06  1.2303E+06  1.0052E+06  2.2511E+05  8.6224E+05    9765
    68.-   70.      2668  0.2668E-01      3756    5.8262E+04  1.1001E+06  9.9391E+05  7.9824E+05  1.9568E+05  6.8577E+05    8126
    70.-   72.      2310  0.2310E-01      3643    4.7967E+04  9.2067E+05  8.2975E+05  6.6607E+05  1.6367E+05  5.7235E+05    6831
    72.-   74.      1941  0.1941E-01      3313    3.9170E+04  7.5055E+05  6.7337E+05  5.3215E+05  1.4122E+05  4.5787E+05    5665
    74.-   76.      1791  0.1791E-01      3175    3.2265E+04  6.2975E+05  5.6368E+05  4.4471E+05  1.1897E+05  3.8252E+05    4726
    76.-   78.      1572  0.1572E-01      2711    2.5555E+04  5.0191E+05  4.4732E+05  3.4977E+05  9.7547E+04  3.0116E+05    3804
    78.-   80.      1233  0.1233E-01      2617    2.0718E+04  4.1548E+05  3.7013E+05  2.8815E+05  8.1984E+04  2.4803E+05    3078
    80.-   82.      1122  0.1122E-01      2274    1.6399E+04  3.2572E+05  2.8826E+05  2.2112E+05  6.7144E+04  1.9063E+05    2506
    82.-   84.       924  0.9240E-02      1913    1.2994E+04  2.6130E+05  2.3051E+05  1.7508E+05  5.5430E+04  1.5099E+05    1982
    84.-   86.       750  0.7500E-02      1752    1.0069E+04  2.0757E+05  1.8307E+05  1.3936E+05  4.3710E+04  1.2005E+05    1532
    86.-   88.       651  0.6510E-02      1510    7.8396E+03  1.6174E+05  1.4183E+05  1.0616E+05  3.5670E+04  9.1647E+04    1235
    88.-   90.       502  0.5020E-02      1236    6.1810E+03  1.2486E+05  1.0905E+05  8.1072E+04  2.7976E+04  7.0087E+04     987
    90.-   92.       428  0.4280E-02      1024    4.5542E+03  9.5234E+04  8.3086E+04  6.2015E+04  2.1071E+04  5.3560E+04     741
    92.-   94.       312  0.3120E-02       912    3.4696E+03  7.3760E+04  6.4052E+04  4.8038E+04  1.6014E+04  4.1557E+04     595
    94.-   96.       240  0.2400E-02       757    2.5957E+03  5.5134E+04  4.7468E+04  3.4219E+04  1.3248E+04  2.9604E+04     427
    96.-   98.       217  0.2170E-02       601    1.9715E+03  4.0282E+04  3.4402E+04  2.3835E+04  1.0568E+04  2.0622E+04     305
    98.-  100.       142  0.1420E-02       445    1.3991E+03  2.7668E+04  2.3361E+04  1.5347E+04  8.0138E+03  1.3325E+04     208
   100.-  102.       143  0.1430E-02       395    1.0505E+03  2.1785E+04  1.8523E+04  1.2688E+04  5.8348E+03  1.0996E+04     167
   102.-  104.        90  0.9000E-03       298    7.7755E+02  1.5281E+04  1.2933E+04  8.8219E+03  4.1111E+03  7.6743E+03     128
   104.-  106.        78  0.7800E-03       250    5.8547E+02  1.2037E+04  1.0217E+04  6.9909E+03  3.2260E+03  6.0506E+03      91
   106.-  108.        56  0.5600E-03       200    4.3672E+02  9.3679E+03  8.0563E+03  5.8175E+03  2.2388E+03  5.0345E+03      71
   108.-  110.        40  0.4000E-03       160    3.2567E+02  6.0458E+03  5.1191E+03  3.4275E+03  1.6916E+03  2.9802E+03      50
   110.-  112.        21  0.2100E-03       105    2.2753E+02  4.3685E+03  3.6817E+03  2.5150E+03  1.1667E+03  2.1961E+03      41
   112.-  114.        16  0.1600E-03        84    1.8355E+02  3.7689E+03  3.1939E+03  2.1561E+03  1.0378E+03  1.8701E+03      28
   114.-  116.        14  0.1400E-03        68    1.2577E+02  2.5258E+03  2.0822E+03  1.3585E+03  7.2372E+02  1.1866E+03      23
   116.-  118.        18  0.1800E-03        50    1.0248E+02  1.7241E+03  1.4276E+03  8.7975E+02  5.4780E+02  7.6602E+02      12
   118.-  120.         5  0.5000E-04        34    6.8573E+01  1.5003E+03  1.3053E+03  9.8058E+02  3.2467E+02  8.4940E+02      12
   120.-  122.         7  0.7000E-04        33    5.4104E+01  1.3619E+03  1.1971E+03  1.0371E+03  1.5993E+02  9.0279E+02      16
   122.-  124.         3  0.3000E-04        21    3.7885E+01  8.3081E+02  7.1664E+02  4.9234E+02  2.2430E+02  4.2757E+02       6
   124.-  126.         3  0.3000E-04        12    2.7583E+01  6.7080E+02  5.7223E+02  4.0882E+02  1.6341E+02  3.5397E+02       5
   126.-  128.         2  0.2000E-04        14    2.2969E+01  5.6189E+02  4.6362E+02  3.0436E+02  1.5926E+02  2.6722E+02       6
   128.-  130.         4  0.4000E-04        14    1.6393E+01  3.3531E+02  2.5111E+02  1.2152E+02  1.2959E+02  1.0731E+02       3
   130.-  132.         3  0.3000E-04         6    7.1947E+00  1.6701E+02  1.2867E+02  3.3332E+01  9.5340E+01  2.9551E+01       1
   132.-  134.         3  0.3000E-04         3    4.4954E+00  9.5137E+01  6.8212E+01  3.9526E+01  2.8686E+01  3.4927E+01       1
   134.-  136.         0  0.0000E+00         3    2.4344E+00  3.5725E+01  2.3485E+01  0.0000E+00  2.3485E+01  0.0000E+00       0
   136.-  138.         0  0.0000E+00         8    1.6569E+00  1.7353E+01  1.2238E+01  0.0000E+00  1.2238E+01  0.0000E+00       0
   138.-  140.         0  0.0000E+00         2    2.6736E+00  5.4642E+01  3.6708E+01  0.0000E+00  3.6708E+01  0.0000E+00       0
   140.-  142.         0  0.0000E+00         0    8.6027E-01  1.5509E+01  8.0453E+00  0.0000E+00  8.0453E+00  0.0000E+00       0
   142.-  144.         0  0.0000E+00         0    9.7093E-01  1.9649E+01  1.1724E+01  0.0000E+00  1.1724E+01  0.0000E+00       0
   144.-  146.         1  0.1000E-04         0    9.8749E-02  1.7118E+00  9.2871E-01  0.0000E+00  9.2871E-01  0.0000E+00       0
   146.-  148.         0  0.0000E+00         1    0.0000E+00  0.0000E+00  0.0000E+00  0.0000E+00  0.0000E+00  0.0000E+00       0
   148.-  150.         0  0.0000E+00         0    0.0000E+00  0.0000E+00  0.0000E+00  0.0000E+00  0.0000E+00  0.0000E+00       0
   150.-  152.         0  0.0000E+00         1    0.0000E+00  0.0000E+00  0.0000E+00  0.0000E+00  0.0000E+00  0.0000E+00       0
   152.-  154.         0  0.0000E+00         0    0.0000E+00  0.0000E+00  0.0000E+00  0.0000E+00  0.0000E+00  0.0000E+00       0
   154.-  156.         0  0.0000E+00         1    0.0000E+00  0.0000E+00  0.0000E+00  0.0000E+00  0.0000E+00  0.0000E+00       0
   156.-  158.         0  0.0000E+00         0    0.0000E+00  0.0000E+00  0.0000E+00  0.0000E+00  0.0000E+00  0.0000E+00       0
   158.-  160.         0  0.0000E+00         0    0.0000E+00  0.0000E+00  0.0000E+00  0.0000E+00  0.0000E+00  0.0000E+00       0
   160.-  162.         0  0.0000E+00         0    0.0000E+00  0.0000E+00  0.0000E+00  0.0000E+00  0.0000E+00  0.0000E+00       0
   162.-  164.         0  0.0000E+00         0    0.0000E+00  0.0000E+00  0.0000E+00  0.0000E+00  0.0000E+00  0.0000E+00       0
   164.-  166.         0  0.0000E+00         0    0.0000E+00  0.0000E+00  0.0000E+00  0.0000E+00  0.0000E+00  0.0000E+00       0
   166.-  168.         0  0.0000E+00         0    0.0000E+00  0.0000E+00  0.0000E+00  0.0000E+00  0.0000E+00  0.0000E+00       0
   168.-  170.         0  0.0000E+00         0    0.0000E+00  0.0000E+00  0.0000E+00  0.0000E+00  0.0000E+00  0.0000E+00       0
   170.-  172.         0  0.0000E+00         0    0.0000E+00  0.0000E+00  0.0000E+00  0.0000E+00  0.0000E+00  0.0000E+00       0
   172.-  174.         0  0.0000E+00         0    0.0000E+00  0.0000E+00  0.0000E+00  0.0000E+00  0.0000E+00  0.0000E+00       0
   174.-  176.         0  0.0000E+00         0    0.0000E+00  0.0000E+00  0.0000E+00  0.0000E+00  0.0000E+00  0.0000E+00       0
   176.-  178.         0  0.0000E+00         0    0.0000E+00  0.0000E+00  0.0000E+00  0.0000E+00  0.0000E+00  0.0000E+00       0
   178.-  180.         0  0.0000E+00         0    0.0000E+00  0.0000E+00  0.0000E+00  0.0000E+00  0.0000E+00  0.0000E+00       0
   180.-  182.         0  0.0000E+00         0    0.0000E+00  0.0000E+00  0.0000E+00  0.0000E+00  0.0000E+00  0.0000E+00       0
   182.-  184.         0  0.0000E+00         0    0.0000E+00  0.0000E+00  0.0000E+00  0.0000E+00  0.0000E+00  0.0000E+00       0
   184.-  186.         0  0.0000E+00         0    0.0000E+00  0.0000E+00  0.0000E+00  0.0000E+00  0.0000E+00  0.0000E+00       0
   186.-  188.         0  0.0000E+00         0    0.0000E+00  0.0000E+00  0.0000E+00  0.0000E+00  0.0000E+00  0.0000E+00       0
   188.-  190.         0  0.0000E+00         0    0.0000E+00  0.0000E+00  0.0000E+00  0.0000E+00  0.0000E+00  0.0000E+00       0
   190.-  192.         0  0.0000E+00         0    0.0000E+00  0.0000E+00  0.0000E+00  0.0000E+00  0.0000E+00  0.0000E+00       0
   192.-  194.         0  0.0000E+00         0    0.0000E+00  0.0000E+00  0.0000E+00  0.0000E+00  0.0000E+00  0.0000E+00       0
   194.-  196.         0  0.0000E+00         0    0.0000E+00  0.0000E+00  0.0000E+00  0.0000E+00  0.0000E+00  0.0000E+00       0
   196.-  198.         0  0.0000E+00         0    0.0000E+00  0.0000E+00  0.0000E+00  0.0000E+00  0.0000E+00  0.0000E+00       0
   198.-  200.         0  0.0000E+00         0    0.0000E+00  0.0000E+00  0.0000E+00  0.0000E+00  0.0000E+00  0.0000E+00       0
   200.-   SUT         0  0.0000E+00

                   99999  1.0000E+00     99999    2.0239E+07  2.8536E+08  2.7719E+08  2.5610E+08  2.1091E+07  2.1463E+08 1339746
1
     RECOILS



     DEPTH(A)     INLOSS(EV)   TELOSS(EV)   ELLOSS(EV)   DAMAGE(EV)   PHONON(EV)     DPA  DPA(1)  DPA(2)

     0.-    2.    3.2375E+05   5.7275E+06   4.5768E+06   1.1219E+06   3.4549E+06   18740   18740       0
     2.-    4.    5.5519E+05   8.8984E+06   7.4121E+06   2.6239E+06   4.7882E+06   36598   36598       0
     4.-    6.    7.6823E+05   1.1742E+07   9.8586E+06   3.7273E+06   6.1314E+06   49806   49806       0
     6.-    8.    9.4877E+05   1.4207E+07   1.1965E+07   4.6571E+06   7.3082E+06   60381   60381       0
     8.-   10.    1.0962E+06   1.6213E+07   1.3655E+07   5.3085E+06   8.3469E+06   69171   69171       0
    10.-   12.    1.2305E+06   1.8167E+07   1.5335E+07   6.0933E+06   9.2418E+06   77984   77984       0
    12.-   14.    1.3438E+06   1.9763E+07   1.6682E+07   6.6214E+06   1.0061E+07   84163   84163       0
    14.-   16.    1.4452E+06   2.1219E+07   1.7919E+07   7.1322E+06   1.0787E+07   90606   90606       0
    16.-   18.    1.5264E+06   2.2423E+07   1.8928E+07   7.5035E+06   1.1424E+07   96167   96167       0
    18.-   20.    1.5972E+06   2.3578E+07   1.9910E+07   7.9170E+06   1.1993E+07  100412  100412       0
    20.-   22.    1.6507E+06   2.4376E+07   2.0558E+07   8.0873E+06   1.2471E+07  103992  103992       0
    22.-   24.    1.6958E+06   2.5134E+07   2.1187E+07   8.3110E+06   1.2876E+07  107307  107307       0
    24.-   26.    1.7245E+06   2.5709E+07   2.1663E+07   8.4780E+06   1.3185E+07  109330  109330       0
    26.-   28.    1.7399E+06   2.6091E+07   2.1970E+07   8.5427E+06   1.3427E+07  110691  110691       0
    28.-   30.    1.7433E+06   2.6263E+07   2.2094E+07   8.5189E+06   1.3575E+07  111035  111035       0
    30.-   32.    1.7340E+06   2.6303E+07   2.2111E+07   8.4550E+06   1.3656E+07  110504  110504       0
    32.-   34.    1.7159E+06   2.6102E+07   2.1917E+07   8.3158E+06   1.3601E+07  109607  109607       0
    34.-   36.    1.6800E+06   2.5677E+07   2.1537E+07   8.0989E+06   1.3438E+07  107548  107548       0
    36.-   38.    1.6348E+06   2.5140E+07   2.1069E+07   7.8787E+06   1.3190E+07  105262  105262       0
    38.-   40.    1.5810E+06   2.4452E+07   2.0478E+07   7.5989E+06   1.2879E+07  101826  101826       0
    40.-   42.    1.5148E+06   2.3535E+07   1.9689E+07   7.2371E+06   1.2451E+07   97394   97394       0
    42.-   44.    1.4420E+06   2.2496E+07   1.8799E+07   6.8537E+06   1.1945E+07   92737   92737       0
    44.-   46.    1.3653E+06   2.1411E+07   1.7880E+07   6.4845E+06   1.1395E+07   88115   88115       0
    46.-   48.    1.2840E+06   2.0223E+07   1.6876E+07   6.0665E+06   1.0809E+07   82935   82935       0
    48.-   50.    1.1964E+06   1.8913E+07   1.5757E+07   5.6001E+06   1.0157E+07   77323   77323       0
    50.-   52.    1.1084E+06   1.7619E+07   1.4671E+07   5.1826E+06   9.4883E+06   71196   71196       0
    52.-   54.    1.0242E+06   1.6317E+07   1.3579E+07   4.7937E+06   8.7854E+06   66126   66126       0
    54.-   56.    9.3635E+05   1.5001E+07   1.2479E+07   4.3828E+06   8.0958E+06   60528   60528       0
    56.-   58.    8.5253E+05   1.3659E+07   1.1349E+07   3.9457E+06   7.4034E+06   54998   54998       0
    58.-   60.    7.7344E+05   1.2410E+07   1.0305E+07   3.5525E+06   6.7527E+06   49734   49734       0
    60.-   62.    6.9873E+05   1.1260E+07   9.3503E+06   3.2366E+06   6.1137E+06   45199   45199       0
    62.-   64.    6.2664E+05   1.0120E+07   8.4004E+06   2.8890E+06   5.5114E+06   40653   40653       0
    64.-   66.    5.5862E+05   8.9995E+06   7.4603E+06   2.5330E+06   4.9273E+06   35561   35561       0
    66.-   68.    4.9534E+05   8.0138E+06   6.6445E+06   2.2752E+06   4.3692E+06   32064   32064       0
    68.-   70.    4.3632E+05   7.0609E+06   5.8497E+06   1.9783E+06   3.8715E+06   28091   28091       0
    70.-   72.    3.8301E+05   6.2037E+06   5.1361E+06   1.7255E+06   3.4105E+06   24464   24464       0
    72.-   74.    3.3414E+05   5.4274E+06   4.4944E+06   1.5151E+06   2.9793E+06   21479   21479       0
    74.-   76.    2.9123E+05   4.7410E+06   3.9298E+06   1.3416E+06   2.5882E+06   18846   18846       0
    76.-   78.    2.5289E+05   4.1067E+06   3.4027E+06   1.1560E+06   2.2467E+06   16299   16299       0
    78.-   80.    2.1835E+05   3.5439E+06   2.9352E+06   9.9899E+05   1.9362E+06   14098   14098       0
    80.-   82.    1.8786E+05   3.0479E+06   2.5260E+06   8.6143E+05   1.6645E+06   12121   12121       0
    82.-   84.    1.6184E+05   2.6074E+06   2.1605E+06   7.3381E+05   1.4266E+06   10380   10380       0
    84.-   86.    1.3823E+05   2.2395E+06   1.8573E+06   6.3870E+05   1.2186E+06    9020    9020       0
    86.-   88.    1.1775E+05   1.9061E+06   1.5828E+06   5.4773E+05   1.0350E+06    7648    7648       0
    88.-   90.    1.0040E+05   1.6205E+06   1.3441E+06   4.5566E+05   8.8844E+05    6465    6465       0
    90.-   92.    8.4787E+04   1.3820E+06   1.1486E+06   4.0488E+05   7.4373E+05    5616    5616       0
    92.-   94.    7.2099E+04   1.1472E+06   9.5017E+05   3.2095E+05   6.2923E+05    4563    4563       0
    94.-   96.    6.0321E+04   9.6742E+05   8.0509E+05   2.8405E+05   5.2105E+05    3892    3892       0
    96.-   98.    5.0563E+04   7.9721E+05   6.6537E+05   2.3925E+05   4.2612E+05    3310    3310       0
    98.-  100.    3.9797E+04   6.1000E+05   5.1279E+05   1.9473E+05   3.1807E+05    2608    2608       0
   100.-  102.    2.2613E+04   3.3177E+05   2.8441E+05   1.2546E+05   1.5896E+05    1571    1571       0
   102.-  104.    9.2325E+02   1.0089E+04   8.4050E+03   3.0331E+03   5.3719E+03      37      37       0
   104.-  106.    0.0000E+00   0.0000E+00   0.0000E+00   0.0000E+00   0.0000E+00       0       0       0
   106.-  108.    0.0000E+00   0.0000E+00   0.0000E+00   0.0000E+00   0.0000E+00       0       0       0
   108.-  110.    0.0000E+00   0.0000E+00   0.0000E+00   0.0000E+00   0.0000E+00       0       0       0
   110.-  112.    0.0000E+00   0.0000E+00   0.0000E+00   0.0000E+00   0.0000E+00       0       0       0
   112.-  114.    0.0000E+00   0.0000E+00   0.0000E+00   0.0000E+00   0.0000E+00       0       0       0
   114.-  116.    0.0000E+00   0.0000E+00   0.0000E+00   0.0000E+00   0.0000E+00       0       0       0
   116.-  118.    0.0000E+00   0.0000E+00   0.0000E+00   0.0000E+00   0.0000E+00       0       0       0
   118.-  120.    0.0000E+00   0.0000E+00   0.0000E+00   0.0000E+00   0.0000E+00       0       0       0
   120.-  122.    0.0000E+00   0.0000E+00   0.0000E+00   0.0000E+00   0.0000E+00       0       0       0
   122.-  124.    0.0000E+00   0.0000E+00   0.0000E+00   0.0000E+00   0.0000E+00       0       0       0
   124.-  126.    0.0000E+00   0.0000E+00   0.0000E+00   0.0000E+00   0.0000E+00       0       0       0
   126.-  128.    0.0000E+00   0.0000E+00   0.0000E+00   0.0000E+00   0.0000E+00       0       0       0
   128.-  130.    0.0000E+00   0.0000E+00   0.0000E+00   0.0000E+00   0.0000E+00       0       0       0
   130.-  132.    0.0000E+00   0.0000E+00   0.0000E+00   0.0000E+00   0.0000E+00       0       0       0
   132.-  134.    0.0000E+00   0.0000E+00   0.0000E+00   0.0000E+00   0.0000E+00       0       0       0
   134.-  136.    0.0000E+00   0.0000E+00   0.0000E+00   0.0000E+00   0.0000E+00       0       0       0
   136.-  138.    0.0000E+00   0.0000E+00   0.0000E+00   0.0000E+00   0.0000E+00       0       0       0
   138.-  140.    0.0000E+00   0.0000E+00   0.0000E+00   0.0000E+00   0.0000E+00       0       0       0
   140.-  142.    0.0000E+00   0.0000E+00   0.0000E+00   0.0000E+00   0.0000E+00       0       0       0
   142.-  144.    0.0000E+00   0.0000E+00   0.0000E+00   0.0000E+00   0.0000E+00       0       0       0
   144.-  146.    0.0000E+00   0.0000E+00   0.0000E+00   0.0000E+00   0.0000E+00       0       0       0
   146.-  148.    0.0000E+00   0.0000E+00   0.0000E+00   0.0000E+00   0.0000E+00       0       0       0
   148.-  150.    0.0000E+00   0.0000E+00   0.0000E+00   0.0000E+00   0.0000E+00       0       0       0
   150.-  152.    0.0000E+00   0.0000E+00   0.0000E+00   0.0000E+00   0.0000E+00       0       0       0
   152.-  154.    0.0000E+00   0.0000E+00   0.0000E+00   0.0000E+00   0.0000E+00       0       0       0
   154.-  156.    0.0000E+00   0.0000E+00   0.0000E+00   0.0000E+00   0.0000E+00       0       0       0
   156.-  158.    0.0000E+00   0.0000E+00   0.0000E+00   0.0000E+00   0.0000E+00       0       0       0
   158.-  160.    0.0000E+00   0.0000E+00   0.0000E+00   0.0000E+00   0.0000E+00       0       0       0
   160.-  162.    0.0000E+00   0.0000E+00   0.0000E+00   0.0000E+00   0.0000E+00       0       0       0
   162.-  164.    0.0000E+00   0.0000E+00   0.0000E+00   0.0000E+00   0.0000E+00       0       0       0
   164.-  166.    0.0000E+00   0.0000E+00   0.0000E+00   0.0000E+00   0.0000E+00       0       0       0
   166.-  168.    0.0000E+00   0.0000E+00   0.0000E+00   0.0000E+00   0.0000E+00       0       0       0
   168.-  170.    0.0000E+00   0.0000E+00   0.0000E+00   0.0000E+00   0.0000E+00       0       0       0
   170.-  172.    0.0000E+00   0.0000E+00   0.0000E+00   0.0000E+00   0.0000E+00       0       0       0
   172.-  174.    0.0000E+00   0.0000E+00   0.0000E+00   0.0000E+00   0.0000E+00       0       0       0
   174.-  176.    0.0000E+00   0.0000E+00   0.0000E+00   0.0000E+00   0.0000E+00       0       0       0
   176.-  178.    0.0000E+00   0.0000E+00   0.0000E+00   0.0000E+00   0.0000E+00       0       0       0
   178.-  180.    0.0000E+00   0.0000E+00   0.0000E+00   0.0000E+00   0.0000E+00       0       0       0
   180.-  182.    0.0000E+00   0.0000E+00   0.0000E+00   0.0000E+00   0.0000E+00       0       0       0
   182.-  184.    0.0000E+00   0.0000E+00   0.0000E+00   0.0000E+00   0.0000E+00       0       0       0
   184.-  186.    0.0000E+00   0.0000E+00   0.0000E+00   0.0000E+00   0.0000E+00       0       0       0
   186.-  188.    0.0000E+00   0.0000E+00   0.0000E+00   0.0000E+00   0.0000E+00       0       0       0
   188.-  190.    0.0000E+00   0.0000E+00   0.0000E+00   0.0000E+00   0.0000E+00       0       0       0
   190.-  192.    0.0000E+00   0.0000E+00   0.0000E+00   0.0000E+00   0.0000E+00       0       0       0
   192.-  194.    0.0000E+00   0.0000E+00   0.0000E+00   0.0000E+00   0.0000E+00       0       0       0
   194.-  196.    0.0000E+00   0.0000E+00   0.0000E+00   0.0000E+00   0.0000E+00       0       0       0
   196.-  198.    0.0000E+00   0.0000E+00   0.0000E+00   0.0000E+00   0.0000E+00       0       0       0
   198.-  200.    0.0000E+00   0.0000E+00   0.0000E+00   0.0000E+00   0.0000E+00       0       0       0

                  4.4565E+07   6.8491E+08   5.7366E+08   2.1355E+08   3.6011E+08 2846201 2846201       0
1     BACKWARD SPUTTERING



        ALL SPUTTERED PARTICLES =   56061   TOTAL SPUTTERED ENERGY = 0.1555E+07 EV


        SPUTTERED PARTICLES (1.LAYER) =   56061   SPUTTERED ENERGY = 0.1555E+07 EV


 1.LAYER
         SPUTTERED PARTICLES(1) =   56061     SPUTTERED ENERGY(1) = 0.1555E+07 EV

         ION IN , PRIMARY KO(1) =   11595   0.2068   0.2068    ENERGY = 0.5636E+06 EV   0.3626   0.3626    MEAN ENERGY = 0.4861E+02
         ION IN , SECOND. KO(1) =   44466   0.7932   0.7932    ENERGY = 0.9909E+06 EV   0.6374   0.6374    MEAN ENERGY = 0.2228E+02
        ION OUT , PRIMARY KO(1) =       0   0.0000   0.0000    ENERGY = 0.0000E+00 EV   0.0000   0.0000    MEAN ENERGY = 0.0000E+00
        ION OUT , SECOND. KO(1) =       0   0.0000   0.0000    ENERGY = 0.0000E+00 EV   0.0000   0.0000    MEAN ENERGY = 0.0000E+00


     SPUTTERING YIELD(1) =  5.606E-01  SPUTTERED ENERGY(1) =  5.087E-03  REL.MEAN ENERGY(1) =  9.074E-03  MEAN ENERGY(1) =  2.773E+01

                       MEAN        VARIANCE      SKEWNESS      KURTOSIS        SIGMA       ERROR 1.M     ERROR 2.M     ERROR 3.M 
    ENERGY(1)       2.7729E+01    1.5710E+03    3.8581E+00    2.6180E+01    3.9636E+01    1.6740E-01    3.3295E+01    8.6442E-02
 LOGENERGY(1)       1.1393E+00    2.8389E-01   -1.3805E-01    2.9190E+00    5.3282E-01    2.2506E-03    1.6612E-03    9.6447E-03

                     1.MOMENT      2.MOMENT      3.MOMENT      4.MOMENT      5.MOMENT      6.MOMENT 
    ENERGY(1)       2.7729E+01    2.3399E+03    3.9224E+05    9.9098E+07    3.2275E+10    1.2358E+13
 LOGENERGY(1)       1.1393E+00    1.5820E+00    2.4284E+00    4.0363E+00    7.1194E+00    1.3182E+01



     POLAR ANGULAR DISTRIBUTION OF ALL BACKWARD SPUTTERED PARTICLES


       0.00  0.00  0.00  0.00  0.00  0.00  0.00  0.00  0.00  0.00  0.00  0.00  0.00  0.00  0.00  0.00  0.00  0.00  0.00  0.00

        119   317   584   792  1061  1398  1700  2032  2439  2665  3150  3395  3622  4071  4287  4482  4634  4817  5033  5463
      0.042 0.113 0.208 0.283 0.379 0.499 0.606 0.725 0.870 0.951 1.124 1.211 1.292 1.452 1.529 1.599 1.653 1.718 1.796 1.949
1 LOG ENERGY - COS OF EMISSION ANGLE (0.05 STEPS)   (BACKWARD SPUTTERED PARTICLES) ; 1. LAYER ; SPECIES 1


   0.0000E+00    1    2    3    4    5    6    7    8    9   10   11   12   13   14   15   16   17   18   19   20     0  0.0000E+00
   0.1000E+00    0    0    0    0    0    0    0    1    0    0    0    2    2    1    1    1    0    1    1    3    13  0.1300E-02
   0.1212E+00    0    0    0    0    0    0    0    0    0    0    0    0    0    0    0    0    0    0    0    0     0  0.0000E+00
   0.1468E+00    0    0    0    0    0    0    0    0    0    0    0    0    0    0    0    0    0    0    0    0     0  0.0000E+00
   0.1778E+00    0    0    0    0    0    0    0    0    0    0    0    0    0    0    0    0    0    0    0    0     0  0.0000E+00
   0.2154E+00    0    0    0    0    0    0    0    0    0    0    0    0    0    0    0    0    0    0    0    0     0  0.0000E+00
   0.2610E+00    0    0    0    0    0    0    0    0    0    0    0    0    0    0    0    0    0    0    0    0     0  0.0000E+00
   0.3162E+00    0    0    0    0    0    0    0    0    0    0    0    0    0    0    0    0    0    0    0    0     0  0.0000E+00
   0.3831E+00    0    0    0    0    0    0    0    0    0    0    0    0    0    0    0    0    0    0    0    0     0  0.0000E+00
   0.4642E+00    0    0    0    0    0    0    0    0    0    0    0    0    0    0    0    0    0    0    0    0     0  0.0000E+00
   0.5623E+00    0    0    0    0    0    0    0    0    0    0    0    0    0    0    0    0    0    0    0    0     0  0.0000E+00
   0.6813E+00    0    0    0    0    0    0    0    0    0    0    0    0    0    0    0    0    0    0    0    0     0  0.0000E+00
   0.8254E+00    0    0    0    0    0    0    0    0    0    0    0    0    0    0    0    0    0    0    0    0     0  0.0000E+00
   0.1000E+01    0    0    0    0    0    0    0    0    0    0    0    0    0    0    0    0    0    0    0    0     0  0.0000E+00
   0.1212E+01    0    0    0    0    0    0    0    0    0    0    0    0    0    0    0    0    0    0    0    0     0  0.0000E+00
   0.1468E+01    0    0    0    0    0    0    0    0    0    0    0    0    0    0    0    0    0    0    0    0     0  0.0000E+00
   0.1778E+01    0    0    0    0    0    0    0    0    0    0    0    0    0    0    0    0    0    0    0    0     0  0.0000E+00
   0.2154E+01    0    0    0    0    0    0    0    0    0    0    0    0    0    0    0    0    0    0    0    0     0  0.0000E+00
   0.2610E+01    0    0    0    0    0    0    0    0    0    0    0    0    0    0    0    0    0    0    0    0     0  0.0000E+00
   0.3162E+01    0    0    0    0    0    0    0    0    0    0    0    0    0    0    0    0    0    0    0    0     0  0.0000E+00
   0.3831E+01    0    0    0    0    0    0    0    0    0    0    0    0    0    0    0    0    0    0    0    0     0  0.0000E+00
   0.4642E+01    0    0    0    0    0    0    0    0    0    0    0    0    0    0    0    0    0    0    0    0     0  0.0000E+00
   0.5623E+01    0    0    0    0    0    0    0    0    0    0    0    0    0    0    0    0    0    0    0    0     0  0.0000E+00
   0.6813E+01    0    0    0    0    0    0    0    0    0    0    0    0    0    0    0    0    0    0    0    0     0  0.0000E+00
   0.8254E+01    0    0    0    0    0    0    0    0    0    0    0    0    0    0    0    0    0    0    0    0     0  0.0000E+00
   0.1000E+02    0    0    0    0    0    0    0    0    0    0    0    0    0    0    0    0    0    0    0    0     0  0.0000E+00
   0.1212E+02    0    0    0    0    0    0    0    0    0    0    0    0    0    0    0    0    0    0    0    0     0  0.0000E+00
   0.1468E+02    0    0    0    0    0    0    0    0    0    0    0    0    0    0    0    0    0    0    0    0     0  0.0000E+00
   0.1778E+02    0    0    0    0    0    0    0    0    0    0    0    0    0    0    0    0    0    0    0    0     0  0.0000E+00
   0.2154E+02    0    0    0    0    0    0    0    0    0    0    0    0    0    0    0    0    0    0    0    0     0  0.0000E+00
   0.2610E+02    0    0    0    0    0    0    0    0    0    0    0    0    0    0    0    0    0    0    0    0     0  0.0000E+00
   0.3162E+02    0    0    0    0    0    0    0    0    0    0    0    0    0    0    0    0    0    0    0    0     0  0.0000E+00
   0.3831E+02    0    0    0    0    0    0    0    0    0    0    0    0    0    0    0    0    0    0    0    0     0  0.0000E+00
   0.4642E+02    0    0    0    0    0    0    0    0    0    0    0    0    0    0    0    0    0    0    0    0     0  0.0000E+00
   0.5623E+02    0    0    0    0    0    0    0    0    0    0    0    0    0    0    0    0    0    0    0    0     0  0.0000E+00
   0.6813E+02    0    0    0    0    0    0    0    0    0    0    0    0    0    0    0    0    0    0    0    0     0  0.0000E+00
   0.8254E+02    0    0    0    0    0    0    0    0    0    0    0    0    0    0    0    0    0    0    0    0     0  0.0000E+00
   0.1000E+03    0    0    0    0    0    0    0    0    0    0    0    0    0    0    0    0    0    0    0    0     0  0.0000E+00
   0.1212E+03    0    0    0    0    0    0    0    0    0    0    0    0    0    0    0    0    0    0    0    0     0  0.0000E+00
   0.1468E+03    0    0    0    0    0    0    0    0    0    0    0    0    0    0    0    0    0    0    0    0     0  0.0000E+00
   0.1778E+03    0    0    0    0    0    0    0    0    0    0    0    0    0    0    0    0    0    0    0    0     0  0.0000E+00
   0.2154E+03    0    0    0    0    0    0    0    0    0    0    0    0    0    0    0    0    0    0    0    0     0  0.0000E+00
   0.2610E+03    0    0    0    0    0    0    0    0    0    0    0    0    0    0    0    0    0    0    0    0     0  0.0000E+00
   0.3162E+03    0    0    0    0    0    0    0    0    0    0    0    0    0    0    0    0    0    0    0    0     0  0.0000E+00
   0.3831E+03    0    0    0    0    0    0    0    0    0    0    0    0    0    0    0    0    0    0    0    0     0  0.0000E+00
   0.4642E+03    0    0    0    0    0    0    0    0    0    0    0    0    0    0    0    0    0    0    0    0     0  0.0000E+00
   0.5623E+03    0    0    0    0    0    0    0    0    0    0    0    0    0    0    0    0    0    0    0    0     0  0.0000E+00
   0.6813E+03    0    0    0    0    0    0    0    0    0    0    0    0    0    0    0    0    0    0    0    0     0  0.0000E+00
   0.8254E+03    0    0    0    0    0    0    0    0    0    0    0    0    0    0    0    0    0    0    0    0     0  0.0000E+00
   0.1000E+04    0    0    0    0    0    0    0    0    0    0    0    0    0    0    0    0    0    0    0    0     0  0.0000E+00
   0.1212E+04    0    0    0    0    0    0    0    0    0    0    0    0    0    0    0    0    0    0    0    0     0  0.0000E+00
   0.1468E+04    0    0    0    0    0    0    0    0    0    0    0    0    0    0    0    0    0    0    0    0     0  0.0000E+00
   0.1778E+04    0    0    0    0    0    0    0    0    0    0    0    0    0    0    0    0    0    0    0    0     0  0.0000E+00
   0.2154E+04    0    0    0    0    0    0    0    0    0    0    0    0    0    0    0    0    0    0    0    0     0  0.0000E+00
   0.2610E+04    0    0    0    0    0    0    0    0    0    0    0    0    0    0    0    0    0    0    0    0     0  0.0000E+00
   0.3162E+04    0    0    0    0    0    0    0    0    0    0    0    0    0    0    0    0    0    0    0    0     0  0.0000E+00
   0.3831E+04    0    0    0    0    0    0    0    0    0    0    0    0    0    0    0    0    0    0    0    0     0  0.0000E+00
   0.4642E+04    0    0    0    0    0    0    0    0    0    0    0    0    0    0    0    0    0    0    0    0     0  0.0000E+00
   0.5623E+04    0    0    0    0    0    0    0    0    0    0    0    0    0    0    0    0    0    0    0    0     0  0.0000E+00
   0.6813E+04    0    0    0    0    0    0    0    0    0    0    0    0    0    0    0    0    0    0    0    0     0  0.0000E+00
   0.8254E+04    0    0    0    0    0    0    0    0    0    0    0    0    0    0    0    0    0    0    0    0     0  0.0000E+00
   0.1000E+05    0    0    0    0    0    0    0    0    0    0    0    0    0    0    0    0    0    0    0    0     0  0.0000E+00
   0.1212E+05    0    0    0    0    0    0    0    0    0    0    0    0    0    0    0    0    0    0    0    0     0  0.0000E+00
   0.1468E+05    0    0    0    0    0    0    0    0    0    0    0    0    0    0    0    0    0    0    0    0     0  0.0000E+00
   0.1778E+05    0    0    0    0    0    0    0    0    0    0    0    0    0    0    0    0    0    0    0    0     0  0.0000E+00
   0.2154E+05    0    0    0    0    0    0    0    0    0    0    0    0    0    0    0    0    0    0    0    0     0  0.0000E+00
   0.2610E+05    0    0    0    0    0    0    0    0    0    0    0    0    0    0    0    0    0    0    0    0     0  0.0000E+00
   0.3162E+05    0    0    0    0    0    0    0    0    0    0    0    0    0    0    0    0    0    0    0    0     0  0.0000E+00
   0.3831E+05    0    0    0    0    0    0    0    0    0    0    0    0    0    0    0    0    0    0    0    0     0  0.0000E+00
   0.4642E+05    0    0    0    0    0    0    0    0    0    0    0    0    0    0    0    0    0    0    0    0     0  0.0000E+00
   0.5623E+05    0    0    0    0    0    0    0    0    0    0    0    0    0    0    0    0    0    0    0    0     0  0.0000E+00
   0.6813E+05    0    0    0    0    0    0    0    0    0    0    0    0    0    0    0    0    0    0    0    0     0  0.0000E+00
   0.8254E+05    0    0    0    0    0    0    0    0    0    0    0    0    0    0    0    0    0    0    0    0     0  0.0000E+00
   0.1000E+06    0    0    0    0    0    0    0    0    0    0    0    0    0    0    0    0    0    0    0    0     0  0.0000E+00
   0.0000E+00  238  634 1168 1584 2122 2796 3400 4063 4878 5330 6300 6788 7242 8141 8573 8963 9268 96331006510923112109  0.0000E+00
1ENERGY(E/E0 IN %) - POLAR ANGLE IN COS-INTERVALS (0.05)  (BACKWARD SPUTTERED PARTICLES) , 1.LAYER , SPECIES 1

     0    1    2    3    4    5    6    7    8    9   10   11   12   13   14   15   16   17   18   19   20      0
     1  102  265  466  624  809 1011 1231 1437 1686 1826 2146 2390 2557 2861 3044 3299 3409 3670 3927 4410  41170
     2   12   34   81  100  156  225  240  295  371  439  508  529  570  644  683  657  709  695  698  716   8362
     3    2   12   22   27   42   79  105  125  163  163  235  196  233  268  252  270  266  242  200  216   3118
     4    1    6    6   23   25   38   61   68   93  101  118  116  107  124  156  108  114  104   98   65   1532
     5    0    0    4    8   11   20   24   42   54   56   57   58   70   66   62   57   60   46   43   28    766
     6    2    0    3    2    8    6   13   26   34   32   21   36   37   41   40   38   31   19   37   13    439
     7    0    0    1    5    1    7    9   12   10   15   24   23   16   26   13   24   18   19   12    9    244
     8    0    0    0    2    5    3    6    8   12   11   13   15   15    9   14    9   13    5    8    3    151
     9    0    0    0    1    1    3    3    7    3    5   10   11    6   13    9    7    5    5    5    1     95
    10    0    0    0    0    2    0    1    4    7    4    8    7    2   11    4    5    3    4    4    0     66
    11    0    0    1    0    0    2    3    4    2    4    5    5    2    5    4    3    3    2    0    0     45
    12    0    0    0    0    0    2    2    2    0    1    2    2    1    0    3    1    1    1    0    1     19
    13    0    0    0    0    0    1    1    0    1    3    1    3    2    1    1    1    2    4    0    0     21
    14    0    0    0    0    0    0    0    0    1    1    1    1    0    0    0    1    0    0    0    0      5
    15    0    0    0    0    0    0    0    0    1    3    0    1    3    0    2    1    0    1    0    0     12
    16    0    0    0    0    0    0    0    2    0    0    0    1    0    0    0    0    0    0    1    1      5
    17    0    0    0    0    1    1    0    0    1    0    0    0    1    2    0    1    0    0    0    0      7
    18    0    0    0    0    0    0    1    0    0    0    1    0    0    0    0    0    0    0    0    0      2
    19    0    0    0    0    0    0    0    0    0    0    0    1    0    0    0    0    0    0    0    0      1
    20    0    0    0    0    0    0    0    0    0    0    0    0    0    0    0    0    0    0    0    0      0
    21    0    0    0    0    0    0    0    0    0    1    0    0    0    0    0    0    0    0    0    0      1
    22    0    0    0    0    0    0    0    0    0    0    0    0    0    0    0    0    0    0    0    0      0
    23    0    0    0    0    0    0    0    0    0    0    0    0    0    0    0    0    0    0    0    0      0
    24    0    0    0    0    0    0    0    0    0    0    0    0    0    0    0    0    0    0    0    0      0
    25    0    0    0    0    0    0    0    0    0    0    0    0    0    0    0    0    0    0    0    0      0
    26    0    0    0    0    0    0    0    0    0    0    0    0    0    0    0    0    0    0    0    0      0
    27    0    0    0    0    0    0    0    0    0    0    0    0    0    0    0    0    0    0    0    0      0
    28    0    0    0    0    0    0    0    0    0    0    0    0    0    0    0    0    0    0    0    0      0
    29    0    0    0    0    0    0    0    0    0    0    0    0    0    0    0    0    0    0    0    0      0
    30    0    0    0    0    0    0    0    0    0    0    0    0    0    0    0    0    0    0    0    0      0
    31    0    0    0    0    0    0    0    0    0    0    0    0    0    0    0    0    0    0    0    0      0
    32    0    0    0    0    0    0    0    0    0    0    0    0    0    0    0    0    0    0    0    0      0
    33    0    0    0    0    0    0    0    0    0    0    0    0    0    0    0    0    0    0    0    0      0
    34    0    0    0    0    0    0    0    0    0    0    0    0    0    0    0    0    0    0    0    0      0
    35    0    0    0    0    0    0    0    0    0    0    0    0    0    0    0    0    0    0    0    0      0
    36    0    0    0    0    0    0    0    0    0    0    0    0    0    0    0    0    0    0    0    0      0
    37    0    0    0    0    0    0    0    0    0    0    0    0    0    0    0    0    0    0    0    0      0
    38    0    0    0    0    0    0    0    0    0    0    0    0    0    0    0    0    0    0    0    0      0
    39    0    0    0    0    0    0    0    0    0    0    0    0    0    0    0    0    0    0    0    0      0
    40    0    0    0    0    0    0    0    0    0    0    0    0    0    0    0    0    0    0    0    0      0
    41    0    0    0    0    0    0    0    0    0    0    0    0    0    0    0    0    0    0    0    0      0
    42    0    0    0    0    0    0    0    0    0    0    0    0    0    0    0    0    0    0    0    0      0
    43    0    0    0    0    0    0    0    0    0    0    0    0    0    0    0    0    0    0    0    0      0
    44    0    0    0    0    0    0    0    0    0    0    0    0    0    0    0    0    0    0    0    0      0
    45    0    0    0    0    0    0    0    0    0    0    0    0    0    0    0    0    0    0    0    0      0
    46    0    0    0    0    0    0    0    0    0    0    0    0    0    0    0    0    0    0    0    0      0
    47    0    0    0    0    0    0    0    0    0    0    0    0    0    0    0    0    0    0    0    0      0
    48    0    0    0    0    0    0    0    0    0    0    0    0    0    0    0    0    0    0    0    0      0
    49    0    0    0    0    0    0    0    0    0    0    0    0    0    0    0    0    0    0    0    0      0
    50    0    0    0    0    0    0    0    0    0    0    0    0    0    0    0    0    0    0    0    0      0
    51    0    0    0    0    0    0    0    0    0    0    0    0    0    0    0    0    0    0    0    0      0
    52    0    0    0    0    0    0    0    0    0    0    0    0    0    0    0    0    0    0    0    0      0
    53    0    0    0    0    0    0    0    0    0    0    0    0    0    0    0    0    0    0    0    0      0
    54    0    0    0    0    0    0    0    0    0    0    0    0    0    0    0    0    0    0    0    0      0
    55    0    0    0    0    0    0    0    0    0    0    0    0    0    0    0    0    0    0    0    0      0
    56    0    0    0    0    0    0    0    0    0    0    0    0    0    0    0    0    0    0    0    0      0
    57    0    0    0    0    0    0    0    0    0    0    0    0    0    0    0    0    0    0    0    0      0
    58    0    0    0    0    0    0    0    0    0    0    0    0    0    0    0    0    0    0    0    0      0
    59    0    0    0    0    0    0    0    0    0    0    0    0    0    0    0    0    0    0    0    0      0
    60    0    0    0    0    0    0    0    0    0    0    0    0    0    0    0    0    0    0    0    0      0
    61    0    0    0    0    0    0    0    0    0    0    0    0    0    0    0    0    0    0    0    0      0
    62    0    0    0    0    0    0    0    0    0    0    0    0    0    0    0    0    0    0    0    0      0
    63    0    0    0    0    0    0    0    0    0    0    0    0    0    0    0    0    0    0    0    0      0
    64    0    0    0    0    0    0    0    0    0    0    0    0    0    0    0    0    0    0    0    0      0
    65    0    0    0    0    0    0    0    0    0    0    0    0    0    0    0    0    0    0    0    0      0
    66    0    0    0    0    0    0    0    0    0    0    0    0    0    0    0    0    0    0    0    0      0
    67    0    0    0    0    0    0    0    0    0    0    0    0    0    0    0    0    0    0    0    0      0
    68    0    0    0    0    0    0    0    0    0    0    0    0    0    0    0    0    0    0    0    0      0
    69    0    0    0    0    0    0    0    0    0    0    0    0    0    0    0    0    0    0    0    0      0
    70    0    0    0    0    0    0    0    0    0    0    0    0    0    0    0    0    0    0    0    0      0
    71    0    0    0    0    0    0    0    0    0    0    0    0    0    0    0    0    0    0    0    0      0
    72    0    0    0    0    0    0    0    0    0    0    0    0    0    0    0    0    0    0    0    0      0
    73    0    0    0    0    0    0    0    0    0    0    0    0    0    0    0    0    0    0    0    0      0
    74    0    0    0    0    0    0    0    0    0    0    0    0    0    0    0    0    0    0    0    0      0
    75    0    0    0    0    0    0    0    0    0    0    0    0    0    0    0    0    0    0    0    0      0
    76    0    0    0    0    0    0    0    0    0    0    0    0    0    0    0    0    0    0    0    0      0
    77    0    0    0    0    0    0    0    0    0    0    0    0    0    0    0    0    0    0    0    0      0
    78    0    0    0    0    0    0    0    0    0    0    0    0    0    0    0    0    0    0    0    0      0
    79    0    0    0    0    0    0    0    0    0    0    0    0    0    0    0    0    0    0    0    0      0
    80    0    0    0    0    0    0    0    0    0    0    0    0    0    0    0    0    0    0    0    0      0
    81    0    0    0    0    0    0    0    0    0    0    0    0    0    0    0    0    0    0    0    0      0
    82    0    0    0    0    0    0    0    0    0    0    0    0    0    0    0    0    0    0    0    0      0
    83    0    0    0    0    0    0    0    0    0    0    0    0    0    0    0    0    0    0    0    0      0
    84    0    0    0    0    0    0    0    0    0    0    0    0    0    0    0    0    0    0    0    0      0
    85    0    0    0    0    0    0    0    0    0    0    0    0    0    0    0    0    0    0    0    0      0
    86    0    0    0    0    0    0    0    0    0    0    0    0    0    0    0    0    0    0    0    0      0
    87    0    0    0    0    0    0    0    0    0    0    0    0    0    0    0    0    0    0    0    0      0
    88    0    0    0    0    0    0    0    0    0    0    0    0    0    0    0    0    0    0    0    0      0
    89    0    0    0    0    0    0    0    0    0    0    0    0    0    0    0    0    0    0    0    0      0
    90    0    0    0    0    0    0    0    0    0    0    0    0    0    0    0    0    0    0    0    0      0
    91    0    0    0    0    0    0    0    0    0    0    0    0    0    0    0    0    0    0    0    0      0
    92    0    0    0    0    0    0    0    0    0    0    0    0    0    0    0    0    0    0    0    0      0
    93    0    0    0    0    0    0    0    0    0    0    0    0    0    0    0    0    0    0    0    0      0
    94    0    0    0    0    0    0    0    0    0    0    0    0    0    0    0    0    0    0    0    0      0
    95    0    0    0    0    0    0    0    0    0    0    0    0    0    0    0    0    0    0    0    0      0
    96    0    0    0    0    0    0    0    0    0    0    0    0    0    0    0    0    0    0    0    0      0
    97    0    0    0    0    0    0    0    0    0    0    0    0    0    0    0    0    0    0    0    0      0
    98    0    0    0    0    0    0    0    0    0    0    0    0    0    0    0    0    0    0    0    0      0
    99    0    0    0    0    0    0    0    0    0    0    0    0    0    0    0    0    0    0    0    0      0
   100    0    0    0    0    0    0    0    0    0    0    0    0    0    0    0    0    0    0    0    0      0
     0  119  317  584  792 1061 1398 1700 2032 2439 2665 3150 3395 3622 4071 4287 4482 4634 4817 5033 5463  56061
1AZIMUTHAL ANGLE - POLAR ANGLE IN COS-INTERVALS (0.05) (BACKWARD SPUTTERED PARTICLES) , 1.LAYER , SPECIES 1

     0    1    2    3    4    5    6    7    8    9   10   11   12   13   14   15   16   17   18   19   20      0
     3    0   12   12   13   21   30   33   34   33   40   57   53   68   72   58   68   71   82   77   93    927
     6    2    8    9   19   17   34   24   22   37   35   66   58   56   82   94   90   74   84   79   87    977
     9    1    6   10   11   17   26   21   30   40   40   49   58   67   61   76   67   85   78   85   93    921
    12    1    5    6   13   23   26   30   37   38   47   52   60   62   69   75   64   75   77   95   95    950
    15    2    8   10   16   13   24   26   31   46   65   58   76   70   81   89   71   82   87   83  100   1038
    18    1    4   12   15   24   29   24   39   36   51   50   44   58   68   65   86   71   87   97   78    939
    21    1    3    8   13   19   20   25   26   42   44   55   47   67   62   68   78   79   77   96  103    933
    24    4    5    9   14   20   22   27   29   41   43   59   71   64   71   72   85   80   80   85   84    965
    27    4    5    9   11    9   23   26   45   34   39   41   44   49   69   61   85   80   76   83  113    906
    30    1    4   11   12   20   22   31   39   32   47   55   57   52   66   71   82   81   70   91   95    939
    33    3    4    8   11   17   27   30   41   49   46   61   50   79   69   69   81   91   79   80   88    983
    36    1    9    8   14   20   19   26   39   45   52   61   50   62   55   85   73   78   91   91   76    955
    39    3    9   13   14   16   33   21   36   43   37   67   67   62   54   68   53   77   61   96   92    922
    42    2    6    8   14   27   18   27   29   44   44   65   49   69   76   63   75   80   79   75   85    935
    45    3    4   11   13   14   18   37   32   35   44   57   53   45   61   81   58   72   89   77   70    874
    48    1    5   11   17   12   19   26   33   53   54   52   61   56   91   73   73   74   64   82   76    933
    51    1    2   14   15   20   27   29   37   45   46   45   59   65   65   69   74   70   80   74   89    926
    54    3    5    8   17   17   32   27   36   44   48   48   61   53   60   68   59   84   87   83   84    924
    57    1    2   14    9   21   21   27   39   35   36   50   45   57   63   82   81   79   79   93   73    907
    60    2    9   12   15   15   12   29   32   46   49   45   62   58   69   64   81   77   69   81  117    944
    63    0    7   10   20   13   20   21   25   46   46   50   51   46   65   68   84   70   92   85   98    917
    66    0    4    7   16   14   23   30   29   38   50   47   48   64   65   77   73   73   75   80  111    924
    69    3    3    3   15   10   21   15   39   35   39   54   62   59   86   58   65   75   88   79   95    904
    72    2    5   10   11   16   19   26   32   45   48   57   49   52   72   75   71   79   89   94   93    945
    75    2    6   10   15   17   23   34   44   39   37   53   58   67   63   66   75   69   95   87   90    950
    78    1    5   12   10   19   22   22   36   46   38   38   52   66   70   68   70   80   81   97   87    920
    81    5    5   16    9   15   30   30   32   41   36   59   59   61   67   77   67   84   91   77   72    933
    84    2    4    5   12   17   26   27   29   42   46   47   53   74   67   78   62   92   86   80   90    939
    87    1    4    8   18   17   20   18   34   47   49   54   46   55   71   77   77   72   82   82   80    912
    90    0    6   13   10   14   18   29   29   31   45   65   48   58   80   80   75   77   70   83   93    924
    93    1    9   17   11   14   18   34   38   36   49   33   59   64   62   73   88   78   59   77   94    914
    96    3    5   11   17   20   27   24   29   45   43   64   63   58   66   60   71   72   88   67   86    919
    99    0    4    6    6   27   24   39   31   36   36   50   47   63   56   80   69   80   64   79   74    871
   102    2    7    6    4   19   21   35   33   34   39   61   61   58   75   67   69   83   73   86  105    938
   105    3    4   11   12   20   22   29   34   40   38   42   54   44   59   71   96   76   78   95   98    926
   108    0    4    9   12   13   20   40   33   44   40   54   55   61   64   60   78   63   78   86   98    912
   111    0    7    6   11   23   27   32   41   53   43   55   61   67   66   69   73   81   68   91  102    976
   114    3    4    6    9   18   23   28   39   40   46   44   65   48   64   63   67   72   91   86  115    931
   117    5    4   11    9    9   23   28   33   43   46   51   56   52   75   67   87   78   69   88   87    921
   120    3    3    7   11   19   20   29   35   32   44   59   67   68   64   69   58   65   97   73   85    908
   123    4    7   10   15    9   12   30   31   40   53   50   69   66   68   70   84   79   71   90   94    952
   126    3    3    7   16   20   24   36   33   51   45   53   51   45   56   66   76   76   78   77   87    903
   129    0    2   12   12   17   22   23   36   46   49   49   52   73   71   53   79   82   80   74   95    927
   132    2    4    5   20   23   20   24   37   37   45   48   54   59   68   78   74   88   76   74   94    930
   135    2    2    6    9   21   24   30   32   37   44   53   52   60   77   77   74   79   92   88  106    965
   138    4    9    8   13   15   20   39   29   30   50   61   69   54   74   56   69   72   93   79   80    924
   141    3    4   13   18   17   23   36   39   33   50   48   64   65   68   78   80   71   84   76   90    960
   144    4    6   12   13   25   18   43   28   33   38   63   65   56   63   81   65   77   84   87   87    948
   147    2    6    7   12   21   30   21   37   28   45   54   56   60   78   78   80   74   90   95   72    946
   150    4    2   11   18   13   32   28   37   53   48   42   67   57   47   65   83   82   81   74   91    935
   153    0    5   17   12    8   32   29   28   43   45   51   39   47   66   79   66   80   69   79   91    886
   156    4   10   12   10   13   24   30   27   51   48   53   63   69   62   77   80   86   80   87   91    977
   159    4    5    8   17   15   21   29   29   41   47   46   56   67   77   78   63   66   74   64  100    907
   162    1    3    9   15   17   22   25   27   36   51   50   40   67   77   68   68   88  101  101   86    952
   165    1   11   10   15   18   27   25   42   45   39   51   68   55   63   75   72   75   81   65   77    915
   168    2    6    8   19   20   21   25   37   43   38   45   50   69   65   58   89   80   80   85   87    927
   171    4    5    6    9   28   31   22   40   41   45   39   44   70   62   75   86   75   72  100   91    945
   174    1    5   13   13   19   20   29   30   40   38   51   69   64   74   70   69   79   85   98   98    965
   177    1    4   11   13   23   23   39   40   38   38   53   63   64   67   80   77   79   80   71   83    947
   180    0    3   12    9   23   23   21   32   42   44   60   65   51   67   71   89   67   76   94  119    968
     0  119  317  584  792 1061 1398 1700 2032 2439 2665 3150 3395 3622 4071 4287 4482 4634 4817 5033 5463  56061
