1
      *** PROGRAM TRVMC95 ***


                              * INPUT DATA *


       Z1        M1          E0       ALPHA       EF        ESB      SHEATH     ERC
     18.00     39.95       764.00      0.00      0.10      0.00   2292.00      4.70

       NH        RI           X0        RD        CW        CA       KK0   KK0R   KDEE1  KDEE2  IPOT   IPOTR   IRL
   9999999 716381.00         0.00    100.00      2.00      1.00       2      2      3      3      1      1      3


             DX      RHO    CK  Z(,1) Z(,2) Z(,3) Z(,4) Z(,5)  M(,1)  M(,2)  M(,3)  M(,4)  M(,5) C(,1) C(,2) C(,3) C(,4) C(,5)

 1.LAYER 10000.00   2.25   1.00    6.    0.    0.    0.    0.  12.01   0.00   0.00   0.00   0.00 1.000 0.000 0.000 0.000 0.000


                           ***  SBE(LAYER,ELEMENT)  ***     ***     ED(LAYER,ELEMENT)     ***     ***   BE(LAYER,ELEMENT)  ***

 1.LAYER                   7.41  0.00  0.00  0.00  0.00     30.00   0.00   0.00   0.00   0.00     0.10  0.00  0.00  0.00  0.00


       INTERACTION POTENTIAL : PROJECTILE-TARGET : KR-C POTENTIAL     TARGET-TARGET : KR-C POTENTIAL    


       INELASTIC LOSS MODEL  : PROJECTILE-TARGET : 50% LS 50% OR      TARGET-TARGET : 50% LS 50% OR     
1

                              * OUTPUT DATA *


                 HLM       HLMT        SU       SUT        XC        RT       SFE      INEL         L        LJ
               0.0000 10000.000    3.5029 10003.503   -3.5029  9900.000      7.41         0         1         1


                NPROJ       KIB       KIT      MAXA      NALL       NPA       NSA       KIS      KIST
              2349875         0         0       2861421270274 121834722 777152640   6916504         0


            EPS0(I)       Z2(I)       M2(I)     ARHO(I)       LM(I)     PMAX(I)     ASIG(I)       SB(I)       XX(I)        NJ(I)

 1.LAYER   0.1498E-01  0.6000E+01  0.1201E+02  0.1128E+00  0.2070E+01  0.1168E+01  0.2335E+00  0.7410E+01  0.1000E+05         1


             A1(1)   A1(2)   A1(3)   A1(4)   A1(5)   A1(6)   A1(7)   A1(8)   A1(9)  A1(10)  A1(11)  A1(12)  A1(13)  A1(14)  A1(15)

           0.13193


           KOR1(1) KOR1(2) KOR1(3) KOR1(4) KOR1(5) KOR1(6) KOR1(7) KOR1(8) KOR1(9) KOR1(A) KOR1(B) KOR1(C) KOR1(D) KOR1(E) KOR1(F)

           0.73577


            A(I,1)  A(I,2)  A(I,3)  A(I,4)  A(I,5)  A(I,6)  A(I,7)  A(I,8)  A(I,9) A(I,10) A(I,11) A(I,12) A(I,13) A(I,14) A(I,15)

           0.16242


           KOR(,1) KOR(,2) KOR(,3) KOR(,4) KOR(,5) KOR(,6) KOR(,7) KOR(,8) KOR(,9) KOR(,A) KOR(,B) KOR(,C) KOR(,D) KOR(,E) KOR(,F)

           0.46963
1

         IMPLANTED PARTICLES=9999999     ENERGY=0.7640E+10 EV
     BACKSCATTERED PARTICLES=      0     ENERGY=0.0000E+00 EV
       TRANSMITTED PARTICLES=      0     ENERGY=0.0000E+00 EV
     BACKSPUTTERED PARTICLES=2091481     ENERGY=0.2762E+08 EV
    TRANSM. SPUTT. PARTICLES=      0     ENERGY=0.0000E+00 EV


  PROJECTILES :   MEAN NUMBER OF ELASTIC COLLISIONS =     13.3   MEAN NUMBER OF EL.COLL.(E > EDISPL.) =    5.536
                                                                 MEAN NUMBER OF EL.COLL.(E > SB(1))   =   11.691

                       MEAN        VARIANCE      SKEWNESS      KURTOSIS        SIGMA       ERROR 1.M     ERROR 2.M     ERROR 3.M 
  PENETRATION       2.1660E+01    3.6263E+01    3.6857E-01    2.9365E+00    6.0219E+00    1.9043E-03    1.5958E-02    7.0758E-04
       SPREAD       7.4519E+00    1.6201E+01    7.0344E-01    3.3816E+00    4.0250E+00    1.2728E-03    7.9063E-03    8.2716E-04
   PATHLENGTH       2.5723E+01    4.1068E+01    2.9812E-01    2.8645E+00    6.4084E+00    2.0265E-03    1.7733E-02    6.8526E-04
 ELASTIC LOSS       7.2652E+02    1.2834E+02                                1.1329E+01    1.1329E-06
   INEL. LOSS       3.7478E+01    1.2834E+02                                1.1329E+01    1.1329E-06

                       MEAN        VARIANCE      SKEWNESS      KURTOSIS        SIGMA       ERROR 1.M     ERROR 2.M     ERROR 3.M 
   ELAST.LOSS       4.9985E+01    5.0068E+03    3.0097E+00    1.3859E+01    7.0758E+01    6.1249E-03    1.5541E+00    4.9752E-04
 WEAK EL.LOSS       4.4510E+00    6.8972E+00    6.6499E-01    2.8641E+00    2.6263E+00    2.2733E-04    8.1514E-04    1.4867E-04
 INELAST.LOSS       2.8081E+00    3.0453E+00   -7.5465E-04    1.6934E+00    1.7451E+00    1.5106E-04    2.1951E-04    1.3051E-04
  SUBTHR.LOSS       1.3800E+01    5.9473E+01    1.3298E-01    2.2306E+00    7.7119E+00    8.7263E-04    7.4654E-03    1.4975E-04

                     1.MOMENT      2.MOMENT      3.MOMENT      4.MOMENT      5.MOMENT      6.MOMENT 
  PENETRATION       2.1660E+01    5.0540E+02    1.2598E+04    3.3300E+05    9.2739E+06    2.7064E+08



  RECOILES (PER PROJ.)   :   MEAN NUMBER OF ELASTIC COLLISIONS =    138.2   MEAN NUMBER OF EL.COLL.(E > EDISPL.) =      5.144
                                                                            MEAN NUMBER OF EL.COLL.(E > SB(1))   =     41.315

  RECOILES (PER KNOCKON) :   MEAN NUMBER OF ELASTIC COLLISIONS =    1.537   MEAN NUMBER OF EL.COLL.(E > EDISPL.) =      0.057
                                                                            MEAN NUMBER OF EL.COLL.(E > SB(1))   =      0.460

1


     DEPTH(A)  PARTICLES  NORM.DEPTH PATHLENGTH   INLOSS(EV)  TELOSS(EV)  ELLOSS(EV)  DAMAGE(EV)  PHONON(EV)  CASCAD(EV)     DPA

    -SU-    0.         0  0.0000E+00
     0.-    2.         0  0.0000E+00         0    4.9655E+07  8.9270E+08  8.6502E+08  7.9814E+08  6.6873E+07  6.7947E+08 5447034
     2.-    4.        26  0.2600E-05         0    4.9045E+07  8.5769E+08  8.2634E+08  7.5804E+08  6.8299E+07  6.4699E+08 5611771
     4.-    6.       735  0.7350E-04         0    4.5581E+07  8.2027E+08  7.8418E+08  7.1252E+08  7.1661E+07  6.0979E+08 5779375
     6.-    8.     15821  0.1582E-02        90    4.1741E+07  7.7425E+08  7.3256E+08  6.5578E+08  7.6784E+07  5.6281E+08 5867014
     8.-   10.     93967  0.9397E-02      4164    3.7676E+07  7.2162E+08  6.7377E+08  5.8984E+08  8.3926E+07  5.0762E+08 5814336
    10.-   12.    279637  0.2796E-01     34209    3.3314E+07  6.5881E+08  6.0532E+08  5.1378E+08  9.1539E+07  4.4331E+08 5556176
    12.-   14.    560247  0.5602E-01    130296    2.8710E+07  5.8562E+08  5.2845E+08  4.3127E+08  9.7176E+07  3.7301E+08 5073590
    14.-   16.    863704  0.8637E-01    313769    2.3926E+07  5.0170E+08  4.4401E+08  3.4560E+08  9.8416E+07  2.9956E+08 4391284
    16.-   18.   1117539  0.1118E+00    566106    1.9209E+07  4.1317E+08  3.5845E+08  2.6445E+08  9.3996E+07  2.2968E+08 3601845
    18.-   20.   1260100  0.1260E+00    835713    1.4799E+07  3.2542E+08  2.7668E+08  1.9212E+08  8.4554E+07  1.6716E+08 2786041
    20.-   22.   1283588  0.1284E+00   1062075    1.0899E+07  2.4442E+08  2.0362E+08  1.3212E+08  7.1499E+07  1.1514E+08 2028160
    22.-   24.   1189332  0.1189E+00   1206285    7.6605E+06  1.7476E+08  1.4267E+08  8.5873E+07  5.6798E+07  7.4944E+07 1388409
    24.-   26.   1016681  0.1017E+00   1239089    5.1215E+06  1.1854E+08  9.4852E+07  5.2559E+07  4.2293E+07  4.5930E+07  891146
    26.-   28.    802249  0.8022E-01   1172045    3.2520E+06  7.6249E+07  5.9814E+07  3.0267E+07  2.9547E+07  2.6482E+07  535885
    28.-   30.    584990  0.5850E-01   1018729    1.9550E+06  4.6319E+07  3.5632E+07  1.6305E+07  1.9327E+07  1.4282E+07  300880
    30.-   32.    396237  0.3962E-01    820601    1.1073E+06  2.6464E+07  1.9964E+07  8.1637E+06  1.1800E+07  7.1581E+06  156293
    32.-   34.    248667  0.2487E-01    608554    5.9160E+05  1.4231E+07  1.0530E+07  3.8095E+06  6.7208E+06  3.3436E+06   75770
    34.-   36.    144396  0.1444E-01    417995    2.9709E+05  7.1827E+06  5.2198E+06  1.6577E+06  3.5621E+06  1.4562E+06   34090
    36.-   38.     76674  0.7667E-02    263592    1.3866E+05  3.3633E+06  2.4009E+06  6.5856E+05  1.7423E+06  5.7895E+05   13902
    38.-   40.     37261  0.3726E-02    154063    6.0816E+04  1.4806E+06  1.0403E+06  2.4510E+05  7.9522E+05  2.1562E+05    5323
    40.-   42.     17133  0.1713E-02     81528    2.4599E+04  6.0025E+05  4.1415E+05  8.1430E+04  3.3272E+05  7.1672E+04    1806
    42.-   44.      7073  0.7073E-03     39825    9.3355E+03  2.2728E+05  1.5448E+05  2.5192E+04  1.2929E+05  2.2198E+04     582
    44.-   46.      2679  0.2679E-03     18331    3.1776E+03  7.7163E+04  5.1550E+04  7.5195E+03  4.4030E+04  6.6337E+03     182
    46.-   48.       902  0.9020E-04      7929    1.0183E+03  2.5026E+04  1.6602E+04  2.4115E+03  1.4191E+04  2.1260E+03      57
    48.-   50.       276  0.2760E-04      3228    2.7560E+02  6.6109E+03  4.2470E+03  1.7933E+02  4.0677E+03  1.5874E+02       5
    50.-   52.        66  0.6600E-05      1256    6.7610E+01  1.6222E+03  1.0499E+03  3.9969E+01  1.0100E+03  3.5311E+01       1
    52.-   54.        16  0.1600E-05       379    1.3555E+01  3.0273E+02  1.7792E+02  0.0000E+00  1.7792E+02  0.0000E+00       0
    54.-   56.         2  0.2000E-06       109    3.2324E+00  7.9967E+01  5.2314E+01  0.0000E+00  5.2314E+01  0.0000E+00       0
    56.-   58.         0  0.0000E+00        32    6.1196E-01  1.5588E+01  1.0766E+01  0.0000E+00  1.0766E+01  0.0000E+00       0
    58.-   60.         1  0.1000E-06         6    2.7084E-01  6.9688E+00  4.5782E+00  0.0000E+00  4.5782E+00  0.0000E+00       0
    60.-   62.         0  0.0000E+00         1    0.0000E+00  0.0000E+00  0.0000E+00  0.0000E+00  0.0000E+00  0.0000E+00       0
    62.-   64.         0  0.0000E+00         0    0.0000E+00  0.0000E+00  0.0000E+00  0.0000E+00  0.0000E+00  0.0000E+00       0
    64.-   66.         0  0.0000E+00         0    0.0000E+00  0.0000E+00  0.0000E+00  0.0000E+00  0.0000E+00  0.0000E+00       0
    66.-   68.         0  0.0000E+00         0    0.0000E+00  0.0000E+00  0.0000E+00  0.0000E+00  0.0000E+00  0.0000E+00       0
    68.-   70.         0  0.0000E+00         0    0.0000E+00  0.0000E+00  0.0000E+00  0.0000E+00  0.0000E+00  0.0000E+00       0
    70.-   72.         0  0.0000E+00         0    0.0000E+00  0.0000E+00  0.0000E+00  0.0000E+00  0.0000E+00  0.0000E+00       0
    72.-   74.         0  0.0000E+00         0    0.0000E+00  0.0000E+00  0.0000E+00  0.0000E+00  0.0000E+00  0.0000E+00       0
    74.-   76.         0  0.0000E+00         0    0.0000E+00  0.0000E+00  0.0000E+00  0.0000E+00  0.0000E+00  0.0000E+00       0
    76.-   78.         0  0.0000E+00         0    0.0000E+00  0.0000E+00  0.0000E+00  0.0000E+00  0.0000E+00  0.0000E+00       0
    78.-   80.         0  0.0000E+00         0    0.0000E+00  0.0000E+00  0.0000E+00  0.0000E+00  0.0000E+00  0.0000E+00       0
    80.-   82.         0  0.0000E+00         0    0.0000E+00  0.0000E+00  0.0000E+00  0.0000E+00  0.0000E+00  0.0000E+00       0
    82.-   84.         0  0.0000E+00         0    0.0000E+00  0.0000E+00  0.0000E+00  0.0000E+00  0.0000E+00  0.0000E+00       0
    84.-   86.         0  0.0000E+00         0    0.0000E+00  0.0000E+00  0.0000E+00  0.0000E+00  0.0000E+00  0.0000E+00       0
    86.-   88.         0  0.0000E+00         0    0.0000E+00  0.0000E+00  0.0000E+00  0.0000E+00  0.0000E+00  0.0000E+00       0
    88.-   90.         0  0.0000E+00         0    0.0000E+00  0.0000E+00  0.0000E+00  0.0000E+00  0.0000E+00  0.0000E+00       0
    90.-   92.         0  0.0000E+00         0    0.0000E+00  0.0000E+00  0.0000E+00  0.0000E+00  0.0000E+00  0.0000E+00       0
    92.-   94.         0  0.0000E+00         0    0.0000E+00  0.0000E+00  0.0000E+00  0.0000E+00  0.0000E+00  0.0000E+00       0
    94.-   96.         0  0.0000E+00         0    0.0000E+00  0.0000E+00  0.0000E+00  0.0000E+00  0.0000E+00  0.0000E+00       0
    96.-   98.         0  0.0000E+00         0    0.0000E+00  0.0000E+00  0.0000E+00  0.0000E+00  0.0000E+00  0.0000E+00       0
    98.-  100.         0  0.0000E+00         0    0.0000E+00  0.0000E+00  0.0000E+00  0.0000E+00  0.0000E+00  0.0000E+00       0
   100.-  102.         0  0.0000E+00         0    0.0000E+00  0.0000E+00  0.0000E+00  0.0000E+00  0.0000E+00  0.0000E+00       0
   102.-  104.         0  0.0000E+00         0    0.0000E+00  0.0000E+00  0.0000E+00  0.0000E+00  0.0000E+00  0.0000E+00       0
   104.-  106.         0  0.0000E+00         0    0.0000E+00  0.0000E+00  0.0000E+00  0.0000E+00  0.0000E+00  0.0000E+00       0
   106.-  108.         0  0.0000E+00         0    0.0000E+00  0.0000E+00  0.0000E+00  0.0000E+00  0.0000E+00  0.0000E+00       0
   108.-  110.         0  0.0000E+00         0    0.0000E+00  0.0000E+00  0.0000E+00  0.0000E+00  0.0000E+00  0.0000E+00       0
   110.-  112.         0  0.0000E+00         0    0.0000E+00  0.0000E+00  0.0000E+00  0.0000E+00  0.0000E+00  0.0000E+00       0
   112.-  114.         0  0.0000E+00         0    0.0000E+00  0.0000E+00  0.0000E+00  0.0000E+00  0.0000E+00  0.0000E+00       0
   114.-  116.         0  0.0000E+00         0    0.0000E+00  0.0000E+00  0.0000E+00  0.0000E+00  0.0000E+00  0.0000E+00       0
   116.-  118.         0  0.0000E+00         0    0.0000E+00  0.0000E+00  0.0000E+00  0.0000E+00  0.0000E+00  0.0000E+00       0
   118.-  120.         0  0.0000E+00         0    0.0000E+00  0.0000E+00  0.0000E+00  0.0000E+00  0.0000E+00  0.0000E+00       0
   120.-  122.         0  0.0000E+00         0    0.0000E+00  0.0000E+00  0.0000E+00  0.0000E+00  0.0000E+00  0.0000E+00       0
   122.-  124.         0  0.0000E+00         0    0.0000E+00  0.0000E+00  0.0000E+00  0.0000E+00  0.0000E+00  0.0000E+00       0
   124.-  126.         0  0.0000E+00         0    0.0000E+00  0.0000E+00  0.0000E+00  0.0000E+00  0.0000E+00  0.0000E+00       0
   126.-  128.         0  0.0000E+00         0    0.0000E+00  0.0000E+00  0.0000E+00  0.0000E+00  0.0000E+00  0.0000E+00       0
   128.-  130.         0  0.0000E+00         0    0.0000E+00  0.0000E+00  0.0000E+00  0.0000E+00  0.0000E+00  0.0000E+00       0
   130.-  132.         0  0.0000E+00         0    0.0000E+00  0.0000E+00  0.0000E+00  0.0000E+00  0.0000E+00  0.0000E+00       0
   132.-  134.         0  0.0000E+00         0    0.0000E+00  0.0000E+00  0.0000E+00  0.0000E+00  0.0000E+00  0.0000E+00       0
   134.-  136.         0  0.0000E+00         0    0.0000E+00  0.0000E+00  0.0000E+00  0.0000E+00  0.0000E+00  0.0000E+00       0
   136.-  138.         0  0.0000E+00         0    0.0000E+00  0.0000E+00  0.0000E+00  0.0000E+00  0.0000E+00  0.0000E+00       0
   138.-  140.         0  0.0000E+00         0    0.0000E+00  0.0000E+00  0.0000E+00  0.0000E+00  0.0000E+00  0.0000E+00       0
   140.-  142.         0  0.0000E+00         0    0.0000E+00  0.0000E+00  0.0000E+00  0.0000E+00  0.0000E+00  0.0000E+00       0
   142.-  144.         0  0.0000E+00         0    0.0000E+00  0.0000E+00  0.0000E+00  0.0000E+00  0.0000E+00  0.0000E+00       0
   144.-  146.         0  0.0000E+00         0    0.0000E+00  0.0000E+00  0.0000E+00  0.0000E+00  0.0000E+00  0.0000E+00       0
   146.-  148.         0  0.0000E+00         0    0.0000E+00  0.0000E+00  0.0000E+00  0.0000E+00  0.0000E+00  0.0000E+00       0
   148.-  150.         0  0.0000E+00         0    0.0000E+00  0.0000E+00  0.0000E+00  0.0000E+00  0.0000E+00  0.0000E+00       0
   150.-  152.         0  0.0000E+00         0    0.0000E+00  0.0000E+00  0.0000E+00  0.0000E+00  0.0000E+00  0.0000E+00       0
   152.-  154.         0  0.0000E+00         0    0.0000E+00  0.0000E+00  0.0000E+00  0.0000E+00  0.0000E+00  0.0000E+00       0
   154.-  156.         0  0.0000E+00         0    0.0000E+00  0.0000E+00  0.0000E+00  0.0000E+00  0.0000E+00  0.0000E+00       0
   156.-  158.         0  0.0000E+00         0    0.0000E+00  0.0000E+00  0.0000E+00  0.0000E+00  0.0000E+00  0.0000E+00       0
   158.-  160.         0  0.0000E+00         0    0.0000E+00  0.0000E+00  0.0000E+00  0.0000E+00  0.0000E+00  0.0000E+00       0
   160.-  162.         0  0.0000E+00         0    0.0000E+00  0.0000E+00  0.0000E+00  0.0000E+00  0.0000E+00  0.0000E+00       0
   162.-  164.         0  0.0000E+00         0    0.0000E+00  0.0000E+00  0.0000E+00  0.0000E+00  0.0000E+00  0.0000E+00       0
   164.-  166.         0  0.0000E+00         0    0.0000E+00  0.0000E+00  0.0000E+00  0.0000E+00  0.0000E+00  0.0000E+00       0
   166.-  168.         0  0.0000E+00         0    0.0000E+00  0.0000E+00  0.0000E+00  0.0000E+00  0.0000E+00  0.0000E+00       0
   168.-  170.         0  0.0000E+00         0    0.0000E+00  0.0000E+00  0.0000E+00  0.0000E+00  0.0000E+00  0.0000E+00       0
   170.-  172.         0  0.0000E+00         0    0.0000E+00  0.0000E+00  0.0000E+00  0.0000E+00  0.0000E+00  0.0000E+00       0
   172.-  174.         0  0.0000E+00         0    0.0000E+00  0.0000E+00  0.0000E+00  0.0000E+00  0.0000E+00  0.0000E+00       0
   174.-  176.         0  0.0000E+00         0    0.0000E+00  0.0000E+00  0.0000E+00  0.0000E+00  0.0000E+00  0.0000E+00       0
   176.-  178.         0  0.0000E+00         0    0.0000E+00  0.0000E+00  0.0000E+00  0.0000E+00  0.0000E+00  0.0000E+00       0
   178.-  180.         0  0.0000E+00         0    0.0000E+00  0.0000E+00  0.0000E+00  0.0000E+00  0.0000E+00  0.0000E+00       0
   180.-  182.         0  0.0000E+00         0    0.0000E+00  0.0000E+00  0.0000E+00  0.0000E+00  0.0000E+00  0.0000E+00       0
   182.-  184.         0  0.0000E+00         0    0.0000E+00  0.0000E+00  0.0000E+00  0.0000E+00  0.0000E+00  0.0000E+00       0
   184.-  186.         0  0.0000E+00         0    0.0000E+00  0.0000E+00  0.0000E+00  0.0000E+00  0.0000E+00  0.0000E+00       0
   186.-  188.         0  0.0000E+00         0    0.0000E+00  0.0000E+00  0.0000E+00  0.0000E+00  0.0000E+00  0.0000E+00       0
   188.-  190.         0  0.0000E+00         0    0.0000E+00  0.0000E+00  0.0000E+00  0.0000E+00  0.0000E+00  0.0000E+00       0
   190.-  192.         0  0.0000E+00         0    0.0000E+00  0.0000E+00  0.0000E+00  0.0000E+00  0.0000E+00  0.0000E+00       0
   192.-  194.         0  0.0000E+00         0    0.0000E+00  0.0000E+00  0.0000E+00  0.0000E+00  0.0000E+00  0.0000E+00       0
   194.-  196.         0  0.0000E+00         0    0.0000E+00  0.0000E+00  0.0000E+00  0.0000E+00  0.0000E+00  0.0000E+00       0
   196.-  198.         0  0.0000E+00         0    0.0000E+00  0.0000E+00  0.0000E+00  0.0000E+00  0.0000E+00  0.0000E+00       0
   198.-  200.         0  0.0000E+00         0    0.0000E+00  0.0000E+00  0.0000E+00  0.0000E+00  0.0000E+00  0.0000E+00       0
   200.-   SUT         0  0.0000E+00

                 9999999  1.0000E+00   9999999    3.7478E+08  7.2652E+09  6.6712E+09  5.5933E+09  1.0778E+09  4.8090E+0955360957
1
     RECOILS



     DEPTH(A)     INLOSS(EV)   TELOSS(EV)   ELLOSS(EV)   DAMAGE(EV)   PHONON(EV)     DPA  DPA(1)  DPA(2)

     0.-    2.    1.9325E+07   3.8138E+08   2.9654E+08   4.6339E+07   2.5020E+08  887697  887697       0
     2.-    4.    3.8257E+07   6.9198E+08   5.6560E+08   1.6225E+08   4.0335E+08 2669484 2669484       0
     4.-    6.    5.4202E+07   9.5435E+08   7.8527E+08   2.4045E+08   5.4483E+08 3878112 3878112       0
     6.-    8.    6.5770E+07   1.1577E+09   9.5252E+08   2.9121E+08   6.6131E+08 4715816 4715816       0
     8.-   10.    7.3294E+07   1.3005E+09   1.0674E+09   3.1829E+08   7.4910E+08 5221600 5221600       0
    10.-   12.    7.6964E+07   1.3823E+09   1.1303E+09   3.2413E+08   8.0619E+08 5413019 5413019       0
    12.-   14.    7.6944E+07   1.4014E+09   1.1407E+09   3.1141E+08   8.2931E+08 5303728 5303728       0
    14.-   16.    7.3496E+07   1.3594E+09   1.1009E+09   2.8423E+08   8.1663E+08 4935193 4935193       0
    16.-   18.    6.7149E+07   1.2612E+09   1.0158E+09   2.4686E+08   7.6893E+08 4367443 4367443       0
    18.-   20.    5.8707E+07   1.1193E+09   8.9659E+08   2.0449E+08   6.9210E+08 3684911 3684911       0
    20.-   22.    4.9142E+07   9.5048E+08   7.5727E+08   1.6204E+08   5.9523E+08 2966607 2966607       0
    22.-   24.    3.9405E+07   7.7235E+08   6.1218E+08   1.2304E+08   4.8914E+08 2286419 2286419       0
    24.-   26.    3.0269E+07   6.0055E+08   4.7366E+08   8.9491E+07   3.8417E+08 1684317 1684317       0
    26.-   28.    2.2308E+07   4.4747E+08   3.5132E+08   6.2691E+07   2.8863E+08 1193830 1193830       0
    28.-   30.    1.5793E+07   3.1979E+08   2.5005E+08   4.2338E+07   2.0771E+08  814065  814065       0
    30.-   32.    1.0767E+07   2.1979E+08   1.7127E+08   2.7704E+07   1.4357E+08  536314  536314       0
    32.-   34.    7.0815E+06   1.4548E+08   1.1305E+08   1.7662E+07   9.5383E+07  343525  343525       0
    34.-   36.    4.5113E+06   9.3094E+07   7.2178E+07   1.0976E+07   6.1202E+07  214379  214379       0
    36.-   38.    2.7975E+06   5.7902E+07   4.4831E+07   6.7284E+06   3.8103E+07  131964  131964       0
    38.-   40.    1.6967E+06   3.5201E+07   2.7234E+07   4.0813E+06   2.3153E+07   80223   80223       0
    40.-   42.    1.0132E+06   2.1020E+07   1.6262E+07   2.4291E+06   1.3833E+07   47875   47875       0
    42.-   44.    5.9919E+05   1.2430E+07   9.6162E+06   1.4418E+06   8.1744E+06   28680   28680       0
    44.-   46.    3.5110E+05   7.2860E+06   5.6365E+06   8.3419E+05   4.8023E+06   16668   16668       0
    46.-   48.    2.0533E+05   4.2694E+06   3.3034E+06   4.9031E+05   2.8130E+06    9821    9821       0
    48.-   50.    1.1878E+05   2.4722E+06   1.9110E+06   2.7808E+05   1.6329E+06    5663    5663       0
    50.-   52.    6.8643E+04   1.4344E+06   1.1068E+06   1.5196E+05   9.5484E+05    3149    3149       0
    52.-   54.    3.8967E+04   8.1718E+05   6.2899E+05   8.0958E+04   5.4803E+05    1678    1678       0
    54.-   56.    2.1953E+04   4.6332E+05   3.5656E+05   4.6114E+04   3.1045E+05     942     942       0
    56.-   58.    1.2033E+04   2.5569E+05   1.9593E+05   2.4390E+04   1.7154E+05     522     522       0
    58.-   60.    6.6286E+03   1.4029E+05   1.0713E+05   1.2687E+04   9.4442E+04     273     273       0
    60.-   62.    3.4943E+03   7.4615E+04   5.6900E+04   6.8470E+03   5.0053E+04     141     141       0
    62.-   64.    1.8284E+03   3.9370E+04   2.9881E+04   2.5549E+03   2.7326E+04      59      59       0
    64.-   66.    9.7568E+02   2.1095E+04   1.5938E+04   1.1275E+03   1.4810E+04      29      29       0
    66.-   68.    4.9623E+02   1.0877E+04   8.2821E+03   6.9304E+02   7.5890E+03      13      13       0
    68.-   70.    2.4200E+02   5.3730E+03   4.0146E+03   4.0342E+02   3.6112E+03       8       8       0
    70.-   72.    1.1673E+02   2.5394E+03   1.8814E+03   3.8165E+01   1.8432E+03       1       1       0
    72.-   74.    5.4473E+01   1.1501E+03   8.8660E+02   8.0066E+01   8.0653E+02       2       2       0
    74.-   76.    2.9111E+01   6.5673E+02   5.1263E+02   8.7082E+01   4.2555E+02       2       2       0
    76.-   78.    1.7374E+01   3.1345E+02   2.4016E+02   3.9901E+01   2.0026E+02       1       1       0
    78.-   80.    6.0633E+00   1.4614E+02   1.1187E+02   0.0000E+00   1.1187E+02       0       0       0
    80.-   82.    1.9364E+00   4.4105E+01   3.2950E+01   0.0000E+00   3.2950E+01       0       0       0
    82.-   84.    1.0726E+00   3.2502E+01   2.7140E+01   0.0000E+00   2.7140E+01       0       0       0
    84.-   86.    4.1862E-01   1.2007E+01   9.1308E+00   0.0000E+00   9.1308E+00       0       0       0
    86.-   88.    2.9282E-01   6.4218E+00   3.4135E+00   0.0000E+00   3.4135E+00       0       0       0
    88.-   90.    0.0000E+00   0.0000E+00   0.0000E+00   0.0000E+00   0.0000E+00       0       0       0
    90.-   92.    0.0000E+00   0.0000E+00   0.0000E+00   0.0000E+00   0.0000E+00       0       0       0
    92.-   94.    0.0000E+00   0.0000E+00   0.0000E+00   0.0000E+00   0.0000E+00       0       0       0
    94.-   96.    0.0000E+00   0.0000E+00   0.0000E+00   0.0000E+00   0.0000E+00       0       0       0
    96.-   98.    0.0000E+00   0.0000E+00   0.0000E+00   0.0000E+00   0.0000E+00       0       0       0
    98.-  100.    0.0000E+00   0.0000E+00   0.0000E+00   0.0000E+00   0.0000E+00       0       0       0
   100.-  102.    0.0000E+00   0.0000E+00   0.0000E+00   0.0000E+00   0.0000E+00       0       0       0
   102.-  104.    0.0000E+00   0.0000E+00   0.0000E+00   0.0000E+00   0.0000E+00       0       0       0
   104.-  106.    0.0000E+00   0.0000E+00   0.0000E+00   0.0000E+00   0.0000E+00       0       0       0
   106.-  108.    0.0000E+00   0.0000E+00   0.0000E+00   0.0000E+00   0.0000E+00       0       0       0
   108.-  110.    0.0000E+00   0.0000E+00   0.0000E+00   0.0000E+00   0.0000E+00       0       0       0
   110.-  112.    0.0000E+00   0.0000E+00   0.0000E+00   0.0000E+00   0.0000E+00       0       0       0
   112.-  114.    0.0000E+00   0.0000E+00   0.0000E+00   0.0000E+00   0.0000E+00       0       0       0
   114.-  116.    0.0000E+00   0.0000E+00   0.0000E+00   0.0000E+00   0.0000E+00       0       0       0
   116.-  118.    0.0000E+00   0.0000E+00   0.0000E+00   0.0000E+00   0.0000E+00       0       0       0
   118.-  120.    0.0000E+00   0.0000E+00   0.0000E+00   0.0000E+00   0.0000E+00       0       0       0
   120.-  122.    0.0000E+00   0.0000E+00   0.0000E+00   0.0000E+00   0.0000E+00       0       0       0
   122.-  124.    0.0000E+00   0.0000E+00   0.0000E+00   0.0000E+00   0.0000E+00       0       0       0
   124.-  126.    0.0000E+00   0.0000E+00   0.0000E+00   0.0000E+00   0.0000E+00       0       0       0
   126.-  128.    0.0000E+00   0.0000E+00   0.0000E+00   0.0000E+00   0.0000E+00       0       0       0
   128.-  130.    0.0000E+00   0.0000E+00   0.0000E+00   0.0000E+00   0.0000E+00       0       0       0
   130.-  132.    0.0000E+00   0.0000E+00   0.0000E+00   0.0000E+00   0.0000E+00       0       0       0
   132.-  134.    0.0000E+00   0.0000E+00   0.0000E+00   0.0000E+00   0.0000E+00       0       0       0
   134.-  136.    0.0000E+00   0.0000E+00   0.0000E+00   0.0000E+00   0.0000E+00       0       0       0
   136.-  138.    0.0000E+00   0.0000E+00   0.0000E+00   0.0000E+00   0.0000E+00       0       0       0
   138.-  140.    0.0000E+00   0.0000E+00   0.0000E+00   0.0000E+00   0.0000E+00       0       0       0
   140.-  142.    0.0000E+00   0.0000E+00   0.0000E+00   0.0000E+00   0.0000E+00       0       0       0
   142.-  144.    0.0000E+00   0.0000E+00   0.0000E+00   0.0000E+00   0.0000E+00       0       0       0
   144.-  146.    0.0000E+00   0.0000E+00   0.0000E+00   0.0000E+00   0.0000E+00       0       0       0
   146.-  148.    0.0000E+00   0.0000E+00   0.0000E+00   0.0000E+00   0.0000E+00       0       0       0
   148.-  150.    0.0000E+00   0.0000E+00   0.0000E+00   0.0000E+00   0.0000E+00       0       0       0
   150.-  152.    0.0000E+00   0.0000E+00   0.0000E+00   0.0000E+00   0.0000E+00       0       0       0
   152.-  154.    0.0000E+00   0.0000E+00   0.0000E+00   0.0000E+00   0.0000E+00       0       0       0
   154.-  156.    0.0000E+00   0.0000E+00   0.0000E+00   0.0000E+00   0.0000E+00       0       0       0
   156.-  158.    0.0000E+00   0.0000E+00   0.0000E+00   0.0000E+00   0.0000E+00       0       0       0
   158.-  160.    0.0000E+00   0.0000E+00   0.0000E+00   0.0000E+00   0.0000E+00       0       0       0
   160.-  162.    0.0000E+00   0.0000E+00   0.0000E+00   0.0000E+00   0.0000E+00       0       0       0
   162.-  164.    0.0000E+00   0.0000E+00   0.0000E+00   0.0000E+00   0.0000E+00       0       0       0
   164.-  166.    0.0000E+00   0.0000E+00   0.0000E+00   0.0000E+00   0.0000E+00       0       0       0
   166.-  168.    0.0000E+00   0.0000E+00   0.0000E+00   0.0000E+00   0.0000E+00       0       0       0
   168.-  170.    0.0000E+00   0.0000E+00   0.0000E+00   0.0000E+00   0.0000E+00       0       0       0
   170.-  172.    0.0000E+00   0.0000E+00   0.0000E+00   0.0000E+00   0.0000E+00       0       0       0
   172.-  174.    0.0000E+00   0.0000E+00   0.0000E+00   0.0000E+00   0.0000E+00       0       0       0
   174.-  176.    0.0000E+00   0.0000E+00   0.0000E+00   0.0000E+00   0.0000E+00       0       0       0
   176.-  178.    0.0000E+00   0.0000E+00   0.0000E+00   0.0000E+00   0.0000E+00       0       0       0
   178.-  180.    0.0000E+00   0.0000E+00   0.0000E+00   0.0000E+00   0.0000E+00       0       0       0
   180.-  182.    0.0000E+00   0.0000E+00   0.0000E+00   0.0000E+00   0.0000E+00       0       0       0
   182.-  184.    0.0000E+00   0.0000E+00   0.0000E+00   0.0000E+00   0.0000E+00       0       0       0
   184.-  186.    0.0000E+00   0.0000E+00   0.0000E+00   0.0000E+00   0.0000E+00       0       0       0
   186.-  188.    0.0000E+00   0.0000E+00   0.0000E+00   0.0000E+00   0.0000E+00       0       0       0
   188.-  190.    0.0000E+00   0.0000E+00   0.0000E+00   0.0000E+00   0.0000E+00       0       0       0
   190.-  192.    0.0000E+00   0.0000E+00   0.0000E+00   0.0000E+00   0.0000E+00       0       0       0
   192.-  194.    0.0000E+00   0.0000E+00   0.0000E+00   0.0000E+00   0.0000E+00       0       0       0
   194.-  196.    0.0000E+00   0.0000E+00   0.0000E+00   0.0000E+00   0.0000E+00       0       0       0
   196.-  198.    0.0000E+00   0.0000E+00   0.0000E+00   0.0000E+00   0.0000E+00       0       0       0
   198.-  200.    0.0000E+00   0.0000E+00   0.0000E+00   0.0000E+00   0.0000E+00       0       0       0

                  7.9032E+08   1.4702E+10   1.1864E+10   2.9822E+09   8.8817E+095144417351444173       0
1     BACKWARD SPUTTERING



        ALL SPUTTERED PARTICLES = 2091481   TOTAL SPUTTERED ENERGY = 0.2762E+08 EV


        SPUTTERED PARTICLES (1.LAYER) = 2091481   SPUTTERED ENERGY = 0.2762E+08 EV


 1.LAYER
         SPUTTERED PARTICLES(1) = 2091481     SPUTTERED ENERGY(1) = 0.2762E+08 EV

         ION IN , PRIMARY KO(1) =  476685   0.2279   0.2279    ENERGY = 0.8827E+07 EV   0.3196   0.3196    MEAN ENERGY = 0.1852E+02
         ION IN , SECOND. KO(1) = 1614792   0.7721   0.7721    ENERGY = 0.1879E+08 EV   0.6804   0.6804    MEAN ENERGY = 0.1164E+02
        ION OUT , PRIMARY KO(1) =       0   0.0000   0.0000    ENERGY = 0.0000E+00 EV   0.0000   0.0000    MEAN ENERGY = 0.0000E+00
        ION OUT , SECOND. KO(1) =       4   0.0000   0.0000    ENERGY = 0.2391E+02 EV   0.0000   0.0000    MEAN ENERGY = 0.5978E+01


     SPUTTERING YIELD(1) =  2.091E-01  SPUTTERED ENERGY(1) =  3.615E-03  REL.MEAN ENERGY(1) =  1.728E-02  MEAN ENERGY(1) =  1.320E+01

                       MEAN        VARIANCE      SKEWNESS      KURTOSIS        SIGMA       ERROR 1.M     ERROR 2.M     ERROR 3.M 
    ENERGY(1)       1.3204E+01    1.7180E+02    2.3083E+00    1.0896E+01    1.3107E+01    9.0633E-03    3.7372E-01    6.1467E-03
 LOGENERGY(1)       9.2582E-01    1.9463E-01   -4.3330E-01    3.2230E+00    4.4117E-01    3.0511E-04    2.0069E-04    1.7624E-03

                     1.MOMENT      2.MOMENT      3.MOMENT      4.MOMENT      5.MOMENT      6.MOMENT 
    ENERGY(1)       1.3204E+01    3.4614E+02    1.4305E+04    8.0627E+05    5.6665E+07    4.6939E+09
 LOGENERGY(1)       9.2582E-01    1.0518E+00    1.2969E+00    1.7200E+00    2.3975E+00    3.4900E+00



     POLAR ANGULAR DISTRIBUTION OF ALL BACKWARD SPUTTERED PARTICLES


       0.00  0.00  0.00  0.00  0.00  0.00  0.00  0.00  0.00  0.00  0.00  0.00  0.00  0.00  0.00  0.00  0.00  0.00  0.00  0.00

       5422 16475 27970 38564 50304 62373 75812 87960100279112034123210134163143197150242156305159687161587162251161582162064
      0.052 0.158 0.267 0.369 0.481 0.596 0.725 0.841 0.959 1.071 1.178 1.283 1.369 1.437 1.495 1.527 1.545 1.552 1.545 1.550
1 LOG ENERGY - COS OF EMISSION ANGLE (0.05 STEPS)   (BACKWARD SPUTTERED PARTICLES) ; 1. LAYER ; SPECIES 1


   0.0000E+00    1    2    3    4    5    6    7    8    9   10   11   12   13   14   15   16   17   18   19   20     0  0.0000E+00
   0.1000E+00    4    5    8   15   26   27   21   24   39   31   38   55   46   46   65   67   59   78   68   79   801  0.8010E-03
   0.1212E+00    0    0    0    0    0    0    0    0    0    0    0    0    0    0    0    0    0    0    0    0     0  0.0000E+00
   0.1468E+00    0    0    0    0    0    0    0    0    0    0    0    0    0    0    0    0    0    0    0    0     0  0.0000E+00
   0.1778E+00    0    0    0    0    0    0    0    0    0    0    0    0    0    0    0    0    0    0    0    0     0  0.0000E+00
   0.2154E+00    0    0    0    0    0    0    0    0    0    0    0    0    0    0    0    0    0    0    0    0     0  0.0000E+00
   0.2610E+00    0    0    0    0    0    0    0    0    0    0    0    0    0    0    0    0    0    0    0    0     0  0.0000E+00
   0.3162E+00    0    0    0    0    0    0    0    0    0    0    0    0    0    0    0    0    0    0    0    0     0  0.0000E+00
   0.3831E+00    0    0    0    0    0    0    0    0    0    0    0    0    0    0    0    0    0    0    0    0     0  0.0000E+00
   0.4642E+00    0    0    0    0    0    0    0    0    0    0    0    0    0    0    0    0    0    0    0    0     0  0.0000E+00
   0.5623E+00    0    0    0    0    0    0    0    0    0    0    0    0    0    0    0    0    0    0    0    0     0  0.0000E+00
   0.6813E+00    0    0    0    0    0    0    0    0    0    0    0    0    0    0    0    0    0    0    0    0     0  0.0000E+00
   0.8254E+00    0    0    0    0    0    0    0    0    0    0    0    0    0    0    0    0    0    0    0    0     0  0.0000E+00
   0.1000E+01    0    0    0    0    0    0    0    0    0    0    0    0    0    0    0    0    0    0    0    0     0  0.0000E+00
   0.1212E+01    0    0    0    0    0    0    0    0    0    0    0    0    0    0    0    0    0    0    0    0     0  0.0000E+00
   0.1468E+01    0    0    0    0    0    0    0    0    0    0    0    0    0    0    0    0    0    0    0    0     0  0.0000E+00
   0.1778E+01    0    0    0    0    0    0    0    0    0    0    0    0    0    0    0    0    0    0    0    0     0  0.0000E+00
   0.2154E+01    0    0    0    0    0    0    0    0    0    0    0    0    0    0    0    0    0    0    0    0     0  0.0000E+00
   0.2610E+01    0    0    0    0    0    0    0    0    0    0    0    0    0    0    0    0    0    0    0    0     0  0.0000E+00
   0.3162E+01    0    0    0    0    0    0    0    0    0    0    0    0    0    0    0    0    0    0    0    0     0  0.0000E+00
   0.3831E+01    0    0    0    0    0    0    0    0    0    0    0    0    0    0    0    0    0    0    0    0     0  0.0000E+00
   0.4642E+01    0    0    0    0    0    0    0    0    0    0    0    0    0    0    0    0    0    0    0    0     0  0.0000E+00
   0.5623E+01    0    0    0    0    0    0    0    0    0    0    0    0    0    0    0    0    0    0    0    0     0  0.0000E+00
   0.6813E+01    0    0    0    0    0    0    0    0    0    0    0    0    0    0    0    0    0    0    0    0     0  0.0000E+00
   0.8254E+01    0    0    0    0    0    0    0    0    0    0    0    0    0    0    0    0    0    0    0    0     0  0.0000E+00
   0.1000E+02    0    0    0    0    0    0    0    0    0    0    0    0    0    0    0    0    0    0    0    0     0  0.0000E+00
   0.1212E+02    0    0    0    0    0    0    0    0    0    0    0    0    0    0    0    0    0    0    0    0     0  0.0000E+00
   0.1468E+02    0    0    0    0    0    0    0    0    0    0    0    0    0    0    0    0    0    0    0    0     0  0.0000E+00
   0.1778E+02    0    0    0    0    0    0    0    0    0    0    0    0    0    0    0    0    0    0    0    0     0  0.0000E+00
   0.2154E+02    0    0    0    0    0    0    0    0    0    0    0    0    0    0    0    0    0    0    0    0     0  0.0000E+00
   0.2610E+02    0    0    0    0    0    0    0    0    0    0    0    0    0    0    0    0    0    0    0    0     0  0.0000E+00
   0.3162E+02    0    0    0    0    0    0    0    0    0    0    0    0    0    0    0    0    0    0    0    0     0  0.0000E+00
   0.3831E+02    0    0    0    0    0    0    0    0    0    0    0    0    0    0    0    0    0    0    0    0     0  0.0000E+00
   0.4642E+02    0    0    0    0    0    0    0    0    0    0    0    0    0    0    0    0    0    0    0    0     0  0.0000E+00
   0.5623E+02    0    0    0    0    0    0    0    0    0    0    0    0    0    0    0    0    0    0    0    0     0  0.0000E+00
   0.6813E+02    0    0    0    0    0    0    0    0    0    0    0    0    0    0    0    0    0    0    0    0     0  0.0000E+00
   0.8254E+02    0    0    0    0    0    0    0    0    0    0    0    0    0    0    0    0    0    0    0    0     0  0.0000E+00
   0.1000E+03    0    0    0    0    0    0    0    0    0    0    0    0    0    0    0    0    0    0    0    0     0  0.0000E+00
   0.1212E+03    0    0    0    0    0    0    0    0    0    0    0    0    0    0    0    0    0    0    0    0     0  0.0000E+00
   0.1468E+03    0    0    0    0    0    0    0    0    0    0    0    0    0    0    0    0    0    0    0    0     0  0.0000E+00
   0.1778E+03    0    0    0    0    0    0    0    0    0    0    0    0    0    0    0    0    0    0    0    0     0  0.0000E+00
   0.2154E+03    0    0    0    0    0    0    0    0    0    0    0    0    0    0    0    0    0    0    0    0     0  0.0000E+00
   0.2610E+03    0    0    0    0    0    0    0    0    0    0    0    0    0    0    0    0    0    0    0    0     0  0.0000E+00
   0.3162E+03    0    0    0    0    0    0    0    0    0    0    0    0    0    0    0    0    0    0    0    0     0  0.0000E+00
   0.3831E+03    0    0    0    0    0    0    0    0    0    0    0    0    0    0    0    0    0    0    0    0     0  0.0000E+00
   0.4642E+03    0    0    0    0    0    0    0    0    0    0    0    0    0    0    0    0    0    0    0    0     0  0.0000E+00
   0.5623E+03    0    0    0    0    0    0    0    0    0    0    0    0    0    0    0    0    0    0    0    0     0  0.0000E+00
   0.6813E+03    0    0    0    0    0    0    0    0    0    0    0    0    0    0    0    0    0    0    0    0     0  0.0000E+00
   0.8254E+03    0    0    0    0    0    0    0    0    0    0    0    0    0    0    0    0    0    0    0    0     0  0.0000E+00
   0.1000E+04    0    0    0    0    0    0    0    0    0    0    0    0    0    0    0    0    0    0    0    0     0  0.0000E+00
   0.1212E+04    0    0    0    0    0    0    0    0    0    0    0    0    0    0    0    0    0    0    0    0     0  0.0000E+00
   0.1468E+04    0    0    0    0    0    0    0    0    0    0    0    0    0    0    0    0    0    0    0    0     0  0.0000E+00
   0.1778E+04    0    0    0    0    0    0    0    0    0    0    0    0    0    0    0    0    0    0    0    0     0  0.0000E+00
   0.2154E+04    0    0    0    0    0    0    0    0    0    0    0    0    0    0    0    0    0    0    0    0     0  0.0000E+00
   0.2610E+04    0    0    0    0    0    0    0    0    0    0    0    0    0    0    0    0    0    0    0    0     0  0.0000E+00
   0.3162E+04    0    0    0    0    0    0    0    0    0    0    0    0    0    0    0    0    0    0    0    0     0  0.0000E+00
   0.3831E+04    0    0    0    0    0    0    0    0    0    0    0    0    0    0    0    0    0    0    0    0     0  0.0000E+00
   0.4642E+04    0    0    0    0    0    0    0    0    0    0    0    0    0    0    0    0    0    0    0    0     0  0.0000E+00
   0.5623E+04    0    0    0    0    0    0    0    0    0    0    0    0    0    0    0    0    0    0    0    0     0  0.0000E+00
   0.6813E+04    0    0    0    0    0    0    0    0    0    0    0    0    0    0    0    0    0    0    0    0     0  0.0000E+00
   0.8254E+04    0    0    0    0    0    0    0    0    0    0    0    0    0    0    0    0    0    0    0    0     0  0.0000E+00
   0.1000E+05    0    0    0    0    0    0    0    0    0    0    0    0    0    0    0    0    0    0    0    0     0  0.0000E+00
   0.1212E+05    0    0    0    0    0    0    0    0    0    0    0    0    0    0    0    0    0    0    0    0     0  0.0000E+00
   0.1468E+05    0    0    0    0    0    0    0    0    0    0    0    0    0    0    0    0    0    0    0    0     0  0.0000E+00
   0.1778E+05    0    0    0    0    0    0    0    0    0    0    0    0    0    0    0    0    0    0    0    0     0  0.0000E+00
   0.2154E+05    0    0    0    0    0    0    0    0    0    0    0    0    0    0    0    0    0    0    0    0     0  0.0000E+00
   0.2610E+05    0    0    0    0    0    0    0    0    0    0    0    0    0    0    0    0    0    0    0    0     0  0.0000E+00
   0.3162E+05    0    0    0    0    0    0    0    0    0    0    0    0    0    0    0    0    0    0    0    0     0  0.0000E+00
   0.3831E+05    0    0    0    0    0    0    0    0    0    0    0    0    0    0    0    0    0    0    0    0     0  0.0000E+00
   0.4642E+05    0    0    0    0    0    0    0    0    0    0    0    0    0    0    0    0    0    0    0    0     0  0.0000E+00
   0.5623E+05    0    0    0    0    0    0    0    0    0    0    0    0    0    0    0    0    0    0    0    0     0  0.0000E+00
   0.6813E+05    0    0    0    0    0    0    0    0    0    0    0    0    0    0    0    0    0    0    0    0     0  0.0000E+00
   0.8254E+05    0    0    0    0    0    0    0    0    0    0    0    0    0    0    0    0    0    0    0    0     0  0.0000E+00
   0.1000E+06    0    0    0    0    0    0    0    0    0    0    0    0    0    0    0    0    0    0    0    0     0  0.0000E+00
   0.0000E+0010840329455593277113**************************************************************************************  0.0000E+00
1ENERGY(E/E0 IN %) - POLAR ANGLE IN COS-INTERVALS (0.05)  (BACKWARD SPUTTERED PARTICLES) , 1.LAYER , SPECIES 1

     0    1    2    3    4    5    6    7    8    9   10   11   12   13   14   15   16   17   18   19   20      0
     1 2403 7270119891648221456259533081835276400604410848721533465762261559660747014972923775748079884792 909373
     2 1510 4582 78911085513992173802087023846267253027832801356513778940017417994293143950437114352443704 563806
     3  777 2345 4059 5500 7054 85401077312399142011579717370188072010720848210032106420940195381881817880 277820
     4  358 1127 2033 2698 3528 4688 5785 6892 7921 8700 9694105411104111519114331097310416 9955 8760 7914 145976
     5  200  565  984 1439 1997 2520 3243 3917 4475 5185 5627 6109 6481 6516 6502 5952 5730 5064 4489 3820  80815
     6   85  297  519  738 1067 1428 1849 2330 2753 3124 3563 3648 3899 3789 3719 3396 3160 2728 2317 1890  46299
     7   43  151  240  405  544  849 1021 1339 1605 1817 2090 2290 2519 2352 2298 2109 1872 1575 1279  966  27364
     8   18   83  128  204  309  457  615  792  958 1160 1313 1418 1417 1360 1349 1239 1052  882  716  536  16006
     9   11   28   55  118  160  246  374  520  668  719  843  926  909  876  822  744  638  524  382  279   9842
    10   10   13   38   62   94  137  197  269  369  440  495  539  567  555  482  467  369  287  233  123   5746
    11    3    8   20   34   50   83  115  143  223  285  283  339  342  328  339  270  197  184  114   75   3435
    12    3    4    6   10   28   43   63  123  147  183  163  219  184  193  201  166  156  105   65   52   2114
    13    0    1    3   10   14   26   31   43   85  115   98  133  144  142  116  106   77   48   45   14   1251
    14    1    1    3    5    6    8   28   28   45   51   62   88   71   96   66   41   47   36   19    9    711
    15    0    0    1    4    3    8   14   24   14   31   38   50   37   46   44   35   27   17   14    4    411
    16    0    0    0    0    2    2    7    8    8   18   24   23   29   17   25   26   19    6    8    4    226
    17    0    0    1    0    0    3    4    5   10   12   14   14   11   12   16    7    8   10    1    0    128
    18    0    0    0    0    0    0    1    5    7    4    4    9   15    7   10    5    3    3    0    0     73
    19    0    0    0    0    0    0    2    0    3    7    2    7    6    7    3    3    3    2    0    1     46
    20    0    0    0    0    0    0    1    0    2    0    4    5    3    1    2    1    0    1    0    0     20
    21    0    0    0    0    0    1    0    0    0    0    0    0    2    0    2    2    0    0    0    0      7
    22    0    0    0    0    0    1    1    1    0    0    1    1    1    1    0    0    0    1    0    0      8
    23    0    0    0    0    0    0    0    0    0    0    0    0    1    1    0    1    0    0    0    1      4
    24    0    0    0    0    0    0    0    0    0    0    0    0    0    0    0    0    0    0    0    0      0
    25    0    0    0    0    0    0    0    0    0    0    0    0    0    0    0    0    0    0    0    0      0
    26    0    0    0    0    0    0    0    0    0    0    0    0    0    0    0    0    0    0    0    0      0
    27    0    0    0    0    0    0    0    0    0    0    0    0    0    0    0    0    0    0    0    0      0
    28    0    0    0    0    0    0    0    0    0    0    0    0    0    0    0    0    0    0    0    0      0
    29    0    0    0    0    0    0    0    0    0    0    0    0    0    0    0    0    0    0    0    0      0
    30    0    0    0    0    0    0    0    0    0    0    0    0    0    0    0    0    0    0    0    0      0
    31    0    0    0    0    0    0    0    0    0    0    0    0    0    0    0    0    0    0    0    0      0
    32    0    0    0    0    0    0    0    0    0    0    0    0    0    0    0    0    0    0    0    0      0
    33    0    0    0    0    0    0    0    0    0    0    0    0    0    0    0    0    0    0    0    0      0
    34    0    0    0    0    0    0    0    0    0    0    0    0    0    0    0    0    0    0    0    0      0
    35    0    0    0    0    0    0    0    0    0    0    0    0    0    0    0    0    0    0    0    0      0
    36    0    0    0    0    0    0    0    0    0    0    0    0    0    0    0    0    0    0    0    0      0
    37    0    0    0    0    0    0    0    0    0    0    0    0    0    0    0    0    0    0    0    0      0
    38    0    0    0    0    0    0    0    0    0    0    0    0    0    0    0    0    0    0    0    0      0
    39    0    0    0    0    0    0    0    0    0    0    0    0    0    0    0    0    0    0    0    0      0
    40    0    0    0    0    0    0    0    0    0    0    0    0    0    0    0    0    0    0    0    0      0
    41    0    0    0    0    0    0    0    0    0    0    0    0    0    0    0    0    0    0    0    0      0
    42    0    0    0    0    0    0    0    0    0    0    0    0    0    0    0    0    0    0    0    0      0
    43    0    0    0    0    0    0    0    0    0    0    0    0    0    0    0    0    0    0    0    0      0
    44    0    0    0    0    0    0    0    0    0    0    0    0    0    0    0    0    0    0    0    0      0
    45    0    0    0    0    0    0    0    0    0    0    0    0    0    0    0    0    0    0    0    0      0
    46    0    0    0    0    0    0    0    0    0    0    0    0    0    0    0    0    0    0    0    0      0
    47    0    0    0    0    0    0    0    0    0    0    0    0    0    0    0    0    0    0    0    0      0
    48    0    0    0    0    0    0    0    0    0    0    0    0    0    0    0    0    0    0    0    0      0
    49    0    0    0    0    0    0    0    0    0    0    0    0    0    0    0    0    0    0    0    0      0
    50    0    0    0    0    0    0    0    0    0    0    0    0    0    0    0    0    0    0    0    0      0
    51    0    0    0    0    0    0    0    0    0    0    0    0    0    0    0    0    0    0    0    0      0
    52    0    0    0    0    0    0    0    0    0    0    0    0    0    0    0    0    0    0    0    0      0
    53    0    0    0    0    0    0    0    0    0    0    0    0    0    0    0    0    0    0    0    0      0
    54    0    0    0    0    0    0    0    0    0    0    0    0    0    0    0    0    0    0    0    0      0
    55    0    0    0    0    0    0    0    0    0    0    0    0    0    0    0    0    0    0    0    0      0
    56    0    0    0    0    0    0    0    0    0    0    0    0    0    0    0    0    0    0    0    0      0
    57    0    0    0    0    0    0    0    0    0    0    0    0    0    0    0    0    0    0    0    0      0
    58    0    0    0    0    0    0    0    0    0    0    0    0    0    0    0    0    0    0    0    0      0
    59    0    0    0    0    0    0    0    0    0    0    0    0    0    0    0    0    0    0    0    0      0
    60    0    0    0    0    0    0    0    0    0    0    0    0    0    0    0    0    0    0    0    0      0
    61    0    0    0    0    0    0    0    0    0    0    0    0    0    0    0    0    0    0    0    0      0
    62    0    0    0    0    0    0    0    0    0    0    0    0    0    0    0    0    0    0    0    0      0
    63    0    0    0    0    0    0    0    0    0    0    0    0    0    0    0    0    0    0    0    0      0
    64    0    0    0    0    0    0    0    0    0    0    0    0    0    0    0    0    0    0    0    0      0
    65    0    0    0    0    0    0    0    0    0    0    0    0    0    0    0    0    0    0    0    0      0
    66    0    0    0    0    0    0    0    0    0    0    0    0    0    0    0    0    0    0    0    0      0
    67    0    0    0    0    0    0    0    0    0    0    0    0    0    0    0    0    0    0    0    0      0
    68    0    0    0    0    0    0    0    0    0    0    0    0    0    0    0    0    0    0    0    0      0
    69    0    0    0    0    0    0    0    0    0    0    0    0    0    0    0    0    0    0    0    0      0
    70    0    0    0    0    0    0    0    0    0    0    0    0    0    0    0    0    0    0    0    0      0
    71    0    0    0    0    0    0    0    0    0    0    0    0    0    0    0    0    0    0    0    0      0
    72    0    0    0    0    0    0    0    0    0    0    0    0    0    0    0    0    0    0    0    0      0
    73    0    0    0    0    0    0    0    0    0    0    0    0    0    0    0    0    0    0    0    0      0
    74    0    0    0    0    0    0    0    0    0    0    0    0    0    0    0    0    0    0    0    0      0
    75    0    0    0    0    0    0    0    0    0    0    0    0    0    0    0    0    0    0    0    0      0
    76    0    0    0    0    0    0    0    0    0    0    0    0    0    0    0    0    0    0    0    0      0
    77    0    0    0    0    0    0    0    0    0    0    0    0    0    0    0    0    0    0    0    0      0
    78    0    0    0    0    0    0    0    0    0    0    0    0    0    0    0    0    0    0    0    0      0
    79    0    0    0    0    0    0    0    0    0    0    0    0    0    0    0    0    0    0    0    0      0
    80    0    0    0    0    0    0    0    0    0    0    0    0    0    0    0    0    0    0    0    0      0
    81    0    0    0    0    0    0    0    0    0    0    0    0    0    0    0    0    0    0    0    0      0
    82    0    0    0    0    0    0    0    0    0    0    0    0    0    0    0    0    0    0    0    0      0
    83    0    0    0    0    0    0    0    0    0    0    0    0    0    0    0    0    0    0    0    0      0
    84    0    0    0    0    0    0    0    0    0    0    0    0    0    0    0    0    0    0    0    0      0
    85    0    0    0    0    0    0    0    0    0    0    0    0    0    0    0    0    0    0    0    0      0
    86    0    0    0    0    0    0    0    0    0    0    0    0    0    0    0    0    0    0    0    0      0
    87    0    0    0    0    0    0    0    0    0    0    0    0    0    0    0    0    0    0    0    0      0
    88    0    0    0    0    0    0    0    0    0    0    0    0    0    0    0    0    0    0    0    0      0
    89    0    0    0    0    0    0    0    0    0    0    0    0    0    0    0    0    0    0    0    0      0
    90    0    0    0    0    0    0    0    0    0    0    0    0    0    0    0    0    0    0    0    0      0
    91    0    0    0    0    0    0    0    0    0    0    0    0    0    0    0    0    0    0    0    0      0
    92    0    0    0    0    0    0    0    0    0    0    0    0    0    0    0    0    0    0    0    0      0
    93    0    0    0    0    0    0    0    0    0    0    0    0    0    0    0    0    0    0    0    0      0
    94    0    0    0    0    0    0    0    0    0    0    0    0    0    0    0    0    0    0    0    0      0
    95    0    0    0    0    0    0    0    0    0    0    0    0    0    0    0    0    0    0    0    0      0
    96    0    0    0    0    0    0    0    0    0    0    0    0    0    0    0    0    0    0    0    0      0
    97    0    0    0    0    0    0    0    0    0    0    0    0    0    0    0    0    0    0    0    0      0
    98    0    0    0    0    0    0    0    0    0    0    0    0    0    0    0    0    0    0    0    0      0
    99    0    0    0    0    0    0    0    0    0    0    0    0    0    0    0    0    0    0    0    0      0
   100    0    0    0    0    0    0    0    0    0    0    0    0    0    0    0    0    0    0    0    0      0
     0 542216475279703856450304623737581287960************************************************************2091481
1AZIMUTHAL ANGLE - POLAR ANGLE IN COS-INTERVALS (0.05) (BACKWARD SPUTTERED PARTICLES) , 1.LAYER , SPECIES 1

     0    1    2    3    4    5    6    7    8    9   10   11   12   13   14   15   16   17   18   19   20      0
     3  102  284  480  612  860 1010 1244 1448 1638 1836 1988 2215 2426 2429 2626 2672 2693 2683 2664 2787  34697
     6   93  269  437  624  791 1028 1290 1400 1626 1861 2061 2191 2304 2477 2593 2715 2642 2858 2683 2633  34576
     9   77  303  462  636  863 1091 1298 1466 1622 1859 2071 2192 2403 2569 2560 2611 2678 2639 2784 2692  34876
    12   83  273  471  657  815 1089 1251 1456 1613 1945 2021 2311 2368 2453 2502 2618 2674 2723 2687 2627  34637
    15  112  273  441  649  827 1071 1291 1447 1659 1922 2032 2311 2409 2527 2622 2618 2693 2683 2731 2694  35012
    18   87  263  463  649  871 1068 1294 1431 1748 1890 2027 2285 2426 2537 2582 2675 2660 2680 2621 2656  34913
    21   92  265  473  643  807  972 1260 1450 1728 1920 2113 2303 2332 2500 2592 2650 2712 2660 2596 2711  34779
    24   81  291  451  659  894 1046 1250 1418 1730 1814 2139 2229 2413 2581 2617 2563 2646 2657 2707 2681  34867
    27   93  265  468  610  861 1061 1270 1441 1656 1858 2077 2229 2307 2460 2581 2670 2708 2677 2709 2755  34756
    30   95  290  483  628  829 1022 1338 1473 1744 1876 2114 2221 2440 2594 2660 2680 2693 2804 2669 2812  35465
    33   92  276  483  635  845 1003 1226 1556 1631 1770 2023 2276 2416 2530 2656 2671 2692 2695 2710 2774  34960
    36  102  262  464  647  807 1036 1269 1457 1757 1907 1950 2236 2442 2554 2592 2715 2593 2728 2722 2786  35026
    39   83  270  439  619  813 1051 1303 1471 1617 1882 2078 2264 2333 2550 2577 2642 2678 2708 2620 2740  34738
    42   85  287  485  675  835 1076 1299 1453 1712 1845 2058 2314 2390 2535 2637 2724 2701 2792 2612 2641  35156
    45   73  267  459  673  854  963 1303 1461 1647 1897 2086 2264 2378 2580 2592 2730 2806 2776 2759 2695  35263
    48   88  295  461  651  781 1014 1243 1440 1624 1879 2003 2313 2352 2386 2600 2652 2733 2668 2680 2647  34510
    51  105  271  444  662  876 1039 1262 1467 1699 1890 2081 2179 2376 2607 2567 2678 2706 2757 2700 2611  34977
    54   85  269  466  623  819 1058 1242 1395 1680 1886 2051 2237 2402 2506 2594 2652 2661 2642 2723 2720  34711
    57  108  249  446  670  860 1078 1257 1507 1673 1819 2016 2251 2284 2549 2547 2681 2619 2745 2650 2731  34740
    60   61  269  468  592  867 1076 1298 1418 1667 1920 2109 2365 2297 2445 2681 2662 2708 2673 2588 2657  34821
    63   92  287  486  621  817 1087 1253 1423 1645 1870 2141 2308 2351 2415 2676 2636 2628 2771 2769 2796  35072
    66   89  261  460  605  829 1068 1250 1496 1735 1820 2117 2159 2312 2431 2608 2622 2695 2718 2655 2574  34504
    69   89  283  464  612  825 1032 1319 1469 1668 1854 2052 2316 2416 2488 2555 2755 2731 2738 2709 2754  35129
    72   78  298  481  631  875 1059 1280 1471 1698 1866 1980 2171 2427 2537 2649 2674 2734 2732 2733 2660  35034
    75  114  266  465  628  792 1014 1209 1443 1609 1873 2113 2318 2350 2446 2624 2557 2638 2724 2794 2718  34695
    78   93  238  480  672  851 1015 1254 1550 1651 1874 2091 2223 2418 2593 2562 2487 2694 2732 2697 2681  34856
    81   80  268  482  627  852 1060 1145 1522 1739 1927 2066 2270 2304 2519 2535 2699 2670 2833 2719 2685  35002
    84  114  289  456  645  826 1041 1263 1511 1655 1862 2060 2292 2407 2470 2562 2652 2712 2658 2609 2668  34752
    87   97  277  456  580  853 1078 1283 1517 1582 1826 2113 2192 2379 2482 2674 2663 2677 2616 2680 2718  34743
    90   92  266  479  665  820 1006 1314 1514 1675 1820 2057 2287 2397 2547 2555 2615 2727 2652 2708 2643  34839
    93   98  263  472  647  845 1086 1327 1472 1688 1852 2019 2197 2395 2491 2583 2633 2678 2726 2783 2663  34918
    96   90  273  468  609  833  946 1229 1467 1686 1872 2063 2139 2444 2514 2640 2716 2681 2631 2725 2557  34583
    99   71  279  437  670  875 1047 1235 1475 1679 1824 2029 2194 2336 2506 2626 2707 2722 2701 2688 2676  34777
   102   98  280  474  672  821 1089 1259 1415 1612 1867 1983 2171 2461 2501 2531 2624 2695 2826 2654 2725  34758
   105   94  262  457  677  854 1097 1268 1518 1745 1831 2033 2190 2429 2465 2603 2659 2770 2708 2663 2694  35017
   108   93  280  508  621  847 1001 1258 1489 1661 1872 2091 2308 2344 2549 2493 2562 2729 2745 2739 2628  34818
   111   87  258  472  651  825 1034 1296 1457 1623 1853 2046 2203 2371 2522 2666 2733 2660 2652 2673 2676  34758
   114   91  268  456  613  812  994 1266 1497 1687 1878 2125 2219 2417 2569 2626 2697 2590 2794 2640 2645  34884
   117   91  268  445  655  795 1025 1235 1440 1695 1892 2023 2222 2349 2476 2703 2732 2735 2622 2678 2686  34767
   120   85  289  506  629  859 1087 1264 1501 1620 1856 2082 2198 2398 2581 2627 2661 2705 2713 2605 2695  34961
   123   96  302  474  660  830 1061 1260 1524 1652 1866 2004 2086 2447 2457 2661 2641 2740 2713 2652 2843  34969
   126   81  267  484  638  817 1017 1296 1479 1710 1973 2007 2196 2394 2531 2600 2734 2683 2689 2843 2722  35161
   129   89  268  416  610  786 1023 1297 1491 1692 1787 2011 2203 2431 2606 2603 2661 2718 2686 2728 2722  34828
   132  103  269  456  644  888 1051 1253 1389 1623 1846 2059 2222 2388 2551 2590 2728 2644 2645 2676 2746  34771
   135   92  302  445  656  840 1083 1189 1443 1669 1793 2024 2239 2421 2437 2663 2571 2647 2686 2698 2650  34548
   138   96  276  493  610  824 1032 1260 1482 1685 1894 1970 2281 2369 2406 2667 2690 2732 2677 2667 2705  34816
   141   69  296  492  678  824 1003 1197 1394 1694 1934 1984 2176 2441 2448 2585 2659 2671 2639 2736 2702  34622
   144   96  247  427  655  813 1077 1220 1432 1649 1788 2023 2139 2374 2446 2581 2570 2641 2726 2787 2727  34418
   147   71  251  502  709  816 1038 1293 1463 1700 1918 2010 2344 2377 2407 2610 2627 2642 2688 2642 2645  34753
   150   95  280  462  637  843 1033 1254 1441 1635 1830 2076 2312 2410 2492 2619 2699 2730 2659 2747 2687  34941
   153   86  261  453  646  843 1024 1245 1459 1665 1912 2114 2200 2372 2531 2608 2670 2730 2693 2739 2737  34988
   156   88  300  419  649  805  985 1189 1514 1715 1758 2088 2252 2368 2526 2610 2726 2715 2766 2792 2735  35000
   159   92  290  490  681  831  962 1283 1501 1612 1816 2099 2300 2385 2475 2604 2672 2793 2783 2683 2725  35077
   162   95  272  468  699  840 1032 1301 1405 1638 1831 2059 2166 2420 2496 2641 2603 2677 2723 2709 2723  34798
   165   71  286  464  644  851 1014 1304 1471 1647 1873 2072 2228 2504 2490 2519 2743 2658 2683 2671 2813  35006
   168   99  275  460  644  888 1051 1287 1438 1707 1894 2017 2223 2423 2520 2584 2698 2740 2633 2659 2633  34873
   171   94  272  505  587  848 1062 1272 1517 1702 1868 2101 2242 2369 2450 2607 2746 2738 2633 2603 2718  34934
   174  102  283  481  661  900 1027 1230 1512 1702 1950 2048 2270 2306 2554 2632 2551 2718 2642 2710 2735  35014
   177   78  268  480  687  865 1043 1205 1449 1665 1912 2030 2182 2431 2460 2666 2637 2667 2684 2666 2692  34767
   180   96  266  451  625  871 1037 1282 1454 1693 1926 2032 2139 2364 2488 2579 2698 2736 2663 2638 2812  34850
     0 542216475279703856450304623737581287960************************************************************2091481
