1
      *** PROGRAM TRVMC95 ***


                              * INPUT DATA *


       Z1        M1          E0       ALPHA       EF        ESB      SHEATH     ERC
     18.00     39.95       934.00      0.00      0.10      0.00   2802.00      4.70

       NH        RI           X0        RD        CW        CA       KK0   KK0R   KDEE1  KDEE2  IPOT   IPOTR   IRL
     99999 716381.00         0.00    100.00      2.00      1.00       2      2      3      3      1      1      3


             DX      RHO    CK  Z(,1) Z(,2) Z(,3) Z(,4) Z(,5)  M(,1)  M(,2)  M(,3)  M(,4)  M(,5) C(,1) C(,2) C(,3) C(,4) C(,5)

 1.LAYER 10000.00   2.25   1.00    6.    0.    0.    0.    0.  12.01   0.00   0.00   0.00   0.00 1.000 0.000 0.000 0.000 0.000


                           ***  SBE(LAYER,ELEMENT)  ***     ***     ED(LAYER,ELEMENT)     ***     ***   BE(LAYER,ELEMENT)  ***

 1.LAYER                   7.41  0.00  0.00  0.00  0.00     30.00   0.00   0.00   0.00   0.00     0.10  0.00  0.00  0.00  0.00


       INTERACTION POTENTIAL : PROJECTILE-TARGET : KR-C POTENTIAL     TARGET-TARGET : KR-C POTENTIAL    


       INELASTIC LOSS MODEL  : PROJECTILE-TARGET : 50% LS 50% OR      TARGET-TARGET : 50% LS 50% OR     
1

                              * OUTPUT DATA *


                 HLM       HLMT        SU       SUT        XC        RT       SFE      INEL         L        LJ
               0.0000 10000.000    3.5029 10003.503   -3.5029  9900.000      7.41         0         1         1


                NPROJ       KIB       KIT      MAXA      NALL       NPA       NSA       KIS      KIST
                25963         0         0       296  17484515   1374790   9614413     75375         0


            EPS0(I)       Z2(I)       M2(I)     ARHO(I)       LM(I)     PMAX(I)     ASIG(I)       SB(I)       XX(I)        NJ(I)

 1.LAYER   0.1832E-01  0.6000E+01  0.1201E+02  0.1128E+00  0.2070E+01  0.1168E+01  0.2335E+00  0.7410E+01  0.1000E+05         1


             A1(1)   A1(2)   A1(3)   A1(4)   A1(5)   A1(6)   A1(7)   A1(8)   A1(9)  A1(10)  A1(11)  A1(12)  A1(13)  A1(14)  A1(15)

           0.13193


           KOR1(1) KOR1(2) KOR1(3) KOR1(4) KOR1(5) KOR1(6) KOR1(7) KOR1(8) KOR1(9) KOR1(A) KOR1(B) KOR1(C) KOR1(D) KOR1(E) KOR1(F)

           0.73577


            A(I,1)  A(I,2)  A(I,3)  A(I,4)  A(I,5)  A(I,6)  A(I,7)  A(I,8)  A(I,9) A(I,10) A(I,11) A(I,12) A(I,13) A(I,14) A(I,15)

           0.16242


           KOR(,1) KOR(,2) KOR(,3) KOR(,4) KOR(,5) KOR(,6) KOR(,7) KOR(,8) KOR(,9) KOR(,A) KOR(,B) KOR(,C) KOR(,D) KOR(,E) KOR(,F)

           0.46963
1

         IMPLANTED PARTICLES=  99999     ENERGY=0.9340E+08 EV
     BACKSCATTERED PARTICLES=      0     ENERGY=0.0000E+00 EV
       TRANSMITTED PARTICLES=      0     ENERGY=0.0000E+00 EV
     BACKSPUTTERED PARTICLES=  25820     ENERGY=0.3813E+06 EV
    TRANSM. SPUTT. PARTICLES=      0     ENERGY=0.0000E+00 EV


  PROJECTILES :   MEAN NUMBER OF ELASTIC COLLISIONS =     14.9   MEAN NUMBER OF EL.COLL.(E > EDISPL.) =    6.377
                                                                 MEAN NUMBER OF EL.COLL.(E > SB(1))   =   13.138

                       MEAN        VARIANCE      SKEWNESS      KURTOSIS        SIGMA       ERROR 1.M     ERROR 2.M     ERROR 3.M 
  PENETRATION       2.4486E+01    4.8126E+01    3.8557E-01    2.9598E+00    6.9373E+00    2.1938E-02    2.1305E-01    7.0594E-03
       SPREAD       8.3697E+00    2.0629E+01    7.2967E-01    3.4562E+00    4.5419E+00    1.4363E-02    1.0224E-01    8.3968E-03
   PATHLENGTH       2.8958E+01    5.4448E+01    3.2396E-01    2.8871E+00    7.3789E+00    2.3334E-02    2.3653E-01    6.8973E-03
 ELASTIC LOSS       8.8647E+02    2.1729E+02                                1.4741E+01    1.4741E-04
   INEL. LOSS       4.7529E+01    2.1729E+02                                1.4741E+01    1.4741E-04

                       MEAN        VARIANCE      SKEWNESS      KURTOSIS        SIGMA       ERROR 1.M     ERROR 2.M     ERROR 3.M 
   ELAST.LOSS       5.5236E+01    6.8434E+03    3.1974E+00    1.5374E+01    8.2725E+01    6.7746E-02    2.1247E+01    5.1792E-03
 WEAK EL.LOSS       4.2153E+00    6.8144E+00    7.4787E-01    2.9915E+00    2.6104E+00    2.1378E-03    7.8753E-03    1.4415E-03
 INELAST.LOSS       3.1875E+00    3.8997E+00    4.5779E-03    1.7269E+00    1.9748E+00    1.6172E-03    2.7228E-03    1.2322E-03
  SUBTHR.LOSS       1.3828E+01    5.8103E+01    1.6273E-01    2.2556E+00    7.6225E+00    8.2512E-03    7.0475E-02    1.4566E-03

                     1.MOMENT      2.MOMENT      3.MOMENT      4.MOMENT      5.MOMENT      6.MOMENT 
  PENETRATION       2.4486E+01    6.4769E+02    1.8345E+04    5.5206E+05    1.7534E+07    5.8439E+08



  RECOILES (PER PROJ.)   :   MEAN NUMBER OF ELASTIC COLLISIONS =    170.5   MEAN NUMBER OF EL.COLL.(E > EDISPL.) =      6.768
                                                                            MEAN NUMBER OF EL.COLL.(E > SB(1))   =     51.480

  RECOILES (PER KNOCKON) :   MEAN NUMBER OF ELASTIC COLLISIONS =    1.551   MEAN NUMBER OF EL.COLL.(E > EDISPL.) =      0.062
                                                                            MEAN NUMBER OF EL.COLL.(E > SB(1))   =      0.468

1


     DEPTH(A)  PARTICLES  NORM.DEPTH PATHLENGTH   INLOSS(EV)  TELOSS(EV)  ELLOSS(EV)  DAMAGE(EV)  PHONON(EV)  CASCAD(EV)     DPA

    -SU-    0.         0  0.0000E+00
     0.-    2.         0  0.0000E+00         0    5.6297E+05  9.6193E+06  9.3821E+06  8.7273E+06  6.5481E+05  7.3979E+06   52880
     2.-    4.         1  0.1000E-04         0    5.5628E+05  9.2177E+06  8.9504E+06  8.2868E+06  6.6366E+05  7.0426E+06   54437
     4.-    6.         1  0.1000E-04         0    5.2289E+05  8.9690E+06  8.6628E+06  7.9740E+06  6.8885E+05  6.7922E+06   56242
     6.-    8.        54  0.5400E-03         0    4.8594E+05  8.5996E+06  8.2475E+06  7.5140E+06  7.3355E+05  6.4163E+06   57434
     8.-   10.       417  0.4170E-02         9    4.4695E+05  8.0775E+06  7.6724E+06  6.8903E+06  7.8210E+05  5.9008E+06   58360
    10.-   12.      1467  0.1467E-01       127    4.0333E+05  7.5160E+06  7.0565E+06  6.2173E+06  8.3912E+05  5.3378E+06   57445
    12.-   14.      3105  0.3105E-01       525    3.6026E+05  6.9244E+06  6.4136E+06  5.5121E+06  9.0158E+05  4.7441E+06   55508
    14.-   16.      5437  0.5437E-01      1563    3.1393E+05  6.2131E+06  5.6738E+06  4.7318E+06  9.4198E+05  4.0810E+06   51098
    16.-   18.      7811  0.7811E-01      3146    2.6568E+05  5.3986E+06  4.8562E+06  3.9160E+06  9.4020E+05  3.3839E+06   45336
    18.-   20.      9654  0.9654E-01      5167    2.1912E+05  4.5672E+06  4.0444E+06  3.1390E+06  9.0534E+05  2.7177E+06   38740
    20.-   22.     10878  0.1088E+00      7135    1.7465E+05  3.7196E+06  3.2410E+06  2.4125E+06  8.2851E+05  2.0924E+06   31599
    22.-   24.     11148  0.1115E+00      9038    1.3479E+05  2.9215E+06  2.5039E+06  1.7823E+06  7.2151E+05  1.5486E+06   24811
    24.-   26.     10821  0.1082E+00     10290    1.0079E+05  2.2098E+06  1.8602E+06  1.2512E+06  6.0905E+05  1.0888E+06   18388
    26.-   28.      9808  0.9808E-01     10735    7.2203E+04  1.6211E+06  1.3451E+06  8.6130E+05  4.8379E+05  7.5017E+05   13083
    28.-   30.      8304  0.8304E-01     10817    4.9869E+04  1.1269E+06  9.1874E+05  5.5084E+05  3.6790E+05  4.8050E+05    8802
    30.-   32.      6592  0.6592E-01      9729    3.3128E+04  7.6452E+05  6.1568E+05  3.5061E+05  2.6507E+05  3.0608E+05    5731
    32.-   34.      5009  0.5009E-01      8515    2.1099E+04  4.9257E+05  3.9030E+05  2.0607E+05  1.8423E+05  1.8005E+05    3488
    34.-   36.      3511  0.3511E-01      7008    1.2868E+04  3.0399E+05  2.3716E+05  1.1738E+05  1.1978E+05  1.0265E+05    2054
    36.-   38.      2415  0.2415E-01      5346    7.5733E+03  1.7925E+05  1.3730E+05  6.1709E+04  7.5586E+04  5.4018E+04    1114
    38.-   40.      1564  0.1564E-01      3937    4.1904E+03  9.9804E+04  7.5103E+04  3.0553E+04  4.4550E+04  2.6778E+04     577
    40.-   42.       909  0.9090E-02      2701    2.2562E+03  5.4173E+04  4.0175E+04  1.4933E+04  2.5242E+04  1.3104E+04     296
    42.-   44.       530  0.5300E-02      1726    1.1225E+03  2.7107E+04  1.9860E+04  7.0774E+03  1.2782E+04  6.2200E+03     146
    44.-   46.       316  0.3160E-02      1103    5.5040E+02  1.3198E+04  9.4042E+03  2.6729E+03  6.7314E+03  2.3495E+03      56
    46.-   48.       146  0.1460E-02       652    2.5751E+02  6.2304E+03  4.5017E+03  1.3487E+03  3.1530E+03  1.1837E+03      27
    48.-   50.        50  0.5000E-03       358    9.3925E+01  2.1787E+03  1.4942E+03  1.4980E+02  1.3444E+03  1.3247E+02       4
    50.-   52.        30  0.3000E-03       173    4.3912E+01  1.1351E+03  8.0287E+02  1.6684E+02  6.3603E+02  1.4716E+02       4
    52.-   54.        16  0.1600E-03       113    1.6040E+01  3.7356E+02  2.3769E+02  0.0000E+00  2.3769E+02  0.0000E+00       0
    54.-   56.         5  0.5000E-04        52    3.2918E+00  8.1929E+01  4.9520E+01  0.0000E+00  4.9520E+01  0.0000E+00       0
    56.-   58.         0  0.0000E+00        21    1.6954E-01  4.3639E+00  3.0083E+00  0.0000E+00  3.0083E+00  0.0000E+00       0
    58.-   60.         0  0.0000E+00         8    0.0000E+00  0.0000E+00  0.0000E+00  0.0000E+00  0.0000E+00  0.0000E+00       0
    60.-   62.         0  0.0000E+00         4    0.0000E+00  0.0000E+00  0.0000E+00  0.0000E+00  0.0000E+00  0.0000E+00       0
    62.-   64.         0  0.0000E+00         1    0.0000E+00  0.0000E+00  0.0000E+00  0.0000E+00  0.0000E+00  0.0000E+00       0
    64.-   66.         0  0.0000E+00         0    0.0000E+00  0.0000E+00  0.0000E+00  0.0000E+00  0.0000E+00  0.0000E+00       0
    66.-   68.         0  0.0000E+00         0    0.0000E+00  0.0000E+00  0.0000E+00  0.0000E+00  0.0000E+00  0.0000E+00       0
    68.-   70.         0  0.0000E+00         0    0.0000E+00  0.0000E+00  0.0000E+00  0.0000E+00  0.0000E+00  0.0000E+00       0
    70.-   72.         0  0.0000E+00         0    0.0000E+00  0.0000E+00  0.0000E+00  0.0000E+00  0.0000E+00  0.0000E+00       0
    72.-   74.         0  0.0000E+00         0    0.0000E+00  0.0000E+00  0.0000E+00  0.0000E+00  0.0000E+00  0.0000E+00       0
    74.-   76.         0  0.0000E+00         0    0.0000E+00  0.0000E+00  0.0000E+00  0.0000E+00  0.0000E+00  0.0000E+00       0
    76.-   78.         0  0.0000E+00         0    0.0000E+00  0.0000E+00  0.0000E+00  0.0000E+00  0.0000E+00  0.0000E+00       0
    78.-   80.         0  0.0000E+00         0    0.0000E+00  0.0000E+00  0.0000E+00  0.0000E+00  0.0000E+00  0.0000E+00       0
    80.-   82.         0  0.0000E+00         0    0.0000E+00  0.0000E+00  0.0000E+00  0.0000E+00  0.0000E+00  0.0000E+00       0
    82.-   84.         0  0.0000E+00         0    0.0000E+00  0.0000E+00  0.0000E+00  0.0000E+00  0.0000E+00  0.0000E+00       0
    84.-   86.         0  0.0000E+00         0    0.0000E+00  0.0000E+00  0.0000E+00  0.0000E+00  0.0000E+00  0.0000E+00       0
    86.-   88.         0  0.0000E+00         0    0.0000E+00  0.0000E+00  0.0000E+00  0.0000E+00  0.0000E+00  0.0000E+00       0
    88.-   90.         0  0.0000E+00         0    0.0000E+00  0.0000E+00  0.0000E+00  0.0000E+00  0.0000E+00  0.0000E+00       0
    90.-   92.         0  0.0000E+00         0    0.0000E+00  0.0000E+00  0.0000E+00  0.0000E+00  0.0000E+00  0.0000E+00       0
    92.-   94.         0  0.0000E+00         0    0.0000E+00  0.0000E+00  0.0000E+00  0.0000E+00  0.0000E+00  0.0000E+00       0
    94.-   96.         0  0.0000E+00         0    0.0000E+00  0.0000E+00  0.0000E+00  0.0000E+00  0.0000E+00  0.0000E+00       0
    96.-   98.         0  0.0000E+00         0    0.0000E+00  0.0000E+00  0.0000E+00  0.0000E+00  0.0000E+00  0.0000E+00       0
    98.-  100.         0  0.0000E+00         0    0.0000E+00  0.0000E+00  0.0000E+00  0.0000E+00  0.0000E+00  0.0000E+00       0
   100.-  102.         0  0.0000E+00         0    0.0000E+00  0.0000E+00  0.0000E+00  0.0000E+00  0.0000E+00  0.0000E+00       0
   102.-  104.         0  0.0000E+00         0    0.0000E+00  0.0000E+00  0.0000E+00  0.0000E+00  0.0000E+00  0.0000E+00       0
   104.-  106.         0  0.0000E+00         0    0.0000E+00  0.0000E+00  0.0000E+00  0.0000E+00  0.0000E+00  0.0000E+00       0
   106.-  108.         0  0.0000E+00         0    0.0000E+00  0.0000E+00  0.0000E+00  0.0000E+00  0.0000E+00  0.0000E+00       0
   108.-  110.         0  0.0000E+00         0    0.0000E+00  0.0000E+00  0.0000E+00  0.0000E+00  0.0000E+00  0.0000E+00       0
   110.-  112.         0  0.0000E+00         0    0.0000E+00  0.0000E+00  0.0000E+00  0.0000E+00  0.0000E+00  0.0000E+00       0
   112.-  114.         0  0.0000E+00         0    0.0000E+00  0.0000E+00  0.0000E+00  0.0000E+00  0.0000E+00  0.0000E+00       0
   114.-  116.         0  0.0000E+00         0    0.0000E+00  0.0000E+00  0.0000E+00  0.0000E+00  0.0000E+00  0.0000E+00       0
   116.-  118.         0  0.0000E+00         0    0.0000E+00  0.0000E+00  0.0000E+00  0.0000E+00  0.0000E+00  0.0000E+00       0
   118.-  120.         0  0.0000E+00         0    0.0000E+00  0.0000E+00  0.0000E+00  0.0000E+00  0.0000E+00  0.0000E+00       0
   120.-  122.         0  0.0000E+00         0    0.0000E+00  0.0000E+00  0.0000E+00  0.0000E+00  0.0000E+00  0.0000E+00       0
   122.-  124.         0  0.0000E+00         0    0.0000E+00  0.0000E+00  0.0000E+00  0.0000E+00  0.0000E+00  0.0000E+00       0
   124.-  126.         0  0.0000E+00         0    0.0000E+00  0.0000E+00  0.0000E+00  0.0000E+00  0.0000E+00  0.0000E+00       0
   126.-  128.         0  0.0000E+00         0    0.0000E+00  0.0000E+00  0.0000E+00  0.0000E+00  0.0000E+00  0.0000E+00       0
   128.-  130.         0  0.0000E+00         0    0.0000E+00  0.0000E+00  0.0000E+00  0.0000E+00  0.0000E+00  0.0000E+00       0
   130.-  132.         0  0.0000E+00         0    0.0000E+00  0.0000E+00  0.0000E+00  0.0000E+00  0.0000E+00  0.0000E+00       0
   132.-  134.         0  0.0000E+00         0    0.0000E+00  0.0000E+00  0.0000E+00  0.0000E+00  0.0000E+00  0.0000E+00       0
   134.-  136.         0  0.0000E+00         0    0.0000E+00  0.0000E+00  0.0000E+00  0.0000E+00  0.0000E+00  0.0000E+00       0
   136.-  138.         0  0.0000E+00         0    0.0000E+00  0.0000E+00  0.0000E+00  0.0000E+00  0.0000E+00  0.0000E+00       0
   138.-  140.         0  0.0000E+00         0    0.0000E+00  0.0000E+00  0.0000E+00  0.0000E+00  0.0000E+00  0.0000E+00       0
   140.-  142.         0  0.0000E+00         0    0.0000E+00  0.0000E+00  0.0000E+00  0.0000E+00  0.0000E+00  0.0000E+00       0
   142.-  144.         0  0.0000E+00         0    0.0000E+00  0.0000E+00  0.0000E+00  0.0000E+00  0.0000E+00  0.0000E+00       0
   144.-  146.         0  0.0000E+00         0    0.0000E+00  0.0000E+00  0.0000E+00  0.0000E+00  0.0000E+00  0.0000E+00       0
   146.-  148.         0  0.0000E+00         0    0.0000E+00  0.0000E+00  0.0000E+00  0.0000E+00  0.0000E+00  0.0000E+00       0
   148.-  150.         0  0.0000E+00         0    0.0000E+00  0.0000E+00  0.0000E+00  0.0000E+00  0.0000E+00  0.0000E+00       0
   150.-  152.         0  0.0000E+00         0    0.0000E+00  0.0000E+00  0.0000E+00  0.0000E+00  0.0000E+00  0.0000E+00       0
   152.-  154.         0  0.0000E+00         0    0.0000E+00  0.0000E+00  0.0000E+00  0.0000E+00  0.0000E+00  0.0000E+00       0
   154.-  156.         0  0.0000E+00         0    0.0000E+00  0.0000E+00  0.0000E+00  0.0000E+00  0.0000E+00  0.0000E+00       0
   156.-  158.         0  0.0000E+00         0    0.0000E+00  0.0000E+00  0.0000E+00  0.0000E+00  0.0000E+00  0.0000E+00       0
   158.-  160.         0  0.0000E+00         0    0.0000E+00  0.0000E+00  0.0000E+00  0.0000E+00  0.0000E+00  0.0000E+00       0
   160.-  162.         0  0.0000E+00         0    0.0000E+00  0.0000E+00  0.0000E+00  0.0000E+00  0.0000E+00  0.0000E+00       0
   162.-  164.         0  0.0000E+00         0    0.0000E+00  0.0000E+00  0.0000E+00  0.0000E+00  0.0000E+00  0.0000E+00       0
   164.-  166.         0  0.0000E+00         0    0.0000E+00  0.0000E+00  0.0000E+00  0.0000E+00  0.0000E+00  0.0000E+00       0
   166.-  168.         0  0.0000E+00         0    0.0000E+00  0.0000E+00  0.0000E+00  0.0000E+00  0.0000E+00  0.0000E+00       0
   168.-  170.         0  0.0000E+00         0    0.0000E+00  0.0000E+00  0.0000E+00  0.0000E+00  0.0000E+00  0.0000E+00       0
   170.-  172.         0  0.0000E+00         0    0.0000E+00  0.0000E+00  0.0000E+00  0.0000E+00  0.0000E+00  0.0000E+00       0
   172.-  174.         0  0.0000E+00         0    0.0000E+00  0.0000E+00  0.0000E+00  0.0000E+00  0.0000E+00  0.0000E+00       0
   174.-  176.         0  0.0000E+00         0    0.0000E+00  0.0000E+00  0.0000E+00  0.0000E+00  0.0000E+00  0.0000E+00       0
   176.-  178.         0  0.0000E+00         0    0.0000E+00  0.0000E+00  0.0000E+00  0.0000E+00  0.0000E+00  0.0000E+00       0
   178.-  180.         0  0.0000E+00         0    0.0000E+00  0.0000E+00  0.0000E+00  0.0000E+00  0.0000E+00  0.0000E+00       0
   180.-  182.         0  0.0000E+00         0    0.0000E+00  0.0000E+00  0.0000E+00  0.0000E+00  0.0000E+00  0.0000E+00       0
   182.-  184.         0  0.0000E+00         0    0.0000E+00  0.0000E+00  0.0000E+00  0.0000E+00  0.0000E+00  0.0000E+00       0
   184.-  186.         0  0.0000E+00         0    0.0000E+00  0.0000E+00  0.0000E+00  0.0000E+00  0.0000E+00  0.0000E+00       0
   186.-  188.         0  0.0000E+00         0    0.0000E+00  0.0000E+00  0.0000E+00  0.0000E+00  0.0000E+00  0.0000E+00       0
   188.-  190.         0  0.0000E+00         0    0.0000E+00  0.0000E+00  0.0000E+00  0.0000E+00  0.0000E+00  0.0000E+00       0
   190.-  192.         0  0.0000E+00         0    0.0000E+00  0.0000E+00  0.0000E+00  0.0000E+00  0.0000E+00  0.0000E+00       0
   192.-  194.         0  0.0000E+00         0    0.0000E+00  0.0000E+00  0.0000E+00  0.0000E+00  0.0000E+00  0.0000E+00       0
   194.-  196.         0  0.0000E+00         0    0.0000E+00  0.0000E+00  0.0000E+00  0.0000E+00  0.0000E+00  0.0000E+00       0
   196.-  198.         0  0.0000E+00         0    0.0000E+00  0.0000E+00  0.0000E+00  0.0000E+00  0.0000E+00  0.0000E+00       0
   198.-  200.         0  0.0000E+00         0    0.0000E+00  0.0000E+00  0.0000E+00  0.0000E+00  0.0000E+00  0.0000E+00       0
   200.-   SUT         0  0.0000E+00

                   99999  1.0000E+00     99999    4.7529E+06  8.8646E+07  8.2361E+07  7.0559E+07  1.1801E+07  6.0467E+07  637660
1
     RECOILS



     DEPTH(A)     INLOSS(EV)   TELOSS(EV)   ELLOSS(EV)   DAMAGE(EV)   PHONON(EV)     DPA  DPA(1)  DPA(2)

     0.-    2.    2.1386E+05   4.1544E+06   3.2413E+06   5.4727E+05   2.6941E+06   10318   10318       0
     2.-    4.    4.1141E+05   7.3144E+06   5.9946E+06   1.7803E+06   4.2143E+06   28408   28408       0
     4.-    6.    5.8213E+05   1.0048E+07   8.2985E+06   2.6559E+06   5.6426E+06   41337   41337       0
     6.-    8.    7.0968E+05   1.2192E+07   1.0071E+07   3.2334E+06   6.8379E+06   50237   50237       0
     8.-   10.    8.0383E+05   1.3857E+07   1.1439E+07   3.6508E+06   7.7883E+06   57418   57418       0
    10.-   12.    8.5910E+05   1.4951E+07   1.2312E+07   3.8254E+06   8.4870E+06   60797   60797       0
    12.-   14.    8.8158E+05   1.5514E+07   1.2731E+07   3.8133E+06   8.9178E+06   61262   61262       0
    14.-   16.    8.7248E+05   1.5536E+07   1.2698E+07   3.6592E+06   9.0392E+06   59924   59924       0
    16.-   18.    8.3337E+05   1.5089E+07   1.2293E+07   3.4167E+06   8.8765E+06   56861   56861       0
    18.-   20.    7.6955E+05   1.4090E+07   1.1424E+07   3.0223E+06   8.4018E+06   51057   51057       0
    20.-   22.    6.8587E+05   1.2707E+07   1.0258E+07   2.5931E+06   7.6651E+06   44706   44706       0
    22.-   24.    5.9140E+05   1.1073E+07   8.8981E+06   2.1332E+06   6.7649E+06   37249   37249       0
    24.-   26.    4.9371E+05   9.3767E+06   7.5097E+06   1.7427E+06   5.7670E+06   30622   30622       0
    26.-   28.    3.9957E+05   7.6684E+06   6.1155E+06   1.3400E+06   4.7754E+06   23875   23875       0
    28.-   30.    3.1231E+05   6.0393E+06   4.7967E+06   1.0037E+06   3.7930E+06   18341   18341       0
    30.-   32.    2.3647E+05   4.6049E+06   3.6445E+06   7.3096E+05   2.9136E+06   13368   13368       0
    32.-   34.    1.7453E+05   3.4347E+06   2.7129E+06   5.4087E+05   2.1720E+06    9905    9905       0
    34.-   36.    1.2528E+05   2.4865E+06   1.9607E+06   3.8406E+05   1.5766E+06    7049    7049       0
    36.-   38.    8.7631E+04   1.7383E+06   1.3669E+06   2.5660E+05   1.1102E+06    4784    4784       0
    38.-   40.    5.9478E+04   1.1908E+06   9.3644E+05   1.7740E+05   7.5904E+05    3237    3237       0
    40.-   42.    3.9722E+04   7.9715E+05   6.2556E+05   1.1568E+05   5.0988E+05    2131    2131       0
    42.-   44.    2.6365E+04   5.2831E+05   4.1422E+05   7.5489E+04   3.3874E+05    1428    1428       0
    44.-   46.    1.6991E+04   3.3693E+05   2.6358E+05   4.8199E+04   2.1538E+05     925     925       0
    46.-   48.    1.0831E+04   2.1731E+05   1.7040E+05   3.1865E+04   1.3853E+05     605     605       0
    48.-   50.    6.7980E+03   1.3627E+05   1.0678E+05   2.0191E+04   8.6584E+04     379     379       0
    50.-   52.    4.2975E+03   8.4775E+04   6.5982E+04   1.0808E+04   5.5174E+04     217     217       0
    52.-   54.    2.7265E+03   5.5057E+04   4.3321E+04   7.9451E+03   3.5376E+04     143     143       0
    54.-   56.    1.6567E+03   3.3513E+04   2.6166E+04   4.1526E+03   2.2014E+04      82      82       0
    56.-   58.    1.0492E+03   2.0889E+04   1.6236E+04   2.5858E+03   1.3650E+04      53      53       0
    58.-   60.    6.0121E+02   1.2614E+04   9.8232E+03   1.7553E+03   8.0679E+03      30      30       0
    60.-   62.    3.5356E+02   7.3804E+03   5.7065E+03   8.1955E+02   4.8870E+03      16      16       0
    62.-   64.    1.9449E+02   4.1715E+03   3.2150E+03   4.2084E+02   2.7941E+03       8       8       0
    64.-   66.    1.3593E+02   2.7455E+03   2.1586E+03   2.8160E+02   1.8770E+03       5       5       0
    66.-   68.    7.6369E+01   1.8363E+03   1.4950E+03   4.1270E+02   1.0823E+03       8       8       0
    68.-   70.    4.4245E+01   9.8712E+02   7.6127E+02   6.2155E+01   6.9912E+02       2       2       0
    70.-   72.    1.7991E+01   4.0970E+02   2.9534E+02   0.0000E+00   2.9534E+02       0       0       0
    72.-   74.    7.3538E+00   1.5535E+02   1.1063E+02   0.0000E+00   1.1063E+02       0       0       0
    74.-   76.    3.8625E+00   9.4463E+01   7.0244E+01   0.0000E+00   7.0244E+01       0       0       0
    76.-   78.    1.3769E+00   3.2806E+01   2.2086E+01   0.0000E+00   2.2086E+01       0       0       0
    78.-   80.    5.1506E-01   1.5659E+01   1.3628E+01   0.0000E+00   1.3628E+01       0       0       0
    80.-   82.    4.0571E-01   1.1270E+01   7.7660E+00   0.0000E+00   7.7660E+00       0       0       0
    82.-   84.    0.0000E+00   0.0000E+00   0.0000E+00   0.0000E+00   0.0000E+00       0       0       0
    84.-   86.    0.0000E+00   0.0000E+00   0.0000E+00   0.0000E+00   0.0000E+00       0       0       0
    86.-   88.    0.0000E+00   0.0000E+00   0.0000E+00   0.0000E+00   0.0000E+00       0       0       0
    88.-   90.    0.0000E+00   0.0000E+00   0.0000E+00   0.0000E+00   0.0000E+00       0       0       0
    90.-   92.    0.0000E+00   0.0000E+00   0.0000E+00   0.0000E+00   0.0000E+00       0       0       0
    92.-   94.    0.0000E+00   0.0000E+00   0.0000E+00   0.0000E+00   0.0000E+00       0       0       0
    94.-   96.    0.0000E+00   0.0000E+00   0.0000E+00   0.0000E+00   0.0000E+00       0       0       0
    96.-   98.    0.0000E+00   0.0000E+00   0.0000E+00   0.0000E+00   0.0000E+00       0       0       0
    98.-  100.    0.0000E+00   0.0000E+00   0.0000E+00   0.0000E+00   0.0000E+00       0       0       0
   100.-  102.    0.0000E+00   0.0000E+00   0.0000E+00   0.0000E+00   0.0000E+00       0       0       0
   102.-  104.    0.0000E+00   0.0000E+00   0.0000E+00   0.0000E+00   0.0000E+00       0       0       0
   104.-  106.    0.0000E+00   0.0000E+00   0.0000E+00   0.0000E+00   0.0000E+00       0       0       0
   106.-  108.    0.0000E+00   0.0000E+00   0.0000E+00   0.0000E+00   0.0000E+00       0       0       0
   108.-  110.    0.0000E+00   0.0000E+00   0.0000E+00   0.0000E+00   0.0000E+00       0       0       0
   110.-  112.    0.0000E+00   0.0000E+00   0.0000E+00   0.0000E+00   0.0000E+00       0       0       0
   112.-  114.    0.0000E+00   0.0000E+00   0.0000E+00   0.0000E+00   0.0000E+00       0       0       0
   114.-  116.    0.0000E+00   0.0000E+00   0.0000E+00   0.0000E+00   0.0000E+00       0       0       0
   116.-  118.    0.0000E+00   0.0000E+00   0.0000E+00   0.0000E+00   0.0000E+00       0       0       0
   118.-  120.    0.0000E+00   0.0000E+00   0.0000E+00   0.0000E+00   0.0000E+00       0       0       0
   120.-  122.    0.0000E+00   0.0000E+00   0.0000E+00   0.0000E+00   0.0000E+00       0       0       0
   122.-  124.    0.0000E+00   0.0000E+00   0.0000E+00   0.0000E+00   0.0000E+00       0       0       0
   124.-  126.    0.0000E+00   0.0000E+00   0.0000E+00   0.0000E+00   0.0000E+00       0       0       0
   126.-  128.    0.0000E+00   0.0000E+00   0.0000E+00   0.0000E+00   0.0000E+00       0       0       0
   128.-  130.    0.0000E+00   0.0000E+00   0.0000E+00   0.0000E+00   0.0000E+00       0       0       0
   130.-  132.    0.0000E+00   0.0000E+00   0.0000E+00   0.0000E+00   0.0000E+00       0       0       0
   132.-  134.    0.0000E+00   0.0000E+00   0.0000E+00   0.0000E+00   0.0000E+00       0       0       0
   134.-  136.    0.0000E+00   0.0000E+00   0.0000E+00   0.0000E+00   0.0000E+00       0       0       0
   136.-  138.    0.0000E+00   0.0000E+00   0.0000E+00   0.0000E+00   0.0000E+00       0       0       0
   138.-  140.    0.0000E+00   0.0000E+00   0.0000E+00   0.0000E+00   0.0000E+00       0       0       0
   140.-  142.    0.0000E+00   0.0000E+00   0.0000E+00   0.0000E+00   0.0000E+00       0       0       0
   142.-  144.    0.0000E+00   0.0000E+00   0.0000E+00   0.0000E+00   0.0000E+00       0       0       0
   144.-  146.    0.0000E+00   0.0000E+00   0.0000E+00   0.0000E+00   0.0000E+00       0       0       0
   146.-  148.    0.0000E+00   0.0000E+00   0.0000E+00   0.0000E+00   0.0000E+00       0       0       0
   148.-  150.    0.0000E+00   0.0000E+00   0.0000E+00   0.0000E+00   0.0000E+00       0       0       0
   150.-  152.    0.0000E+00   0.0000E+00   0.0000E+00   0.0000E+00   0.0000E+00       0       0       0
   152.-  154.    0.0000E+00   0.0000E+00   0.0000E+00   0.0000E+00   0.0000E+00       0       0       0
   154.-  156.    0.0000E+00   0.0000E+00   0.0000E+00   0.0000E+00   0.0000E+00       0       0       0
   156.-  158.    0.0000E+00   0.0000E+00   0.0000E+00   0.0000E+00   0.0000E+00       0       0       0
   158.-  160.    0.0000E+00   0.0000E+00   0.0000E+00   0.0000E+00   0.0000E+00       0       0       0
   160.-  162.    0.0000E+00   0.0000E+00   0.0000E+00   0.0000E+00   0.0000E+00       0       0       0
   162.-  164.    0.0000E+00   0.0000E+00   0.0000E+00   0.0000E+00   0.0000E+00       0       0       0
   164.-  166.    0.0000E+00   0.0000E+00   0.0000E+00   0.0000E+00   0.0000E+00       0       0       0
   166.-  168.    0.0000E+00   0.0000E+00   0.0000E+00   0.0000E+00   0.0000E+00       0       0       0
   168.-  170.    0.0000E+00   0.0000E+00   0.0000E+00   0.0000E+00   0.0000E+00       0       0       0
   170.-  172.    0.0000E+00   0.0000E+00   0.0000E+00   0.0000E+00   0.0000E+00       0       0       0
   172.-  174.    0.0000E+00   0.0000E+00   0.0000E+00   0.0000E+00   0.0000E+00       0       0       0
   174.-  176.    0.0000E+00   0.0000E+00   0.0000E+00   0.0000E+00   0.0000E+00       0       0       0
   176.-  178.    0.0000E+00   0.0000E+00   0.0000E+00   0.0000E+00   0.0000E+00       0       0       0
   178.-  180.    0.0000E+00   0.0000E+00   0.0000E+00   0.0000E+00   0.0000E+00       0       0       0
   180.-  182.    0.0000E+00   0.0000E+00   0.0000E+00   0.0000E+00   0.0000E+00       0       0       0
   182.-  184.    0.0000E+00   0.0000E+00   0.0000E+00   0.0000E+00   0.0000E+00       0       0       0
   184.-  186.    0.0000E+00   0.0000E+00   0.0000E+00   0.0000E+00   0.0000E+00       0       0       0
   186.-  188.    0.0000E+00   0.0000E+00   0.0000E+00   0.0000E+00   0.0000E+00       0       0       0
   188.-  190.    0.0000E+00   0.0000E+00   0.0000E+00   0.0000E+00   0.0000E+00       0       0       0
   190.-  192.    0.0000E+00   0.0000E+00   0.0000E+00   0.0000E+00   0.0000E+00       0       0       0
   192.-  194.    0.0000E+00   0.0000E+00   0.0000E+00   0.0000E+00   0.0000E+00       0       0       0
   194.-  196.    0.0000E+00   0.0000E+00   0.0000E+00   0.0000E+00   0.0000E+00       0       0       0
   196.-  198.    0.0000E+00   0.0000E+00   0.0000E+00   0.0000E+00   0.0000E+00       0       0       0
   198.-  200.    0.0000E+00   0.0000E+00   0.0000E+00   0.0000E+00   0.0000E+00       0       0       0

                  1.0215E+07   1.8531E+08   1.5046E+08   4.0828E+07   1.0963E+08  676787  676787       0
1     BACKWARD SPUTTERING



        ALL SPUTTERED PARTICLES =   25820   TOTAL SPUTTERED ENERGY = 0.3813E+06 EV


        SPUTTERED PARTICLES (1.LAYER) =   25820   SPUTTERED ENERGY = 0.3813E+06 EV


 1.LAYER
         SPUTTERED PARTICLES(1) =   25820     SPUTTERED ENERGY(1) = 0.3813E+06 EV

         ION IN , PRIMARY KO(1) =    5885   0.2279   0.2279    ENERGY = 0.1258E+06 EV   0.3299   0.3299    MEAN ENERGY = 0.2138E+02
         ION IN , SECOND. KO(1) =   19935   0.7721   0.7721    ENERGY = 0.2555E+06 EV   0.6701   0.6701    MEAN ENERGY = 0.1281E+02
        ION OUT , PRIMARY KO(1) =       0   0.0000   0.0000    ENERGY = 0.0000E+00 EV   0.0000   0.0000    MEAN ENERGY = 0.0000E+00
        ION OUT , SECOND. KO(1) =       0   0.0000   0.0000    ENERGY = 0.0000E+00 EV   0.0000   0.0000    MEAN ENERGY = 0.0000E+00


     SPUTTERING YIELD(1) =  2.582E-01  SPUTTERED ENERGY(1) =  4.082E-03  REL.MEAN ENERGY(1) =  1.581E-02  MEAN ENERGY(1) =  1.477E+01

                       MEAN        VARIANCE      SKEWNESS      KURTOSIS        SIGMA       ERROR 1.M     ERROR 2.M     ERROR 3.M 
    ENERGY(1)       1.4766E+01    2.3815E+02    2.4319E+00    1.1487E+01    1.5432E+01    9.6039E-02    4.7996E+00    4.8328E-02
 LOGENERGY(1)       9.5918E-01    2.0842E-01   -3.8467E-01    3.1280E+00    4.5653E-01    2.8417E-03    1.8924E-03    1.5459E-02

                     1.MOMENT      2.MOMENT      3.MOMENT      4.MOMENT      5.MOMENT      6.MOMENT 
    ENERGY(1)       1.4766E+01    4.5619E+02    2.2707E+04    1.5385E+06    1.2770E+08    1.2156E+10
 LOGENERGY(1)       9.5918E-01    1.1284E+00    1.4456E+00    1.9924E+00    2.8894E+00    4.3770E+00



     POLAR ANGULAR DISTRIBUTION OF ALL BACKWARD SPUTTERED PARTICLES


       0.00  0.00  0.00  0.00  0.00  0.00  0.00  0.00  0.00  0.00  0.00  0.00  0.00  0.00  0.00  0.00  0.00  0.00  0.00  0.00

         63   178   362   435   629   763   906  1047  1227  1401  1497  1565  1765  1884  1854  2070  2059  2003  2018  2094
      0.049 0.138 0.280 0.337 0.487 0.591 0.702 0.811 0.950 1.085 1.160 1.212 1.367 1.459 1.436 1.603 1.595 1.552 1.563 1.622
1 LOG ENERGY - COS OF EMISSION ANGLE (0.05 STEPS)   (BACKWARD SPUTTERED PARTICLES) ; 1. LAYER ; SPECIES 1


   0.0000E+00    1    2    3    4    5    6    7    8    9   10   11   12   13   14   15   16   17   18   19   20     0  0.0000E+00
   0.1000E+00    0    0    0    0    0    0    1    0    0    2    0    1    0    0    0    0    1    3    2    0    10  0.1000E-02
   0.1212E+00    0    0    0    0    0    0    0    0    0    0    0    0    0    0    0    0    0    0    0    0     0  0.0000E+00
   0.1468E+00    0    0    0    0    0    0    0    0    0    0    0    0    0    0    0    0    0    0    0    0     0  0.0000E+00
   0.1778E+00    0    0    0    0    0    0    0    0    0    0    0    0    0    0    0    0    0    0    0    0     0  0.0000E+00
   0.2154E+00    0    0    0    0    0    0    0    0    0    0    0    0    0    0    0    0    0    0    0    0     0  0.0000E+00
   0.2610E+00    0    0    0    0    0    0    0    0    0    0    0    0    0    0    0    0    0    0    0    0     0  0.0000E+00
   0.3162E+00    0    0    0    0    0    0    0    0    0    0    0    0    0    0    0    0    0    0    0    0     0  0.0000E+00
   0.3831E+00    0    0    0    0    0    0    0    0    0    0    0    0    0    0    0    0    0    0    0    0     0  0.0000E+00
   0.4642E+00    0    0    0    0    0    0    0    0    0    0    0    0    0    0    0    0    0    0    0    0     0  0.0000E+00
   0.5623E+00    0    0    0    0    0    0    0    0    0    0    0    0    0    0    0    0    0    0    0    0     0  0.0000E+00
   0.6813E+00    0    0    0    0    0    0    0    0    0    0    0    0    0    0    0    0    0    0    0    0     0  0.0000E+00
   0.8254E+00    0    0    0    0    0    0    0    0    0    0    0    0    0    0    0    0    0    0    0    0     0  0.0000E+00
   0.1000E+01    0    0    0    0    0    0    0    0    0    0    0    0    0    0    0    0    0    0    0    0     0  0.0000E+00
   0.1212E+01    0    0    0    0    0    0    0    0    0    0    0    0    0    0    0    0    0    0    0    0     0  0.0000E+00
   0.1468E+01    0    0    0    0    0    0    0    0    0    0    0    0    0    0    0    0    0    0    0    0     0  0.0000E+00
   0.1778E+01    0    0    0    0    0    0    0    0    0    0    0    0    0    0    0    0    0    0    0    0     0  0.0000E+00
   0.2154E+01    0    0    0    0    0    0    0    0    0    0    0    0    0    0    0    0    0    0    0    0     0  0.0000E+00
   0.2610E+01    0    0    0    0    0    0    0    0    0    0    0    0    0    0    0    0    0    0    0    0     0  0.0000E+00
   0.3162E+01    0    0    0    0    0    0    0    0    0    0    0    0    0    0    0    0    0    0    0    0     0  0.0000E+00
   0.3831E+01    0    0    0    0    0    0    0    0    0    0    0    0    0    0    0    0    0    0    0    0     0  0.0000E+00
   0.4642E+01    0    0    0    0    0    0    0    0    0    0    0    0    0    0    0    0    0    0    0    0     0  0.0000E+00
   0.5623E+01    0    0    0    0    0    0    0    0    0    0    0    0    0    0    0    0    0    0    0    0     0  0.0000E+00
   0.6813E+01    0    0    0    0    0    0    0    0    0    0    0    0    0    0    0    0    0    0    0    0     0  0.0000E+00
   0.8254E+01    0    0    0    0    0    0    0    0    0    0    0    0    0    0    0    0    0    0    0    0     0  0.0000E+00
   0.1000E+02    0    0    0    0    0    0    0    0    0    0    0    0    0    0    0    0    0    0    0    0     0  0.0000E+00
   0.1212E+02    0    0    0    0    0    0    0    0    0    0    0    0    0    0    0    0    0    0    0    0     0  0.0000E+00
   0.1468E+02    0    0    0    0    0    0    0    0    0    0    0    0    0    0    0    0    0    0    0    0     0  0.0000E+00
   0.1778E+02    0    0    0    0    0    0    0    0    0    0    0    0    0    0    0    0    0    0    0    0     0  0.0000E+00
   0.2154E+02    0    0    0    0    0    0    0    0    0    0    0    0    0    0    0    0    0    0    0    0     0  0.0000E+00
   0.2610E+02    0    0    0    0    0    0    0    0    0    0    0    0    0    0    0    0    0    0    0    0     0  0.0000E+00
   0.3162E+02    0    0    0    0    0    0    0    0    0    0    0    0    0    0    0    0    0    0    0    0     0  0.0000E+00
   0.3831E+02    0    0    0    0    0    0    0    0    0    0    0    0    0    0    0    0    0    0    0    0     0  0.0000E+00
   0.4642E+02    0    0    0    0    0    0    0    0    0    0    0    0    0    0    0    0    0    0    0    0     0  0.0000E+00
   0.5623E+02    0    0    0    0    0    0    0    0    0    0    0    0    0    0    0    0    0    0    0    0     0  0.0000E+00
   0.6813E+02    0    0    0    0    0    0    0    0    0    0    0    0    0    0    0    0    0    0    0    0     0  0.0000E+00
   0.8254E+02    0    0    0    0    0    0    0    0    0    0    0    0    0    0    0    0    0    0    0    0     0  0.0000E+00
   0.1000E+03    0    0    0    0    0    0    0    0    0    0    0    0    0    0    0    0    0    0    0    0     0  0.0000E+00
   0.1212E+03    0    0    0    0    0    0    0    0    0    0    0    0    0    0    0    0    0    0    0    0     0  0.0000E+00
   0.1468E+03    0    0    0    0    0    0    0    0    0    0    0    0    0    0    0    0    0    0    0    0     0  0.0000E+00
   0.1778E+03    0    0    0    0    0    0    0    0    0    0    0    0    0    0    0    0    0    0    0    0     0  0.0000E+00
   0.2154E+03    0    0    0    0    0    0    0    0    0    0    0    0    0    0    0    0    0    0    0    0     0  0.0000E+00
   0.2610E+03    0    0    0    0    0    0    0    0    0    0    0    0    0    0    0    0    0    0    0    0     0  0.0000E+00
   0.3162E+03    0    0    0    0    0    0    0    0    0    0    0    0    0    0    0    0    0    0    0    0     0  0.0000E+00
   0.3831E+03    0    0    0    0    0    0    0    0    0    0    0    0    0    0    0    0    0    0    0    0     0  0.0000E+00
   0.4642E+03    0    0    0    0    0    0    0    0    0    0    0    0    0    0    0    0    0    0    0    0     0  0.0000E+00
   0.5623E+03    0    0    0    0    0    0    0    0    0    0    0    0    0    0    0    0    0    0    0    0     0  0.0000E+00
   0.6813E+03    0    0    0    0    0    0    0    0    0    0    0    0    0    0    0    0    0    0    0    0     0  0.0000E+00
   0.8254E+03    0    0    0    0    0    0    0    0    0    0    0    0    0    0    0    0    0    0    0    0     0  0.0000E+00
   0.1000E+04    0    0    0    0    0    0    0    0    0    0    0    0    0    0    0    0    0    0    0    0     0  0.0000E+00
   0.1212E+04    0    0    0    0    0    0    0    0    0    0    0    0    0    0    0    0    0    0    0    0     0  0.0000E+00
   0.1468E+04    0    0    0    0    0    0    0    0    0    0    0    0    0    0    0    0    0    0    0    0     0  0.0000E+00
   0.1778E+04    0    0    0    0    0    0    0    0    0    0    0    0    0    0    0    0    0    0    0    0     0  0.0000E+00
   0.2154E+04    0    0    0    0    0    0    0    0    0    0    0    0    0    0    0    0    0    0    0    0     0  0.0000E+00
   0.2610E+04    0    0    0    0    0    0    0    0    0    0    0    0    0    0    0    0    0    0    0    0     0  0.0000E+00
   0.3162E+04    0    0    0    0    0    0    0    0    0    0    0    0    0    0    0    0    0    0    0    0     0  0.0000E+00
   0.3831E+04    0    0    0    0    0    0    0    0    0    0    0    0    0    0    0    0    0    0    0    0     0  0.0000E+00
   0.4642E+04    0    0    0    0    0    0    0    0    0    0    0    0    0    0    0    0    0    0    0    0     0  0.0000E+00
   0.5623E+04    0    0    0    0    0    0    0    0    0    0    0    0    0    0    0    0    0    0    0    0     0  0.0000E+00
   0.6813E+04    0    0    0    0    0    0    0    0    0    0    0    0    0    0    0    0    0    0    0    0     0  0.0000E+00
   0.8254E+04    0    0    0    0    0    0    0    0    0    0    0    0    0    0    0    0    0    0    0    0     0  0.0000E+00
   0.1000E+05    0    0    0    0    0    0    0    0    0    0    0    0    0    0    0    0    0    0    0    0     0  0.0000E+00
   0.1212E+05    0    0    0    0    0    0    0    0    0    0    0    0    0    0    0    0    0    0    0    0     0  0.0000E+00
   0.1468E+05    0    0    0    0    0    0    0    0    0    0    0    0    0    0    0    0    0    0    0    0     0  0.0000E+00
   0.1778E+05    0    0    0    0    0    0    0    0    0    0    0    0    0    0    0    0    0    0    0    0     0  0.0000E+00
   0.2154E+05    0    0    0    0    0    0    0    0    0    0    0    0    0    0    0    0    0    0    0    0     0  0.0000E+00
   0.2610E+05    0    0    0    0    0    0    0    0    0    0    0    0    0    0    0    0    0    0    0    0     0  0.0000E+00
   0.3162E+05    0    0    0    0    0    0    0    0    0    0    0    0    0    0    0    0    0    0    0    0     0  0.0000E+00
   0.3831E+05    0    0    0    0    0    0    0    0    0    0    0    0    0    0    0    0    0    0    0    0     0  0.0000E+00
   0.4642E+05    0    0    0    0    0    0    0    0    0    0    0    0    0    0    0    0    0    0    0    0     0  0.0000E+00
   0.5623E+05    0    0    0    0    0    0    0    0    0    0    0    0    0    0    0    0    0    0    0    0     0  0.0000E+00
   0.6813E+05    0    0    0    0    0    0    0    0    0    0    0    0    0    0    0    0    0    0    0    0     0  0.0000E+00
   0.8254E+05    0    0    0    0    0    0    0    0    0    0    0    0    0    0    0    0    0    0    0    0     0  0.0000E+00
   0.1000E+06    0    0    0    0    0    0    0    0    0    0    0    0    0    0    0    0    0    0    0    0     0  0.0000E+00
   0.0000E+00  126  356  724  870 1258 1526 1811 2094 2454 2800 2994 3129 3530 3768 3708 4140 4117 4003 4034 4188 51630  0.0000E+00
1ENERGY(E/E0 IN %) - POLAR ANGLE IN COS-INTERVALS (0.05)  (BACKWARD SPUTTERED PARTICLES) , 1.LAYER , SPECIES 1

     0    1    2    3    4    5    6    7    8    9   10   11   12   13   14   15   16   17   18   19   20      0
     1   32   90  179  216  281  341  405  475  536  582  664  676  814  841  901 1050 1071 1057 1118 1231  12560
     2   13   46  104  100  180  209  243  269  307  385  386  419  438  509  450  486  524  505  474  518   6565
     3   11   18   48   57   80  105  115  132  180  180  181  203  223  242  225  250  198  214  208  186   3056
     4    4    9   14   29   42   44   63   67   87   86  108  111  120  134  123  120  126  102  108   81   1578
     5    2    9    9   16   23   29   32   38   48   67   60   59   70   63   58   72   63   52   48   32    850
     6    1    2    3    7   13   12   28   23   32   36   43   37   38   38   42   40   29   27   22   17    490
     7    0    2    1    3    5    8    3   22   14   26   19   20   15   26   14   22   20   23   24   12    279
     8    0    2    2    2    1    4   12    7    8   14   15   13   24    9   18   17    6   11    8   12    185
     9    0    0    0    2    2    5    3    3    7    8    9   13   11   11   10    6   10    3    5    3    111
    10    0    0    2    1    1    2    0    3    1    8    2    5    2    5    4    0    4    4    0    1     45
    11    0    0    0    0    1    2    1    4    2    3    5    3    6    1    5    3    2    1    3    0     42
    12    0    0    0    0    0    0    0    1    1    3    3    2    1    3    3    2    3    2    0    1     25
    13    0    0    0    1    0    1    0    0    3    2    0    0    1    1    1    1    2    1    0    0     14
    14    0    0    0    1    0    1    1    3    0    0    0    2    1    0    0    1    0    1    0    0     11
    15    0    0    0    0    0    0    0    0    1    1    2    1    0    1    0    0    1    0    0    0      7
    16    0    0    0    0    0    0    0    0    0    0    0    0    1    0    0    0    0    0    0    0      1
    17    0    0    0    0    0    0    0    0    0    0    0    1    0    0    0    0    0    0    0    0      1
    18    0    0    0    0    0    0    0    0    0    0    0    0    0    0    0    0    0    0    0    0      0
    19    0    0    0    0    0    0    0    0    0    0    0    0    0    0    0    0    0    0    0    0      0
    20    0    0    0    0    0    0    0    0    0    0    0    0    0    0    0    0    0    0    0    0      0
    21    0    0    0    0    0    0    0    0    0    0    0    0    0    0    0    0    0    0    0    0      0
    22    0    0    0    0    0    0    0    0    0    0    0    0    0    0    0    0    0    0    0    0      0
    23    0    0    0    0    0    0    0    0    0    0    0    0    0    0    0    0    0    0    0    0      0
    24    0    0    0    0    0    0    0    0    0    0    0    0    0    0    0    0    0    0    0    0      0
    25    0    0    0    0    0    0    0    0    0    0    0    0    0    0    0    0    0    0    0    0      0
    26    0    0    0    0    0    0    0    0    0    0    0    0    0    0    0    0    0    0    0    0      0
    27    0    0    0    0    0    0    0    0    0    0    0    0    0    0    0    0    0    0    0    0      0
    28    0    0    0    0    0    0    0    0    0    0    0    0    0    0    0    0    0    0    0    0      0
    29    0    0    0    0    0    0    0    0    0    0    0    0    0    0    0    0    0    0    0    0      0
    30    0    0    0    0    0    0    0    0    0    0    0    0    0    0    0    0    0    0    0    0      0
    31    0    0    0    0    0    0    0    0    0    0    0    0    0    0    0    0    0    0    0    0      0
    32    0    0    0    0    0    0    0    0    0    0    0    0    0    0    0    0    0    0    0    0      0
    33    0    0    0    0    0    0    0    0    0    0    0    0    0    0    0    0    0    0    0    0      0
    34    0    0    0    0    0    0    0    0    0    0    0    0    0    0    0    0    0    0    0    0      0
    35    0    0    0    0    0    0    0    0    0    0    0    0    0    0    0    0    0    0    0    0      0
    36    0    0    0    0    0    0    0    0    0    0    0    0    0    0    0    0    0    0    0    0      0
    37    0    0    0    0    0    0    0    0    0    0    0    0    0    0    0    0    0    0    0    0      0
    38    0    0    0    0    0    0    0    0    0    0    0    0    0    0    0    0    0    0    0    0      0
    39    0    0    0    0    0    0    0    0    0    0    0    0    0    0    0    0    0    0    0    0      0
    40    0    0    0    0    0    0    0    0    0    0    0    0    0    0    0    0    0    0    0    0      0
    41    0    0    0    0    0    0    0    0    0    0    0    0    0    0    0    0    0    0    0    0      0
    42    0    0    0    0    0    0    0    0    0    0    0    0    0    0    0    0    0    0    0    0      0
    43    0    0    0    0    0    0    0    0    0    0    0    0    0    0    0    0    0    0    0    0      0
    44    0    0    0    0    0    0    0    0    0    0    0    0    0    0    0    0    0    0    0    0      0
    45    0    0    0    0    0    0    0    0    0    0    0    0    0    0    0    0    0    0    0    0      0
    46    0    0    0    0    0    0    0    0    0    0    0    0    0    0    0    0    0    0    0    0      0
    47    0    0    0    0    0    0    0    0    0    0    0    0    0    0    0    0    0    0    0    0      0
    48    0    0    0    0    0    0    0    0    0    0    0    0    0    0    0    0    0    0    0    0      0
    49    0    0    0    0    0    0    0    0    0    0    0    0    0    0    0    0    0    0    0    0      0
    50    0    0    0    0    0    0    0    0    0    0    0    0    0    0    0    0    0    0    0    0      0
    51    0    0    0    0    0    0    0    0    0    0    0    0    0    0    0    0    0    0    0    0      0
    52    0    0    0    0    0    0    0    0    0    0    0    0    0    0    0    0    0    0    0    0      0
    53    0    0    0    0    0    0    0    0    0    0    0    0    0    0    0    0    0    0    0    0      0
    54    0    0    0    0    0    0    0    0    0    0    0    0    0    0    0    0    0    0    0    0      0
    55    0    0    0    0    0    0    0    0    0    0    0    0    0    0    0    0    0    0    0    0      0
    56    0    0    0    0    0    0    0    0    0    0    0    0    0    0    0    0    0    0    0    0      0
    57    0    0    0    0    0    0    0    0    0    0    0    0    0    0    0    0    0    0    0    0      0
    58    0    0    0    0    0    0    0    0    0    0    0    0    0    0    0    0    0    0    0    0      0
    59    0    0    0    0    0    0    0    0    0    0    0    0    0    0    0    0    0    0    0    0      0
    60    0    0    0    0    0    0    0    0    0    0    0    0    0    0    0    0    0    0    0    0      0
    61    0    0    0    0    0    0    0    0    0    0    0    0    0    0    0    0    0    0    0    0      0
    62    0    0    0    0    0    0    0    0    0    0    0    0    0    0    0    0    0    0    0    0      0
    63    0    0    0    0    0    0    0    0    0    0    0    0    0    0    0    0    0    0    0    0      0
    64    0    0    0    0    0    0    0    0    0    0    0    0    0    0    0    0    0    0    0    0      0
    65    0    0    0    0    0    0    0    0    0    0    0    0    0    0    0    0    0    0    0    0      0
    66    0    0    0    0    0    0    0    0    0    0    0    0    0    0    0    0    0    0    0    0      0
    67    0    0    0    0    0    0    0    0    0    0    0    0    0    0    0    0    0    0    0    0      0
    68    0    0    0    0    0    0    0    0    0    0    0    0    0    0    0    0    0    0    0    0      0
    69    0    0    0    0    0    0    0    0    0    0    0    0    0    0    0    0    0    0    0    0      0
    70    0    0    0    0    0    0    0    0    0    0    0    0    0    0    0    0    0    0    0    0      0
    71    0    0    0    0    0    0    0    0    0    0    0    0    0    0    0    0    0    0    0    0      0
    72    0    0    0    0    0    0    0    0    0    0    0    0    0    0    0    0    0    0    0    0      0
    73    0    0    0    0    0    0    0    0    0    0    0    0    0    0    0    0    0    0    0    0      0
    74    0    0    0    0    0    0    0    0    0    0    0    0    0    0    0    0    0    0    0    0      0
    75    0    0    0    0    0    0    0    0    0    0    0    0    0    0    0    0    0    0    0    0      0
    76    0    0    0    0    0    0    0    0    0    0    0    0    0    0    0    0    0    0    0    0      0
    77    0    0    0    0    0    0    0    0    0    0    0    0    0    0    0    0    0    0    0    0      0
    78    0    0    0    0    0    0    0    0    0    0    0    0    0    0    0    0    0    0    0    0      0
    79    0    0    0    0    0    0    0    0    0    0    0    0    0    0    0    0    0    0    0    0      0
    80    0    0    0    0    0    0    0    0    0    0    0    0    0    0    0    0    0    0    0    0      0
    81    0    0    0    0    0    0    0    0    0    0    0    0    0    0    0    0    0    0    0    0      0
    82    0    0    0    0    0    0    0    0    0    0    0    0    0    0    0    0    0    0    0    0      0
    83    0    0    0    0    0    0    0    0    0    0    0    0    0    0    0    0    0    0    0    0      0
    84    0    0    0    0    0    0    0    0    0    0    0    0    0    0    0    0    0    0    0    0      0
    85    0    0    0    0    0    0    0    0    0    0    0    0    0    0    0    0    0    0    0    0      0
    86    0    0    0    0    0    0    0    0    0    0    0    0    0    0    0    0    0    0    0    0      0
    87    0    0    0    0    0    0    0    0    0    0    0    0    0    0    0    0    0    0    0    0      0
    88    0    0    0    0    0    0    0    0    0    0    0    0    0    0    0    0    0    0    0    0      0
    89    0    0    0    0    0    0    0    0    0    0    0    0    0    0    0    0    0    0    0    0      0
    90    0    0    0    0    0    0    0    0    0    0    0    0    0    0    0    0    0    0    0    0      0
    91    0    0    0    0    0    0    0    0    0    0    0    0    0    0    0    0    0    0    0    0      0
    92    0    0    0    0    0    0    0    0    0    0    0    0    0    0    0    0    0    0    0    0      0
    93    0    0    0    0    0    0    0    0    0    0    0    0    0    0    0    0    0    0    0    0      0
    94    0    0    0    0    0    0    0    0    0    0    0    0    0    0    0    0    0    0    0    0      0
    95    0    0    0    0    0    0    0    0    0    0    0    0    0    0    0    0    0    0    0    0      0
    96    0    0    0    0    0    0    0    0    0    0    0    0    0    0    0    0    0    0    0    0      0
    97    0    0    0    0    0    0    0    0    0    0    0    0    0    0    0    0    0    0    0    0      0
    98    0    0    0    0    0    0    0    0    0    0    0    0    0    0    0    0    0    0    0    0      0
    99    0    0    0    0    0    0    0    0    0    0    0    0    0    0    0    0    0    0    0    0      0
   100    0    0    0    0    0    0    0    0    0    0    0    0    0    0    0    0    0    0    0    0      0
     0   63  178  362  435  629  763  906 1047 1227 1401 1497 1565 1765 1884 1854 2070 2059 2003 2018 2094  25820
1AZIMUTHAL ANGLE - POLAR ANGLE IN COS-INTERVALS (0.05) (BACKWARD SPUTTERED PARTICLES) , 1.LAYER , SPECIES 1

     0    1    2    3    4    5    6    7    8    9   10   11   12   13   14   15   16   17   18   19   20      0
     3    0    1    6    3   11   15   13   18   22   13   19   34   32   32   35   42   22   44   32   31    425
     6    2    3    7    7    6   12   17   15   17   19   27   37   28   28   28   35   34   44   31   39    436
     9    0    2   10    9   10    8   10    9   18   23   21   25   28   23   30   35   35   29   39   40    404
    12    1    5    4    6   12   10   18   23   15   13   17   30   27   43   29   39   31   27   34   33    417
    15    0    3    5    5   11   11   16   18   23   21   18   23   35   29   43   38   34   37   27   36    433
    18    2    4    9    6   12   11    9   21   18   21   27   36   27   34   41   27   39   23   35   38    440
    21    0    3    3    4    6   11   14   17   22   21   29   33   29   37   28   41   38   41   40   37    454
    24    1    2    9    7    9    7   14   19   17   21   31   30   25   36   29   34   37   44   34   39    445
    27    0    1    6    7    9   12   14   10   20   24   23   26   31   43   32   29   36   34   31   34    422
    30    1    6    5   10    8   10   16    9   27   32   24   29   34   32   28   32   35   27   37   34    436
    33    1    3    3   12   12   16   14   20   17   23   18   21   31   34   34   40   31   24   32   31    417
    36    0    6   13    8   14   13   17   15   27   19   28   14   27   24   21   43   32   34   34   33    422
    39    3    6    7    7    9   14    5   20   18   26   22   21   28   33   32   25   35   41   34   35    421
    42    2    2    7    3    9   13   14   18   13   33   27   33   22   30   23   40   40   26   36   37    428
    45    1    1    2    5   11   17   18   20   12   24   32   17   34   35   34   37   39   35   34   42    450
    48    0    1   10    6    7   11   15   18   24   25   23   22   29   38   26   42   36   27   38   43    441
    51    1    3    2   11   12   12   15   15   27   27   14   19   22   29   30   42   32   30   38   30    411
    54    1    0    5    8   14   10   12   24   25   15   25   36   30   30   32   35   30   34   53   34    453
    57    0    2    3    8   14   13   22   17   23   22   30   38   26   24   28   40   29   33   29   34    435
    60    1    2   10    7   11   11   16   13   19   15   31   26   39   33   26   30   48   30   28   34    430
    63    1    4    6    5   11   16   12   20   24   22   18   21   32   37   35   35   43   30   38   29    439
    66    1    2    2    6   14    7   12   16   28   24   16   23   34   24   39   36   31   31   29   35    410
    69    1    6    6    2    6   15   13   20   25   21   17   30   37   43   33   39   40   46   32   31    463
    72    1    7    7    5    3   13   18   11   14   27   20   23   28   29   29   37   33   33   42   19    399
    75    1    6    8    8   21   12   15   10   21   14   21   32   36   31   29   33   36   33   23   24    414
    78    2    6    4    2    7   13   16    9   15   17   28   31   30   39   23   29   33   41   23   30    398
    81    0    0    4    6   12   15   14   19   29   24   25   24   28   27   37   29   27   31   31   34    416
    84    2    2    5    5   11   10   23   17   24   24   21   23   25   30   26   33   35   33   29   26    404
    87    0    4    7    2   14   13   11   23   21   24   17   28   27   29   36   35   31   31   31   34    418
    90    3    0    3    5    9   12   16   28   22   32   32   31   39   26   25   37   41   43   30   35    469
    93    1    3    7   10    9   12   17   16   23   25   21   37   30   31   32   32   24   33   30   31    424
    96    2    1    9    8    7   12    7   16   13   17   19   16   32   33   27   34   27   31   26   41    378
    99    0    0    8    9   12   10   19   21   15   29   28   31   33   36   37   33   32   34   32   32    451
   102    2    0    8   12   11   13   19   14   22   20   22   19   27   32   32   24   36   33   38   32    416
   105    1    4    7    8   14   23   12   18   31   21   23   31   31   26   31   28   28   27   31   42    437
   108    0    5    5   10   11    5   14   22   19   25   27   23   31   29   27   40   29   39   35   38    434
   111    0    4    5    7   11   14    8   15   26   28   35   23   30   31   39   32   39   38   32   29    446
   114    3    4    4    3    9    9   17   16   22   23   28   26   26   24   21   31   41   31   34   42    414
   117    1    5    1   14   12   14   21   19   15   33   26   27   35   23   29   43   35   29   43   36    461
   120    1    1   10    5    9    8   15   14   25   29   24   26   33   33   37   41   38   34   41   41    465
   123    2    2    9    9   16   16   14   21   15   29   17   21   23   30   27   32   38   28   31   30    410
   126    2    3    4   10   10   14   23   11   18   18   25   26   34   27   31   45   41   36   32   41    451
   129    2    6    6    6   12   17   13   19   24   16   24   22   29   30   30   35   37   40   37   41    446
   132    1    3    8   10    7    7    8   14   16   26   24   23   23   28   32   32   24   32   35   38    391
   135    1    3   11    4   14   17   11   18   24   25   25   21   41   32   23   30   27   36   42   38    443
   138    1    3    5    3   13   19   20   15   28   32   29   25   18   43   27   32   33   28   44   44    462
   141    1    2   12    7    6   23   14   28   15   21   30   30   39   37   36   35   45   34   30   34    479
   144    0    1    7    7   10   14   14   26   21   21   24   25   35   27   41   38   32   30   25   35    433
   147    0    1    5    8    6   11   20   19   26   20   32   21   23   30   35   33   31   33   36   33    423
   150    1    1    6   10    5   11   14   21    9   29   22   24   25   28   28   30   32   32   14   40    382
   153    1    4    7   14    8   12   17   13   23   20   34   25   26   26   36   35   41   28   38   32    440
   156    1    2    2    8    8   19   12   14   13   24   22   28   23   45   32   47   37   32   29   35    433
   159    2    6    6    8   12   13   20   20   23   27   37   19   21   40   34   32   33   37   41   36    467
   162    1    1    5   12    9   10   17   19   20   22   41   27   23   31   28   29   34   30   34   28    421
   165    1    4    7   11   13   12   18   27   18   27   29   33   32   30   19   30   36   42   34   38    461
   168    1    6    8    6   15   13   17   15   20   21   25   34   33   20   30   29   37   32   25   36    423
   171    0    1    3    8   14   12   19   13   24   27   24   26   26   35   38   36   43   29   36   38    452
   174    1    3    2    9   14   15   15   14   16   26   26   19   32   33   39   27   29   30   35   38    423
   177    3    2    4   11   10   12   16   26   19   23   30   18   24   34   31   18   31   35   37   37    421
   180    1    4    3    3    7   13   16   11   17   31   23   23   27   18   24   38   26   34   37   27    383
     0   63  178  362  435  629  763  906 1047 1227 1401 1497 1565 1765 1884 1854 2070 2059 2003 2018 2094  25820
