1
      *** PROGRAM TRVMC95 ***


                              * INPUT DATA *


       Z1        M1          E0       ALPHA       EF        ESB      SHEATH     ERC
     18.00     39.95      3388.00      0.00      0.10      0.00  10164.00      4.70

       NH        RI           X0        RD        CW        CA       KK0   KK0R   KDEE1  KDEE2  IPOT   IPOTR   IRL
     99999 716381.00         0.00    100.00      2.00      1.00       2      2      3      3      1      1      3


             DX      RHO    CK  Z(,1) Z(,2) Z(,3) Z(,4) Z(,5)  M(,1)  M(,2)  M(,3)  M(,4)  M(,5) C(,1) C(,2) C(,3) C(,4) C(,5)

 1.LAYER 10000.00   2.25   1.00    6.    0.    0.    0.    0.  12.01   0.00   0.00   0.00   0.00 1.000 0.000 0.000 0.000 0.000


                           ***  SBE(LAYER,ELEMENT)  ***     ***     ED(LAYER,ELEMENT)     ***     ***   BE(LAYER,ELEMENT)  ***

 1.LAYER                   7.41  0.00  0.00  0.00  0.00     30.00   0.00   0.00   0.00   0.00     0.10  0.00  0.00  0.00  0.00


       INTERACTION POTENTIAL : PROJECTILE-TARGET : KR-C POTENTIAL     TARGET-TARGET : KR-C POTENTIAL    


       INELASTIC LOSS MODEL  : PROJECTILE-TARGET : 50% LS 50% OR      TARGET-TARGET : 50% LS 50% OR     
1

                              * OUTPUT DATA *


                 HLM       HLMT        SU       SUT        XC        RT       SFE      INEL         L        LJ
               0.0000 10000.000    3.5029 10003.503   -3.5029  9900.000      7.41         0         1         1


                NPROJ       KIB       KIT      MAXA      NALL       NPA       NSA       KIS      KIST
                53256         0         0       305  62579631   2904215  35074301    101911         0


            EPS0(I)       Z2(I)       M2(I)     ARHO(I)       LM(I)     PMAX(I)     ASIG(I)       SB(I)       XX(I)        NJ(I)

 1.LAYER   0.6644E-01  0.6000E+01  0.1201E+02  0.1128E+00  0.2070E+01  0.1168E+01  0.2335E+00  0.7410E+01  0.1000E+05         1


             A1(1)   A1(2)   A1(3)   A1(4)   A1(5)   A1(6)   A1(7)   A1(8)   A1(9)  A1(10)  A1(11)  A1(12)  A1(13)  A1(14)  A1(15)

           0.13193


           KOR1(1) KOR1(2) KOR1(3) KOR1(4) KOR1(5) KOR1(6) KOR1(7) KOR1(8) KOR1(9) KOR1(A) KOR1(B) KOR1(C) KOR1(D) KOR1(E) KOR1(F)

           0.73577


            A(I,1)  A(I,2)  A(I,3)  A(I,4)  A(I,5)  A(I,6)  A(I,7)  A(I,8)  A(I,9) A(I,10) A(I,11) A(I,12) A(I,13) A(I,14) A(I,15)

           0.16242


           KOR(,1) KOR(,2) KOR(,3) KOR(,4) KOR(,5) KOR(,6) KOR(,7) KOR(,8) KOR(,9) KOR(,A) KOR(,B) KOR(,C) KOR(,D) KOR(,E) KOR(,F)

           0.46963
1

         IMPLANTED PARTICLES=  99999     ENERGY=0.3388E+09 EV
     BACKSCATTERED PARTICLES=      0     ENERGY=0.0000E+00 EV
       TRANSMITTED PARTICLES=      0     ENERGY=0.0000E+00 EV
     BACKSPUTTERED PARTICLES=  58937     ENERGY=0.1731E+07 EV
    TRANSM. SPUTT. PARTICLES=      0     ENERGY=0.0000E+00 EV


  PROJECTILES :   MEAN NUMBER OF ELASTIC COLLISIONS =     32.4   MEAN NUMBER OF EL.COLL.(E > EDISPL.) =   14.207
                                                                 MEAN NUMBER OF EL.COLL.(E > SB(1))   =   26.337

                       MEAN        VARIANCE      SKEWNESS      KURTOSIS        SIGMA       ERROR 1.M     ERROR 2.M     ERROR 3.M 
  PENETRATION       5.6222E+01    3.1091E+02    4.2571E-01    3.0285E+00    1.7633E+01    5.5760E-02    1.4003E+00    7.3814E-03
       SPREAD       1.8339E+01    1.0400E+02    8.1063E-01    3.7027E+00    1.0198E+01    3.2250E-02    5.4069E-01    9.5429E-03
   PATHLENGTH       6.5070E+01    3.4940E+02    3.7421E-01    2.9762E+00    1.8692E+01    5.9111E-02    1.5533E+00    7.3303E-03
 ELASTIC LOSS       3.1579E+03    6.4020E+03                                8.0013E+01    8.0014E-04
   INEL. LOSS       2.3006E+02    6.4020E+03                                8.0013E+01    8.0014E-04

                       MEAN        VARIANCE      SKEWNESS      KURTOSIS        SIGMA       ERROR 1.M     ERROR 2.M     ERROR 3.M 
   ELAST.LOSS       9.4987E+01    4.4274E+04    4.7767E+00    3.2015E+01    2.1041E+02    1.1695E-01    1.3704E+02    7.1693E-03
 WEAK EL.LOSS       2.5645E+00    5.8597E+00    1.4873E+00    4.8176E+00    2.4207E+00    1.3454E-03    6.3633E-03    1.3790E-03
 INELAST.LOSS       7.1067E+00    1.7496E+01    3.8366E-02    2.0790E+00    4.1828E+00    2.3248E-03    1.0101E-02    8.7302E-04
  SUBTHR.LOSS       1.2228E+01    5.7104E+01    5.4238E-01    2.3181E+00    7.5567E+00    5.6069E-03    4.8645E-02    1.1239E-03

                     1.MOMENT      2.MOMENT      3.MOMENT      4.MOMENT      5.MOMENT      6.MOMENT 
  PENETRATION       5.6222E+01    3.4718E+03    2.3249E+05    1.6706E+07    1.2770E+09    1.0312E+11



  RECOILES (PER PROJ.)   :   MEAN NUMBER OF ELASTIC COLLISIONS =    619.2   MEAN NUMBER OF EL.COLL.(E > EDISPL.) =     31.806
                                                                            MEAN NUMBER OF EL.COLL.(E > SB(1))   =    193.717

  RECOILES (PER KNOCKON) :   MEAN NUMBER OF ELASTIC COLLISIONS =    1.630   MEAN NUMBER OF EL.COLL.(E > EDISPL.) =      0.084
                                                                            MEAN NUMBER OF EL.COLL.(E > SB(1))   =      0.510

1


     DEPTH(A)  PARTICLES  NORM.DEPTH PATHLENGTH   INLOSS(EV)  TELOSS(EV)  ELLOSS(EV)  DAMAGE(EV)  PHONON(EV)  CASCAD(EV)     DPA

    -SU-    0.         0  0.0000E+00
     0.-    2.         0  0.0000E+00         0    1.2024E+06  1.3774E+07  1.3696E+07  1.3153E+07  5.4298E+05  1.0818E+07   39901
     2.-    4.         0  0.0000E+00         0    1.1988E+06  1.3767E+07  1.3684E+07  1.3131E+07  5.5255E+05  1.0805E+07   40451
     4.-    6.         0  0.0000E+00         0    1.1703E+06  1.3554E+07  1.3465E+07  1.2903E+07  5.6199E+05  1.0635E+07   40995
     6.-    8.         0  0.0000E+00         0    1.1433E+06  1.3534E+07  1.3439E+07  1.2869E+07  5.7048E+05  1.0620E+07   42055
     8.-   10.         5  0.5000E-04         0    1.1165E+06  1.3456E+07  1.3352E+07  1.2770E+07  5.8190E+05  1.0551E+07   43076
    10.-   12.        11  0.1100E-03         0    1.0858E+06  1.3127E+07  1.3014E+07  1.2419E+07  5.9512E+05  1.0280E+07   44053
    12.-   14.        29  0.2900E-03         1    1.0558E+06  1.3045E+07  1.2921E+07  1.2313E+07  6.0760E+05  1.0204E+07   45009
    14.-   16.        58  0.5800E-03         3    1.0221E+06  1.2879E+07  1.2742E+07  1.2126E+07  6.1562E+05  1.0065E+07   46221
    16.-   18.       130  0.1300E-02        14    9.9196E+05  1.2720E+07  1.2569E+07  1.1937E+07  6.3189E+05  9.9237E+06   47256
    18.-   20.       277  0.2770E-02        31    9.5674E+05  1.2425E+07  1.2257E+07  1.1612E+07  6.4513E+05  9.6701E+06   48357
    20.-   22.       464  0.4640E-02       107    9.2238E+05  1.2250E+07  1.2065E+07  1.1404E+07  6.6128E+05  9.5116E+06   49525
    22.-   24.       607  0.6070E-02       157    8.8715E+05  1.1906E+07  1.1702E+07  1.1023E+07  6.7952E+05  9.2081E+06   50143
    24.-   26.       939  0.9390E-02       240    8.4916E+05  1.1740E+07  1.1517E+07  1.0823E+07  6.9429E+05  9.0516E+06   50829
    26.-   28.      1170  0.1170E-01       387    8.0902E+05  1.1217E+07  1.0975E+07  1.0256E+07  7.1824E+05  8.5910E+06   50696
    28.-   30.      1541  0.1541E-01       601    7.6943E+05  1.0824E+07  1.0566E+07  9.8388E+06  7.2672E+05  8.2547E+06   50925
    30.-   32.      1868  0.1868E-01       853    7.2864E+05  1.0575E+07  1.0300E+07  9.5694E+06  7.3082E+05  8.0360E+06   50949
    32.-   34.      2320  0.2320E-01      1039    6.8684E+05  1.0015E+07  9.7243E+06  8.9804E+06  7.4390E+05  7.5541E+06   50184
    34.-   36.      2751  0.2751E-01      1342    6.4365E+05  9.6084E+06  9.3074E+06  8.5598E+06  7.4760E+05  7.2063E+06   49101
    36.-   38.      3042  0.3042E-01      1751    6.0131E+05  9.1255E+06  8.8154E+06  8.0755E+06  7.3994E+05  6.8085E+06   47975
    38.-   40.      3399  0.3399E-01      2065    5.6197E+05  8.6079E+06  8.2902E+06  7.5565E+06  7.3380E+05  6.3791E+06   46801
    40.-   42.      3766  0.3766E-01      2261    5.1646E+05  8.0306E+06  7.7127E+06  6.9999E+06  7.1276E+05  5.9164E+06   44746
    42.-   44.      3970  0.3970E-01      2572    4.7453E+05  7.5038E+06  7.1868E+06  6.4912E+06  6.9564E+05  5.4910E+06   42607
    44.-   46.      4244  0.4244E-01      2801    4.3614E+05  7.0049E+06  6.6907E+06  6.0156E+06  6.7504E+05  5.0944E+06   40771
    46.-   48.      4193  0.4193E-01      3014    3.9487E+05  6.3825E+06  6.0752E+06  5.4235E+06  6.5174E+05  4.5976E+06   37908
    48.-   50.      4381  0.4381E-01      3302    3.5881E+05  5.9129E+06  5.6140E+06  4.9874E+06  6.2663E+05  4.2309E+06   35512
    50.-   52.      4428  0.4428E-01      3539    3.2196E+05  5.3874E+06  5.1004E+06  4.5157E+06  5.8466E+05  3.8342E+06   33026
    52.-   54.      4553  0.4553E-01      3679    2.8872E+05  4.9229E+06  4.6481E+06  4.0976E+06  5.5057E+05  3.4823E+06   30706
    54.-   56.      4370  0.4370E-01      3896    2.5723E+05  4.3898E+06  4.1303E+06  3.6083E+06  5.2199E+05  3.0695E+06   27784
    56.-   58.      4251  0.4251E-01      3980    2.2731E+05  3.9319E+06  3.6878E+06  3.2090E+06  4.7881E+05  2.7330E+06   25530
    58.-   60.      4269  0.4269E-01      4186    1.9937E+05  3.4952E+06  3.2696E+06  2.8280E+06  4.4153E+05  2.4097E+06   22755
    60.-   62.      3995  0.3995E-01      4066    1.7463E+05  3.0548E+06  2.8457E+06  2.4400E+06  4.0571E+05  2.0817E+06   20430
    62.-   64.      3702  0.3702E-01      4132    1.5150E+05  2.7065E+06  2.5140E+06  2.1466E+06  3.6739E+05  1.8317E+06   18121
    64.-   66.      3604  0.3604E-01      3801    1.3179E+05  2.3752E+06  2.2007E+06  1.8703E+06  3.3033E+05  1.5974E+06   16258
    66.-   68.      3276  0.3276E-01      3580    1.1262E+05  2.0269E+06  1.8699E+06  1.5728E+06  2.9712E+05  1.3450E+06   14038
    68.-   70.      3103  0.3103E-01      4014    9.6373E+04  1.7700E+06  1.6300E+06  1.3678E+06  2.6213E+05  1.1698E+06   12359
    70.-   72.      2733  0.2733E-01      3895    8.1616E+04  1.4906E+06  1.3656E+06  1.1340E+06  2.3158E+05  9.7108E+05   10584
    72.-   74.      2554  0.2554E-01      3774    6.9192E+04  1.2757E+06  1.1664E+06  9.6182E+05  2.0456E+05  8.2422E+05    9067
    74.-   76.      2251  0.2251E-01      3360    5.8206E+04  1.0906E+06  9.9460E+05  8.1813E+05  1.7647E+05  7.0117E+05    7834
    76.-   78.      2036  0.2036E-01      3291    4.8627E+04  9.2830E+05  8.4405E+05  6.9020E+05  1.5385E+05  5.9215E+05    6735
    78.-   80.      1792  0.1792E-01      2987    4.0095E+04  7.6735E+05  6.9492E+05  5.6229E+05  1.3264E+05  4.8270E+05    5607
    80.-   82.      1589  0.1589E-01      2826    3.2891E+04  6.3217E+05  5.7013E+05  4.5703E+05  1.1309E+05  3.9240E+05    4615
    82.-   84.      1345  0.1345E-01      2512    2.6996E+04  5.2851E+05  4.7559E+05  3.7987E+05  9.5719E+04  3.2636E+05    3881
    84.-   86.      1185  0.1185E-01      2228    2.1639E+04  4.1414E+05  3.7011E+05  2.8999E+05  8.0119E+04  2.4965E+05    3144
    86.-   88.      1018  0.1018E-01      1984    1.7580E+04  3.3869E+05  3.0123E+05  2.3315E+05  6.8079E+04  2.0074E+05    2549
    88.-   90.       883  0.8830E-02      1728    1.4140E+04  2.8841E+05  2.5724E+05  2.0176E+05  5.5475E+04  1.7362E+05    2141
    90.-   92.       788  0.7880E-02      1579    1.1109E+04  2.2348E+05  1.9865E+05  1.5461E+05  4.4039E+04  1.3306E+05    1676
    92.-   94.       643  0.6430E-02      1402    8.8001E+03  1.7592E+05  1.5552E+05  1.1889E+05  3.6631E+04  1.0248E+05    1333
    94.-   96.       471  0.4710E-02      1214    6.8798E+03  1.3992E+05  1.2349E+05  9.4097E+04  2.9398E+04  8.1076E+04    1045
    96.-   98.       398  0.3980E-02      1001    5.1959E+03  1.0103E+05  8.8066E+04  6.4438E+04  2.3628E+04  5.5672E+04     790
    98.-  100.       332  0.3320E-02       930    4.1940E+03  8.3296E+04  7.2819E+04  5.3542E+04  1.9276E+04  4.6270E+04     640
   100.-  102.       280  0.2800E-02       716    3.2872E+03  6.9723E+04  6.1284E+04  4.6096E+04  1.5188E+04  3.9699E+04     505
   102.-  104.       238  0.2380E-02       598    2.3936E+03  4.9100E+04  4.2519E+04  3.1127E+04  1.1392E+04  2.6887E+04     382
   104.-  106.       173  0.1730E-02       525    1.8300E+03  3.9937E+04  3.4854E+04  2.5898E+04  8.9562E+03  2.2286E+04     286
   106.-  108.       133  0.1330E-02       361    1.3905E+03  2.8309E+04  2.4494E+04  1.8016E+04  6.4785E+03  1.5588E+04     228
   108.-  110.        95  0.9500E-03       357    1.0846E+03  2.2351E+04  1.9304E+04  1.3903E+04  5.4016E+03  1.2045E+04     179
   110.-  112.        84  0.8400E-03       275    7.2423E+02  1.5670E+04  1.3458E+04  9.6818E+03  3.7766E+03  8.3821E+03     122
   112.-  114.        65  0.6500E-03       224    6.1223E+02  1.3298E+04  1.1475E+04  8.1922E+03  3.2827E+03  7.0812E+03      96
   114.-  116.        62  0.6200E-03       163    4.0056E+02  8.0104E+03  6.6924E+03  4.1118E+03  2.5806E+03  3.5659E+03      56
   116.-  118.        29  0.2900E-03       127    3.1722E+02  6.1679E+03  5.2133E+03  3.6022E+03  1.6111E+03  3.1365E+03      54
   118.-  120.        33  0.3300E-03       138    2.3844E+02  4.2681E+03  3.5080E+03  2.2075E+03  1.3005E+03  1.9243E+03      35
   120.-  122.        21  0.2100E-03        92    1.7769E+02  3.8190E+03  3.2859E+03  2.3153E+03  9.7062E+02  2.0040E+03      28
   122.-  124.        13  0.1300E-03        72    1.0913E+02  2.2211E+03  1.8676E+03  1.1969E+03  6.7076E+02  1.0371E+03      15
   124.-  126.         9  0.9000E-04        55    1.0765E+02  2.1699E+03  1.8287E+03  1.3441E+03  4.8458E+02  1.1746E+03      24
   126.-  128.         9  0.9000E-04        35    5.3527E+01  1.3142E+03  1.1207E+03  8.0770E+02  3.1301E+02  6.9792E+02      10
   128.-  130.         9  0.9000E-04        34    4.6263E+01  1.1729E+03  1.0420E+03  7.4765E+02  2.9437E+02  6.4321E+02       7
   130.-  132.         4  0.4000E-04        22    2.5241E+01  5.9787E+02  4.9995E+02  3.6949E+02  1.3046E+02  3.2287E+02       6
   132.-  134.         4  0.4000E-04        28    1.7482E+01  4.4855E+02  3.9768E+02  3.0388E+02  9.3799E+01  2.6043E+02       2
   134.-  136.         1  0.1000E-04        12    1.0398E+01  1.2266E+02  8.9409E+01  0.0000E+00  8.9409E+01  0.0000E+00       0
   136.-  138.         0  0.0000E+00         9    6.2146E+00  2.2056E+02  2.0571E+02  1.7447E+02  3.1233E+01  1.4920E+02       1
   138.-  140.         0  0.0000E+00         5    7.1831E+00  2.3348E+02  1.9709E+02  1.4407E+02  5.3023E+01  1.2565E+02       2
   140.-  142.         2  0.2000E-04        12    1.3158E+00  4.2636E+01  3.1908E+01  0.0000E+00  3.1908E+01  0.0000E+00       0
   142.-  144.         1  0.1000E-04         4    9.9162E-01  2.9125E+01  1.8638E+01  0.0000E+00  1.8638E+01  0.0000E+00       0
   144.-  146.         0  0.0000E+00         2    7.1136E-02  1.1674E+00  7.8135E-01  0.0000E+00  7.8135E-01  0.0000E+00       0
   146.-  148.         0  0.0000E+00         1    0.0000E+00  0.0000E+00  0.0000E+00  0.0000E+00  0.0000E+00  0.0000E+00       0
   148.-  150.         0  0.0000E+00         1    0.0000E+00  0.0000E+00  0.0000E+00  0.0000E+00  0.0000E+00  0.0000E+00       0
   150.-  152.         0  0.0000E+00         3    0.0000E+00  0.0000E+00  0.0000E+00  0.0000E+00  0.0000E+00  0.0000E+00       0
   152.-  154.         0  0.0000E+00         2    0.0000E+00  0.0000E+00  0.0000E+00  0.0000E+00  0.0000E+00  0.0000E+00       0
   154.-  156.         0  0.0000E+00         0    0.0000E+00  0.0000E+00  0.0000E+00  0.0000E+00  0.0000E+00  0.0000E+00       0
   156.-  158.         0  0.0000E+00         0    0.0000E+00  0.0000E+00  0.0000E+00  0.0000E+00  0.0000E+00  0.0000E+00       0
   158.-  160.         0  0.0000E+00         1    0.0000E+00  0.0000E+00  0.0000E+00  0.0000E+00  0.0000E+00  0.0000E+00       0
   160.-  162.         0  0.0000E+00         0    0.0000E+00  0.0000E+00  0.0000E+00  0.0000E+00  0.0000E+00  0.0000E+00       0
   162.-  164.         0  0.0000E+00         0    0.0000E+00  0.0000E+00  0.0000E+00  0.0000E+00  0.0000E+00  0.0000E+00       0
   164.-  166.         0  0.0000E+00         0    0.0000E+00  0.0000E+00  0.0000E+00  0.0000E+00  0.0000E+00  0.0000E+00       0
   166.-  168.         0  0.0000E+00         0    0.0000E+00  0.0000E+00  0.0000E+00  0.0000E+00  0.0000E+00  0.0000E+00       0
   168.-  170.         0  0.0000E+00         0    0.0000E+00  0.0000E+00  0.0000E+00  0.0000E+00  0.0000E+00  0.0000E+00       0
   170.-  172.         0  0.0000E+00         0    0.0000E+00  0.0000E+00  0.0000E+00  0.0000E+00  0.0000E+00  0.0000E+00       0
   172.-  174.         0  0.0000E+00         0    0.0000E+00  0.0000E+00  0.0000E+00  0.0000E+00  0.0000E+00  0.0000E+00       0
   174.-  176.         0  0.0000E+00         0    0.0000E+00  0.0000E+00  0.0000E+00  0.0000E+00  0.0000E+00  0.0000E+00       0
   176.-  178.         0  0.0000E+00         0    0.0000E+00  0.0000E+00  0.0000E+00  0.0000E+00  0.0000E+00  0.0000E+00       0
   178.-  180.         0  0.0000E+00         0    0.0000E+00  0.0000E+00  0.0000E+00  0.0000E+00  0.0000E+00  0.0000E+00       0
   180.-  182.         0  0.0000E+00         0    0.0000E+00  0.0000E+00  0.0000E+00  0.0000E+00  0.0000E+00  0.0000E+00       0
   182.-  184.         0  0.0000E+00         0    0.0000E+00  0.0000E+00  0.0000E+00  0.0000E+00  0.0000E+00  0.0000E+00       0
   184.-  186.         0  0.0000E+00         0    0.0000E+00  0.0000E+00  0.0000E+00  0.0000E+00  0.0000E+00  0.0000E+00       0
   186.-  188.         0  0.0000E+00         0    0.0000E+00  0.0000E+00  0.0000E+00  0.0000E+00  0.0000E+00  0.0000E+00       0
   188.-  190.         0  0.0000E+00         0    0.0000E+00  0.0000E+00  0.0000E+00  0.0000E+00  0.0000E+00  0.0000E+00       0
   190.-  192.         0  0.0000E+00         0    0.0000E+00  0.0000E+00  0.0000E+00  0.0000E+00  0.0000E+00  0.0000E+00       0
   192.-  194.         0  0.0000E+00         0    0.0000E+00  0.0000E+00  0.0000E+00  0.0000E+00  0.0000E+00  0.0000E+00       0
   194.-  196.         0  0.0000E+00         0    0.0000E+00  0.0000E+00  0.0000E+00  0.0000E+00  0.0000E+00  0.0000E+00       0
   196.-  198.         0  0.0000E+00         0    0.0000E+00  0.0000E+00  0.0000E+00  0.0000E+00  0.0000E+00  0.0000E+00       0
   198.-  200.         0  0.0000E+00         0    0.0000E+00  0.0000E+00  0.0000E+00  0.0000E+00  0.0000E+00  0.0000E+00       0
   200.-   SUT         0  0.0000E+00

                   99999  1.0000E+00     99999    2.3005E+07  3.1579E+08  3.0749E+08  2.8528E+08  2.2211E+07  2.3854E+08 1420732
1
     RECOILS



     DEPTH(A)     INLOSS(EV)   TELOSS(EV)   ELLOSS(EV)   DAMAGE(EV)   PHONON(EV)     DPA  DPA(1)  DPA(2)

     0.-    2.    3.3616E+05   5.9003E+06   4.7266E+06   1.1942E+06   3.5324E+06   19386   19386       0
     2.-    4.    5.7022E+05   9.0460E+06   7.5421E+06   2.6829E+06   4.8592E+06   37200   37200       0
     4.-    6.    7.8556E+05   1.1824E+07   9.9342E+06   3.7748E+06   6.1594E+06   50303   50303       0
     6.-    8.    9.6750E+05   1.4283E+07   1.2039E+07   4.7048E+06   7.3339E+06   60911   60911       0
     8.-   10.    1.1226E+06   1.6435E+07   1.3882E+07   5.5356E+06   8.3466E+06   69955   69955       0
    10.-   12.    1.2588E+06   1.8295E+07   1.5472E+07   6.2361E+06   9.2362E+06   78355   78355       0
    12.-   14.    1.3734E+06   1.9788E+07   1.6723E+07   6.7091E+06   1.0014E+07   84931   84931       0
    14.-   16.    1.4715E+06   2.1249E+07   1.7971E+07   7.2390E+06   1.0732E+07   90430   90430       0
    16.-   18.    1.5638E+06   2.2561E+07   1.9079E+07   7.6851E+06   1.1394E+07   96502   96502       0
    18.-   20.    1.6407E+06   2.3663E+07   2.0007E+07   8.0398E+06   1.1967E+07  101094  101094       0
    20.-   22.    1.7071E+06   2.4744E+07   2.0925E+07   8.4309E+06   1.2494E+07  106195  106195       0
    22.-   24.    1.7587E+06   2.5612E+07   2.1649E+07   8.7019E+06   1.2948E+07  109582  109582       0
    24.-   26.    1.7974E+06   2.6186E+07   2.2114E+07   8.8012E+06   1.3313E+07  111646  111646       0
    26.-   28.    1.8247E+06   2.6752E+07   2.2586E+07   8.9754E+06   1.3610E+07  114110  114110       0
    28.-   30.    1.8342E+06   2.6991E+07   2.2759E+07   8.9557E+06   1.3803E+07  114889  114889       0
    30.-   32.    1.8307E+06   2.7081E+07   2.2815E+07   8.9137E+06   1.3901E+07  114882  114882       0
    32.-   34.    1.8262E+06   2.7195E+07   2.2907E+07   8.9360E+06   1.3970E+07  114821  114821       0
    34.-   36.    1.8049E+06   2.6972E+07   2.2694E+07   8.7778E+06   1.3916E+07  113876  113876       0
    36.-   38.    1.7707E+06   2.6627E+07   2.2388E+07   8.6091E+06   1.3779E+07  112251  112251       0
    38.-   40.    1.7333E+06   2.6138E+07   2.1955E+07   8.3768E+06   1.3578E+07  109861  109861       0
    40.-   42.    1.6832E+06   2.5495E+07   2.1400E+07   8.0980E+06   1.3302E+07  106571  106571       0
    42.-   44.    1.6248E+06   2.4753E+07   2.0767E+07   7.8318E+06   1.2935E+07  103501  103501       0
    44.-   46.    1.5585E+06   2.3863E+07   2.0004E+07   7.5041E+06   1.2500E+07   99526   99526       0
    46.-   48.    1.4873E+06   2.2845E+07   1.9131E+07   7.1123E+06   1.2018E+07   94402   94402       0
    48.-   50.    1.4062E+06   2.1711E+07   1.8163E+07   6.7018E+06   1.1461E+07   89277   89277       0
    50.-   52.    1.3271E+06   2.0552E+07   1.7185E+07   6.3018E+06   1.0883E+07   84610   84610       0
    52.-   54.    1.2474E+06   1.9358E+07   1.6174E+07   5.8829E+06   1.0291E+07   79659   79659       0
    54.-   56.    1.1674E+06   1.8193E+07   1.5196E+07   5.5265E+06   9.6695E+06   74747   74747       0
    56.-   58.    1.0846E+06   1.7004E+07   1.4204E+07   5.1746E+06   9.0289E+06   69665   69665       0
    58.-   60.    1.0043E+06   1.5763E+07   1.3156E+07   4.7607E+06   8.3954E+06   64608   64608       0
    60.-   62.    9.1934E+05   1.4460E+07   1.2053E+07   4.3128E+06   7.7400E+06   58736   58736       0
    62.-   64.    8.3755E+05   1.3217E+07   1.1009E+07   3.9068E+06   7.1026E+06   53257   53257       0
    64.-   66.    7.6275E+05   1.2051E+07   1.0035E+07   3.5589E+06   6.4758E+06   48926   48926       0
    66.-   68.    6.8862E+05   1.0959E+07   9.1339E+06   3.2640E+06   5.8699E+06   44260   44260       0
    68.-   70.    6.1905E+05   9.8291E+06   8.1785E+06   2.8817E+06   5.2968E+06   39574   39574       0
    70.-   72.    5.5427E+05   8.7781E+06   7.2984E+06   2.5514E+06   4.7470E+06   35505   35505       0
    72.-   74.    4.9506E+05   7.8875E+06   6.5587E+06   2.3007E+06   4.2580E+06   31780   31780       0
    74.-   76.    4.4218E+05   7.0266E+06   5.8412E+06   2.0411E+06   3.8001E+06   28279   28279       0
    76.-   78.    3.9072E+05   6.2190E+06   5.1691E+06   1.8073E+06   3.3619E+06   24758   24758       0
    78.-   80.    3.4561E+05   5.5115E+06   4.5855E+06   1.6154E+06   2.9701E+06   22255   22255       0
    80.-   82.    3.0443E+05   4.8424E+06   4.0249E+06   1.4103E+06   2.6146E+06   19606   19606       0
    82.-   84.    2.6630E+05   4.2588E+06   3.5422E+06   1.2518E+06   2.2904E+06   17265   17265       0
    84.-   86.    2.3301E+05   3.7230E+06   3.0973E+06   1.0903E+06   2.0070E+06   14988   14988       0
    86.-   88.    2.0239E+05   3.2236E+06   2.6799E+06   9.3430E+05   1.7456E+06   12783   12783       0
    88.-   90.    1.7552E+05   2.7891E+06   2.3203E+06   8.1594E+05   1.5043E+06   11192   11192       0
    90.-   92.    1.5221E+05   2.4179E+06   2.0131E+06   7.1890E+05   1.2942E+06    9776    9776       0
    92.-   94.    1.3136E+05   2.0722E+06   1.7256E+06   6.1215E+05   1.1135E+06    8441    8441       0
    94.-   96.    1.1281E+05   1.7704E+06   1.4757E+06   5.3080E+05   9.4491E+05    7157    7157       0
    96.-   98.    9.5003E+04   1.4943E+06   1.2532E+06   4.7013E+05   7.8305E+05    6145    6145       0
    98.-  100.    7.5733E+04   1.1560E+06   9.7636E+05   3.8723E+05   5.8913E+05    5119    5119       0
   100.-  102.    4.3846E+04   6.1744E+05   5.2948E+05   2.3354E+05   2.9594E+05    2968    2968       0
   102.-  104.    1.6128E+03   1.8169E+04   1.4958E+04   5.0283E+03   9.9295E+03      66      66       0
   104.-  106.    0.0000E+00   0.0000E+00   0.0000E+00   0.0000E+00   0.0000E+00       0       0       0
   106.-  108.    0.0000E+00   0.0000E+00   0.0000E+00   0.0000E+00   0.0000E+00       0       0       0
   108.-  110.    0.0000E+00   0.0000E+00   0.0000E+00   0.0000E+00   0.0000E+00       0       0       0
   110.-  112.    0.0000E+00   0.0000E+00   0.0000E+00   0.0000E+00   0.0000E+00       0       0       0
   112.-  114.    0.0000E+00   0.0000E+00   0.0000E+00   0.0000E+00   0.0000E+00       0       0       0
   114.-  116.    0.0000E+00   0.0000E+00   0.0000E+00   0.0000E+00   0.0000E+00       0       0       0
   116.-  118.    0.0000E+00   0.0000E+00   0.0000E+00   0.0000E+00   0.0000E+00       0       0       0
   118.-  120.    0.0000E+00   0.0000E+00   0.0000E+00   0.0000E+00   0.0000E+00       0       0       0
   120.-  122.    0.0000E+00   0.0000E+00   0.0000E+00   0.0000E+00   0.0000E+00       0       0       0
   122.-  124.    0.0000E+00   0.0000E+00   0.0000E+00   0.0000E+00   0.0000E+00       0       0       0
   124.-  126.    0.0000E+00   0.0000E+00   0.0000E+00   0.0000E+00   0.0000E+00       0       0       0
   126.-  128.    0.0000E+00   0.0000E+00   0.0000E+00   0.0000E+00   0.0000E+00       0       0       0
   128.-  130.    0.0000E+00   0.0000E+00   0.0000E+00   0.0000E+00   0.0000E+00       0       0       0
   130.-  132.    0.0000E+00   0.0000E+00   0.0000E+00   0.0000E+00   0.0000E+00       0       0       0
   132.-  134.    0.0000E+00   0.0000E+00   0.0000E+00   0.0000E+00   0.0000E+00       0       0       0
   134.-  136.    0.0000E+00   0.0000E+00   0.0000E+00   0.0000E+00   0.0000E+00       0       0       0
   136.-  138.    0.0000E+00   0.0000E+00   0.0000E+00   0.0000E+00   0.0000E+00       0       0       0
   138.-  140.    0.0000E+00   0.0000E+00   0.0000E+00   0.0000E+00   0.0000E+00       0       0       0
   140.-  142.    0.0000E+00   0.0000E+00   0.0000E+00   0.0000E+00   0.0000E+00       0       0       0
   142.-  144.    0.0000E+00   0.0000E+00   0.0000E+00   0.0000E+00   0.0000E+00       0       0       0
   144.-  146.    0.0000E+00   0.0000E+00   0.0000E+00   0.0000E+00   0.0000E+00       0       0       0
   146.-  148.    0.0000E+00   0.0000E+00   0.0000E+00   0.0000E+00   0.0000E+00       0       0       0
   148.-  150.    0.0000E+00   0.0000E+00   0.0000E+00   0.0000E+00   0.0000E+00       0       0       0
   150.-  152.    0.0000E+00   0.0000E+00   0.0000E+00   0.0000E+00   0.0000E+00       0       0       0
   152.-  154.    0.0000E+00   0.0000E+00   0.0000E+00   0.0000E+00   0.0000E+00       0       0       0
   154.-  156.    0.0000E+00   0.0000E+00   0.0000E+00   0.0000E+00   0.0000E+00       0       0       0
   156.-  158.    0.0000E+00   0.0000E+00   0.0000E+00   0.0000E+00   0.0000E+00       0       0       0
   158.-  160.    0.0000E+00   0.0000E+00   0.0000E+00   0.0000E+00   0.0000E+00       0       0       0
   160.-  162.    0.0000E+00   0.0000E+00   0.0000E+00   0.0000E+00   0.0000E+00       0       0       0
   162.-  164.    0.0000E+00   0.0000E+00   0.0000E+00   0.0000E+00   0.0000E+00       0       0       0
   164.-  166.    0.0000E+00   0.0000E+00   0.0000E+00   0.0000E+00   0.0000E+00       0       0       0
   166.-  168.    0.0000E+00   0.0000E+00   0.0000E+00   0.0000E+00   0.0000E+00       0       0       0
   168.-  170.    0.0000E+00   0.0000E+00   0.0000E+00   0.0000E+00   0.0000E+00       0       0       0
   170.-  172.    0.0000E+00   0.0000E+00   0.0000E+00   0.0000E+00   0.0000E+00       0       0       0
   172.-  174.    0.0000E+00   0.0000E+00   0.0000E+00   0.0000E+00   0.0000E+00       0       0       0
   174.-  176.    0.0000E+00   0.0000E+00   0.0000E+00   0.0000E+00   0.0000E+00       0       0       0
   176.-  178.    0.0000E+00   0.0000E+00   0.0000E+00   0.0000E+00   0.0000E+00       0       0       0
   178.-  180.    0.0000E+00   0.0000E+00   0.0000E+00   0.0000E+00   0.0000E+00       0       0       0
   180.-  182.    0.0000E+00   0.0000E+00   0.0000E+00   0.0000E+00   0.0000E+00       0       0       0
   182.-  184.    0.0000E+00   0.0000E+00   0.0000E+00   0.0000E+00   0.0000E+00       0       0       0
   184.-  186.    0.0000E+00   0.0000E+00   0.0000E+00   0.0000E+00   0.0000E+00       0       0       0
   186.-  188.    0.0000E+00   0.0000E+00   0.0000E+00   0.0000E+00   0.0000E+00       0       0       0
   188.-  190.    0.0000E+00   0.0000E+00   0.0000E+00   0.0000E+00   0.0000E+00       0       0       0
   190.-  192.    0.0000E+00   0.0000E+00   0.0000E+00   0.0000E+00   0.0000E+00       0       0       0
   192.-  194.    0.0000E+00   0.0000E+00   0.0000E+00   0.0000E+00   0.0000E+00       0       0       0
   194.-  196.    0.0000E+00   0.0000E+00   0.0000E+00   0.0000E+00   0.0000E+00       0       0       0
   196.-  198.    0.0000E+00   0.0000E+00   0.0000E+00   0.0000E+00   0.0000E+00       0       0       0
   198.-  200.    0.0000E+00   0.0000E+00   0.0000E+00   0.0000E+00   0.0000E+00       0       0       0

                  5.0418E+07   7.6120E+08   6.3906E+08   2.4288E+08   3.9619E+08 3180582 3180582       0
1     BACKWARD SPUTTERING



        ALL SPUTTERED PARTICLES =   58937   TOTAL SPUTTERED ENERGY = 0.1731E+07 EV


        SPUTTERED PARTICLES (1.LAYER) =   58937   SPUTTERED ENERGY = 0.1731E+07 EV


 1.LAYER
         SPUTTERED PARTICLES(1) =   58937     SPUTTERED ENERGY(1) = 0.1731E+07 EV

         ION IN , PRIMARY KO(1) =   12221   0.2074   0.2074    ENERGY = 0.6392E+06 EV   0.3692   0.3692    MEAN ENERGY = 0.5230E+02
         ION IN , SECOND. KO(1) =   46716   0.7926   0.7926    ENERGY = 0.1092E+07 EV   0.6308   0.6308    MEAN ENERGY = 0.2338E+02
        ION OUT , PRIMARY KO(1) =       0   0.0000   0.0000    ENERGY = 0.0000E+00 EV   0.0000   0.0000    MEAN ENERGY = 0.0000E+00
        ION OUT , SECOND. KO(1) =       0   0.0000   0.0000    ENERGY = 0.0000E+00 EV   0.0000   0.0000    MEAN ENERGY = 0.0000E+00


     SPUTTERING YIELD(1) =  5.894E-01  SPUTTERED ENERGY(1) =  5.110E-03  REL.MEAN ENERGY(1) =  8.670E-03  MEAN ENERGY(1) =  2.937E+01

                       MEAN        VARIANCE      SKEWNESS      KURTOSIS        SIGMA       ERROR 1.M     ERROR 2.M     ERROR 3.M 
    ENERGY(1)       2.9374E+01    1.8486E+03    3.8093E+00    2.4333E+01    4.2995E+01    1.7710E-01    3.6781E+01    6.5966E-02
 LOGENERGY(1)       1.1542E+00    2.9295E-01   -1.3472E-01    2.9519E+00    5.4125E-01    2.2300E-03    1.6863E-03    9.6105E-03

                     1.MOMENT      2.MOMENT      3.MOMENT      4.MOMENT      5.MOMENT      6.MOMENT 
    ENERGY(1)       2.9374E+01    2.7114E+03    4.9100E+05    1.2904E+08    4.2206E+10    1.5868E+13
 LOGENERGY(1)       1.1542E+00    1.6251E+00    2.5306E+00    4.2710E+00    7.6543E+00    1.4407E+01



     POLAR ANGULAR DISTRIBUTION OF ALL BACKWARD SPUTTERED PARTICLES


       0.00  0.00  0.00  0.00  0.00  0.00  0.00  0.00  0.00  0.00  0.00  0.00  0.00  0.00  0.00  0.00  0.00  0.00  0.00  0.00

        112   358   559   829  1166  1480  1801  2186  2531  2968  3272  3607  3903  4185  4437  4554  4838  5133  5371  5647
      0.038 0.121 0.190 0.281 0.396 0.502 0.611 0.742 0.859 1.007 1.110 1.224 1.324 1.420 1.506 1.545 1.642 1.742 1.823 1.916
1 LOG ENERGY - COS OF EMISSION ANGLE (0.05 STEPS)   (BACKWARD SPUTTERED PARTICLES) ; 1. LAYER ; SPECIES 1


   0.0000E+00    1    2    3    4    5    6    7    8    9   10   11   12   13   14   15   16   17   18   19   20     0  0.0000E+00
   0.1000E+00    1    0    0    0    1    0    2    0    3    1    4    3    1    0    1    2    1    2    3    2    27  0.2700E-02
   0.1212E+00    0    0    0    0    0    0    0    0    0    0    0    0    0    0    0    0    0    0    0    0     0  0.0000E+00
   0.1468E+00    0    0    0    0    0    0    0    0    0    0    0    0    0    0    0    0    0    0    0    0     0  0.0000E+00
   0.1778E+00    0    0    0    0    0    0    0    0    0    0    0    0    0    0    0    0    0    0    0    0     0  0.0000E+00
   0.2154E+00    0    0    0    0    0    0    0    0    0    0    0    0    0    0    0    0    0    0    0    0     0  0.0000E+00
   0.2610E+00    0    0    0    0    0    0    0    0    0    0    0    0    0    0    0    0    0    0    0    0     0  0.0000E+00
   0.3162E+00    0    0    0    0    0    0    0    0    0    0    0    0    0    0    0    0    0    0    0    0     0  0.0000E+00
   0.3831E+00    0    0    0    0    0    0    0    0    0    0    0    0    0    0    0    0    0    0    0    0     0  0.0000E+00
   0.4642E+00    0    0    0    0    0    0    0    0    0    0    0    0    0    0    0    0    0    0    0    0     0  0.0000E+00
   0.5623E+00    0    0    0    0    0    0    0    0    0    0    0    0    0    0    0    0    0    0    0    0     0  0.0000E+00
   0.6813E+00    0    0    0    0    0    0    0    0    0    0    0    0    0    0    0    0    0    0    0    0     0  0.0000E+00
   0.8254E+00    0    0    0    0    0    0    0    0    0    0    0    0    0    0    0    0    0    0    0    0     0  0.0000E+00
   0.1000E+01    0    0    0    0    0    0    0    0    0    0    0    0    0    0    0    0    0    0    0    0     0  0.0000E+00
   0.1212E+01    0    0    0    0    0    0    0    0    0    0    0    0    0    0    0    0    0    0    0    0     0  0.0000E+00
   0.1468E+01    0    0    0    0    0    0    0    0    0    0    0    0    0    0    0    0    0    0    0    0     0  0.0000E+00
   0.1778E+01    0    0    0    0    0    0    0    0    0    0    0    0    0    0    0    0    0    0    0    0     0  0.0000E+00
   0.2154E+01    0    0    0    0    0    0    0    0    0    0    0    0    0    0    0    0    0    0    0    0     0  0.0000E+00
   0.2610E+01    0    0    0    0    0    0    0    0    0    0    0    0    0    0    0    0    0    0    0    0     0  0.0000E+00
   0.3162E+01    0    0    0    0    0    0    0    0    0    0    0    0    0    0    0    0    0    0    0    0     0  0.0000E+00
   0.3831E+01    0    0    0    0    0    0    0    0    0    0    0    0    0    0    0    0    0    0    0    0     0  0.0000E+00
   0.4642E+01    0    0    0    0    0    0    0    0    0    0    0    0    0    0    0    0    0    0    0    0     0  0.0000E+00
   0.5623E+01    0    0    0    0    0    0    0    0    0    0    0    0    0    0    0    0    0    0    0    0     0  0.0000E+00
   0.6813E+01    0    0    0    0    0    0    0    0    0    0    0    0    0    0    0    0    0    0    0    0     0  0.0000E+00
   0.8254E+01    0    0    0    0    0    0    0    0    0    0    0    0    0    0    0    0    0    0    0    0     0  0.0000E+00
   0.1000E+02    0    0    0    0    0    0    0    0    0    0    0    0    0    0    0    0    0    0    0    0     0  0.0000E+00
   0.1212E+02    0    0    0    0    0    0    0    0    0    0    0    0    0    0    0    0    0    0    0    0     0  0.0000E+00
   0.1468E+02    0    0    0    0    0    0    0    0    0    0    0    0    0    0    0    0    0    0    0    0     0  0.0000E+00
   0.1778E+02    0    0    0    0    0    0    0    0    0    0    0    0    0    0    0    0    0    0    0    0     0  0.0000E+00
   0.2154E+02    0    0    0    0    0    0    0    0    0    0    0    0    0    0    0    0    0    0    0    0     0  0.0000E+00
   0.2610E+02    0    0    0    0    0    0    0    0    0    0    0    0    0    0    0    0    0    0    0    0     0  0.0000E+00
   0.3162E+02    0    0    0    0    0    0    0    0    0    0    0    0    0    0    0    0    0    0    0    0     0  0.0000E+00
   0.3831E+02    0    0    0    0    0    0    0    0    0    0    0    0    0    0    0    0    0    0    0    0     0  0.0000E+00
   0.4642E+02    0    0    0    0    0    0    0    0    0    0    0    0    0    0    0    0    0    0    0    0     0  0.0000E+00
   0.5623E+02    0    0    0    0    0    0    0    0    0    0    0    0    0    0    0    0    0    0    0    0     0  0.0000E+00
   0.6813E+02    0    0    0    0    0    0    0    0    0    0    0    0    0    0    0    0    0    0    0    0     0  0.0000E+00
   0.8254E+02    0    0    0    0    0    0    0    0    0    0    0    0    0    0    0    0    0    0    0    0     0  0.0000E+00
   0.1000E+03    0    0    0    0    0    0    0    0    0    0    0    0    0    0    0    0    0    0    0    0     0  0.0000E+00
   0.1212E+03    0    0    0    0    0    0    0    0    0    0    0    0    0    0    0    0    0    0    0    0     0  0.0000E+00
   0.1468E+03    0    0    0    0    0    0    0    0    0    0    0    0    0    0    0    0    0    0    0    0     0  0.0000E+00
   0.1778E+03    0    0    0    0    0    0    0    0    0    0    0    0    0    0    0    0    0    0    0    0     0  0.0000E+00
   0.2154E+03    0    0    0    0    0    0    0    0    0    0    0    0    0    0    0    0    0    0    0    0     0  0.0000E+00
   0.2610E+03    0    0    0    0    0    0    0    0    0    0    0    0    0    0    0    0    0    0    0    0     0  0.0000E+00
   0.3162E+03    0    0    0    0    0    0    0    0    0    0    0    0    0    0    0    0    0    0    0    0     0  0.0000E+00
   0.3831E+03    0    0    0    0    0    0    0    0    0    0    0    0    0    0    0    0    0    0    0    0     0  0.0000E+00
   0.4642E+03    0    0    0    0    0    0    0    0    0    0    0    0    0    0    0    0    0    0    0    0     0  0.0000E+00
   0.5623E+03    0    0    0    0    0    0    0    0    0    0    0    0    0    0    0    0    0    0    0    0     0  0.0000E+00
   0.6813E+03    0    0    0    0    0    0    0    0    0    0    0    0    0    0    0    0    0    0    0    0     0  0.0000E+00
   0.8254E+03    0    0    0    0    0    0    0    0    0    0    0    0    0    0    0    0    0    0    0    0     0  0.0000E+00
   0.1000E+04    0    0    0    0    0    0    0    0    0    0    0    0    0    0    0    0    0    0    0    0     0  0.0000E+00
   0.1212E+04    0    0    0    0    0    0    0    0    0    0    0    0    0    0    0    0    0    0    0    0     0  0.0000E+00
   0.1468E+04    0    0    0    0    0    0    0    0    0    0    0    0    0    0    0    0    0    0    0    0     0  0.0000E+00
   0.1778E+04    0    0    0    0    0    0    0    0    0    0    0    0    0    0    0    0    0    0    0    0     0  0.0000E+00
   0.2154E+04    0    0    0    0    0    0    0    0    0    0    0    0    0    0    0    0    0    0    0    0     0  0.0000E+00
   0.2610E+04    0    0    0    0    0    0    0    0    0    0    0    0    0    0    0    0    0    0    0    0     0  0.0000E+00
   0.3162E+04    0    0    0    0    0    0    0    0    0    0    0    0    0    0    0    0    0    0    0    0     0  0.0000E+00
   0.3831E+04    0    0    0    0    0    0    0    0    0    0    0    0    0    0    0    0    0    0    0    0     0  0.0000E+00
   0.4642E+04    0    0    0    0    0    0    0    0    0    0    0    0    0    0    0    0    0    0    0    0     0  0.0000E+00
   0.5623E+04    0    0    0    0    0    0    0    0    0    0    0    0    0    0    0    0    0    0    0    0     0  0.0000E+00
   0.6813E+04    0    0    0    0    0    0    0    0    0    0    0    0    0    0    0    0    0    0    0    0     0  0.0000E+00
   0.8254E+04    0    0    0    0    0    0    0    0    0    0    0    0    0    0    0    0    0    0    0    0     0  0.0000E+00
   0.1000E+05    0    0    0    0    0    0    0    0    0    0    0    0    0    0    0    0    0    0    0    0     0  0.0000E+00
   0.1212E+05    0    0    0    0    0    0    0    0    0    0    0    0    0    0    0    0    0    0    0    0     0  0.0000E+00
   0.1468E+05    0    0    0    0    0    0    0    0    0    0    0    0    0    0    0    0    0    0    0    0     0  0.0000E+00
   0.1778E+05    0    0    0    0    0    0    0    0    0    0    0    0    0    0    0    0    0    0    0    0     0  0.0000E+00
   0.2154E+05    0    0    0    0    0    0    0    0    0    0    0    0    0    0    0    0    0    0    0    0     0  0.0000E+00
   0.2610E+05    0    0    0    0    0    0    0    0    0    0    0    0    0    0    0    0    0    0    0    0     0  0.0000E+00
   0.3162E+05    0    0    0    0    0    0    0    0    0    0    0    0    0    0    0    0    0    0    0    0     0  0.0000E+00
   0.3831E+05    0    0    0    0    0    0    0    0    0    0    0    0    0    0    0    0    0    0    0    0     0  0.0000E+00
   0.4642E+05    0    0    0    0    0    0    0    0    0    0    0    0    0    0    0    0    0    0    0    0     0  0.0000E+00
   0.5623E+05    0    0    0    0    0    0    0    0    0    0    0    0    0    0    0    0    0    0    0    0     0  0.0000E+00
   0.6813E+05    0    0    0    0    0    0    0    0    0    0    0    0    0    0    0    0    0    0    0    0     0  0.0000E+00
   0.8254E+05    0    0    0    0    0    0    0    0    0    0    0    0    0    0    0    0    0    0    0    0     0  0.0000E+00
   0.1000E+06    0    0    0    0    0    0    0    0    0    0    0    0    0    0    0    0    0    0    0    0     0  0.0000E+00
   0.0000E+00  223  716 1118 1658 2331 2960 3600 4372 5059 5935 6540 7211 7805 8370 8873 9106 9675102641073911292117847  0.0000E+00
1ENERGY(E/E0 IN %) - POLAR ANGLE IN COS-INTERVALS (0.05)  (BACKWARD SPUTTERED PARTICLES) , 1.LAYER , SPECIES 1

     0    1    2    3    4    5    6    7    8    9   10   11   12   13   14   15   16   17   18   19   20      0
     1  100  302  458  685  895 1125 1328 1551 1802 2106 2296 2527 2803 3032 3211 3442 3699 4013 4320 4596  44291
     2    7   40   65   94  153  194  276  318  376  433  475  555  572  621  661  634  672  681  673  683   8183
     3    2   11   20   27   56   70   76  142  154  175  225  243  249  242  238  248  247  237  206  230   3098
     4    1    4   10   10   22   39   39   66   76  106  104  111  135  125  142  111  101   85   91   78   1456
     5    2    1    2    6   17   18   26   52   38   61   70   65   58   74   80   49   52   56   35   31    793
     6    0    0    2    4   10   10   16   17   30   32   33   41   33   43   35   22   26   17   24   17    412
     7    0    0    0    1    3    9   16   16   20   19   21   30   23   22   24   13   11   18    5    5    256
     8    0    0    0    2    4    4    9    8   11   10   16   15   11    6   17   11   11    9    5    2    151
     9    0    0    1    0    0    4    4    6    9    9    6    6    3    8   14   11    8    7    6    3    105
    10    0    0    1    0    3    4    3    3    3    5   10    6    8    6    9    5    7    3    3    1     80
    11    0    0    0    0    1    2    4    3    6    3    5    3    1    3    2    3    1    3    0    0     40
    12    0    0    0    0    2    1    0    3    2    3    5    1    2    1    0    1    0    2    1    0     24
    13    0    0    0    0    0    0    0    1    2    2    0    0    3    2    3    2    3    1    1    0     20
    14    0    0    0    0    0    0    2    0    2    2    3    1    1    0    1    2    0    0    1    1     16
    15    0    0    0    0    0    0    1    0    0    1    3    0    1    0    0    0    0    0    0    0      6
    16    0    0    0    0    0    0    1    0    0    1    0    0    0    0    0    0    0    1    0    0      3
    17    0    0    0    0    0    0    0    0    0    0    0    1    0    0    0    0    0    0    0    0      1
    18    0    0    0    0    0    0    0    0    0    0    0    2    0    0    0    0    0    0    0    0      2
    19    0    0    0    0    0    0    0    0    0    0    0    0    0    0    0    0    0    0    0    0      0
    20    0    0    0    0    0    0    0    0    0    0    0    0    0    0    0    0    0    0    0    0      0
    21    0    0    0    0    0    0    0    0    0    0    0    0    0    0    0    0    0    0    0    0      0
    22    0    0    0    0    0    0    0    0    0    0    0    0    0    0    0    0    0    0    0    0      0
    23    0    0    0    0    0    0    0    0    0    0    0    0    0    0    0    0    0    0    0    0      0
    24    0    0    0    0    0    0    0    0    0    0    0    0    0    0    0    0    0    0    0    0      0
    25    0    0    0    0    0    0    0    0    0    0    0    0    0    0    0    0    0    0    0    0      0
    26    0    0    0    0    0    0    0    0    0    0    0    0    0    0    0    0    0    0    0    0      0
    27    0    0    0    0    0    0    0    0    0    0    0    0    0    0    0    0    0    0    0    0      0
    28    0    0    0    0    0    0    0    0    0    0    0    0    0    0    0    0    0    0    0    0      0
    29    0    0    0    0    0    0    0    0    0    0    0    0    0    0    0    0    0    0    0    0      0
    30    0    0    0    0    0    0    0    0    0    0    0    0    0    0    0    0    0    0    0    0      0
    31    0    0    0    0    0    0    0    0    0    0    0    0    0    0    0    0    0    0    0    0      0
    32    0    0    0    0    0    0    0    0    0    0    0    0    0    0    0    0    0    0    0    0      0
    33    0    0    0    0    0    0    0    0    0    0    0    0    0    0    0    0    0    0    0    0      0
    34    0    0    0    0    0    0    0    0    0    0    0    0    0    0    0    0    0    0    0    0      0
    35    0    0    0    0    0    0    0    0    0    0    0    0    0    0    0    0    0    0    0    0      0
    36    0    0    0    0    0    0    0    0    0    0    0    0    0    0    0    0    0    0    0    0      0
    37    0    0    0    0    0    0    0    0    0    0    0    0    0    0    0    0    0    0    0    0      0
    38    0    0    0    0    0    0    0    0    0    0    0    0    0    0    0    0    0    0    0    0      0
    39    0    0    0    0    0    0    0    0    0    0    0    0    0    0    0    0    0    0    0    0      0
    40    0    0    0    0    0    0    0    0    0    0    0    0    0    0    0    0    0    0    0    0      0
    41    0    0    0    0    0    0    0    0    0    0    0    0    0    0    0    0    0    0    0    0      0
    42    0    0    0    0    0    0    0    0    0    0    0    0    0    0    0    0    0    0    0    0      0
    43    0    0    0    0    0    0    0    0    0    0    0    0    0    0    0    0    0    0    0    0      0
    44    0    0    0    0    0    0    0    0    0    0    0    0    0    0    0    0    0    0    0    0      0
    45    0    0    0    0    0    0    0    0    0    0    0    0    0    0    0    0    0    0    0    0      0
    46    0    0    0    0    0    0    0    0    0    0    0    0    0    0    0    0    0    0    0    0      0
    47    0    0    0    0    0    0    0    0    0    0    0    0    0    0    0    0    0    0    0    0      0
    48    0    0    0    0    0    0    0    0    0    0    0    0    0    0    0    0    0    0    0    0      0
    49    0    0    0    0    0    0    0    0    0    0    0    0    0    0    0    0    0    0    0    0      0
    50    0    0    0    0    0    0    0    0    0    0    0    0    0    0    0    0    0    0    0    0      0
    51    0    0    0    0    0    0    0    0    0    0    0    0    0    0    0    0    0    0    0    0      0
    52    0    0    0    0    0    0    0    0    0    0    0    0    0    0    0    0    0    0    0    0      0
    53    0    0    0    0    0    0    0    0    0    0    0    0    0    0    0    0    0    0    0    0      0
    54    0    0    0    0    0    0    0    0    0    0    0    0    0    0    0    0    0    0    0    0      0
    55    0    0    0    0    0    0    0    0    0    0    0    0    0    0    0    0    0    0    0    0      0
    56    0    0    0    0    0    0    0    0    0    0    0    0    0    0    0    0    0    0    0    0      0
    57    0    0    0    0    0    0    0    0    0    0    0    0    0    0    0    0    0    0    0    0      0
    58    0    0    0    0    0    0    0    0    0    0    0    0    0    0    0    0    0    0    0    0      0
    59    0    0    0    0    0    0    0    0    0    0    0    0    0    0    0    0    0    0    0    0      0
    60    0    0    0    0    0    0    0    0    0    0    0    0    0    0    0    0    0    0    0    0      0
    61    0    0    0    0    0    0    0    0    0    0    0    0    0    0    0    0    0    0    0    0      0
    62    0    0    0    0    0    0    0    0    0    0    0    0    0    0    0    0    0    0    0    0      0
    63    0    0    0    0    0    0    0    0    0    0    0    0    0    0    0    0    0    0    0    0      0
    64    0    0    0    0    0    0    0    0    0    0    0    0    0    0    0    0    0    0    0    0      0
    65    0    0    0    0    0    0    0    0    0    0    0    0    0    0    0    0    0    0    0    0      0
    66    0    0    0    0    0    0    0    0    0    0    0    0    0    0    0    0    0    0    0    0      0
    67    0    0    0    0    0    0    0    0    0    0    0    0    0    0    0    0    0    0    0    0      0
    68    0    0    0    0    0    0    0    0    0    0    0    0    0    0    0    0    0    0    0    0      0
    69    0    0    0    0    0    0    0    0    0    0    0    0    0    0    0    0    0    0    0    0      0
    70    0    0    0    0    0    0    0    0    0    0    0    0    0    0    0    0    0    0    0    0      0
    71    0    0    0    0    0    0    0    0    0    0    0    0    0    0    0    0    0    0    0    0      0
    72    0    0    0    0    0    0    0    0    0    0    0    0    0    0    0    0    0    0    0    0      0
    73    0    0    0    0    0    0    0    0    0    0    0    0    0    0    0    0    0    0    0    0      0
    74    0    0    0    0    0    0    0    0    0    0    0    0    0    0    0    0    0    0    0    0      0
    75    0    0    0    0    0    0    0    0    0    0    0    0    0    0    0    0    0    0    0    0      0
    76    0    0    0    0    0    0    0    0    0    0    0    0    0    0    0    0    0    0    0    0      0
    77    0    0    0    0    0    0    0    0    0    0    0    0    0    0    0    0    0    0    0    0      0
    78    0    0    0    0    0    0    0    0    0    0    0    0    0    0    0    0    0    0    0    0      0
    79    0    0    0    0    0    0    0    0    0    0    0    0    0    0    0    0    0    0    0    0      0
    80    0    0    0    0    0    0    0    0    0    0    0    0    0    0    0    0    0    0    0    0      0
    81    0    0    0    0    0    0    0    0    0    0    0    0    0    0    0    0    0    0    0    0      0
    82    0    0    0    0    0    0    0    0    0    0    0    0    0    0    0    0    0    0    0    0      0
    83    0    0    0    0    0    0    0    0    0    0    0    0    0    0    0    0    0    0    0    0      0
    84    0    0    0    0    0    0    0    0    0    0    0    0    0    0    0    0    0    0    0    0      0
    85    0    0    0    0    0    0    0    0    0    0    0    0    0    0    0    0    0    0    0    0      0
    86    0    0    0    0    0    0    0    0    0    0    0    0    0    0    0    0    0    0    0    0      0
    87    0    0    0    0    0    0    0    0    0    0    0    0    0    0    0    0    0    0    0    0      0
    88    0    0    0    0    0    0    0    0    0    0    0    0    0    0    0    0    0    0    0    0      0
    89    0    0    0    0    0    0    0    0    0    0    0    0    0    0    0    0    0    0    0    0      0
    90    0    0    0    0    0    0    0    0    0    0    0    0    0    0    0    0    0    0    0    0      0
    91    0    0    0    0    0    0    0    0    0    0    0    0    0    0    0    0    0    0    0    0      0
    92    0    0    0    0    0    0    0    0    0    0    0    0    0    0    0    0    0    0    0    0      0
    93    0    0    0    0    0    0    0    0    0    0    0    0    0    0    0    0    0    0    0    0      0
    94    0    0    0    0    0    0    0    0    0    0    0    0    0    0    0    0    0    0    0    0      0
    95    0    0    0    0    0    0    0    0    0    0    0    0    0    0    0    0    0    0    0    0      0
    96    0    0    0    0    0    0    0    0    0    0    0    0    0    0    0    0    0    0    0    0      0
    97    0    0    0    0    0    0    0    0    0    0    0    0    0    0    0    0    0    0    0    0      0
    98    0    0    0    0    0    0    0    0    0    0    0    0    0    0    0    0    0    0    0    0      0
    99    0    0    0    0    0    0    0    0    0    0    0    0    0    0    0    0    0    0    0    0      0
   100    0    0    0    0    0    0    0    0    0    0    0    0    0    0    0    0    0    0    0    0      0
     0  112  358  559  829 1166 1480 1801 2186 2531 2968 3272 3607 3903 4185 4437 4554 4838 5133 5371 5647  58937
1AZIMUTHAL ANGLE - POLAR ANGLE IN COS-INTERVALS (0.05) (BACKWARD SPUTTERED PARTICLES) , 1.LAYER , SPECIES 1

     0    1    2    3    4    5    6    7    8    9   10   11   12   13   14   15   16   17   18   19   20      0
     3    0    6   11   15   14   28   35   45   34   53   72   61   64   80   98   92   88   92   76  104   1068
     6    3    5    6   20   25   19   34   37   38   45   60   68   54   57   73   77   76   76   81   73    927
     9    0    6    8   13   24   31   36   40   29   56   63   60   62   68   69   77   90   91   86  100   1009
    12    1    6   13   12   22   21   31   29   46   55   47   66   62   75   69   74   82   97   73   77    958
    15    2    7    6   14   19   18   31   48   40   52   54   65   89   54   65   84   76   94   71   94    983
    18    0    8   11   14   16   23   23   26   33   49   57   56   66   65   69   86   95   97   97   83    974
    21    0    6    6   17   24   28   24   34   46   46   62   62   64   62   62   69   85   71   96  104    968
    24    1    2    9   13   29   19   34   32   39   48   52   65   71   55   61   70   88   97   98  107    990
    27    1    7    8   17   11   34   31   36   52   44   68   66   69   60   71   98   81   85   79  100   1018
    30    1   10    7   17   14   29   29   39   41   55   40   50   71   81   76   67   86   66   71   94    944
    33    2    9   12   13   22   25   25   36   45   48   56   57   69   79   62   84   88   99   79   91   1001
    36    3    5   15   13   21   27   27   47   55   48   57   67   76   55   64   68   74   86  101  103   1012
    39    3    3    8    9   23   19   33   37   48   44   58   57   71   64   62   73   73   68   85  100    938
    42    5    6   11   11   20   29   26   30   43   43   56   61   69   74   83   66   79   87   90   78    967
    45    2    5   12   11   22   30   41   51   38   39   51   67   61   75   60   79   76   82   94   95    991
    48    1    9   13   18   17   30   39   37   54   49   51   57   69   64   81   77   85   90   91   92   1024
    51    1   10   11   14    9   18   34   48   50   53   54   63   61   67   67   63   71   97   79  105    975
    54    0    4   12   14   11   21   31   28   46   37   47   64   64   72   78   76   75   94   93   99    966
    57    1    8   11   12   18   22   27   43   37   42   57   64   72   75   75   64   85   79   99   87    978
    60    2    9    8   12   15   16   25   33   30   55   52   62   72   76   69   68   74   90   86   84    938
    63    4    6    6   15   20   21   28   36   39   56   57   60   66   54   78   90   88   75   69   86    954
    66    1    7    6    9   19   28   26   28   47   35   56   57   69   73   70   93   67   75  104   87    957
    69    2    8   10   15   19   27   33   38   49   46   48   54   79   69   70   71   95   72   92  108   1005
    72    2    3   13   16   15   17   26   45   37   45   56   77   61   79   77   85   90   94   84   98   1020
    75    4    6   12   11   18   22   32   38   42   42   59   47   70   61   85   75   64   68  111   92    959
    78    6    6    9   18   28   16   19   28   41   59   53   53   65   67   78   73   83   86   95  121   1004
    81    3   11   10   15   22   25   27   39   48   55   56   62   63   67   76   71   66  100  103  102   1021
    84    2    7    7   14   14   25   34   35   35   33   60   58   62   76   72   69  108   83   82   93    969
    87    1    8   13   15   25   17   27   30   40   43   51   59   49   64   65   53   71   97   86   83    897
    90    1    4    9   16   14   28   35   29   55   50   52   63   59   73   68   85   80   82   77   93    973
    93    2    5   10   12   23   20   29   34   33   60   51   68   66   65   67   82   74   74  107   99    981
    96    1    6    9   18   20   29   22   31   34   62   59   59   62   78   70   84   81   85   84   85    979
    99    1    7    9   24   13   26   34   40   48   53   60   72   70   64   77   82   80  101   92   92   1045
   102    1    7    8   14   18   28   28   31   35   53   55   62   71   84   83   70   82   98   93   79   1000
   105    1    2    9   11   16   23   39   42   44   48   50   59   67   72   76   79   83   73   92   93    979
   108    4    7   13   16   28   26   24   35   43   51   46   55   59   60   72   82   79   91   94  109    994
   111    2    4    7   13   13   25   35   38   58   54   49   45   70   73   89   75   77   76  102   98   1003
   114    5    5    9   13   20   23   20   37   46   50   46   57   66   66   87   73   90   76   82   96    967
   117    0    8    9   12   21   28   30   39   36   58   62   63   70   86   74   79   83   76   87   96   1017
   120    2    3    7   14   12   22   40   33   31   50   51   54   60   73   77   76   84   86   84   95    954
   123    1    7    9   11   26   32   31   46   46   46   51   51   55   77   72   77   78   69   91  100    976
   126    1    4   14   10   28   19   34   27   39   51   61   57   58   70   73   79   77   87   97   88    974
   129    0    6   13   11   25   25   29   38   41   45   55   55   61   62   92   70   84   84   93   87    976
   132    4    9    5    7   21   24   25   32   36   50   46   57   58   70   79   61   95   89   87  108    963
   135    2    4    6   12   26   29   25   32   40   41   56   53   57   78   62   73   79  106  101   92    974
   138    1    2    6   13   25   26   34   39   50   49   47   58   58   69   74   58   71   84   88   87    939
   141    3    3    6   10   13   26   25   34   45   52   60   67   70   71   74   69   71   82   84   94    959
   144    2    6    9   14   20   20   26   28   39   46   61   54   63   63   73   83   64   81   89  105    946
   147    3    6    9   13   23   22   26   42   48   38   54   61   70   68   69   84   67   69   78  107    957
   150    1    7   10   18   15   30   31   41   44   50   45   64   65   64   80   87   90   82  106   89   1019
   153    4   11    8   13   21   13   29   34   35   42   59   74   67   76   90   84   81   92   94   87   1014
   156    3    3    7    7   16   25   28   38   41   56   49   58   71   82   85   80   81   93   97  101   1021
   159    1    5    4   11   21   30   27   30   46   46   48   58   58   73   81   84   77   88  108   81    977
   162    3    8   12   18   15   29   26   40   37   66   47   68   61   56   77   70   78   86   95   87    979
   165    2    2   11   10   22   31   39   34   48   65   49   51   54   79   62   76   81   82   91   94    983
   168    3    4    9   13   20   30   46   44   44   57   68   52   68   68   74   68   84   77   80   88    997
   171    1    8    9   15   23   29   32   41   34   44   68   69   65   80   74   69   80   76   86  108   1011
   174    2    3   11   17   23   25   28   35   46   57   63   56   71   66   68   76   81  110   85   99   1022
   177    0    2    5   12   16   20   27   30   43   49   52   60   55   77   80   66   89  101   93   83    960
   180    1    7   13   24   13   32   29   39   44   54   42   62   58   74   73   81   78   89   83   87    983
     0  112  358  559  829 1166 1480 1801 2186 2531 2968 3272 3607 3903 4185 4437 4554 4838 5133 5371 5647  58937
