1
      *** PROGRAM TRVMC95 ***


                              * INPUT DATA *


       Z1        M1          E0       ALPHA       EF        ESB      SHEATH     ERC
     18.00     39.95      5117.00      0.00      0.10      0.00  15351.00      4.70

       NH        RI           X0        RD        CW        CA       KK0   KK0R   KDEE1  KDEE2  IPOT   IPOTR   IRL
     99999 716381.00         0.00    100.00      2.00      1.00       2      2      3      3      1      1      3


             DX      RHO    CK  Z(,1) Z(,2) Z(,3) Z(,4) Z(,5)  M(,1)  M(,2)  M(,3)  M(,4)  M(,5) C(,1) C(,2) C(,3) C(,4) C(,5)

 1.LAYER 10000.00   2.25   1.00    6.    0.    0.    0.    0.  12.01   0.00   0.00   0.00   0.00 1.000 0.000 0.000 0.000 0.000


                           ***  SBE(LAYER,ELEMENT)  ***     ***     ED(LAYER,ELEMENT)     ***     ***   BE(LAYER,ELEMENT)  ***

 1.LAYER                   7.41  0.00  0.00  0.00  0.00     30.00   0.00   0.00   0.00   0.00     0.10  0.00  0.00  0.00  0.00


       INTERACTION POTENTIAL : PROJECTILE-TARGET : KR-C POTENTIAL     TARGET-TARGET : KR-C POTENTIAL    


       INELASTIC LOSS MODEL  : PROJECTILE-TARGET : 50% LS 50% OR      TARGET-TARGET : 50% LS 50% OR     
1

                              * OUTPUT DATA *


                 HLM       HLMT        SU       SUT        XC        RT       SFE      INEL         L        LJ
               0.0000 10000.000    3.5029 10003.503   -3.5029  9900.000      7.41         0         1         1


                NPROJ       KIB       KIT      MAXA      NALL       NPA       NSA       KIS      KIST
                69468         0         0       292  87190083   3506124  48821896    105068         0


            EPS0(I)       Z2(I)       M2(I)     ARHO(I)       LM(I)     PMAX(I)     ASIG(I)       SB(I)       XX(I)        NJ(I)

 1.LAYER   0.1003E+00  0.6000E+01  0.1201E+02  0.1128E+00  0.2070E+01  0.1168E+01  0.2335E+00  0.7410E+01  0.1000E+05         1


             A1(1)   A1(2)   A1(3)   A1(4)   A1(5)   A1(6)   A1(7)   A1(8)   A1(9)  A1(10)  A1(11)  A1(12)  A1(13)  A1(14)  A1(15)

           0.13193


           KOR1(1) KOR1(2) KOR1(3) KOR1(4) KOR1(5) KOR1(6) KOR1(7) KOR1(8) KOR1(9) KOR1(A) KOR1(B) KOR1(C) KOR1(D) KOR1(E) KOR1(F)

           0.73577


            A(I,1)  A(I,2)  A(I,3)  A(I,4)  A(I,5)  A(I,6)  A(I,7)  A(I,8)  A(I,9) A(I,10) A(I,11) A(I,12) A(I,13) A(I,14) A(I,15)

           0.16242


           KOR(,1) KOR(,2) KOR(,3) KOR(,4) KOR(,5) KOR(,6) KOR(,7) KOR(,8) KOR(,9) KOR(,A) KOR(,B) KOR(,C) KOR(,D) KOR(,E) KOR(,F)

           0.46963
1

         IMPLANTED PARTICLES=  99999     ENERGY=0.5117E+09 EV
     BACKSCATTERED PARTICLES=      0     ENERGY=0.0000E+00 EV
       TRANSMITTED PARTICLES=      0     ENERGY=0.0000E+00 EV
     BACKSPUTTERED PARTICLES=  68072     ENERGY=0.2520E+07 EV
    TRANSM. SPUTT. PARTICLES=      0     ENERGY=0.0000E+00 EV


  PROJECTILES :   MEAN NUMBER OF ELASTIC COLLISIONS =     42.7   MEAN NUMBER OF EL.COLL.(E > EDISPL.) =   17.988
                                                                 MEAN NUMBER OF EL.COLL.(E > SB(1))   =   32.714

                       MEAN        VARIANCE      SKEWNESS      KURTOSIS        SIGMA       ERROR 1.M     ERROR 2.M     ERROR 3.M 
  PENETRATION       7.5279E+01    5.7555E+02    4.1414E-01    3.0138E+00    2.3991E+01    7.5866E-02    2.5828E+00    7.4507E-03
       SPREAD       2.3878E+01    1.7959E+02    8.3511E-01    3.7672E+00    1.3401E+01    4.2378E-02    9.4473E-01    9.7457E-03
   PATHLENGTH       8.6508E+01    6.4529E+02    3.6699E-01    2.9552E+00    2.5402E+01    8.0330E-02    2.8533E+00    7.2587E-03
 ELASTIC LOSS       4.7268E+03    1.8959E+04                                1.3769E+02    1.3769E-03
   INEL. LOSS       3.9015E+02    1.8959E+04                                1.3769E+02    1.3769E-03

                       MEAN        VARIANCE      SKEWNESS      KURTOSIS        SIGMA       ERROR 1.M     ERROR 2.M     ERROR 3.M 
   ELAST.LOSS       1.0854E+02    7.5693E+04    5.5100E+00    4.2134E+01    2.7512E+02    1.3309E-01    2.3484E+02    8.2621E-03
 WEAK EL.LOSS       2.0770E+00    5.2067E+00    1.8102E+00    6.0444E+00    2.2818E+00    1.1038E-03    5.6570E-03    1.4260E-03
 INELAST.LOSS       9.1301E+00    2.7468E+01    6.0570E-02    2.2427E+00    5.2410E+00    2.5353E-03    1.4813E-02    7.9760E-04
  SUBTHR.LOSS       1.1196E+01    5.8486E+01    6.7861E-01    2.4379E+00    7.6476E+00    4.8617E-03    4.4585E-02    1.0110E-03

                     1.MOMENT      2.MOMENT      3.MOMENT      4.MOMENT      5.MOMENT      6.MOMENT 
  PENETRATION       7.5279E+01    6.2425E+03    5.6230E+05    5.4404E+07    5.6033E+09    6.0995E+11



  RECOILES (PER PROJ.)   :   MEAN NUMBER OF ELASTIC COLLISIONS =    864.8   MEAN NUMBER OF EL.COLL.(E > EDISPL.) =     46.677
                                                                            MEAN NUMBER OF EL.COLL.(E > SB(1))   =    272.307

  RECOILES (PER KNOCKON) :   MEAN NUMBER OF ELASTIC COLLISIONS =    1.653   MEAN NUMBER OF EL.COLL.(E > EDISPL.) =      0.089
                                                                            MEAN NUMBER OF EL.COLL.(E > SB(1))   =      0.520

1


     DEPTH(A)  PARTICLES  NORM.DEPTH PATHLENGTH   INLOSS(EV)  TELOSS(EV)  ELLOSS(EV)  DAMAGE(EV)  PHONON(EV)  CASCAD(EV)     DPA

    -SU-    0.         0  0.0000E+00
     0.-    2.         0  0.0000E+00         0    1.5080E+06  1.4716E+07  1.4663E+07  1.4159E+07  5.0465E+05  1.1512E+07   35020
     2.-    4.         0  0.0000E+00         0    1.5079E+06  1.4759E+07  1.4704E+07  1.4196E+07  5.0812E+05  1.1555E+07   35610
     4.-    6.         0  0.0000E+00         0    1.4848E+06  1.4632E+07  1.4574E+07  1.4057E+07  5.1739E+05  1.1455E+07   36151
     6.-    8.         0  0.0000E+00         0    1.4610E+06  1.4814E+07  1.4753E+07  1.4233E+07  5.2054E+05  1.1601E+07   36895
     8.-   10.         0  0.0000E+00         0    1.4372E+06  1.4682E+07  1.4618E+07  1.4086E+07  5.3178E+05  1.1497E+07   37548
    10.-   12.         2  0.2000E-04         0    1.4095E+06  1.4552E+07  1.4483E+07  1.3943E+07  5.3997E+05  1.1392E+07   38048
    12.-   14.        10  0.1000E-03         0    1.3844E+06  1.4445E+07  1.4371E+07  1.3830E+07  5.4089E+05  1.1318E+07   38975
    14.-   16.        10  0.1000E-03         0    1.3603E+06  1.4477E+07  1.4398E+07  1.3842E+07  5.5505E+05  1.1336E+07   39600
    16.-   18.        23  0.2300E-03         1    1.3327E+06  1.4267E+07  1.4181E+07  1.3621E+07  5.6006E+05  1.1175E+07   40601
    18.-   20.        38  0.3800E-03         6    1.3021E+06  1.4065E+07  1.3973E+07  1.3401E+07  5.7226E+05  1.1004E+07   41188
    20.-   22.        89  0.8900E-03         7    1.2710E+06  1.3977E+07  1.3877E+07  1.3294E+07  5.8291E+05  1.0926E+07   41756
    22.-   24.       135  0.1350E-02        15    1.2440E+06  1.3808E+07  1.3698E+07  1.3108E+07  5.9054E+05  1.0794E+07   42909
    24.-   26.       217  0.2170E-02        30    1.2137E+06  1.3785E+07  1.3666E+07  1.3058E+07  6.0854E+05  1.0759E+07   43451
    26.-   28.       305  0.3050E-02        72    1.1808E+06  1.3585E+07  1.3456E+07  1.2839E+07  6.1642E+05  1.0594E+07   44290
    28.-   30.       379  0.3790E-02        95    1.1499E+06  1.3479E+07  1.3339E+07  1.2714E+07  6.2494E+05  1.0499E+07   45170
    30.-   32.       543  0.5430E-02       171    1.1162E+06  1.3368E+07  1.3216E+07  1.2576E+07  6.3960E+05  1.0395E+07   45743
    32.-   34.       675  0.6750E-02       257    1.0820E+06  1.3195E+07  1.3031E+07  1.2381E+07  6.5078E+05  1.0247E+07   46450
    34.-   36.       850  0.8500E-02       324    1.0455E+06  1.2856E+07  1.2680E+07  1.2017E+07  6.6298E+05  9.9582E+06   46711
    36.-   38.      1051  0.1051E-01       383    1.0087E+06  1.2587E+07  1.2400E+07  1.1733E+07  6.6736E+05  9.7366E+06   47286
    38.-   40.      1233  0.1233E-01       579    9.7134E+05  1.2150E+07  1.1951E+07  1.1276E+07  6.7492E+05  9.3699E+06   47347
    40.-   42.      1470  0.1470E-01       643    9.3325E+05  1.1872E+07  1.1663E+07  1.0980E+07  6.8267E+05  9.1353E+06   47288
    42.-   44.      1606  0.1606E-01       762    8.9436E+05  1.1560E+07  1.1340E+07  1.0655E+07  6.8518E+05  8.8736E+06   47191
    44.-   46.      1859  0.1859E-01       874    8.5589E+05  1.1107E+07  1.0880E+07  1.0193E+07  6.8748E+05  8.4983E+06   46790
    46.-   48.      2016  0.2016E-01      1037    8.1586E+05  1.0828E+07  1.0593E+07  9.9090E+06  6.8444E+05  8.2674E+06   46339
    48.-   50.      2241  0.2241E-01      1161    7.7530E+05  1.0467E+07  1.0226E+07  9.5414E+06  6.8472E+05  7.9685E+06   45531
    50.-   52.      2411  0.2411E-01      1369    7.3788E+05  1.0034E+07  9.7868E+06  9.1069E+06  6.7990E+05  7.6132E+06   44960
    52.-   54.      2620  0.2620E-01      1597    6.9757E+05  9.6439E+06  9.3937E+06  8.7230E+06  6.7070E+05  7.2983E+06   43903
    54.-   56.      2763  0.2763E-01      1722    6.5718E+05  9.1045E+06  8.8504E+06  8.1898E+06  6.6057E+05  6.8626E+06   42921
    56.-   58.      2787  0.2787E-01      1882    6.1913E+05  8.7179E+06  8.4632E+06  7.8100E+06  6.5319E+05  6.5473E+06   41422
    58.-   60.      3051  0.3051E-01      2041    5.8028E+05  8.2179E+06  7.9636E+06  7.3321E+06  6.3148E+05  6.1530E+06   40087
    60.-   62.      3168  0.3168E-01      2262    5.4315E+05  7.7315E+06  7.4780E+06  6.8575E+06  6.2046E+05  5.7620E+06   38676
    62.-   64.      3130  0.3130E-01      2329    5.0753E+05  7.3857E+06  7.1368E+06  6.5378E+06  5.9898E+05  5.4960E+06   37231
    64.-   66.      3215  0.3215E-01      2259    4.7014E+05  6.8850E+06  6.6412E+06  6.0634E+06  5.7785E+05  5.1012E+06   35136
    66.-   68.      3235  0.3235E-01      2345    4.3635E+05  6.4965E+06  6.2568E+06  5.6982E+06  5.5862E+05  4.7948E+06   33600
    68.-   70.      3213  0.3213E-01      2809    4.0471E+05  6.0965E+06  5.8629E+06  5.3271E+06  5.3581E+05  4.4879E+06   32141
    70.-   72.      3141  0.3141E-01      2923    3.7275E+05  5.6606E+06  5.4344E+06  4.9244E+06  5.1005E+05  4.1507E+06   30343
    72.-   74.      3191  0.3191E-01      2944    3.4235E+05  5.2356E+06  5.0165E+06  4.5280E+06  4.8850E+05  3.8203E+06   28457
    74.-   76.      3287  0.3287E-01      3088    3.1410E+05  4.7841E+06  4.5731E+06  4.1074E+06  4.6569E+05  3.4693E+06   26780
    76.-   78.      3106  0.3106E-01      3109    2.8693E+05  4.5036E+06  4.3024E+06  3.8631E+06  4.3931E+05  3.2637E+06   25103
    78.-   80.      3103  0.3103E-01      3110    2.6018E+05  4.1164E+06  3.9264E+06  3.5165E+06  4.0991E+05  2.9721E+06   23139
    80.-   82.      2955  0.2955E-01      3171    2.3679E+05  3.7720E+06  3.5897E+06  3.2019E+06  3.8775E+05  2.7084E+06   21619
    82.-   84.      2923  0.2923E-01      3202    2.1449E+05  3.4435E+06  3.2716E+06  2.9137E+06  3.5783E+05  2.4667E+06   20148
    84.-   86.      2714  0.2714E-01      3171    1.9231E+05  3.0958E+06  2.9340E+06  2.5974E+06  3.3662E+05  2.2013E+06   18386
    86.-   88.      2666  0.2666E-01      3098    1.7371E+05  2.8288E+06  2.6773E+06  2.3642E+06  3.1313E+05  2.0039E+06   16783
    88.-   90.      2516  0.2516E-01      3075    1.5453E+05  2.5711E+06  2.4311E+06  2.1459E+06  2.8519E+05  1.8194E+06   15399
    90.-   92.      2464  0.2464E-01      3051    1.3738E+05  2.2539E+06  2.1240E+06  1.8599E+06  2.6404E+05  1.5790E+06   13877
    92.-   94.      2151  0.2151E-01      2804    1.2259E+05  2.0304E+06  1.9112E+06  1.6716E+06  2.3961E+05  1.4201E+06   12695
    94.-   96.      2085  0.2085E-01      2825    1.0863E+05  1.8184E+06  1.7082E+06  1.4891E+06  2.1914E+05  1.2659E+06   11416
    96.-   98.      1964  0.1964E-01      2706    9.5956E+04  1.6171E+06  1.5163E+06  1.3182E+06  1.9816E+05  1.1215E+06   10415
    98.-  100.      1824  0.1824E-01      2550    8.4239E+04  1.4347E+06  1.3426E+06  1.1580E+06  1.8469E+05  9.8481E+05    8979
   100.-  102.      1723  0.1723E-01      2485    7.3776E+04  1.2656E+06  1.1825E+06  1.0191E+06  1.6340E+05  8.6696E+05    8015
   102.-  104.      1566  0.1566E-01      2129    6.4777E+04  1.1053E+06  1.0303E+06  8.8358E+05  1.4674E+05  7.5259E+05    7232
   104.-  106.      1447  0.1447E-01      2050    5.6292E+04  9.7239E+05  9.0492E+05  7.7183E+05  1.3309E+05  6.5741E+05    6304
   106.-  108.      1254  0.1254E-01      1862    4.9257E+04  8.6558E+05  8.0482E+05  6.8735E+05  1.1748E+05  5.8578E+05    5667
   108.-  110.      1096  0.1096E-01      1804    4.2092E+04  7.4813E+05  6.9464E+05  5.9250E+05  1.0214E+05  5.0499E+05    4961
   110.-  112.      1068  0.1068E-01      1688    3.6411E+04  6.4075E+05  5.9310E+05  5.0234E+05  9.0763E+04  4.2904E+05    4318
   112.-  114.       942  0.9420E-02      1590    3.1032E+04  5.4523E+05  5.0306E+05  4.2186E+05  8.1206E+04  3.6047E+05    3719
   114.-  116.       819  0.8190E-02      1497    2.6647E+04  4.8565E+05  4.4807E+05  3.7613E+05  7.1944E+04  3.2101E+05    3208
   116.-  118.       714  0.7140E-02      1431    2.2782E+04  4.1565E+05  3.8269E+05  3.2215E+05  6.0533E+04  2.7522E+05    2860
   118.-  120.       717  0.7170E-02      1277    1.9334E+04  3.5489E+05  3.2613E+05  2.7258E+05  5.3550E+04  2.3289E+05    2429
   120.-  122.       613  0.6130E-02      1186    1.6221E+04  2.9204E+05  2.6663E+05  2.1894E+05  4.7694E+04  1.8740E+05    2021
   122.-  124.       509  0.5090E-02      1063    1.3611E+04  2.4615E+05  2.2480E+05  1.8517E+05  3.9625E+04  1.5849E+05    1746
   124.-  126.       494  0.4940E-02       867    1.1417E+04  2.0319E+05  1.8496E+05  1.5047E+05  3.4490E+04  1.2895E+05    1456
   126.-  128.       402  0.4020E-02       801    9.6740E+03  1.7739E+05  1.6169E+05  1.3209E+05  2.9604E+04  1.1319E+05    1254
   128.-  130.       333  0.3330E-02       814    8.0540E+03  1.5886E+05  1.4564E+05  1.2193E+05  2.3717E+04  1.0429E+05    1099
   130.-  132.       291  0.2910E-02       750    6.7136E+03  1.2142E+05  1.1009E+05  8.8829E+04  2.1258E+04  7.6273E+04     883
   132.-  134.       237  0.2370E-02       653    5.3952E+03  1.0136E+05  9.1969E+04  7.4541E+04  1.7428E+04  6.3752E+04     696
   134.-  136.       223  0.2230E-02       598    4.7335E+03  9.0324E+04  8.2192E+04  6.6971E+04  1.5221E+04  5.7375E+04     635
   136.-  138.       204  0.2040E-02       540    3.7904E+03  7.0836E+04  6.3657E+04  5.0645E+04  1.3012E+04  4.3514E+04     521
   138.-  140.       154  0.1540E-02       468    3.2150E+03  6.0278E+04  5.4495E+04  4.3962E+04  1.0533E+04  3.7729E+04     431
   140.-  142.       121  0.1210E-02       386    2.5118E+03  4.9321E+04  4.4614E+04  3.5845E+04  8.7689E+03  3.0687E+04     341
   142.-  144.       104  0.1040E-02       356    2.0982E+03  4.1013E+04  3.6881E+04  2.9694E+04  7.1870E+03  2.5542E+04     307
   144.-  146.        99  0.9900E-03       313    1.7287E+03  3.4343E+04  3.0710E+04  2.3976E+04  6.7343E+03  2.0561E+04     236
   146.-  148.        83  0.8300E-03       250    1.3632E+03  2.5556E+04  2.2571E+04  1.7291E+04  5.2800E+03  1.4909E+04     200
   148.-  150.        70  0.7000E-03       216    1.0598E+03  2.1911E+04  1.9555E+04  1.5178E+04  4.3769E+03  1.3061E+04     160
   150.-  152.        55  0.5500E-03       186    8.2234E+02  1.5798E+04  1.3977E+04  1.0484E+04  3.4924E+03  9.0228E+03     112
   152.-  154.        49  0.4900E-03       150    6.3783E+02  1.2184E+04  1.0699E+04  7.9641E+03  2.7348E+03  6.8577E+03      91
   154.-  156.        41  0.4100E-03       124    4.8514E+02  8.7719E+03  7.6974E+03  5.8323E+03  1.8651E+03  5.0395E+03      68
   156.-  158.        22  0.2200E-03       102    4.2211E+02  8.1717E+03  7.2035E+03  5.4258E+03  1.7777E+03  4.6954E+03      64
   158.-  160.        24  0.2400E-03        94    2.9909E+02  5.3205E+03  4.6164E+03  3.3473E+03  1.2690E+03  2.9050E+03      43
   160.-  162.        23  0.2300E-03        90    2.7716E+02  5.3802E+03  4.6842E+03  3.3580E+03  1.3261E+03  2.8919E+03      37
   162.-  164.        20  0.2000E-03        46    1.8075E+02  3.2159E+03  2.8104E+03  1.9858E+03  8.2460E+02  1.7030E+03      21
   164.-  166.         9  0.9000E-04        61    1.5740E+02  2.7505E+03  2.4215E+03  1.8474E+03  5.7409E+02  1.5982E+03      24
   166.-  168.         6  0.6000E-04        41    1.3080E+02  3.0164E+03  2.7714E+03  2.3259E+03  4.4541E+02  1.9957E+03      22
   168.-  170.         5  0.5000E-04        28    8.8300E+01  1.9358E+03  1.7283E+03  1.3798E+03  3.4849E+02  1.1885E+03      13
   170.-  172.         2  0.2000E-04        28    8.0999E+01  1.3550E+03  1.1774E+03  9.0497E+02  2.7243E+02  7.8712E+02      13
   172.-  174.         4  0.4000E-04        20    7.9477E+01  1.7959E+03  1.6136E+03  1.2544E+03  3.5916E+02  1.0748E+03      11
   174.-  176.         4  0.4000E-04        17    5.0640E+01  9.9329E+02  8.3616E+02  5.9262E+02  2.4353E+02  5.1685E+02      10
   176.-  178.         7  0.7000E-04        13    3.7401E+01  5.3803E+02  4.2197E+02  2.2070E+02  2.0127E+02  1.9302E+02       4
   178.-  180.         1  0.1000E-04        12    2.0365E+01  2.5504E+02  1.9498E+02  7.1785E+01  1.2319E+02  6.2661E+01       1
   180.-  182.         4  0.4000E-04        17    2.0343E+01  2.5703E+02  2.1778E+02  1.2114E+02  9.6639E+01  1.0700E+02       3
   182.-  184.         1  0.1000E-04         5    2.3026E+01  4.8326E+02  4.4507E+02  3.8207E+02  6.3000E+01  3.3044E+02       4
   184.-  186.         0  0.0000E+00         6    1.2593E+01  7.5710E+01  6.2650E+01  0.0000E+00  6.2650E+01  0.0000E+00       0
   186.-  188.         1  0.1000E-04         5    1.3720E+01  1.7980E+02  1.5078E+02  1.0825E+02  4.2530E+01  9.4881E+01       2
   188.-  190.         1  0.1000E-04         7    1.7487E+01  7.1654E+02  6.8990E+02  6.3891E+02  5.0991E+01  5.3487E+02       2
   190.-  192.         0  0.0000E+00         1    8.9741E+00  7.3397E+01  5.6579E+01  0.0000E+00  5.6579E+01  0.0000E+00       0
   192.-  194.         0  0.0000E+00         1    8.4538E+00  1.1066E+02  1.0252E+02  7.7863E+01  2.4655E+01  6.7846E+01       1
   194.-  196.         0  0.0000E+00         4    7.1213E+00  1.3533E+02  1.1841E+02  1.0070E+02  1.7704E+01  8.8551E+01       2
   196.-  198.         1  0.1000E-04         2    4.5407E+00  2.4388E+02  2.3467E+02  2.2552E+02  9.1503E+00  1.9161E+02       1
   198.-  200.         0  0.0000E+00         6    8.8448E+00  1.6976E+02  1.2359E+02  4.3518E+01  8.0069E+01  3.8382E+01       1
   200.-   SUT         1  0.1000E-04

                   99999  1.0000E+00     99999    3.9015E+07  4.7268E+08  4.6380E+08  4.3610E+08  2.7704E+07  3.6133E+08 1798753
1
     RECOILS



     DEPTH(A)     INLOSS(EV)   TELOSS(EV)   ELLOSS(EV)   DAMAGE(EV)   PHONON(EV)     DPA  DPA(1)  DPA(2)

     0.-    2.    3.7105E+05   6.2455E+06   5.0425E+06   1.4011E+06   3.6415E+06   21638   21638       0
     2.-    4.    6.0629E+05   9.3005E+06   7.7999E+06   2.9313E+06   4.8686E+06   38631   38631       0
     4.-    6.    8.2851E+05   1.2007E+07   1.0143E+07   4.0471E+06   6.0960E+06   51572   51572       0
     6.-    8.    1.0104E+06   1.4297E+07   1.2108E+07   4.9290E+06   7.1789E+06   61146   61146       0
     8.-   10.    1.1714E+06   1.6326E+07   1.3846E+07   5.7070E+06   8.1389E+06   69505   69505       0
    10.-   12.    1.3075E+06   1.8034E+07   1.5307E+07   6.3607E+06   8.9462E+06   76995   76995       0
    12.-   14.    1.4385E+06   1.9744E+07   1.6790E+07   7.0773E+06   9.7125E+06   84125   84125       0
    14.-   16.    1.5523E+06   2.1128E+07   1.7962E+07   7.5597E+06   1.0403E+07   90196   90196       0
    16.-   18.    1.6567E+06   2.2432E+07   1.9085E+07   8.0769E+06   1.1008E+07   95719   95719       0
    18.-   20.    1.7488E+06   2.3701E+07   2.0180E+07   8.6034E+06   1.1577E+07  101225  101225       0
    20.-   22.    1.8317E+06   2.4762E+07   2.1074E+07   8.9524E+06   1.2122E+07  105444  105444       0
    22.-   24.    1.9050E+06   2.5784E+07   2.1951E+07   9.3456E+06   1.2606E+07  110454  110454       0
    24.-   26.    1.9720E+06   2.6643E+07   2.2667E+07   9.5912E+06   1.3076E+07  113621  113621       0
    26.-   28.    2.0345E+06   2.7538E+07   2.3432E+07   9.9435E+06   1.3488E+07  118261  118261       0
    28.-   30.    2.0878E+06   2.8288E+07   2.4070E+07   1.0197E+07   1.3873E+07  121250  121250       0
    30.-   32.    2.1289E+06   2.8968E+07   2.4643E+07   1.0429E+07   1.4214E+07  123700  123700       0
    32.-   34.    2.1684E+06   2.9556E+07   2.5137E+07   1.0609E+07   1.4528E+07  126255  126255       0
    34.-   36.    2.1974E+06   3.0071E+07   2.5566E+07   1.0774E+07   1.4791E+07  128686  128686       0
    36.-   38.    2.2218E+06   3.0526E+07   2.5947E+07   1.0917E+07   1.5029E+07  129897  129897       0
    38.-   40.    2.2295E+06   3.0794E+07   2.6168E+07   1.0996E+07   1.5172E+07  130899  130899       0
    40.-   42.    2.2397E+06   3.0959E+07   2.6296E+07   1.0974E+07   1.5322E+07  131795  131795       0
    42.-   44.    2.2389E+06   3.1007E+07   2.6313E+07   1.0918E+07   1.5395E+07  132555  132555       0
    44.-   46.    2.2263E+06   3.1034E+07   2.6331E+07   1.0918E+07   1.5412E+07  132142  132142       0
    46.-   48.    2.2051E+06   3.0821E+07   2.6133E+07   1.0775E+07   1.5357E+07  131259  131259       0
    48.-   50.    2.1806E+06   3.0598E+07   2.5935E+07   1.0652E+07   1.5284E+07  129941  129941       0
    50.-   52.    2.1415E+06   3.0157E+07   2.5542E+07   1.0437E+07   1.5106E+07  127731  127731       0
    52.-   54.    2.1108E+06   2.9864E+07   2.5297E+07   1.0363E+07   1.4934E+07  126340  126340       0
    54.-   56.    2.0599E+06   2.9225E+07   2.4734E+07   1.0041E+07   1.4693E+07  123720  123720       0
    56.-   58.    2.0105E+06   2.8611E+07   2.4205E+07   9.8105E+06   1.4394E+07  121353  121353       0
    58.-   60.    1.9536E+06   2.7912E+07   2.3606E+07   9.5539E+06   1.4052E+07  118571  118571       0
    60.-   62.    1.8886E+06   2.7018E+07   2.2822E+07   9.1411E+06   1.3681E+07  113691  113691       0
    62.-   64.    1.8225E+06   2.6213E+07   2.2146E+07   8.8728E+06   1.3273E+07  110010  110010       0
    64.-   66.    1.7488E+06   2.5130E+07   2.1203E+07   8.3948E+06   1.2808E+07  105438  105438       0
    66.-   68.    1.6815E+06   2.4358E+07   2.0569E+07   8.2260E+06   1.2343E+07  101851  101851       0
    68.-   70.    1.6057E+06   2.3198E+07   1.9562E+07   7.7180E+06   1.1844E+07   97890   97890       0
    70.-   72.    1.5364E+06   2.2266E+07   1.8785E+07   7.4302E+06   1.1355E+07   93409   93409       0
    72.-   74.    1.4579E+06   2.1175E+07   1.7844E+07   7.0069E+06   1.0837E+07   88468   88468       0
    74.-   76.    1.3849E+06   2.0185E+07   1.7012E+07   6.6915E+06   1.0321E+07   84392   84392       0
    76.-   78.    1.3097E+06   1.9100E+07   1.6089E+07   6.3111E+06   9.7778E+06   79867   79867       0
    78.-   80.    1.2362E+06   1.8017E+07   1.5167E+07   5.9000E+06   9.2670E+06   74922   74922       0
    80.-   82.    1.1665E+06   1.7093E+07   1.4404E+07   5.6578E+06   8.7462E+06   71140   71140       0
    82.-   84.    1.0921E+06   1.5986E+07   1.3456E+07   5.2281E+06   8.2277E+06   66604   66604       0
    84.-   86.    1.0242E+06   1.4987E+07   1.2612E+07   4.8932E+06   7.7192E+06   62304   62304       0
    86.-   88.    9.5522E+05   1.4037E+07   1.1816E+07   4.5995E+06   7.2166E+06   58306   58306       0
    88.-   90.    8.8704E+05   1.3030E+07   1.0964E+07   4.2535E+06   6.7105E+06   54147   54147       0
    90.-   92.    8.2456E+05   1.2123E+07   1.0208E+07   3.9748E+06   6.2332E+06   50372   50372       0
    92.-   94.    7.5797E+05   1.1125E+07   9.3708E+06   3.6624E+06   5.7084E+06   46311   46311       0
    94.-   96.    6.9204E+05   1.0110E+07   8.5333E+06   3.3834E+06   5.1500E+06   42401   42401       0
    96.-   98.    6.2123E+05   8.9229E+06   7.5510E+06   3.0422E+06   4.5088E+06   38679   38679       0
    98.-  100.    5.2590E+05   7.3702E+06   6.2975E+06   2.7026E+06   3.5949E+06   33267   33267       0
   100.-  102.    3.0914E+05   3.9769E+06   3.4462E+06   1.6387E+06   1.8075E+06   19140   19140       0
   102.-  104.    1.0067E+04   1.0270E+05   8.3646E+04   2.5300E+04   5.8346E+04     370     370       0
   104.-  106.    0.0000E+00   0.0000E+00   0.0000E+00   0.0000E+00   0.0000E+00       0       0       0
   106.-  108.    0.0000E+00   0.0000E+00   0.0000E+00   0.0000E+00   0.0000E+00       0       0       0
   108.-  110.    0.0000E+00   0.0000E+00   0.0000E+00   0.0000E+00   0.0000E+00       0       0       0
   110.-  112.    0.0000E+00   0.0000E+00   0.0000E+00   0.0000E+00   0.0000E+00       0       0       0
   112.-  114.    0.0000E+00   0.0000E+00   0.0000E+00   0.0000E+00   0.0000E+00       0       0       0
   114.-  116.    0.0000E+00   0.0000E+00   0.0000E+00   0.0000E+00   0.0000E+00       0       0       0
   116.-  118.    0.0000E+00   0.0000E+00   0.0000E+00   0.0000E+00   0.0000E+00       0       0       0
   118.-  120.    0.0000E+00   0.0000E+00   0.0000E+00   0.0000E+00   0.0000E+00       0       0       0
   120.-  122.    0.0000E+00   0.0000E+00   0.0000E+00   0.0000E+00   0.0000E+00       0       0       0
   122.-  124.    0.0000E+00   0.0000E+00   0.0000E+00   0.0000E+00   0.0000E+00       0       0       0
   124.-  126.    0.0000E+00   0.0000E+00   0.0000E+00   0.0000E+00   0.0000E+00       0       0       0
   126.-  128.    0.0000E+00   0.0000E+00   0.0000E+00   0.0000E+00   0.0000E+00       0       0       0
   128.-  130.    0.0000E+00   0.0000E+00   0.0000E+00   0.0000E+00   0.0000E+00       0       0       0
   130.-  132.    0.0000E+00   0.0000E+00   0.0000E+00   0.0000E+00   0.0000E+00       0       0       0
   132.-  134.    0.0000E+00   0.0000E+00   0.0000E+00   0.0000E+00   0.0000E+00       0       0       0
   134.-  136.    0.0000E+00   0.0000E+00   0.0000E+00   0.0000E+00   0.0000E+00       0       0       0
   136.-  138.    0.0000E+00   0.0000E+00   0.0000E+00   0.0000E+00   0.0000E+00       0       0       0
   138.-  140.    0.0000E+00   0.0000E+00   0.0000E+00   0.0000E+00   0.0000E+00       0       0       0
   140.-  142.    0.0000E+00   0.0000E+00   0.0000E+00   0.0000E+00   0.0000E+00       0       0       0
   142.-  144.    0.0000E+00   0.0000E+00   0.0000E+00   0.0000E+00   0.0000E+00       0       0       0
   144.-  146.    0.0000E+00   0.0000E+00   0.0000E+00   0.0000E+00   0.0000E+00       0       0       0
   146.-  148.    0.0000E+00   0.0000E+00   0.0000E+00   0.0000E+00   0.0000E+00       0       0       0
   148.-  150.    0.0000E+00   0.0000E+00   0.0000E+00   0.0000E+00   0.0000E+00       0       0       0
   150.-  152.    0.0000E+00   0.0000E+00   0.0000E+00   0.0000E+00   0.0000E+00       0       0       0
   152.-  154.    0.0000E+00   0.0000E+00   0.0000E+00   0.0000E+00   0.0000E+00       0       0       0
   154.-  156.    0.0000E+00   0.0000E+00   0.0000E+00   0.0000E+00   0.0000E+00       0       0       0
   156.-  158.    0.0000E+00   0.0000E+00   0.0000E+00   0.0000E+00   0.0000E+00       0       0       0
   158.-  160.    0.0000E+00   0.0000E+00   0.0000E+00   0.0000E+00   0.0000E+00       0       0       0
   160.-  162.    0.0000E+00   0.0000E+00   0.0000E+00   0.0000E+00   0.0000E+00       0       0       0
   162.-  164.    0.0000E+00   0.0000E+00   0.0000E+00   0.0000E+00   0.0000E+00       0       0       0
   164.-  166.    0.0000E+00   0.0000E+00   0.0000E+00   0.0000E+00   0.0000E+00       0       0       0
   166.-  168.    0.0000E+00   0.0000E+00   0.0000E+00   0.0000E+00   0.0000E+00       0       0       0
   168.-  170.    0.0000E+00   0.0000E+00   0.0000E+00   0.0000E+00   0.0000E+00       0       0       0
   170.-  172.    0.0000E+00   0.0000E+00   0.0000E+00   0.0000E+00   0.0000E+00       0       0       0
   172.-  174.    0.0000E+00   0.0000E+00   0.0000E+00   0.0000E+00   0.0000E+00       0       0       0
   174.-  176.    0.0000E+00   0.0000E+00   0.0000E+00   0.0000E+00   0.0000E+00       0       0       0
   176.-  178.    0.0000E+00   0.0000E+00   0.0000E+00   0.0000E+00   0.0000E+00       0       0       0
   178.-  180.    0.0000E+00   0.0000E+00   0.0000E+00   0.0000E+00   0.0000E+00       0       0       0
   180.-  182.    0.0000E+00   0.0000E+00   0.0000E+00   0.0000E+00   0.0000E+00       0       0       0
   182.-  184.    0.0000E+00   0.0000E+00   0.0000E+00   0.0000E+00   0.0000E+00       0       0       0
   184.-  186.    0.0000E+00   0.0000E+00   0.0000E+00   0.0000E+00   0.0000E+00       0       0       0
   186.-  188.    0.0000E+00   0.0000E+00   0.0000E+00   0.0000E+00   0.0000E+00       0       0       0
   188.-  190.    0.0000E+00   0.0000E+00   0.0000E+00   0.0000E+00   0.0000E+00       0       0       0
   190.-  192.    0.0000E+00   0.0000E+00   0.0000E+00   0.0000E+00   0.0000E+00       0       0       0
   192.-  194.    0.0000E+00   0.0000E+00   0.0000E+00   0.0000E+00   0.0000E+00       0       0       0
   194.-  196.    0.0000E+00   0.0000E+00   0.0000E+00   0.0000E+00   0.0000E+00       0       0       0
   196.-  198.    0.0000E+00   0.0000E+00   0.0000E+00   0.0000E+00   0.0000E+00       0       0       0
   198.-  200.    0.0000E+00   0.0000E+00   0.0000E+00   0.0000E+00   0.0000E+00       0       0       0

                  7.8373E+07   1.1019E+09   9.3325E+08   3.8164E+08   5.5161E+08 4667605 4667605       0
1     BACKWARD SPUTTERING



        ALL SPUTTERED PARTICLES =   68072   TOTAL SPUTTERED ENERGY = 0.2520E+07 EV


        SPUTTERED PARTICLES (1.LAYER) =   68072   SPUTTERED ENERGY = 0.2520E+07 EV


 1.LAYER
         SPUTTERED PARTICLES(1) =   68072     SPUTTERED ENERGY(1) = 0.2520E+07 EV

         ION IN , PRIMARY KO(1) =   13831   0.2032   0.2032    ENERGY = 0.9631E+06 EV   0.3822   0.3822    MEAN ENERGY = 0.6963E+02
         ION IN , SECOND. KO(1) =   54241   0.7968   0.7968    ENERGY = 0.1557E+07 EV   0.6178   0.6178    MEAN ENERGY = 0.2870E+02
        ION OUT , PRIMARY KO(1) =       0   0.0000   0.0000    ENERGY = 0.0000E+00 EV   0.0000   0.0000    MEAN ENERGY = 0.0000E+00
        ION OUT , SECOND. KO(1) =       0   0.0000   0.0000    ENERGY = 0.0000E+00 EV   0.0000   0.0000    MEAN ENERGY = 0.0000E+00


     SPUTTERING YIELD(1) =  6.807E-01  SPUTTERED ENERGY(1) =  4.924E-03  REL.MEAN ENERGY(1) =  7.234E-03  MEAN ENERGY(1) =  3.702E+01

                       MEAN        VARIANCE      SKEWNESS      KURTOSIS        SIGMA       ERROR 1.M     ERROR 2.M     ERROR 3.M 
    ENERGY(1)       3.7016E+01    3.6403E+03    4.3754E+00    3.2319E+01    6.0335E+01    2.3125E-01    7.8083E+01    1.0237E-01
 LOGENERGY(1)       1.2133E+00    3.2378E-01   -4.4612E-02    2.8794E+00    5.6902E-01    2.1811E-03    1.7014E-03    8.6432E-03

                     1.MOMENT      2.MOMENT      3.MOMENT      4.MOMENT      5.MOMENT      6.MOMENT 
    ENERGY(1)       3.7016E+01    5.0104E+03    1.4159E+06    6.0237E+08    3.3171E+11    2.1868E+14
 LOGENERGY(1)       1.2133E+00    1.7960E+00    2.9566E+00    5.2892E+00    1.0072E+01    2.0173E+01



     POLAR ANGULAR DISTRIBUTION OF ALL BACKWARD SPUTTERED PARTICLES


       0.00  0.00  0.00  0.00  0.00  0.00  0.00  0.00  0.00  0.00  0.00  0.00  0.00  0.00  0.00  0.00  0.00  0.00  0.00  0.00

        116   363   671   984  1190  1604  2001  2496  2910  3436  3676  4084  4490  4833  5215  5363  5758  6073  6236  6573
      0.034 0.107 0.197 0.289 0.350 0.471 0.588 0.733 0.855 1.010 1.080 1.200 1.319 1.420 1.532 1.576 1.692 1.784 1.832 1.931
1 LOG ENERGY - COS OF EMISSION ANGLE (0.05 STEPS)   (BACKWARD SPUTTERED PARTICLES) ; 1. LAYER ; SPECIES 1


   0.0000E+00    1    2    3    4    5    6    7    8    9   10   11   12   13   14   15   16   17   18   19   20     0  0.0000E+00
   0.1000E+00    0    0    0    0    0    0    0    1    0    1    1    1    0    1    3    1    0    1    0    2    12  0.1200E-02
   0.1212E+00    0    0    0    0    0    0    0    0    0    0    0    0    0    0    0    0    0    0    0    0     0  0.0000E+00
   0.1468E+00    0    0    0    0    0    0    0    0    0    0    0    0    0    0    0    0    0    0    0    0     0  0.0000E+00
   0.1778E+00    0    0    0    0    0    0    0    0    0    0    0    0    0    0    0    0    0    0    0    0     0  0.0000E+00
   0.2154E+00    0    0    0    0    0    0    0    0    0    0    0    0    0    0    0    0    0    0    0    0     0  0.0000E+00
   0.2610E+00    0    0    0    0    0    0    0    0    0    0    0    0    0    0    0    0    0    0    0    0     0  0.0000E+00
   0.3162E+00    0    0    0    0    0    0    0    0    0    0    0    0    0    0    0    0    0    0    0    0     0  0.0000E+00
   0.3831E+00    0    0    0    0    0    0    0    0    0    0    0    0    0    0    0    0    0    0    0    0     0  0.0000E+00
   0.4642E+00    0    0    0    0    0    0    0    0    0    0    0    0    0    0    0    0    0    0    0    0     0  0.0000E+00
   0.5623E+00    0    0    0    0    0    0    0    0    0    0    0    0    0    0    0    0    0    0    0    0     0  0.0000E+00
   0.6813E+00    0    0    0    0    0    0    0    0    0    0    0    0    0    0    0    0    0    0    0    0     0  0.0000E+00
   0.8254E+00    0    0    0    0    0    0    0    0    0    0    0    0    0    0    0    0    0    0    0    0     0  0.0000E+00
   0.1000E+01    0    0    0    0    0    0    0    0    0    0    0    0    0    0    0    0    0    0    0    0     0  0.0000E+00
   0.1212E+01    0    0    0    0    0    0    0    0    0    0    0    0    0    0    0    0    0    0    0    0     0  0.0000E+00
   0.1468E+01    0    0    0    0    0    0    0    0    0    0    0    0    0    0    0    0    0    0    0    0     0  0.0000E+00
   0.1778E+01    0    0    0    0    0    0    0    0    0    0    0    0    0    0    0    0    0    0    0    0     0  0.0000E+00
   0.2154E+01    0    0    0    0    0    0    0    0    0    0    0    0    0    0    0    0    0    0    0    0     0  0.0000E+00
   0.2610E+01    0    0    0    0    0    0    0    0    0    0    0    0    0    0    0    0    0    0    0    0     0  0.0000E+00
   0.3162E+01    0    0    0    0    0    0    0    0    0    0    0    0    0    0    0    0    0    0    0    0     0  0.0000E+00
   0.3831E+01    0    0    0    0    0    0    0    0    0    0    0    0    0    0    0    0    0    0    0    0     0  0.0000E+00
   0.4642E+01    0    0    0    0    0    0    0    0    0    0    0    0    0    0    0    0    0    0    0    0     0  0.0000E+00
   0.5623E+01    0    0    0    0    0    0    0    0    0    0    0    0    0    0    0    0    0    0    0    0     0  0.0000E+00
   0.6813E+01    0    0    0    0    0    0    0    0    0    0    0    0    0    0    0    0    0    0    0    0     0  0.0000E+00
   0.8254E+01    0    0    0    0    0    0    0    0    0    0    0    0    0    0    0    0    0    0    0    0     0  0.0000E+00
   0.1000E+02    0    0    0    0    0    0    0    0    0    0    0    0    0    0    0    0    0    0    0    0     0  0.0000E+00
   0.1212E+02    0    0    0    0    0    0    0    0    0    0    0    0    0    0    0    0    0    0    0    0     0  0.0000E+00
   0.1468E+02    0    0    0    0    0    0    0    0    0    0    0    0    0    0    0    0    0    0    0    0     0  0.0000E+00
   0.1778E+02    0    0    0    0    0    0    0    0    0    0    0    0    0    0    0    0    0    0    0    0     0  0.0000E+00
   0.2154E+02    0    0    0    0    0    0    0    0    0    0    0    0    0    0    0    0    0    0    0    0     0  0.0000E+00
   0.2610E+02    0    0    0    0    0    0    0    0    0    0    0    0    0    0    0    0    0    0    0    0     0  0.0000E+00
   0.3162E+02    0    0    0    0    0    0    0    0    0    0    0    0    0    0    0    0    0    0    0    0     0  0.0000E+00
   0.3831E+02    0    0    0    0    0    0    0    0    0    0    0    0    0    0    0    0    0    0    0    0     0  0.0000E+00
   0.4642E+02    0    0    0    0    0    0    0    0    0    0    0    0    0    0    0    0    0    0    0    0     0  0.0000E+00
   0.5623E+02    0    0    0    0    0    0    0    0    0    0    0    0    0    0    0    0    0    0    0    0     0  0.0000E+00
   0.6813E+02    0    0    0    0    0    0    0    0    0    0    0    0    0    0    0    0    0    0    0    0     0  0.0000E+00
   0.8254E+02    0    0    0    0    0    0    0    0    0    0    0    0    0    0    0    0    0    0    0    0     0  0.0000E+00
   0.1000E+03    0    0    0    0    0    0    0    0    0    0    0    0    0    0    0    0    0    0    0    0     0  0.0000E+00
   0.1212E+03    0    0    0    0    0    0    0    0    0    0    0    0    0    0    0    0    0    0    0    0     0  0.0000E+00
   0.1468E+03    0    0    0    0    0    0    0    0    0    0    0    0    0    0    0    0    0    0    0    0     0  0.0000E+00
   0.1778E+03    0    0    0    0    0    0    0    0    0    0    0    0    0    0    0    0    0    0    0    0     0  0.0000E+00
   0.2154E+03    0    0    0    0    0    0    0    0    0    0    0    0    0    0    0    0    0    0    0    0     0  0.0000E+00
   0.2610E+03    0    0    0    0    0    0    0    0    0    0    0    0    0    0    0    0    0    0    0    0     0  0.0000E+00
   0.3162E+03    0    0    0    0    0    0    0    0    0    0    0    0    0    0    0    0    0    0    0    0     0  0.0000E+00
   0.3831E+03    0    0    0    0    0    0    0    0    0    0    0    0    0    0    0    0    0    0    0    0     0  0.0000E+00
   0.4642E+03    0    0    0    0    0    0    0    0    0    0    0    0    0    0    0    0    0    0    0    0     0  0.0000E+00
   0.5623E+03    0    0    0    0    0    0    0    0    0    0    0    0    0    0    0    0    0    0    0    0     0  0.0000E+00
   0.6813E+03    0    0    0    0    0    0    0    0    0    0    0    0    0    0    0    0    0    0    0    0     0  0.0000E+00
   0.8254E+03    0    0    0    0    0    0    0    0    0    0    0    0    0    0    0    0    0    0    0    0     0  0.0000E+00
   0.1000E+04    0    0    0    0    0    0    0    0    0    0    0    0    0    0    0    0    0    0    0    0     0  0.0000E+00
   0.1212E+04    0    0    0    0    0    0    0    0    0    0    0    0    0    0    0    0    0    0    0    0     0  0.0000E+00
   0.1468E+04    0    0    0    0    0    0    0    0    0    0    0    0    0    0    0    0    0    0    0    0     0  0.0000E+00
   0.1778E+04    0    0    0    0    0    0    0    0    0    0    0    0    0    0    0    0    0    0    0    0     0  0.0000E+00
   0.2154E+04    0    0    0    0    0    0    0    0    0    0    0    0    0    0    0    0    0    0    0    0     0  0.0000E+00
   0.2610E+04    0    0    0    0    0    0    0    0    0    0    0    0    0    0    0    0    0    0    0    0     0  0.0000E+00
   0.3162E+04    0    0    0    0    0    0    0    0    0    0    0    0    0    0    0    0    0    0    0    0     0  0.0000E+00
   0.3831E+04    0    0    0    0    0    0    0    0    0    0    0    0    0    0    0    0    0    0    0    0     0  0.0000E+00
   0.4642E+04    0    0    0    0    0    0    0    0    0    0    0    0    0    0    0    0    0    0    0    0     0  0.0000E+00
   0.5623E+04    0    0    0    0    0    0    0    0    0    0    0    0    0    0    0    0    0    0    0    0     0  0.0000E+00
   0.6813E+04    0    0    0    0    0    0    0    0    0    0    0    0    0    0    0    0    0    0    0    0     0  0.0000E+00
   0.8254E+04    0    0    0    0    0    0    0    0    0    0    0    0    0    0    0    0    0    0    0    0     0  0.0000E+00
   0.1000E+05    0    0    0    0    0    0    0    0    0    0    0    0    0    0    0    0    0    0    0    0     0  0.0000E+00
   0.1212E+05    0    0    0    0    0    0    0    0    0    0    0    0    0    0    0    0    0    0    0    0     0  0.0000E+00
   0.1468E+05    0    0    0    0    0    0    0    0    0    0    0    0    0    0    0    0    0    0    0    0     0  0.0000E+00
   0.1778E+05    0    0    0    0    0    0    0    0    0    0    0    0    0    0    0    0    0    0    0    0     0  0.0000E+00
   0.2154E+05    0    0    0    0    0    0    0    0    0    0    0    0    0    0    0    0    0    0    0    0     0  0.0000E+00
   0.2610E+05    0    0    0    0    0    0    0    0    0    0    0    0    0    0    0    0    0    0    0    0     0  0.0000E+00
   0.3162E+05    0    0    0    0    0    0    0    0    0    0    0    0    0    0    0    0    0    0    0    0     0  0.0000E+00
   0.3831E+05    0    0    0    0    0    0    0    0    0    0    0    0    0    0    0    0    0    0    0    0     0  0.0000E+00
   0.4642E+05    0    0    0    0    0    0    0    0    0    0    0    0    0    0    0    0    0    0    0    0     0  0.0000E+00
   0.5623E+05    0    0    0    0    0    0    0    0    0    0    0    0    0    0    0    0    0    0    0    0     0  0.0000E+00
   0.6813E+05    0    0    0    0    0    0    0    0    0    0    0    0    0    0    0    0    0    0    0    0     0  0.0000E+00
   0.8254E+05    0    0    0    0    0    0    0    0    0    0    0    0    0    0    0    0    0    0    0    0     0  0.0000E+00
   0.1000E+06    0    0    0    0    0    0    0    0    0    0    0    0    0    0    0    0    0    0    0    0     0  0.0000E+00
   0.0000E+00  232  726 1342 1968 2380 3208 4002 4991 5820 6871 7351 8167 8980 9665104271072511516121451247213144136132  0.0000E+00
1ENERGY(E/E0 IN %) - POLAR ANGLE IN COS-INTERVALS (0.05)  (BACKWARD SPUTTERED PARTICLES) , 1.LAYER , SPECIES 1

     0    1    2    3    4    5    6    7    8    9   10   11   12   13   14   15   16   17   18   19   20      0
     1  105  322  564  851  965 1259 1568 1888 2184 2608 2814 3145 3480 3713 4140 4268 4702 5061 5267 5635  54539
     2    5   28   77   64  118  191  223  331  381  423  449  520  526  635  611  637  604  626  615  636   7700
     3    3    6   15   41   50   64   99  137  143  194  186  190  233  226  216  227  232  208  191  150   2811
     4    3    0    7   15   23   36   42   51   84   78   83   83  105  103  105  100   89   85   74   88   1254
     5    0    5    4    6   12   20   24   24   50   52   53   63   54   62   64   58   48   49   43   27    718
     6    0    2    3    4    9   14   12   16   19   27   36   29   32   30   25   31   31   18   25   21    384
     7    0    0    1    0    5    6    9   14   11   22   24   17   13   29   19   13   22    8   10    8    231
     8    0    0    0    0    2    4    9   10    9   12   12   14   19    8   13   11   10   11    5    3    152
     9    0    0    0    1    1    4    7   13    9    5    7   13   12    9    7    5    9    4    3    2    111
    10    0    0    0    1    2    2    4    5    8    3    4    2    6    6    7    2    6    2    2    1     63
    11    0    0    0    0    1    3    3    1    5    8    0    3    1    5    3    3    1    0    1    1     39
    12    0    0    0    1    0    0    0    1    6    2    3    1    3    3    0    4    2    1    0    1     28
    13    0    0    0    0    0    0    1    3    0    0    3    2    4    0    2    1    1    0    0    0     17
    14    0    0    0    0    0    1    0    0    0    1    1    1    0    0    0    2    0    0    0    0      6
    15    0    0    0    0    0    0    0    1    0    0    0    0    1    1    3    1    0    0    0    0      7
    16    0    0    0    0    1    0    0    0    0    0    0    1    0    2    0    0    1    0    0    0      5
    17    0    0    0    0    1    0    0    1    0    0    1    0    0    0    0    0    0    0    0    0      3
    18    0    0    0    0    0    0    0    0    0    0    0    0    1    0    0    0    0    0    0    0      1
    19    0    0    0    0    0    0    0    0    0    0    0    0    0    0    0    0    0    0    0    0      0
    20    0    0    0    0    0    0    0    0    0    1    0    0    0    0    0    0    0    0    0    0      1
    21    0    0    0    0    0    0    0    0    1    0    0    0    0    0    0    0    0    0    0    0      1
    22    0    0    0    0    0    0    0    0    0    0    0    0    0    1    0    0    0    0    0    0      1
    23    0    0    0    0    0    0    0    0    0    0    0    0    0    0    0    0    0    0    0    0      0
    24    0    0    0    0    0    0    0    0    0    0    0    0    0    0    0    0    0    0    0    0      0
    25    0    0    0    0    0    0    0    0    0    0    0    0    0    0    0    0    0    0    0    0      0
    26    0    0    0    0    0    0    0    0    0    0    0    0    0    0    0    0    0    0    0    0      0
    27    0    0    0    0    0    0    0    0    0    0    0    0    0    0    0    0    0    0    0    0      0
    28    0    0    0    0    0    0    0    0    0    0    0    0    0    0    0    0    0    0    0    0      0
    29    0    0    0    0    0    0    0    0    0    0    0    0    0    0    0    0    0    0    0    0      0
    30    0    0    0    0    0    0    0    0    0    0    0    0    0    0    0    0    0    0    0    0      0
    31    0    0    0    0    0    0    0    0    0    0    0    0    0    0    0    0    0    0    0    0      0
    32    0    0    0    0    0    0    0    0    0    0    0    0    0    0    0    0    0    0    0    0      0
    33    0    0    0    0    0    0    0    0    0    0    0    0    0    0    0    0    0    0    0    0      0
    34    0    0    0    0    0    0    0    0    0    0    0    0    0    0    0    0    0    0    0    0      0
    35    0    0    0    0    0    0    0    0    0    0    0    0    0    0    0    0    0    0    0    0      0
    36    0    0    0    0    0    0    0    0    0    0    0    0    0    0    0    0    0    0    0    0      0
    37    0    0    0    0    0    0    0    0    0    0    0    0    0    0    0    0    0    0    0    0      0
    38    0    0    0    0    0    0    0    0    0    0    0    0    0    0    0    0    0    0    0    0      0
    39    0    0    0    0    0    0    0    0    0    0    0    0    0    0    0    0    0    0    0    0      0
    40    0    0    0    0    0    0    0    0    0    0    0    0    0    0    0    0    0    0    0    0      0
    41    0    0    0    0    0    0    0    0    0    0    0    0    0    0    0    0    0    0    0    0      0
    42    0    0    0    0    0    0    0    0    0    0    0    0    0    0    0    0    0    0    0    0      0
    43    0    0    0    0    0    0    0    0    0    0    0    0    0    0    0    0    0    0    0    0      0
    44    0    0    0    0    0    0    0    0    0    0    0    0    0    0    0    0    0    0    0    0      0
    45    0    0    0    0    0    0    0    0    0    0    0    0    0    0    0    0    0    0    0    0      0
    46    0    0    0    0    0    0    0    0    0    0    0    0    0    0    0    0    0    0    0    0      0
    47    0    0    0    0    0    0    0    0    0    0    0    0    0    0    0    0    0    0    0    0      0
    48    0    0    0    0    0    0    0    0    0    0    0    0    0    0    0    0    0    0    0    0      0
    49    0    0    0    0    0    0    0    0    0    0    0    0    0    0    0    0    0    0    0    0      0
    50    0    0    0    0    0    0    0    0    0    0    0    0    0    0    0    0    0    0    0    0      0
    51    0    0    0    0    0    0    0    0    0    0    0    0    0    0    0    0    0    0    0    0      0
    52    0    0    0    0    0    0    0    0    0    0    0    0    0    0    0    0    0    0    0    0      0
    53    0    0    0    0    0    0    0    0    0    0    0    0    0    0    0    0    0    0    0    0      0
    54    0    0    0    0    0    0    0    0    0    0    0    0    0    0    0    0    0    0    0    0      0
    55    0    0    0    0    0    0    0    0    0    0    0    0    0    0    0    0    0    0    0    0      0
    56    0    0    0    0    0    0    0    0    0    0    0    0    0    0    0    0    0    0    0    0      0
    57    0    0    0    0    0    0    0    0    0    0    0    0    0    0    0    0    0    0    0    0      0
    58    0    0    0    0    0    0    0    0    0    0    0    0    0    0    0    0    0    0    0    0      0
    59    0    0    0    0    0    0    0    0    0    0    0    0    0    0    0    0    0    0    0    0      0
    60    0    0    0    0    0    0    0    0    0    0    0    0    0    0    0    0    0    0    0    0      0
    61    0    0    0    0    0    0    0    0    0    0    0    0    0    0    0    0    0    0    0    0      0
    62    0    0    0    0    0    0    0    0    0    0    0    0    0    0    0    0    0    0    0    0      0
    63    0    0    0    0    0    0    0    0    0    0    0    0    0    0    0    0    0    0    0    0      0
    64    0    0    0    0    0    0    0    0    0    0    0    0    0    0    0    0    0    0    0    0      0
    65    0    0    0    0    0    0    0    0    0    0    0    0    0    0    0    0    0    0    0    0      0
    66    0    0    0    0    0    0    0    0    0    0    0    0    0    0    0    0    0    0    0    0      0
    67    0    0    0    0    0    0    0    0    0    0    0    0    0    0    0    0    0    0    0    0      0
    68    0    0    0    0    0    0    0    0    0    0    0    0    0    0    0    0    0    0    0    0      0
    69    0    0    0    0    0    0    0    0    0    0    0    0    0    0    0    0    0    0    0    0      0
    70    0    0    0    0    0    0    0    0    0    0    0    0    0    0    0    0    0    0    0    0      0
    71    0    0    0    0    0    0    0    0    0    0    0    0    0    0    0    0    0    0    0    0      0
    72    0    0    0    0    0    0    0    0    0    0    0    0    0    0    0    0    0    0    0    0      0
    73    0    0    0    0    0    0    0    0    0    0    0    0    0    0    0    0    0    0    0    0      0
    74    0    0    0    0    0    0    0    0    0    0    0    0    0    0    0    0    0    0    0    0      0
    75    0    0    0    0    0    0    0    0    0    0    0    0    0    0    0    0    0    0    0    0      0
    76    0    0    0    0    0    0    0    0    0    0    0    0    0    0    0    0    0    0    0    0      0
    77    0    0    0    0    0    0    0    0    0    0    0    0    0    0    0    0    0    0    0    0      0
    78    0    0    0    0    0    0    0    0    0    0    0    0    0    0    0    0    0    0    0    0      0
    79    0    0    0    0    0    0    0    0    0    0    0    0    0    0    0    0    0    0    0    0      0
    80    0    0    0    0    0    0    0    0    0    0    0    0    0    0    0    0    0    0    0    0      0
    81    0    0    0    0    0    0    0    0    0    0    0    0    0    0    0    0    0    0    0    0      0
    82    0    0    0    0    0    0    0    0    0    0    0    0    0    0    0    0    0    0    0    0      0
    83    0    0    0    0    0    0    0    0    0    0    0    0    0    0    0    0    0    0    0    0      0
    84    0    0    0    0    0    0    0    0    0    0    0    0    0    0    0    0    0    0    0    0      0
    85    0    0    0    0    0    0    0    0    0    0    0    0    0    0    0    0    0    0    0    0      0
    86    0    0    0    0    0    0    0    0    0    0    0    0    0    0    0    0    0    0    0    0      0
    87    0    0    0    0    0    0    0    0    0    0    0    0    0    0    0    0    0    0    0    0      0
    88    0    0    0    0    0    0    0    0    0    0    0    0    0    0    0    0    0    0    0    0      0
    89    0    0    0    0    0    0    0    0    0    0    0    0    0    0    0    0    0    0    0    0      0
    90    0    0    0    0    0    0    0    0    0    0    0    0    0    0    0    0    0    0    0    0      0
    91    0    0    0    0    0    0    0    0    0    0    0    0    0    0    0    0    0    0    0    0      0
    92    0    0    0    0    0    0    0    0    0    0    0    0    0    0    0    0    0    0    0    0      0
    93    0    0    0    0    0    0    0    0    0    0    0    0    0    0    0    0    0    0    0    0      0
    94    0    0    0    0    0    0    0    0    0    0    0    0    0    0    0    0    0    0    0    0      0
    95    0    0    0    0    0    0    0    0    0    0    0    0    0    0    0    0    0    0    0    0      0
    96    0    0    0    0    0    0    0    0    0    0    0    0    0    0    0    0    0    0    0    0      0
    97    0    0    0    0    0    0    0    0    0    0    0    0    0    0    0    0    0    0    0    0      0
    98    0    0    0    0    0    0    0    0    0    0    0    0    0    0    0    0    0    0    0    0      0
    99    0    0    0    0    0    0    0    0    0    0    0    0    0    0    0    0    0    0    0    0      0
   100    0    0    0    0    0    0    0    0    0    0    0    0    0    0    0    0    0    0    0    0      0
     0  116  363  671  984 1190 1604 2001 2496 2910 3436 3676 4084 4490 4833 5215 5363 5758 6073 6236 6573  68072
1AZIMUTHAL ANGLE - POLAR ANGLE IN COS-INTERVALS (0.05) (BACKWARD SPUTTERED PARTICLES) , 1.LAYER , SPECIES 1

     0    1    2    3    4    5    6    7    8    9   10   11   12   13   14   15   16   17   18   19   20      0
     3    2    7   14   20   22   25   30   47   59   54   56   68   68   91   88   92  101   92  107  123   1166
     6    1    6    9   12   22   25   29   48   54   63   59   68   74   80   92  100  105  112   94  115   1168
     9    5    4    7   18   15   30   38   52   50   57   76   78   72   76   80   91  102  109   91   97   1148
    12    1    3   13   22   14   31   32   38   52   64   59   69   81   84   72   83  115   92  106  118   1149
    15    3    4    9   10   21   31   38   41   58   51   65   75   85   97   97   95   98   89  125  101   1193
    18    3    6   13   25   22   29   32   41   42   70   51   68   94   88   77   97   80   90   85  107   1120
    21    5    9   10   20   24   22   31   35   54   53   70   54   70   64   88   97   99  110  113   96   1124
    24    0    5   17   17   19   25   30   48   48   69   66   77   73   86   99   94   91  103  106  119   1192
    27    2    7   10   10   20   32   27   42   53   64   50   70   95   83   86   84   94  104  101  118   1152
    30    0    8    9   11   20   33   34   40   54   59   42   55   63   84   85   84   94   86   99  119   1079
    33    5    5    4   24   18   33   24   40   45   41   50   79   72   70   90   94   91  102  115   98   1100
    36    3    8   15   17   20   32   26   53   49   46   72   67   74   78  106   90  101   99   89   95   1140
    39    2    8   10   10   24   25   29   44   43   55   52   54   76   77   79   93  101  111   91   97   1081
    42    2    6   10   20   14   29   34   46   54   43   60   91   84   86   90   87   92   99   96  117   1160
    45    2    4    8   16   23   26   34   46   50   54   60   67   71   84   91   96   90  108   96   84   1110
    48    1    6   15   14   25   17   34   42   54   60   66   71   72   91   77   86   82  110  110  103   1136
    51    2    8    9   12   29   23   28   51   41   46   64   59   85   80   79   94  101   97  117  108   1133
    54    2    9   14   16   22   30   42   38   36   68   63   64   70   71   95   76   86   97  103   90   1092
    57    1    8   10   14   18   26   38   47   47   69   47   71   72   88  100   91   82  106  106  112   1153
    60    2    4   13   18   20   30   37   53   43   53   53   79   68   82   94   82   87  110   94  106   1128
    63    2    5    7   17   20   16   28   38   55   58   67   60   81   92  100   95  118   86  110  103   1158
    66    2    3    6   19    9   21   28   40   45   53   73   60   80   68   81   94   96   80   93  115   1066
    69    4    4   20   11   19   25   37   50   42   47   60   69   77   99   84   94   90   97  107  107   1143
    72    2    8    9   10   22   30   41   38   47   68   57   74   81   80   86   84   97  100  105  117   1156
    75    2   11   11   16   23   19   26   54   37   66   49   69   70   76   91  113  102   97  111  103   1146
    78    0    8   11   18   19   25   23   34   39   64   54   49   80   64   90   87  101  111  108  105   1090
    81    1    7    7   19   19   28   39   44   62   65   52   64   69   75   82   78   85   96  113  136   1141
    84    1    8   14   17   29   22   37   48   41   59   61   71   67   75   75   98   95  112  105   93   1128
    87    2    8   10   11   15   31   48   45   63   49   76   58   74   75   85   82  106   83  102  100   1123
    90    1   14   14   21   16   23   32   41   48   56   58   68   70   77   86   75  112  118   84   98   1112
    93    0    6   13   25   20   28   27   31   53   47   76   76   68   85   97   82   95   99  109  129   1166
    96    0    6   20    8   15   25   23   34   42   48   57   66   65   73   86  102   94  109  124  124   1121
    99    2    3    4   15   22   30   37   43   55   56   74   72   64   89   82   94   97  101  114  123   1177
   102    4    5   13   32   17   24   31   39   58   52   63   60   72  105  106   86   96  104  113  110   1190
   105    2    6   18   25   20   29   39   33   35   52   60   72   72   67   77   95   87  104  113   96   1102
   108    3    2   11   13   32   22   30   31   39   57   62   61   87   73   87   76   97  103   99   98   1083
   111    1    3   12   18   19   33   32   39   48   68   51   64   67   95   79   77   91  104  110  111   1122
   114    1    5   10   10   25   17   42   41   53   59   58   74   76   80   65   69   86  110  105  110   1096
   117    1    4    8   13   19   32   31   54   52   47   62   63   83   83   82   86   94  103  110  103   1130
   120    1    7    8   10   17   29   44   40   50   55   65   73   77   81   73   92  100   91   89  141   1143
   123    2    9   10   19   20   25   19   36   42   61   75   94   71   67   95   70  102  100  103  115   1135
   126    2    4   18   10   21   36   35   37   48   52   60   55   80   83   87   85  101  102  104  112   1132
   129    2    5   12   15   15   22   29   32   48   58   62   63   81   80   89  101  103   97  108  111   1133
   132    0    6    7   13   22   27   43   39   47   50   55   60   85   77   86   94  104  105  110  110   1140
   135    1   14    8   18   17   26   36   38   62   63   59   73   71   91   93   95   83   85  111  110   1154
   138    2    7    9   13   20   26   33   35   45   58   63   55   79   75   60   84   89  115   91  102   1061
   141    0    9    8   19   18   30   37   42   45   48   58   66   51   87   76   88   86  104   99  113   1084
   144    2    5   15   11   18   31   28   38   53   66   67   69   73   84   96  106  107  103  103  114   1189
   147    2    4   13   16   15   27   35   34   49   56   53   60   71   87   95  113  104   90   97  119   1140
   150    4    4   11   20   21   27   45   36   43   72   69   81   62   73  105   85   82  113  102  113   1168
   153    0    6    8   17   17   26   44   34   50   71   58   69   65   91   82   91   98   93  134  104   1158
   156    2    5   14   14   19   33   30   44   40   59   62   72   61   85   88   78   95  106  108  115   1130
   159    3    5   13   24   18   27   26   45   53   54   62   61   74   81   85   83  107   96  106  115   1138
   162    4    9   14   22   19   16   35   49   48   51   80   63   94   70   94   81  107  111   84  109   1160
   165    0    6   11   18   21   27   32   48   43   70   67   71   69   76   80   93   90  115  102  109   1148
   168    1    3    9   16   18   14   34   47   47   49   60   82   92   75   75   90   78  103   87  102   1082
   171    3    2   10   23   19   27   25   30   57   51   57   65   75   72   92   87  103  101  106  113   1118
   174    7    7   14   14   23   30   31   41   45   63   70   73   73   72   88   91  104   96  111  115   1168
   177    2    3   10   17   15   26   40   43   48   63   66   78   82   76  102   80  100   92  106  103   1152
   180    1    2   12   11   25   38   42   39   47   56   57   67   82   79   88  103   84  112   96  124   1165
     0  116  363  671  984 1190 1604 2001 2496 2910 3436 3676 4084 4490 4833 5215 5363 5758 6073 6236 6573  68072
