1
      *** PROGRAM TRVMC95 ***


                              * INPUT DATA *


       Z1        M1          E0       ALPHA       EF        ESB      SHEATH     ERC
     18.00     39.95      9498.00      0.00      0.10      0.00  28494.00      4.70

       NH        RI           X0        RD        CW        CA       KK0   KK0R   KDEE1  KDEE2  IPOT   IPOTR   IRL
     99999 716381.00         0.00    100.00      2.00      1.00       2      2      3      3      1      1      3


             DX      RHO    CK  Z(,1) Z(,2) Z(,3) Z(,4) Z(,5)  M(,1)  M(,2)  M(,3)  M(,4)  M(,5) C(,1) C(,2) C(,3) C(,4) C(,5)

 1.LAYER 10000.00   2.25   1.00    6.    0.    0.    0.    0.  12.01   0.00   0.00   0.00   0.00 1.000 0.000 0.000 0.000 0.000


                           ***  SBE(LAYER,ELEMENT)  ***     ***     ED(LAYER,ELEMENT)     ***     ***   BE(LAYER,ELEMENT)  ***

 1.LAYER                   7.41  0.00  0.00  0.00  0.00     30.00   0.00   0.00   0.00   0.00     0.10  0.00  0.00  0.00  0.00


       INTERACTION POTENTIAL : PROJECTILE-TARGET : KR-C POTENTIAL     TARGET-TARGET : KR-C POTENTIAL    


       INELASTIC LOSS MODEL  : PROJECTILE-TARGET : 50% LS 50% OR      TARGET-TARGET : 50% LS 50% OR     
1

                              * OUTPUT DATA *


                 HLM       HLMT        SU       SUT        XC        RT       SFE      INEL         L        LJ
               0.0000 10000.000    3.5029 10003.503   -3.5029  9900.000      7.41         0         1         1


                NPROJ       KIB       KIT      MAXA      NALL       NPA       NSA       KIS      KIST
               107102         0         0       286 108206499   3608138  60131930    106153         0


            EPS0(I)       Z2(I)       M2(I)     ARHO(I)       LM(I)     PMAX(I)     ASIG(I)       SB(I)       XX(I)        NJ(I)

 1.LAYER   0.1862E+00  0.6000E+01  0.1201E+02  0.1128E+00  0.2070E+01  0.1168E+01  0.2335E+00  0.7410E+01  0.1000E+05         1


             A1(1)   A1(2)   A1(3)   A1(4)   A1(5)   A1(6)   A1(7)   A1(8)   A1(9)  A1(10)  A1(11)  A1(12)  A1(13)  A1(14)  A1(15)

           0.13193


           KOR1(1) KOR1(2) KOR1(3) KOR1(4) KOR1(5) KOR1(6) KOR1(7) KOR1(8) KOR1(9) KOR1(A) KOR1(B) KOR1(C) KOR1(D) KOR1(E) KOR1(F)

           0.73577


            A(I,1)  A(I,2)  A(I,3)  A(I,4)  A(I,5)  A(I,6)  A(I,7)  A(I,8)  A(I,9) A(I,10) A(I,11) A(I,12) A(I,13) A(I,14) A(I,15)

           0.16242


           KOR(,1) KOR(,2) KOR(,3) KOR(,4) KOR(,5) KOR(,6) KOR(,7) KOR(,8) KOR(,9) KOR(,A) KOR(,B) KOR(,C) KOR(,D) KOR(,E) KOR(,F)

           0.46963
1

         IMPLANTED PARTICLES=  99999     ENERGY=0.9498E+09 EV
     BACKSCATTERED PARTICLES=      0     ENERGY=0.0000E+00 EV
       TRANSMITTED PARTICLES=      0     ENERGY=0.0000E+00 EV
     BACKSPUTTERED PARTICLES=  77851     ENERGY=0.3954E+07 EV
    TRANSM. SPUTT. PARTICLES=      0     ENERGY=0.0000E+00 EV


  PROJECTILES :   MEAN NUMBER OF ELASTIC COLLISIONS =     66.8   MEAN NUMBER OF EL.COLL.(E > EDISPL.) =   25.512
                                                                 MEAN NUMBER OF EL.COLL.(E > SB(1))   =   45.399

                       MEAN        VARIANCE      SKEWNESS      KURTOSIS        SIGMA       ERROR 1.M     ERROR 2.M     ERROR 3.M 
  PENETRATION       1.1982E+02    1.4929E+03    3.8141E-01    2.9760E+00    3.8638E+01    1.2218E-01    6.6363E+00    7.2895E-03
       SPREAD       3.6702E+01    4.3263E+02    8.7311E-01    3.9314E+00    2.0800E+01    6.5775E-02    2.3424E+00    1.0774E-02
   PATHLENGTH       1.3636E+02    1.6612E+03    3.3392E-01    2.9144E+00    4.0758E+01    1.2889E-01    7.2686E+00    7.0654E-03
 ELASTIC LOSS       8.6151E+03    9.7721E+04                                3.1260E+02    3.1261E-03
   INEL. LOSS       8.8293E+02    9.7721E+04                                3.1260E+02    3.1261E-03

                       MEAN        VARIANCE      SKEWNESS      KURTOSIS        SIGMA       ERROR 1.M     ERROR 2.M     ERROR 3.M 
   ELAST.LOSS       1.2747E+02    1.6025E+05    6.9721E+00    6.6837E+01    4.0032E+02    1.5486E-01    5.0301E+02    1.0622E-02
 WEAK EL.LOSS       1.4501E+00    4.0437E+00    2.4127E+00    9.0510E+00    2.0109E+00    7.7789E-04    4.4385E-03    1.5676E-03
 INELAST.LOSS       1.3213E+01    5.2781E+01    1.0526E-01    2.5221E+00    7.2651E+00    2.8104E-03    2.5190E-02    7.0780E-04
  SUBTHR.LOSS       9.4478E+00    5.8778E+01    9.1525E-01    2.8116E+00    7.6667E+00    3.7720E-03    3.8924E-02    8.6728E-04

                     1.MOMENT      2.MOMENT      3.MOMENT      4.MOMENT      5.MOMENT      6.MOMENT 
  PENETRATION       1.1982E+02    1.5849E+04    2.2786E+06    3.5185E+08    5.7806E+10    1.0030E+13



  RECOILES (PER PROJ.)   :   MEAN NUMBER OF ELASTIC COLLISIONS =   1074.6   MEAN NUMBER OF EL.COLL.(E > EDISPL.) =     61.409
                                                                            MEAN NUMBER OF EL.COLL.(E > SB(1))   =    339.936

  RECOILES (PER KNOCKON) :   MEAN NUMBER OF ELASTIC COLLISIONS =    1.686   MEAN NUMBER OF EL.COLL.(E > EDISPL.) =      0.096
                                                                            MEAN NUMBER OF EL.COLL.(E > SB(1))   =      0.533

1


     DEPTH(A)  PARTICLES  NORM.DEPTH PATHLENGTH   INLOSS(EV)  TELOSS(EV)  ELLOSS(EV)  DAMAGE(EV)  PHONON(EV)  CASCAD(EV)     DPA

    -SU-    0.         0  0.0000E+00
     0.-    2.         0  0.0000E+00         0    2.1071E+06  1.5672E+07  1.5643E+07  1.5198E+07  4.4520E+05  1.2135E+07   28620
     2.-    4.         0  0.0000E+00         0    2.1076E+06  1.5777E+07  1.5748E+07  1.5303E+07  4.4512E+05  1.2230E+07   28990
     4.-    6.         0  0.0000E+00         0    2.0868E+06  1.5755E+07  1.5725E+07  1.5278E+07  4.4674E+05  1.2212E+07   29249
     6.-    8.         0  0.0000E+00         0    2.0710E+06  1.6003E+07  1.5971E+07  1.5520E+07  4.5147E+05  1.2414E+07   29772
     8.-   10.         0  0.0000E+00         0    2.0524E+06  1.5810E+07  1.5778E+07  1.5324E+07  4.5379E+05  1.2270E+07   30148
    10.-   12.         0  0.0000E+00         0    2.0317E+06  1.5582E+07  1.5548E+07  1.5085E+07  4.6299E+05  1.2096E+07   30233
    12.-   14.         1  0.1000E-04         0    2.0151E+06  1.5735E+07  1.5700E+07  1.5240E+07  4.5989E+05  1.2223E+07   30957
    14.-   16.         0  0.0000E+00         0    1.9904E+06  1.5687E+07  1.5651E+07  1.5185E+07  4.6580E+05  1.2185E+07   31063
    16.-   18.         1  0.1000E-04         0    1.9730E+06  1.5846E+07  1.5808E+07  1.5338E+07  4.6933E+05  1.2315E+07   31584
    18.-   20.         5  0.5000E-04         0    1.9530E+06  1.5736E+07  1.5696E+07  1.5216E+07  4.8065E+05  1.2224E+07   31706
    20.-   22.         5  0.5000E-04         0    1.9273E+06  1.5406E+07  1.5365E+07  1.4884E+07  4.8077E+05  1.1979E+07   32142
    22.-   24.         7  0.7000E-04         1    1.9112E+06  1.5944E+07  1.5901E+07  1.5416E+07  4.8502E+05  1.2403E+07   32796
    24.-   26.        19  0.1900E-03         0    1.8876E+06  1.5760E+07  1.5714E+07  1.5225E+07  4.8950E+05  1.2264E+07   33233
    26.-   28.        31  0.3100E-03         2    1.8632E+06  1.5672E+07  1.5625E+07  1.5129E+07  4.9568E+05  1.2192E+07   33615
    28.-   30.        31  0.3100E-03         8    1.8439E+06  1.5749E+07  1.5698E+07  1.5195E+07  5.0240E+05  1.2256E+07   34297
    30.-   32.        45  0.4500E-03         9    1.8215E+06  1.5686E+07  1.5632E+07  1.5121E+07  5.1055E+05  1.2209E+07   34536
    32.-   34.        74  0.7400E-03        12    1.7921E+06  1.5456E+07  1.5398E+07  1.4886E+07  5.1215E+05  1.2032E+07   34990
    34.-   36.        87  0.8700E-03        18    1.7720E+06  1.5522E+07  1.5461E+07  1.4937E+07  5.2427E+05  1.2082E+07   35488
    36.-   38.       131  0.1310E-02        27    1.7451E+06  1.5336E+07  1.5271E+07  1.4746E+07  5.2556E+05  1.1943E+07   36043
    38.-   40.       145  0.1450E-02        41    1.7204E+06  1.5478E+07  1.5410E+07  1.4874E+07  5.3605E+05  1.2043E+07   36414
    40.-   42.       169  0.1690E-02        52    1.6952E+06  1.5540E+07  1.5466E+07  1.4928E+07  5.3805E+05  1.2100E+07   37084
    42.-   44.       239  0.2390E-02        63    1.6670E+06  1.5207E+07  1.5130E+07  1.4583E+07  5.4666E+05  1.1834E+07   37476
    44.-   46.       258  0.2580E-02        77    1.6409E+06  1.5141E+07  1.5059E+07  1.4507E+07  5.5245E+05  1.1780E+07   37915
    46.-   48.       297  0.2970E-02       106    1.6115E+06  1.5003E+07  1.4916E+07  1.4360E+07  5.5680E+05  1.1672E+07   38177
    48.-   50.       353  0.3530E-02       118    1.5873E+06  1.4924E+07  1.4832E+07  1.4268E+07  5.6386E+05  1.1608E+07   38858
    50.-   52.       433  0.4330E-02       157    1.5555E+06  1.4967E+07  1.4870E+07  1.4300E+07  5.6921E+05  1.1641E+07   39421
    52.-   54.       460  0.4600E-02       178    1.5251E+06  1.4843E+07  1.4741E+07  1.4166E+07  5.7459E+05  1.1535E+07   39519
    54.-   56.       557  0.5570E-02       224    1.4984E+06  1.4563E+07  1.4455E+07  1.3871E+07  5.8403E+05  1.1314E+07   40158
    56.-   58.       572  0.5720E-02       230    1.4671E+06  1.4551E+07  1.4439E+07  1.3850E+07  5.8885E+05  1.1301E+07   40317
    58.-   60.       660  0.6600E-02       272    1.4335E+06  1.4285E+07  1.4166E+07  1.3574E+07  5.9221E+05  1.1087E+07   40502
    60.-   62.       752  0.7520E-02       343    1.4040E+06  1.4248E+07  1.4124E+07  1.3531E+07  5.9301E+05  1.1059E+07   41162
    62.-   64.       871  0.8710E-02       371    1.3676E+06  1.3770E+07  1.3642E+07  1.3043E+07  5.9803E+05  1.0674E+07   40928
    64.-   66.       883  0.8830E-02       351    1.3402E+06  1.3747E+07  1.3613E+07  1.3012E+07  6.0109E+05  1.0656E+07   41278
    66.-   68.       978  0.9780E-02       411    1.3021E+06  1.3468E+07  1.3329E+07  1.2725E+07  6.0378E+05  1.0429E+07   41084
    68.-   70.      1098  0.1098E-01       574    1.2699E+06  1.3243E+07  1.3101E+07  1.2498E+07  6.0321E+05  1.0249E+07   40951
    70.-   72.      1095  0.1095E-01       634    1.2397E+06  1.3201E+07  1.3053E+07  1.2444E+07  6.0926E+05  1.0206E+07   41131
    72.-   74.      1160  0.1160E-01       689    1.2022E+06  1.2734E+07  1.2583E+07  1.1977E+07  6.0540E+05  9.8354E+06   40702
    74.-   76.      1320  0.1320E-01       770    1.1689E+06  1.2497E+07  1.2343E+07  1.1739E+07  6.0379E+05  9.6514E+06   40867
    76.-   78.      1424  0.1424E-01       875    1.1354E+06  1.2375E+07  1.2218E+07  1.1618E+07  5.9951E+05  9.5553E+06   40653
    78.-   80.      1372  0.1372E-01       890    1.1022E+06  1.2215E+07  1.2054E+07  1.1455E+07  5.9883E+05  9.4232E+06   40442
    80.-   82.      1496  0.1496E-01       966    1.0671E+06  1.1978E+07  1.1815E+07  1.1222E+07  5.9322E+05  9.2396E+06   40223
    82.-   84.      1484  0.1484E-01       975    1.0306E+06  1.1550E+07  1.1383E+07  1.0790E+07  5.9319E+05  8.8916E+06   39687
    84.-   86.      1545  0.1545E-01      1100    9.9677E+05  1.1224E+07  1.1055E+07  1.0464E+07  5.9112E+05  8.6267E+06   39023
    86.-   88.      1692  0.1692E-01      1192    9.6280E+05  1.1021E+07  1.0850E+07  1.0266E+07  5.8318E+05  8.4715E+06   38925
    88.-   90.      1714  0.1714E-01      1172    9.2737E+05  1.0715E+07  1.0543E+07  9.9669E+06  5.7590E+05  8.2257E+06   38036
    90.-   92.      1742  0.1742E-01      1265    8.9511E+05  1.0541E+07  1.0367E+07  9.7995E+06  5.6796E+05  8.0940E+06   37901
    92.-   94.      1762  0.1762E-01      1291    8.6033E+05  1.0073E+07  9.8988E+06  9.3338E+06  5.6499E+05  7.7136E+06   37000
    94.-   96.      1865  0.1865E-01      1417    8.2508E+05  9.6711E+06  9.4956E+06  8.9426E+06  5.5293E+05  7.3988E+06   36344
    96.-   98.      1949  0.1949E-01      1484    7.9227E+05  9.4333E+06  9.2575E+06  8.7114E+06  5.4617E+05  7.2068E+06   35624
    98.-  100.      1907  0.1907E-01      1533    7.6134E+05  9.1451E+06  8.9674E+06  8.4322E+06  5.3523E+05  6.9876E+06   35222
   100.-  102.      2038  0.2038E-01      1603    7.2936E+05  8.8465E+06  8.6702E+06  8.1399E+06  5.3035E+05  6.7423E+06   34190
   102.-  104.      1958  0.1958E-01      1504    6.9500E+05  8.5217E+06  8.3472E+06  7.8292E+06  5.1797E+05  6.4897E+06   33363
   104.-  106.      1954  0.1954E-01      1583    6.6629E+05  8.2041E+06  8.0315E+06  7.5275E+06  5.0398E+05  6.2468E+06   32718
   106.-  108.      2033  0.2033E-01      1565    6.3304E+05  7.7851E+06  7.6138E+06  7.1157E+06  4.9811E+05  5.9050E+06   31161
   108.-  110.      2064  0.2064E-01      1592    6.0395E+05  7.4739E+06  7.3049E+06  6.8274E+06  4.7742E+05  5.6739E+06   30666
   110.-  112.      2034  0.2034E-01      1692    5.7398E+05  7.1696E+06  7.0035E+06  6.5330E+06  4.7047E+05  5.4297E+06   29590
   112.-  114.      2013  0.2013E-01      1757    5.4766E+05  6.8757E+06  6.7127E+06  6.2558E+06  4.5693E+05  5.2002E+06   28656
   114.-  116.      1986  0.1986E-01      1839    5.2019E+05  6.6247E+06  6.4642E+06  6.0235E+06  4.4072E+05  5.0088E+06   27873
   116.-  118.      2049  0.2049E-01      1659    4.9366E+05  6.3326E+06  6.1737E+06  5.7425E+06  4.3124E+05  4.7799E+06   26936
   118.-  120.      2052  0.2052E-01      1890    4.6653E+05  6.0158E+06  5.8621E+06  5.4474E+06  4.1473E+05  4.5370E+06   25941
   120.-  122.      1967  0.1967E-01      1836    4.4136E+05  5.6309E+06  5.4815E+06  5.0816E+06  3.9983E+05  4.2363E+06   24795
   122.-  124.      1930  0.1930E-01      1889    4.1867E+05  5.4488E+06  5.3006E+06  4.9121E+06  3.8852E+05  4.0971E+06   24053
   124.-  126.      1911  0.1911E-01      1699    3.9434E+05  5.1151E+06  4.9736E+06  4.6028E+06  3.7081E+05  3.8421E+06   22837
   126.-  128.      1863  0.1863E-01      1753    3.7129E+05  4.8969E+06  4.7578E+06  4.3999E+06  3.5788E+05  3.6724E+06   22003
   128.-  130.      1961  0.1961E-01      2020    3.4930E+05  4.6525E+06  4.5182E+06  4.1751E+06  3.4315E+05  3.4861E+06   21012
   130.-  132.      1784  0.1784E-01      1978    3.2880E+05  4.3880E+06  4.2582E+06  3.9323E+06  3.2592E+05  3.2844E+06   20187
   132.-  134.      1801  0.1801E-01      1947    3.0934E+05  4.1782E+06  4.0533E+06  3.7393E+06  3.1394E+05  3.1257E+06   19223
   134.-  136.      1722  0.1722E-01      1995    2.8936E+05  3.9813E+06  3.8607E+06  3.5616E+06  2.9906E+05  2.9755E+06   18301
   136.-  138.      1744  0.1744E-01      1980    2.7108E+05  3.6229E+06  3.5061E+06  3.2176E+06  2.8848E+05  2.6948E+06   17360
   138.-  140.      1597  0.1597E-01      1871    2.5300E+05  3.4545E+06  3.3433E+06  3.0713E+06  2.7196E+05  2.5708E+06   16406
   140.-  142.      1524  0.1524E-01      1851    2.3713E+05  3.3019E+06  3.1958E+06  2.9373E+06  2.5854E+05  2.4581E+06   15596
   142.-  144.      1540  0.1540E-01      1891    2.2072E+05  3.0309E+06  2.9259E+06  2.6767E+06  2.4927E+05  2.2439E+06   14945
   144.-  146.      1478  0.1478E-01      1917    2.0583E+05  2.8691E+06  2.7700E+06  2.5332E+06  2.3678E+05  2.1232E+06   13946
   146.-  148.      1446  0.1446E-01      1830    1.9143E+05  2.6937E+06  2.5990E+06  2.3747E+06  2.2432E+05  1.9906E+06   13126
   148.-  150.      1375  0.1375E-01      1826    1.7634E+05  2.4870E+06  2.3973E+06  2.1854E+06  2.1198E+05  1.8321E+06   12224
   150.-  152.      1358  0.1358E-01      1740    1.6472E+05  2.3904E+06  2.3051E+06  2.1062E+06  1.9885E+05  1.7649E+06   11682
   152.-  154.      1287  0.1287E-01      1682    1.5173E+05  2.1447E+06  2.0652E+06  1.8789E+06  1.8624E+05  1.5776E+06   10823
   154.-  156.      1233  0.1233E-01      1593    1.4089E+05  2.0350E+06  1.9588E+06  1.7819E+06  1.7691E+05  1.4964E+06   10266
   156.-  158.      1117  0.1117E-01      1561    1.3050E+05  1.8888E+06  1.8167E+06  1.6514E+06  1.6525E+05  1.3872E+06    9628
   158.-  160.      1068  0.1068E-01      1541    1.1969E+05  1.7574E+06  1.6887E+06  1.5345E+06  1.5419E+05  1.2897E+06    9000
   160.-  162.      1061  0.1061E-01      1507    1.1166E+05  1.6031E+06  1.5379E+06  1.3893E+06  1.4859E+05  1.1687E+06    8349
   162.-  164.      1000  0.1000E-01      1378    1.0101E+05  1.4614E+06  1.4007E+06  1.2649E+06  1.3574E+05  1.0645E+06    7755
   164.-  166.       986  0.9860E-02      1276    9.3108E+04  1.3748E+06  1.3168E+06  1.1874E+06  1.2943E+05  9.9909E+05    7306
   166.-  168.       874  0.8740E-02      1276    8.6130E+04  1.2815E+06  1.2275E+06  1.1075E+06  1.1997E+05  9.3190E+05    6758
   168.-  170.       917  0.9170E-02      1255    7.7352E+04  1.1192E+06  1.0694E+06  9.5832E+05  1.1111E+05  8.0793E+05    6099
   170.-  172.       795  0.7950E-02      1146    7.2140E+04  1.0771E+06  1.0305E+06  9.2797E+05  1.0249E+05  7.8142E+05    5765
   172.-  174.       733  0.7330E-02      1154    6.5248E+04  9.8605E+05  9.4222E+05  8.4654E+05  9.5677E+04  7.1319E+05    5260
   174.-  176.       729  0.7290E-02      1058    5.9741E+04  9.2932E+05  8.8815E+05  7.9889E+05  8.9260E+04  6.7263E+05    4916
   176.-  178.       661  0.6610E-02      1074    5.4512E+04  8.6064E+05  8.2303E+05  7.4360E+05  7.9436E+04  6.2571E+05    4615
   178.-  180.       626  0.6260E-02      1033    4.9031E+04  7.6899E+05  7.3359E+05  6.5718E+05  7.6406E+04  5.5379E+05    4068
   180.-  182.       554  0.5540E-02      1009    4.4167E+04  6.8065E+05  6.4826E+05  5.7919E+05  6.9078E+04  4.8863E+05    3801
   182.-  184.       569  0.5690E-02       914    4.0421E+04  6.3214E+05  6.0156E+05  5.3530E+05  6.6268E+04  4.5160E+05    3470
   184.-  186.       499  0.4990E-02       759    3.6377E+04  5.4332E+05  5.1551E+05  4.5656E+05  5.8946E+04  3.8621E+05    3152
   186.-  188.       482  0.4820E-02       827    3.3020E+04  5.3227E+05  5.0608E+05  4.5281E+05  5.3268E+04  3.8250E+05    2998
   188.-  190.       445  0.4450E-02       853    2.9933E+04  4.8181E+05  4.5789E+05  4.0682E+05  5.1072E+04  3.4322E+05    2650
   190.-  192.       410  0.4100E-02       816    2.6420E+04  4.2359E+05  4.0211E+05  3.5766E+05  4.4443E+04  3.0229E+05    2407
   192.-  194.       369  0.3690E-02       706    2.4092E+04  3.7392E+05  3.5425E+05  3.1227E+05  4.1987E+04  2.6435E+05    2174
   194.-  196.       328  0.3280E-02       719    2.1464E+04  3.3450E+05  3.1606E+05  2.7862E+05  3.7440E+04  2.3607E+05    2009
   196.-  198.       350  0.3500E-02       656    1.9432E+04  3.0919E+05  2.9222E+05  2.5701E+05  3.5211E+04  2.1761E+05    1815
   198.-  200.       283  0.2830E-02      7601    1.4643E+05  2.4216E+06  2.2752E+06  1.9834E+06  2.9174E+05  1.6828E+06   14858
   200.-   SUT      2752  0.2752E-01

                   99999  1.0000E+00     99999    8.8292E+07  8.6150E+08  8.5181E+08  8.1278E+08  3.9031E+07  6.6341E+08 2551218
1
     RECOILS



     DEPTH(A)     INLOSS(EV)   TELOSS(EV)   ELLOSS(EV)   DAMAGE(EV)   PHONON(EV)     DPA  DPA(1)  DPA(2)

     0.-    2.    4.1350E+05   6.5852E+06   5.3781E+06   1.7019E+06   3.6762E+06   24374   24374       0
     2.-    4.    6.4858E+05   9.3586E+06   7.8955E+06   3.1205E+06   4.7749E+06   40162   40162       0
     4.-    6.    8.6368E+05   1.1803E+07   1.0019E+07   4.1531E+06   5.8661E+06   50807   50807       0
     6.-    8.    1.0445E+06   1.3958E+07   1.1887E+07   5.0668E+06   6.8204E+06   60063   60063       0
     8.-   10.    1.2061E+06   1.5714E+07   1.3397E+07   5.7564E+06   7.6405E+06   67278   67278       0
    10.-   12.    1.3419E+06   1.7318E+07   1.4788E+07   6.4438E+06   8.3446E+06   73857   73857       0
    12.-   14.    1.4747E+06   1.8727E+07   1.6005E+07   7.0197E+06   8.9848E+06   79528   79528       0
    14.-   16.    1.5866E+06   1.9935E+07   1.7049E+07   7.5160E+06   9.5331E+06   84790   84790       0
    16.-   18.    1.6893E+06   2.1138E+07   1.8095E+07   8.0432E+06   1.0052E+07   90104   90104       0
    18.-   20.    1.7871E+06   2.2145E+07   1.8962E+07   8.4371E+06   1.0525E+07   94083   94083       0
    20.-   22.    1.8813E+06   2.3234E+07   1.9907E+07   8.9108E+06   1.0996E+07   98392   98392       0
    22.-   24.    1.9613E+06   2.4164E+07   2.0707E+07   9.2793E+06   1.1428E+07  102742  102742       0
    24.-   26.    2.0488E+06   2.5101E+07   2.1523E+07   9.6994E+06   1.1824E+07  106976  106976       0
    26.-   28.    2.1289E+06   2.6081E+07   2.2384E+07   1.0150E+07   1.2234E+07  110385  110385       0
    28.-   30.    2.2050E+06   2.6946E+07   2.3132E+07   1.0511E+07   1.2621E+07  114144  114144       0
    30.-   32.    2.2762E+06   2.7655E+07   2.3734E+07   1.0743E+07   1.2991E+07  117950  117950       0
    32.-   34.    2.3338E+06   2.8249E+07   2.4226E+07   1.0908E+07   1.3319E+07  120234  120234       0
    34.-   36.    2.3979E+06   2.9080E+07   2.4958E+07   1.1295E+07   1.3664E+07  123636  123636       0
    36.-   38.    2.4510E+06   2.9728E+07   2.5508E+07   1.1537E+07   1.3971E+07  126518  126518       0
    38.-   40.    2.5068E+06   3.0463E+07   2.6160E+07   1.1917E+07   1.4242E+07  129315  129315       0
    40.-   42.    2.5639E+06   3.1095E+07   2.6691E+07   1.2110E+07   1.4581E+07  132189  132189       0
    42.-   44.    2.6087E+06   3.1596E+07   2.7114E+07   1.2255E+07   1.4859E+07  134475  134475       0
    44.-   46.    2.6473E+06   3.2025E+07   2.7474E+07   1.2389E+07   1.5085E+07  135634  135634       0
    46.-   48.    2.6884E+06   3.2621E+07   2.8003E+07   1.2696E+07   1.5307E+07  138970  138970       0
    48.-   50.    2.7208E+06   3.3076E+07   2.8379E+07   1.2834E+07   1.5545E+07  140383  140383       0
    50.-   52.    2.7566E+06   3.3559E+07   2.8794E+07   1.3013E+07   1.5781E+07  142768  142768       0
    52.-   54.    2.7841E+06   3.3963E+07   2.9132E+07   1.3154E+07   1.5978E+07  144569  144569       0
    54.-   56.    2.8116E+06   3.4323E+07   2.9443E+07   1.3282E+07   1.6161E+07  145779  145779       0
    56.-   58.    2.8276E+06   3.4672E+07   2.9739E+07   1.3392E+07   1.6347E+07  146600  146600       0
    58.-   60.    2.8485E+06   3.4828E+07   2.9860E+07   1.3438E+07   1.6422E+07  148486  148486       0
    60.-   62.    2.8673E+06   3.5195E+07   3.0181E+07   1.3584E+07   1.6597E+07  149586  149586       0
    62.-   64.    2.8809E+06   3.5278E+07   3.0230E+07   1.3522E+07   1.6709E+07  149986  149986       0
    64.-   66.    2.8818E+06   3.5388E+07   3.0320E+07   1.3552E+07   1.6768E+07  150394  150394       0
    66.-   68.    2.8742E+06   3.5515E+07   3.0438E+07   1.3647E+07   1.6791E+07  150785  150785       0
    68.-   70.    2.8722E+06   3.5460E+07   3.0366E+07   1.3523E+07   1.6843E+07  150671  150671       0
    70.-   72.    2.8693E+06   3.5479E+07   3.0378E+07   1.3519E+07   1.6860E+07  150950  150950       0
    72.-   74.    2.8614E+06   3.5468E+07   3.0374E+07   1.3511E+07   1.6863E+07  150600  150600       0
    74.-   76.    2.8447E+06   3.5340E+07   3.0255E+07   1.3434E+07   1.6822E+07  150182  150182       0
    76.-   78.    2.8270E+06   3.5199E+07   3.0129E+07   1.3356E+07   1.6773E+07  148887  148887       0
    78.-   80.    2.8074E+06   3.4936E+07   2.9901E+07   1.3270E+07   1.6631E+07  148744  148744       0
    80.-   82.    2.7791E+06   3.4755E+07   2.9751E+07   1.3227E+07   1.6524E+07  147581  147581       0
    82.-   84.    2.7466E+06   3.4356E+07   2.9393E+07   1.2997E+07   1.6395E+07  145335  145335       0
    84.-   86.    2.7177E+06   3.4131E+07   2.9221E+07   1.3002E+07   1.6220E+07  145378  145378       0
    86.-   88.    2.6871E+06   3.3792E+07   2.8944E+07   1.2923E+07   1.6021E+07  144668  144668       0
    88.-   90.    2.6301E+06   3.3047E+07   2.8292E+07   1.2580E+07   1.5711E+07  140818  140818       0
    90.-   92.    2.5682E+06   3.2154E+07   2.7525E+07   1.2197E+07   1.5329E+07  137411  137411       0
    92.-   94.    2.5054E+06   3.1235E+07   2.6782E+07   1.1995E+07   1.4787E+07  134832  134832       0
    94.-   96.    2.4073E+06   2.9832E+07   2.5644E+07   1.1664E+07   1.3981E+07  129768  129768       0
    96.-   98.    2.2636E+06   2.7504E+07   2.3755E+07   1.1103E+07   1.2653E+07  122463  122463       0
    98.-  100.    2.0022E+06   2.3132E+07   2.0181E+07   9.9989E+06   1.0182E+07  107176  107176       0
   100.-  102.    1.1874E+06   1.2402E+07   1.0964E+07   5.9139E+06   5.0505E+06   58588   58588       0
   102.-  104.    3.2737E+04   2.7337E+05   2.2173E+05   6.3122E+04   1.5861E+05     885     885       0
   104.-  106.    0.0000E+00   0.0000E+00   0.0000E+00   0.0000E+00   0.0000E+00       0       0       0
   106.-  108.    0.0000E+00   0.0000E+00   0.0000E+00   0.0000E+00   0.0000E+00       0       0       0
   108.-  110.    0.0000E+00   0.0000E+00   0.0000E+00   0.0000E+00   0.0000E+00       0       0       0
   110.-  112.    0.0000E+00   0.0000E+00   0.0000E+00   0.0000E+00   0.0000E+00       0       0       0
   112.-  114.    0.0000E+00   0.0000E+00   0.0000E+00   0.0000E+00   0.0000E+00       0       0       0
   114.-  116.    0.0000E+00   0.0000E+00   0.0000E+00   0.0000E+00   0.0000E+00       0       0       0
   116.-  118.    0.0000E+00   0.0000E+00   0.0000E+00   0.0000E+00   0.0000E+00       0       0       0
   118.-  120.    0.0000E+00   0.0000E+00   0.0000E+00   0.0000E+00   0.0000E+00       0       0       0
   120.-  122.    0.0000E+00   0.0000E+00   0.0000E+00   0.0000E+00   0.0000E+00       0       0       0
   122.-  124.    0.0000E+00   0.0000E+00   0.0000E+00   0.0000E+00   0.0000E+00       0       0       0
   124.-  126.    0.0000E+00   0.0000E+00   0.0000E+00   0.0000E+00   0.0000E+00       0       0       0
   126.-  128.    0.0000E+00   0.0000E+00   0.0000E+00   0.0000E+00   0.0000E+00       0       0       0
   128.-  130.    0.0000E+00   0.0000E+00   0.0000E+00   0.0000E+00   0.0000E+00       0       0       0
   130.-  132.    0.0000E+00   0.0000E+00   0.0000E+00   0.0000E+00   0.0000E+00       0       0       0
   132.-  134.    0.0000E+00   0.0000E+00   0.0000E+00   0.0000E+00   0.0000E+00       0       0       0
   134.-  136.    0.0000E+00   0.0000E+00   0.0000E+00   0.0000E+00   0.0000E+00       0       0       0
   136.-  138.    0.0000E+00   0.0000E+00   0.0000E+00   0.0000E+00   0.0000E+00       0       0       0
   138.-  140.    0.0000E+00   0.0000E+00   0.0000E+00   0.0000E+00   0.0000E+00       0       0       0
   140.-  142.    0.0000E+00   0.0000E+00   0.0000E+00   0.0000E+00   0.0000E+00       0       0       0
   142.-  144.    0.0000E+00   0.0000E+00   0.0000E+00   0.0000E+00   0.0000E+00       0       0       0
   144.-  146.    0.0000E+00   0.0000E+00   0.0000E+00   0.0000E+00   0.0000E+00       0       0       0
   146.-  148.    0.0000E+00   0.0000E+00   0.0000E+00   0.0000E+00   0.0000E+00       0       0       0
   148.-  150.    0.0000E+00   0.0000E+00   0.0000E+00   0.0000E+00   0.0000E+00       0       0       0
   150.-  152.    0.0000E+00   0.0000E+00   0.0000E+00   0.0000E+00   0.0000E+00       0       0       0
   152.-  154.    0.0000E+00   0.0000E+00   0.0000E+00   0.0000E+00   0.0000E+00       0       0       0
   154.-  156.    0.0000E+00   0.0000E+00   0.0000E+00   0.0000E+00   0.0000E+00       0       0       0
   156.-  158.    0.0000E+00   0.0000E+00   0.0000E+00   0.0000E+00   0.0000E+00       0       0       0
   158.-  160.    0.0000E+00   0.0000E+00   0.0000E+00   0.0000E+00   0.0000E+00       0       0       0
   160.-  162.    0.0000E+00   0.0000E+00   0.0000E+00   0.0000E+00   0.0000E+00       0       0       0
   162.-  164.    0.0000E+00   0.0000E+00   0.0000E+00   0.0000E+00   0.0000E+00       0       0       0
   164.-  166.    0.0000E+00   0.0000E+00   0.0000E+00   0.0000E+00   0.0000E+00       0       0       0
   166.-  168.    0.0000E+00   0.0000E+00   0.0000E+00   0.0000E+00   0.0000E+00       0       0       0
   168.-  170.    0.0000E+00   0.0000E+00   0.0000E+00   0.0000E+00   0.0000E+00       0       0       0
   170.-  172.    0.0000E+00   0.0000E+00   0.0000E+00   0.0000E+00   0.0000E+00       0       0       0
   172.-  174.    0.0000E+00   0.0000E+00   0.0000E+00   0.0000E+00   0.0000E+00       0       0       0
   174.-  176.    0.0000E+00   0.0000E+00   0.0000E+00   0.0000E+00   0.0000E+00       0       0       0
   176.-  178.    0.0000E+00   0.0000E+00   0.0000E+00   0.0000E+00   0.0000E+00       0       0       0
   178.-  180.    0.0000E+00   0.0000E+00   0.0000E+00   0.0000E+00   0.0000E+00       0       0       0
   180.-  182.    0.0000E+00   0.0000E+00   0.0000E+00   0.0000E+00   0.0000E+00       0       0       0
   182.-  184.    0.0000E+00   0.0000E+00   0.0000E+00   0.0000E+00   0.0000E+00       0       0       0
   184.-  186.    0.0000E+00   0.0000E+00   0.0000E+00   0.0000E+00   0.0000E+00       0       0       0
   186.-  188.    0.0000E+00   0.0000E+00   0.0000E+00   0.0000E+00   0.0000E+00       0       0       0
   188.-  190.    0.0000E+00   0.0000E+00   0.0000E+00   0.0000E+00   0.0000E+00       0       0       0
   190.-  192.    0.0000E+00   0.0000E+00   0.0000E+00   0.0000E+00   0.0000E+00       0       0       0
   192.-  194.    0.0000E+00   0.0000E+00   0.0000E+00   0.0000E+00   0.0000E+00       0       0       0
   194.-  196.    0.0000E+00   0.0000E+00   0.0000E+00   0.0000E+00   0.0000E+00       0       0       0
   196.-  198.    0.0000E+00   0.0000E+00   0.0000E+00   0.0000E+00   0.0000E+00       0       0       0
   198.-  200.    0.0000E+00   0.0000E+00   0.0000E+00   0.0000E+00   0.0000E+00       0       0       0

                  1.1662E+08   1.4390E+09   1.2336E+09   5.5335E+08   6.8024E+08 6140879 6140879       0
1     BACKWARD SPUTTERING



        ALL SPUTTERED PARTICLES =   77851   TOTAL SPUTTERED ENERGY = 0.3954E+07 EV


        SPUTTERED PARTICLES (1.LAYER) =   77851   SPUTTERED ENERGY = 0.3954E+07 EV


 1.LAYER
         SPUTTERED PARTICLES(1) =   77851     SPUTTERED ENERGY(1) = 0.3954E+07 EV

         ION IN , PRIMARY KO(1) =   15629   0.2008   0.2008    ENERGY = 0.1612E+07 EV   0.4076   0.4076    MEAN ENERGY = 0.1031E+03
         ION IN , SECOND. KO(1) =   62222   0.7992   0.7992    ENERGY = 0.2342E+07 EV   0.5924   0.5924    MEAN ENERGY = 0.3765E+02
        ION OUT , PRIMARY KO(1) =       0   0.0000   0.0000    ENERGY = 0.0000E+00 EV   0.0000   0.0000    MEAN ENERGY = 0.0000E+00
        ION OUT , SECOND. KO(1) =       0   0.0000   0.0000    ENERGY = 0.0000E+00 EV   0.0000   0.0000    MEAN ENERGY = 0.0000E+00


     SPUTTERING YIELD(1) =  7.785E-01  SPUTTERED ENERGY(1) =  4.163E-03  REL.MEAN ENERGY(1) =  5.348E-03  MEAN ENERGY(1) =  5.080E+01

                       MEAN        VARIANCE      SKEWNESS      KURTOSIS        SIGMA       ERROR 1.M     ERROR 2.M     ERROR 3.M 
    ENERGY(1)       5.0795E+01    9.1384E+03    4.9277E+00    3.8970E+01    9.5595E+01    3.4261E-01    2.0182E+02    9.8471E-02
 LOGENERGY(1)       1.2843E+00    3.7406E-01    5.2233E-02    2.8444E+00    6.1160E-01    2.1922E-03    1.8209E-03    7.8035E-03

                     1.MOMENT      2.MOMENT      3.MOMENT      4.MOMENT      5.MOMENT      6.MOMENT 
    ENERGY(1)       5.0795E+01    1.1719E+04    5.8283E+06    4.2771E+09    3.9579E+12    4.2665E+15
 LOGENERGY(1)       1.2843E+00    2.0235E+00    3.5716E+00    6.8821E+00    1.4167E+01    3.0741E+01



     POLAR ANGULAR DISTRIBUTION OF ALL BACKWARD SPUTTERED PARTICLES


       0.00  0.00  0.00  0.00  0.00  0.00  0.00  0.00  0.00  0.00  0.00  0.00  0.00  0.00  0.00  0.00  0.00  0.00  0.00  0.00

        124   404   715  1029  1466  1780  2232  2847  3147  3589  4017  4588  5009  5415  5864  6365  6689  6963  7428  8180
      0.032 0.104 0.184 0.264 0.377 0.457 0.573 0.731 0.808 0.922 1.032 1.179 1.287 1.391 1.506 1.635 1.718 1.789 1.908 2.101
1 LOG ENERGY - COS OF EMISSION ANGLE (0.05 STEPS)   (BACKWARD SPUTTERED PARTICLES) ; 1. LAYER ; SPECIES 1


   0.0000E+00    1    2    3    4    5    6    7    8    9   10   11   12   13   14   15   16   17   18   19   20     0  0.0000E+00
   0.1000E+00    0    0    0    0    1    0    1    0    0    0    2    2    0    2    2    4    0    1    0    1    16  0.1600E-02
   0.1212E+00    0    0    0    0    0    0    0    0    0    0    0    0    0    0    0    0    0    0    0    0     0  0.0000E+00
   0.1468E+00    0    0    0    0    0    0    0    0    0    0    0    0    0    0    0    0    0    0    0    0     0  0.0000E+00
   0.1778E+00    0    0    0    0    0    0    0    0    0    0    0    0    0    0    0    0    0    0    0    0     0  0.0000E+00
   0.2154E+00    0    0    0    0    0    0    0    0    0    0    0    0    0    0    0    0    0    0    0    0     0  0.0000E+00
   0.2610E+00    0    0    0    0    0    0    0    0    0    0    0    0    0    0    0    0    0    0    0    0     0  0.0000E+00
   0.3162E+00    0    0    0    0    0    0    0    0    0    0    0    0    0    0    0    0    0    0    0    0     0  0.0000E+00
   0.3831E+00    0    0    0    0    0    0    0    0    0    0    0    0    0    0    0    0    0    0    0    0     0  0.0000E+00
   0.4642E+00    0    0    0    0    0    0    0    0    0    0    0    0    0    0    0    0    0    0    0    0     0  0.0000E+00
   0.5623E+00    0    0    0    0    0    0    0    0    0    0    0    0    0    0    0    0    0    0    0    0     0  0.0000E+00
   0.6813E+00    0    0    0    0    0    0    0    0    0    0    0    0    0    0    0    0    0    0    0    0     0  0.0000E+00
   0.8254E+00    0    0    0    0    0    0    0    0    0    0    0    0    0    0    0    0    0    0    0    0     0  0.0000E+00
   0.1000E+01    0    0    0    0    0    0    0    0    0    0    0    0    0    0    0    0    0    0    0    0     0  0.0000E+00
   0.1212E+01    0    0    0    0    0    0    0    0    0    0    0    0    0    0    0    0    0    0    0    0     0  0.0000E+00
   0.1468E+01    0    0    0    0    0    0    0    0    0    0    0    0    0    0    0    0    0    0    0    0     0  0.0000E+00
   0.1778E+01    0    0    0    0    0    0    0    0    0    0    0    0    0    0    0    0    0    0    0    0     0  0.0000E+00
   0.2154E+01    0    0    0    0    0    0    0    0    0    0    0    0    0    0    0    0    0    0    0    0     0  0.0000E+00
   0.2610E+01    0    0    0    0    0    0    0    0    0    0    0    0    0    0    0    0    0    0    0    0     0  0.0000E+00
   0.3162E+01    0    0    0    0    0    0    0    0    0    0    0    0    0    0    0    0    0    0    0    0     0  0.0000E+00
   0.3831E+01    0    0    0    0    0    0    0    0    0    0    0    0    0    0    0    0    0    0    0    0     0  0.0000E+00
   0.4642E+01    0    0    0    0    0    0    0    0    0    0    0    0    0    0    0    0    0    0    0    0     0  0.0000E+00
   0.5623E+01    0    0    0    0    0    0    0    0    0    0    0    0    0    0    0    0    0    0    0    0     0  0.0000E+00
   0.6813E+01    0    0    0    0    0    0    0    0    0    0    0    0    0    0    0    0    0    0    0    0     0  0.0000E+00
   0.8254E+01    0    0    0    0    0    0    0    0    0    0    0    0    0    0    0    0    0    0    0    0     0  0.0000E+00
   0.1000E+02    0    0    0    0    0    0    0    0    0    0    0    0    0    0    0    0    0    0    0    0     0  0.0000E+00
   0.1212E+02    0    0    0    0    0    0    0    0    0    0    0    0    0    0    0    0    0    0    0    0     0  0.0000E+00
   0.1468E+02    0    0    0    0    0    0    0    0    0    0    0    0    0    0    0    0    0    0    0    0     0  0.0000E+00
   0.1778E+02    0    0    0    0    0    0    0    0    0    0    0    0    0    0    0    0    0    0    0    0     0  0.0000E+00
   0.2154E+02    0    0    0    0    0    0    0    0    0    0    0    0    0    0    0    0    0    0    0    0     0  0.0000E+00
   0.2610E+02    0    0    0    0    0    0    0    0    0    0    0    0    0    0    0    0    0    0    0    0     0  0.0000E+00
   0.3162E+02    0    0    0    0    0    0    0    0    0    0    0    0    0    0    0    0    0    0    0    0     0  0.0000E+00
   0.3831E+02    0    0    0    0    0    0    0    0    0    0    0    0    0    0    0    0    0    0    0    0     0  0.0000E+00
   0.4642E+02    0    0    0    0    0    0    0    0    0    0    0    0    0    0    0    0    0    0    0    0     0  0.0000E+00
   0.5623E+02    0    0    0    0    0    0    0    0    0    0    0    0    0    0    0    0    0    0    0    0     0  0.0000E+00
   0.6813E+02    0    0    0    0    0    0    0    0    0    0    0    0    0    0    0    0    0    0    0    0     0  0.0000E+00
   0.8254E+02    0    0    0    0    0    0    0    0    0    0    0    0    0    0    0    0    0    0    0    0     0  0.0000E+00
   0.1000E+03    0    0    0    0    0    0    0    0    0    0    0    0    0    0    0    0    0    0    0    0     0  0.0000E+00
   0.1212E+03    0    0    0    0    0    0    0    0    0    0    0    0    0    0    0    0    0    0    0    0     0  0.0000E+00
   0.1468E+03    0    0    0    0    0    0    0    0    0    0    0    0    0    0    0    0    0    0    0    0     0  0.0000E+00
   0.1778E+03    0    0    0    0    0    0    0    0    0    0    0    0    0    0    0    0    0    0    0    0     0  0.0000E+00
   0.2154E+03    0    0    0    0    0    0    0    0    0    0    0    0    0    0    0    0    0    0    0    0     0  0.0000E+00
   0.2610E+03    0    0    0    0    0    0    0    0    0    0    0    0    0    0    0    0    0    0    0    0     0  0.0000E+00
   0.3162E+03    0    0    0    0    0    0    0    0    0    0    0    0    0    0    0    0    0    0    0    0     0  0.0000E+00
   0.3831E+03    0    0    0    0    0    0    0    0    0    0    0    0    0    0    0    0    0    0    0    0     0  0.0000E+00
   0.4642E+03    0    0    0    0    0    0    0    0    0    0    0    0    0    0    0    0    0    0    0    0     0  0.0000E+00
   0.5623E+03    0    0    0    0    0    0    0    0    0    0    0    0    0    0    0    0    0    0    0    0     0  0.0000E+00
   0.6813E+03    0    0    0    0    0    0    0    0    0    0    0    0    0    0    0    0    0    0    0    0     0  0.0000E+00
   0.8254E+03    0    0    0    0    0    0    0    0    0    0    0    0    0    0    0    0    0    0    0    0     0  0.0000E+00
   0.1000E+04    0    0    0    0    0    0    0    0    0    0    0    0    0    0    0    0    0    0    0    0     0  0.0000E+00
   0.1212E+04    0    0    0    0    0    0    0    0    0    0    0    0    0    0    0    0    0    0    0    0     0  0.0000E+00
   0.1468E+04    0    0    0    0    0    0    0    0    0    0    0    0    0    0    0    0    0    0    0    0     0  0.0000E+00
   0.1778E+04    0    0    0    0    0    0    0    0    0    0    0    0    0    0    0    0    0    0    0    0     0  0.0000E+00
   0.2154E+04    0    0    0    0    0    0    0    0    0    0    0    0    0    0    0    0    0    0    0    0     0  0.0000E+00
   0.2610E+04    0    0    0    0    0    0    0    0    0    0    0    0    0    0    0    0    0    0    0    0     0  0.0000E+00
   0.3162E+04    0    0    0    0    0    0    0    0    0    0    0    0    0    0    0    0    0    0    0    0     0  0.0000E+00
   0.3831E+04    0    0    0    0    0    0    0    0    0    0    0    0    0    0    0    0    0    0    0    0     0  0.0000E+00
   0.4642E+04    0    0    0    0    0    0    0    0    0    0    0    0    0    0    0    0    0    0    0    0     0  0.0000E+00
   0.5623E+04    0    0    0    0    0    0    0    0    0    0    0    0    0    0    0    0    0    0    0    0     0  0.0000E+00
   0.6813E+04    0    0    0    0    0    0    0    0    0    0    0    0    0    0    0    0    0    0    0    0     0  0.0000E+00
   0.8254E+04    0    0    0    0    0    0    0    0    0    0    0    0    0    0    0    0    0    0    0    0     0  0.0000E+00
   0.1000E+05    0    0    0    0    0    0    0    0    0    0    0    0    0    0    0    0    0    0    0    0     0  0.0000E+00
   0.1212E+05    0    0    0    0    0    0    0    0    0    0    0    0    0    0    0    0    0    0    0    0     0  0.0000E+00
   0.1468E+05    0    0    0    0    0    0    0    0    0    0    0    0    0    0    0    0    0    0    0    0     0  0.0000E+00
   0.1778E+05    0    0    0    0    0    0    0    0    0    0    0    0    0    0    0    0    0    0    0    0     0  0.0000E+00
   0.2154E+05    0    0    0    0    0    0    0    0    0    0    0    0    0    0    0    0    0    0    0    0     0  0.0000E+00
   0.2610E+05    0    0    0    0    0    0    0    0    0    0    0    0    0    0    0    0    0    0    0    0     0  0.0000E+00
   0.3162E+05    0    0    0    0    0    0    0    0    0    0    0    0    0    0    0    0    0    0    0    0     0  0.0000E+00
   0.3831E+05    0    0    0    0    0    0    0    0    0    0    0    0    0    0    0    0    0    0    0    0     0  0.0000E+00
   0.4642E+05    0    0    0    0    0    0    0    0    0    0    0    0    0    0    0    0    0    0    0    0     0  0.0000E+00
   0.5623E+05    0    0    0    0    0    0    0    0    0    0    0    0    0    0    0    0    0    0    0    0     0  0.0000E+00
   0.6813E+05    0    0    0    0    0    0    0    0    0    0    0    0    0    0    0    0    0    0    0    0     0  0.0000E+00
   0.8254E+05    0    0    0    0    0    0    0    0    0    0    0    0    0    0    0    0    0    0    0    0     0  0.0000E+00
   0.1000E+06    0    0    0    0    0    0    0    0    0    0    0    0    0    0    0    0    0    0    0    0     0  0.0000E+00
   0.0000E+00  248  808 1430 2058 2931 3560 4463 5694 6294 7178 8032 91741001810828117261272613378139251485616359155686  0.0000E+00
1ENERGY(E/E0 IN %) - POLAR ANGLE IN COS-INTERVALS (0.05)  (BACKWARD SPUTTERED PARTICLES) , 1.LAYER , SPECIES 1

     0    1    2    3    4    5    6    7    8    9   10   11   12   13   14   15   16   17   18   19   20      0
     1  120  375  662  915 1264 1508 1850 2285 2564 2918 3296 3850 4234 4615 4983 5539 5907 6175 6655 7458  67173
     2    3   23   35   59  106  132  191  270  295  352  351  421  436  460  513  474  475  496  526  487   6105
     3    0    2    9   28   47   60   67  128  114  139  171  144  161  154  163  180  166  157  128  152   2170
     4    0    1    7   10   11   22   52   60   61   76   75   84   80   79   87   77   71   61   59   36   1009
     5    1    2    1    6   11   14   33   34   40   39   48   40   36   41   53   35   29   31   25   26    545
     6    0    0    0    6    9   15   11   29   29   26   30   18   24   26   29   20   13   27   21   11    344
     7    0    0    0    0    7   15   10    9   16   17   13   12   18   16   16   22   11    6    4    8    200
     8    0    1    0    2    2    6    3   15    7    8   13    5    4   12    8    5    9    6    3    2    111
     9    0    0    0    1    3    4    4    3   10    4    8    3    6    3    3    7    2    4    3    0     68
    10    0    0    1    1    2    1    4    4    7    0    8    6    3    6    6    2    1    0    1    0     53
    11    0    0    0    0    0    0    3    4    1    2    1    1    2    2    1    1    4    0    2    0     24
    12    0    0    0    1    3    1    1    3    1    5    1    2    2    0    0    0    0    0    0    0     20
    13    0    0    0    0    0    0    1    2    1    0    1    1    1    1    1    1    1    0    1    0     12
    14    0    0    0    0    0    2    2    1    0    0    0    0    1    0    0    0    0    0    0    0      6
    15    0    0    0    0    1    0    0    0    0    2    0    1    0    0    0    0    0    0    0    0      4
    16    0    0    0    0    0    0    0    0    0    1    0    0    0    0    1    2    0    0    0    0      4
    17    0    0    0    0    0    0    0    0    0    0    0    0    1    0    0    0    0    0    0    0      1
    18    0    0    0    0    0    0    0    0    1    0    1    0    0    0    0    0    0    0    0    0      2
    19    0    0    0    0    0    0    0    0    0    0    0    0    0    0    0    0    0    0    0    0      0
    20    0    0    0    0    0    0    0    0    0    0    0    0    0    0    0    0    0    0    0    0      0
    21    0    0    0    0    0    0    0    0    0    0    0    0    0    0    0    0    0    0    0    0      0
    22    0    0    0    0    0    0    0    0    0    0    0    0    0    0    0    0    0    0    0    0      0
    23    0    0    0    0    0    0    0    0    0    0    0    0    0    0    0    0    0    0    0    0      0
    24    0    0    0    0    0    0    0    0    0    0    0    0    0    0    0    0    0    0    0    0      0
    25    0    0    0    0    0    0    0    0    0    0    0    0    0    0    0    0    0    0    0    0      0
    26    0    0    0    0    0    0    0    0    0    0    0    0    0    0    0    0    0    0    0    0      0
    27    0    0    0    0    0    0    0    0    0    0    0    0    0    0    0    0    0    0    0    0      0
    28    0    0    0    0    0    0    0    0    0    0    0    0    0    0    0    0    0    0    0    0      0
    29    0    0    0    0    0    0    0    0    0    0    0    0    0    0    0    0    0    0    0    0      0
    30    0    0    0    0    0    0    0    0    0    0    0    0    0    0    0    0    0    0    0    0      0
    31    0    0    0    0    0    0    0    0    0    0    0    0    0    0    0    0    0    0    0    0      0
    32    0    0    0    0    0    0    0    0    0    0    0    0    0    0    0    0    0    0    0    0      0
    33    0    0    0    0    0    0    0    0    0    0    0    0    0    0    0    0    0    0    0    0      0
    34    0    0    0    0    0    0    0    0    0    0    0    0    0    0    0    0    0    0    0    0      0
    35    0    0    0    0    0    0    0    0    0    0    0    0    0    0    0    0    0    0    0    0      0
    36    0    0    0    0    0    0    0    0    0    0    0    0    0    0    0    0    0    0    0    0      0
    37    0    0    0    0    0    0    0    0    0    0    0    0    0    0    0    0    0    0    0    0      0
    38    0    0    0    0    0    0    0    0    0    0    0    0    0    0    0    0    0    0    0    0      0
    39    0    0    0    0    0    0    0    0    0    0    0    0    0    0    0    0    0    0    0    0      0
    40    0    0    0    0    0    0    0    0    0    0    0    0    0    0    0    0    0    0    0    0      0
    41    0    0    0    0    0    0    0    0    0    0    0    0    0    0    0    0    0    0    0    0      0
    42    0    0    0    0    0    0    0    0    0    0    0    0    0    0    0    0    0    0    0    0      0
    43    0    0    0    0    0    0    0    0    0    0    0    0    0    0    0    0    0    0    0    0      0
    44    0    0    0    0    0    0    0    0    0    0    0    0    0    0    0    0    0    0    0    0      0
    45    0    0    0    0    0    0    0    0    0    0    0    0    0    0    0    0    0    0    0    0      0
    46    0    0    0    0    0    0    0    0    0    0    0    0    0    0    0    0    0    0    0    0      0
    47    0    0    0    0    0    0    0    0    0    0    0    0    0    0    0    0    0    0    0    0      0
    48    0    0    0    0    0    0    0    0    0    0    0    0    0    0    0    0    0    0    0    0      0
    49    0    0    0    0    0    0    0    0    0    0    0    0    0    0    0    0    0    0    0    0      0
    50    0    0    0    0    0    0    0    0    0    0    0    0    0    0    0    0    0    0    0    0      0
    51    0    0    0    0    0    0    0    0    0    0    0    0    0    0    0    0    0    0    0    0      0
    52    0    0    0    0    0    0    0    0    0    0    0    0    0    0    0    0    0    0    0    0      0
    53    0    0    0    0    0    0    0    0    0    0    0    0    0    0    0    0    0    0    0    0      0
    54    0    0    0    0    0    0    0    0    0    0    0    0    0    0    0    0    0    0    0    0      0
    55    0    0    0    0    0    0    0    0    0    0    0    0    0    0    0    0    0    0    0    0      0
    56    0    0    0    0    0    0    0    0    0    0    0    0    0    0    0    0    0    0    0    0      0
    57    0    0    0    0    0    0    0    0    0    0    0    0    0    0    0    0    0    0    0    0      0
    58    0    0    0    0    0    0    0    0    0    0    0    0    0    0    0    0    0    0    0    0      0
    59    0    0    0    0    0    0    0    0    0    0    0    0    0    0    0    0    0    0    0    0      0
    60    0    0    0    0    0    0    0    0    0    0    0    0    0    0    0    0    0    0    0    0      0
    61    0    0    0    0    0    0    0    0    0    0    0    0    0    0    0    0    0    0    0    0      0
    62    0    0    0    0    0    0    0    0    0    0    0    0    0    0    0    0    0    0    0    0      0
    63    0    0    0    0    0    0    0    0    0    0    0    0    0    0    0    0    0    0    0    0      0
    64    0    0    0    0    0    0    0    0    0    0    0    0    0    0    0    0    0    0    0    0      0
    65    0    0    0    0    0    0    0    0    0    0    0    0    0    0    0    0    0    0    0    0      0
    66    0    0    0    0    0    0    0    0    0    0    0    0    0    0    0    0    0    0    0    0      0
    67    0    0    0    0    0    0    0    0    0    0    0    0    0    0    0    0    0    0    0    0      0
    68    0    0    0    0    0    0    0    0    0    0    0    0    0    0    0    0    0    0    0    0      0
    69    0    0    0    0    0    0    0    0    0    0    0    0    0    0    0    0    0    0    0    0      0
    70    0    0    0    0    0    0    0    0    0    0    0    0    0    0    0    0    0    0    0    0      0
    71    0    0    0    0    0    0    0    0    0    0    0    0    0    0    0    0    0    0    0    0      0
    72    0    0    0    0    0    0    0    0    0    0    0    0    0    0    0    0    0    0    0    0      0
    73    0    0    0    0    0    0    0    0    0    0    0    0    0    0    0    0    0    0    0    0      0
    74    0    0    0    0    0    0    0    0    0    0    0    0    0    0    0    0    0    0    0    0      0
    75    0    0    0    0    0    0    0    0    0    0    0    0    0    0    0    0    0    0    0    0      0
    76    0    0    0    0    0    0    0    0    0    0    0    0    0    0    0    0    0    0    0    0      0
    77    0    0    0    0    0    0    0    0    0    0    0    0    0    0    0    0    0    0    0    0      0
    78    0    0    0    0    0    0    0    0    0    0    0    0    0    0    0    0    0    0    0    0      0
    79    0    0    0    0    0    0    0    0    0    0    0    0    0    0    0    0    0    0    0    0      0
    80    0    0    0    0    0    0    0    0    0    0    0    0    0    0    0    0    0    0    0    0      0
    81    0    0    0    0    0    0    0    0    0    0    0    0    0    0    0    0    0    0    0    0      0
    82    0    0    0    0    0    0    0    0    0    0    0    0    0    0    0    0    0    0    0    0      0
    83    0    0    0    0    0    0    0    0    0    0    0    0    0    0    0    0    0    0    0    0      0
    84    0    0    0    0    0    0    0    0    0    0    0    0    0    0    0    0    0    0    0    0      0
    85    0    0    0    0    0    0    0    0    0    0    0    0    0    0    0    0    0    0    0    0      0
    86    0    0    0    0    0    0    0    0    0    0    0    0    0    0    0    0    0    0    0    0      0
    87    0    0    0    0    0    0    0    0    0    0    0    0    0    0    0    0    0    0    0    0      0
    88    0    0    0    0    0    0    0    0    0    0    0    0    0    0    0    0    0    0    0    0      0
    89    0    0    0    0    0    0    0    0    0    0    0    0    0    0    0    0    0    0    0    0      0
    90    0    0    0    0    0    0    0    0    0    0    0    0    0    0    0    0    0    0    0    0      0
    91    0    0    0    0    0    0    0    0    0    0    0    0    0    0    0    0    0    0    0    0      0
    92    0    0    0    0    0    0    0    0    0    0    0    0    0    0    0    0    0    0    0    0      0
    93    0    0    0    0    0    0    0    0    0    0    0    0    0    0    0    0    0    0    0    0      0
    94    0    0    0    0    0    0    0    0    0    0    0    0    0    0    0    0    0    0    0    0      0
    95    0    0    0    0    0    0    0    0    0    0    0    0    0    0    0    0    0    0    0    0      0
    96    0    0    0    0    0    0    0    0    0    0    0    0    0    0    0    0    0    0    0    0      0
    97    0    0    0    0    0    0    0    0    0    0    0    0    0    0    0    0    0    0    0    0      0
    98    0    0    0    0    0    0    0    0    0    0    0    0    0    0    0    0    0    0    0    0      0
    99    0    0    0    0    0    0    0    0    0    0    0    0    0    0    0    0    0    0    0    0      0
   100    0    0    0    0    0    0    0    0    0    0    0    0    0    0    0    0    0    0    0    0      0
     0  124  404  715 1029 1466 1780 2232 2847 3147 3589 4017 4588 5009 5415 5864 6365 6689 6963 7428 8180  77851
1AZIMUTHAL ANGLE - POLAR ANGLE IN COS-INTERVALS (0.05) (BACKWARD SPUTTERED PARTICLES) , 1.LAYER , SPECIES 1

     0    1    2    3    4    5    6    7    8    9   10   11   12   13   14   15   16   17   18   19   20      0
     3    5   11   12   21   28   27   30   53   52   59   56   70   92   95  111  119  127  115  115  134   1332
     6    3    4   18   18   22   27   33   44   72   71   65   80   88  106  101   95  123  110  118  137   1335
     9    4    4   12   20   23   31   30   50   41   53   70   63   98   86   90   92  110  120  125  135   1257
    12    2    7    8   12   24   21   27   37   49   60   64   83   96   93   86  110  114   95  133  143   1264
    15    3    5    3   13   22   27   46   43   52   58   60   95   78  105   96  107  120  128  113  122   1296
    18    3    3   15   15   24   27   28   41   46   52   75   74   68   78  100   92  121  110  136  138   1246
    21    2    8   13   21   22   28   23   45   53   55   71   66   73   96   84  115   92  131  132  140   1270
    24    1    9   11   21   25   33   31   54   67   59   74   59   86   81   82  116  133  134  130  136   1342
    27    2    7   15   14   19   34   50   52   48   70   65   69   84   91   92  113  126  112  128  149   1340
    30    1   11   17   25   22   32   46   51   55   58   59   82   90  101   92  106  108  103  117  147   1323
    33    8    9   14   25   27   19   45   52   47   47   76   63   74   80   82  128  103  115  144  126   1284
    36    0    6   12   16   21   41   23   49   32   49   59   66   78   79   85  101  116  108  130  135   1206
    39    0    6   11   15   22   34   36   36   57   52   55   61  108   87   98   98  116  118  117  125   1252
    42    2    7    6   22   25   39   25   57   45   56   65   87   87   88  106  109  110  131  112  135   1314
    45    0    6   14   13   26   28   47   50   44   66   70   81   95   79  106  103   99  125  131  139   1322
    48    3    3   11   16   35   34   48   59   52   52   63   70   89  100  103  115  123  109  114  137   1336
    51    3    4   13   13   24   31   35   41   54   76   70   90   91   92  108   91  111  132  121  139   1339
    54    5    3    4   19   27   28   32   52   46   71   52   75   73   91   95  120  105  116  133  140   1287
    57    2    7   12   20   33   36   36   42   62   52   70   80   78   95   97  106   99   99  151  128   1305
    60    1   14    9   17   31   26   30   47   46   57   67   74   94   67  123  100  120  127  118  152   1320
    63    4    4   12   13   27   30   33   39   58   78   63   70   70   74  104   93  106   90  148  151   1267
    66    0   11   16   23   20   29   34   41   39   60   71   86   81   98   96  114  117  119  125  143   1323
    69    3    3   15   12   35   28   42   53   56   62   66   74   73   88   93   96  111   96  116  143   1265
    72    2   11    7   17   16   25   35   52   51   66   58   68   74   75   97   99   97  133  109  139   1231
    75    1    6   10   22   34   26   27   40   49   67   71   85   86   84   97  115   97  129  104  139   1289
    78    1   13    8   10   19   32   44   50   65   71   53   81   91   82   91   93  116  120  136  131   1307
    81    2    8    9   17   32   30   40   63   70   68   79   76   91   79   92   78  108  108  108  125   1283
    84    0    4   14   21   17   31   47   57   47   59   72   78   65   72   95  101   86   92   87  130   1175
    87    1    7    8   10   22   31   32   48   55   63   73   67   81  112   98  103   96  136  141  141   1325
    90    3    9   11   21   23   27   34   53   63   44   64   88   83   78  100  105  114  111  140  122   1293
    93    5    5    6   12   30   26   38   57   51   43   74   72  104   78  107  105   99  111  140  149   1312
    96    6    9   15   11   22   32   33   43   58   67   66   73   81   96   94  108  106  127  118  138   1303
    99    0    8   12   19   31   31   41   46   55   51   61   68   76   86  103  116  127  118  123  140   1312
   102    1    1   14   11   30   25   41   45   48   66   77   70   82   85   96  106  101  121  125  130   1275
   105    0    4   13   16   16   26   43   64   42   62   59   86   74   74  114  113  114  106  125  148   1299
   108    5    7   14   15   19   29   42   40   52   58   77   72   92  109   96  100  113  115  128  139   1322
   111    1    4   11   14   18   34   31   48   47   59   70   55   81  103   80   98  109  112  123  134   1232
   114    2    4   11   13   32   37   42   46   61   57   69  104   84   97  113   95  109  114  119  144   1353
   117    2    4    8   19   25   24   37   33   51   73   66   89   77  106   99  128  121  126  114  127   1329
   120    2    6   18   22   26   25   40   45   56   58   82   83   80   88  106  104  120  150  129  134   1374
   123    3    9    9   18   24   29   47   47   55   60   80   74   72   97   82  118  120  104  122  133   1303
   126    2    7    7   16   21   35   50   54   37   69   51   89   82   91  104  114  117  123  117  126   1312
   129    1    7   15   20   13   32   44   46   53   43   64   78   86   86   85  102  118  111  132  120   1256
   132    2    5   12   18   22   30   33   54   59   54   68   75   98   93   89  110  110  109  101  136   1278
   135    2    6   10   12   25   37   30   40   43   66   55   79   91  101  117   94  114  117  129  137   1305
   138    3   11   15   20   38   31   52   41   62   54   77   94   87   79  101  107  101  126  119  164   1382
   141    3   13   17   11   21   30   34   39   54   65   70   88   84   91   96  118  127  117  130  132   1340
   144    1    8   15   15   26   33   40   43   49   57   67   91   98   94  119  107  105  113  119  128   1328
   147    1    4   16   10   29   26   40   32   45   58   65   74  100   86  111  121  107  101  115  134   1275
   150    1    8   18   19   20   36   31   48   56   61   84   82   70   87   96  104  132  113  108  123   1297
   153    0    6    7   26   18   32   36   57   48   63   68   78   68   91   88  114   97  127  124  125   1273
   156    0    8   12   15   25   25   47   49   52   64   55   53   81   90  106  123  103  119  127  126   1280
   159    2    6   19   20   35   26   33   43   54   57   60   68   73  110   87  103   98  110  134  157   1295
   162    1    4    9   23   18   29   35   58   52   55   57   81   81   93   93   87   92   96  127  120   1211
   165    2    2   11   17   19   33   37   40   49   65   76   73   81   92   93  118  136  131  118  152   1345
   168    4    9   15   21   41   30   40   47   67   59   71   92   83   99   78  114  107  115  109  111   1312
   171    2   10    9   19   21   28   30   48   54   53   66   67   81  108  102  105  128  105  119  146   1301
   174    1    5   16   17   20   24   36   46   56   55   72   70   85   83  110   99  108  112  144  154   1313
   177    1    8   13   16   18   24   41   52   49   64   61   67   78   90  103   87  109  131  135  132   1279
   180    1    6    8   22   16   29   39   45   59   62   73   82   84  100   96  114  117  111  123  140   1327
     0  124  404  715 1029 1466 1780 2232 2847 3147 3589 4017 4588 5009 5415 5864 6365 6689 6963 7428 8180  77851
