1
      *** PROGRAM TRVMC95 ***


                              * INPUT DATA *


       Z1        M1          E0       ALPHA       EF        ESB      SHEATH     ERC
     18.00     39.95        56.75      0.00      0.10      0.00    170.25      4.70

       NH        RI           X0        RD        CW        CA       KK0   KK0R   KDEE1  KDEE2  IPOT   IPOTR   IRL
   9999999 716381.00         0.00    100.00      2.00      1.00       2      2      3      3      1      1      3


             DX      RHO    CK  Z(,1) Z(,2) Z(,3) Z(,4) Z(,5)  M(,1)  M(,2)  M(,3)  M(,4)  M(,5) C(,1) C(,2) C(,3) C(,4) C(,5)

 1.LAYER 10000.00   2.25   1.00    6.    0.    0.    0.    0.  12.01   0.00   0.00   0.00   0.00 1.000 0.000 0.000 0.000 0.000


                           ***  SBE(LAYER,ELEMENT)  ***     ***     ED(LAYER,ELEMENT)     ***     ***   BE(LAYER,ELEMENT)  ***

 1.LAYER                   7.41  0.00  0.00  0.00  0.00     30.00   0.00   0.00   0.00   0.00     0.10  0.00  0.00  0.00  0.00


       INTERACTION POTENTIAL : PROJECTILE-TARGET : KR-C POTENTIAL     TARGET-TARGET : KR-C POTENTIAL    


       INELASTIC LOSS MODEL  : PROJECTILE-TARGET : 50% LS 50% OR      TARGET-TARGET : 50% LS 50% OR     
1

                              * OUTPUT DATA *


                 HLM       HLMT        SU       SUT        XC        RT       SFE      INEL         L        LJ
               0.0000 10000.000    3.5029 10003.503   -3.5029  9900.000      7.41         0         1         1


                NPROJ       KIB       KIT      MAXA      NALL       NPA       NSA       KIS      KIST
               837143         0         0       150  72266848  25046868  34008405     68575         0


            EPS0(I)       Z2(I)       M2(I)     ARHO(I)       LM(I)     PMAX(I)     ASIG(I)       SB(I)       XX(I)        NJ(I)

 1.LAYER   0.1113E-02  0.6000E+01  0.1201E+02  0.1128E+00  0.2070E+01  0.1168E+01  0.2335E+00  0.7410E+01  0.1000E+05         1


             A1(1)   A1(2)   A1(3)   A1(4)   A1(5)   A1(6)   A1(7)   A1(8)   A1(9)  A1(10)  A1(11)  A1(12)  A1(13)  A1(14)  A1(15)

           0.13193


           KOR1(1) KOR1(2) KOR1(3) KOR1(4) KOR1(5) KOR1(6) KOR1(7) KOR1(8) KOR1(9) KOR1(A) KOR1(B) KOR1(C) KOR1(D) KOR1(E) KOR1(F)

           0.73577


            A(I,1)  A(I,2)  A(I,3)  A(I,4)  A(I,5)  A(I,6)  A(I,7)  A(I,8)  A(I,9) A(I,10) A(I,11) A(I,12) A(I,13) A(I,14) A(I,15)

           0.16242


           KOR(,1) KOR(,2) KOR(,3) KOR(,4) KOR(,5) KOR(,6) KOR(,7) KOR(,8) KOR(,9) KOR(,A) KOR(,B) KOR(,C) KOR(,D) KOR(,E) KOR(,F)

           0.46963
1

         IMPLANTED PARTICLES=9999998     ENERGY=0.5675E+09 EV
     BACKSCATTERED PARTICLES=      1     ENERGY=0.7546E-01 EV
       TRANSMITTED PARTICLES=      0     ENERGY=0.0000E+00 EV
     BACKSPUTTERED PARTICLES=     57     ENERGY=0.8519E+02 EV
    TRANSM. SPUTT. PARTICLES=      0     ENERGY=0.0000E+00 EV


  PROJECTILES :   MEAN NUMBER OF ELASTIC COLLISIONS =      3.7   MEAN NUMBER OF EL.COLL.(E > EDISPL.) =    0.172
                                                                 MEAN NUMBER OF EL.COLL.(E > SB(1))   =    2.036

                       MEAN        VARIANCE      SKEWNESS      KURTOSIS        SIGMA       ERROR 1.M     ERROR 2.M     ERROR 3.M 
  PENETRATION       4.2742E+00    1.6081E+00    5.2459E-02    2.8040E+00    1.2681E+00    4.0101E-04    6.8300E-04    6.7851E-04
       SPREAD       1.4931E+00    7.0023E-01    7.3858E-01    3.3579E+00    8.3680E-01    2.6462E-04    3.4001E-04    7.8329E-04
   PATHLENGTH       5.7732E+00    1.5763E+00   -3.1893E-02    2.6994E+00    1.2555E+00    3.9702E-04    6.4980E-04    6.3807E-04
 ELASTIC LOSS       5.4819E+01    1.6135E-01                                4.0168E-01    4.0168E-08
   INEL. LOSS       1.9290E+00    1.6120E-01                                4.0150E-01    4.0150E-08

                       MEAN        VARIANCE      SKEWNESS      KURTOSIS        SIGMA       ERROR 1.M     ERROR 2.M     ERROR 3.M 
   ELAST.LOSS       1.0486E+01    7.9301E+01    1.1647E+00    3.9925E+00    8.9051E+00    1.4709E-03    2.2660E-02    3.2068E-04
 WEAK EL.LOSS       4.4706E+00    6.6512E+00    1.2038E-01    2.4422E+00    2.5790E+00    4.2599E-04    1.3194E-03    2.4169E-04
 INELAST.LOSS       5.2630E-01    8.2142E-02   -4.0609E-01    1.6576E+00    2.8661E-01    4.7341E-05    1.1003E-05    2.7583E-04
  SUBTHR.LOSS       9.2784E+00    5.1583E+01    7.7613E-01    2.8722E+00    7.1821E+00    1.2151E-03    1.1941E-02    2.7711E-04

                     1.MOMENT      2.MOMENT      3.MOMENT      4.MOMENT      5.MOMENT      6.MOMENT 
  PENETRATION       4.2742E+00    1.9877E+01    9.8813E+01    5.1911E+02    2.8583E+03    1.6393E+04



  RECOILES (PER PROJ.)   :   MEAN NUMBER OF ELASTIC COLLISIONS =      7.2   MEAN NUMBER OF EL.COLL.(E > EDISPL.) =      0.010
                                                                            MEAN NUMBER OF EL.COLL.(E > SB(1))   =      1.378

  RECOILES (PER KNOCKON) :   MEAN NUMBER OF ELASTIC COLLISIONS =    1.217   MEAN NUMBER OF EL.COLL.(E > EDISPL.) =      0.002
                                                                            MEAN NUMBER OF EL.COLL.(E > SB(1))   =      0.233

1


     DEPTH(A)  PARTICLES  NORM.DEPTH PATHLENGTH   INLOSS(EV)  TELOSS(EV)  ELLOSS(EV)  DAMAGE(EV)  PHONON(EV)  CASCAD(EV)     DPA

    -SU-    0.         0  0.0000E+00
     0.-    2.    269800  0.2698E-01         0    8.2754E+06  2.7066E+08  2.0245E+08  5.8175E+07  1.4427E+08  5.1521E+07 1658957
     2.-    4.   3909137  0.3909E+00    276967    7.0963E+06  1.8299E+08  1.2418E+08  2.0311E+06  1.2215E+08  1.7988E+06   57957
     4.-    6.   5002211  0.5002E+00   3657957    3.2587E+06  7.9856E+07  4.9043E+07  2.7165E+02  4.9043E+07  2.4129E+02       9
     6.-    8.    813192  0.8132E-01   5203186    6.3181E+05  1.4166E+07  8.3524E+06  0.0000E+00  8.3524E+06  0.0000E+00       0
     8.-   10.      5658  0.5658E-03    860568    2.7456E+04  5.1937E+05  3.1779E+05  0.0000E+00  3.1779E+05  0.0000E+00       0
    10.-   12.         0  0.0000E+00      1320    1.2816E+02  2.2258E+03  1.3299E+03  0.0000E+00  1.3299E+03  0.0000E+00       0
    12.-   14.         0  0.0000E+00         0    3.2443E-02  4.6913E-01  2.8451E-01  0.0000E+00  2.8451E-01  0.0000E+00       0
    14.-   16.         0  0.0000E+00         0    0.0000E+00  0.0000E+00  0.0000E+00  0.0000E+00  0.0000E+00  0.0000E+00       0
    16.-   18.         0  0.0000E+00         0    0.0000E+00  0.0000E+00  0.0000E+00  0.0000E+00  0.0000E+00  0.0000E+00       0
    18.-   20.         0  0.0000E+00         0    0.0000E+00  0.0000E+00  0.0000E+00  0.0000E+00  0.0000E+00  0.0000E+00       0
    20.-   22.         0  0.0000E+00         0    0.0000E+00  0.0000E+00  0.0000E+00  0.0000E+00  0.0000E+00  0.0000E+00       0
    22.-   24.         0  0.0000E+00         0    0.0000E+00  0.0000E+00  0.0000E+00  0.0000E+00  0.0000E+00  0.0000E+00       0
    24.-   26.         0  0.0000E+00         0    0.0000E+00  0.0000E+00  0.0000E+00  0.0000E+00  0.0000E+00  0.0000E+00       0
    26.-   28.         0  0.0000E+00         0    0.0000E+00  0.0000E+00  0.0000E+00  0.0000E+00  0.0000E+00  0.0000E+00       0
    28.-   30.         0  0.0000E+00         0    0.0000E+00  0.0000E+00  0.0000E+00  0.0000E+00  0.0000E+00  0.0000E+00       0
    30.-   32.         0  0.0000E+00         0    0.0000E+00  0.0000E+00  0.0000E+00  0.0000E+00  0.0000E+00  0.0000E+00       0
    32.-   34.         0  0.0000E+00         0    0.0000E+00  0.0000E+00  0.0000E+00  0.0000E+00  0.0000E+00  0.0000E+00       0
    34.-   36.         0  0.0000E+00         0    0.0000E+00  0.0000E+00  0.0000E+00  0.0000E+00  0.0000E+00  0.0000E+00       0
    36.-   38.         0  0.0000E+00         0    0.0000E+00  0.0000E+00  0.0000E+00  0.0000E+00  0.0000E+00  0.0000E+00       0
    38.-   40.         0  0.0000E+00         0    0.0000E+00  0.0000E+00  0.0000E+00  0.0000E+00  0.0000E+00  0.0000E+00       0
    40.-   42.         0  0.0000E+00         0    0.0000E+00  0.0000E+00  0.0000E+00  0.0000E+00  0.0000E+00  0.0000E+00       0
    42.-   44.         0  0.0000E+00         0    0.0000E+00  0.0000E+00  0.0000E+00  0.0000E+00  0.0000E+00  0.0000E+00       0
    44.-   46.         0  0.0000E+00         0    0.0000E+00  0.0000E+00  0.0000E+00  0.0000E+00  0.0000E+00  0.0000E+00       0
    46.-   48.         0  0.0000E+00         0    0.0000E+00  0.0000E+00  0.0000E+00  0.0000E+00  0.0000E+00  0.0000E+00       0
    48.-   50.         0  0.0000E+00         0    0.0000E+00  0.0000E+00  0.0000E+00  0.0000E+00  0.0000E+00  0.0000E+00       0
    50.-   52.         0  0.0000E+00         0    0.0000E+00  0.0000E+00  0.0000E+00  0.0000E+00  0.0000E+00  0.0000E+00       0
    52.-   54.         0  0.0000E+00         0    0.0000E+00  0.0000E+00  0.0000E+00  0.0000E+00  0.0000E+00  0.0000E+00       0
    54.-   56.         0  0.0000E+00         0    0.0000E+00  0.0000E+00  0.0000E+00  0.0000E+00  0.0000E+00  0.0000E+00       0
    56.-   58.         0  0.0000E+00         0    0.0000E+00  0.0000E+00  0.0000E+00  0.0000E+00  0.0000E+00  0.0000E+00       0
    58.-   60.         0  0.0000E+00         0    0.0000E+00  0.0000E+00  0.0000E+00  0.0000E+00  0.0000E+00  0.0000E+00       0
    60.-   62.         0  0.0000E+00         0    0.0000E+00  0.0000E+00  0.0000E+00  0.0000E+00  0.0000E+00  0.0000E+00       0
    62.-   64.         0  0.0000E+00         0    0.0000E+00  0.0000E+00  0.0000E+00  0.0000E+00  0.0000E+00  0.0000E+00       0
    64.-   66.         0  0.0000E+00         0    0.0000E+00  0.0000E+00  0.0000E+00  0.0000E+00  0.0000E+00  0.0000E+00       0
    66.-   68.         0  0.0000E+00         0    0.0000E+00  0.0000E+00  0.0000E+00  0.0000E+00  0.0000E+00  0.0000E+00       0
    68.-   70.         0  0.0000E+00         0    0.0000E+00  0.0000E+00  0.0000E+00  0.0000E+00  0.0000E+00  0.0000E+00       0
    70.-   72.         0  0.0000E+00         0    0.0000E+00  0.0000E+00  0.0000E+00  0.0000E+00  0.0000E+00  0.0000E+00       0
    72.-   74.         0  0.0000E+00         0    0.0000E+00  0.0000E+00  0.0000E+00  0.0000E+00  0.0000E+00  0.0000E+00       0
    74.-   76.         0  0.0000E+00         0    0.0000E+00  0.0000E+00  0.0000E+00  0.0000E+00  0.0000E+00  0.0000E+00       0
    76.-   78.         0  0.0000E+00         0    0.0000E+00  0.0000E+00  0.0000E+00  0.0000E+00  0.0000E+00  0.0000E+00       0
    78.-   80.         0  0.0000E+00         0    0.0000E+00  0.0000E+00  0.0000E+00  0.0000E+00  0.0000E+00  0.0000E+00       0
    80.-   82.         0  0.0000E+00         0    0.0000E+00  0.0000E+00  0.0000E+00  0.0000E+00  0.0000E+00  0.0000E+00       0
    82.-   84.         0  0.0000E+00         0    0.0000E+00  0.0000E+00  0.0000E+00  0.0000E+00  0.0000E+00  0.0000E+00       0
    84.-   86.         0  0.0000E+00         0    0.0000E+00  0.0000E+00  0.0000E+00  0.0000E+00  0.0000E+00  0.0000E+00       0
    86.-   88.         0  0.0000E+00         0    0.0000E+00  0.0000E+00  0.0000E+00  0.0000E+00  0.0000E+00  0.0000E+00       0
    88.-   90.         0  0.0000E+00         0    0.0000E+00  0.0000E+00  0.0000E+00  0.0000E+00  0.0000E+00  0.0000E+00       0
    90.-   92.         0  0.0000E+00         0    0.0000E+00  0.0000E+00  0.0000E+00  0.0000E+00  0.0000E+00  0.0000E+00       0
    92.-   94.         0  0.0000E+00         0    0.0000E+00  0.0000E+00  0.0000E+00  0.0000E+00  0.0000E+00  0.0000E+00       0
    94.-   96.         0  0.0000E+00         0    0.0000E+00  0.0000E+00  0.0000E+00  0.0000E+00  0.0000E+00  0.0000E+00       0
    96.-   98.         0  0.0000E+00         0    0.0000E+00  0.0000E+00  0.0000E+00  0.0000E+00  0.0000E+00  0.0000E+00       0
    98.-  100.         0  0.0000E+00         0    0.0000E+00  0.0000E+00  0.0000E+00  0.0000E+00  0.0000E+00  0.0000E+00       0
   100.-  102.         0  0.0000E+00         0    0.0000E+00  0.0000E+00  0.0000E+00  0.0000E+00  0.0000E+00  0.0000E+00       0
   102.-  104.         0  0.0000E+00         0    0.0000E+00  0.0000E+00  0.0000E+00  0.0000E+00  0.0000E+00  0.0000E+00       0
   104.-  106.         0  0.0000E+00         0    0.0000E+00  0.0000E+00  0.0000E+00  0.0000E+00  0.0000E+00  0.0000E+00       0
   106.-  108.         0  0.0000E+00         0    0.0000E+00  0.0000E+00  0.0000E+00  0.0000E+00  0.0000E+00  0.0000E+00       0
   108.-  110.         0  0.0000E+00         0    0.0000E+00  0.0000E+00  0.0000E+00  0.0000E+00  0.0000E+00  0.0000E+00       0
   110.-  112.         0  0.0000E+00         0    0.0000E+00  0.0000E+00  0.0000E+00  0.0000E+00  0.0000E+00  0.0000E+00       0
   112.-  114.         0  0.0000E+00         0    0.0000E+00  0.0000E+00  0.0000E+00  0.0000E+00  0.0000E+00  0.0000E+00       0
   114.-  116.         0  0.0000E+00         0    0.0000E+00  0.0000E+00  0.0000E+00  0.0000E+00  0.0000E+00  0.0000E+00       0
   116.-  118.         0  0.0000E+00         0    0.0000E+00  0.0000E+00  0.0000E+00  0.0000E+00  0.0000E+00  0.0000E+00       0
   118.-  120.         0  0.0000E+00         0    0.0000E+00  0.0000E+00  0.0000E+00  0.0000E+00  0.0000E+00  0.0000E+00       0
   120.-  122.         0  0.0000E+00         0    0.0000E+00  0.0000E+00  0.0000E+00  0.0000E+00  0.0000E+00  0.0000E+00       0
   122.-  124.         0  0.0000E+00         0    0.0000E+00  0.0000E+00  0.0000E+00  0.0000E+00  0.0000E+00  0.0000E+00       0
   124.-  126.         0  0.0000E+00         0    0.0000E+00  0.0000E+00  0.0000E+00  0.0000E+00  0.0000E+00  0.0000E+00       0
   126.-  128.         0  0.0000E+00         0    0.0000E+00  0.0000E+00  0.0000E+00  0.0000E+00  0.0000E+00  0.0000E+00       0
   128.-  130.         0  0.0000E+00         0    0.0000E+00  0.0000E+00  0.0000E+00  0.0000E+00  0.0000E+00  0.0000E+00       0
   130.-  132.         0  0.0000E+00         0    0.0000E+00  0.0000E+00  0.0000E+00  0.0000E+00  0.0000E+00  0.0000E+00       0
   132.-  134.         0  0.0000E+00         0    0.0000E+00  0.0000E+00  0.0000E+00  0.0000E+00  0.0000E+00  0.0000E+00       0
   134.-  136.         0  0.0000E+00         0    0.0000E+00  0.0000E+00  0.0000E+00  0.0000E+00  0.0000E+00  0.0000E+00       0
   136.-  138.         0  0.0000E+00         0    0.0000E+00  0.0000E+00  0.0000E+00  0.0000E+00  0.0000E+00  0.0000E+00       0
   138.-  140.         0  0.0000E+00         0    0.0000E+00  0.0000E+00  0.0000E+00  0.0000E+00  0.0000E+00  0.0000E+00       0
   140.-  142.         0  0.0000E+00         0    0.0000E+00  0.0000E+00  0.0000E+00  0.0000E+00  0.0000E+00  0.0000E+00       0
   142.-  144.         0  0.0000E+00         0    0.0000E+00  0.0000E+00  0.0000E+00  0.0000E+00  0.0000E+00  0.0000E+00       0
   144.-  146.         0  0.0000E+00         0    0.0000E+00  0.0000E+00  0.0000E+00  0.0000E+00  0.0000E+00  0.0000E+00       0
   146.-  148.         0  0.0000E+00         0    0.0000E+00  0.0000E+00  0.0000E+00  0.0000E+00  0.0000E+00  0.0000E+00       0
   148.-  150.         0  0.0000E+00         0    0.0000E+00  0.0000E+00  0.0000E+00  0.0000E+00  0.0000E+00  0.0000E+00       0
   150.-  152.         0  0.0000E+00         0    0.0000E+00  0.0000E+00  0.0000E+00  0.0000E+00  0.0000E+00  0.0000E+00       0
   152.-  154.         0  0.0000E+00         0    0.0000E+00  0.0000E+00  0.0000E+00  0.0000E+00  0.0000E+00  0.0000E+00       0
   154.-  156.         0  0.0000E+00         0    0.0000E+00  0.0000E+00  0.0000E+00  0.0000E+00  0.0000E+00  0.0000E+00       0
   156.-  158.         0  0.0000E+00         0    0.0000E+00  0.0000E+00  0.0000E+00  0.0000E+00  0.0000E+00  0.0000E+00       0
   158.-  160.         0  0.0000E+00         0    0.0000E+00  0.0000E+00  0.0000E+00  0.0000E+00  0.0000E+00  0.0000E+00       0
   160.-  162.         0  0.0000E+00         0    0.0000E+00  0.0000E+00  0.0000E+00  0.0000E+00  0.0000E+00  0.0000E+00       0
   162.-  164.         0  0.0000E+00         0    0.0000E+00  0.0000E+00  0.0000E+00  0.0000E+00  0.0000E+00  0.0000E+00       0
   164.-  166.         0  0.0000E+00         0    0.0000E+00  0.0000E+00  0.0000E+00  0.0000E+00  0.0000E+00  0.0000E+00       0
   166.-  168.         0  0.0000E+00         0    0.0000E+00  0.0000E+00  0.0000E+00  0.0000E+00  0.0000E+00  0.0000E+00       0
   168.-  170.         0  0.0000E+00         0    0.0000E+00  0.0000E+00  0.0000E+00  0.0000E+00  0.0000E+00  0.0000E+00       0
   170.-  172.         0  0.0000E+00         0    0.0000E+00  0.0000E+00  0.0000E+00  0.0000E+00  0.0000E+00  0.0000E+00       0
   172.-  174.         0  0.0000E+00         0    0.0000E+00  0.0000E+00  0.0000E+00  0.0000E+00  0.0000E+00  0.0000E+00       0
   174.-  176.         0  0.0000E+00         0    0.0000E+00  0.0000E+00  0.0000E+00  0.0000E+00  0.0000E+00  0.0000E+00       0
   176.-  178.         0  0.0000E+00         0    0.0000E+00  0.0000E+00  0.0000E+00  0.0000E+00  0.0000E+00  0.0000E+00       0
   178.-  180.         0  0.0000E+00         0    0.0000E+00  0.0000E+00  0.0000E+00  0.0000E+00  0.0000E+00  0.0000E+00       0
   180.-  182.         0  0.0000E+00         0    0.0000E+00  0.0000E+00  0.0000E+00  0.0000E+00  0.0000E+00  0.0000E+00       0
   182.-  184.         0  0.0000E+00         0    0.0000E+00  0.0000E+00  0.0000E+00  0.0000E+00  0.0000E+00  0.0000E+00       0
   184.-  186.         0  0.0000E+00         0    0.0000E+00  0.0000E+00  0.0000E+00  0.0000E+00  0.0000E+00  0.0000E+00       0
   186.-  188.         0  0.0000E+00         0    0.0000E+00  0.0000E+00  0.0000E+00  0.0000E+00  0.0000E+00  0.0000E+00       0
   188.-  190.         0  0.0000E+00         0    0.0000E+00  0.0000E+00  0.0000E+00  0.0000E+00  0.0000E+00  0.0000E+00       0
   190.-  192.         0  0.0000E+00         0    0.0000E+00  0.0000E+00  0.0000E+00  0.0000E+00  0.0000E+00  0.0000E+00       0
   192.-  194.         0  0.0000E+00         0    0.0000E+00  0.0000E+00  0.0000E+00  0.0000E+00  0.0000E+00  0.0000E+00       0
   194.-  196.         0  0.0000E+00         0    0.0000E+00  0.0000E+00  0.0000E+00  0.0000E+00  0.0000E+00  0.0000E+00       0
   196.-  198.         0  0.0000E+00         0    0.0000E+00  0.0000E+00  0.0000E+00  0.0000E+00  0.0000E+00  0.0000E+00       0
   198.-  200.         0  0.0000E+00         0    0.0000E+00  0.0000E+00  0.0000E+00  0.0000E+00  0.0000E+00  0.0000E+00       0
   200.-   SUT         0  0.0000E+00

                 9999998  1.0000E+00   9999998    1.9290E+07  5.4819E+08  3.8434E+08  6.0206E+07  3.2414E+08  5.3320E+07 1716923
1
     RECOILS



     DEPTH(A)     INLOSS(EV)   TELOSS(EV)   ELLOSS(EV)   DAMAGE(EV)   PHONON(EV)     DPA  DPA(1)  DPA(2)

     0.-    2.    1.9432E+06   4.6676E+07   3.4253E+07   6.7034E+04   3.4186E+07    2108    2108       0
     2.-    4.    7.7335E+06   1.8311E+08   1.3789E+08   2.9050E+06   1.3499E+08   87324   87324       0
     4.-    6.    7.6393E+06   1.8721E+08   1.3664E+08   2.1920E+05   1.3642E+08    6664    6664       0
     6.-    8.    3.8424E+06   9.9794E+07   7.0859E+07   6.7575E+03   7.0852E+07     209     209       0
     8.-   10.    1.0575E+06   2.8967E+07   2.0263E+07   1.2833E+02   2.0263E+07       4       4       0
    10.-   12.    2.1090E+05   6.0191E+06   4.1789E+06   3.3265E+01   4.1789E+06       1       1       0
    12.-   14.    3.4799E+04   1.0206E+06   7.0698E+05   0.0000E+00   7.0698E+05       0       0       0
    14.-   16.    5.0082E+03   1.4931E+05   1.0305E+05   0.0000E+00   1.0305E+05       0       0       0
    16.-   18.    6.4240E+02   1.9338E+04   1.3338E+04   0.0000E+00   1.3338E+04       0       0       0
    18.-   20.    7.1326E+01   2.1815E+03   1.5267E+03   0.0000E+00   1.5267E+03       0       0       0
    20.-   22.    8.7081E+00   2.6391E+02   1.8503E+02   0.0000E+00   1.8503E+02       0       0       0
    22.-   24.    1.2114E+00   2.8407E+01   1.6424E+01   0.0000E+00   1.6424E+01       0       0       0
    24.-   26.    0.0000E+00   0.0000E+00   0.0000E+00   0.0000E+00   0.0000E+00       0       0       0
    26.-   28.    0.0000E+00   0.0000E+00   0.0000E+00   0.0000E+00   0.0000E+00       0       0       0
    28.-   30.    0.0000E+00   0.0000E+00   0.0000E+00   0.0000E+00   0.0000E+00       0       0       0
    30.-   32.    0.0000E+00   0.0000E+00   0.0000E+00   0.0000E+00   0.0000E+00       0       0       0
    32.-   34.    0.0000E+00   0.0000E+00   0.0000E+00   0.0000E+00   0.0000E+00       0       0       0
    34.-   36.    0.0000E+00   0.0000E+00   0.0000E+00   0.0000E+00   0.0000E+00       0       0       0
    36.-   38.    0.0000E+00   0.0000E+00   0.0000E+00   0.0000E+00   0.0000E+00       0       0       0
    38.-   40.    0.0000E+00   0.0000E+00   0.0000E+00   0.0000E+00   0.0000E+00       0       0       0
    40.-   42.    0.0000E+00   0.0000E+00   0.0000E+00   0.0000E+00   0.0000E+00       0       0       0
    42.-   44.    0.0000E+00   0.0000E+00   0.0000E+00   0.0000E+00   0.0000E+00       0       0       0
    44.-   46.    0.0000E+00   0.0000E+00   0.0000E+00   0.0000E+00   0.0000E+00       0       0       0
    46.-   48.    0.0000E+00   0.0000E+00   0.0000E+00   0.0000E+00   0.0000E+00       0       0       0
    48.-   50.    0.0000E+00   0.0000E+00   0.0000E+00   0.0000E+00   0.0000E+00       0       0       0
    50.-   52.    0.0000E+00   0.0000E+00   0.0000E+00   0.0000E+00   0.0000E+00       0       0       0
    52.-   54.    0.0000E+00   0.0000E+00   0.0000E+00   0.0000E+00   0.0000E+00       0       0       0
    54.-   56.    0.0000E+00   0.0000E+00   0.0000E+00   0.0000E+00   0.0000E+00       0       0       0
    56.-   58.    0.0000E+00   0.0000E+00   0.0000E+00   0.0000E+00   0.0000E+00       0       0       0
    58.-   60.    0.0000E+00   0.0000E+00   0.0000E+00   0.0000E+00   0.0000E+00       0       0       0
    60.-   62.    0.0000E+00   0.0000E+00   0.0000E+00   0.0000E+00   0.0000E+00       0       0       0
    62.-   64.    0.0000E+00   0.0000E+00   0.0000E+00   0.0000E+00   0.0000E+00       0       0       0
    64.-   66.    0.0000E+00   0.0000E+00   0.0000E+00   0.0000E+00   0.0000E+00       0       0       0
    66.-   68.    0.0000E+00   0.0000E+00   0.0000E+00   0.0000E+00   0.0000E+00       0       0       0
    68.-   70.    0.0000E+00   0.0000E+00   0.0000E+00   0.0000E+00   0.0000E+00       0       0       0
    70.-   72.    0.0000E+00   0.0000E+00   0.0000E+00   0.0000E+00   0.0000E+00       0       0       0
    72.-   74.    0.0000E+00   0.0000E+00   0.0000E+00   0.0000E+00   0.0000E+00       0       0       0
    74.-   76.    0.0000E+00   0.0000E+00   0.0000E+00   0.0000E+00   0.0000E+00       0       0       0
    76.-   78.    0.0000E+00   0.0000E+00   0.0000E+00   0.0000E+00   0.0000E+00       0       0       0
    78.-   80.    0.0000E+00   0.0000E+00   0.0000E+00   0.0000E+00   0.0000E+00       0       0       0
    80.-   82.    0.0000E+00   0.0000E+00   0.0000E+00   0.0000E+00   0.0000E+00       0       0       0
    82.-   84.    0.0000E+00   0.0000E+00   0.0000E+00   0.0000E+00   0.0000E+00       0       0       0
    84.-   86.    0.0000E+00   0.0000E+00   0.0000E+00   0.0000E+00   0.0000E+00       0       0       0
    86.-   88.    0.0000E+00   0.0000E+00   0.0000E+00   0.0000E+00   0.0000E+00       0       0       0
    88.-   90.    0.0000E+00   0.0000E+00   0.0000E+00   0.0000E+00   0.0000E+00       0       0       0
    90.-   92.    0.0000E+00   0.0000E+00   0.0000E+00   0.0000E+00   0.0000E+00       0       0       0
    92.-   94.    0.0000E+00   0.0000E+00   0.0000E+00   0.0000E+00   0.0000E+00       0       0       0
    94.-   96.    0.0000E+00   0.0000E+00   0.0000E+00   0.0000E+00   0.0000E+00       0       0       0
    96.-   98.    0.0000E+00   0.0000E+00   0.0000E+00   0.0000E+00   0.0000E+00       0       0       0
    98.-  100.    0.0000E+00   0.0000E+00   0.0000E+00   0.0000E+00   0.0000E+00       0       0       0
   100.-  102.    0.0000E+00   0.0000E+00   0.0000E+00   0.0000E+00   0.0000E+00       0       0       0
   102.-  104.    0.0000E+00   0.0000E+00   0.0000E+00   0.0000E+00   0.0000E+00       0       0       0
   104.-  106.    0.0000E+00   0.0000E+00   0.0000E+00   0.0000E+00   0.0000E+00       0       0       0
   106.-  108.    0.0000E+00   0.0000E+00   0.0000E+00   0.0000E+00   0.0000E+00       0       0       0
   108.-  110.    0.0000E+00   0.0000E+00   0.0000E+00   0.0000E+00   0.0000E+00       0       0       0
   110.-  112.    0.0000E+00   0.0000E+00   0.0000E+00   0.0000E+00   0.0000E+00       0       0       0
   112.-  114.    0.0000E+00   0.0000E+00   0.0000E+00   0.0000E+00   0.0000E+00       0       0       0
   114.-  116.    0.0000E+00   0.0000E+00   0.0000E+00   0.0000E+00   0.0000E+00       0       0       0
   116.-  118.    0.0000E+00   0.0000E+00   0.0000E+00   0.0000E+00   0.0000E+00       0       0       0
   118.-  120.    0.0000E+00   0.0000E+00   0.0000E+00   0.0000E+00   0.0000E+00       0       0       0
   120.-  122.    0.0000E+00   0.0000E+00   0.0000E+00   0.0000E+00   0.0000E+00       0       0       0
   122.-  124.    0.0000E+00   0.0000E+00   0.0000E+00   0.0000E+00   0.0000E+00       0       0       0
   124.-  126.    0.0000E+00   0.0000E+00   0.0000E+00   0.0000E+00   0.0000E+00       0       0       0
   126.-  128.    0.0000E+00   0.0000E+00   0.0000E+00   0.0000E+00   0.0000E+00       0       0       0
   128.-  130.    0.0000E+00   0.0000E+00   0.0000E+00   0.0000E+00   0.0000E+00       0       0       0
   130.-  132.    0.0000E+00   0.0000E+00   0.0000E+00   0.0000E+00   0.0000E+00       0       0       0
   132.-  134.    0.0000E+00   0.0000E+00   0.0000E+00   0.0000E+00   0.0000E+00       0       0       0
   134.-  136.    0.0000E+00   0.0000E+00   0.0000E+00   0.0000E+00   0.0000E+00       0       0       0
   136.-  138.    0.0000E+00   0.0000E+00   0.0000E+00   0.0000E+00   0.0000E+00       0       0       0
   138.-  140.    0.0000E+00   0.0000E+00   0.0000E+00   0.0000E+00   0.0000E+00       0       0       0
   140.-  142.    0.0000E+00   0.0000E+00   0.0000E+00   0.0000E+00   0.0000E+00       0       0       0
   142.-  144.    0.0000E+00   0.0000E+00   0.0000E+00   0.0000E+00   0.0000E+00       0       0       0
   144.-  146.    0.0000E+00   0.0000E+00   0.0000E+00   0.0000E+00   0.0000E+00       0       0       0
   146.-  148.    0.0000E+00   0.0000E+00   0.0000E+00   0.0000E+00   0.0000E+00       0       0       0
   148.-  150.    0.0000E+00   0.0000E+00   0.0000E+00   0.0000E+00   0.0000E+00       0       0       0
   150.-  152.    0.0000E+00   0.0000E+00   0.0000E+00   0.0000E+00   0.0000E+00       0       0       0
   152.-  154.    0.0000E+00   0.0000E+00   0.0000E+00   0.0000E+00   0.0000E+00       0       0       0
   154.-  156.    0.0000E+00   0.0000E+00   0.0000E+00   0.0000E+00   0.0000E+00       0       0       0
   156.-  158.    0.0000E+00   0.0000E+00   0.0000E+00   0.0000E+00   0.0000E+00       0       0       0
   158.-  160.    0.0000E+00   0.0000E+00   0.0000E+00   0.0000E+00   0.0000E+00       0       0       0
   160.-  162.    0.0000E+00   0.0000E+00   0.0000E+00   0.0000E+00   0.0000E+00       0       0       0
   162.-  164.    0.0000E+00   0.0000E+00   0.0000E+00   0.0000E+00   0.0000E+00       0       0       0
   164.-  166.    0.0000E+00   0.0000E+00   0.0000E+00   0.0000E+00   0.0000E+00       0       0       0
   166.-  168.    0.0000E+00   0.0000E+00   0.0000E+00   0.0000E+00   0.0000E+00       0       0       0
   168.-  170.    0.0000E+00   0.0000E+00   0.0000E+00   0.0000E+00   0.0000E+00       0       0       0
   170.-  172.    0.0000E+00   0.0000E+00   0.0000E+00   0.0000E+00   0.0000E+00       0       0       0
   172.-  174.    0.0000E+00   0.0000E+00   0.0000E+00   0.0000E+00   0.0000E+00       0       0       0
   174.-  176.    0.0000E+00   0.0000E+00   0.0000E+00   0.0000E+00   0.0000E+00       0       0       0
   176.-  178.    0.0000E+00   0.0000E+00   0.0000E+00   0.0000E+00   0.0000E+00       0       0       0
   178.-  180.    0.0000E+00   0.0000E+00   0.0000E+00   0.0000E+00   0.0000E+00       0       0       0
   180.-  182.    0.0000E+00   0.0000E+00   0.0000E+00   0.0000E+00   0.0000E+00       0       0       0
   182.-  184.    0.0000E+00   0.0000E+00   0.0000E+00   0.0000E+00   0.0000E+00       0       0       0
   184.-  186.    0.0000E+00   0.0000E+00   0.0000E+00   0.0000E+00   0.0000E+00       0       0       0
   186.-  188.    0.0000E+00   0.0000E+00   0.0000E+00   0.0000E+00   0.0000E+00       0       0       0
   188.-  190.    0.0000E+00   0.0000E+00   0.0000E+00   0.0000E+00   0.0000E+00       0       0       0
   190.-  192.    0.0000E+00   0.0000E+00   0.0000E+00   0.0000E+00   0.0000E+00       0       0       0
   192.-  194.    0.0000E+00   0.0000E+00   0.0000E+00   0.0000E+00   0.0000E+00       0       0       0
   194.-  196.    0.0000E+00   0.0000E+00   0.0000E+00   0.0000E+00   0.0000E+00       0       0       0
   196.-  198.    0.0000E+00   0.0000E+00   0.0000E+00   0.0000E+00   0.0000E+00       0       0       0
   198.-  200.    0.0000E+00   0.0000E+00   0.0000E+00   0.0000E+00   0.0000E+00       0       0       0

                  2.2467E+07   5.5296E+08   4.0491E+08   3.1981E+06   4.0171E+08   96310   96310       0
1

     BACKSCATTERING OF PROJECTILES


     PART.REFL.COEF.= 1.0000E-07  ENERGY REFL.COEF.= 1.3296E-10  REL.MEAN ENERGY = 1.3296E-03  MEAN ENERGY = 7.5455E-02

                       MEAN        VARIANCE      SKEWNESS      KURTOSIS        SIGMA       ERROR 1.M     ERROR 2.M     ERROR 3.M 
       ENERGY       0.0000E+00    0.0000E+00    0.0000E+00    0.0000E+00    0.0000E+00    0.0000E+00    0.0000E+00    0.0000E+00
   PATHLENGTH       0.0000E+00    0.0000E+00    0.0000E+00    0.0000E+00    0.0000E+00    0.0000E+00    0.0000E+00    0.0000E+00
 ELASTIC LOSS       0.0000E+00    0.0000E+00                                0.0000E+00    0.0000E+00
   INEL. LOSS       0.0000E+00    0.0000E+00                                0.0000E+00    0.0000E+00

                     1.MOMENT      2.MOMENT      3.MOMENT      4.MOMENT      5.MOMENT      6.MOMENT 
       ENERGY       7.5455E-02    5.6935E-03    4.2961E-04    3.2416E-05    2.4460E-06    1.8456E-07
    LOGENERGY       0.0000E+00    0.0000E+00    0.0000E+00    0.0000E+00    0.0000E+00    0.0000E+00
   PATHLENGTH       6.0704E+00    3.6849E+01    2.2369E+02    1.3579E+03    8.2428E+03    5.0037E+04


     POLAR ANGULAR DISTRIBUTION OF BACKSCATTERED PROJECTILES


       0.05  0.10  0.15  0.20  0.25  0.30  0.35  0.40  0.45  0.50  0.55  0.60  0.65  0.70  0.75  0.80  0.85  0.90  0.95  1.00

          0     0     0     0     0     0     0     0     0     0     0     0     0     0     1     0     0     0     0     0
      0.000 0.000 0.000 0.000 0.000 0.000 0.000 0.000 0.000 0.000 0.000 0.000 0.000 0.00020.000 0.000 0.000 0.000 0.000 0.000
1     BACKWARD SPUTTERING



        ALL SPUTTERED PARTICLES =      57   TOTAL SPUTTERED ENERGY = 0.8519E+02 EV


        SPUTTERED PARTICLES (1.LAYER) =      57   SPUTTERED ENERGY = 0.8519E+02 EV


 1.LAYER
         SPUTTERED PARTICLES(1) =      57     SPUTTERED ENERGY(1) = 0.8519E+02 EV

         ION IN , PRIMARY KO(1) =       3   0.0526   0.0526    ENERGY = 0.4632E+01 EV   0.0544   0.0544    MEAN ENERGY = 0.1544E+01
         ION IN , SECOND. KO(1) =      54   0.9474   0.9474    ENERGY = 0.8056E+02 EV   0.9456   0.9456    MEAN ENERGY = 0.1492E+01
        ION OUT , PRIMARY KO(1) =       0   0.0000   0.0000    ENERGY = 0.0000E+00 EV   0.0000   0.0000    MEAN ENERGY = 0.0000E+00
        ION OUT , SECOND. KO(1) =       0   0.0000   0.0000    ENERGY = 0.0000E+00 EV   0.0000   0.0000    MEAN ENERGY = 0.0000E+00


     SPUTTERING YIELD(1) =  5.700E-06  SPUTTERED ENERGY(1) =  1.501E-07  REL.MEAN ENERGY(1) =  2.634E-02  MEAN ENERGY(1) =  1.495E+00

                       MEAN        VARIANCE      SKEWNESS      KURTOSIS        SIGMA       ERROR 1.M     ERROR 2.M     ERROR 3.M 
    ENERGY(1)       1.4946E+00    9.1950E-01    9.2706E-01    3.6835E+00    9.5891E-01    1.2701E-01    1.9951E-01    2.4442E-01
 LOGENERGY(1)       7.1583E-02    1.0324E-01   -5.0669E-01    2.4900E+00    3.2132E-01    4.2559E-02    1.6692E-02    2.0591E-01

                     1.MOMENT      2.MOMENT      3.MOMENT      4.MOMENT      5.MOMENT      6.MOMENT 
    ENERGY(1)       1.4946E+00    3.1534E+00    8.2791E+00    2.5316E+01    8.6248E+01    3.1663E+02
 LOGENERGY(1)       7.1583E-02    1.0837E-01    5.7294E-03    2.4929E-02    8.5619E-05    7.6253E-03



     POLAR ANGULAR DISTRIBUTION OF ALL BACKWARD SPUTTERED PARTICLES


       0.05  0.10  0.15  0.20  0.25  0.30  0.35  0.40  0.45  0.50  0.55  0.60  0.65  0.70  0.75  0.80  0.85  0.90  0.95  1.00

          0     1     0     1     2     4     2     3     3     2     6     2     3     1     6     2     4     9     4     2
      0.000 0.351 0.000 0.351 0.702 1.404 0.702 1.053 1.053 0.702 2.105 0.702 1.053 0.351 2.105 0.702 1.404 3.158 1.404 0.702
