1
      *** PROGRAM TRVMC95 ***


                              * INPUT DATA *


       Z1        M1          E0       ALPHA       EF        ESB      SHEATH     ERC
     18.00     39.95      3567.00      0.00      0.10      0.00  10701.00      4.70

       NH        RI           X0        RD        CW        CA       KK0   KK0R   KDEE1  KDEE2  IPOT   IPOTR   IRL
     99999 716381.00         0.00    100.00      2.00      1.00       2      2      3      3      1      1      3


             DX      RHO    CK  Z(,1) Z(,2) Z(,3) Z(,4) Z(,5)  M(,1)  M(,2)  M(,3)  M(,4)  M(,5) C(,1) C(,2) C(,3) C(,4) C(,5)

 1.LAYER 10000.00   2.25   1.00    6.    0.    0.    0.    0.  12.01   0.00   0.00   0.00   0.00 1.000 0.000 0.000 0.000 0.000


                           ***  SBE(LAYER,ELEMENT)  ***     ***     ED(LAYER,ELEMENT)     ***     ***   BE(LAYER,ELEMENT)  ***

 1.LAYER                   7.41  0.00  0.00  0.00  0.00     30.00   0.00   0.00   0.00   0.00     0.10  0.00  0.00  0.00  0.00


       INTERACTION POTENTIAL : PROJECTILE-TARGET : KR-C POTENTIAL     TARGET-TARGET : KR-C POTENTIAL    


       INELASTIC LOSS MODEL  : PROJECTILE-TARGET : 50% LS 50% OR      TARGET-TARGET : 50% LS 50% OR     
1

                              * OUTPUT DATA *


                 HLM       HLMT        SU       SUT        XC        RT       SFE      INEL         L        LJ
               0.0000 10000.000    3.5029 10003.503   -3.5029  9900.000      7.41         0         1         1


                NPROJ       KIB       KIT      MAXA      NALL       NPA       NSA       KIS      KIST
                55051         0         0       303  65567882   2986897  36760027    101547         0


            EPS0(I)       Z2(I)       M2(I)     ARHO(I)       LM(I)     PMAX(I)     ASIG(I)       SB(I)       XX(I)        NJ(I)

 1.LAYER   0.6995E-01  0.6000E+01  0.1201E+02  0.1128E+00  0.2070E+01  0.1168E+01  0.2335E+00  0.7410E+01  0.1000E+05         1


             A1(1)   A1(2)   A1(3)   A1(4)   A1(5)   A1(6)   A1(7)   A1(8)   A1(9)  A1(10)  A1(11)  A1(12)  A1(13)  A1(14)  A1(15)

           0.13193


           KOR1(1) KOR1(2) KOR1(3) KOR1(4) KOR1(5) KOR1(6) KOR1(7) KOR1(8) KOR1(9) KOR1(A) KOR1(B) KOR1(C) KOR1(D) KOR1(E) KOR1(F)

           0.73577


            A(I,1)  A(I,2)  A(I,3)  A(I,4)  A(I,5)  A(I,6)  A(I,7)  A(I,8)  A(I,9) A(I,10) A(I,11) A(I,12) A(I,13) A(I,14) A(I,15)

           0.16242


           KOR(,1) KOR(,2) KOR(,3) KOR(,4) KOR(,5) KOR(,6) KOR(,7) KOR(,8) KOR(,9) KOR(,A) KOR(,B) KOR(,C) KOR(,D) KOR(,E) KOR(,F)

           0.46963
1

         IMPLANTED PARTICLES=  99999     ENERGY=0.3567E+09 EV
     BACKSCATTERED PARTICLES=      0     ENERGY=0.0000E+00 EV
       TRANSMITTED PARTICLES=      0     ENERGY=0.0000E+00 EV
     BACKSPUTTERED PARTICLES=  59800     ENERGY=0.1797E+07 EV
    TRANSM. SPUTT. PARTICLES=      0     ENERGY=0.0000E+00 EV


  PROJECTILES :   MEAN NUMBER OF ELASTIC COLLISIONS =     33.5   MEAN NUMBER OF EL.COLL.(E > EDISPL.) =   14.645
                                                                 MEAN NUMBER OF EL.COLL.(E > SB(1))   =   27.088

                       MEAN        VARIANCE      SKEWNESS      KURTOSIS        SIGMA       ERROR 1.M     ERROR 2.M     ERROR 3.M 
  PENETRATION       5.8316E+01    3.3322E+02    4.3149E-01    3.0600E+00    1.8254E+01    5.7725E-02    1.5124E+00    7.6612E-03
       SPREAD       1.8949E+01    1.1071E+02    8.1144E-01    3.7038E+00    1.0522E+01    3.3273E-02    5.7567E-01    9.2470E-03
   PATHLENGTH       6.7440E+01    3.7406E+02    3.7608E-01    2.9795E+00    1.9341E+01    6.1161E-02    1.6643E+00    7.2939E-03
 ELASTIC LOSS       3.3212E+03    7.2573E+03                                8.5190E+01    8.5190E-04
   INEL. LOSS       2.4578E+02    7.2573E+03                                8.5190E+01    8.5190E-04

                       MEAN        VARIANCE      SKEWNESS      KURTOSIS        SIGMA       ERROR 1.M     ERROR 2.M     ERROR 3.M 
   ELAST.LOSS       9.6588E+01    4.7265E+04    4.8569E+00    3.3049E+01    2.1741E+02    1.1875E-01    1.4616E+02    7.2755E-03
 WEAK EL.LOSS       2.5009E+00    5.7851E+00    1.5239E+00    4.9408E+00    2.4052E+00    1.3138E-03    6.2729E-03    1.3824E-03
 INELAST.LOSS       7.3330E+00    1.8520E+01    4.1372E-02    2.0972E+00    4.3035E+00    2.3507E-03    1.0597E-02    8.6140E-04
  SUBTHR.LOSS       1.2115E+01    5.7363E+01    5.5708E-01    2.3241E+00    7.5739E+00    5.5133E-03    4.8049E-02    1.1084E-03

                     1.MOMENT      2.MOMENT      3.MOMENT      4.MOMENT      5.MOMENT      6.MOMENT 
  PENETRATION       5.8316E+01    3.7339E+03    2.5923E+05    1.9316E+07    1.5318E+09    1.2843E+11



  RECOILES (PER PROJ.)   :   MEAN NUMBER OF ELASTIC COLLISIONS =    649.0   MEAN NUMBER OF EL.COLL.(E > EDISPL.) =     33.534
                                                                            MEAN NUMBER OF EL.COLL.(E > SB(1))   =    203.202

  RECOILES (PER KNOCKON) :   MEAN NUMBER OF ELASTIC COLLISIONS =    1.633   MEAN NUMBER OF EL.COLL.(E > EDISPL.) =      0.084
                                                                            MEAN NUMBER OF EL.COLL.(E > SB(1))   =      0.511

1


     DEPTH(A)  PARTICLES  NORM.DEPTH PATHLENGTH   INLOSS(EV)  TELOSS(EV)  ELLOSS(EV)  DAMAGE(EV)  PHONON(EV)  CASCAD(EV)     DPA

    -SU-    0.         0  0.0000E+00
     0.-    2.         0  0.0000E+00         0    1.2371E+06  1.3860E+07  1.3786E+07  1.3244E+07  5.4213E+05  1.0876E+07   39104
     2.-    4.         0  0.0000E+00         0    1.2322E+06  1.3611E+07  1.3533E+07  1.2984E+07  5.4849E+05  1.0678E+07   39578
     4.-    6.         0  0.0000E+00         0    1.2070E+06  1.3721E+07  1.3638E+07  1.3080E+07  5.5755E+05  1.0764E+07   40425
     6.-    8.         0  0.0000E+00         0    1.1798E+06  1.3687E+07  1.3596E+07  1.3035E+07  5.6093E+05  1.0739E+07   41302
     8.-   10.         1  0.1000E-04         0    1.1535E+06  1.3546E+07  1.3448E+07  1.2876E+07  5.7295E+05  1.0623E+07   42393
    10.-   12.         8  0.8000E-04         0    1.1216E+06  1.3297E+07  1.3192E+07  1.2613E+07  5.7891E+05  1.0426E+07   43336
    12.-   14.        20  0.2000E-03         0    1.0949E+06  1.3191E+07  1.3075E+07  1.2479E+07  5.9599E+05  1.0328E+07   44304
    14.-   16.        43  0.4300E-03         2    1.0625E+06  1.3010E+07  1.2883E+07  1.2273E+07  6.0939E+05  1.0174E+07   45163
    16.-   18.       101  0.1010E-02         4    1.0310E+06  1.2846E+07  1.2705E+07  1.2081E+07  6.2395E+05  1.0027E+07   46194
    18.-   20.       209  0.2090E-02        23    9.9909E+05  1.2748E+07  1.2594E+07  1.1957E+07  6.3678E+05  9.9371E+06   47435
    20.-   22.       349  0.3490E-02        56    9.6583E+05  1.2533E+07  1.2361E+07  1.1713E+07  6.4823E+05  9.7491E+06   48639
    22.-   24.       531  0.5310E-02       120    9.2919E+05  1.2191E+07  1.2003E+07  1.1333E+07  6.6960E+05  9.4491E+06   49210
    24.-   26.       742  0.7420E-02       211    8.9205E+05  1.2023E+07  1.1816E+07  1.1133E+07  6.8355E+05  9.2927E+06   49973
    26.-   28.      1015  0.1015E-01       313    8.5612E+05  1.1737E+07  1.1513E+07  1.0816E+07  6.9768E+05  9.0408E+06   50585
    28.-   30.      1353  0.1353E-01       496    8.1523E+05  1.1349E+07  1.1107E+07  1.0392E+07  7.1548E+05  8.6975E+06   50628
    30.-   32.      1666  0.1666E-01       634    7.7517E+05  1.0957E+07  1.0700E+07  9.9848E+06  7.1547E+05  8.3697E+06   50832
    32.-   34.      1917  0.1917E-01       854    7.3497E+05  1.0566E+07  1.0293E+07  9.5593E+06  7.3363E+05  8.0232E+06   50197
    34.-   36.      2348  0.2348E-01      1203    6.9166E+05  1.0107E+07  9.8223E+06  9.0875E+06  7.3479E+05  7.6364E+06   49533
    36.-   38.      2671  0.2671E-01      1416    6.5026E+05  9.6491E+06  9.3529E+06  8.6124E+06  7.4053E+05  7.2470E+06   48756
    38.-   40.      3073  0.3073E-01      1767    6.0821E+05  9.1048E+06  8.8003E+06  8.0640E+06  7.3626E+05  6.7945E+06   47548
    40.-   42.      3310  0.3310E-01      2063    5.6404E+05  8.5737E+06  8.2657E+06  7.5405E+06  7.2526E+05  6.3621E+06   46002
    42.-   44.      3675  0.3675E-01      2178    5.2289E+05  8.0290E+06  7.7189E+06  7.0111E+06  7.0778E+05  5.9230E+06   44250
    44.-   46.      3867  0.3867E-01      2443    4.8211E+05  7.5636E+06  7.2529E+06  6.5599E+06  6.9300E+05  5.5439E+06   42093
    46.-   48.      4040  0.4040E-01      2705    4.4301E+05  7.0994E+06  6.7924E+06  6.1237E+06  6.6863E+05  5.1799E+06   40275
    48.-   50.      4251  0.4251E-01      2879    4.0280E+05  6.4495E+06  6.1499E+06  5.5054E+06  6.4448E+05  4.6644E+06   37799
    50.-   52.      4307  0.4307E-01      3177    3.6605E+05  5.9723E+06  5.6799E+06  5.0650E+06  6.1486E+05  4.2928E+06   35456
    52.-   54.      4322  0.4322E-01      3436    3.3040E+05  5.4541E+06  5.1727E+06  4.5913E+06  5.8140E+05  3.8959E+06   33054
    54.-   56.      4270  0.4270E-01      3658    2.9692E+05  4.9517E+06  4.6818E+06  4.1326E+06  5.4926E+05  3.5096E+06   30580
    56.-   58.      4240  0.4240E-01      3849    2.6621E+05  4.4622E+06  4.2055E+06  3.6848E+06  5.2074E+05  3.1330E+06   27985
    58.-   60.      4195  0.4195E-01      3928    2.3577E+05  3.9925E+06  3.7522E+06  3.2724E+06  4.7981E+05  2.7848E+06   25456
    60.-   62.      4062  0.4062E-01      3949    2.0845E+05  3.6344E+06  3.4092E+06  2.9650E+06  4.4411E+05  2.5232E+06   23296
    62.-   64.      3858  0.3858E-01      3997    1.8337E+05  3.2036E+06  2.9952E+06  2.5863E+06  4.0884E+05  2.2029E+06   20802
    64.-   66.      3755  0.3755E-01      3687    1.6023E+05  2.8242E+06  2.6318E+06  2.2610E+06  3.7087E+05  1.9279E+06   18665
    66.-   68.      3448  0.3448E-01      3493    1.3903E+05  2.4759E+06  2.3005E+06  1.9668E+06  3.3372E+05  1.6788E+06   16711
    68.-   70.      3226  0.3226E-01      4036    1.2022E+05  2.1430E+06  1.9866E+06  1.6848E+06  3.0175E+05  1.4386E+06   14455
    70.-   72.      2985  0.2985E-01      3943    1.0334E+05  1.8540E+06  1.7111E+06  1.4418E+06  2.6938E+05  1.2327E+06   12888
    72.-   74.      2766  0.2766E-01      3819    8.8119E+04  1.5924E+06  1.4655E+06  1.2281E+06  2.3745E+05  1.0512E+06   11206
    74.-   76.      2566  0.2566E-01      3639    7.5130E+04  1.3842E+06  1.2702E+06  1.0556E+06  2.1466E+05  9.0325E+05    9626
    76.-   78.      2278  0.2278E-01      3504    6.3646E+04  1.1719E+06  1.0727E+06  8.8595E+05  1.8679E+05  7.5903E+05    8313
    78.-   80.      2040  0.2040E-01      3245    5.3351E+04  1.0036E+06  9.1698E+05  7.5694E+05  1.6003E+05  6.4840E+05    7121
    80.-   82.      1763  0.1763E-01      2919    4.4201E+04  8.2665E+05  7.5138E+05  6.1326E+05  1.3811E+05  5.2602E+05    5997
    82.-   84.      1614  0.1614E-01      2750    3.7110E+04  7.0027E+05  6.3395E+05  5.1263E+05  1.2132E+05  4.4015E+05    5156
    84.-   86.      1475  0.1475E-01      2515    3.0775E+04  5.8836E+05  5.3146E+05  4.2723E+05  1.0423E+05  3.6686E+05    4276
    86.-   88.      1265  0.1265E-01      2276    2.5194E+04  4.8764E+05  4.3953E+05  3.5284E+05  8.6691E+04  3.0301E+05    3578
    88.-   90.      1096  0.1096E-01      2108    2.0465E+04  4.0551E+05  3.6516E+05  2.9005E+05  7.5107E+04  2.4872E+05    2864
    90.-   92.       928  0.9280E-02      1829    1.6564E+04  3.1676E+05  2.8246E+05  2.2007E+05  6.2389E+04  1.8933E+05    2344
    92.-   94.       799  0.7990E-02      1601    1.3148E+04  2.5812E+05  2.3032E+05  1.7958E+05  5.0744E+04  1.5453E+05    1894
    94.-   96.       629  0.6290E-02      1500    1.0572E+04  2.1115E+05  1.8827E+05  1.4680E+05  4.1471E+04  1.2629E+05    1573
    96.-   98.       546  0.5460E-02      1211    8.4700E+03  1.6430E+05  1.4525E+05  1.1036E+05  3.4888E+04  9.5146E+04    1251
    98.-  100.       440  0.4400E-02      1107    6.5338E+03  1.3226E+05  1.1687E+05  8.9662E+04  2.7203E+04  7.7203E+04     992
   100.-  102.       395  0.3950E-02       927    5.3474E+03  1.0549E+05  9.2859E+04  7.0128E+04  2.2731E+04  6.0548E+04     827
   102.-  104.       327  0.3270E-02       788    4.0075E+03  8.0341E+04  7.0275E+04  5.1581E+04  1.8694E+04  4.4430E+04     575
   104.-  106.       284  0.2840E-02       651    3.2016E+03  6.7858E+04  5.9878E+04  4.5766E+04  1.4112E+04  3.9300E+04     478
   106.-  108.       187  0.1870E-02       517    2.3844E+03  4.8446E+04  4.2304E+04  3.1240E+04  1.1064E+04  2.6958E+04     369
   108.-  110.       169  0.1690E-02       480    1.9450E+03  3.9607E+04  3.4401E+04  2.5213E+04  9.1878E+03  2.1791E+04     317
   110.-  112.       118  0.1180E-02       392    1.4028E+03  2.8266E+04  2.4357E+04  1.7318E+04  7.0387E+03  1.4969E+04     209
   112.-  114.       100  0.1000E-02       328    1.1292E+03  2.5089E+04  2.1871E+04  1.6297E+04  5.5740E+03  1.4037E+04     177
   114.-  116.        85  0.8500E-03       280    8.1740E+02  1.6140E+04  1.3708E+04  9.1272E+03  4.5803E+03  7.9032E+03     122
   116.-  118.        75  0.7500E-03       230    5.8094E+02  1.2219E+04  1.0463E+04  7.1881E+03  3.2749E+03  6.2173E+03      88
   118.-  120.        45  0.4500E-03       191    4.2535E+02  8.6161E+03  7.3335E+03  4.8497E+03  2.4838E+03  4.2024E+03      64
   120.-  122.        33  0.3300E-03       137    3.3870E+02  6.3554E+03  5.3549E+03  3.6390E+03  1.7159E+03  3.1623E+03      52
   122.-  124.        29  0.2900E-03       125    2.5427E+02  5.1211E+03  4.2826E+03  2.8983E+03  1.3843E+03  2.5153E+03      40
   124.-  126.        24  0.2400E-03        88    1.7111E+02  3.6226E+03  3.0898E+03  2.2123E+03  8.7752E+02  1.9235E+03      31
   126.-  128.        19  0.1900E-03        67    1.3093E+02  2.5661E+03  2.1152E+03  1.3576E+03  7.5757E+02  1.1852E+03      23
   128.-  130.        11  0.1100E-03        60    1.0251E+02  1.9871E+03  1.7053E+03  1.2090E+03  4.9631E+02  1.0476E+03      17
   130.-  132.        11  0.1100E-03        41    6.9719E+01  1.5106E+03  1.3217E+03  9.8341E+02  3.3824E+02  8.4724E+02      10
   132.-  134.         5  0.5000E-04        35    5.3904E+01  1.0658E+03  9.1507E+02  6.7964E+02  2.3543E+02  5.8461E+02       7
   134.-  136.         2  0.2000E-04        37    4.0265E+01  4.4576E+02  3.4444E+02  9.5601E+01  2.4884E+02  8.4150E+01       2
   136.-  138.         6  0.6000E-04        24    4.0278E+01  7.6255E+02  6.3594E+02  4.4860E+02  1.8734E+02  3.9164E+02       7
   138.-  140.         3  0.3000E-04        14    3.4351E+01  7.1906E+02  6.3085E+02  4.6745E+02  1.6340E+02  4.0409E+02       5
   140.-  142.         2  0.2000E-04        11    1.9296E+01  3.0956E+02  2.6465E+02  1.4966E+02  1.1499E+02  1.3022E+02       2
   142.-  144.         0  0.0000E+00        13    1.4924E+01  7.8071E+02  7.4519E+02  6.5573E+02  8.9461E+01  5.4044E+02       1
   144.-  146.         2  0.2000E-04         5    1.1287E+01  2.4186E+02  2.1325E+02  1.4777E+02  6.5478E+01  1.2872E+02       2
   146.-  148.         0  0.0000E+00         3    1.0897E+01  3.8762E+02  3.4996E+02  3.1958E+02  3.0380E+01  2.7800E+02       4
   148.-  150.         0  0.0000E+00         2    5.4199E+00  1.9939E+02  1.6180E+02  1.4685E+02  1.4950E+01  1.2919E+02       3
   150.-  152.         3  0.3000E-04         2    2.0649E+00  5.0727E+01  3.5459E+01  0.0000E+00  3.5459E+01  0.0000E+00       0
   152.-  154.         0  0.0000E+00         1    1.2242E+00  2.8769E+01  1.7202E+01  0.0000E+00  1.7202E+01  0.0000E+00       0
   154.-  156.         1  0.1000E-04         3    1.5846E-02  1.3314E-01  9.4812E-02  0.0000E+00  9.4812E-02  0.0000E+00       0
   156.-  158.         0  0.0000E+00         3    0.0000E+00  0.0000E+00  0.0000E+00  0.0000E+00  0.0000E+00  0.0000E+00       0
   158.-  160.         0  0.0000E+00         1    0.0000E+00  0.0000E+00  0.0000E+00  0.0000E+00  0.0000E+00  0.0000E+00       0
   160.-  162.         0  0.0000E+00         0    0.0000E+00  0.0000E+00  0.0000E+00  0.0000E+00  0.0000E+00  0.0000E+00       0
   162.-  164.         0  0.0000E+00         0    0.0000E+00  0.0000E+00  0.0000E+00  0.0000E+00  0.0000E+00  0.0000E+00       0
   164.-  166.         0  0.0000E+00         0    0.0000E+00  0.0000E+00  0.0000E+00  0.0000E+00  0.0000E+00  0.0000E+00       0
   166.-  168.         0  0.0000E+00         0    0.0000E+00  0.0000E+00  0.0000E+00  0.0000E+00  0.0000E+00  0.0000E+00       0
   168.-  170.         0  0.0000E+00         0    0.0000E+00  0.0000E+00  0.0000E+00  0.0000E+00  0.0000E+00  0.0000E+00       0
   170.-  172.         0  0.0000E+00         0    0.0000E+00  0.0000E+00  0.0000E+00  0.0000E+00  0.0000E+00  0.0000E+00       0
   172.-  174.         0  0.0000E+00         0    0.0000E+00  0.0000E+00  0.0000E+00  0.0000E+00  0.0000E+00  0.0000E+00       0
   174.-  176.         0  0.0000E+00         0    0.0000E+00  0.0000E+00  0.0000E+00  0.0000E+00  0.0000E+00  0.0000E+00       0
   176.-  178.         0  0.0000E+00         0    0.0000E+00  0.0000E+00  0.0000E+00  0.0000E+00  0.0000E+00  0.0000E+00       0
   178.-  180.         0  0.0000E+00         0    0.0000E+00  0.0000E+00  0.0000E+00  0.0000E+00  0.0000E+00  0.0000E+00       0
   180.-  182.         0  0.0000E+00         0    0.0000E+00  0.0000E+00  0.0000E+00  0.0000E+00  0.0000E+00  0.0000E+00       0
   182.-  184.         0  0.0000E+00         0    0.0000E+00  0.0000E+00  0.0000E+00  0.0000E+00  0.0000E+00  0.0000E+00       0
   184.-  186.         0  0.0000E+00         0    0.0000E+00  0.0000E+00  0.0000E+00  0.0000E+00  0.0000E+00  0.0000E+00       0
   186.-  188.         0  0.0000E+00         0    0.0000E+00  0.0000E+00  0.0000E+00  0.0000E+00  0.0000E+00  0.0000E+00       0
   188.-  190.         0  0.0000E+00         0    0.0000E+00  0.0000E+00  0.0000E+00  0.0000E+00  0.0000E+00  0.0000E+00       0
   190.-  192.         0  0.0000E+00         0    0.0000E+00  0.0000E+00  0.0000E+00  0.0000E+00  0.0000E+00  0.0000E+00       0
   192.-  194.         0  0.0000E+00         0    0.0000E+00  0.0000E+00  0.0000E+00  0.0000E+00  0.0000E+00  0.0000E+00       0
   194.-  196.         0  0.0000E+00         0    0.0000E+00  0.0000E+00  0.0000E+00  0.0000E+00  0.0000E+00  0.0000E+00       0
   196.-  198.         0  0.0000E+00         0    0.0000E+00  0.0000E+00  0.0000E+00  0.0000E+00  0.0000E+00  0.0000E+00       0
   198.-  200.         0  0.0000E+00         0    0.0000E+00  0.0000E+00  0.0000E+00  0.0000E+00  0.0000E+00  0.0000E+00       0
   200.-   SUT         0  0.0000E+00

                   99999  1.0000E+00     99999    2.4578E+07  3.3212E+08  3.2374E+08  3.0087E+08  2.2863E+07  2.5131E+08 1464525
1
     RECOILS



     DEPTH(A)     INLOSS(EV)   TELOSS(EV)   ELLOSS(EV)   DAMAGE(EV)   PHONON(EV)     DPA  DPA(1)  DPA(2)

     0.-    2.    3.3993E+05   5.9020E+06   4.7279E+06   1.1937E+06   3.5342E+06   19387   19387       0
     2.-    4.    5.7562E+05   9.0907E+06   7.5872E+06   2.7418E+06   4.8454E+06   37764   37764       0
     4.-    6.    7.8992E+05   1.1897E+07   1.0007E+07   3.8451E+06   6.1619E+06   50207   50207       0
     6.-    8.    9.6981E+05   1.4296E+07   1.2057E+07   4.7486E+06   7.3086E+06   60929   60929       0
     8.-   10.    1.1242E+06   1.6394E+07   1.3854E+07   5.5600E+06   8.2939E+06   70267   70267       0
    10.-   12.    1.2596E+06   1.8194E+07   1.5380E+07   6.1739E+06   9.2065E+06   77051   77051       0
    12.-   14.    1.3822E+06   1.9816E+07   1.6764E+07   6.7757E+06   9.9883E+06   85201   85201       0
    14.-   16.    1.4821E+06   2.1226E+07   1.7959E+07   7.2703E+06   1.0689E+07   90704   90704       0
    16.-   18.    1.5749E+06   2.2589E+07   1.9122E+07   7.7676E+06   1.1354E+07   96491   96491       0
    18.-   20.    1.6506E+06   2.3813E+07   2.0172E+07   8.2526E+06   1.1920E+07  101735  101735       0
    20.-   22.    1.7218E+06   2.4726E+07   2.0924E+07   8.4742E+06   1.2450E+07  106185  106185       0
    22.-   24.    1.7741E+06   2.5552E+07   2.1611E+07   8.7103E+06   1.2901E+07  109455  109455       0
    24.-   26.    1.8165E+06   2.6276E+07   2.2215E+07   8.9420E+06   1.3273E+07  112242  112242       0
    26.-   28.    1.8504E+06   2.6839E+07   2.2676E+07   9.0737E+06   1.3602E+07  114373  114373       0
    28.-   30.    1.8773E+06   2.7339E+07   2.3095E+07   9.2219E+06   1.3873E+07  116750  116750       0
    30.-   32.    1.8863E+06   2.7619E+07   2.3309E+07   9.2244E+06   1.4085E+07  117003  117003       0
    32.-   34.    1.8825E+06   2.7694E+07   2.3355E+07   9.1949E+06   1.4160E+07  117299  117299       0
    34.-   36.    1.8733E+06   2.7625E+07   2.3280E+07   9.1122E+06   1.4167E+07  117310  117310       0
    36.-   38.    1.8490E+06   2.7442E+07   2.3102E+07   8.9618E+06   1.4140E+07  115827  115827       0
    38.-   40.    1.8161E+06   2.7018E+07   2.2723E+07   8.7394E+06   1.3983E+07  114049  114049       0
    40.-   42.    1.7668E+06   2.6503E+07   2.2280E+07   8.5458E+06   1.3734E+07  110892  110892       0
    42.-   44.    1.7161E+06   2.5878E+07   2.1748E+07   8.3274E+06   1.3421E+07  108136  108136       0
    44.-   46.    1.6587E+06   2.5091E+07   2.1071E+07   8.0272E+06   1.3044E+07  104732  104732       0
    46.-   48.    1.5895E+06   2.4154E+07   2.0269E+07   7.6713E+06   1.2598E+07  100923  100923       0
    48.-   50.    1.5154E+06   2.3002E+07   1.9267E+07   7.1444E+06   1.2123E+07   95094   95094       0
    50.-   52.    1.4413E+06   2.2052E+07   1.8469E+07   6.9006E+06   1.1569E+07   91539   91539       0
    52.-   54.    1.3625E+06   2.0879E+07   1.7473E+07   6.4587E+06   1.1015E+07   86368   86368       0
    54.-   56.    1.2837E+06   1.9814E+07   1.6581E+07   6.1227E+06   1.0458E+07   81552   81552       0
    56.-   58.    1.2003E+06   1.8581E+07   1.5539E+07   5.7104E+06   9.8288E+06   76414   76414       0
    58.-   60.    1.1148E+06   1.7346E+07   1.4507E+07   5.3314E+06   9.1754E+06   70902   70902       0
    60.-   62.    1.0338E+06   1.6023E+07   1.3372E+07   4.8195E+06   8.5525E+06   65305   65305       0
    62.-   64.    9.4928E+05   1.4799E+07   1.2350E+07   4.4634E+06   7.8863E+06   60546   60546       0
    64.-   66.    8.7350E+05   1.3615E+07   1.1355E+07   4.0780E+06   7.2774E+06   55356   55356       0
    66.-   68.    7.9717E+05   1.2500E+07   1.0432E+07   3.7699E+06   6.6620E+06   50713   50713       0
    68.-   70.    7.2565E+05   1.1376E+07   9.4853E+06   3.4026E+06   6.0827E+06   46391   46391       0
    70.-   72.    6.5723E+05   1.0312E+07   8.5941E+06   3.0764E+06   5.5177E+06   42102   42102       0
    72.-   74.    5.9148E+05   9.2981E+06   7.7446E+06   2.7534E+06   4.9912E+06   37348   37348       0
    74.-   76.    5.3146E+05   8.3748E+06   6.9800E+06   2.4908E+06   4.4892E+06   33655   33655       0
    76.-   78.    4.7547E+05   7.5130E+06   6.2609E+06   2.2440E+06   4.0168E+06   30301   30301       0
    78.-   80.    4.2500E+05   6.7029E+06   5.5839E+06   1.9934E+06   3.5905E+06   27137   27137       0
    80.-   82.    3.7729E+05   5.9700E+06   4.9761E+06   1.7894E+06   3.1866E+06   24238   24238       0
    82.-   84.    3.3178E+05   5.2335E+06   4.3579E+06   1.5449E+06   2.8130E+06   21042   21042       0
    84.-   86.    2.9371E+05   4.6239E+06   3.8482E+06   1.3597E+06   2.4885E+06   18441   18441       0
    86.-   88.    2.5893E+05   4.0790E+06   3.3983E+06   1.2157E+06   2.1826E+06   16482   16482       0
    88.-   90.    2.2761E+05   3.6030E+06   3.0044E+06   1.0842E+06   1.9202E+06   14735   14735       0
    90.-   92.    1.9981E+05   3.1524E+06   2.6302E+06   9.4648E+05   1.6837E+06   12832   12832       0
    92.-   94.    1.7299E+05   2.7086E+06   2.2571E+06   8.0872E+05   1.4484E+06   11096   11096       0
    94.-   96.    1.4968E+05   2.3648E+06   1.9791E+06   7.3534E+05   1.2438E+06    9751    9751       0
    96.-   98.    1.2745E+05   1.9761E+06   1.6561E+06   6.1503E+05   1.0411E+06    8294    8294       0
    98.-  100.    1.0192E+05   1.5371E+06   1.2960E+06   5.0226E+05   7.9376E+05    6796    6796       0
   100.-  102.    5.8803E+04   8.2033E+05   7.0202E+05   3.0445E+05   3.9757E+05    3920    3920       0
   102.-  104.    2.1832E+03   2.3629E+04   1.9281E+04   5.8766E+03   1.3405E+04      87      87       0
   104.-  106.    0.0000E+00   0.0000E+00   0.0000E+00   0.0000E+00   0.0000E+00       0       0       0
   106.-  108.    0.0000E+00   0.0000E+00   0.0000E+00   0.0000E+00   0.0000E+00       0       0       0
   108.-  110.    0.0000E+00   0.0000E+00   0.0000E+00   0.0000E+00   0.0000E+00       0       0       0
   110.-  112.    0.0000E+00   0.0000E+00   0.0000E+00   0.0000E+00   0.0000E+00       0       0       0
   112.-  114.    0.0000E+00   0.0000E+00   0.0000E+00   0.0000E+00   0.0000E+00       0       0       0
   114.-  116.    0.0000E+00   0.0000E+00   0.0000E+00   0.0000E+00   0.0000E+00       0       0       0
   116.-  118.    0.0000E+00   0.0000E+00   0.0000E+00   0.0000E+00   0.0000E+00       0       0       0
   118.-  120.    0.0000E+00   0.0000E+00   0.0000E+00   0.0000E+00   0.0000E+00       0       0       0
   120.-  122.    0.0000E+00   0.0000E+00   0.0000E+00   0.0000E+00   0.0000E+00       0       0       0
   122.-  124.    0.0000E+00   0.0000E+00   0.0000E+00   0.0000E+00   0.0000E+00       0       0       0
   124.-  126.    0.0000E+00   0.0000E+00   0.0000E+00   0.0000E+00   0.0000E+00       0       0       0
   126.-  128.    0.0000E+00   0.0000E+00   0.0000E+00   0.0000E+00   0.0000E+00       0       0       0
   128.-  130.    0.0000E+00   0.0000E+00   0.0000E+00   0.0000E+00   0.0000E+00       0       0       0
   130.-  132.    0.0000E+00   0.0000E+00   0.0000E+00   0.0000E+00   0.0000E+00       0       0       0
   132.-  134.    0.0000E+00   0.0000E+00   0.0000E+00   0.0000E+00   0.0000E+00       0       0       0
   134.-  136.    0.0000E+00   0.0000E+00   0.0000E+00   0.0000E+00   0.0000E+00       0       0       0
   136.-  138.    0.0000E+00   0.0000E+00   0.0000E+00   0.0000E+00   0.0000E+00       0       0       0
   138.-  140.    0.0000E+00   0.0000E+00   0.0000E+00   0.0000E+00   0.0000E+00       0       0       0
   140.-  142.    0.0000E+00   0.0000E+00   0.0000E+00   0.0000E+00   0.0000E+00       0       0       0
   142.-  144.    0.0000E+00   0.0000E+00   0.0000E+00   0.0000E+00   0.0000E+00       0       0       0
   144.-  146.    0.0000E+00   0.0000E+00   0.0000E+00   0.0000E+00   0.0000E+00       0       0       0
   146.-  148.    0.0000E+00   0.0000E+00   0.0000E+00   0.0000E+00   0.0000E+00       0       0       0
   148.-  150.    0.0000E+00   0.0000E+00   0.0000E+00   0.0000E+00   0.0000E+00       0       0       0
   150.-  152.    0.0000E+00   0.0000E+00   0.0000E+00   0.0000E+00   0.0000E+00       0       0       0
   152.-  154.    0.0000E+00   0.0000E+00   0.0000E+00   0.0000E+00   0.0000E+00       0       0       0
   154.-  156.    0.0000E+00   0.0000E+00   0.0000E+00   0.0000E+00   0.0000E+00       0       0       0
   156.-  158.    0.0000E+00   0.0000E+00   0.0000E+00   0.0000E+00   0.0000E+00       0       0       0
   158.-  160.    0.0000E+00   0.0000E+00   0.0000E+00   0.0000E+00   0.0000E+00       0       0       0
   160.-  162.    0.0000E+00   0.0000E+00   0.0000E+00   0.0000E+00   0.0000E+00       0       0       0
   162.-  164.    0.0000E+00   0.0000E+00   0.0000E+00   0.0000E+00   0.0000E+00       0       0       0
   164.-  166.    0.0000E+00   0.0000E+00   0.0000E+00   0.0000E+00   0.0000E+00       0       0       0
   166.-  168.    0.0000E+00   0.0000E+00   0.0000E+00   0.0000E+00   0.0000E+00       0       0       0
   168.-  170.    0.0000E+00   0.0000E+00   0.0000E+00   0.0000E+00   0.0000E+00       0       0       0
   170.-  172.    0.0000E+00   0.0000E+00   0.0000E+00   0.0000E+00   0.0000E+00       0       0       0
   172.-  174.    0.0000E+00   0.0000E+00   0.0000E+00   0.0000E+00   0.0000E+00       0       0       0
   174.-  176.    0.0000E+00   0.0000E+00   0.0000E+00   0.0000E+00   0.0000E+00       0       0       0
   176.-  178.    0.0000E+00   0.0000E+00   0.0000E+00   0.0000E+00   0.0000E+00       0       0       0
   178.-  180.    0.0000E+00   0.0000E+00   0.0000E+00   0.0000E+00   0.0000E+00       0       0       0
   180.-  182.    0.0000E+00   0.0000E+00   0.0000E+00   0.0000E+00   0.0000E+00       0       0       0
   182.-  184.    0.0000E+00   0.0000E+00   0.0000E+00   0.0000E+00   0.0000E+00       0       0       0
   184.-  186.    0.0000E+00   0.0000E+00   0.0000E+00   0.0000E+00   0.0000E+00       0       0       0
   186.-  188.    0.0000E+00   0.0000E+00   0.0000E+00   0.0000E+00   0.0000E+00       0       0       0
   188.-  190.    0.0000E+00   0.0000E+00   0.0000E+00   0.0000E+00   0.0000E+00       0       0       0
   190.-  192.    0.0000E+00   0.0000E+00   0.0000E+00   0.0000E+00   0.0000E+00       0       0       0
   192.-  194.    0.0000E+00   0.0000E+00   0.0000E+00   0.0000E+00   0.0000E+00       0       0       0
   194.-  196.    0.0000E+00   0.0000E+00   0.0000E+00   0.0000E+00   0.0000E+00       0       0       0
   196.-  198.    0.0000E+00   0.0000E+00   0.0000E+00   0.0000E+00   0.0000E+00       0       0       0
   198.-  200.    0.0000E+00   0.0000E+00   0.0000E+00   0.0000E+00   0.0000E+00       0       0       0

                  5.3508E+07   8.0125E+08   6.7341E+08   2.5823E+08   4.1518E+08 3353349 3353349       0
1     BACKWARD SPUTTERING



        ALL SPUTTERED PARTICLES =   59800   TOTAL SPUTTERED ENERGY = 0.1797E+07 EV


        SPUTTERED PARTICLES (1.LAYER) =   59800   SPUTTERED ENERGY = 0.1797E+07 EV


 1.LAYER
         SPUTTERED PARTICLES(1) =   59800     SPUTTERED ENERGY(1) = 0.1797E+07 EV

         ION IN , PRIMARY KO(1) =   12352   0.2066   0.2066    ENERGY = 0.6564E+06 EV   0.3652   0.3652    MEAN ENERGY = 0.5314E+02
         ION IN , SECOND. KO(1) =   47448   0.7934   0.7934    ENERGY = 0.1141E+07 EV   0.6348   0.6348    MEAN ENERGY = 0.2405E+02
        ION OUT , PRIMARY KO(1) =       0   0.0000   0.0000    ENERGY = 0.0000E+00 EV   0.0000   0.0000    MEAN ENERGY = 0.0000E+00
        ION OUT , SECOND. KO(1) =       0   0.0000   0.0000    ENERGY = 0.0000E+00 EV   0.0000   0.0000    MEAN ENERGY = 0.0000E+00


     SPUTTERING YIELD(1) =  5.980E-01  SPUTTERED ENERGY(1) =  5.039E-03  REL.MEAN ENERGY(1) =  8.426E-03  MEAN ENERGY(1) =  3.006E+01

                       MEAN        VARIANCE      SKEWNESS      KURTOSIS        SIGMA       ERROR 1.M     ERROR 2.M     ERROR 3.M 
    ENERGY(1)       3.0056E+01    1.9124E+03    3.8526E+00    2.6348E+01    4.3731E+01    1.7883E-01    3.9373E+01    9.5246E-02
 LOGENERGY(1)       1.1620E+00    2.9670E-01   -1.3541E-01    2.8884E+00    5.4471E-01    2.2278E-03    1.6675E-03    9.1514E-03

                     1.MOMENT      2.MOMENT      3.MOMENT      4.MOMENT      5.MOMENT      6.MOMENT 
    ENERGY(1)       3.0056E+01    2.8158E+03    5.2179E+05    1.4628E+08    5.3910E+10    2.3950E+13
 LOGENERGY(1)       1.1620E+00    1.6470E+00    2.5815E+00    4.3796E+00    7.8815E+00    1.4879E+01



     POLAR ANGULAR DISTRIBUTION OF ALL BACKWARD SPUTTERED PARTICLES


       0.00  0.00  0.00  0.00  0.00  0.00  0.00  0.00  0.00  0.00  0.00  0.00  0.00  0.00  0.00  0.00  0.00  0.00  0.00  0.00

        108   320   585   788  1142  1465  1870  2176  2637  2928  3215  3691  4019  4059  4518  4681  4942  5225  5548  5883
      0.036 0.107 0.196 0.264 0.382 0.490 0.625 0.728 0.882 0.979 1.075 1.234 1.344 1.358 1.511 1.566 1.653 1.747 1.856 1.968
1 LOG ENERGY - COS OF EMISSION ANGLE (0.05 STEPS)   (BACKWARD SPUTTERED PARTICLES) ; 1. LAYER ; SPECIES 1


   0.0000E+00    1    2    3    4    5    6    7    8    9   10   11   12   13   14   15   16   17   18   19   20     0  0.0000E+00
   0.1000E+00    0    0    0    1    0    0    0    0    0    0    1    1    1    2    2    0    2    2    2    2    16  0.1600E-02
   0.1212E+00    0    0    0    0    0    0    0    0    0    0    0    0    0    0    0    0    0    0    0    0     0  0.0000E+00
   0.1468E+00    0    0    0    0    0    0    0    0    0    0    0    0    0    0    0    0    0    0    0    0     0  0.0000E+00
   0.1778E+00    0    0    0    0    0    0    0    0    0    0    0    0    0    0    0    0    0    0    0    0     0  0.0000E+00
   0.2154E+00    0    0    0    0    0    0    0    0    0    0    0    0    0    0    0    0    0    0    0    0     0  0.0000E+00
   0.2610E+00    0    0    0    0    0    0    0    0    0    0    0    0    0    0    0    0    0    0    0    0     0  0.0000E+00
   0.3162E+00    0    0    0    0    0    0    0    0    0    0    0    0    0    0    0    0    0    0    0    0     0  0.0000E+00
   0.3831E+00    0    0    0    0    0    0    0    0    0    0    0    0    0    0    0    0    0    0    0    0     0  0.0000E+00
   0.4642E+00    0    0    0    0    0    0    0    0    0    0    0    0    0    0    0    0    0    0    0    0     0  0.0000E+00
   0.5623E+00    0    0    0    0    0    0    0    0    0    0    0    0    0    0    0    0    0    0    0    0     0  0.0000E+00
   0.6813E+00    0    0    0    0    0    0    0    0    0    0    0    0    0    0    0    0    0    0    0    0     0  0.0000E+00
   0.8254E+00    0    0    0    0    0    0    0    0    0    0    0    0    0    0    0    0    0    0    0    0     0  0.0000E+00
   0.1000E+01    0    0    0    0    0    0    0    0    0    0    0    0    0    0    0    0    0    0    0    0     0  0.0000E+00
   0.1212E+01    0    0    0    0    0    0    0    0    0    0    0    0    0    0    0    0    0    0    0    0     0  0.0000E+00
   0.1468E+01    0    0    0    0    0    0    0    0    0    0    0    0    0    0    0    0    0    0    0    0     0  0.0000E+00
   0.1778E+01    0    0    0    0    0    0    0    0    0    0    0    0    0    0    0    0    0    0    0    0     0  0.0000E+00
   0.2154E+01    0    0    0    0    0    0    0    0    0    0    0    0    0    0    0    0    0    0    0    0     0  0.0000E+00
   0.2610E+01    0    0    0    0    0    0    0    0    0    0    0    0    0    0    0    0    0    0    0    0     0  0.0000E+00
   0.3162E+01    0    0    0    0    0    0    0    0    0    0    0    0    0    0    0    0    0    0    0    0     0  0.0000E+00
   0.3831E+01    0    0    0    0    0    0    0    0    0    0    0    0    0    0    0    0    0    0    0    0     0  0.0000E+00
   0.4642E+01    0    0    0    0    0    0    0    0    0    0    0    0    0    0    0    0    0    0    0    0     0  0.0000E+00
   0.5623E+01    0    0    0    0    0    0    0    0    0    0    0    0    0    0    0    0    0    0    0    0     0  0.0000E+00
   0.6813E+01    0    0    0    0    0    0    0    0    0    0    0    0    0    0    0    0    0    0    0    0     0  0.0000E+00
   0.8254E+01    0    0    0    0    0    0    0    0    0    0    0    0    0    0    0    0    0    0    0    0     0  0.0000E+00
   0.1000E+02    0    0    0    0    0    0    0    0    0    0    0    0    0    0    0    0    0    0    0    0     0  0.0000E+00
   0.1212E+02    0    0    0    0    0    0    0    0    0    0    0    0    0    0    0    0    0    0    0    0     0  0.0000E+00
   0.1468E+02    0    0    0    0    0    0    0    0    0    0    0    0    0    0    0    0    0    0    0    0     0  0.0000E+00
   0.1778E+02    0    0    0    0    0    0    0    0    0    0    0    0    0    0    0    0    0    0    0    0     0  0.0000E+00
   0.2154E+02    0    0    0    0    0    0    0    0    0    0    0    0    0    0    0    0    0    0    0    0     0  0.0000E+00
   0.2610E+02    0    0    0    0    0    0    0    0    0    0    0    0    0    0    0    0    0    0    0    0     0  0.0000E+00
   0.3162E+02    0    0    0    0    0    0    0    0    0    0    0    0    0    0    0    0    0    0    0    0     0  0.0000E+00
   0.3831E+02    0    0    0    0    0    0    0    0    0    0    0    0    0    0    0    0    0    0    0    0     0  0.0000E+00
   0.4642E+02    0    0    0    0    0    0    0    0    0    0    0    0    0    0    0    0    0    0    0    0     0  0.0000E+00
   0.5623E+02    0    0    0    0    0    0    0    0    0    0    0    0    0    0    0    0    0    0    0    0     0  0.0000E+00
   0.6813E+02    0    0    0    0    0    0    0    0    0    0    0    0    0    0    0    0    0    0    0    0     0  0.0000E+00
   0.8254E+02    0    0    0    0    0    0    0    0    0    0    0    0    0    0    0    0    0    0    0    0     0  0.0000E+00
   0.1000E+03    0    0    0    0    0    0    0    0    0    0    0    0    0    0    0    0    0    0    0    0     0  0.0000E+00
   0.1212E+03    0    0    0    0    0    0    0    0    0    0    0    0    0    0    0    0    0    0    0    0     0  0.0000E+00
   0.1468E+03    0    0    0    0    0    0    0    0    0    0    0    0    0    0    0    0    0    0    0    0     0  0.0000E+00
   0.1778E+03    0    0    0    0    0    0    0    0    0    0    0    0    0    0    0    0    0    0    0    0     0  0.0000E+00
   0.2154E+03    0    0    0    0    0    0    0    0    0    0    0    0    0    0    0    0    0    0    0    0     0  0.0000E+00
   0.2610E+03    0    0    0    0    0    0    0    0    0    0    0    0    0    0    0    0    0    0    0    0     0  0.0000E+00
   0.3162E+03    0    0    0    0    0    0    0    0    0    0    0    0    0    0    0    0    0    0    0    0     0  0.0000E+00
   0.3831E+03    0    0    0    0    0    0    0    0    0    0    0    0    0    0    0    0    0    0    0    0     0  0.0000E+00
   0.4642E+03    0    0    0    0    0    0    0    0    0    0    0    0    0    0    0    0    0    0    0    0     0  0.0000E+00
   0.5623E+03    0    0    0    0    0    0    0    0    0    0    0    0    0    0    0    0    0    0    0    0     0  0.0000E+00
   0.6813E+03    0    0    0    0    0    0    0    0    0    0    0    0    0    0    0    0    0    0    0    0     0  0.0000E+00
   0.8254E+03    0    0    0    0    0    0    0    0    0    0    0    0    0    0    0    0    0    0    0    0     0  0.0000E+00
   0.1000E+04    0    0    0    0    0    0    0    0    0    0    0    0    0    0    0    0    0    0    0    0     0  0.0000E+00
   0.1212E+04    0    0    0    0    0    0    0    0    0    0    0    0    0    0    0    0    0    0    0    0     0  0.0000E+00
   0.1468E+04    0    0    0    0    0    0    0    0    0    0    0    0    0    0    0    0    0    0    0    0     0  0.0000E+00
   0.1778E+04    0    0    0    0    0    0    0    0    0    0    0    0    0    0    0    0    0    0    0    0     0  0.0000E+00
   0.2154E+04    0    0    0    0    0    0    0    0    0    0    0    0    0    0    0    0    0    0    0    0     0  0.0000E+00
   0.2610E+04    0    0    0    0    0    0    0    0    0    0    0    0    0    0    0    0    0    0    0    0     0  0.0000E+00
   0.3162E+04    0    0    0    0    0    0    0    0    0    0    0    0    0    0    0    0    0    0    0    0     0  0.0000E+00
   0.3831E+04    0    0    0    0    0    0    0    0    0    0    0    0    0    0    0    0    0    0    0    0     0  0.0000E+00
   0.4642E+04    0    0    0    0    0    0    0    0    0    0    0    0    0    0    0    0    0    0    0    0     0  0.0000E+00
   0.5623E+04    0    0    0    0    0    0    0    0    0    0    0    0    0    0    0    0    0    0    0    0     0  0.0000E+00
   0.6813E+04    0    0    0    0    0    0    0    0    0    0    0    0    0    0    0    0    0    0    0    0     0  0.0000E+00
   0.8254E+04    0    0    0    0    0    0    0    0    0    0    0    0    0    0    0    0    0    0    0    0     0  0.0000E+00
   0.1000E+05    0    0    0    0    0    0    0    0    0    0    0    0    0    0    0    0    0    0    0    0     0  0.0000E+00
   0.1212E+05    0    0    0    0    0    0    0    0    0    0    0    0    0    0    0    0    0    0    0    0     0  0.0000E+00
   0.1468E+05    0    0    0    0    0    0    0    0    0    0    0    0    0    0    0    0    0    0    0    0     0  0.0000E+00
   0.1778E+05    0    0    0    0    0    0    0    0    0    0    0    0    0    0    0    0    0    0    0    0     0  0.0000E+00
   0.2154E+05    0    0    0    0    0    0    0    0    0    0    0    0    0    0    0    0    0    0    0    0     0  0.0000E+00
   0.2610E+05    0    0    0    0    0    0    0    0    0    0    0    0    0    0    0    0    0    0    0    0     0  0.0000E+00
   0.3162E+05    0    0    0    0    0    0    0    0    0    0    0    0    0    0    0    0    0    0    0    0     0  0.0000E+00
   0.3831E+05    0    0    0    0    0    0    0    0    0    0    0    0    0    0    0    0    0    0    0    0     0  0.0000E+00
   0.4642E+05    0    0    0    0    0    0    0    0    0    0    0    0    0    0    0    0    0    0    0    0     0  0.0000E+00
   0.5623E+05    0    0    0    0    0    0    0    0    0    0    0    0    0    0    0    0    0    0    0    0     0  0.0000E+00
   0.6813E+05    0    0    0    0    0    0    0    0    0    0    0    0    0    0    0    0    0    0    0    0     0  0.0000E+00
   0.8254E+05    0    0    0    0    0    0    0    0    0    0    0    0    0    0    0    0    0    0    0    0     0  0.0000E+00
   0.1000E+06    0    0    0    0    0    0    0    0    0    0    0    0    0    0    0    0    0    0    0    0     0  0.0000E+00
   0.0000E+00  216  640 1170 1575 2284 2930 3740 4352 5274 5856 6429 7381 8037 8116 9034 9362 9882104481109411764119584  0.0000E+00
1ENERGY(E/E0 IN %) - POLAR ANGLE IN COS-INTERVALS (0.05)  (BACKWARD SPUTTERED PARTICLES) , 1.LAYER , SPECIES 1

     0    1    2    3    4    5    6    7    8    9   10   11   12   13   14   15   16   17   18   19   20      0
     1   95  271  487  635  898 1116 1399 1568 1874 2075 2303 2603 2881 2939 3310 3484 3817 4105 4398 4884  45142
     2    7   28   66  104  149  207  251  316  384  433  464  590  632  631  696  661  654  687  743  652   8355
     3    5   15   20   26   44   61   95  144  165  171  208  214  222  240  254  270  262  223  237  203   3079
     4    0    4    6   11   24   36   53   50   94   98   97  104  113  117  124  130   85  109   86   69   1410
     5    0    0    3    6   14   16   30   38   44   47   57   76   58   63   53   57   61   47   42   43    755
     6    0    1    3    3    2   12    9   26   29   36   32   35   45   31   31   36   28   22   18   20    419
     7    0    0    0    1    5    7   12   18   21   25   20   31   29   18   25   22   15   14   10    3    276
     8    0    0    0    0    2    1   12    2    7   21    9   11   20    5   10    8    6   10    4    2    130
     9    0    0    0    0    2    2    1    1    4    7    8   14    8    6    7    6    7    4    4    3     84
    10    0    1    0    0    0    0    0    4    4    1    5    9    8    3    4    5    5    3    3    0     55
    11    0    0    0    2    1    3    4    6    2    4    7    1    2    2    2    1    1    0    1    2     41
    12    0    0    0    0    1    1    1    1    2    2    1    0    1    0    1    1    0    0    0    1     13
    13    0    0    0    0    0    0    0    1    3    2    3    2    0    3    1    0    1    1    1    1     19
    14    0    0    0    0    0    1    0    0    2    2    1    0    0    0    0    0    0    0    0    0      6
    15    1    0    0    0    0    1    2    0    0    2    0    0    0    0    0    0    0    0    0    0      6
    16    0    0    0    0    0    0    0    1    0    0    0    0    0    0    0    0    0    0    0    0      1
    17    0    0    0    0    0    1    0    0    1    1    0    0    0    1    0    0    0    0    0    0      4
    18    0    0    0    0    0    0    0    0    0    0    0    0    0    0    0    0    0    0    0    0      0
    19    0    0    0    0    0    0    1    0    1    1    0    1    0    0    0    0    0    0    0    0      4
    20    0    0    0    0    0    0    0    0    0    0    0    0    0    0    0    0    0    0    1    0      1
    21    0    0    0    0    0    0    0    0    0    0    0    0    0    0    0    0    0    0    0    0      0
    22    0    0    0    0    0    0    0    0    0    0    0    0    0    0    0    0    0    0    0    0      0
    23    0    0    0    0    0    0    0    0    0    0    0    0    0    0    0    0    0    0    0    0      0
    24    0    0    0    0    0    0    0    0    0    0    0    0    0    0    0    0    0    0    0    0      0
    25    0    0    0    0    0    0    0    0    0    0    0    0    0    0    0    0    0    0    0    0      0
    26    0    0    0    0    0    0    0    0    0    0    0    0    0    0    0    0    0    0    0    0      0
    27    0    0    0    0    0    0    0    0    0    0    0    0    0    0    0    0    0    0    0    0      0
    28    0    0    0    0    0    0    0    0    0    0    0    0    0    0    0    0    0    0    0    0      0
    29    0    0    0    0    0    0    0    0    0    0    0    0    0    0    0    0    0    0    0    0      0
    30    0    0    0    0    0    0    0    0    0    0    0    0    0    0    0    0    0    0    0    0      0
    31    0    0    0    0    0    0    0    0    0    0    0    0    0    0    0    0    0    0    0    0      0
    32    0    0    0    0    0    0    0    0    0    0    0    0    0    0    0    0    0    0    0    0      0
    33    0    0    0    0    0    0    0    0    0    0    0    0    0    0    0    0    0    0    0    0      0
    34    0    0    0    0    0    0    0    0    0    0    0    0    0    0    0    0    0    0    0    0      0
    35    0    0    0    0    0    0    0    0    0    0    0    0    0    0    0    0    0    0    0    0      0
    36    0    0    0    0    0    0    0    0    0    0    0    0    0    0    0    0    0    0    0    0      0
    37    0    0    0    0    0    0    0    0    0    0    0    0    0    0    0    0    0    0    0    0      0
    38    0    0    0    0    0    0    0    0    0    0    0    0    0    0    0    0    0    0    0    0      0
    39    0    0    0    0    0    0    0    0    0    0    0    0    0    0    0    0    0    0    0    0      0
    40    0    0    0    0    0    0    0    0    0    0    0    0    0    0    0    0    0    0    0    0      0
    41    0    0    0    0    0    0    0    0    0    0    0    0    0    0    0    0    0    0    0    0      0
    42    0    0    0    0    0    0    0    0    0    0    0    0    0    0    0    0    0    0    0    0      0
    43    0    0    0    0    0    0    0    0    0    0    0    0    0    0    0    0    0    0    0    0      0
    44    0    0    0    0    0    0    0    0    0    0    0    0    0    0    0    0    0    0    0    0      0
    45    0    0    0    0    0    0    0    0    0    0    0    0    0    0    0    0    0    0    0    0      0
    46    0    0    0    0    0    0    0    0    0    0    0    0    0    0    0    0    0    0    0    0      0
    47    0    0    0    0    0    0    0    0    0    0    0    0    0    0    0    0    0    0    0    0      0
    48    0    0    0    0    0    0    0    0    0    0    0    0    0    0    0    0    0    0    0    0      0
    49    0    0    0    0    0    0    0    0    0    0    0    0    0    0    0    0    0    0    0    0      0
    50    0    0    0    0    0    0    0    0    0    0    0    0    0    0    0    0    0    0    0    0      0
    51    0    0    0    0    0    0    0    0    0    0    0    0    0    0    0    0    0    0    0    0      0
    52    0    0    0    0    0    0    0    0    0    0    0    0    0    0    0    0    0    0    0    0      0
    53    0    0    0    0    0    0    0    0    0    0    0    0    0    0    0    0    0    0    0    0      0
    54    0    0    0    0    0    0    0    0    0    0    0    0    0    0    0    0    0    0    0    0      0
    55    0    0    0    0    0    0    0    0    0    0    0    0    0    0    0    0    0    0    0    0      0
    56    0    0    0    0    0    0    0    0    0    0    0    0    0    0    0    0    0    0    0    0      0
    57    0    0    0    0    0    0    0    0    0    0    0    0    0    0    0    0    0    0    0    0      0
    58    0    0    0    0    0    0    0    0    0    0    0    0    0    0    0    0    0    0    0    0      0
    59    0    0    0    0    0    0    0    0    0    0    0    0    0    0    0    0    0    0    0    0      0
    60    0    0    0    0    0    0    0    0    0    0    0    0    0    0    0    0    0    0    0    0      0
    61    0    0    0    0    0    0    0    0    0    0    0    0    0    0    0    0    0    0    0    0      0
    62    0    0    0    0    0    0    0    0    0    0    0    0    0    0    0    0    0    0    0    0      0
    63    0    0    0    0    0    0    0    0    0    0    0    0    0    0    0    0    0    0    0    0      0
    64    0    0    0    0    0    0    0    0    0    0    0    0    0    0    0    0    0    0    0    0      0
    65    0    0    0    0    0    0    0    0    0    0    0    0    0    0    0    0    0    0    0    0      0
    66    0    0    0    0    0    0    0    0    0    0    0    0    0    0    0    0    0    0    0    0      0
    67    0    0    0    0    0    0    0    0    0    0    0    0    0    0    0    0    0    0    0    0      0
    68    0    0    0    0    0    0    0    0    0    0    0    0    0    0    0    0    0    0    0    0      0
    69    0    0    0    0    0    0    0    0    0    0    0    0    0    0    0    0    0    0    0    0      0
    70    0    0    0    0    0    0    0    0    0    0    0    0    0    0    0    0    0    0    0    0      0
    71    0    0    0    0    0    0    0    0    0    0    0    0    0    0    0    0    0    0    0    0      0
    72    0    0    0    0    0    0    0    0    0    0    0    0    0    0    0    0    0    0    0    0      0
    73    0    0    0    0    0    0    0    0    0    0    0    0    0    0    0    0    0    0    0    0      0
    74    0    0    0    0    0    0    0    0    0    0    0    0    0    0    0    0    0    0    0    0      0
    75    0    0    0    0    0    0    0    0    0    0    0    0    0    0    0    0    0    0    0    0      0
    76    0    0    0    0    0    0    0    0    0    0    0    0    0    0    0    0    0    0    0    0      0
    77    0    0    0    0    0    0    0    0    0    0    0    0    0    0    0    0    0    0    0    0      0
    78    0    0    0    0    0    0    0    0    0    0    0    0    0    0    0    0    0    0    0    0      0
    79    0    0    0    0    0    0    0    0    0    0    0    0    0    0    0    0    0    0    0    0      0
    80    0    0    0    0    0    0    0    0    0    0    0    0    0    0    0    0    0    0    0    0      0
    81    0    0    0    0    0    0    0    0    0    0    0    0    0    0    0    0    0    0    0    0      0
    82    0    0    0    0    0    0    0    0    0    0    0    0    0    0    0    0    0    0    0    0      0
    83    0    0    0    0    0    0    0    0    0    0    0    0    0    0    0    0    0    0    0    0      0
    84    0    0    0    0    0    0    0    0    0    0    0    0    0    0    0    0    0    0    0    0      0
    85    0    0    0    0    0    0    0    0    0    0    0    0    0    0    0    0    0    0    0    0      0
    86    0    0    0    0    0    0    0    0    0    0    0    0    0    0    0    0    0    0    0    0      0
    87    0    0    0    0    0    0    0    0    0    0    0    0    0    0    0    0    0    0    0    0      0
    88    0    0    0    0    0    0    0    0    0    0    0    0    0    0    0    0    0    0    0    0      0
    89    0    0    0    0    0    0    0    0    0    0    0    0    0    0    0    0    0    0    0    0      0
    90    0    0    0    0    0    0    0    0    0    0    0    0    0    0    0    0    0    0    0    0      0
    91    0    0    0    0    0    0    0    0    0    0    0    0    0    0    0    0    0    0    0    0      0
    92    0    0    0    0    0    0    0    0    0    0    0    0    0    0    0    0    0    0    0    0      0
    93    0    0    0    0    0    0    0    0    0    0    0    0    0    0    0    0    0    0    0    0      0
    94    0    0    0    0    0    0    0    0    0    0    0    0    0    0    0    0    0    0    0    0      0
    95    0    0    0    0    0    0    0    0    0    0    0    0    0    0    0    0    0    0    0    0      0
    96    0    0    0    0    0    0    0    0    0    0    0    0    0    0    0    0    0    0    0    0      0
    97    0    0    0    0    0    0    0    0    0    0    0    0    0    0    0    0    0    0    0    0      0
    98    0    0    0    0    0    0    0    0    0    0    0    0    0    0    0    0    0    0    0    0      0
    99    0    0    0    0    0    0    0    0    0    0    0    0    0    0    0    0    0    0    0    0      0
   100    0    0    0    0    0    0    0    0    0    0    0    0    0    0    0    0    0    0    0    0      0
     0  108  320  585  788 1142 1465 1870 2176 2637 2928 3215 3691 4019 4059 4518 4681 4942 5225 5548 5883  59800
1AZIMUTHAL ANGLE - POLAR ANGLE IN COS-INTERVALS (0.05) (BACKWARD SPUTTERED PARTICLES) , 1.LAYER , SPECIES 1

     0    1    2    3    4    5    6    7    8    9   10   11   12   13   14   15   16   17   18   19   20      0
     3    1    4   10   12   24   28   30   38   43   42   50   52   68   53   88   69   65   87  105  104    973
     6    1    3    8   12   14   19   32   36   44   50   57   64   64   55   64   69   96   78   87  122    975
     9    2    5   10   11   21   25   32   36   48   51   39   52   76   70   93   83   83   88   79  107   1011
    12    3    7   12   10   19   25   27   33   40   46   42   55   72   67   75   71   79   85   90   93    951
    15    1    7   11   15   11   26   41   42   50   63   53   68   77   72   65   77   79   76   88   98   1020
    18    2    1    6   17   23   23   36   44   40   52   53   53   62   86   81   72   96   84  106  111   1048
    21    1    5   10   12   24   17   36   44   44   54   56   53   63   57   61   75   82   91  102   89    976
    24    1    6    9   15   19   21   27   35   50   52   48   56   78   66   77   79   95  105   93   93   1025
    27    1    4   11   16   28   19   37   41   45   56   50   63   49   66   61   79   64   92   91  113    986
    30    1    6   10   18   15   23   32   30   54   45   69   65   66   71   71   83   88   76   91  100   1014
    33    1    6    7    8   18   21   29   35   41   70   55   78   76   59   84   82   62   83   91  106   1012
    36    2    4    9   16   23   27   23   42   47   59   50   64   60   73   73   62   61   82   80   82    939
    39    3   13   13   18   20   25   34   37   48   57   65   81   70   73   84   85   83   77   79   98   1063
    42    6    4   10   17   16   19   36   38   51   50   56   53   59   58   76   87   81   95  102   93   1007
    45    4    3   10   13   14   34   35   41   53   48   70   58   56   82   73   93   90   99   84  106   1066
    48    2   11    9   17   24   26   29   27   32   49   60   57   78   61   63   89   79   83   96   82    974
    51    0    4   13    7   14   23   20   34   46   43   49   58   64   65   76  103   82   80   91  109    981
    54    2    4   11    9   22   32   28   38   57   45   48   71   55   69   88   64   76   85   94   86    984
    57    2    1    5   18   21   14   34   40   33   57   53   56   94   55   76   77   77   76   85  101    975
    60    1    5    8   13   27   34   23   46   45   53   76   70   68   72   57   93   83   94   71  114   1053
    63    2    5   15   13   15   28   30   43   62   38   60   65   65   74   80   74   71   99  115  102   1056
    66    3    5   14   11   26   20   35   37   36   57   53   64   51   63   75   85   92   89  101   75    992
    69    1    3   13   11   14   20   29   41   52   43   48   60   67   60   92   80   79   84  100  119   1016
    72    4    3   10   12   14   19   29   35   40   40   58   51   77   55   78   84   79  110   83  103    984
    75    1   10   11   12   18   30   41   33   44   61   64   61   56   70   69   73   84  105   83  102   1028
    78    3    5    8    6   21   33   26   44   40   51   44   52   58   74   77   79   80   88   91   94    974
    81    0    6    5   13   17   18   39   25   38   32   50   64   65   71   79   90   90   91  115   86    994
    84    3    5    4   14   11   23   34   28   48   51   68   72   62   66   83   72   82   84   79   82    971
    87    1    8   12   20   16   28   36   42   36   43   57   66   70   62   78   76  102   68   97   90   1008
    90    2    5    8   17   13   27   26   20   48   47   58   66   78   66   74   87   65   93  100   93    993
    93    3    6   14   14   22   24   33   31   38   51   57   53   78   82   85   64   84   94  100  102   1035
    96    1    2   11   12   13   30   30   30   38   46   49   60   74   64   60   70   89   77   80   85    921
    99    2    7    8   11   16   30   35   41   43   48   46   66   63   70   86   84   93   72  103  107   1031
   102    2    2    9   14   25   22   34   41   43   25   49   63   70   79   79   84   77   76   83   87    964
   105    2    9    4   16   16   27   29   30   61   52   54   45   77   76   67   76   85   95  103   92   1016
   108    1    4    9   16   26   16   34   36   50   39   45   73   61   58   72   87   59   97  102   90    975
   111    0    5   17   10   18   26   23   33   45   45   46   55   66   63   72   74   69   86   86   91    930
   114    0    8   10   12   23   27   29   30   48   39   60   60   69   69   74   68  102   69  110  103   1010
   117    1    3   11   16   25   28   38   48   38   43   57   47   55   72   82   74   84   77  111   83    993
   120    2    5   13    7   22   32   23   37   53   62   50   63   53   57   76   92   75   97   83  109   1011
   123    1   10   11   13   23   16   32   37   41   50   48   55   68   67   82   71   89   87   89   87    977
   126    1   11    7   16   17   15   27   32   38   46   49   84   81   61   66   83   97   85   91   93   1000
   129    1    6    9   14   14   16   32   39   44   54   57   67   58   72   65   79   80   84   84  102    977
   132    5    3    9   12   13   17   30   38   40   50   59   67   76   54   79   67   85   98   83   81    966
   135    4    6   10   12   18   16   28   37   45   44   53   80   67   78   80   69   90   86   80  110   1013
   138    3    2   12   14   17   34   29   35   37   58   55   63   61   62   68   88   95   99   96   92   1020
   141    3    8   15   15   22   31   29   34   43   40   42   58   62   72   72   69   88   81   97  119   1000
   144    1    6   11    6   21   30   38   31   48   47   45   67   72   69   79   81   81   92   97   88   1010
   147    2    1    3   14   20   28   35   23   37   53   51   58   70   93   83   67   84   99   89   84    994
   150    2   14   12   17   19   38   31   39   39   45   53   59   69   64   83   72   79   83   97   89   1004
   153    2    3   13   14   20   21   34   45   31   46   52   78   66   65   70   72   69   87   87  127   1002
   156    1    5    5   13   16   27   38   32   52   42   41   56   63   81   83   85   91   91   91   93   1006
   159    2    4    3   11   24   22   28   37   41   51   57   65   66   58   83   77   71   78   67  100    945
   162    0    5   13   14   18   20   27   40   40   51   68   51   71   80   67   57   78   82  100  106    988
   165    2    5    8   13   13   25   31   32   35   44   51   62   70   71   72   74   74   88   84  103    957
   168    0    4    9   10   22   19   24   35   41   53   62   59   55   78   76   81   88   82  102   94    994
   171    3    4   14   11   19   30   29   37   51   54   47   62   70   69   74   90   70   79  103  114   1030
   174    2    5    8   13   23   25   27   39   42   52   45   59   76   65   71   84  103   98   96   90   1023
   177    0    6    4   11   20   27   33   41   31   53   51   59   71   58   61   75  100   92   98  114   1005
   180    2    3   11   14   15   19   34   31   49   40   57   49   57   61   80   75   88   87   87   95    954
     0  108  320  585  788 1142 1465 1870 2176 2637 2928 3215 3691 4019 4059 4518 4681 4942 5225 5548 5883  59800
