1
      *** PROGRAM TRVMC95 ***


                              * INPUT DATA *


       Z1        M1          E0       ALPHA       EF        ESB      SHEATH     ERC
     18.00     39.95     10000.00      0.00      0.10      0.00  30000.00      4.00

       NH        RI           X0        RD        CW        CA       KK0   KK0R   KDEE1  KDEE2  IPOT   IPOTR   IRL
     99999 716381.00         0.00    100.00      2.00      1.00       2      2      3      3      1      1      3


             DX      RHO    CK  Z(,1) Z(,2) Z(,3) Z(,4) Z(,5)  M(,1)  M(,2)  M(,3)  M(,4)  M(,5) C(,1) C(,2) C(,3) C(,4) C(,5)

 1.LAYER 10000.00   2.25   1.00    6.    0.    0.    0.    0.  12.01   0.00   0.00   0.00   0.00 1.000 0.000 0.000 0.000 0.000


                           ***  SBE(LAYER,ELEMENT)  ***     ***     ED(LAYER,ELEMENT)     ***     ***   BE(LAYER,ELEMENT)  ***

 1.LAYER                   7.41  0.00  0.00  0.00  0.00     30.00   0.00   0.00   0.00   0.00     0.10  0.00  0.00  0.00  0.00


       INTERACTION POTENTIAL : PROJECTILE-TARGET : KR-C POTENTIAL     TARGET-TARGET : KR-C POTENTIAL    


       INELASTIC LOSS MODEL  : PROJECTILE-TARGET : 50% LS 50% OR      TARGET-TARGET : 50% LS 50% OR     
1

                              * OUTPUT DATA *


                 HLM       HLMT        SU       SUT        XC        RT       SFE      INEL         L        LJ
               0.0000 10000.000    3.5029 10003.503   -3.5029  9900.000      7.41         0         1         1


                NPROJ       KIB       KIT      MAXA      NALL       NPA       NSA       KIS      KIST
               111308         0         0       307 124411568   3720934  73753401    136938         0


            EPS0(I)       Z2(I)       M2(I)     ARHO(I)       LM(I)     PMAX(I)     ASIG(I)       SB(I)       XX(I)        NJ(I)

 1.LAYER   0.1961E+00  0.6000E+01  0.1201E+02  0.1128E+00  0.2070E+01  0.1168E+01  0.2335E+00  0.7410E+01  0.1000E+05         1


             A1(1)   A1(2)   A1(3)   A1(4)   A1(5)   A1(6)   A1(7)   A1(8)   A1(9)  A1(10)  A1(11)  A1(12)  A1(13)  A1(14)  A1(15)

           0.13193


           KOR1(1) KOR1(2) KOR1(3) KOR1(4) KOR1(5) KOR1(6) KOR1(7) KOR1(8) KOR1(9) KOR1(A) KOR1(B) KOR1(C) KOR1(D) KOR1(E) KOR1(F)

           0.73577


            A(I,1)  A(I,2)  A(I,3)  A(I,4)  A(I,5)  A(I,6)  A(I,7)  A(I,8)  A(I,9) A(I,10) A(I,11) A(I,12) A(I,13) A(I,14) A(I,15)

           0.16242


           KOR(,1) KOR(,2) KOR(,3) KOR(,4) KOR(,5) KOR(,6) KOR(,7) KOR(,8) KOR(,9) KOR(,A) KOR(,B) KOR(,C) KOR(,D) KOR(,E) KOR(,F)

           0.46963
1

         IMPLANTED PARTICLES=  99999     ENERGY=0.1000E+10 EV
     BACKSCATTERED PARTICLES=      0     ENERGY=0.0000E+00 EV
       TRANSMITTED PARTICLES=      0     ENERGY=0.0000E+00 EV
     BACKSPUTTERED PARTICLES=  79202     ENERGY=0.4144E+07 EV
    TRANSM. SPUTT. PARTICLES=      0     ENERGY=0.0000E+00 EV


  PROJECTILES :   MEAN NUMBER OF ELASTIC COLLISIONS =     69.5   MEAN NUMBER OF EL.COLL.(E > EDISPL.) =   26.288
                                                                 MEAN NUMBER OF EL.COLL.(E > SB(1))   =   46.672

                       MEAN        VARIANCE      SKEWNESS      KURTOSIS        SIGMA       ERROR 1.M     ERROR 2.M     ERROR 3.M 
  PENETRATION       1.2479E+02    1.6217E+03    3.8304E-01    2.9573E+00    4.0271E+01    1.2735E-01    7.1749E+00    7.1987E-03
       SPREAD       3.8136E+01    4.6624E+02    8.4870E-01    3.7851E+00    2.1593E+01    6.8282E-02    2.4605E+00    9.3546E-03
   PATHLENGTH       1.4192E+02    1.8088E+03    3.3494E-01    2.9073E+00    4.2529E+01    1.3449E-01    7.8993E+00    7.0310E-03
 ELASTIC LOSS       9.0536E+03    1.1252E+05                                3.3544E+02    3.3544E-03
   INEL. LOSS       9.4640E+02    1.1252E+05                                3.3544E+02    3.3544E-03

                       MEAN        VARIANCE      SKEWNESS      KURTOSIS        SIGMA       ERROR 1.M     ERROR 2.M     ERROR 3.M 
   ELAST.LOSS       1.2884E+02    1.7019E+05    7.1172E+00    6.9442E+01    4.1254E+02    1.5647E-01    5.3403E+02    1.0735E-02
 WEAK EL.LOSS       1.4054E+00    3.9532E+00    2.4708E+00    9.3838E+00    1.9883E+00    7.5413E-04    4.3415E-03    1.5823E-03
 INELAST.LOSS       1.3615E+01    5.5649E+01    1.1076E-01    2.5487E+00    7.4598E+00    2.8295E-03    2.6267E-02    7.0125E-04
  SUBTHR.LOSS       9.2984E+00    5.8724E+01    9.3771E-01    2.8537E+00    7.6632E+00    3.6860E-03    3.8457E-02    8.5693E-04

                     1.MOMENT      2.MOMENT      3.MOMENT      4.MOMENT      5.MOMENT      6.MOMENT 
  PENETRATION       1.2479E+02    1.7194E+04    2.5753E+06    4.1427E+08    7.0894E+10    1.2810E+13



  RECOILES (PER PROJ.)   :   MEAN NUMBER OF ELASTIC COLLISIONS =   1235.2   MEAN NUMBER OF EL.COLL.(E > EDISPL.) =     61.716
                                                                            MEAN NUMBER OF EL.COLL.(E > SB(1))   =    340.389

  RECOILES (PER KNOCKON) :   MEAN NUMBER OF ELASTIC COLLISIONS =    1.594   MEAN NUMBER OF EL.COLL.(E > EDISPL.) =      0.080
                                                                            MEAN NUMBER OF EL.COLL.(E > SB(1))   =      0.439

1


     DEPTH(A)  PARTICLES  NORM.DEPTH PATHLENGTH   INLOSS(EV)  TELOSS(EV)  ELLOSS(EV)  DAMAGE(EV)  PHONON(EV)  CASCAD(EV)     DPA

    -SU-    0.         0  0.0000E+00
     0.-    2.         0  0.0000E+00         0    2.1689E+06  1.5719E+07  1.5691E+07  1.5256E+07  4.3559E+05  1.2171E+07   28363
     2.-    4.         0  0.0000E+00         0    2.1667E+06  1.5583E+07  1.5555E+07  1.5117E+07  4.3822E+05  1.2067E+07   28805
     4.-    6.         0  0.0000E+00         0    2.1499E+06  1.5798E+07  1.5769E+07  1.5326E+07  4.4366E+05  1.2234E+07   28931
     6.-    8.         0  0.0000E+00         0    2.1341E+06  1.6127E+07  1.6097E+07  1.5651E+07  4.4589E+05  1.2492E+07   29419
     8.-   10.         1  0.1000E-04         0    2.1122E+06  1.5806E+07  1.5775E+07  1.5327E+07  4.4743E+05  1.2254E+07   29641
    10.-   12.         1  0.1000E-04         0    2.0972E+06  1.6041E+07  1.6009E+07  1.5555E+07  4.5401E+05  1.2439E+07   29932
    12.-   14.         0  0.0000E+00         0    2.0696E+06  1.5702E+07  1.5669E+07  1.5213E+07  4.5567E+05  1.2176E+07   30067
    14.-   16.         2  0.2000E-04         0    2.0569E+06  1.5897E+07  1.5863E+07  1.5399E+07  4.6413E+05  1.2326E+07   30546
    16.-   18.         0  0.0000E+00         0    2.0346E+06  1.5921E+07  1.5885E+07  1.5420E+07  4.6547E+05  1.2358E+07   30801
    18.-   20.         4  0.4000E-04         0    2.0125E+06  1.6176E+07  1.6139E+07  1.5676E+07  4.6282E+05  1.2565E+07   31299
    20.-   22.         0  0.0000E+00         0    1.9915E+06  1.5884E+07  1.5845E+07  1.5374E+07  4.7139E+05  1.2343E+07   31478
    22.-   24.         5  0.5000E-04         2    1.9711E+06  1.6190E+07  1.6150E+07  1.5678E+07  4.7275E+05  1.2577E+07   32027
    24.-   26.        14  0.1400E-03         0    1.9476E+06  1.5639E+07  1.5597E+07  1.5116E+07  4.8045E+05  1.2155E+07   32383
    26.-   28.        11  0.1100E-03         1    1.9307E+06  1.6041E+07  1.5996E+07  1.5509E+07  4.8728E+05  1.2475E+07   32967
    28.-   30.        23  0.2300E-03         3    1.9021E+06  1.5394E+07  1.5348E+07  1.4855E+07  4.9313E+05  1.1967E+07   32920
    30.-   32.        37  0.3700E-03        10    1.8792E+06  1.5651E+07  1.5601E+07  1.5103E+07  4.9850E+05  1.2171E+07   33372
    32.-   34.        41  0.4100E-03        18    1.8622E+06  1.5548E+07  1.5496E+07  1.4990E+07  5.0516E+05  1.2093E+07   34289
    34.-   36.        68  0.6800E-03        10    1.8382E+06  1.5606E+07  1.5550E+07  1.5043E+07  5.0665E+05  1.2141E+07   34777
    36.-   38.        85  0.8500E-03        20    1.8111E+06  1.5338E+07  1.5279E+07  1.4762E+07  5.1650E+05  1.1927E+07   34833
    38.-   40.       117  0.1170E-02        30    1.7869E+06  1.5525E+07  1.5463E+07  1.4939E+07  5.2422E+05  1.2078E+07   35393
    40.-   42.       152  0.1520E-02        25    1.7666E+06  1.5872E+07  1.5805E+07  1.5281E+07  5.2424E+05  1.2353E+07   36299
    42.-   44.       164  0.1640E-02        65    1.7390E+06  1.5689E+07  1.5619E+07  1.5087E+07  5.3167E+05  1.2206E+07   36799
    44.-   46.       203  0.2030E-02        55    1.7129E+06  1.5123E+07  1.5048E+07  1.4510E+07  5.3853E+05  1.1764E+07   36963
    46.-   48.       285  0.2850E-02        64    1.6861E+06  1.5345E+07  1.5267E+07  1.4720E+07  5.4646E+05  1.1936E+07   37420
    48.-   50.       313  0.3130E-02        83    1.6577E+06  1.5196E+07  1.5112E+07  1.4558E+07  5.5410E+05  1.1814E+07   37683
    50.-   52.       338  0.3380E-02       123    1.6306E+06  1.5089E+07  1.5001E+07  1.4441E+07  5.6065E+05  1.1729E+07   38375
    52.-   54.       388  0.3880E-02       149    1.5991E+06  1.4799E+07  1.4706E+07  1.4146E+07  5.6051E+05  1.1504E+07   38716
    54.-   56.       409  0.4090E-02       171    1.5744E+06  1.4832E+07  1.4734E+07  1.4167E+07  5.6711E+05  1.1528E+07   39150
    56.-   58.       518  0.5180E-02       215    1.5409E+06  1.4864E+07  1.4762E+07  1.4188E+07  5.7391E+05  1.1545E+07   39181
    58.-   60.       580  0.5800E-02       259    1.5121E+06  1.4432E+07  1.4324E+07  1.3744E+07  5.8050E+05  1.1203E+07   39536
    60.-   62.       635  0.6350E-02       262    1.4837E+06  1.4402E+07  1.4289E+07  1.3703E+07  5.8655E+05  1.1176E+07   40037
    62.-   64.       742  0.7420E-02       276    1.4525E+06  1.4300E+07  1.4183E+07  1.3592E+07  5.9050E+05  1.1094E+07   40316
    64.-   66.       783  0.7830E-02       309    1.4204E+06  1.4224E+07  1.4101E+07  1.3510E+07  5.9137E+05  1.1028E+07   40117
    66.-   68.       817  0.8170E-02       394    1.3907E+06  1.4141E+07  1.4012E+07  1.3416E+07  5.9606E+05  1.0964E+07   40765
    68.-   70.       942  0.9420E-02       433    1.3564E+06  1.3625E+07  1.3492E+07  1.2901E+07  5.9131E+05  1.0561E+07   40843
    70.-   72.      1041  0.1041E-01       556    1.3244E+06  1.3770E+07  1.3634E+07  1.3038E+07  5.9667E+05  1.0666E+07   40770
    72.-   74.      1013  0.1013E-01       541    1.2879E+06  1.3229E+07  1.3090E+07  1.2491E+07  5.9939E+05  1.0235E+07   40467
    74.-   76.      1116  0.1116E-01       572    1.2540E+06  1.2818E+07  1.2673E+07  1.2075E+07  5.9805E+05  9.9088E+06   40605
    76.-   78.      1222  0.1222E-01       726    1.2241E+06  1.2917E+07  1.2769E+07  1.2171E+07  5.9846E+05  9.9811E+06   40544
    78.-   80.      1220  0.1220E-01       752    1.1867E+06  1.2548E+07  1.2396E+07  1.1798E+07  5.9799E+05  9.6864E+06   40212
    80.-   82.      1333  0.1333E-01       839    1.1573E+06  1.2586E+07  1.2430E+07  1.1833E+07  5.9711E+05  9.7117E+06   40290
    82.-   84.      1400  0.1400E-01       888    1.1215E+06  1.1890E+07  1.1732E+07  1.1135E+07  5.9647E+05  9.1614E+06   39858
    84.-   86.      1471  0.1471E-01       976    1.0858E+06  1.1883E+07  1.1722E+07  1.1135E+07  5.8778E+05  9.1570E+06   39506
    86.-   88.      1532  0.1532E-01       988    1.0533E+06  1.1538E+07  1.1375E+07  1.0788E+07  5.8770E+05  8.8850E+06   39177
    88.-   90.      1545  0.1545E-01      1066    1.0186E+06  1.1451E+07  1.1288E+07  1.0710E+07  5.7789E+05  8.8146E+06   38797
    90.-   92.      1589  0.1589E-01      1125    9.8652E+05  1.1239E+07  1.1073E+07  1.0502E+07  5.7081E+05  8.6513E+06   38532
    92.-   94.      1703  0.1703E-01      1237    9.4752E+05  1.0779E+07  1.0614E+07  1.0047E+07  5.6702E+05  8.2787E+06   37517
    94.-   96.      1697  0.1697E-01      1202    9.1790E+05  1.0439E+07  1.0270E+07  9.7070E+06  5.6305E+05  8.0122E+06   37322
    96.-   98.      1740  0.1740E-01      1267    8.8327E+05  1.0147E+07  9.9787E+06  9.4248E+06  5.5393E+05  7.7827E+06   36711
    98.-  100.      1845  0.1845E-01      1439    8.4720E+05  9.7233E+06  9.5546E+06  9.0089E+06  5.4571E+05  7.4477E+06   35873
   100.-  102.      1800  0.1800E-01      1448    8.1843E+05  9.5990E+06  9.4306E+06  8.8951E+06  5.3551E+05  7.3534E+06   35529
   102.-  104.      1855  0.1855E-01      1408    7.8479E+05  9.2192E+06  9.0512E+06  8.5229E+06  5.2835E+05  7.0501E+06   34553
   104.-  106.      1856  0.1856E-01      1440    7.5392E+05  9.0017E+06  8.8338E+06  8.3138E+06  5.2000E+05  6.8781E+06   33801
   106.-  108.      1833  0.1833E-01      1457    7.2192E+05  8.5385E+06  8.3715E+06  7.8623E+06  5.0913E+05  6.5141E+06   32980
   108.-  110.      1962  0.1962E-01      1486    6.9055E+05  8.2385E+06  8.0726E+06  7.5698E+06  5.0281E+05  6.2721E+06   31996
   110.-  112.      1871  0.1871E-01      1539    6.6091E+05  8.1049E+06  7.9408E+06  7.4571E+06  4.8378E+05  6.1789E+06   31434
   112.-  114.      1921  0.1921E-01      1551    6.3265E+05  7.6665E+06  7.5035E+06  7.0272E+06  4.7630E+05  5.8321E+06   30516
   114.-  116.      1951  0.1951E-01      1611    6.0429E+05  7.5013E+06  7.3399E+06  6.8726E+06  4.6732E+05  5.7013E+06   29684
   116.-  118.      1931  0.1931E-01      1654    5.7442E+05  7.0428E+06  6.8830E+06  6.4221E+06  4.6088E+05  5.3341E+06   28678
   118.-  120.      1941  0.1941E-01      1679    5.4598E+05  6.6320E+06  6.4761E+06  6.0363E+06  4.3980E+05  5.0202E+06   27775
   120.-  122.      2026  0.2026E-01      1730    5.2104E+05  6.4061E+06  6.2514E+06  5.8149E+06  4.3656E+05  4.8377E+06   26783
   122.-  124.      1884  0.1884E-01      1710    4.9598E+05  6.3312E+06  6.1818E+06  5.7702E+06  4.1158E+05  4.7957E+06   26138
   124.-  126.      1845  0.1845E-01      1697    4.6817E+05  5.9045E+06  5.7579E+06  5.3555E+06  4.0247E+05  4.4581E+06   25064
   126.-  128.      1955  0.1955E-01      1642    4.4700E+05  5.7647E+06  5.6216E+06  5.2370E+06  3.8464E+05  4.3595E+06   24488
   128.-  130.      1803  0.1803E-01      1892    4.2157E+05  5.3917E+06  5.2519E+06  4.8778E+06  3.7404E+05  4.0626E+06   23367
   130.-  132.      1829  0.1829E-01      1772    3.9989E+05  5.1702E+06  5.0331E+06  4.6665E+06  3.6656E+05  3.8887E+06   22478
   132.-  134.      1760  0.1760E-01      1933    3.7625E+05  4.9245E+06  4.7924E+06  4.4485E+06  3.4385E+05  3.7085E+06   21696
   134.-  136.      1684  0.1684E-01      1878    3.5422E+05  4.6262E+06  4.4968E+06  4.1618E+06  3.3506E+05  3.4730E+06   20687
   136.-  138.      1700  0.1700E-01      1915    3.3549E+05  4.4188E+06  4.2933E+06  3.9677E+06  3.2564E+05  3.3102E+06   19784
   138.-  140.      1618  0.1618E-01      1854    3.1603E+05  4.1707E+06  4.0486E+06  3.7377E+06  3.1087E+05  3.1207E+06   19074
   140.-  142.      1663  0.1663E-01      1873    2.9547E+05  3.9450E+06  3.8265E+06  3.5294E+06  2.9716E+05  2.9492E+06   18197
   142.-  144.      1586  0.1586E-01      1867    2.7893E+05  3.6937E+06  3.5789E+06  3.2919E+06  2.8696E+05  2.7508E+06   17097
   144.-  146.      1561  0.1561E-01      1773    2.6137E+05  3.5530E+06  3.4419E+06  3.1661E+06  2.7585E+05  2.6486E+06   16667
   146.-  148.      1561  0.1561E-01      1740    2.4368E+05  3.2857E+06  3.1802E+06  2.9206E+06  2.5964E+05  2.4438E+06   15561
   148.-  150.      1493  0.1493E-01      1715    2.2791E+05  3.0854E+06  2.9833E+06  2.7371E+06  2.4621E+05  2.2913E+06   14824
   150.-  152.      1490  0.1490E-01      1809    2.1256E+05  2.8824E+06  2.7846E+06  2.5472E+06  2.3749E+05  2.1342E+06   13876
   152.-  154.      1434  0.1434E-01      1698    2.0042E+05  2.8094E+06  2.7158E+06  2.4924E+06  2.2342E+05  2.0867E+06   13399
   154.-  156.      1343  0.1343E-01      1721    1.8501E+05  2.6015E+06  2.5127E+06  2.3002E+06  2.1241E+05  1.9277E+06   12529
   156.-  158.      1302  0.1302E-01      1639    1.7255E+05  2.4191E+06  2.3347E+06  2.1347E+06  1.9995E+05  1.7891E+06   11783
   158.-  160.      1216  0.1216E-01      1594    1.5928E+05  2.2508E+06  2.1707E+06  1.9822E+06  1.8850E+05  1.6613E+06   11044
   160.-  162.      1176  0.1176E-01      1595    1.4873E+05  2.1040E+06  2.0276E+06  1.8486E+06  1.7901E+05  1.5499E+06   10428
   162.-  164.      1159  0.1159E-01      1474    1.3753E+05  1.9890E+06  1.9164E+06  1.7492E+06  1.6721E+05  1.4670E+06    9883
   164.-  166.      1095  0.1095E-01      1416    1.2730E+05  1.8285E+06  1.7599E+06  1.6003E+06  1.5959E+05  1.3425E+06    9062
   166.-  168.      1070  0.1070E-01      1382    1.1688E+05  1.6507E+06  1.5864E+06  1.4379E+06  1.4852E+05  1.2081E+06    8498
   168.-  170.       988  0.9880E-02      1322    1.0870E+05  1.5740E+06  1.5126E+06  1.3735E+06  1.3905E+05  1.1539E+06    8111
   170.-  172.       950  0.9500E-02      1299    1.0000E+05  1.4834E+06  1.4262E+06  1.2956E+06  1.3064E+05  1.0876E+06    7431
   172.-  174.       856  0.8560E-02      1291    9.1503E+04  1.3640E+06  1.3096E+06  1.1873E+06  1.2227E+05  9.9740E+05    6984
   174.-  176.       848  0.8480E-02      1203    8.4055E+04  1.2196E+06  1.1690E+06  1.0557E+06  1.1325E+05  8.8809E+05    6443
   176.-  178.       811  0.8110E-02      1182    7.6812E+04  1.1313E+06  1.0829E+06  9.7776E+05  1.0516E+05  8.2290E+05    6028
   178.-  180.       780  0.7800E-02      1103    7.0570E+04  1.0202E+06  9.7475E+05  8.7535E+05  9.9401E+04  7.3823E+05    5559
   180.-  182.       688  0.6880E-02      1116    6.4306E+04  9.4173E+05  8.9993E+05  8.0818E+05  9.1756E+04  6.8088E+05    5129
   182.-  184.       672  0.6720E-02      1030    5.9264E+04  8.5593E+05  8.1712E+05  7.3174E+05  8.5382E+04  6.1706E+05    4724
   184.-  186.       651  0.6510E-02       922    5.3837E+04  7.9645E+05  7.6107E+05  6.8239E+05  7.8678E+04  5.7515E+05    4301
   186.-  188.       585  0.5850E-02      1002    4.9121E+04  7.3207E+05  6.9936E+05  6.2692E+05  7.2433E+04  5.2865E+05    3954
   188.-  190.       568  0.5680E-02       993    4.4580E+04  6.7322E+05  6.4307E+05  5.7674E+05  6.6326E+04  4.8571E+05    3592
   190.-  192.       504  0.5040E-02       927    4.1065E+04  6.1684E+05  5.8835E+05  5.2557E+05  6.2781E+04  4.4326E+05    3376
   192.-  194.       442  0.4420E-02       989    3.7745E+04  5.7177E+05  5.4537E+05  4.8835E+05  5.7023E+04  4.1236E+05    3168
   194.-  196.       433  0.4330E-02       848    3.3951E+04  5.0956E+05  4.8463E+05  4.3171E+05  5.2925E+04  3.6467E+05    2884
   196.-  198.       398  0.3980E-02       749    3.1008E+04  4.8457E+05  4.6167E+05  4.1243E+05  4.9246E+04  3.4805E+05    2674
   198.-  200.       391  0.3910E-02     10280    2.5958E+05  4.1473E+06  3.9193E+06  3.4529E+06  4.6647E+05  2.9236E+06   24440
   200.-   SUT      4115  0.4115E-01

                   99999  1.0000E+00     99999    9.4640E+07  9.0535E+08  8.9558E+08  8.5539E+08  4.0190E+07  6.9726E+08 2628775
1
     RECOILS



     DEPTH(A)     INLOSS(EV)   TELOSS(EV)   ELLOSS(EV)   DAMAGE(EV)   PHONON(EV)     DPA  DPA(1)  DPA(2)

     0.-    2.    4.3675E+05   7.1233E+06   5.7645E+06   1.7565E+06   4.0080E+06   24993   24993       0
     2.-    4.    6.6996E+05   9.9069E+06   8.2986E+06   3.1799E+06   5.1187E+06   40267   40267       0
     4.-    6.    8.8527E+05   1.2387E+07   1.0439E+07   4.1883E+06   6.2503E+06   50975   50975       0
     6.-    8.    1.0684E+06   1.4543E+07   1.2294E+07   5.0617E+06   7.2325E+06   59599   59599       0
     8.-   10.    1.2187E+06   1.6266E+07   1.3755E+07   5.6821E+06   8.0730E+06   66346   66346       0
    10.-   12.    1.3646E+06   1.7944E+07   1.5203E+07   6.3862E+06   8.8166E+06   72843   72843       0
    12.-   14.    1.4911E+06   1.9327E+07   1.6382E+07   6.9018E+06   9.4807E+06   78504   78504       0
    14.-   16.    1.6116E+06   2.0655E+07   1.7524E+07   7.4550E+06   1.0069E+07   83775   83775       0
    16.-   18.    1.7211E+06   2.1972E+07   1.8676E+07   8.0615E+06   1.0614E+07   88988   88988       0
    18.-   20.    1.8218E+06   2.3079E+07   1.9630E+07   8.5108E+06   1.1119E+07   93680   93680       0
    20.-   22.    1.9158E+06   2.3981E+07   2.0386E+07   8.7898E+06   1.1596E+07   97593   97593       0
    22.-   24.    2.0070E+06   2.5127E+07   2.1387E+07   9.3221E+06   1.2065E+07  101958  101958       0
    24.-   26.    2.0939E+06   2.6095E+07   2.2220E+07   9.7174E+06   1.2503E+07  105692  105692       0
    26.-   28.    2.1716E+06   2.6891E+07   2.2882E+07   9.9607E+06   1.2921E+07  109215  109215       0
    28.-   30.    2.2493E+06   2.7812E+07   2.3691E+07   1.0371E+07   1.3320E+07  113096  113096       0
    30.-   32.    2.3259E+06   2.8677E+07   2.4433E+07   1.0735E+07   1.3698E+07  116274  116274       0
    32.-   34.    2.3949E+06   2.9493E+07   2.5141E+07   1.1072E+07   1.4069E+07  120261  120261       0
    34.-   36.    2.4476E+06   3.0181E+07   2.5717E+07   1.1288E+07   1.4429E+07  123020  123020       0
    36.-   38.    2.5055E+06   3.0904E+07   2.6338E+07   1.1578E+07   1.4760E+07  125445  125445       0
    38.-   40.    2.5599E+06   3.1507E+07   2.6845E+07   1.1783E+07   1.5062E+07  128097  128097       0
    40.-   42.    2.6168E+06   3.2153E+07   2.7399E+07   1.2029E+07   1.5369E+07  131155  131155       0
    42.-   44.    2.6624E+06   3.2743E+07   2.7905E+07   1.2275E+07   1.5630E+07  133197  133197       0
    44.-   46.    2.7091E+06   3.3291E+07   2.8366E+07   1.2463E+07   1.5904E+07  135883  135883       0
    46.-   48.    2.7457E+06   3.3752E+07   2.8738E+07   1.2546E+07   1.6192E+07  136942  136942       0
    48.-   50.    2.7876E+06   3.4299E+07   2.9208E+07   1.2767E+07   1.6441E+07  138925  138925       0
    50.-   52.    2.8284E+06   3.4937E+07   2.9764E+07   1.3062E+07   1.6701E+07  142677  142677       0
    52.-   54.    2.8624E+06   3.5391E+07   3.0149E+07   1.3224E+07   1.6925E+07  143964  143964       0
    54.-   56.    2.8835E+06   3.5703E+07   3.0403E+07   1.3272E+07   1.7131E+07  144616  144616       0
    56.-   58.    2.9091E+06   3.6123E+07   3.0768E+07   1.3478E+07   1.7290E+07  146940  146940       0
    58.-   60.    2.9332E+06   3.6428E+07   3.1014E+07   1.3529E+07   1.7485E+07  147790  147790       0
    60.-   62.    2.9562E+06   3.6846E+07   3.1375E+07   1.3718E+07   1.7657E+07  150087  150087       0
    62.-   64.    2.9684E+06   3.7115E+07   3.1610E+07   1.3849E+07   1.7761E+07  150957  150957       0
    64.-   66.    2.9879E+06   3.7298E+07   3.1756E+07   1.3872E+07   1.7884E+07  152531  152531       0
    66.-   68.    2.9902E+06   3.7420E+07   3.1847E+07   1.3867E+07   1.7980E+07  152237  152237       0
    68.-   70.    2.9926E+06   3.7505E+07   3.1914E+07   1.3869E+07   1.8044E+07  152474  152474       0
    70.-   72.    2.9931E+06   3.7658E+07   3.2051E+07   1.3966E+07   1.8085E+07  152964  152964       0
    72.-   74.    2.9845E+06   3.7515E+07   3.1905E+07   1.3807E+07   1.8098E+07  152525  152525       0
    74.-   76.    2.9743E+06   3.7475E+07   3.1866E+07   1.3785E+07   1.8081E+07  152479  152479       0
    76.-   78.    2.9608E+06   3.7432E+07   3.1841E+07   1.3816E+07   1.8025E+07  151900  151900       0
    78.-   80.    2.9416E+06   3.7156E+07   3.1586E+07   1.3641E+07   1.7945E+07  150762  150762       0
    80.-   82.    2.9225E+06   3.7038E+07   3.1483E+07   1.3569E+07   1.7913E+07  149647  149647       0
    82.-   84.    2.8958E+06   3.6784E+07   3.1270E+07   1.3495E+07   1.7775E+07  149413  149413       0
    84.-   86.    2.8650E+06   3.6389E+07   3.0921E+07   1.3289E+07   1.7632E+07  148240  148240       0
    86.-   88.    2.8334E+06   3.5963E+07   3.0568E+07   1.3161E+07   1.7407E+07  146533  146533       0
    88.-   90.    2.7870E+06   3.5513E+07   3.0216E+07   1.3107E+07   1.7109E+07  144876  144876       0
    90.-   92.    2.7289E+06   3.4715E+07   2.9555E+07   1.2864E+07   1.6691E+07  141634  141634       0
    92.-   94.    2.6594E+06   3.3379E+07   2.8415E+07   1.2335E+07   1.6080E+07  137874  137874       0
    94.-   96.    2.5625E+06   3.1902E+07   2.7249E+07   1.2065E+07   1.5183E+07  133078  133078       0
    96.-   98.    2.4219E+06   2.9558E+07   2.5405E+07   1.1690E+07   1.3715E+07  126156  126156       0
    98.-  100.    2.1369E+06   2.4807E+07   2.1546E+07   1.0546E+07   1.1000E+07  111431  111431       0
   100.-  102.    1.2612E+06   1.3092E+07   1.1507E+07   6.0869E+06   5.4201E+06   60076   60076       0
   102.-  104.    3.4149E+04   2.8815E+05   2.3198E+05   6.4567E+04   1.6741E+05     929     929       0
   104.-  106.    0.0000E+00   0.0000E+00   0.0000E+00   0.0000E+00   0.0000E+00       0       0       0
   106.-  108.    0.0000E+00   0.0000E+00   0.0000E+00   0.0000E+00   0.0000E+00       0       0       0
   108.-  110.    0.0000E+00   0.0000E+00   0.0000E+00   0.0000E+00   0.0000E+00       0       0       0
   110.-  112.    0.0000E+00   0.0000E+00   0.0000E+00   0.0000E+00   0.0000E+00       0       0       0
   112.-  114.    0.0000E+00   0.0000E+00   0.0000E+00   0.0000E+00   0.0000E+00       0       0       0
   114.-  116.    0.0000E+00   0.0000E+00   0.0000E+00   0.0000E+00   0.0000E+00       0       0       0
   116.-  118.    0.0000E+00   0.0000E+00   0.0000E+00   0.0000E+00   0.0000E+00       0       0       0
   118.-  120.    0.0000E+00   0.0000E+00   0.0000E+00   0.0000E+00   0.0000E+00       0       0       0
   120.-  122.    0.0000E+00   0.0000E+00   0.0000E+00   0.0000E+00   0.0000E+00       0       0       0
   122.-  124.    0.0000E+00   0.0000E+00   0.0000E+00   0.0000E+00   0.0000E+00       0       0       0
   124.-  126.    0.0000E+00   0.0000E+00   0.0000E+00   0.0000E+00   0.0000E+00       0       0       0
   126.-  128.    0.0000E+00   0.0000E+00   0.0000E+00   0.0000E+00   0.0000E+00       0       0       0
   128.-  130.    0.0000E+00   0.0000E+00   0.0000E+00   0.0000E+00   0.0000E+00       0       0       0
   130.-  132.    0.0000E+00   0.0000E+00   0.0000E+00   0.0000E+00   0.0000E+00       0       0       0
   132.-  134.    0.0000E+00   0.0000E+00   0.0000E+00   0.0000E+00   0.0000E+00       0       0       0
   134.-  136.    0.0000E+00   0.0000E+00   0.0000E+00   0.0000E+00   0.0000E+00       0       0       0
   136.-  138.    0.0000E+00   0.0000E+00   0.0000E+00   0.0000E+00   0.0000E+00       0       0       0
   138.-  140.    0.0000E+00   0.0000E+00   0.0000E+00   0.0000E+00   0.0000E+00       0       0       0
   140.-  142.    0.0000E+00   0.0000E+00   0.0000E+00   0.0000E+00   0.0000E+00       0       0       0
   142.-  144.    0.0000E+00   0.0000E+00   0.0000E+00   0.0000E+00   0.0000E+00       0       0       0
   144.-  146.    0.0000E+00   0.0000E+00   0.0000E+00   0.0000E+00   0.0000E+00       0       0       0
   146.-  148.    0.0000E+00   0.0000E+00   0.0000E+00   0.0000E+00   0.0000E+00       0       0       0
   148.-  150.    0.0000E+00   0.0000E+00   0.0000E+00   0.0000E+00   0.0000E+00       0       0       0
   150.-  152.    0.0000E+00   0.0000E+00   0.0000E+00   0.0000E+00   0.0000E+00       0       0       0
   152.-  154.    0.0000E+00   0.0000E+00   0.0000E+00   0.0000E+00   0.0000E+00       0       0       0
   154.-  156.    0.0000E+00   0.0000E+00   0.0000E+00   0.0000E+00   0.0000E+00       0       0       0
   156.-  158.    0.0000E+00   0.0000E+00   0.0000E+00   0.0000E+00   0.0000E+00       0       0       0
   158.-  160.    0.0000E+00   0.0000E+00   0.0000E+00   0.0000E+00   0.0000E+00       0       0       0
   160.-  162.    0.0000E+00   0.0000E+00   0.0000E+00   0.0000E+00   0.0000E+00       0       0       0
   162.-  164.    0.0000E+00   0.0000E+00   0.0000E+00   0.0000E+00   0.0000E+00       0       0       0
   164.-  166.    0.0000E+00   0.0000E+00   0.0000E+00   0.0000E+00   0.0000E+00       0       0       0
   166.-  168.    0.0000E+00   0.0000E+00   0.0000E+00   0.0000E+00   0.0000E+00       0       0       0
   168.-  170.    0.0000E+00   0.0000E+00   0.0000E+00   0.0000E+00   0.0000E+00       0       0       0
   170.-  172.    0.0000E+00   0.0000E+00   0.0000E+00   0.0000E+00   0.0000E+00       0       0       0
   172.-  174.    0.0000E+00   0.0000E+00   0.0000E+00   0.0000E+00   0.0000E+00       0       0       0
   174.-  176.    0.0000E+00   0.0000E+00   0.0000E+00   0.0000E+00   0.0000E+00       0       0       0
   176.-  178.    0.0000E+00   0.0000E+00   0.0000E+00   0.0000E+00   0.0000E+00       0       0       0
   178.-  180.    0.0000E+00   0.0000E+00   0.0000E+00   0.0000E+00   0.0000E+00       0       0       0
   180.-  182.    0.0000E+00   0.0000E+00   0.0000E+00   0.0000E+00   0.0000E+00       0       0       0
   182.-  184.    0.0000E+00   0.0000E+00   0.0000E+00   0.0000E+00   0.0000E+00       0       0       0
   184.-  186.    0.0000E+00   0.0000E+00   0.0000E+00   0.0000E+00   0.0000E+00       0       0       0
   186.-  188.    0.0000E+00   0.0000E+00   0.0000E+00   0.0000E+00   0.0000E+00       0       0       0
   188.-  190.    0.0000E+00   0.0000E+00   0.0000E+00   0.0000E+00   0.0000E+00       0       0       0
   190.-  192.    0.0000E+00   0.0000E+00   0.0000E+00   0.0000E+00   0.0000E+00       0       0       0
   192.-  194.    0.0000E+00   0.0000E+00   0.0000E+00   0.0000E+00   0.0000E+00       0       0       0
   194.-  196.    0.0000E+00   0.0000E+00   0.0000E+00   0.0000E+00   0.0000E+00       0       0       0
   196.-  198.    0.0000E+00   0.0000E+00   0.0000E+00   0.0000E+00   0.0000E+00       0       0       0
   198.-  200.    0.0000E+00   0.0000E+00   0.0000E+00   0.0000E+00   0.0000E+00       0       0       0

                  1.2076E+08   1.5115E+09   1.2868E+09   5.6091E+08   7.2593E+08 6171513 6171513       0
1     BACKWARD SPUTTERING



        ALL SPUTTERED PARTICLES =   79202   TOTAL SPUTTERED ENERGY = 0.4144E+07 EV


        SPUTTERED PARTICLES (1.LAYER) =   79202   SPUTTERED ENERGY = 0.4144E+07 EV


 1.LAYER
         SPUTTERED PARTICLES(1) =   79202     SPUTTERED ENERGY(1) = 0.4144E+07 EV

         ION IN , PRIMARY KO(1) =   15754   0.1989   0.1989    ENERGY = 0.1695E+07 EV   0.4089   0.4089    MEAN ENERGY = 0.1076E+03
         ION IN , SECOND. KO(1) =   63448   0.8011   0.8011    ENERGY = 0.2450E+07 EV   0.5911   0.5911    MEAN ENERGY = 0.3861E+02
        ION OUT , PRIMARY KO(1) =       0   0.0000   0.0000    ENERGY = 0.0000E+00 EV   0.0000   0.0000    MEAN ENERGY = 0.0000E+00
        ION OUT , SECOND. KO(1) =       0   0.0000   0.0000    ENERGY = 0.0000E+00 EV   0.0000   0.0000    MEAN ENERGY = 0.0000E+00


     SPUTTERING YIELD(1) =  7.920E-01  SPUTTERED ENERGY(1) =  4.144E-03  REL.MEAN ENERGY(1) =  5.233E-03  MEAN ENERGY(1) =  5.233E+01

                       MEAN        VARIANCE      SKEWNESS      KURTOSIS        SIGMA       ERROR 1.M     ERROR 2.M     ERROR 3.M 
    ENERGY(1)       5.2327E+01    9.9821E+03    5.2086E+00    4.5972E+01    9.9910E+01    3.5501E-01    2.3786E+02    1.5936E-01
 LOGENERGY(1)       1.2934E+00    3.7670E-01    5.7051E-02    2.8413E+00    6.1376E-01    2.1811E-03    1.8166E-03    7.6790E-03

                     1.MOMENT      2.MOMENT      3.MOMENT      4.MOMENT      5.MOMENT      6.MOMENT 
    ENERGY(1)       5.2327E+01    1.2720E+04    6.9049E+06    5.8395E+09    6.6538E+12    9.3783E+15
 LOGENERGY(1)       1.2934E+00    2.0496E+00    3.6387E+00    7.0513E+00    1.4600E+01    3.1872E+01



     POLAR ANGULAR DISTRIBUTION OF ALL BACKWARD SPUTTERED PARTICLES


       0.00  0.00  0.00  0.00  0.00  0.00  0.00  0.00  0.00  0.00  0.00  0.00  0.00  0.00  0.00  0.00  0.00  0.00  0.00  0.00

        136   416   659  1048  1418  1775  2329  2767  3217  3709  4171  4707  5201  5641  6025  6366  6730  7160  7600  8127
      0.034 0.105 0.166 0.265 0.358 0.448 0.588 0.699 0.812 0.937 1.053 1.189 1.313 1.424 1.521 1.608 1.699 1.808 1.919 2.052
1 LOG ENERGY - COS OF EMISSION ANGLE (0.05 STEPS)   (BACKWARD SPUTTERED PARTICLES) ; 1. LAYER ; SPECIES 1


   0.0000E+00    1    2    3    4    5    6    7    8    9   10   11   12   13   14   15   16   17   18   19   20     0  0.0000E+00
   0.1000E+00    0    0    0    0    0    0    0    0    1    1    1    1    2    3    1    2    4    0    2    3    21  0.2100E-02
   0.1212E+00    0    0    0    0    0    0    0    0    0    0    0    0    0    0    0    0    0    0    0    0     0  0.0000E+00
   0.1468E+00    0    0    0    0    0    0    0    0    0    0    0    0    0    0    0    0    0    0    0    0     0  0.0000E+00
   0.1778E+00    0    0    0    0    0    0    0    0    0    0    0    0    0    0    0    0    0    0    0    0     0  0.0000E+00
   0.2154E+00    0    0    0    0    0    0    0    0    0    0    0    0    0    0    0    0    0    0    0    0     0  0.0000E+00
   0.2610E+00    0    0    0    0    0    0    0    0    0    0    0    0    0    0    0    0    0    0    0    0     0  0.0000E+00
   0.3162E+00    0    0    0    0    0    0    0    0    0    0    0    0    0    0    0    0    0    0    0    0     0  0.0000E+00
   0.3831E+00    0    0    0    0    0    0    0    0    0    0    0    0    0    0    0    0    0    0    0    0     0  0.0000E+00
   0.4642E+00    0    0    0    0    0    0    0    0    0    0    0    0    0    0    0    0    0    0    0    0     0  0.0000E+00
   0.5623E+00    0    0    0    0    0    0    0    0    0    0    0    0    0    0    0    0    0    0    0    0     0  0.0000E+00
   0.6813E+00    0    0    0    0    0    0    0    0    0    0    0    0    0    0    0    0    0    0    0    0     0  0.0000E+00
   0.8254E+00    0    0    0    0    0    0    0    0    0    0    0    0    0    0    0    0    0    0    0    0     0  0.0000E+00
   0.1000E+01    0    0    0    0    0    0    0    0    0    0    0    0    0    0    0    0    0    0    0    0     0  0.0000E+00
   0.1212E+01    0    0    0    0    0    0    0    0    0    0    0    0    0    0    0    0    0    0    0    0     0  0.0000E+00
   0.1468E+01    0    0    0    0    0    0    0    0    0    0    0    0    0    0    0    0    0    0    0    0     0  0.0000E+00
   0.1778E+01    0    0    0    0    0    0    0    0    0    0    0    0    0    0    0    0    0    0    0    0     0  0.0000E+00
   0.2154E+01    0    0    0    0    0    0    0    0    0    0    0    0    0    0    0    0    0    0    0    0     0  0.0000E+00
   0.2610E+01    0    0    0    0    0    0    0    0    0    0    0    0    0    0    0    0    0    0    0    0     0  0.0000E+00
   0.3162E+01    0    0    0    0    0    0    0    0    0    0    0    0    0    0    0    0    0    0    0    0     0  0.0000E+00
   0.3831E+01    0    0    0    0    0    0    0    0    0    0    0    0    0    0    0    0    0    0    0    0     0  0.0000E+00
   0.4642E+01    0    0    0    0    0    0    0    0    0    0    0    0    0    0    0    0    0    0    0    0     0  0.0000E+00
   0.5623E+01    0    0    0    0    0    0    0    0    0    0    0    0    0    0    0    0    0    0    0    0     0  0.0000E+00
   0.6813E+01    0    0    0    0    0    0    0    0    0    0    0    0    0    0    0    0    0    0    0    0     0  0.0000E+00
   0.8254E+01    0    0    0    0    0    0    0    0    0    0    0    0    0    0    0    0    0    0    0    0     0  0.0000E+00
   0.1000E+02    0    0    0    0    0    0    0    0    0    0    0    0    0    0    0    0    0    0    0    0     0  0.0000E+00
   0.1212E+02    0    0    0    0    0    0    0    0    0    0    0    0    0    0    0    0    0    0    0    0     0  0.0000E+00
   0.1468E+02    0    0    0    0    0    0    0    0    0    0    0    0    0    0    0    0    0    0    0    0     0  0.0000E+00
   0.1778E+02    0    0    0    0    0    0    0    0    0    0    0    0    0    0    0    0    0    0    0    0     0  0.0000E+00
   0.2154E+02    0    0    0    0    0    0    0    0    0    0    0    0    0    0    0    0    0    0    0    0     0  0.0000E+00
   0.2610E+02    0    0    0    0    0    0    0    0    0    0    0    0    0    0    0    0    0    0    0    0     0  0.0000E+00
   0.3162E+02    0    0    0    0    0    0    0    0    0    0    0    0    0    0    0    0    0    0    0    0     0  0.0000E+00
   0.3831E+02    0    0    0    0    0    0    0    0    0    0    0    0    0    0    0    0    0    0    0    0     0  0.0000E+00
   0.4642E+02    0    0    0    0    0    0    0    0    0    0    0    0    0    0    0    0    0    0    0    0     0  0.0000E+00
   0.5623E+02    0    0    0    0    0    0    0    0    0    0    0    0    0    0    0    0    0    0    0    0     0  0.0000E+00
   0.6813E+02    0    0    0    0    0    0    0    0    0    0    0    0    0    0    0    0    0    0    0    0     0  0.0000E+00
   0.8254E+02    0    0    0    0    0    0    0    0    0    0    0    0    0    0    0    0    0    0    0    0     0  0.0000E+00
   0.1000E+03    0    0    0    0    0    0    0    0    0    0    0    0    0    0    0    0    0    0    0    0     0  0.0000E+00
   0.1212E+03    0    0    0    0    0    0    0    0    0    0    0    0    0    0    0    0    0    0    0    0     0  0.0000E+00
   0.1468E+03    0    0    0    0    0    0    0    0    0    0    0    0    0    0    0    0    0    0    0    0     0  0.0000E+00
   0.1778E+03    0    0    0    0    0    0    0    0    0    0    0    0    0    0    0    0    0    0    0    0     0  0.0000E+00
   0.2154E+03    0    0    0    0    0    0    0    0    0    0    0    0    0    0    0    0    0    0    0    0     0  0.0000E+00
   0.2610E+03    0    0    0    0    0    0    0    0    0    0    0    0    0    0    0    0    0    0    0    0     0  0.0000E+00
   0.3162E+03    0    0    0    0    0    0    0    0    0    0    0    0    0    0    0    0    0    0    0    0     0  0.0000E+00
   0.3831E+03    0    0    0    0    0    0    0    0    0    0    0    0    0    0    0    0    0    0    0    0     0  0.0000E+00
   0.4642E+03    0    0    0    0    0    0    0    0    0    0    0    0    0    0    0    0    0    0    0    0     0  0.0000E+00
   0.5623E+03    0    0    0    0    0    0    0    0    0    0    0    0    0    0    0    0    0    0    0    0     0  0.0000E+00
   0.6813E+03    0    0    0    0    0    0    0    0    0    0    0    0    0    0    0    0    0    0    0    0     0  0.0000E+00
   0.8254E+03    0    0    0    0    0    0    0    0    0    0    0    0    0    0    0    0    0    0    0    0     0  0.0000E+00
   0.1000E+04    0    0    0    0    0    0    0    0    0    0    0    0    0    0    0    0    0    0    0    0     0  0.0000E+00
   0.1212E+04    0    0    0    0    0    0    0    0    0    0    0    0    0    0    0    0    0    0    0    0     0  0.0000E+00
   0.1468E+04    0    0    0    0    0    0    0    0    0    0    0    0    0    0    0    0    0    0    0    0     0  0.0000E+00
   0.1778E+04    0    0    0    0    0    0    0    0    0    0    0    0    0    0    0    0    0    0    0    0     0  0.0000E+00
   0.2154E+04    0    0    0    0    0    0    0    0    0    0    0    0    0    0    0    0    0    0    0    0     0  0.0000E+00
   0.2610E+04    0    0    0    0    0    0    0    0    0    0    0    0    0    0    0    0    0    0    0    0     0  0.0000E+00
   0.3162E+04    0    0    0    0    0    0    0    0    0    0    0    0    0    0    0    0    0    0    0    0     0  0.0000E+00
   0.3831E+04    0    0    0    0    0    0    0    0    0    0    0    0    0    0    0    0    0    0    0    0     0  0.0000E+00
   0.4642E+04    0    0    0    0    0    0    0    0    0    0    0    0    0    0    0    0    0    0    0    0     0  0.0000E+00
   0.5623E+04    0    0    0    0    0    0    0    0    0    0    0    0    0    0    0    0    0    0    0    0     0  0.0000E+00
   0.6813E+04    0    0    0    0    0    0    0    0    0    0    0    0    0    0    0    0    0    0    0    0     0  0.0000E+00
   0.8254E+04    0    0    0    0    0    0    0    0    0    0    0    0    0    0    0    0    0    0    0    0     0  0.0000E+00
   0.1000E+05    0    0    0    0    0    0    0    0    0    0    0    0    0    0    0    0    0    0    0    0     0  0.0000E+00
   0.1212E+05    0    0    0    0    0    0    0    0    0    0    0    0    0    0    0    0    0    0    0    0     0  0.0000E+00
   0.1468E+05    0    0    0    0    0    0    0    0    0    0    0    0    0    0    0    0    0    0    0    0     0  0.0000E+00
   0.1778E+05    0    0    0    0    0    0    0    0    0    0    0    0    0    0    0    0    0    0    0    0     0  0.0000E+00
   0.2154E+05    0    0    0    0    0    0    0    0    0    0    0    0    0    0    0    0    0    0    0    0     0  0.0000E+00
   0.2610E+05    0    0    0    0    0    0    0    0    0    0    0    0    0    0    0    0    0    0    0    0     0  0.0000E+00
   0.3162E+05    0    0    0    0    0    0    0    0    0    0    0    0    0    0    0    0    0    0    0    0     0  0.0000E+00
   0.3831E+05    0    0    0    0    0    0    0    0    0    0    0    0    0    0    0    0    0    0    0    0     0  0.0000E+00
   0.4642E+05    0    0    0    0    0    0    0    0    0    0    0    0    0    0    0    0    0    0    0    0     0  0.0000E+00
   0.5623E+05    0    0    0    0    0    0    0    0    0    0    0    0    0    0    0    0    0    0    0    0     0  0.0000E+00
   0.6813E+05    0    0    0    0    0    0    0    0    0    0    0    0    0    0    0    0    0    0    0    0     0  0.0000E+00
   0.8254E+05    0    0    0    0    0    0    0    0    0    0    0    0    0    0    0    0    0    0    0    0     0  0.0000E+00
   0.1000E+06    0    0    0    0    0    0    0    0    0    0    0    0    0    0    0    0    0    0    0    0     0  0.0000E+00
   0.0000E+00  272  832 1318 2096 2836 3550 4658 5534 6433 7417 8341 94131040011279120491273013456143201519816251158383  0.0000E+00
1ENERGY(E/E0 IN %) - POLAR ANGLE IN COS-INTERVALS (0.05)  (BACKWARD SPUTTERED PARTICLES) , 1.LAYER , SPECIES 1

     0    1    2    3    4    5    6    7    8    9   10   11   12   13   14   15   16   17   18   19   20      0
     1  125  386  608  943 1237 1488 1908 2259 2637 3054 3433 3930 4382 4815 5214 5603 5934 6344 6885 7401  68586
     2    8   21   36   66  103  132  213  240  289  342  384  425  463  487  463  472  482  527  493  469   6115
     3    1    4    8   20   26   64   91  114  119  140  164  169  173  179  156  134  161  155  115  146   2139
     4    1    2    3    9   18   28   46   53   63   74   94   56   73   73   80   67   70   63   55   60    988
     5    1    2    1    5   13   25   24   34   45   45   41   52   43   37   35   37   37   34   27   23    561
     6    0    0    2    1    4   13   17   17   27   20   18   31   29   23   29   22   21   11   17   12    314
     7    0    0    0    2    3   14   12   15   16    9   11   16   16    9   15   14   11   12    2    9    186
     8    0    0    0    1    6    3    3   15    4    8   10   10    9    6   10    7    7    7    2    5    113
     9    0    1    0    0    3    0    4    9    5    5    6    7    5    5    9    3    3    3    2    0     70
    10    0    0    1    1    1    3    1    3    4    5    6    8    5    1    7    3    1    3    1    1     55
    11    0    0    0    0    1    3    4    2    0    1    4    2    2    3    1    2    1    1    0    0     27
    12    0    0    0    0    1    0    1    1    3    4    0    0    0    1    3    1    0    0    0    1     16
    13    0    0    0    0    2    0    2    1    2    1    0    1    1    1    2    1    0    0    1    0     15
    14    0    0    0    0    0    1    1    0    2    0    0    0    0    0    0    0    1    0    0    0      5
    15    0    0    0    0    0    0    1    1    1    0    0    0    0    0    1    0    0    0    0    0      4
    16    0    0    0    0    0    0    0    1    0    0    0    0    0    0    0    0    0    0    0    0      1
    17    0    0    0    0    0    1    0    0    0    0    0    0    0    0    0    0    0    0    0    0      1
    18    0    0    0    0    0    0    1    1    0    0    0    0    0    0    0    0    0    0    0    0      2
    19    0    0    0    0    0    0    0    0    0    0    0    0    0    0    0    0    0    0    0    0      0
    20    0    0    0    0    0    0    0    0    0    0    0    0    0    0    0    0    0    0    0    0      0
    21    0    0    0    0    0    0    0    0    0    1    0    0    0    1    0    0    0    0    0    0      2
    22    0    0    0    0    0    0    0    1    0    0    0    0    0    0    0    0    1    0    0    0      2
    23    0    0    0    0    0    0    0    0    0    0    0    0    0    0    0    0    0    0    0    0      0
    24    0    0    0    0    0    0    0    0    0    0    0    0    0    0    0    0    0    0    0    0      0
    25    0    0    0    0    0    0    0    0    0    0    0    0    0    0    0    0    0    0    0    0      0
    26    0    0    0    0    0    0    0    0    0    0    0    0    0    0    0    0    0    0    0    0      0
    27    0    0    0    0    0    0    0    0    0    0    0    0    0    0    0    0    0    0    0    0      0
    28    0    0    0    0    0    0    0    0    0    0    0    0    0    0    0    0    0    0    0    0      0
    29    0    0    0    0    0    0    0    0    0    0    0    0    0    0    0    0    0    0    0    0      0
    30    0    0    0    0    0    0    0    0    0    0    0    0    0    0    0    0    0    0    0    0      0
    31    0    0    0    0    0    0    0    0    0    0    0    0    0    0    0    0    0    0    0    0      0
    32    0    0    0    0    0    0    0    0    0    0    0    0    0    0    0    0    0    0    0    0      0
    33    0    0    0    0    0    0    0    0    0    0    0    0    0    0    0    0    0    0    0    0      0
    34    0    0    0    0    0    0    0    0    0    0    0    0    0    0    0    0    0    0    0    0      0
    35    0    0    0    0    0    0    0    0    0    0    0    0    0    0    0    0    0    0    0    0      0
    36    0    0    0    0    0    0    0    0    0    0    0    0    0    0    0    0    0    0    0    0      0
    37    0    0    0    0    0    0    0    0    0    0    0    0    0    0    0    0    0    0    0    0      0
    38    0    0    0    0    0    0    0    0    0    0    0    0    0    0    0    0    0    0    0    0      0
    39    0    0    0    0    0    0    0    0    0    0    0    0    0    0    0    0    0    0    0    0      0
    40    0    0    0    0    0    0    0    0    0    0    0    0    0    0    0    0    0    0    0    0      0
    41    0    0    0    0    0    0    0    0    0    0    0    0    0    0    0    0    0    0    0    0      0
    42    0    0    0    0    0    0    0    0    0    0    0    0    0    0    0    0    0    0    0    0      0
    43    0    0    0    0    0    0    0    0    0    0    0    0    0    0    0    0    0    0    0    0      0
    44    0    0    0    0    0    0    0    0    0    0    0    0    0    0    0    0    0    0    0    0      0
    45    0    0    0    0    0    0    0    0    0    0    0    0    0    0    0    0    0    0    0    0      0
    46    0    0    0    0    0    0    0    0    0    0    0    0    0    0    0    0    0    0    0    0      0
    47    0    0    0    0    0    0    0    0    0    0    0    0    0    0    0    0    0    0    0    0      0
    48    0    0    0    0    0    0    0    0    0    0    0    0    0    0    0    0    0    0    0    0      0
    49    0    0    0    0    0    0    0    0    0    0    0    0    0    0    0    0    0    0    0    0      0
    50    0    0    0    0    0    0    0    0    0    0    0    0    0    0    0    0    0    0    0    0      0
    51    0    0    0    0    0    0    0    0    0    0    0    0    0    0    0    0    0    0    0    0      0
    52    0    0    0    0    0    0    0    0    0    0    0    0    0    0    0    0    0    0    0    0      0
    53    0    0    0    0    0    0    0    0    0    0    0    0    0    0    0    0    0    0    0    0      0
    54    0    0    0    0    0    0    0    0    0    0    0    0    0    0    0    0    0    0    0    0      0
    55    0    0    0    0    0    0    0    0    0    0    0    0    0    0    0    0    0    0    0    0      0
    56    0    0    0    0    0    0    0    0    0    0    0    0    0    0    0    0    0    0    0    0      0
    57    0    0    0    0    0    0    0    0    0    0    0    0    0    0    0    0    0    0    0    0      0
    58    0    0    0    0    0    0    0    0    0    0    0    0    0    0    0    0    0    0    0    0      0
    59    0    0    0    0    0    0    0    0    0    0    0    0    0    0    0    0    0    0    0    0      0
    60    0    0    0    0    0    0    0    0    0    0    0    0    0    0    0    0    0    0    0    0      0
    61    0    0    0    0    0    0    0    0    0    0    0    0    0    0    0    0    0    0    0    0      0
    62    0    0    0    0    0    0    0    0    0    0    0    0    0    0    0    0    0    0    0    0      0
    63    0    0    0    0    0    0    0    0    0    0    0    0    0    0    0    0    0    0    0    0      0
    64    0    0    0    0    0    0    0    0    0    0    0    0    0    0    0    0    0    0    0    0      0
    65    0    0    0    0    0    0    0    0    0    0    0    0    0    0    0    0    0    0    0    0      0
    66    0    0    0    0    0    0    0    0    0    0    0    0    0    0    0    0    0    0    0    0      0
    67    0    0    0    0    0    0    0    0    0    0    0    0    0    0    0    0    0    0    0    0      0
    68    0    0    0    0    0    0    0    0    0    0    0    0    0    0    0    0    0    0    0    0      0
    69    0    0    0    0    0    0    0    0    0    0    0    0    0    0    0    0    0    0    0    0      0
    70    0    0    0    0    0    0    0    0    0    0    0    0    0    0    0    0    0    0    0    0      0
    71    0    0    0    0    0    0    0    0    0    0    0    0    0    0    0    0    0    0    0    0      0
    72    0    0    0    0    0    0    0    0    0    0    0    0    0    0    0    0    0    0    0    0      0
    73    0    0    0    0    0    0    0    0    0    0    0    0    0    0    0    0    0    0    0    0      0
    74    0    0    0    0    0    0    0    0    0    0    0    0    0    0    0    0    0    0    0    0      0
    75    0    0    0    0    0    0    0    0    0    0    0    0    0    0    0    0    0    0    0    0      0
    76    0    0    0    0    0    0    0    0    0    0    0    0    0    0    0    0    0    0    0    0      0
    77    0    0    0    0    0    0    0    0    0    0    0    0    0    0    0    0    0    0    0    0      0
    78    0    0    0    0    0    0    0    0    0    0    0    0    0    0    0    0    0    0    0    0      0
    79    0    0    0    0    0    0    0    0    0    0    0    0    0    0    0    0    0    0    0    0      0
    80    0    0    0    0    0    0    0    0    0    0    0    0    0    0    0    0    0    0    0    0      0
    81    0    0    0    0    0    0    0    0    0    0    0    0    0    0    0    0    0    0    0    0      0
    82    0    0    0    0    0    0    0    0    0    0    0    0    0    0    0    0    0    0    0    0      0
    83    0    0    0    0    0    0    0    0    0    0    0    0    0    0    0    0    0    0    0    0      0
    84    0    0    0    0    0    0    0    0    0    0    0    0    0    0    0    0    0    0    0    0      0
    85    0    0    0    0    0    0    0    0    0    0    0    0    0    0    0    0    0    0    0    0      0
    86    0    0    0    0    0    0    0    0    0    0    0    0    0    0    0    0    0    0    0    0      0
    87    0    0    0    0    0    0    0    0    0    0    0    0    0    0    0    0    0    0    0    0      0
    88    0    0    0    0    0    0    0    0    0    0    0    0    0    0    0    0    0    0    0    0      0
    89    0    0    0    0    0    0    0    0    0    0    0    0    0    0    0    0    0    0    0    0      0
    90    0    0    0    0    0    0    0    0    0    0    0    0    0    0    0    0    0    0    0    0      0
    91    0    0    0    0    0    0    0    0    0    0    0    0    0    0    0    0    0    0    0    0      0
    92    0    0    0    0    0    0    0    0    0    0    0    0    0    0    0    0    0    0    0    0      0
    93    0    0    0    0    0    0    0    0    0    0    0    0    0    0    0    0    0    0    0    0      0
    94    0    0    0    0    0    0    0    0    0    0    0    0    0    0    0    0    0    0    0    0      0
    95    0    0    0    0    0    0    0    0    0    0    0    0    0    0    0    0    0    0    0    0      0
    96    0    0    0    0    0    0    0    0    0    0    0    0    0    0    0    0    0    0    0    0      0
    97    0    0    0    0    0    0    0    0    0    0    0    0    0    0    0    0    0    0    0    0      0
    98    0    0    0    0    0    0    0    0    0    0    0    0    0    0    0    0    0    0    0    0      0
    99    0    0    0    0    0    0    0    0    0    0    0    0    0    0    0    0    0    0    0    0      0
   100    0    0    0    0    0    0    0    0    0    0    0    0    0    0    0    0    0    0    0    0      0
     0  136  416  659 1048 1418 1775 2329 2767 3217 3709 4171 4707 5201 5641 6025 6366 6730 7160 7600 8127  79202
1AZIMUTHAL ANGLE - POLAR ANGLE IN COS-INTERVALS (0.05) (BACKWARD SPUTTERED PARTICLES) , 1.LAYER , SPECIES 1

     0    1    2    3    4    5    6    7    8    9   10   11   12   13   14   15   16   17   18   19   20      0
     3    2    3   15   25   24   27   32   48   66   56   68   84   90  100   77   97  113  112  142  135   1316
     6    0    6   13   14   29   26   35   50   48   63   77   92   82  104   99  116  115  123  117  134   1343
     9    2   11    6   19   31   27   35   46   38   59   61   89   96   91   97  101  123  106  113  125   1276
    12    0    6   17   11   22   38   35   36   51   56   65   66   92   84  105  103  142  121  132  136   1318
    15    3   11   13   20   28   24   41   50   52   68   71   79   89   77  105  108  100  118  130  143   1330
    18    3    3   14   22   17   35   35   46   53   59   70   84   78   97   84   88  121  152  123  131   1315
    21    3    6    8   19   19   20   43   46   54   65   67   82   86  101  108  106  125  124  128  130   1340
    24    1    4   14   18   27   22   35   48   53   78   71   61   87   98  104  107  122  106  118  142   1316
    27    2    8   18   16   27   26   25   43   53   58   75   76   80   82   95   93   91  116  119  128   1231
    30    2    8    9   17   25   30   54   58   51   72   72   74   82   89   86  116  126  121  135  130   1357
    33    4    5   13   19   21   29   48   58   54   64   60   68   90   99   99   90  120  121  133  146   1341
    36    1    7   13   19   14   23   32   47   51   66   79   69   90   86   97   93   99   93  118  128   1225
    39    4   11   17   22   29   31   41   32   55   59   58   86   82   91  104   98  118  111  134  139   1322
    42    3    5    8   18   23   34   40   40   52   55   68   88   82   94   84  110  109  111  132  142   1298
    45    1    8   12   13   19   41   36   50   53   59   63   76   72   88  104  113  109  129  125  145   1316
    48    4    9    3   27   26   26   42   50   55   58   81   76   77   96  101  102  105  127  130  151   1346
    51    4    5    5   16   17   32   41   40   64   73   81   85   79   87  108   98  105  122  134  127   1323
    54    6    4   12   24   25   27   40   35   68   58   68   87   99   98  107  117  112  124  123  128   1362
    57    4    9   10   14   37   32   39   46   43   54   55   76   70   78   92  124  107  106  132  120   1248
    60    0    9   12   14   21   35   42   43   64   61   69   81   96   95  100   95  114  114  138  130   1333
    63    1    5   11   16   16   37   35   52   58   61   67   86   81   95   97  112  109  110  138  146   1333
    66    1    7    5   21   32   34   59   41   52   47   60   84   81   95  129   95  123  138  131  150   1385
    69    1   10   11   11   16   26   50   35   59   65   79   81   86  107  101  100  113  122  114  123   1310
    72    1    6    9   17   23   22   43   32   73   71   64   71   79   77  102  109  114  118  141  122   1294
    75    4    4   12   12   21   36   21   51   42   51   73   82   88  104  115  116  121  125  128  128   1334
    78    3    6    9   15   20   30   35   42   51   65   70   81   82   90  100   99   99  120  101  146   1264
    81    1    7    9   20   17   30   34   49   49   61   65   84   99   83   98  111  101  121  148  114   1301
    84    3    4    9   19   28   34   43   54   47   66   85   81   79   94  113  133  105  107  136  137   1377
    87    2    7   15   15   18   34   35   47   43   55   73   87   79   89   90  106  116  127  122  141   1301
    90    0    6   12   16   22   30   35   40   43   59   62   93  103   73   92  116  107  111  122  132   1274
    93    1   11   12   15   21   29   52   51   48   43   62   66   87   87  102  109  107  114  128  150   1295
    96    3    9   15   14   19   21   35   47   65   73   67   82   83   95   87  106  116  112  134  108   1291
    99    3    5   15   17   26   35   36   34   49   69   73   72   94   76  112   99  108  119  114  128   1284
   102    1    7   15   13   26   21   30   42   58   66   71   68   79  101  103  104  114  115  122  139   1295
   105    2   12    5   20   25   30   39   37   51   73   63   91   81   96   94   81  109  141  128  124   1302
   108    2    4   10   17   25   18   40   48   60   60   82   78   99   89  102  103  114  139  115  134   1339
   111    3    9    7   16   17   40   34   56   41   62   46   76   86   90  101  126  114  131  129  143   1327
   114    2   11   14   14   16   24   36   47   59   66   74   78   88   75   96   97  119  115  137  129   1297
   117    3    7    4   21   31   37   30   39   60   59   83   95   91   92  113  115   92  123  133  133   1361
   120    3   10   10   12   21   28   38   56   62   57   65   73   91   99   90  112  108  117  135  137   1324
   123    2    3    9   13   23   30   33   55   52   49   72   77   88  104  110   87  105  120  110  166   1308
   126    1    5   11   20   21   43   40   49   41   63   63   68   87   95  105  115  119  110  136  125   1317
   129    2    6    9   10   26   17   42   53   50   59   86   65   93  103  104   89  131  103  120  143   1311
   132    2   12   11   20   22   29   50   53   62   61   72   81   88   94   90  102  109  118  115  131   1322
   135    1    7   15   21   39   21   26   53   57   68   69   80   87   94  111  108  108  128  124  151   1368
   138    1    7   14   22   28   25   44   46   49   54   86   74   92   86  112  105  119  121  135  116   1336
   141    5   11   10   13   25   31   32   45   44   80   63   79   79   86   94   95  101  131  123  154   1301
   144    6    7    6   28   26   31   49   41   48   72   65   64  111  110  107   97  103  111  116  135   1333
   147    0    0   10   19   26   27   44   49   53   54   71   76   81  107  102  111  102  119  117  130   1298
   150    1    4   13   17   19   29   38   50   57   70   65   75   94   94  101  117   95  102  123  148   1312
   153    4   11   11   11   19   33   38   45   58   69   66   70  100   88  111  113  130  109  124  141   1351
   156    3    8   11   25   31   30   40   54   47   62   64   78   80  101   97   97  105  116  137  129   1315
   159    1    8   15   21   34   39   41   52   45   52   67   81   80   85   96  113  122  126  126  143   1347
   162    2   10   15   26   19   27   39   42   65   67   79   77   87  104  101  111  117  131  139  143   1401
   165    5    6    9   18   30   30   40   42   61   44   65   83   86  101   86  117  118  118  125  136   1320
   168    1    8   14   16   23   27   33   52   57   68   71   87   78  111  104  105  115  116  120  135   1341
   171    3    4    8   19   25   27   35   46   53   60   66   78   79  115  104  107  115  117  117  149   1327
   174    3    5    8   19   16   33   53   51   55   73   87   83   89  107   94  118  113  122  125  132   1386
   177    2    6   11   15   26   29   38   40   54   58   75   84   92  110  103  103  113  136  141  133   1369
   180    2    3    8    7   19   36   43   37   61   56   56   59   95  104  100  132  105  124  115  133   1295
     0  136  416  659 1048 1418 1775 2329 2767 3217 3709 4171 4707 5201 5641 6025 6366 6730 7160 7600 8127  79202
