1
      *** PROGRAM TRVMC95 ***


                              * INPUT DATA *


       Z1        M1          E0       ALPHA       EF        ESB      SHEATH     ERC
     18.00     39.95      2023.00      0.00      0.10      0.00   6069.00      4.70

       NH        RI           X0        RD        CW        CA       KK0   KK0R   KDEE1  KDEE2  IPOT   IPOTR   IRL
     99999 716381.00         0.00    100.00      2.00      1.00       2      2      3      3      1      1      3


             DX      RHO    CK  Z(,1) Z(,2) Z(,3) Z(,4) Z(,5)  M(,1)  M(,2)  M(,3)  M(,4)  M(,5) C(,1) C(,2) C(,3) C(,4) C(,5)

 1.LAYER 10000.00   2.25   1.00    6.    0.    0.    0.    0.  12.01   0.00   0.00   0.00   0.00 1.000 0.000 0.000 0.000 0.000


                           ***  SBE(LAYER,ELEMENT)  ***     ***     ED(LAYER,ELEMENT)     ***     ***   BE(LAYER,ELEMENT)  ***

 1.LAYER                   7.41  0.00  0.00  0.00  0.00     30.00   0.00   0.00   0.00   0.00     0.10  0.00  0.00  0.00  0.00


       INTERACTION POTENTIAL : PROJECTILE-TARGET : KR-C POTENTIAL     TARGET-TARGET : KR-C POTENTIAL    


       INELASTIC LOSS MODEL  : PROJECTILE-TARGET : 50% LS 50% OR      TARGET-TARGET : 50% LS 50% OR     
1

                              * OUTPUT DATA *


                 HLM       HLMT        SU       SUT        XC        RT       SFE      INEL         L        LJ
               0.0000 10000.000    3.5029 10003.503   -3.5029  9900.000      7.41         0         1         1


                NPROJ       KIB       KIT      MAXA      NALL       NPA       NSA       KIS      KIST
                39243         0         0       281  38108831   2184330  21270610     93600         0


            EPS0(I)       Z2(I)       M2(I)     ARHO(I)       LM(I)     PMAX(I)     ASIG(I)       SB(I)       XX(I)        NJ(I)

 1.LAYER   0.3967E-01  0.6000E+01  0.1201E+02  0.1128E+00  0.2070E+01  0.1168E+01  0.2335E+00  0.7410E+01  0.1000E+05         1


             A1(1)   A1(2)   A1(3)   A1(4)   A1(5)   A1(6)   A1(7)   A1(8)   A1(9)  A1(10)  A1(11)  A1(12)  A1(13)  A1(14)  A1(15)

           0.13193


           KOR1(1) KOR1(2) KOR1(3) KOR1(4) KOR1(5) KOR1(6) KOR1(7) KOR1(8) KOR1(9) KOR1(A) KOR1(B) KOR1(C) KOR1(D) KOR1(E) KOR1(F)

           0.73577


            A(I,1)  A(I,2)  A(I,3)  A(I,4)  A(I,5)  A(I,6)  A(I,7)  A(I,8)  A(I,9) A(I,10) A(I,11) A(I,12) A(I,13) A(I,14) A(I,15)

           0.16242


           KOR(,1) KOR(,2) KOR(,3) KOR(,4) KOR(,5) KOR(,6) KOR(,7) KOR(,8) KOR(,9) KOR(,A) KOR(,B) KOR(,C) KOR(,D) KOR(,E) KOR(,F)

           0.46963
1

         IMPLANTED PARTICLES=  99999     ENERGY=0.2023E+09 EV
     BACKSCATTERED PARTICLES=      0     ENERGY=0.0000E+00 EV
       TRANSMITTED PARTICLES=      0     ENERGY=0.0000E+00 EV
     BACKSPUTTERED PARTICLES=  45026     ENERGY=0.1016E+07 EV
    TRANSM. SPUTT. PARTICLES=      0     ENERGY=0.0000E+00 EV


  PROJECTILES :   MEAN NUMBER OF ELASTIC COLLISIONS =     23.4   MEAN NUMBER OF EL.COLL.(E > EDISPL.) =   10.466
                                                                 MEAN NUMBER OF EL.COLL.(E > SB(1))   =   20.088

                       MEAN        VARIANCE      SKEWNESS      KURTOSIS        SIGMA       ERROR 1.M     ERROR 2.M     ERROR 3.M 
  PENETRATION       3.9890E+01    1.4570E+02    4.1086E-01    2.9907E+00    1.2071E+01    3.8171E-02    6.5008E-01    7.3201E-03
       SPREAD       1.3270E+01    5.3319E+01    7.7948E-01    3.6271E+00    7.3020E+00    2.3091E-02    2.7329E-01    9.3656E-03
   PATHLENGTH       4.6526E+01    1.6420E+02    3.6680E-01    2.9530E+00    1.2814E+01    4.0522E-02    7.2566E-01    7.2152E-03
 ELASTIC LOSS       1.9020E+03    1.6574E+03                                4.0711E+01    4.0711E-04
   INEL. LOSS       1.2103E+02    1.6574E+03                                4.0711E+01    4.0711E-04

                       MEAN        VARIANCE      SKEWNESS      KURTOSIS        SIGMA       ERROR 1.M     ERROR 2.M     ERROR 3.M 
   ELAST.LOSS       7.8028E+01    2.1631E+04    4.0436E+00    2.3398E+01    1.4707E+02    9.6128E-02    6.6909E+01    6.1511E-03
 WEAK EL.LOSS       3.2239E+00    6.4166E+00    1.1457E+00    3.8061E+00    2.5331E+00    1.6557E-03    7.0254E-03    1.3587E-03
 INELAST.LOSS       5.1703E+00    9.7562E+00    2.1267E-02    1.9097E+00    3.1235E+00    2.0415E-03    6.0820E-03    9.9313E-04
  SUBTHR.LOSS       1.3227E+01    5.5908E+01    3.7625E-01    2.2678E+00    7.4772E+00    6.5726E-03    5.5334E-02    1.2778E-03

                     1.MOMENT      2.MOMENT      3.MOMENT      4.MOMENT      5.MOMENT      6.MOMENT 
  PENETRATION       3.9890E+01    1.7369E+03    8.1631E+04    4.1017E+06    2.1860E+08    1.2277E+10



  RECOILES (PER PROJ.)   :   MEAN NUMBER OF ELASTIC COLLISIONS =    375.3   MEAN NUMBER OF EL.COLL.(E > EDISPL.) =     17.820
                                                                            MEAN NUMBER OF EL.COLL.(E > SB(1))   =    116.204

  RECOILES (PER KNOCKON) :   MEAN NUMBER OF ELASTIC COLLISIONS =    1.600   MEAN NUMBER OF EL.COLL.(E > EDISPL.) =      0.076
                                                                            MEAN NUMBER OF EL.COLL.(E > SB(1))   =      0.495

1


     DEPTH(A)  PARTICLES  NORM.DEPTH PATHLENGTH   INLOSS(EV)  TELOSS(EV)  ELLOSS(EV)  DAMAGE(EV)  PHONON(EV)  CASCAD(EV)     DPA

    -SU-    0.         0  0.0000E+00
     0.-    2.         0  0.0000E+00         0    8.9381E+05  1.2165E+07  1.2040E+07  1.1444E+07  5.9599E+05  9.5296E+06   44972
     2.-    4.         0  0.0000E+00         0    8.8983E+05  1.2039E+07  1.1904E+07  1.1304E+07  5.9978E+05  9.4289E+06   46340
     4.-    6.         0  0.0000E+00         0    8.6065E+05  1.1840E+07  1.1692E+07  1.1073E+07  6.1901E+05  9.2533E+06   47370
     6.-    8.         1  0.1000E-04         0    8.2850E+05  1.1724E+07  1.1560E+07  1.0937E+07  6.2208E+05  9.1558E+06   49259
     8.-   10.        10  0.1000E-03         0    7.9456E+05  1.1362E+07  1.1178E+07  1.0531E+07  6.4673E+05  8.8330E+06   50302
    10.-   12.        77  0.7700E-03         1    7.5996E+05  1.1140E+07  1.0932E+07  1.0266E+07  6.6540E+05  8.6278E+06   51832
    12.-   14.       200  0.2000E-02        10    7.2340E+05  1.0756E+07  1.0521E+07  9.8304E+06  6.9084E+05  8.2780E+06   52754
    14.-   16.       476  0.4760E-02        40    6.8657E+05  1.0518E+07  1.0253E+07  9.5370E+06  7.1549E+05  8.0450E+06   53906
    16.-   18.       895  0.8950E-02       152    6.4503E+05  1.0058E+07  9.7614E+06  9.0217E+06  7.3972E+05  7.6269E+06   54725
    18.-   20.      1507  0.1507E-01       311    6.0483E+05  9.6033E+06  9.2759E+06  8.5039E+06  7.7205E+05  7.2023E+06   54643
    20.-   22.      2228  0.2228E-01       645    5.6194E+05  9.0971E+06  8.7412E+06  7.9455E+06  7.9578E+05  6.7430E+06   54287
    22.-   24.      2999  0.2999E-01      1164    5.1866E+05  8.6053E+06  8.2270E+06  7.4233E+06  8.0371E+05  6.3094E+06   53297
    24.-   26.      3836  0.3836E-01      1718    4.7350E+05  7.9978E+06  7.6022E+06  6.7856E+06  8.1661E+05  5.7758E+06   51123
    26.-   28.      4515  0.4515E-01      2374    4.2864E+05  7.4479E+06  7.0438E+06  6.2345E+06  8.0933E+05  5.3134E+06   48693
    28.-   30.      5219  0.5219E-01      3082    3.8262E+05  6.7052E+06  6.2988E+06  5.5059E+06  7.9299E+05  4.7009E+06   45537
    30.-   32.      5822  0.5822E-01      3919    3.3951E+05  6.1126E+06  5.7128E+06  4.9503E+06  7.6242E+05  4.2302E+06   42188
    32.-   34.      6259  0.6259E-01      4320    2.9734E+05  5.4410E+06  5.0540E+06  4.3272E+06  7.2688E+05  3.7032E+06   38369
    34.-   36.      6354  0.6354E-01      5079    2.5699E+05  4.7461E+06  4.3796E+06  3.6927E+06  6.8691E+05  3.1643E+06   34213
    36.-   38.      6404  0.6404E-01      5526    2.2048E+05  4.1595E+06  3.8183E+06  3.1914E+06  6.2688E+05  2.7378E+06   30462
    38.-   40.      6353  0.6353E-01      5901    1.8662E+05  3.5531E+06  3.2377E+06  2.6599E+06  5.7782E+05  2.2846E+06   26405
    40.-   42.      6254  0.6254E-01      6004    1.5579E+05  3.0241E+06  2.7407E+06  2.2277E+06  5.1296E+05  1.9153E+06   22781
    42.-   44.      5852  0.5852E-01      5989    1.2943E+05  2.5519E+06  2.2996E+06  1.8445E+06  4.5503E+05  1.5870E+06   19342
    44.-   46.      5312  0.5312E-01      5783    1.0526E+05  2.0921E+06  1.8717E+06  1.4758E+06  3.9588E+05  1.2714E+06   16082
    46.-   48.      5003  0.5003E-01      5597    8.4822E+04  1.7126E+06  1.5239E+06  1.1895E+06  3.3446E+05  1.0255E+06   13348
    48.-   50.      4429  0.4429E-01      5385    6.7135E+04  1.3753E+06  1.2157E+06  9.2886E+05  2.8689E+05  8.0126E+05   10539
    50.-   52.      3890  0.3890E-01      4979    5.2979E+04  1.0879E+06  9.5406E+05  7.1460E+05  2.3946E+05  6.1727E+05    8454
    52.-   54.      3274  0.3274E-01      4885    4.0651E+04  8.4654E+05  7.3842E+05  5.4648E+05  1.9195E+05  4.7236E+05    6582
    54.-   56.      2787  0.2787E-01      4381    3.0860E+04  6.5159E+05  5.6484E+05  4.1245E+05  1.5239E+05  3.5685E+05    5113
    56.-   58.      2163  0.2163E-01      3934    2.3418E+04  5.0003E+05  4.3082E+05  3.0817E+05  1.2265E+05  2.6669E+05    3882
    58.-   60.      1909  0.1909E-01      3540    1.7399E+04  3.6952E+05  3.1563E+05  2.2046E+05  9.5168E+04  1.9115E+05    2920
    60.-   62.      1529  0.1529E-01      2985    1.2729E+04  2.7415E+05  2.3310E+05  1.5964E+05  7.3463E+04  1.3843E+05    2122
    62.-   64.      1190  0.1190E-01      2528    9.0112E+03  1.9877E+05  1.6781E+05  1.1324E+05  5.4566E+04  9.8251E+04    1538
    64.-   66.       880  0.8800E-02      2025    6.3169E+03  1.3763E+05  1.1496E+05  7.4590E+04  4.0372E+04  6.4800E+04    1050
    66.-   68.       656  0.6560E-02      1599    4.4607E+03  9.8005E+04  8.1588E+04  5.0804E+04  3.0785E+04  4.4059E+04     688
    68.-   70.       518  0.5180E-02      1499    3.1069E+03  6.7681E+04  5.5733E+04  3.4573E+04  2.1161E+04  3.0099E+04     524
    70.-   72.       400  0.4000E-02      1235    2.0681E+03  4.7933E+04  3.9688E+04  2.5074E+04  1.4614E+04  2.1786E+04     359
    72.-   74.       253  0.2530E-02       892    1.4060E+03  3.2129E+04  2.6245E+04  1.6213E+04  1.0032E+04  1.4110E+04     237
    74.-   76.       168  0.1680E-02       684    9.0368E+02  2.0318E+04  1.6430E+04  9.2776E+03  7.1522E+03  8.0629E+03     141
    76.-   78.       136  0.1360E-02       546    6.0201E+02  1.2869E+04  1.0162E+04  5.1237E+03  5.0381E+03  4.4764E+03      88
    78.-   80.        94  0.9400E-03       402    3.7104E+02  8.5933E+03  6.8385E+03  3.8513E+03  2.9872E+03  3.3627E+03      63
    80.-   82.        53  0.5300E-03       273    2.3671E+02  5.0282E+03  3.8381E+03  1.6816E+03  2.1565E+03  1.4682E+03      28
    82.-   84.        37  0.3700E-03       200    1.4314E+02  3.2987E+03  2.5779E+03  1.2841E+03  1.2938E+03  1.1230E+03      22
    84.-   86.        24  0.2400E-03       143    7.4973E+01  1.6136E+03  1.2277E+03  4.4322E+02  7.8448E+02  3.8807E+02       8
    86.-   88.        12  0.1200E-03       108    4.3128E+01  9.1321E+02  7.0936E+02  3.5265E+02  3.5671E+02  3.0866E+02       6
    88.-   90.         8  0.8000E-04        58    3.2524E+01  8.9894E+02  7.3249E+02  5.4909E+02  1.8340E+02  4.7997E+02       9
    90.-   92.         7  0.7000E-04        37    1.4638E+01  3.3930E+02  2.6089E+02  1.2359E+02  1.3730E+02  1.0900E+02       3
    92.-   94.         2  0.2000E-04        25    1.0657E+01  1.5405E+02  1.1486E+02  0.0000E+00  1.1486E+02  0.0000E+00       0
    94.-   96.         2  0.2000E-04        20    5.3265E+00  1.3581E+02  1.1709E+02  8.6219E+01  3.0873E+01  7.4959E+01       1
    96.-   98.         1  0.1000E-04         8    3.9970E+00  8.5023E+01  6.7437E+01  3.1174E+01  3.6263E+01  2.7673E+01       1
    98.-  100.         0  0.0000E+00         9    2.0208E+00  2.1012E+01  1.4427E+01  0.0000E+00  1.4427E+01  0.0000E+00       0
   100.-  102.         0  0.0000E+00         0    3.3933E+00  5.3727E+01  3.8534E+01  0.0000E+00  3.8534E+01  0.0000E+00       0
   102.-  104.         0  0.0000E+00         2    1.2569E+00  2.2269E+01  1.7168E+01  0.0000E+00  1.7168E+01  0.0000E+00       0
   104.-  106.         0  0.0000E+00         1    1.0126E+00  2.9278E+01  2.1557E+01  0.0000E+00  2.1557E+01  0.0000E+00       0
   106.-  108.         0  0.0000E+00         0    5.8656E-01  1.2796E+01  7.1133E+00  0.0000E+00  7.1133E+00  0.0000E+00       0
   108.-  110.         1  0.1000E-04         0    3.5948E-01  7.3321E+00  3.7004E+00  0.0000E+00  3.7004E+00  0.0000E+00       0
   110.-  112.         0  0.0000E+00         0    0.0000E+00  0.0000E+00  0.0000E+00  0.0000E+00  0.0000E+00  0.0000E+00       0
   112.-  114.         0  0.0000E+00         0    0.0000E+00  0.0000E+00  0.0000E+00  0.0000E+00  0.0000E+00  0.0000E+00       0
   114.-  116.         0  0.0000E+00         0    0.0000E+00  0.0000E+00  0.0000E+00  0.0000E+00  0.0000E+00  0.0000E+00       0
   116.-  118.         0  0.0000E+00         0    0.0000E+00  0.0000E+00  0.0000E+00  0.0000E+00  0.0000E+00  0.0000E+00       0
   118.-  120.         0  0.0000E+00         1    0.0000E+00  0.0000E+00  0.0000E+00  0.0000E+00  0.0000E+00  0.0000E+00       0
   120.-  122.         0  0.0000E+00         0    0.0000E+00  0.0000E+00  0.0000E+00  0.0000E+00  0.0000E+00  0.0000E+00       0
   122.-  124.         0  0.0000E+00         0    0.0000E+00  0.0000E+00  0.0000E+00  0.0000E+00  0.0000E+00  0.0000E+00       0
   124.-  126.         0  0.0000E+00         0    0.0000E+00  0.0000E+00  0.0000E+00  0.0000E+00  0.0000E+00  0.0000E+00       0
   126.-  128.         0  0.0000E+00         0    0.0000E+00  0.0000E+00  0.0000E+00  0.0000E+00  0.0000E+00  0.0000E+00       0
   128.-  130.         0  0.0000E+00         0    0.0000E+00  0.0000E+00  0.0000E+00  0.0000E+00  0.0000E+00  0.0000E+00       0
   130.-  132.         0  0.0000E+00         0    0.0000E+00  0.0000E+00  0.0000E+00  0.0000E+00  0.0000E+00  0.0000E+00       0
   132.-  134.         0  0.0000E+00         0    0.0000E+00  0.0000E+00  0.0000E+00  0.0000E+00  0.0000E+00  0.0000E+00       0
   134.-  136.         0  0.0000E+00         0    0.0000E+00  0.0000E+00  0.0000E+00  0.0000E+00  0.0000E+00  0.0000E+00       0
   136.-  138.         0  0.0000E+00         0    0.0000E+00  0.0000E+00  0.0000E+00  0.0000E+00  0.0000E+00  0.0000E+00       0
   138.-  140.         0  0.0000E+00         0    0.0000E+00  0.0000E+00  0.0000E+00  0.0000E+00  0.0000E+00  0.0000E+00       0
   140.-  142.         0  0.0000E+00         0    0.0000E+00  0.0000E+00  0.0000E+00  0.0000E+00  0.0000E+00  0.0000E+00       0
   142.-  144.         0  0.0000E+00         0    0.0000E+00  0.0000E+00  0.0000E+00  0.0000E+00  0.0000E+00  0.0000E+00       0
   144.-  146.         0  0.0000E+00         0    0.0000E+00  0.0000E+00  0.0000E+00  0.0000E+00  0.0000E+00  0.0000E+00       0
   146.-  148.         0  0.0000E+00         0    0.0000E+00  0.0000E+00  0.0000E+00  0.0000E+00  0.0000E+00  0.0000E+00       0
   148.-  150.         0  0.0000E+00         0    0.0000E+00  0.0000E+00  0.0000E+00  0.0000E+00  0.0000E+00  0.0000E+00       0
   150.-  152.         0  0.0000E+00         0    0.0000E+00  0.0000E+00  0.0000E+00  0.0000E+00  0.0000E+00  0.0000E+00       0
   152.-  154.         0  0.0000E+00         0    0.0000E+00  0.0000E+00  0.0000E+00  0.0000E+00  0.0000E+00  0.0000E+00       0
   154.-  156.         0  0.0000E+00         0    0.0000E+00  0.0000E+00  0.0000E+00  0.0000E+00  0.0000E+00  0.0000E+00       0
   156.-  158.         0  0.0000E+00         0    0.0000E+00  0.0000E+00  0.0000E+00  0.0000E+00  0.0000E+00  0.0000E+00       0
   158.-  160.         0  0.0000E+00         0    0.0000E+00  0.0000E+00  0.0000E+00  0.0000E+00  0.0000E+00  0.0000E+00       0
   160.-  162.         0  0.0000E+00         0    0.0000E+00  0.0000E+00  0.0000E+00  0.0000E+00  0.0000E+00  0.0000E+00       0
   162.-  164.         0  0.0000E+00         0    0.0000E+00  0.0000E+00  0.0000E+00  0.0000E+00  0.0000E+00  0.0000E+00       0
   164.-  166.         0  0.0000E+00         0    0.0000E+00  0.0000E+00  0.0000E+00  0.0000E+00  0.0000E+00  0.0000E+00       0
   166.-  168.         0  0.0000E+00         0    0.0000E+00  0.0000E+00  0.0000E+00  0.0000E+00  0.0000E+00  0.0000E+00       0
   168.-  170.         0  0.0000E+00         0    0.0000E+00  0.0000E+00  0.0000E+00  0.0000E+00  0.0000E+00  0.0000E+00       0
   170.-  172.         0  0.0000E+00         0    0.0000E+00  0.0000E+00  0.0000E+00  0.0000E+00  0.0000E+00  0.0000E+00       0
   172.-  174.         0  0.0000E+00         0    0.0000E+00  0.0000E+00  0.0000E+00  0.0000E+00  0.0000E+00  0.0000E+00       0
   174.-  176.         0  0.0000E+00         0    0.0000E+00  0.0000E+00  0.0000E+00  0.0000E+00  0.0000E+00  0.0000E+00       0
   176.-  178.         0  0.0000E+00         0    0.0000E+00  0.0000E+00  0.0000E+00  0.0000E+00  0.0000E+00  0.0000E+00       0
   178.-  180.         0  0.0000E+00         0    0.0000E+00  0.0000E+00  0.0000E+00  0.0000E+00  0.0000E+00  0.0000E+00       0
   180.-  182.         0  0.0000E+00         0    0.0000E+00  0.0000E+00  0.0000E+00  0.0000E+00  0.0000E+00  0.0000E+00       0
   182.-  184.         0  0.0000E+00         0    0.0000E+00  0.0000E+00  0.0000E+00  0.0000E+00  0.0000E+00  0.0000E+00       0
   184.-  186.         0  0.0000E+00         0    0.0000E+00  0.0000E+00  0.0000E+00  0.0000E+00  0.0000E+00  0.0000E+00       0
   186.-  188.         0  0.0000E+00         0    0.0000E+00  0.0000E+00  0.0000E+00  0.0000E+00  0.0000E+00  0.0000E+00       0
   188.-  190.         0  0.0000E+00         0    0.0000E+00  0.0000E+00  0.0000E+00  0.0000E+00  0.0000E+00  0.0000E+00       0
   190.-  192.         0  0.0000E+00         0    0.0000E+00  0.0000E+00  0.0000E+00  0.0000E+00  0.0000E+00  0.0000E+00       0
   192.-  194.         0  0.0000E+00         0    0.0000E+00  0.0000E+00  0.0000E+00  0.0000E+00  0.0000E+00  0.0000E+00       0
   194.-  196.         0  0.0000E+00         0    0.0000E+00  0.0000E+00  0.0000E+00  0.0000E+00  0.0000E+00  0.0000E+00       0
   196.-  198.         0  0.0000E+00         0    0.0000E+00  0.0000E+00  0.0000E+00  0.0000E+00  0.0000E+00  0.0000E+00       0
   198.-  200.         0  0.0000E+00         0    0.0000E+00  0.0000E+00  0.0000E+00  0.0000E+00  0.0000E+00  0.0000E+00       0
   200.-   SUT         0  0.0000E+00

                   99999  1.0000E+00     99999    1.2103E+07  1.9020E+08  1.8265E+08  1.6553E+08  1.7119E+07  1.3988E+08 1046608
1
     RECOILS



     DEPTH(A)     INLOSS(EV)   TELOSS(EV)   ELLOSS(EV)   DAMAGE(EV)   PHONON(EV)     DPA  DPA(1)  DPA(2)

     0.-    2.    2.8576E+05   5.2281E+06   4.1396E+06   8.9696E+05   3.2426E+06   15448   15448       0
     2.-    4.    5.1015E+05   8.4822E+06   7.0281E+06   2.3752E+06   4.6529E+06   34281   34281       0
     4.-    6.    7.1414E+05   1.1362E+07   9.4861E+06   3.4100E+06   6.0761E+06   47349   47349       0
     6.-    8.    8.8406E+05   1.3855E+07   1.1609E+07   4.2999E+06   7.3092E+06   58529   58529       0
     8.-   10.    1.0236E+06   1.5939E+07   1.3360E+07   4.9798E+06   8.3800E+06   67786   67786       0
    10.-   12.    1.1381E+06   1.7698E+07   1.4844E+07   5.5621E+06   9.2817E+06   75120   75120       0
    12.-   14.    1.2280E+06   1.9127E+07   1.6034E+07   5.9863E+06   1.0048E+07   81406   81406       0
    14.-   16.    1.3023E+06   2.0364E+07   1.7062E+07   6.3320E+06   1.0730E+07   86942   86942       0
    16.-   18.    1.3568E+06   2.1361E+07   1.7889E+07   6.6187E+06   1.1270E+07   90666   90666       0
    18.-   20.    1.3892E+06   2.1964E+07   1.8360E+07   6.6707E+06   1.1689E+07   92448   92448       0
    20.-   22.    1.4014E+06   2.2313E+07   1.8626E+07   6.6797E+06   1.1946E+07   93415   93415       0
    22.-   24.    1.3958E+06   2.2435E+07   1.8700E+07   6.6459E+06   1.2055E+07   93492   93492       0
    24.-   26.    1.3718E+06   2.2241E+07   1.8517E+07   6.5082E+06   1.2009E+07   92137   92137       0
    26.-   28.    1.3309E+06   2.1668E+07   1.8001E+07   6.1842E+06   1.1817E+07   88705   88705       0
    28.-   30.    1.2760E+06   2.0934E+07   1.7367E+07   5.9085E+06   1.1458E+07   84778   84778       0
    30.-   32.    1.2108E+06   2.0019E+07   1.6587E+07   5.5778E+06   1.1010E+07   80953   80953       0
    32.-   34.    1.1322E+06   1.8828E+07   1.5570E+07   5.1434E+06   1.0426E+07   75406   75406       0
    34.-   36.    1.0460E+06   1.7531E+07   1.4477E+07   4.7135E+06   9.7631E+06   69405   69405       0
    36.-   38.    9.5639E+05   1.6085E+07   1.3258E+07   4.2465E+06   9.0116E+06   63121   63121       0
    38.-   40.    8.6292E+05   1.4601E+07   1.2015E+07   3.7947E+06   8.2207E+06   56940   56940       0
    40.-   42.    7.7118E+05   1.3138E+07   1.0803E+07   3.3863E+06   7.4164E+06   50585   50585       0
    42.-   44.    6.8535E+05   1.1699E+07   9.6050E+06   2.9694E+06   6.6357E+06   44885   44885       0
    44.-   46.    6.0163E+05   1.0325E+07   8.4728E+06   2.6167E+06   5.8562E+06   39444   39444       0
    46.-   48.    5.2384E+05   9.0167E+06   7.3919E+06   2.2505E+06   5.1415E+06   34368   34368       0
    48.-   50.    4.4936E+05   7.7661E+06   6.3567E+06   1.9030E+06   4.4537E+06   28924   28924       0
    50.-   52.    3.8084E+05   6.5940E+06   5.3907E+06   1.5993E+06   3.7914E+06   24630   24630       0
    52.-   54.    3.2012E+05   5.5803E+06   4.5606E+06   1.3521E+06   3.2085E+06   20773   20773       0
    54.-   56.    2.6749E+05   4.6702E+06   3.8159E+06   1.1316E+06   2.6843E+06   17285   17285       0
    56.-   58.    2.2061E+05   3.8396E+06   3.1304E+06   9.0385E+05   2.2266E+06   13982   13982       0
    58.-   60.    1.8142E+05   3.1838E+06   2.6006E+06   7.7520E+05   1.8254E+06   11862   11862       0
    60.-   62.    1.4748E+05   2.5678E+06   2.0915E+06   6.0054E+05   1.4910E+06    9367    9367       0
    62.-   64.    1.1955E+05   2.0879E+06   1.7044E+06   4.9790E+05   1.2065E+06    7662    7662       0
    64.-   66.    9.5670E+04   1.6612E+06   1.3541E+06   3.9423E+05   9.5989E+05    6071    6071       0
    66.-   68.    7.6661E+04   1.3351E+06   1.0899E+06   3.2477E+05   7.6515E+05    4958    4958       0
    68.-   70.    6.1070E+04   1.0603E+06   8.6566E+05   2.5695E+05   6.0870E+05    3966    3966       0
    70.-   72.    4.9156E+04   8.6020E+05   7.0501E+05   2.1552E+05   4.8949E+05    3229    3229       0
    72.-   74.    3.8469E+04   6.6862E+05   5.4603E+05   1.6138E+05   3.8465E+05    2467    2467       0
    74.-   76.    3.0484E+04   5.2673E+05   4.3086E+05   1.3127E+05   2.9959E+05    2001    2001       0
    76.-   78.    2.3984E+04   4.1937E+05   3.4406E+05   1.0638E+05   2.3768E+05    1605    1605       0
    78.-   80.    1.9024E+04   3.3085E+05   2.7129E+05   8.4328E+04   1.8696E+05    1260    1260       0
    80.-   82.    1.5154E+04   2.6122E+05   2.1409E+05   6.5988E+04   1.4810E+05    1009    1009       0
    82.-   84.    1.1916E+04   2.0459E+05   1.6789E+05   5.2289E+04   1.1560E+05     819     819       0
    84.-   86.    9.5226E+03   1.6408E+05   1.3500E+05   4.2923E+04   9.2072E+04     657     657       0
    86.-   88.    7.2993E+03   1.2505E+05   1.0239E+05   3.0420E+04   7.1967E+04     503     503       0
    88.-   90.    5.7611E+03   9.8861E+04   8.0722E+04   2.2826E+04   5.7897E+04     380     380       0
    90.-   92.    4.4560E+03   7.5956E+04   6.1858E+04   1.7355E+04   4.4503E+04     276     276       0
    92.-   94.    3.5940E+03   6.4828E+04   5.3364E+04   1.6901E+04   3.6463E+04     243     243       0
    94.-   96.    2.6743E+03   4.6969E+04   3.8366E+04   1.1856E+04   2.6509E+04     190     190       0
    96.-   98.    2.0563E+03   3.5459E+04   2.8898E+04   8.4705E+03   2.0428E+04     124     124       0
    98.-  100.    1.3926E+03   2.4639E+04   2.0263E+04   6.5206E+03   1.3742E+04      96      96       0
   100.-  102.    8.0104E+02   1.3066E+04   1.1047E+04   4.1852E+03   6.8614E+03      57      57       0
   102.-  104.    5.0186E+01   6.4527E+02   5.6755E+02   3.3284E+02   2.3471E+02       7       7       0
   104.-  106.    0.0000E+00   0.0000E+00   0.0000E+00   0.0000E+00   0.0000E+00       0       0       0
   106.-  108.    0.0000E+00   0.0000E+00   0.0000E+00   0.0000E+00   0.0000E+00       0       0       0
   108.-  110.    0.0000E+00   0.0000E+00   0.0000E+00   0.0000E+00   0.0000E+00       0       0       0
   110.-  112.    0.0000E+00   0.0000E+00   0.0000E+00   0.0000E+00   0.0000E+00       0       0       0
   112.-  114.    0.0000E+00   0.0000E+00   0.0000E+00   0.0000E+00   0.0000E+00       0       0       0
   114.-  116.    0.0000E+00   0.0000E+00   0.0000E+00   0.0000E+00   0.0000E+00       0       0       0
   116.-  118.    0.0000E+00   0.0000E+00   0.0000E+00   0.0000E+00   0.0000E+00       0       0       0
   118.-  120.    0.0000E+00   0.0000E+00   0.0000E+00   0.0000E+00   0.0000E+00       0       0       0
   120.-  122.    0.0000E+00   0.0000E+00   0.0000E+00   0.0000E+00   0.0000E+00       0       0       0
   122.-  124.    0.0000E+00   0.0000E+00   0.0000E+00   0.0000E+00   0.0000E+00       0       0       0
   124.-  126.    0.0000E+00   0.0000E+00   0.0000E+00   0.0000E+00   0.0000E+00       0       0       0
   126.-  128.    0.0000E+00   0.0000E+00   0.0000E+00   0.0000E+00   0.0000E+00       0       0       0
   128.-  130.    0.0000E+00   0.0000E+00   0.0000E+00   0.0000E+00   0.0000E+00       0       0       0
   130.-  132.    0.0000E+00   0.0000E+00   0.0000E+00   0.0000E+00   0.0000E+00       0       0       0
   132.-  134.    0.0000E+00   0.0000E+00   0.0000E+00   0.0000E+00   0.0000E+00       0       0       0
   134.-  136.    0.0000E+00   0.0000E+00   0.0000E+00   0.0000E+00   0.0000E+00       0       0       0
   136.-  138.    0.0000E+00   0.0000E+00   0.0000E+00   0.0000E+00   0.0000E+00       0       0       0
   138.-  140.    0.0000E+00   0.0000E+00   0.0000E+00   0.0000E+00   0.0000E+00       0       0       0
   140.-  142.    0.0000E+00   0.0000E+00   0.0000E+00   0.0000E+00   0.0000E+00       0       0       0
   142.-  144.    0.0000E+00   0.0000E+00   0.0000E+00   0.0000E+00   0.0000E+00       0       0       0
   144.-  146.    0.0000E+00   0.0000E+00   0.0000E+00   0.0000E+00   0.0000E+00       0       0       0
   146.-  148.    0.0000E+00   0.0000E+00   0.0000E+00   0.0000E+00   0.0000E+00       0       0       0
   148.-  150.    0.0000E+00   0.0000E+00   0.0000E+00   0.0000E+00   0.0000E+00       0       0       0
   150.-  152.    0.0000E+00   0.0000E+00   0.0000E+00   0.0000E+00   0.0000E+00       0       0       0
   152.-  154.    0.0000E+00   0.0000E+00   0.0000E+00   0.0000E+00   0.0000E+00       0       0       0
   154.-  156.    0.0000E+00   0.0000E+00   0.0000E+00   0.0000E+00   0.0000E+00       0       0       0
   156.-  158.    0.0000E+00   0.0000E+00   0.0000E+00   0.0000E+00   0.0000E+00       0       0       0
   158.-  160.    0.0000E+00   0.0000E+00   0.0000E+00   0.0000E+00   0.0000E+00       0       0       0
   160.-  162.    0.0000E+00   0.0000E+00   0.0000E+00   0.0000E+00   0.0000E+00       0       0       0
   162.-  164.    0.0000E+00   0.0000E+00   0.0000E+00   0.0000E+00   0.0000E+00       0       0       0
   164.-  166.    0.0000E+00   0.0000E+00   0.0000E+00   0.0000E+00   0.0000E+00       0       0       0
   166.-  168.    0.0000E+00   0.0000E+00   0.0000E+00   0.0000E+00   0.0000E+00       0       0       0
   168.-  170.    0.0000E+00   0.0000E+00   0.0000E+00   0.0000E+00   0.0000E+00       0       0       0
   170.-  172.    0.0000E+00   0.0000E+00   0.0000E+00   0.0000E+00   0.0000E+00       0       0       0
   172.-  174.    0.0000E+00   0.0000E+00   0.0000E+00   0.0000E+00   0.0000E+00       0       0       0
   174.-  176.    0.0000E+00   0.0000E+00   0.0000E+00   0.0000E+00   0.0000E+00       0       0       0
   176.-  178.    0.0000E+00   0.0000E+00   0.0000E+00   0.0000E+00   0.0000E+00       0       0       0
   178.-  180.    0.0000E+00   0.0000E+00   0.0000E+00   0.0000E+00   0.0000E+00       0       0       0
   180.-  182.    0.0000E+00   0.0000E+00   0.0000E+00   0.0000E+00   0.0000E+00       0       0       0
   182.-  184.    0.0000E+00   0.0000E+00   0.0000E+00   0.0000E+00   0.0000E+00       0       0       0
   184.-  186.    0.0000E+00   0.0000E+00   0.0000E+00   0.0000E+00   0.0000E+00       0       0       0
   186.-  188.    0.0000E+00   0.0000E+00   0.0000E+00   0.0000E+00   0.0000E+00       0       0       0
   188.-  190.    0.0000E+00   0.0000E+00   0.0000E+00   0.0000E+00   0.0000E+00       0       0       0
   190.-  192.    0.0000E+00   0.0000E+00   0.0000E+00   0.0000E+00   0.0000E+00       0       0       0
   192.-  194.    0.0000E+00   0.0000E+00   0.0000E+00   0.0000E+00   0.0000E+00       0       0       0
   194.-  196.    0.0000E+00   0.0000E+00   0.0000E+00   0.0000E+00   0.0000E+00       0       0       0
   196.-  198.    0.0000E+00   0.0000E+00   0.0000E+00   0.0000E+00   0.0000E+00       0       0       0
   198.-  200.    0.0000E+00   0.0000E+00   0.0000E+00   0.0000E+00   0.0000E+00       0       0       0

                  2.6944E+07   4.4048E+08   3.6537E+08   1.2448E+08   2.4090E+08 1782012 1782012       0
1     BACKWARD SPUTTERING



        ALL SPUTTERED PARTICLES =   45026   TOTAL SPUTTERED ENERGY = 0.1016E+07 EV


        SPUTTERED PARTICLES (1.LAYER) =   45026   SPUTTERED ENERGY = 0.1016E+07 EV


 1.LAYER
         SPUTTERED PARTICLES(1) =   45026     SPUTTERED ENERGY(1) = 0.1016E+07 EV

         ION IN , PRIMARY KO(1) =    9641   0.2141   0.2141    ENERGY = 0.3522E+06 EV   0.3466   0.3466    MEAN ENERGY = 0.3653E+02
         ION IN , SECOND. KO(1) =   35385   0.7859   0.7859    ENERGY = 0.6640E+06 EV   0.6534   0.6534    MEAN ENERGY = 0.1877E+02
        ION OUT , PRIMARY KO(1) =       0   0.0000   0.0000    ENERGY = 0.0000E+00 EV   0.0000   0.0000    MEAN ENERGY = 0.0000E+00
        ION OUT , SECOND. KO(1) =       0   0.0000   0.0000    ENERGY = 0.0000E+00 EV   0.0000   0.0000    MEAN ENERGY = 0.0000E+00


     SPUTTERING YIELD(1) =  4.503E-01  SPUTTERED ENERGY(1) =  5.023E-03  REL.MEAN ENERGY(1) =  1.116E-02  MEAN ENERGY(1) =  2.257E+01

                       MEAN        VARIANCE      SKEWNESS      KURTOSIS        SIGMA       ERROR 1.M     ERROR 2.M     ERROR 3.M 
    ENERGY(1)       2.2570E+01    8.5056E+02    3.3869E+00    2.0623E+01    2.9164E+01    1.3744E-01    1.7756E+01    7.9004E-02
 LOGENERGY(1)       1.0841E+00    2.5823E-01   -2.4559E-01    3.0629E+00    5.0816E-01    2.3952E-03    1.7482E-03    1.1556E-02

                     1.MOMENT      2.MOMENT      3.MOMENT      4.MOMENT      5.MOMENT      6.MOMENT 
    ENERGY(1)       2.2570E+01    1.3599E+03    1.5310E+05    2.5363E+07    5.4025E+09    1.3671E+12
 LOGENERGY(1)       1.0841E+00    1.4335E+00    2.0817E+00    3.2667E+00    5.4259E+00    9.4501E+00



     POLAR ANGULAR DISTRIBUTION OF ALL BACKWARD SPUTTERED PARTICLES


       0.00  0.00  0.00  0.00  0.00  0.00  0.00  0.00  0.00  0.00  0.00  0.00  0.00  0.00  0.00  0.00  0.00  0.00  0.00  0.00

         85   286   486   675   958  1187  1468  1720  1999  2345  2571  2755  2898  3224  3348  3567  3610  3812  3879  4153
      0.038 0.127 0.216 0.300 0.426 0.527 0.652 0.764 0.888 1.042 1.142 1.224 1.287 1.432 1.487 1.584 1.604 1.693 1.723 1.845
1 LOG ENERGY - COS OF EMISSION ANGLE (0.05 STEPS)   (BACKWARD SPUTTERED PARTICLES) ; 1. LAYER ; SPECIES 1


   0.0000E+00    1    2    3    4    5    6    7    8    9   10   11   12   13   14   15   16   17   18   19   20     0  0.0000E+00
   0.1000E+00    0    0    0    0    0    1    1    0    0    0    2    0    3    1    0    2    1    1    2    0    14  0.1400E-02
   0.1212E+00    0    0    0    0    0    0    0    0    0    0    0    0    0    0    0    0    0    0    0    0     0  0.0000E+00
   0.1468E+00    0    0    0    0    0    0    0    0    0    0    0    0    0    0    0    0    0    0    0    0     0  0.0000E+00
   0.1778E+00    0    0    0    0    0    0    0    0    0    0    0    0    0    0    0    0    0    0    0    0     0  0.0000E+00
   0.2154E+00    0    0    0    0    0    0    0    0    0    0    0    0    0    0    0    0    0    0    0    0     0  0.0000E+00
   0.2610E+00    0    0    0    0    0    0    0    0    0    0    0    0    0    0    0    0    0    0    0    0     0  0.0000E+00
   0.3162E+00    0    0    0    0    0    0    0    0    0    0    0    0    0    0    0    0    0    0    0    0     0  0.0000E+00
   0.3831E+00    0    0    0    0    0    0    0    0    0    0    0    0    0    0    0    0    0    0    0    0     0  0.0000E+00
   0.4642E+00    0    0    0    0    0    0    0    0    0    0    0    0    0    0    0    0    0    0    0    0     0  0.0000E+00
   0.5623E+00    0    0    0    0    0    0    0    0    0    0    0    0    0    0    0    0    0    0    0    0     0  0.0000E+00
   0.6813E+00    0    0    0    0    0    0    0    0    0    0    0    0    0    0    0    0    0    0    0    0     0  0.0000E+00
   0.8254E+00    0    0    0    0    0    0    0    0    0    0    0    0    0    0    0    0    0    0    0    0     0  0.0000E+00
   0.1000E+01    0    0    0    0    0    0    0    0    0    0    0    0    0    0    0    0    0    0    0    0     0  0.0000E+00
   0.1212E+01    0    0    0    0    0    0    0    0    0    0    0    0    0    0    0    0    0    0    0    0     0  0.0000E+00
   0.1468E+01    0    0    0    0    0    0    0    0    0    0    0    0    0    0    0    0    0    0    0    0     0  0.0000E+00
   0.1778E+01    0    0    0    0    0    0    0    0    0    0    0    0    0    0    0    0    0    0    0    0     0  0.0000E+00
   0.2154E+01    0    0    0    0    0    0    0    0    0    0    0    0    0    0    0    0    0    0    0    0     0  0.0000E+00
   0.2610E+01    0    0    0    0    0    0    0    0    0    0    0    0    0    0    0    0    0    0    0    0     0  0.0000E+00
   0.3162E+01    0    0    0    0    0    0    0    0    0    0    0    0    0    0    0    0    0    0    0    0     0  0.0000E+00
   0.3831E+01    0    0    0    0    0    0    0    0    0    0    0    0    0    0    0    0    0    0    0    0     0  0.0000E+00
   0.4642E+01    0    0    0    0    0    0    0    0    0    0    0    0    0    0    0    0    0    0    0    0     0  0.0000E+00
   0.5623E+01    0    0    0    0    0    0    0    0    0    0    0    0    0    0    0    0    0    0    0    0     0  0.0000E+00
   0.6813E+01    0    0    0    0    0    0    0    0    0    0    0    0    0    0    0    0    0    0    0    0     0  0.0000E+00
   0.8254E+01    0    0    0    0    0    0    0    0    0    0    0    0    0    0    0    0    0    0    0    0     0  0.0000E+00
   0.1000E+02    0    0    0    0    0    0    0    0    0    0    0    0    0    0    0    0    0    0    0    0     0  0.0000E+00
   0.1212E+02    0    0    0    0    0    0    0    0    0    0    0    0    0    0    0    0    0    0    0    0     0  0.0000E+00
   0.1468E+02    0    0    0    0    0    0    0    0    0    0    0    0    0    0    0    0    0    0    0    0     0  0.0000E+00
   0.1778E+02    0    0    0    0    0    0    0    0    0    0    0    0    0    0    0    0    0    0    0    0     0  0.0000E+00
   0.2154E+02    0    0    0    0    0    0    0    0    0    0    0    0    0    0    0    0    0    0    0    0     0  0.0000E+00
   0.2610E+02    0    0    0    0    0    0    0    0    0    0    0    0    0    0    0    0    0    0    0    0     0  0.0000E+00
   0.3162E+02    0    0    0    0    0    0    0    0    0    0    0    0    0    0    0    0    0    0    0    0     0  0.0000E+00
   0.3831E+02    0    0    0    0    0    0    0    0    0    0    0    0    0    0    0    0    0    0    0    0     0  0.0000E+00
   0.4642E+02    0    0    0    0    0    0    0    0    0    0    0    0    0    0    0    0    0    0    0    0     0  0.0000E+00
   0.5623E+02    0    0    0    0    0    0    0    0    0    0    0    0    0    0    0    0    0    0    0    0     0  0.0000E+00
   0.6813E+02    0    0    0    0    0    0    0    0    0    0    0    0    0    0    0    0    0    0    0    0     0  0.0000E+00
   0.8254E+02    0    0    0    0    0    0    0    0    0    0    0    0    0    0    0    0    0    0    0    0     0  0.0000E+00
   0.1000E+03    0    0    0    0    0    0    0    0    0    0    0    0    0    0    0    0    0    0    0    0     0  0.0000E+00
   0.1212E+03    0    0    0    0    0    0    0    0    0    0    0    0    0    0    0    0    0    0    0    0     0  0.0000E+00
   0.1468E+03    0    0    0    0    0    0    0    0    0    0    0    0    0    0    0    0    0    0    0    0     0  0.0000E+00
   0.1778E+03    0    0    0    0    0    0    0    0    0    0    0    0    0    0    0    0    0    0    0    0     0  0.0000E+00
   0.2154E+03    0    0    0    0    0    0    0    0    0    0    0    0    0    0    0    0    0    0    0    0     0  0.0000E+00
   0.2610E+03    0    0    0    0    0    0    0    0    0    0    0    0    0    0    0    0    0    0    0    0     0  0.0000E+00
   0.3162E+03    0    0    0    0    0    0    0    0    0    0    0    0    0    0    0    0    0    0    0    0     0  0.0000E+00
   0.3831E+03    0    0    0    0    0    0    0    0    0    0    0    0    0    0    0    0    0    0    0    0     0  0.0000E+00
   0.4642E+03    0    0    0    0    0    0    0    0    0    0    0    0    0    0    0    0    0    0    0    0     0  0.0000E+00
   0.5623E+03    0    0    0    0    0    0    0    0    0    0    0    0    0    0    0    0    0    0    0    0     0  0.0000E+00
   0.6813E+03    0    0    0    0    0    0    0    0    0    0    0    0    0    0    0    0    0    0    0    0     0  0.0000E+00
   0.8254E+03    0    0    0    0    0    0    0    0    0    0    0    0    0    0    0    0    0    0    0    0     0  0.0000E+00
   0.1000E+04    0    0    0    0    0    0    0    0    0    0    0    0    0    0    0    0    0    0    0    0     0  0.0000E+00
   0.1212E+04    0    0    0    0    0    0    0    0    0    0    0    0    0    0    0    0    0    0    0    0     0  0.0000E+00
   0.1468E+04    0    0    0    0    0    0    0    0    0    0    0    0    0    0    0    0    0    0    0    0     0  0.0000E+00
   0.1778E+04    0    0    0    0    0    0    0    0    0    0    0    0    0    0    0    0    0    0    0    0     0  0.0000E+00
   0.2154E+04    0    0    0    0    0    0    0    0    0    0    0    0    0    0    0    0    0    0    0    0     0  0.0000E+00
   0.2610E+04    0    0    0    0    0    0    0    0    0    0    0    0    0    0    0    0    0    0    0    0     0  0.0000E+00
   0.3162E+04    0    0    0    0    0    0    0    0    0    0    0    0    0    0    0    0    0    0    0    0     0  0.0000E+00
   0.3831E+04    0    0    0    0    0    0    0    0    0    0    0    0    0    0    0    0    0    0    0    0     0  0.0000E+00
   0.4642E+04    0    0    0    0    0    0    0    0    0    0    0    0    0    0    0    0    0    0    0    0     0  0.0000E+00
   0.5623E+04    0    0    0    0    0    0    0    0    0    0    0    0    0    0    0    0    0    0    0    0     0  0.0000E+00
   0.6813E+04    0    0    0    0    0    0    0    0    0    0    0    0    0    0    0    0    0    0    0    0     0  0.0000E+00
   0.8254E+04    0    0    0    0    0    0    0    0    0    0    0    0    0    0    0    0    0    0    0    0     0  0.0000E+00
   0.1000E+05    0    0    0    0    0    0    0    0    0    0    0    0    0    0    0    0    0    0    0    0     0  0.0000E+00
   0.1212E+05    0    0    0    0    0    0    0    0    0    0    0    0    0    0    0    0    0    0    0    0     0  0.0000E+00
   0.1468E+05    0    0    0    0    0    0    0    0    0    0    0    0    0    0    0    0    0    0    0    0     0  0.0000E+00
   0.1778E+05    0    0    0    0    0    0    0    0    0    0    0    0    0    0    0    0    0    0    0    0     0  0.0000E+00
   0.2154E+05    0    0    0    0    0    0    0    0    0    0    0    0    0    0    0    0    0    0    0    0     0  0.0000E+00
   0.2610E+05    0    0    0    0    0    0    0    0    0    0    0    0    0    0    0    0    0    0    0    0     0  0.0000E+00
   0.3162E+05    0    0    0    0    0    0    0    0    0    0    0    0    0    0    0    0    0    0    0    0     0  0.0000E+00
   0.3831E+05    0    0    0    0    0    0    0    0    0    0    0    0    0    0    0    0    0    0    0    0     0  0.0000E+00
   0.4642E+05    0    0    0    0    0    0    0    0    0    0    0    0    0    0    0    0    0    0    0    0     0  0.0000E+00
   0.5623E+05    0    0    0    0    0    0    0    0    0    0    0    0    0    0    0    0    0    0    0    0     0  0.0000E+00
   0.6813E+05    0    0    0    0    0    0    0    0    0    0    0    0    0    0    0    0    0    0    0    0     0  0.0000E+00
   0.8254E+05    0    0    0    0    0    0    0    0    0    0    0    0    0    0    0    0    0    0    0    0     0  0.0000E+00
   0.1000E+06    0    0    0    0    0    0    0    0    0    0    0    0    0    0    0    0    0    0    0    0     0  0.0000E+00
   0.0000E+00  170  572  972 1350 1916 2373 2935 3440 3998 4690 5140 5510 5793 6447 6696 7132 7219 7623 7756 8306 90038  0.0000E+00
1ENERGY(E/E0 IN %) - POLAR ANGLE IN COS-INTERVALS (0.05)  (BACKWARD SPUTTERED PARTICLES) , 1.LAYER , SPECIES 1

     0    1    2    3    4    5    6    7    8    9   10   11   12   13   14   15   16   17   18   19   20      0
     1   64  198  332  446  625  784  967 1059 1220 1465 1579 1667 1799 2020 2146 2361 2489 2635 2733 3061  29650
     2    8   62   99  137  201  237  262  340  391  446  526  562  558  638  615  649  640  687  718  679   8455
     3    8   15   28   35   57   79  105  148  164  188  209  249  246  264  276  247  238  267  223  242   3288
     4    2    6   10   24   38   40   47   75   92   96  105  110  115  118  134  138  103  104  100   88   1545
     5    1    3    9   16   12   22   37   33   57   52   40   67   52   67   56   57   63   56   53   45    798
     6    1    2    5    9   12   13   18   24   29   35   51   37   50   45   44   43   36   25   24   18    521
     7    0    0    1    4    5    3   14   19   17   23   25   17   29   24   21   25   19   17   13   13    289
     8    0    0    0    1    4    3    5    4   11   12   13   14   21   17   17   20    9    4    9    2    166
     9    0    0    0    0    1    4    6    5    3   16    6   16    9   12   14   11    4    5    3    0    115
    10    0    0    1    1    1    2    2    2    5    4    8    8    6    7    5    8    5    6    1    2     74
    11    0    0    0    1    0    0    3    5    5    5    3    2    7    4   10    1    1    1    2    1     51
    12    1    0    0    0    0    0    0    3    0    0    1    2    4    5    1    2    1    1    0    1     22
    13    0    0    0    0    2    0    0    1    2    1    2    1    0    0    4    1    2    2    0    0     18
    14    0    0    1    1    0    0    0    1    0    0    0    0    0    0    1    2    0    1    0    0      7
    15    0    0    0    0    0    0    2    0    1    1    2    0    1    1    3    0    0    1    0    1     13
    16    0    0    0    0    0    0    0    0    1    0    1    1    0    0    0    2    0    0    0    0      5
    17    0    0    0    0    0    0    0    1    0    0    0    1    0    1    1    0    0    0    0    0      4
    18    0    0    0    0    0    0    0    0    0    0    0    1    0    1    0    0    0    0    0    0      2
    19    0    0    0    0    0    0    0    0    0    1    0    0    0    0    0    0    0    0    0    0      1
    20    0    0    0    0    0    0    0    0    1    0    0    0    0    0    0    0    0    0    0    0      1
    21    0    0    0    0    0    0    0    0    0    0    0    0    0    0    0    0    0    0    0    0      0
    22    0    0    0    0    0    0    0    0    0    0    0    0    1    0    0    0    0    0    0    0      1
    23    0    0    0    0    0    0    0    0    0    0    0    0    0    0    0    0    0    0    0    0      0
    24    0    0    0    0    0    0    0    0    0    0    0    0    0    0    0    0    0    0    0    0      0
    25    0    0    0    0    0    0    0    0    0    0    0    0    0    0    0    0    0    0    0    0      0
    26    0    0    0    0    0    0    0    0    0    0    0    0    0    0    0    0    0    0    0    0      0
    27    0    0    0    0    0    0    0    0    0    0    0    0    0    0    0    0    0    0    0    0      0
    28    0    0    0    0    0    0    0    0    0    0    0    0    0    0    0    0    0    0    0    0      0
    29    0    0    0    0    0    0    0    0    0    0    0    0    0    0    0    0    0    0    0    0      0
    30    0    0    0    0    0    0    0    0    0    0    0    0    0    0    0    0    0    0    0    0      0
    31    0    0    0    0    0    0    0    0    0    0    0    0    0    0    0    0    0    0    0    0      0
    32    0    0    0    0    0    0    0    0    0    0    0    0    0    0    0    0    0    0    0    0      0
    33    0    0    0    0    0    0    0    0    0    0    0    0    0    0    0    0    0    0    0    0      0
    34    0    0    0    0    0    0    0    0    0    0    0    0    0    0    0    0    0    0    0    0      0
    35    0    0    0    0    0    0    0    0    0    0    0    0    0    0    0    0    0    0    0    0      0
    36    0    0    0    0    0    0    0    0    0    0    0    0    0    0    0    0    0    0    0    0      0
    37    0    0    0    0    0    0    0    0    0    0    0    0    0    0    0    0    0    0    0    0      0
    38    0    0    0    0    0    0    0    0    0    0    0    0    0    0    0    0    0    0    0    0      0
    39    0    0    0    0    0    0    0    0    0    0    0    0    0    0    0    0    0    0    0    0      0
    40    0    0    0    0    0    0    0    0    0    0    0    0    0    0    0    0    0    0    0    0      0
    41    0    0    0    0    0    0    0    0    0    0    0    0    0    0    0    0    0    0    0    0      0
    42    0    0    0    0    0    0    0    0    0    0    0    0    0    0    0    0    0    0    0    0      0
    43    0    0    0    0    0    0    0    0    0    0    0    0    0    0    0    0    0    0    0    0      0
    44    0    0    0    0    0    0    0    0    0    0    0    0    0    0    0    0    0    0    0    0      0
    45    0    0    0    0    0    0    0    0    0    0    0    0    0    0    0    0    0    0    0    0      0
    46    0    0    0    0    0    0    0    0    0    0    0    0    0    0    0    0    0    0    0    0      0
    47    0    0    0    0    0    0    0    0    0    0    0    0    0    0    0    0    0    0    0    0      0
    48    0    0    0    0    0    0    0    0    0    0    0    0    0    0    0    0    0    0    0    0      0
    49    0    0    0    0    0    0    0    0    0    0    0    0    0    0    0    0    0    0    0    0      0
    50    0    0    0    0    0    0    0    0    0    0    0    0    0    0    0    0    0    0    0    0      0
    51    0    0    0    0    0    0    0    0    0    0    0    0    0    0    0    0    0    0    0    0      0
    52    0    0    0    0    0    0    0    0    0    0    0    0    0    0    0    0    0    0    0    0      0
    53    0    0    0    0    0    0    0    0    0    0    0    0    0    0    0    0    0    0    0    0      0
    54    0    0    0    0    0    0    0    0    0    0    0    0    0    0    0    0    0    0    0    0      0
    55    0    0    0    0    0    0    0    0    0    0    0    0    0    0    0    0    0    0    0    0      0
    56    0    0    0    0    0    0    0    0    0    0    0    0    0    0    0    0    0    0    0    0      0
    57    0    0    0    0    0    0    0    0    0    0    0    0    0    0    0    0    0    0    0    0      0
    58    0    0    0    0    0    0    0    0    0    0    0    0    0    0    0    0    0    0    0    0      0
    59    0    0    0    0    0    0    0    0    0    0    0    0    0    0    0    0    0    0    0    0      0
    60    0    0    0    0    0    0    0    0    0    0    0    0    0    0    0    0    0    0    0    0      0
    61    0    0    0    0    0    0    0    0    0    0    0    0    0    0    0    0    0    0    0    0      0
    62    0    0    0    0    0    0    0    0    0    0    0    0    0    0    0    0    0    0    0    0      0
    63    0    0    0    0    0    0    0    0    0    0    0    0    0    0    0    0    0    0    0    0      0
    64    0    0    0    0    0    0    0    0    0    0    0    0    0    0    0    0    0    0    0    0      0
    65    0    0    0    0    0    0    0    0    0    0    0    0    0    0    0    0    0    0    0    0      0
    66    0    0    0    0    0    0    0    0    0    0    0    0    0    0    0    0    0    0    0    0      0
    67    0    0    0    0    0    0    0    0    0    0    0    0    0    0    0    0    0    0    0    0      0
    68    0    0    0    0    0    0    0    0    0    0    0    0    0    0    0    0    0    0    0    0      0
    69    0    0    0    0    0    0    0    0    0    0    0    0    0    0    0    0    0    0    0    0      0
    70    0    0    0    0    0    0    0    0    0    0    0    0    0    0    0    0    0    0    0    0      0
    71    0    0    0    0    0    0    0    0    0    0    0    0    0    0    0    0    0    0    0    0      0
    72    0    0    0    0    0    0    0    0    0    0    0    0    0    0    0    0    0    0    0    0      0
    73    0    0    0    0    0    0    0    0    0    0    0    0    0    0    0    0    0    0    0    0      0
    74    0    0    0    0    0    0    0    0    0    0    0    0    0    0    0    0    0    0    0    0      0
    75    0    0    0    0    0    0    0    0    0    0    0    0    0    0    0    0    0    0    0    0      0
    76    0    0    0    0    0    0    0    0    0    0    0    0    0    0    0    0    0    0    0    0      0
    77    0    0    0    0    0    0    0    0    0    0    0    0    0    0    0    0    0    0    0    0      0
    78    0    0    0    0    0    0    0    0    0    0    0    0    0    0    0    0    0    0    0    0      0
    79    0    0    0    0    0    0    0    0    0    0    0    0    0    0    0    0    0    0    0    0      0
    80    0    0    0    0    0    0    0    0    0    0    0    0    0    0    0    0    0    0    0    0      0
    81    0    0    0    0    0    0    0    0    0    0    0    0    0    0    0    0    0    0    0    0      0
    82    0    0    0    0    0    0    0    0    0    0    0    0    0    0    0    0    0    0    0    0      0
    83    0    0    0    0    0    0    0    0    0    0    0    0    0    0    0    0    0    0    0    0      0
    84    0    0    0    0    0    0    0    0    0    0    0    0    0    0    0    0    0    0    0    0      0
    85    0    0    0    0    0    0    0    0    0    0    0    0    0    0    0    0    0    0    0    0      0
    86    0    0    0    0    0    0    0    0    0    0    0    0    0    0    0    0    0    0    0    0      0
    87    0    0    0    0    0    0    0    0    0    0    0    0    0    0    0    0    0    0    0    0      0
    88    0    0    0    0    0    0    0    0    0    0    0    0    0    0    0    0    0    0    0    0      0
    89    0    0    0    0    0    0    0    0    0    0    0    0    0    0    0    0    0    0    0    0      0
    90    0    0    0    0    0    0    0    0    0    0    0    0    0    0    0    0    0    0    0    0      0
    91    0    0    0    0    0    0    0    0    0    0    0    0    0    0    0    0    0    0    0    0      0
    92    0    0    0    0    0    0    0    0    0    0    0    0    0    0    0    0    0    0    0    0      0
    93    0    0    0    0    0    0    0    0    0    0    0    0    0    0    0    0    0    0    0    0      0
    94    0    0    0    0    0    0    0    0    0    0    0    0    0    0    0    0    0    0    0    0      0
    95    0    0    0    0    0    0    0    0    0    0    0    0    0    0    0    0    0    0    0    0      0
    96    0    0    0    0    0    0    0    0    0    0    0    0    0    0    0    0    0    0    0    0      0
    97    0    0    0    0    0    0    0    0    0    0    0    0    0    0    0    0    0    0    0    0      0
    98    0    0    0    0    0    0    0    0    0    0    0    0    0    0    0    0    0    0    0    0      0
    99    0    0    0    0    0    0    0    0    0    0    0    0    0    0    0    0    0    0    0    0      0
   100    0    0    0    0    0    0    0    0    0    0    0    0    0    0    0    0    0    0    0    0      0
     0   85  286  486  675  958 1187 1468 1720 1999 2345 2571 2755 2898 3224 3348 3567 3610 3812 3879 4153  45026
1AZIMUTHAL ANGLE - POLAR ANGLE IN COS-INTERVALS (0.05) (BACKWARD SPUTTERED PARTICLES) , 1.LAYER , SPECIES 1

     0    1    2    3    4    5    6    7    8    9   10   11   12   13   14   15   16   17   18   19   20      0
     3    1    7    8   12    9   23   15   35   30   49   47   47   69   56   47   48   52   53   56   71    735
     6    1    3    9    8   17   23   26   34   38   25   37   45   47   54   46   49   70   57   67   74    730
     9    1    5    7    5   20   20   24   21   24   36   40   39   43   50   52   57   70   71   57   83    725
    12    2    0   10   10   18   17   18   26   36   39   31   48   57   41   47   75   48   60   68   54    705
    15    1    4    3   15   15   19   25   28   41   41   63   36   44   55   59   52   63   79   65   57    765
    18    1    5   11   16   18   14   32   27   31   54   33   62   52   48   54   53   71   59   69   77    787
    21    4    5    3    7   12   21   25   42   39   33   49   32   51   52   54   60   48   61   63   80    741
    24    3    3    7   14   14   14   25   28   41   32   39   49   55   47   59   57   58   71   64   67    747
    27    0    4    7   11   19   23   24   28   37   44   43   42   43   59   46   56   61   76   73   68    764
    30    1    6    8   11   20   20   23   25   39   42   35   49   52   55   54   71   75   56   54   63    759
    33    0    0   12   11   13   18   26   23   42   41   40   52   44   55   47   73   67   67   74   64    769
    36    3    7    4   14   15   18   25   28   35   38   39   46   57   48   55   59   66   60   58   90    765
    39    1    4   11   11   25   25   29   21   26   60   43   58   48   54   49   56   57   55   84   79    796
    42    1    7   10   15   21   21   22   30   43   48   43   47   42   44   60   70   52   67   56   63    762
    45    3    6    9   10   16   17   24   37   36   44   40   56   58   64   61   59   70   50   69   60    789
    48    2    8    2   10   13   21   24   34   33   39   52   40   44   61   44   57   55   60   75   79    753
    51    2    3   11   14   17   30   22   25   34   42   46   46   44   56   66   60   58   82   67   75    800
    54    2    5   18   14   13   20   21   26   43   37   42   42   52   63   44   58   62   60   58   83    763
    57    4    3   11   11   16   17   29   29   25   33   57   38   45   58   51   62   64   74   61   63    751
    60    0    4    6    5   18   11   28   36   39   49   39   58   48   48   53   55   70   66   55   79    767
    63    2    5    3   14   13   19   28   31   35   30   45   47   36   56   60   44   55   61   73   68    725
    66    1   10    9   16    9   11   28   27   31   37   48   38   47   49   54   80   51   69   69   55    739
    69    1    6    4   14   15   21   33   29   29   36   40   41   42   46   48   60   68   63   52   68    716
    72    1    5    9    6   13   28   31   28   40   45   51   49   41   46   70   55   47   58   72   76    771
    75    1    7    9   10   16   14   19   32   35   35   43   43   42   57   59   70   64   66   56   82    760
    78    1    5   10   15   10   17   39   28   22   34   57   42   50   59   69   67   61   79   67   69    801
    81    0    4    6   16    9   26   22   23   26   33   44   40   58   51   61   58   56   68   55   56    712
    84    2    6    8   11   18   29   26   23   35   43   47   44   44   56   66   59   65   50   57   75    764
    87    2    5    9   12   21   13   24   29   42   35   45   52   54   52   53   52   57   60   71   66    754
    90    2    4    6   13   18   24   21   25   37   25   54   55   50   53   61   64   69   65   74   82    802
    93    0    4    7   16   16   17   23   31   32   50   39   49   53   52   55   55   60   64   66   77    766
    96    2    6    6   11   16   25   33   36   27   50   46   58   39   67   51   75   39   69   65   82    803
    99    2    3   10   14   21   28   20   26   33   39   43   44   49   49   59   51   58   69   82   70    770
   102    1    7    7   14   17   24   24   23   37   38   37   48   55   46   68   61   71   70   59   81    788
   105    4    5   10    7   21   18   19   32   33   39   44   37   46   59   59   63   57   69   63   77    762
   108    0    4    6    8   22   21   27   24   28   39   49   52   50   57   58   51   66   60   66   71    759
   111    0    7   11   12   10   19   25   18   35   41   36   42   53   58   59   62   59   60   62   77    746
   114    2    6    9   12   12   16   22   34   31   42   43   53   61   54   48   50   67   62   68   66    758
   117    0    4   13   10   11   26   25   26   32   41   36   49   44   43   45   54   55   68   61   62    705
   120    2    5   10    9   14   13   24   19   25   37   46   67   39   47   63   67   62   59   77   62    747
   123    0    5    8   11   19   17   26   37   34   31   38   53   48   57   62   55   66   81   64   70    782
   126    3    7    9    7   19   16   27   24   30   28   46   50   48   68   48   58   47   75   67   52    729
   129    2    4    4    7   19   19   24   37   37   30   39   34   41   50   56   55   67   57   61   83    726
   132    0    3    7    3   17   28   22   29   26   33   41   43   45   56   49   45   64   58   70   61    700
   135    3    4    7   12   13   22   28   32   37   30   42   47   53   47   53   55   55   46   65   66    717
   138    1    5    9    8   13   18   22   28   33   46   34   39   51   60   72   46   65   55   65   55    725
   141    3    4   10   11   17   17   23   23   41   49   51   42   43   47   55   55   67   63   72   78    771
   144    1    5    6   11   17   15   23   31   38   37   45   36   45   58   59   60   66   54   69   70    746
   147    2    3    7   15   17   18   21   31   24   44   36   40   46   54   70   56   63   61   53   62    723
   150    0    4    7   12   11   20   25   32   31   43   57   47   44   63   57   77   58   61   65   74    788
   153    0    6    7   10   15   12   23   33   32   35   32   48   55   48   50   65   63   59   61   55    709
   156    0    7   11    8   22   21   24   31   36   36   36   34   56   58   56   60   57   59   76   54    742
   159    0    2   15   11   19   20   19   29   36   31   40   48   51   52   62   60   58   50   59   64    726
   162    2    8   12   11   22   17   22   32   31   33   42   42   27   63   52   63   59   57   50   73    718
   165    0    3    6    9   21   24   23   31   29   40   40   53   51   55   62   63   63   60   55   62    750
   168    4    4    8   12   10   17   27   27   27   41   54   44   51   71   46   63   53   62   54   79    754
   171    0    3    6   13   17   19   27   29   31   44   36   34   43   36   49   57   59   73   61   63    700
   174    1    4    8    9    9   28   22   24   31   39   34   42   51   61   50   52   48   53   70   62    698
   177    2    5    4   14   15   16   19   25   34   39   45   44   50   49   66   70   60   90   57   64    768
   180    2    3    6   17   15   22   21   28   24   41   32   53   51   46   60   67   48   65   77   55    733
     0   85  286  486  675  958 1187 1468 1720 1999 2345 2571 2755 2898 3224 3348 3567 3610 3812 3879 4153  45026
